[2019-04-11T07:51:50.603][Master] Starting...
[2019-04-11T07:51:50.813][Master] => Created registry
[2019-04-11T07:51:51.006][Master] => Bind ECG history
[2019-04-11T07:51:51.006][Master] RMI Registry started!
[2019-04-11T07:51:51.006][Master] Use Crtl+C to stop the server
--------------------------------------------------------------------------------------------

[2019-04-11T07:51:51.957][Master] Registered ReplicaA
[2019-04-11T07:51:52.085][Master] Registered //10.156.0.2/ReplicaA
[2019-04-11T07:51:52.273][Master] Registered ReplicaB
[2019-04-11T07:51:52.314][Master] Registered //10.156.0.2/ReplicaB
[2019-04-11T07:51:55.587][Master] Registered ReplicaC
[2019-04-11T07:51:56.556][Master] Registered //10.156.0.2/ReplicaC
[2019-04-11T07:51:59.262][Master] Registered ReplicaD
[2019-04-11T07:51:59.758][Master] Registered ReplicaE
[2019-04-11T07:52:00.217][Master] Registered //10.156.0.2/ReplicaD
[2019-04-11T07:52:00.242][Master] Registered //10.156.0.2/ReplicaE
[2019-04-11T07:52:01.259][Master] Registered ReplicaF
[2019-04-11T07:52:01.726][Master] Registered //10.156.0.2/ReplicaF
[2019-04-11T07:52:15.197][Master] Write ECG writelog: WriteLogItem(1554969134835,D,WriteOperation(y,+,1))
[2019-04-11T07:52:15.430][Master] Read ECG writelog
[2019-04-11T07:52:18.445][Master] Write ECG writelog: WriteLogItem(1554969138435,A,WriteOperation(x,+,1))
[2019-04-11T07:52:18.447][Master] Read ECG writelog
[2019-04-11T07:52:20.596][Master] Write ECG writelog: WriteLogItem(1554969140594,A,WriteOperation(x,+,1))
[2019-04-11T07:52:20.599][Master] Read ECG writelog
[2019-04-11T07:52:23.954][Master] Write ECG writelog: WriteLogItem(1554969143788,E,WriteOperation(z,+,1))
[2019-04-11T07:52:24.061][Master] Read ECG writelog
[2019-04-11T07:52:25.832][Master] Write ECG writelog: WriteLogItem(1554969145822,B,WriteOperation(z,+,1))
[2019-04-11T07:52:25.835][Master] Read ECG writelog
[2019-04-11T07:52:28.378][Master] Write ECG writelog: WriteLogItem(1554969148375,B,WriteOperation(y,+,1))
[2019-04-11T07:52:28.380][Master] Read ECG writelog
[2019-04-11T07:52:35.979][Master] Write ECG writelog: WriteLogItem(1554969155395,C,WriteOperation(y,+,1))
[2019-04-11T07:52:36.211][Master] Read ECG writelog
[2019-04-11T07:52:43.639][Master] Write ECG writelog: WriteLogItem(1554969163292,C,WriteOperation(y,+,1))
[2019-04-11T07:52:43.869][Master] Read ECG writelog
[2019-04-11T07:52:50.176][Master] Write ECG writelog: WriteLogItem(1554969169600,D,WriteOperation(x,+,1))
[2019-04-11T07:52:50.407][Master] Read ECG writelog
[2019-04-11T07:52:53.836][Master] Write ECG writelog: WriteLogItem(1554969173831,B,WriteOperation(z,+,1))
[2019-04-11T07:52:53.841][Master] Read ECG writelog
[2019-04-11T07:53:01.110][Master] Write ECG writelog: WriteLogItem(1554969180764,D,WriteOperation(y,+,1))
[2019-04-11T07:53:01.341][Master] Read ECG writelog
[2019-04-11T07:53:07.350][Master] Write ECG writelog: WriteLogItem(1554969187005,D,WriteOperation(z,+,1))
[2019-04-11T07:53:07.581][Master] Read ECG writelog
[2019-04-11T07:53:09.569][Master] Write ECG writelog: WriteLogItem(1554969189564,B,WriteOperation(y,+,1))
[2019-04-11T07:53:09.571][Master] Read ECG writelog
[2019-04-11T07:53:12.787][Master] Write ECG writelog: WriteLogItem(1554969192517,E,WriteOperation(y,+,1))
[2019-04-11T07:53:12.895][Master] Read ECG writelog
[2019-04-11T07:53:21.146][Master] Write ECG writelog: WriteLogItem(1554969200986,E,WriteOperation(x,+,1))
[2019-04-11T07:53:21.253][Master] Read ECG writelog
[2019-04-11T07:53:27.762][Master] Write ECG writelog: WriteLogItem(1554969207184,C,WriteOperation(y,+,1))
[2019-04-11T07:53:27.995][Master] Read ECG writelog
[2019-04-11T07:53:33.895][Master] Write ECG writelog: WriteLogItem(1554969213549,D,WriteOperation(x,+,1))
[2019-04-11T07:53:34.130][Master] Read ECG writelog
[2019-04-11T07:53:41.313][Master] Write ECG writelog: WriteLogItem(1554969220967,C,WriteOperation(z,+,1))
[2019-04-11T07:53:41.544][Master] Read ECG writelog
[2019-04-11T07:53:44.598][Master] Write ECG writelog: WriteLogItem(1554969224594,B,WriteOperation(y,+,1))
[2019-04-11T07:53:44.603][Master] Read ECG writelog
[2019-04-11T07:53:51.985][Master] Write ECG writelog: WriteLogItem(1554969231718,E,WriteOperation(x,+,1))
[2019-04-11T07:53:52.094][Master] Read ECG writelog
[2019-04-11T07:53:57.198][Master] Write ECG writelog: WriteLogItem(1554969237039,E,WriteOperation(x,+,1))
[2019-04-11T07:53:57.305][Master] Read ECG writelog
[2019-04-11T07:54:03.344][Master] Write ECG writelog: WriteLogItem(1554969243335,B,WriteOperation(x,+,1))
[2019-04-11T07:54:03.347][Master] Read ECG writelog
[2019-04-11T07:54:09.532][Master] Write ECG writelog: WriteLogItem(1554969248956,D,WriteOperation(z,+,1))
[2019-04-11T07:54:09.763][Master] Read ECG writelog
[2019-04-11T07:54:14.247][Master] Write ECG writelog: WriteLogItem(1554969254087,E,WriteOperation(y,+,1))
[2019-04-11T07:54:14.354][Master] Read ECG writelog
[2019-04-11T07:54:24.028][Master] Write ECG writelog: WriteLogItem(1554969263451,C,WriteOperation(x,+,1))
[2019-04-11T07:54:24.259][Master] Read ECG writelog
[2019-04-11T07:54:31.043][Master] Write ECG writelog: WriteLogItem(1554969270697,C,WriteOperation(x,+,1))
[2019-04-11T07:54:31.275][Master] Read ECG writelog
[2019-04-11T07:54:34.141][Master] Write ECG writelog: WriteLogItem(1554969274137,A,WriteOperation(x,+,1))
[2019-04-11T07:54:34.144][Master] Read ECG writelog
[2019-04-11T07:54:38.419][Master] Write ECG writelog: WriteLogItem(1554969278415,B,WriteOperation(y,+,1))
[2019-04-11T07:54:38.421][Master] Read ECG writelog
[2019-04-11T07:54:42.924][Master] Write ECG writelog: WriteLogItem(1554969282922,B,WriteOperation(x,+,1))
[2019-04-11T07:54:42.925][Master] Read ECG writelog
[2019-04-11T07:54:50.413][Master] Write ECG writelog: WriteLogItem(1554969290067,C,WriteOperation(z,+,1))
[2019-04-11T07:54:50.643][Master] Read ECG writelog
[2019-04-11T07:54:54.406][Master] Write ECG writelog: WriteLogItem(1554969294138,F,WriteOperation(y,+,1))
[2019-04-11T07:54:54.515][Master] Read ECG writelog
[2019-04-11T07:55:05.960][Master] Write ECG writelog: WriteLogItem(1554969305613,C,WriteOperation(x,+,1))
[2019-04-11T07:55:06.190][Master] Read ECG writelog
[2019-04-11T07:55:15.657][Master] Write ECG writelog: WriteLogItem(1554969315654,B,WriteOperation(x,+,1))
[2019-04-11T07:55:15.662][Master] Read ECG writelog
[2019-04-11T07:55:19.935][Master] Write ECG writelog: WriteLogItem(1554969319671,E,WriteOperation(z,+,1))
[2019-04-11T07:55:20.042][Master] Read ECG writelog
[2019-04-11T07:55:27.897][Master] Write ECG writelog: WriteLogItem(1554969327320,C,WriteOperation(y,+,1))
[2019-04-11T07:55:28.129][Master] Read ECG writelog
[2019-04-11T07:55:31.087][Master] Write ECG writelog: WriteLogItem(1554969331085,B,WriteOperation(x,+,1))
[2019-04-11T07:55:31.089][Master] Read ECG writelog
[2019-04-11T07:55:33.995][Master] Write ECG writelog: WriteLogItem(1554969333993,B,WriteOperation(z,+,1))
[2019-04-11T07:55:33.996][Master] Read ECG writelog
[2019-04-11T07:55:35.843][Master] Write ECG writelog: WriteLogItem(1554969335842,B,WriteOperation(x,+,1))
[2019-04-11T07:55:35.847][Master] Read ECG writelog
[2019-04-11T07:55:41.632][Master] Write ECG writelog: WriteLogItem(1554969341367,F,WriteOperation(y,+,1))
[2019-04-11T07:55:41.741][Master] Read ECG writelog
[2019-04-11T07:55:52.309][Master] Write ECG writelog: WriteLogItem(1554969351962,C,WriteOperation(z,+,1))
[2019-04-11T07:55:52.540][Master] Read ECG writelog
[2019-04-11T07:56:00.056][Master] Write ECG writelog: WriteLogItem(1554969359481,D,WriteOperation(z,+,1))
[2019-04-11T07:56:00.287][Master] Read ECG writelog
[2019-04-11T07:56:08.161][Master] Write ECG writelog: WriteLogItem(1554969367814,C,WriteOperation(x,+,1))
[2019-04-11T07:56:08.392][Master] Read ECG writelog
[2019-04-11T07:56:15.782][Master] Write ECG writelog: WriteLogItem(1554969375434,C,WriteOperation(x,+,1))
[2019-04-11T07:56:16.013][Master] Read ECG writelog
[2019-04-11T07:56:23.922][Master] Write ECG writelog: WriteLogItem(1554969383575,C,WriteOperation(z,+,1))
[2019-04-11T07:56:24.153][Master] Read ECG writelog
[2019-04-11T07:56:31.273][Master] Write ECG writelog: WriteLogItem(1554969390698,D,WriteOperation(x,+,1))
[2019-04-11T07:56:31.504][Master] Read ECG writelog
[2019-04-11T07:56:39.932][Master] Write ECG writelog: WriteLogItem(1554969399928,B,WriteOperation(x,+,1))
[2019-04-11T07:56:39.937][Master] Read ECG writelog
[2019-04-11T07:56:42.953][Master] Write ECG writelog: WriteLogItem(1554969402949,A,WriteOperation(x,+,1))
[2019-04-11T07:56:42.956][Master] Read ECG writelog
[2019-04-11T07:56:51.429][Master] Write ECG writelog: WriteLogItem(1554969410852,C,WriteOperation(z,+,1))
[2019-04-11T07:56:51.660][Master] Read ECG writelog
[2019-04-11T07:56:54.285][Master] Write ECG writelog: WriteLogItem(1554969414283,A,WriteOperation(y,+,1))
[2019-04-11T07:56:54.289][Master] Read ECG writelog
[2019-04-11T07:57:02.379][Master] Write ECG writelog: WriteLogItem(1554969422034,C,WriteOperation(y,+,1))
[2019-04-11T07:57:02.609][Master] Read ECG writelog
[2019-04-11T07:57:14.362][Master] Write ECG writelog: WriteLogItem(1554969434017,C,WriteOperation(y,+,1))
[2019-04-11T07:57:14.593][Master] Read ECG writelog
[2019-04-11T07:57:16.584][Master] Write ECG writelog: WriteLogItem(1554969436581,B,WriteOperation(y,+,1))
[2019-04-11T07:57:16.586][Master] Read ECG writelog
[2019-04-11T07:57:18.953][Master] Write ECG writelog: WriteLogItem(1554969438952,B,WriteOperation(y,+,1))
[2019-04-11T07:57:18.958][Master] Read ECG writelog
[2019-04-11T07:57:23.214][Master] Write ECG writelog: WriteLogItem(1554969442949,F,WriteOperation(z,+,1))
[2019-04-11T07:57:23.321][Master] Read ECG writelog
[2019-04-11T07:57:30.939][Master] Write ECG writelog: WriteLogItem(1554969450359,D,WriteOperation(y,+,1))
[2019-04-11T07:57:31.170][Master] Read ECG writelog
[2019-04-11T07:57:37.259][Master] Write ECG writelog: WriteLogItem(1554969456681,C,WriteOperation(z,+,1))
[2019-04-11T07:57:37.490][Master] Read ECG writelog
[2019-04-11T07:57:39.259][Master] Write ECG writelog: WriteLogItem(1554969459257,B,WriteOperation(z,+,1))
[2019-04-11T07:57:39.260][Master] Read ECG writelog
[2019-04-11T07:57:42.230][Master] Write ECG writelog: WriteLogItem(1554969462227,B,WriteOperation(x,+,1))
[2019-04-11T07:57:42.231][Master] Read ECG writelog
[2019-04-11T07:57:43.841][Master] Write ECG writelog: WriteLogItem(1554969463837,A,WriteOperation(y,+,1))
[2019-04-11T07:57:43.849][Master] Read ECG writelog
[2019-04-11T07:57:45.732][Master] Write ECG writelog: WriteLogItem(1554969465731,B,WriteOperation(z,+,1))
[2019-04-11T07:57:45.733][Master] Read ECG writelog
[2019-04-11T07:57:48.852][Master] Write ECG writelog: WriteLogItem(1554969468851,B,WriteOperation(z,+,1))
[2019-04-11T07:57:48.856][Master] Read ECG writelog
[2019-04-11T07:57:56.378][Master] Write ECG writelog: WriteLogItem(1554969476031,D,WriteOperation(y,+,1))
[2019-04-11T07:57:56.608][Master] Read ECG writelog
[2019-04-11T07:58:00.955][Master] Write ECG writelog: WriteLogItem(1554969480689,F,WriteOperation(z,+,1))
[2019-04-11T07:58:01.061][Master] Read ECG writelog
[2019-04-11T07:58:05.078][Master] Write ECG writelog: WriteLogItem(1554969484919,F,WriteOperation(z,+,1))
[2019-04-11T07:58:05.185][Master] Read ECG writelog
[2019-04-11T07:58:11.997][Master] Write ECG writelog: WriteLogItem(1554969491652,D,WriteOperation(x,+,1))
[2019-04-11T07:58:12.227][Master] Read ECG writelog
[2019-04-11T07:58:20.824][Master] Write ECG writelog: WriteLogItem(1554969500559,E,WriteOperation(y,+,1))
[2019-04-11T07:58:20.932][Master] Read ECG writelog
[2019-04-11T07:58:32.853][Master] Write ECG writelog: WriteLogItem(1554969512277,C,WriteOperation(z,+,1))
[2019-04-11T07:58:33.084][Master] Read ECG writelog
[2019-04-11T07:58:37.334][Master] Write ECG writelog: WriteLogItem(1554969517065,F,WriteOperation(x,+,1))
[2019-04-11T07:58:37.441][Master] Read ECG writelog
[2019-04-11T07:58:47.601][Master] Write ECG writelog: WriteLogItem(1554969527254,C,WriteOperation(z,+,1))
[2019-04-11T07:58:47.831][Master] Read ECG writelog
[2019-04-11T07:58:50.838][Master] Write ECG writelog: WriteLogItem(1554969530835,B,WriteOperation(y,+,1))
[2019-04-11T07:58:50.840][Master] Read ECG writelog
[2019-04-11T07:58:55.808][Master] Write ECG writelog: WriteLogItem(1554969535648,F,WriteOperation(x,+,1))
[2019-04-11T07:58:55.915][Master] Read ECG writelog
[2019-04-11T07:59:06.083][Master] Write ECG writelog: WriteLogItem(1554969545502,C,WriteOperation(y,+,1))
[2019-04-11T07:59:06.315][Master] Read ECG writelog
[2019-04-11T07:59:12.450][Master] Write ECG writelog: WriteLogItem(1554969552102,C,WriteOperation(y,+,1))
[2019-04-11T07:59:12.681][Master] Read ECG writelog
[2019-04-11T07:59:17.528][Master] Write ECG writelog: WriteLogItem(1554969557368,F,WriteOperation(x,+,1))
[2019-04-11T07:59:17.635][Master] Read ECG writelog
[2019-04-11T07:59:25.908][Master] Write ECG writelog: WriteLogItem(1554969565560,C,WriteOperation(z,+,1))
[2019-04-11T07:59:26.139][Master] Read ECG writelog
[2019-04-11T08:00:02.365][Master] Write ECG writelog: WriteLogItem(1554969602098,E,WriteOperation(y,+,1))
[2019-04-11T08:00:02.473][Master] Read ECG writelog
[2019-04-11T08:00:05.787][Master] Write ECG writelog: WriteLogItem(1554969605627,E,WriteOperation(x,+,1))
[2019-04-11T08:00:05.894][Master] Read ECG writelog
[2019-04-11T08:00:13.412][Master] Write ECG writelog: WriteLogItem(1554969613252,E,WriteOperation(x,+,1))
[2019-04-11T08:00:13.520][Master] Read ECG writelog
[2019-04-11T08:00:18.735][Master] Write ECG writelog: WriteLogItem(1554969618732,A,WriteOperation(x,+,1))
[2019-04-11T08:00:18.738][Master] Read ECG writelog
[2019-04-11T08:00:24.837][Master] Write ECG writelog: WriteLogItem(1554969624571,F,WriteOperation(z,+,1))
[2019-04-11T08:00:24.944][Master] Read ECG writelog
[2019-04-11T08:00:31.829][Master] Write ECG writelog: WriteLogItem(1554969631250,D,WriteOperation(y,+,1))
[2019-04-11T08:00:32.064][Master] Read ECG writelog
[2019-04-11T08:00:38.262][Master] Write ECG writelog: WriteLogItem(1554969637685,C,WriteOperation(x,+,1))
[2019-04-11T08:00:38.493][Master] Read ECG writelog
[2019-04-11T08:00:46.813][Master] Write ECG writelog: WriteLogItem(1554969646809,B,WriteOperation(x,+,1))
[2019-04-11T08:00:46.814][Master] Read ECG writelog
[2019-04-11T08:00:53.603][Master] Write ECG writelog: WriteLogItem(1554969653255,D,WriteOperation(z,+,1))
[2019-04-11T08:00:53.835][Master] Read ECG writelog
[2019-04-11T08:01:04.717][Master] Write ECG writelog: WriteLogItem(1554969664370,D,WriteOperation(y,+,1))
[2019-04-11T08:01:04.949][Master] Read ECG writelog
[2019-04-11T08:01:08.679][Master] Write ECG writelog: WriteLogItem(1554969668413,F,WriteOperation(z,+,1))
[2019-04-11T08:01:08.785][Master] Read ECG writelog
[2019-04-11T08:01:10.817][Master] Write ECG writelog: WriteLogItem(1554969670811,A,WriteOperation(x,+,1))
[2019-04-11T08:01:10.818][Master] Read ECG writelog
[2019-04-11T08:01:12.597][Master] Write ECG writelog: WriteLogItem(1554969672596,A,WriteOperation(x,+,1))
[2019-04-11T08:01:12.600][Master] Read ECG writelog
[2019-04-11T08:01:19.743][Master] Write ECG writelog: WriteLogItem(1554969679395,D,WriteOperation(y,+,1))
[2019-04-11T08:01:19.975][Master] Read ECG writelog
[2019-04-11T08:01:27.616][Master] Write ECG writelog: WriteLogItem(1554969687040,C,WriteOperation(y,+,1))
[2019-04-11T08:01:27.846][Master] Read ECG writelog
[2019-04-11T08:01:31.215][Master] Write ECG writelog: WriteLogItem(1554969691213,B,WriteOperation(z,+,1))
[2019-04-11T08:01:31.217][Master] Read ECG writelog
[2019-04-11T08:01:38.883][Master] Write ECG writelog: WriteLogItem(1554969698536,D,WriteOperation(y,+,1))
[2019-04-11T08:01:39.115][Master] Read ECG writelog
[2019-04-11T08:01:48.292][Master] Write ECG writelog: WriteLogItem(1554969708025,F,WriteOperation(x,+,1))
[2019-04-11T08:01:48.399][Master] Read ECG writelog
[2019-04-11T08:01:56.036][Master] Write ECG writelog: WriteLogItem(1554969715691,C,WriteOperation(y,+,1))
[2019-04-11T08:01:56.267][Master] Read ECG writelog
[2019-04-11T08:02:07.487][Master] Write ECG writelog: WriteLogItem(1554969727140,D,WriteOperation(z,+,1))
[2019-04-11T08:02:07.719][Master] Read ECG writelog
[2019-04-11T08:02:18.441][Master] Write ECG writelog: WriteLogItem(1554969738094,D,WriteOperation(z,+,1))
[2019-04-11T08:02:18.673][Master] Read ECG writelog
[2019-04-11T08:02:24.755][Master] Write ECG writelog: WriteLogItem(1554969744752,A,WriteOperation(y,+,1))
[2019-04-11T08:02:24.760][Master] Read ECG writelog
[2019-04-11T08:02:32.621][Master] Write ECG writelog: WriteLogItem(1554969752045,C,WriteOperation(y,+,1))
[2019-04-11T08:02:32.852][Master] Read ECG writelog
[2019-04-11T08:02:39.844][Master] Write ECG writelog: WriteLogItem(1554969759497,D,WriteOperation(x,+,1))
[2019-04-11T08:02:40.076][Master] Read ECG writelog
[2019-04-11T08:02:48.616][Master] Write ECG writelog: WriteLogItem(1554969768350,F,WriteOperation(z,+,1))
[2019-04-11T08:02:48.723][Master] Read ECG writelog
[2019-04-11T08:02:55.839][Master] Write ECG writelog: WriteLogItem(1554969775493,D,WriteOperation(y,+,1))
[2019-04-11T08:02:56.071][Master] Read ECG writelog
[2019-04-11T08:02:58.608][Master] Write ECG writelog: WriteLogItem(1554969778604,B,WriteOperation(y,+,1))
[2019-04-11T08:02:58.610][Master] Read ECG writelog
[2019-04-11T08:03:01.570][Master] Write ECG writelog: WriteLogItem(1554969781569,B,WriteOperation(x,+,1))
[2019-04-11T08:03:01.575][Master] Read ECG writelog
[2019-04-11T08:03:09.704][Master] Write ECG writelog: WriteLogItem(1554969789357,D,WriteOperation(z,+,1))
[2019-04-11T08:03:09.936][Master] Read ECG writelog
[2019-04-11T08:03:19.134][Master] Write ECG writelog: WriteLogItem(1554969798869,F,WriteOperation(x,+,1))
[2019-04-11T08:03:19.241][Master] Read ECG writelog
[2019-04-11T08:03:26.347][Master] Write ECG writelog: WriteLogItem(1554969805772,C,WriteOperation(z,+,1))
[2019-04-11T08:03:26.577][Master] Read ECG writelog
[2019-04-11T08:03:35.421][Master] Write ECG writelog: WriteLogItem(1554969815156,E,WriteOperation(y,+,1))
[2019-04-11T08:03:35.528][Master] Read ECG writelog
[2019-04-11T08:03:37.539][Master] Write ECG writelog: WriteLogItem(1554969817537,A,WriteOperation(x,+,1))
[2019-04-11T08:03:37.542][Master] Read ECG writelog
[2019-04-11T08:03:43.438][Master] Write ECG writelog: WriteLogItem(1554969823278,E,WriteOperation(y,+,1))
[2019-04-11T08:03:43.546][Master] Read ECG writelog
[2019-04-11T08:03:46.778][Master] Write ECG writelog: WriteLogItem(1554969826619,F,WriteOperation(x,+,1))
[2019-04-11T08:03:46.884][Master] Read ECG writelog
[2019-04-11T08:03:52.704][Master] Write ECG writelog: WriteLogItem(1554969832701,B,WriteOperation(z,+,1))
[2019-04-11T08:03:52.708][Master] Read ECG writelog
[2019-04-11T08:03:59.040][Master] Write ECG writelog: WriteLogItem(1554969838466,D,WriteOperation(x,+,1))
[2019-04-11T08:03:59.271][Master] Read ECG writelog
[2019-04-11T08:04:02.930][Master] Write ECG writelog: WriteLogItem(1554969842769,F,WriteOperation(z,+,1))
[2019-04-11T08:04:03.036][Master] Read ECG writelog
[2019-04-11T08:04:05.237][Master] Write ECG writelog: WriteLogItem(1554969845233,A,WriteOperation(x,+,1))
[2019-04-11T08:04:05.239][Master] Read ECG writelog
[2019-04-11T08:04:09.168][Master] Write ECG writelog: WriteLogItem(1554969849009,F,WriteOperation(x,+,1))
[2019-04-11T08:04:09.275][Master] Read ECG writelog
[2019-04-11T08:04:16.476][Master] Write ECG writelog: WriteLogItem(1554969856130,D,WriteOperation(x,+,1))
[2019-04-11T08:04:16.706][Master] Read ECG writelog
[2019-04-11T08:04:19.891][Master] Write ECG writelog: WriteLogItem(1554969859889,A,WriteOperation(x,+,1))
[2019-04-11T08:04:19.892][Master] Read ECG writelog
[2019-04-11T08:04:25.276][Master] Write ECG writelog: WriteLogItem(1554969865009,E,WriteOperation(x,+,1))
[2019-04-11T08:04:25.383][Master] Read ECG writelog
[2019-04-11T08:04:29.596][Master] Write ECG writelog: WriteLogItem(1554969869593,B,WriteOperation(y,+,1))
[2019-04-11T08:04:29.598][Master] Read ECG writelog
[2019-04-11T08:04:35.892][Master] Write ECG writelog: WriteLogItem(1554969875546,D,WriteOperation(y,+,1))
[2019-04-11T08:04:36.122][Master] Read ECG writelog
[2019-04-11T08:04:40.250][Master] Write ECG writelog: WriteLogItem(1554969879985,F,WriteOperation(z,+,1))
[2019-04-11T08:04:40.356][Master] Read ECG writelog
[2019-04-11T08:04:43.618][Master] Write ECG writelog: WriteLogItem(1554969883459,F,WriteOperation(z,+,1))
[2019-04-11T08:04:43.724][Master] Read ECG writelog
[2019-04-11T08:04:50.069][Master] Write ECG writelog: WriteLogItem(1554969889724,D,WriteOperation(z,+,1))
[2019-04-11T08:04:50.299][Master] Read ECG writelog
[2019-04-11T08:04:57.603][Master] Write ECG writelog: WriteLogItem(1554969897601,B,WriteOperation(x,+,1))
[2019-04-11T08:04:57.604][Master] Read ECG writelog
[2019-04-11T08:05:03.879][Master] Write ECG writelog: WriteLogItem(1554969903614,E,WriteOperation(z,+,1))
[2019-04-11T08:05:03.985][Master] Read ECG writelog
[2019-04-11T08:05:10.858][Master] Write ECG writelog: WriteLogItem(1554969910593,F,WriteOperation(z,+,1))
[2019-04-11T08:05:10.965][Master] Read ECG writelog
[2019-04-11T08:05:16.689][Master] Write ECG writelog: WriteLogItem(1554969916676,A,WriteOperation(x,+,1))
[2019-04-11T08:05:16.690][Master] Read ECG writelog
[2019-04-11T08:05:25.006][Master] Write ECG writelog: WriteLogItem(1554969924427,C,WriteOperation(x,+,1))
[2019-04-11T08:05:25.242][Master] Read ECG writelog
[2019-04-11T08:05:32.204][Master] Write ECG writelog: WriteLogItem(1554969931858,C,WriteOperation(z,+,1))
[2019-04-11T08:05:32.435][Master] Read ECG writelog
[2019-04-11T08:05:39.384][Master] Write ECG writelog: WriteLogItem(1554969939038,C,WriteOperation(x,+,1))
[2019-04-11T08:05:39.614][Master] Read ECG writelog
[2019-04-11T08:05:44.491][Master] Write ECG writelog: WriteLogItem(1554969944225,F,WriteOperation(y,+,1))
[2019-04-11T08:05:44.598][Master] Read ECG writelog
[2019-04-11T08:05:52.359][Master] Write ECG writelog: WriteLogItem(1554969951784,D,WriteOperation(z,+,1))
[2019-04-11T08:05:52.589][Master] Read ECG writelog
[2019-04-11T08:05:58.828][Master] Write ECG writelog: WriteLogItem(1554969958484,D,WriteOperation(y,+,1))
[2019-04-11T08:05:59.058][Master] Read ECG writelog
[2019-04-11T08:06:08.397][Master] Write ECG writelog: WriteLogItem(1554969968237,F,WriteOperation(y,+,1))
[2019-04-11T08:06:08.503][Master] Read ECG writelog
[2019-04-11T08:06:11.978][Master] Write ECG writelog: WriteLogItem(1554969971816,F,WriteOperation(z,+,1))
[2019-04-11T08:06:12.085][Master] Read ECG writelog
[2019-04-11T08:06:19.793][Master] Write ECG writelog: WriteLogItem(1554969979448,D,WriteOperation(x,+,1))
[2019-04-11T08:06:20.023][Master] Read ECG writelog
[2019-04-11T08:06:27.507][Master] Write ECG writelog: WriteLogItem(1554969987491,A,WriteOperation(y,+,1))
[2019-04-11T08:06:27.511][Master] Read ECG writelog
[2019-04-11T08:06:31.956][Master] Write ECG writelog: WriteLogItem(1554969991954,A,WriteOperation(x,+,1))
[2019-04-11T08:06:31.957][Master] Read ECG writelog
[2019-04-11T08:06:39.693][Master] Write ECG writelog: WriteLogItem(1554969999111,D,WriteOperation(x,+,1))
[2019-04-11T08:06:39.925][Master] Read ECG writelog
[2019-04-11T08:06:49.621][Master] Write ECG writelog: WriteLogItem(1554970009267,D,WriteOperation(y,+,1))
[2019-04-11T08:06:49.853][Master] Read ECG writelog
[2019-04-11T08:06:59.106][Master] Write ECG writelog: WriteLogItem(1554970018839,F,WriteOperation(x,+,1))
[2019-04-11T08:06:59.212][Master] Read ECG writelog
[2019-04-11T08:07:03.792][Master] Write ECG writelog: WriteLogItem(1554970023633,F,WriteOperation(y,+,1))
[2019-04-11T08:07:03.899][Master] Read ECG writelog
[2019-04-11T08:07:06.551][Master] Write ECG writelog: WriteLogItem(1554970026549,B,WriteOperation(z,+,1))
[2019-04-11T08:07:06.553][Master] Read ECG writelog
[2019-04-11T08:07:08.661][Master] Write ECG writelog: WriteLogItem(1554970028660,A,WriteOperation(x,+,1))
[2019-04-11T08:07:08.663][Master] Read ECG writelog
[2019-04-11T08:07:14.763][Master] Write ECG writelog: WriteLogItem(1554970034497,E,WriteOperation(y,+,1))
[2019-04-11T08:07:14.871][Master] Read ECG writelog
[2019-04-11T08:07:20.862][Master] Write ECG writelog: WriteLogItem(1554970040859,B,WriteOperation(z,+,1))
[2019-04-11T08:07:20.863][Master] Read ECG writelog
[2019-04-11T08:07:23.323][Master] Write ECG writelog: WriteLogItem(1554970043321,B,WriteOperation(x,+,1))
[2019-04-11T08:07:23.328][Master] Read ECG writelog
[2019-04-11T08:07:27.756][Master] Write ECG writelog: WriteLogItem(1554970047752,A,WriteOperation(z,+,1))
[2019-04-11T08:07:27.757][Master] Read ECG writelog
[2019-04-11T08:07:30.553][Master] Write ECG writelog: WriteLogItem(1554970050551,A,WriteOperation(z,+,1))
[2019-04-11T08:07:30.554][Master] Read ECG writelog
[2019-04-11T08:07:36.926][Master] Write ECG writelog: WriteLogItem(1554970056351,C,WriteOperation(z,+,1))
[2019-04-11T08:07:37.157][Master] Read ECG writelog
[2019-04-11T08:08:15.609][Master] Write ECG writelog: WriteLogItem(1554970095034,C,WriteOperation(z,+,1))
[2019-04-11T08:08:15.840][Master] Read ECG writelog
[2019-04-11T08:08:19.407][Master] Write ECG writelog: WriteLogItem(1554970099143,E,WriteOperation(y,+,1))
[2019-04-11T08:08:19.514][Master] Read ECG writelog
[2019-04-11T08:08:25.778][Master] Write ECG writelog: WriteLogItem(1554970105511,F,WriteOperation(x,+,1))
[2019-04-11T08:08:25.884][Master] Read ECG writelog
[2019-04-11T08:08:32.266][Master] Write ECG writelog: WriteLogItem(1554970112263,B,WriteOperation(y,+,1))
[2019-04-11T08:08:32.267][Master] Read ECG writelog
[2019-04-11T08:08:35.797][Master] Write ECG writelog: WriteLogItem(1554970115637,E,WriteOperation(y,+,1))
[2019-04-11T08:08:35.903][Master] Read ECG writelog
[2019-04-11T08:08:43.098][Master] Write ECG writelog: WriteLogItem(1554970122937,E,WriteOperation(y,+,1))
[2019-04-11T08:08:43.204][Master] Read ECG writelog
[2019-04-11T08:08:50.352][Master] Write ECG writelog: WriteLogItem(1554970130191,F,WriteOperation(y,+,1))
[2019-04-11T08:08:50.458][Master] Read ECG writelog
[2019-04-11T08:08:56.990][Master] Write ECG writelog: WriteLogItem(1554970136414,D,WriteOperation(z,+,1))
[2019-04-11T08:08:57.220][Master] Read ECG writelog
[2019-04-11T08:08:58.856][Master] Write ECG writelog: WriteLogItem(1554970138854,B,WriteOperation(x,+,1))
[2019-04-11T08:08:58.857][Master] Read ECG writelog
[2019-04-11T08:09:06.322][Master] Write ECG writelog: WriteLogItem(1554970145976,D,WriteOperation(x,+,1))
[2019-04-11T08:09:06.552][Master] Read ECG writelog
[2019-04-11T08:09:16.250][Master] Write ECG writelog: WriteLogItem(1554970155903,D,WriteOperation(x,+,1))
[2019-04-11T08:09:16.480][Master] Read ECG writelog
[2019-04-11T08:09:22.148][Master] Write ECG writelog: WriteLogItem(1554970162146,B,WriteOperation(y,+,1))
[2019-04-11T08:09:22.149][Master] Read ECG writelog
[2019-04-11T08:09:29.038][Master] Write ECG writelog: WriteLogItem(1554970168773,E,WriteOperation(z,+,1))
[2019-04-11T08:09:29.144][Master] Read ECG writelog
[2019-04-11T08:09:33.055][Master] Write ECG writelog: WriteLogItem(1554970172896,E,WriteOperation(x,+,1))
[2019-04-11T08:09:33.161][Master] Read ECG writelog
[2019-04-11T08:09:39.925][Master] Write ECG writelog: WriteLogItem(1554970179766,E,WriteOperation(x,+,1))
[2019-04-11T08:09:40.031][Master] Read ECG writelog
[2019-04-11T08:09:44.174][Master] Write ECG writelog: WriteLogItem(1554970184170,A,WriteOperation(z,+,1))
[2019-04-11T08:09:44.180][Master] Read ECG writelog
[2019-04-11T08:09:53.139][Master] Write ECG writelog: WriteLogItem(1554970192564,D,WriteOperation(x,+,1))
[2019-04-11T08:09:53.370][Master] Read ECG writelog
[2019-04-11T08:10:05.278][Master] Write ECG writelog: WriteLogItem(1554970204701,C,WriteOperation(z,+,1))
[2019-04-11T08:10:05.509][Master] Read ECG writelog
[2019-04-11T08:10:11.825][Master] Write ECG writelog: WriteLogItem(1554970211479,D,WriteOperation(y,+,1))
[2019-04-11T08:10:12.055][Master] Read ECG writelog
[2019-04-11T08:10:15.566][Master] Write ECG writelog: WriteLogItem(1554970215301,F,WriteOperation(x,+,1))
[2019-04-11T08:10:15.672][Master] Read ECG writelog
[2019-04-11T08:10:18.800][Master] Write ECG writelog: WriteLogItem(1554970218797,B,WriteOperation(y,+,1))
[2019-04-11T08:10:18.801][Master] Read ECG writelog
[2019-04-11T08:10:24.458][Master] Write ECG writelog: WriteLogItem(1554970224298,F,WriteOperation(z,+,1))
[2019-04-11T08:10:24.564][Master] Read ECG writelog
[2019-04-11T08:10:31.123][Master] Write ECG writelog: WriteLogItem(1554970230777,C,WriteOperation(z,+,1))
[2019-04-11T08:10:31.354][Master] Read ECG writelog
[2019-04-11T08:10:34.414][Master] Write ECG writelog: WriteLogItem(1554970234411,A,WriteOperation(y,+,1))
[2019-04-11T08:10:34.415][Master] Read ECG writelog
[2019-04-11T08:10:43.700][Master] Write ECG writelog: WriteLogItem(1554970243354,C,WriteOperation(y,+,1))
[2019-04-11T08:10:43.931][Master] Read ECG writelog
[2019-04-11T08:10:50.440][Master] Write ECG writelog: WriteLogItem(1554970250438,B,WriteOperation(y,+,1))
[2019-04-11T08:10:50.441][Master] Read ECG writelog
[2019-04-11T08:10:54.999][Master] Write ECG writelog: WriteLogItem(1554970254998,A,WriteOperation(x,+,1))
[2019-04-11T08:10:55][Master] Read ECG writelog
[2019-04-11T08:10:59.847][Master] Write ECG writelog: WriteLogItem(1554970259580,E,WriteOperation(x,+,1))
[2019-04-11T08:10:59.959][Master] Read ECG writelog
[2019-04-11T08:11:05.835][Master] Write ECG writelog: WriteLogItem(1554970265831,B,WriteOperation(x,+,1))
[2019-04-11T08:11:05.836][Master] Read ECG writelog
[2019-04-11T08:11:10.206][Master] Write ECG writelog: WriteLogItem(1554970270046,E,WriteOperation(z,+,1))
[2019-04-11T08:11:10.312][Master] Read ECG writelog
[2019-04-11T08:11:17.917][Master] Write ECG writelog: WriteLogItem(1554970277338,D,WriteOperation(x,+,1))
[2019-04-11T08:11:18.151][Master] Read ECG writelog
[2019-04-11T08:11:24.875][Master] Write ECG writelog: WriteLogItem(1554970284610,F,WriteOperation(x,+,1))
[2019-04-11T08:11:24.981][Master] Read ECG writelog
[2019-04-11T08:11:32.027][Master] Write ECG writelog: WriteLogItem(1554970291763,E,WriteOperation(z,+,1))
[2019-04-11T08:11:32.133][Master] Read ECG writelog
[2019-04-11T08:11:35.611][Master] Write ECG writelog: WriteLogItem(1554970295609,B,WriteOperation(y,+,1))
[2019-04-11T08:11:35.613][Master] Read ECG writelog
[2019-04-11T08:11:42.339][Master] Write ECG writelog: WriteLogItem(1554970301991,D,WriteOperation(y,+,1))
[2019-04-11T08:11:42.570][Master] Read ECG writelog
[2019-04-11T08:11:53.125][Master] Write ECG writelog: WriteLogItem(1554970312966,F,WriteOperation(z,+,1))
[2019-04-11T08:11:53.231][Master] Read ECG writelog
[2019-04-11T08:11:59.458][Master] Write ECG writelog: WriteLogItem(1554970319114,C,WriteOperation(y,+,1))
[2019-04-11T08:11:59.687][Master] Read ECG writelog
[2019-04-11T08:12:07.440][Master] Write ECG writelog: WriteLogItem(1554970327437,B,WriteOperation(x,+,1))
[2019-04-11T08:12:07.443][Master] Read ECG writelog
[2019-04-11T08:12:15.927][Master] Write ECG writelog: WriteLogItem(1554970335580,D,WriteOperation(x,+,1))
[2019-04-11T08:12:16.159][Master] Read ECG writelog
[2019-04-11T08:12:23.415][Master] Write ECG writelog: WriteLogItem(1554970343067,D,WriteOperation(z,+,1))
[2019-04-11T08:12:23.647][Master] Read ECG writelog
[2019-04-11T08:12:33.052][Master] Write ECG writelog: WriteLogItem(1554970352786,E,WriteOperation(x,+,1))
[2019-04-11T08:12:33.159][Master] Read ECG writelog
[2019-04-11T08:12:37.357][Master] Write ECG writelog: WriteLogItem(1554970357199,E,WriteOperation(z,+,1))
[2019-04-11T08:12:37.464][Master] Read ECG writelog
[2019-04-11T08:12:43.987][Master] Write ECG writelog: WriteLogItem(1554970363412,C,WriteOperation(z,+,1))
[2019-04-11T08:12:44.220][Master] Read ECG writelog
[2019-04-11T08:12:49.341][Master] Write ECG writelog: WriteLogItem(1554970369181,E,WriteOperation(y,+,1))
[2019-04-11T08:12:49.447][Master] Read ECG writelog
[2019-04-11T08:12:55.591][Master] Write ECG writelog: WriteLogItem(1554970375431,E,WriteOperation(x,+,1))
[2019-04-11T08:12:55.697][Master] Read ECG writelog
[2019-04-11T08:12:59.649][Master] Write ECG writelog: WriteLogItem(1554970379384,F,WriteOperation(z,+,1))
[2019-04-11T08:12:59.755][Master] Read ECG writelog
[2019-04-11T08:13:01.597][Master] Write ECG writelog: WriteLogItem(1554970381595,A,WriteOperation(z,+,1))
[2019-04-11T08:13:01.598][Master] Read ECG writelog
[2019-04-11T08:13:10.514][Master] Write ECG writelog: WriteLogItem(1554970389940,D,WriteOperation(y,+,1))
[2019-04-11T08:13:10.744][Master] Read ECG writelog
[2019-04-11T08:13:21.463][Master] Write ECG writelog: WriteLogItem(1554970400887,C,WriteOperation(x,+,1))
[2019-04-11T08:13:21.693][Master] Read ECG writelog
[2019-04-11T08:13:32.409][Master] Write ECG writelog: WriteLogItem(1554970412063,C,WriteOperation(z,+,1))
[2019-04-11T08:13:32.639][Master] Read ECG writelog
[2019-04-11T08:13:37.470][Master] Write ECG writelog: WriteLogItem(1554970417204,F,WriteOperation(z,+,1))
[2019-04-11T08:13:37.576][Master] Read ECG writelog
[2019-04-11T08:13:44.249][Master] Write ECG writelog: WriteLogItem(1554970423670,D,WriteOperation(z,+,1))
[2019-04-11T08:13:44.481][Master] Read ECG writelog
[2019-04-11T08:13:52.242][Master] Write ECG writelog: WriteLogItem(1554970431667,C,WriteOperation(z,+,1))
[2019-04-11T08:13:52.472][Master] Read ECG writelog
[2019-04-11T08:13:56.778][Master] Write ECG writelog: WriteLogItem(1554970436513,E,WriteOperation(y,+,1))
[2019-04-11T08:13:56.884][Master] Read ECG writelog
[2019-04-11T08:14:00.134][Master] Write ECG writelog: WriteLogItem(1554970439976,E,WriteOperation(z,+,1))
[2019-04-11T08:14:00.241][Master] Read ECG writelog
[2019-04-11T08:14:07.736][Master] Write ECG writelog: WriteLogItem(1554970447577,E,WriteOperation(z,+,1))
[2019-04-11T08:14:07.842][Master] Read ECG writelog
[2019-04-11T08:14:12.615][Master] Write ECG writelog: WriteLogItem(1554970452612,B,WriteOperation(z,+,1))
[2019-04-11T08:14:12.617][Master] Read ECG writelog
[2019-04-11T08:14:19.280][Master] Write ECG writelog: WriteLogItem(1554970458705,D,WriteOperation(y,+,1))
[2019-04-11T08:14:19.511][Master] Read ECG writelog
[2019-04-11T08:14:23.121][Master] Write ECG writelog: WriteLogItem(1554970462961,E,WriteOperation(y,+,1))
[2019-04-11T08:14:23.227][Master] Read ECG writelog
[2019-04-11T08:14:29.252][Master] Write ECG writelog: WriteLogItem(1554970468906,D,WriteOperation(y,+,1))
[2019-04-11T08:14:29.483][Master] Read ECG writelog
[2019-04-11T08:14:31.228][Master] Write ECG writelog: WriteLogItem(1554970471225,A,WriteOperation(y,+,1))
[2019-04-11T08:14:31.229][Master] Read ECG writelog
[2019-04-11T08:14:39.976][Master] Write ECG writelog: WriteLogItem(1554970479630,D,WriteOperation(x,+,1))
[2019-04-11T08:14:40.207][Master] Read ECG writelog
[2019-04-11T08:14:46.494][Master] Write ECG writelog: WriteLogItem(1554970486493,A,WriteOperation(y,+,1))
[2019-04-11T08:14:46.499][Master] Read ECG writelog
[2019-04-11T08:14:49.998][Master] Write ECG writelog: WriteLogItem(1554970489996,A,WriteOperation(z,+,1))
[2019-04-11T08:14:50.003][Master] Read ECG writelog
[2019-04-11T08:14:56.944][Master] Write ECG writelog: WriteLogItem(1554970496598,D,WriteOperation(y,+,1))
[2019-04-11T08:14:57.175][Master] Read ECG writelog
[2019-04-11T08:15:05.064][Master] Write ECG writelog: WriteLogItem(1554970504491,C,WriteOperation(y,+,1))
[2019-04-11T08:15:05.293][Master] Read ECG writelog
[2019-04-11T08:15:15.949][Master] Write ECG writelog: WriteLogItem(1554970515605,C,WriteOperation(y,+,1))
[2019-04-11T08:15:16.179][Master] Read ECG writelog
[2019-04-11T08:15:23.363][Master] Write ECG writelog: WriteLogItem(1554970523099,F,WriteOperation(y,+,1))
[2019-04-11T08:15:23.470][Master] Read ECG writelog
[2019-04-11T08:15:29.932][Master] Write ECG writelog: WriteLogItem(1554970529666,E,WriteOperation(y,+,1))
[2019-04-11T08:15:30.039][Master] Read ECG writelog
[2019-04-11T08:15:33.301][Master] Write ECG writelog: WriteLogItem(1554970533142,E,WriteOperation(z,+,1))
[2019-04-11T08:15:33.408][Master] Read ECG writelog
[2019-04-11T08:15:36.845][Master] Write ECG writelog: WriteLogItem(1554970536686,E,WriteOperation(z,+,1))
[2019-04-11T08:15:36.952][Master] Read ECG writelog
[2019-04-11T08:15:38.493][Master] Write ECG writelog: WriteLogItem(1554970538490,B,WriteOperation(x,+,1))
[2019-04-11T08:15:38.494][Master] Read ECG writelog
[2019-04-11T08:15:43.206][Master] Write ECG writelog: WriteLogItem(1554970543204,B,WriteOperation(y,+,1))
[2019-04-11T08:15:43.207][Master] Read ECG writelog
[2019-04-11T08:15:46.565][Master] Write ECG writelog: WriteLogItem(1554970546563,A,WriteOperation(y,+,1))
[2019-04-11T08:15:46.566][Master] Read ECG writelog
[2019-04-11T08:15:55.964][Master] Write ECG writelog: WriteLogItem(1554970555388,D,WriteOperation(z,+,1))
[2019-04-11T08:15:56.194][Master] Read ECG writelog
[2019-04-11T08:16:30.157][Master] Write ECG writelog: WriteLogItem(1554970590154,B,WriteOperation(y,+,1))
[2019-04-11T08:16:30.160][Master] Read ECG writelog
[2019-04-11T08:16:38.462][Master] Write ECG writelog: WriteLogItem(1554970597882,D,WriteOperation(z,+,1))
[2019-04-11T08:16:38.694][Master] Read ECG writelog
[2019-04-11T08:16:40.965][Master] Write ECG writelog: WriteLogItem(1554970600961,A,WriteOperation(x,+,1))
[2019-04-11T08:16:40.967][Master] Read ECG writelog
[2019-04-11T08:16:44.747][Master] Write ECG writelog: WriteLogItem(1554970604482,E,WriteOperation(x,+,1))
[2019-04-11T08:16:44.853][Master] Read ECG writelog
[2019-04-11T08:16:50.477][Master] Write ECG writelog: WriteLogItem(1554970610476,A,WriteOperation(z,+,1))
[2019-04-11T08:16:50.478][Master] Read ECG writelog
[2019-04-11T08:16:55.018][Master] Write ECG writelog: WriteLogItem(1554970615017,B,WriteOperation(x,+,1))
[2019-04-11T08:16:55.019][Master] Read ECG writelog
[2019-04-11T08:17:02.724][Master] Write ECG writelog: WriteLogItem(1554970622376,D,WriteOperation(z,+,1))
[2019-04-11T08:17:02.956][Master] Read ECG writelog
[2019-04-11T08:17:09.284][Master] Write ECG writelog: WriteLogItem(1554970628935,C,WriteOperation(z,+,1))
[2019-04-11T08:17:09.516][Master] Read ECG writelog
[2019-04-11T08:17:19.940][Master] Write ECG writelog: WriteLogItem(1554970639591,C,WriteOperation(z,+,1))
[2019-04-11T08:17:20.171][Master] Read ECG writelog
[2019-04-11T08:17:26.862][Master] Write ECG writelog: WriteLogItem(1554970646859,B,WriteOperation(z,+,1))
[2019-04-11T08:17:26.863][Master] Read ECG writelog
[2019-04-11T08:17:30.677][Master] Write ECG writelog: WriteLogItem(1554970650411,F,WriteOperation(z,+,1))
[2019-04-11T08:17:30.783][Master] Read ECG writelog
[2019-04-11T08:17:36.634][Master] Write ECG writelog: WriteLogItem(1554970656631,B,WriteOperation(x,+,1))
[2019-04-11T08:17:36.635][Master] Read ECG writelog
[2019-04-11T08:17:44.606][Master] Write ECG writelog: WriteLogItem(1554970664031,C,WriteOperation(x,+,1))
[2019-04-11T08:17:44.837][Master] Read ECG writelog
[2019-04-11T08:17:55.535][Master] Write ECG writelog: WriteLogItem(1554970674959,D,WriteOperation(y,+,1))
[2019-04-11T08:17:55.766][Master] Read ECG writelog
[2019-04-11T08:17:58.508][Master] Write ECG writelog: WriteLogItem(1554970678507,A,WriteOperation(x,+,1))
[2019-04-11T08:17:58.512][Master] Read ECG writelog
[2019-04-11T08:18:04.431][Master] Write ECG writelog: WriteLogItem(1554970684167,F,WriteOperation(z,+,1))
[2019-04-11T08:18:04.537][Master] Read ECG writelog
[2019-04-11T08:18:09.420][Master] Write ECG writelog: WriteLogItem(1554970689156,E,WriteOperation(z,+,1))
[2019-04-11T08:18:09.527][Master] Read ECG writelog
[2019-04-11T08:18:17.499][Master] Write ECG writelog: WriteLogItem(1554970696925,C,WriteOperation(y,+,1))
[2019-04-11T08:18:17.729][Master] Read ECG writelog
[2019-04-11T08:18:21.183][Master] Write ECG writelog: WriteLogItem(1554970701181,A,WriteOperation(z,+,1))
[2019-04-11T08:18:21.184][Master] Read ECG writelog
[2019-04-11T08:18:23.370][Master] Write ECG writelog: WriteLogItem(1554970703369,B,WriteOperation(z,+,1))
[2019-04-11T08:18:23.371][Master] Read ECG writelog
[2019-04-11T08:18:29.713][Master] Write ECG writelog: WriteLogItem(1554970709136,D,WriteOperation(z,+,1))
[2019-04-11T08:18:29.945][Master] Read ECG writelog
[2019-04-11T08:18:34.215][Master] Write ECG writelog: WriteLogItem(1554970714055,F,WriteOperation(y,+,1))
[2019-04-11T08:18:34.321][Master] Read ECG writelog
[2019-04-11T08:18:43.097][Master] Write ECG writelog: WriteLogItem(1554970722751,C,WriteOperation(y,+,1))
[2019-04-11T08:18:43.328][Master] Read ECG writelog
[2019-04-11T08:18:45.657][Master] Write ECG writelog: WriteLogItem(1554970725656,B,WriteOperation(y,+,1))
[2019-04-11T08:18:45.661][Master] Read ECG writelog
[2019-04-11T08:18:52.591][Master] Write ECG writelog: WriteLogItem(1554970732327,F,WriteOperation(z,+,1))
[2019-04-11T08:18:52.697][Master] Read ECG writelog
[2019-04-11T08:18:56.344][Master] Write ECG writelog: WriteLogItem(1554970736320,A,WriteOperation(x,+,1))
[2019-04-11T08:18:56.346][Master] Read ECG writelog
[2019-04-11T08:19:02.911][Master] Write ECG writelog: WriteLogItem(1554970742339,D,WriteOperation(z,+,1))
[2019-04-11T08:19:03.143][Master] Read ECG writelog
[2019-04-11T08:19:06.607][Master] Write ECG writelog: WriteLogItem(1554970746605,A,WriteOperation(x,+,1))
[2019-04-11T08:19:06.608][Master] Read ECG writelog
[2019-04-11T08:19:13.545][Master] Write ECG writelog: WriteLogItem(1554970753200,D,WriteOperation(y,+,1))
[2019-04-11T08:19:13.774][Master] Read ECG writelog
[2019-04-11T08:19:23.807][Master] Write ECG writelog: WriteLogItem(1554970763542,F,WriteOperation(z,+,1))
[2019-04-11T08:19:23.913][Master] Read ECG writelog
[2019-04-11T08:19:31.603][Master] Write ECG writelog: WriteLogItem(1554970771444,F,WriteOperation(z,+,1))
[2019-04-11T08:19:31.709][Master] Read ECG writelog
[2019-04-11T08:19:35.584][Master] Write ECG writelog: WriteLogItem(1554970775581,B,WriteOperation(z,+,1))
[2019-04-11T08:19:35.585][Master] Read ECG writelog
[2019-04-11T08:19:42.929][Master] Write ECG writelog: WriteLogItem(1554970782355,C,WriteOperation(y,+,1))
[2019-04-11T08:19:43.159][Master] Read ECG writelog
[2019-04-11T08:19:47.205][Master] Write ECG writelog: WriteLogItem(1554970787045,F,WriteOperation(z,+,1))
[2019-04-11T08:19:47.311][Master] Read ECG writelog
[2019-04-11T08:19:54.322][Master] Write ECG writelog: WriteLogItem(1554970794162,F,WriteOperation(y,+,1))
[2019-04-11T08:19:54.428][Master] Read ECG writelog
[2019-04-11T08:19:57.866][Master] Write ECG writelog: WriteLogItem(1554970797600,E,WriteOperation(z,+,1))
[2019-04-11T08:19:57.973][Master] Read ECG writelog
[2019-04-11T08:20:03.619][Master] Write ECG writelog: WriteLogItem(1554970803617,B,WriteOperation(z,+,1))
[2019-04-11T08:20:03.620][Master] Read ECG writelog
[2019-04-11T08:20:07.509][Master] Write ECG writelog: WriteLogItem(1554970807348,E,WriteOperation(y,+,1))
[2019-04-11T08:20:07.616][Master] Read ECG writelog
[2019-04-11T08:20:13.540][Master] Write ECG writelog: WriteLogItem(1554970812966,D,WriteOperation(z,+,1))
[2019-04-11T08:20:13.770][Master] Read ECG writelog
[2019-04-11T08:20:15.393][Master] Write ECG writelog: WriteLogItem(1554970815390,A,WriteOperation(x,+,1))
[2019-04-11T08:20:15.393][Master] Read ECG writelog
[2019-04-11T08:20:20.029][Master] Write ECG writelog: WriteLogItem(1554970819868,E,WriteOperation(y,+,1))
[2019-04-11T08:20:20.135][Master] Read ECG writelog
[2019-04-11T08:20:26.400][Master] Write ECG writelog: WriteLogItem(1554970825823,C,WriteOperation(y,+,1))
[2019-04-11T08:20:26.631][Master] Read ECG writelog
[2019-04-11T08:20:29.782][Master] Write ECG writelog: WriteLogItem(1554970829781,A,WriteOperation(z,+,1))
[2019-04-11T08:20:29.783][Master] Read ECG writelog
[2019-04-11T08:20:34.182][Master] Write ECG writelog: WriteLogItem(1554970834180,B,WriteOperation(x,+,1))
[2019-04-11T08:20:34.187][Master] Read ECG writelog
[2019-04-11T08:20:38.605][Master] Write ECG writelog: WriteLogItem(1554970838339,F,WriteOperation(x,+,1))
[2019-04-11T08:20:38.714][Master] Read ECG writelog
[2019-04-11T08:20:44.840][Master] Write ECG writelog: WriteLogItem(1554970844494,C,WriteOperation(z,+,1))
[2019-04-11T08:20:45.070][Master] Read ECG writelog
[2019-04-11T08:20:54.723][Master] Write ECG writelog: WriteLogItem(1554970854458,E,WriteOperation(z,+,1))
[2019-04-11T08:20:54.830][Master] Read ECG writelog
[2019-04-11T08:21:02.107][Master] Write ECG writelog: WriteLogItem(1554970861947,F,WriteOperation(y,+,1))
[2019-04-11T08:21:02.213][Master] Read ECG writelog
[2019-04-11T08:21:10.631][Master] Write ECG writelog: WriteLogItem(1554970870285,C,WriteOperation(z,+,1))
[2019-04-11T08:21:10.862][Master] Read ECG writelog
[2019-04-11T08:21:18.474][Master] Write ECG writelog: WriteLogItem(1554970878314,F,WriteOperation(z,+,1))
[2019-04-11T08:21:18.580][Master] Read ECG writelog
[2019-04-11T08:21:28.030][Master] Write ECG writelog: WriteLogItem(1554970887453,C,WriteOperation(z,+,1))
[2019-04-11T08:21:28.262][Master] Read ECG writelog
[2019-04-11T08:21:36.852][Master] Write ECG writelog: WriteLogItem(1554970896587,E,WriteOperation(x,+,1))
[2019-04-11T08:21:36.958][Master] Read ECG writelog
[2019-04-11T08:21:42.952][Master] Write ECG writelog: WriteLogItem(1554970902949,B,WriteOperation(y,+,1))
[2019-04-11T08:21:42.953][Master] Read ECG writelog
[2019-04-11T08:21:45.150][Master] Write ECG writelog: WriteLogItem(1554970905148,A,WriteOperation(y,+,1))
[2019-04-11T08:21:45.150][Master] Read ECG writelog
[2019-04-11T08:21:47.135][Master] Write ECG writelog: WriteLogItem(1554970907133,A,WriteOperation(x,+,1))
[2019-04-11T08:21:47.135][Master] Read ECG writelog
[2019-04-11T08:21:50.696][Master] Write ECG writelog: WriteLogItem(1554970910536,E,WriteOperation(x,+,1))
[2019-04-11T08:21:50.802][Master] Read ECG writelog
[2019-04-11T08:22:00.017][Master] Write ECG writelog: WriteLogItem(1554970919859,E,WriteOperation(y,+,1))
[2019-04-11T08:22:00.123][Master] Read ECG writelog
[2019-04-11T08:22:03.718][Master] Write ECG writelog: WriteLogItem(1554970923560,E,WriteOperation(y,+,1))
[2019-04-11T08:22:03.824][Master] Read ECG writelog
[2019-04-11T08:22:06.457][Master] Write ECG writelog: WriteLogItem(1554970926455,A,WriteOperation(z,+,1))
[2019-04-11T08:22:06.458][Master] Read ECG writelog
[2019-04-11T08:22:15.460][Master] Write ECG writelog: WriteLogItem(1554970934886,C,WriteOperation(x,+,1))
[2019-04-11T08:22:15.690][Master] Read ECG writelog
[2019-04-11T08:22:28.092][Master] Write ECG writelog: WriteLogItem(1554970947746,C,WriteOperation(x,+,1))
[2019-04-11T08:22:28.322][Master] Read ECG writelog
[2019-04-11T08:22:36.434][Master] Write ECG writelog: WriteLogItem(1554970956168,E,WriteOperation(x,+,1))
[2019-04-11T08:22:36.540][Master] Read ECG writelog
[2019-04-11T08:22:45.715][Master] Write ECG writelog: WriteLogItem(1554970965126,D,WriteOperation(x,+,1))
[2019-04-11T08:22:45.947][Master] Read ECG writelog
[2019-04-11T08:22:57.644][Master] Write ECG writelog: WriteLogItem(1554970977294,D,WriteOperation(x,+,1))
[2019-04-11T08:22:57.876][Master] Read ECG writelog
[2019-04-11T08:23:04.464][Master] Write ECG writelog: WriteLogItem(1554970984461,A,WriteOperation(y,+,1))
[2019-04-11T08:23:04.464][Master] Read ECG writelog
[2019-04-11T08:23:05.979][Master] Write ECG writelog: WriteLogItem(1554970985978,B,WriteOperation(x,+,1))
[2019-04-11T08:23:05.980][Master] Read ECG writelog
[2019-04-11T08:23:13.162][Master] Write ECG writelog: WriteLogItem(1554970992898,F,WriteOperation(x,+,1))
[2019-04-11T08:23:13.269][Master] Read ECG writelog
[2019-04-11T08:23:19.678][Master] Write ECG writelog: WriteLogItem(1554970999103,D,WriteOperation(z,+,1))
[2019-04-11T08:23:19.909][Master] Read ECG writelog
[2019-04-11T08:23:22.964][Master] Write ECG writelog: WriteLogItem(1554971002963,B,WriteOperation(x,+,1))
[2019-04-11T08:23:22.965][Master] Read ECG writelog
[2019-04-11T08:23:29.147][Master] Write ECG writelog: WriteLogItem(1554971008988,F,WriteOperation(z,+,1))
[2019-04-11T08:23:29.252][Master] Read ECG writelog
[2019-04-11T08:23:32.563][Master] Write ECG writelog: WriteLogItem(1554971012561,B,WriteOperation(y,+,1))
[2019-04-11T08:23:32.564][Master] Read ECG writelog
[2019-04-11T08:23:40.053][Master] Write ECG writelog: WriteLogItem(1554971019707,D,WriteOperation(y,+,1))
[2019-04-11T08:23:40.283][Master] Read ECG writelog
[2019-04-11T08:23:52.990][Master] Write ECG writelog: WriteLogItem(1554971032644,D,WriteOperation(z,+,1))
[2019-04-11T08:23:53.220][Master] Read ECG writelog
[2019-04-11T08:24:00.005][Master] Write ECG writelog: WriteLogItem(1554971039428,C,WriteOperation(x,+,1))
[2019-04-11T08:24:00.235][Master] Read ECG writelog
[2019-04-11T08:24:13.943][Master] Write ECG writelog: WriteLogItem(1554971053596,C,WriteOperation(x,+,1))
[2019-04-11T08:24:14.173][Master] Read ECG writelog
[2019-04-11T08:24:58.086][Master] Write ECG writelog: WriteLogItem(1554971097508,D,WriteOperation(y,+,1))
[2019-04-11T08:24:58.316][Master] Read ECG writelog
[2019-04-11T08:25:10.386][Master] Write ECG writelog: WriteLogItem(1554971110120,E,WriteOperation(y,+,1))
[2019-04-11T08:25:10.492][Master] Read ECG writelog
[2019-04-11T08:25:20.191][Master] Write ECG writelog: WriteLogItem(1554971119846,D,WriteOperation(z,+,1))
[2019-04-11T08:25:20.421][Master] Read ECG writelog
[2019-04-11T08:25:27.989][Master] Write ECG writelog: WriteLogItem(1554971127829,E,WriteOperation(x,+,1))
[2019-04-11T08:25:28.095][Master] Read ECG writelog
[2019-04-11T08:25:33.839][Master] Write ECG writelog: WriteLogItem(1554971133837,A,WriteOperation(z,+,1))
[2019-04-11T08:25:33.840][Master] Read ECG writelog
[2019-04-11T08:25:39.516][Master] Write ECG writelog: WriteLogItem(1554971139171,D,WriteOperation(x,+,1))
[2019-04-11T08:25:39.746][Master] Read ECG writelog
[2019-04-11T08:25:43.157][Master] Write ECG writelog: WriteLogItem(1554971143155,A,WriteOperation(z,+,1))
[2019-04-11T08:25:43.158][Master] Read ECG writelog
[2019-04-11T08:25:47.996][Master] Write ECG writelog: WriteLogItem(1554971147731,F,WriteOperation(z,+,1))
[2019-04-11T08:25:48.101][Master] Read ECG writelog
[2019-04-11T08:25:52.678][Master] Write ECG writelog: WriteLogItem(1554971152519,E,WriteOperation(x,+,1))
[2019-04-11T08:25:52.783][Master] Read ECG writelog
[2019-04-11T08:26:02.205][Master] Write ECG writelog: WriteLogItem(1554971161624,D,WriteOperation(x,+,1))
[2019-04-11T08:26:02.438][Master] Read ECG writelog
[2019-04-11T08:26:07.200][Master] Write ECG writelog: WriteLogItem(1554971167041,E,WriteOperation(x,+,1))
[2019-04-11T08:26:07.309][Master] Read ECG writelog
[2019-04-11T08:26:16.314][Master] Write ECG writelog: WriteLogItem(1554971175738,C,WriteOperation(y,+,1))
[2019-04-11T08:26:16.544][Master] Read ECG writelog
[2019-04-11T08:26:21.355][Master] Write ECG writelog: WriteLogItem(1554971181197,E,WriteOperation(x,+,1))
[2019-04-11T08:26:21.461][Master] Read ECG writelog
[2019-04-11T08:26:28.175][Master] Write ECG writelog: WriteLogItem(1554971187910,F,WriteOperation(y,+,1))
[2019-04-11T08:26:28.281][Master] Read ECG writelog
[2019-04-11T08:26:31.808][Master] Write ECG writelog: WriteLogItem(1554971191650,F,WriteOperation(x,+,1))
[2019-04-11T08:26:31.914][Master] Read ECG writelog
[2019-04-11T08:26:41.634][Master] Write ECG writelog: WriteLogItem(1554971201284,C,WriteOperation(x,+,1))
[2019-04-11T08:26:41.865][Master] Read ECG writelog
[2019-04-11T08:26:48.257][Master] Write ECG writelog: WriteLogItem(1554971208255,A,WriteOperation(x,+,1))
[2019-04-11T08:26:48.258][Master] Read ECG writelog
[2019-04-11T08:26:54.223][Master] Write ECG writelog: WriteLogItem(1554971214063,F,WriteOperation(z,+,1))
[2019-04-11T08:26:54.329][Master] Read ECG writelog
[2019-04-11T08:27:00.959][Master] Write ECG writelog: WriteLogItem(1554971220614,C,WriteOperation(z,+,1))
[2019-04-11T08:27:01.189][Master] Read ECG writelog
[2019-04-11T08:27:05.473][Master] Write ECG writelog: WriteLogItem(1554971225314,E,WriteOperation(x,+,1))
[2019-04-11T08:27:05.579][Master] Read ECG writelog
[2019-04-11T08:27:08.270][Master] Write ECG writelog: WriteLogItem(1554971228268,B,WriteOperation(y,+,1))
[2019-04-11T08:27:08.271][Master] Read ECG writelog
[2019-04-11T08:27:15.167][Master] Write ECG writelog: WriteLogItem(1554971234822,C,WriteOperation(x,+,1))
[2019-04-11T08:27:15.397][Master] Read ECG writelog
[2019-04-11T08:27:22.820][Master] Write ECG writelog: WriteLogItem(1554971242246,D,WriteOperation(y,+,1))
[2019-04-11T08:27:23.049][Master] Read ECG writelog
[2019-04-11T08:27:30.683][Master] Write ECG writelog: WriteLogItem(1554971250680,A,WriteOperation(y,+,1))
[2019-04-11T08:27:30.688][Master] Read ECG writelog
[2019-04-11T08:27:33.143][Master] Write ECG writelog: WriteLogItem(1554971253142,A,WriteOperation(x,+,1))
[2019-04-11T08:27:33.144][Master] Read ECG writelog
[2019-04-11T08:27:39.207][Master] Write ECG writelog: WriteLogItem(1554971258862,D,WriteOperation(y,+,1))
[2019-04-11T08:27:39.436][Master] Read ECG writelog
[2019-04-11T08:27:49.713][Master] Write ECG writelog: WriteLogItem(1554971269448,F,WriteOperation(y,+,1))
[2019-04-11T08:27:49.819][Master] Read ECG writelog
[2019-04-11T08:27:59.096][Master] Write ECG writelog: WriteLogItem(1554971278751,D,WriteOperation(z,+,1))
[2019-04-11T08:27:59.326][Master] Read ECG writelog
[2019-04-11T08:28:02.212][Master] Write ECG writelog: WriteLogItem(1554971282210,B,WriteOperation(x,+,1))
[2019-04-11T08:28:02.214][Master] Read ECG writelog
[2019-04-11T08:28:08.295][Master] Write ECG writelog: WriteLogItem(1554971287720,C,WriteOperation(x,+,1))
[2019-04-11T08:28:08.525][Master] Read ECG writelog
[2019-04-11T08:28:11.502][Master] Write ECG writelog: WriteLogItem(1554971291500,A,WriteOperation(y,+,1))
[2019-04-11T08:28:11.503][Master] Read ECG writelog
[2019-04-11T08:28:14.256][Master] Write ECG writelog: WriteLogItem(1554971294254,A,WriteOperation(x,+,1))
[2019-04-11T08:28:14.256][Master] Read ECG writelog
[2019-04-11T08:28:21.518][Master] Write ECG writelog: WriteLogItem(1554971301255,E,WriteOperation(y,+,1))
[2019-04-11T08:28:21.624][Master] Read ECG writelog
[2019-04-11T08:28:28.027][Master] Write ECG writelog: WriteLogItem(1554971307762,F,WriteOperation(z,+,1))
[2019-04-11T08:28:28.133][Master] Read ECG writelog
[2019-04-11T08:28:31.340][Master] Write ECG writelog: WriteLogItem(1554971311336,A,WriteOperation(x,+,1))
[2019-04-11T08:28:31.344][Master] Read ECG writelog
[2019-04-11T08:28:35.016][Master] Write ECG writelog: WriteLogItem(1554971315015,B,WriteOperation(y,+,1))
[2019-04-11T08:28:35.017][Master] Read ECG writelog
[2019-04-11T08:28:41.408][Master] Write ECG writelog: WriteLogItem(1554971321248,F,WriteOperation(x,+,1))
[2019-04-11T08:28:41.514][Master] Read ECG writelog
[2019-04-11T08:28:48.821][Master] Write ECG writelog: WriteLogItem(1554971328662,F,WriteOperation(y,+,1))
[2019-04-11T08:28:48.927][Master] Read ECG writelog
[2019-04-11T08:28:53.963][Master] Write ECG writelog: WriteLogItem(1554971333958,A,WriteOperation(x,+,1))
[2019-04-11T08:28:53.964][Master] Read ECG writelog
[2019-04-11T08:29:00.226][Master] Write ECG writelog: WriteLogItem(1554971340066,F,WriteOperation(z,+,1))
[2019-04-11T08:29:00.332][Master] Read ECG writelog
[2019-04-11T08:29:06.545][Master] Write ECG writelog: WriteLogItem(1554971345968,C,WriteOperation(x,+,1))
[2019-04-11T08:29:06.775][Master] Read ECG writelog
[2019-04-11T08:29:14.512][Master] Write ECG writelog: WriteLogItem(1554971354510,B,WriteOperation(y,+,1))
[2019-04-11T08:29:14.512][Master] Read ECG writelog
[2019-04-11T08:29:19.395][Master] Write ECG writelog: WriteLogItem(1554971359394,B,WriteOperation(y,+,1))
[2019-04-11T08:29:19.396][Master] Read ECG writelog
[2019-04-11T08:29:22.711][Master] Write ECG writelog: WriteLogItem(1554971362710,B,WriteOperation(y,+,1))
[2019-04-11T08:29:22.712][Master] Read ECG writelog
[2019-04-11T08:29:25.975][Master] Write ECG writelog: WriteLogItem(1554971365972,A,WriteOperation(x,+,1))
[2019-04-11T08:29:25.980][Master] Read ECG writelog
[2019-04-11T08:29:33.146][Master] Write ECG writelog: WriteLogItem(1554971372799,C,WriteOperation(y,+,1))
[2019-04-11T08:29:33.376][Master] Read ECG writelog
[2019-04-11T08:29:41.323][Master] Write ECG writelog: WriteLogItem(1554971380977,C,WriteOperation(z,+,1))
[2019-04-11T08:29:41.554][Master] Read ECG writelog
[2019-04-11T08:29:44.707][Master] Write ECG writelog: WriteLogItem(1554971384706,A,WriteOperation(z,+,1))
[2019-04-11T08:29:44.708][Master] Read ECG writelog
[2019-04-11T08:29:52.185][Master] Write ECG writelog: WriteLogItem(1554971391609,D,WriteOperation(x,+,1))
[2019-04-11T08:29:52.415][Master] Read ECG writelog
[2019-04-11T08:29:56.819][Master] Write ECG writelog: WriteLogItem(1554971396553,E,WriteOperation(z,+,1))
[2019-04-11T08:29:56.925][Master] Read ECG writelog
[2019-04-11T08:30:04.737][Master] Write ECG writelog: WriteLogItem(1554971404388,D,WriteOperation(z,+,1))
[2019-04-11T08:30:04.967][Master] Read ECG writelog
[2019-04-11T08:30:08.349][Master] Write ECG writelog: WriteLogItem(1554971408343,A,WriteOperation(y,+,1))
[2019-04-11T08:30:08.351][Master] Read ECG writelog
[2019-04-11T08:30:12.842][Master] Write ECG writelog: WriteLogItem(1554971412841,B,WriteOperation(x,+,1))
[2019-04-11T08:30:12.843][Master] Read ECG writelog
[2019-04-11T08:30:19.888][Master] Write ECG writelog: WriteLogItem(1554971419313,C,WriteOperation(x,+,1))
[2019-04-11T08:30:20.118][Master] Read ECG writelog
[2019-04-11T08:30:29.580][Master] Write ECG writelog: WriteLogItem(1554971429315,E,WriteOperation(y,+,1))
[2019-04-11T08:30:29.686][Master] Read ECG writelog
[2019-04-11T08:30:34.592][Master] Write ECG writelog: WriteLogItem(1554971434433,E,WriteOperation(x,+,1))
[2019-04-11T08:30:34.698][Master] Read ECG writelog
[2019-04-11T08:30:39.625][Master] Write ECG writelog: WriteLogItem(1554971439622,B,WriteOperation(y,+,1))
[2019-04-11T08:30:39.625][Master] Read ECG writelog
[2019-04-11T08:30:41.578][Master] Write ECG writelog: WriteLogItem(1554971441577,B,WriteOperation(y,+,1))
[2019-04-11T08:30:41.579][Master] Read ECG writelog
[2019-04-11T08:30:44.744][Master] Write ECG writelog: WriteLogItem(1554971444585,E,WriteOperation(y,+,1))
[2019-04-11T08:30:44.851][Master] Read ECG writelog
[2019-04-11T08:30:51.529][Master] Write ECG writelog: WriteLogItem(1554971450954,C,WriteOperation(z,+,1))
[2019-04-11T08:30:51.759][Master] Read ECG writelog
[2019-04-11T08:30:55.381][Master] Write ECG writelog: WriteLogItem(1554971455221,E,WriteOperation(z,+,1))
[2019-04-11T08:30:55.487][Master] Read ECG writelog
[2019-04-11T08:31:03.114][Master] Write ECG writelog: WriteLogItem(1554971462538,D,WriteOperation(y,+,1))
[2019-04-11T08:31:03.345][Master] Read ECG writelog
[2019-04-11T08:31:11.663][Master] Write ECG writelog: WriteLogItem(1554971471661,A,WriteOperation(z,+,1))
[2019-04-11T08:31:11.664][Master] Read ECG writelog
[2019-04-11T08:31:18.225][Master] Write ECG writelog: WriteLogItem(1554971477878,C,WriteOperation(z,+,1))
[2019-04-11T08:31:18.456][Master] Read ECG writelog
[2019-04-11T08:31:21.890][Master] Write ECG writelog: WriteLogItem(1554971481888,A,WriteOperation(y,+,1))
[2019-04-11T08:31:21.894][Master] Read ECG writelog
[2019-04-11T08:31:25.832][Master] Write ECG writelog: WriteLogItem(1554971485831,A,WriteOperation(z,+,1))
[2019-04-11T08:31:25.833][Master] Read ECG writelog
[2019-04-11T08:31:32.458][Master] Write ECG writelog: WriteLogItem(1554971492111,D,WriteOperation(x,+,1))
[2019-04-11T08:31:32.688][Master] Read ECG writelog
[2019-04-11T08:31:36.170][Master] Write ECG writelog: WriteLogItem(1554971496168,B,WriteOperation(x,+,1))
[2019-04-11T08:31:36.172][Master] Read ECG writelog
[2019-04-11T08:31:41.535][Master] Write ECG writelog: WriteLogItem(1554971501534,B,WriteOperation(z,+,1))
[2019-04-11T08:31:41.536][Master] Read ECG writelog
[2019-04-11T08:31:47.919][Master] Write ECG writelog: WriteLogItem(1554971507653,E,WriteOperation(y,+,1))
[2019-04-11T08:31:48.026][Master] Read ECG writelog
[2019-04-11T08:31:52.484][Master] Write ECG writelog: WriteLogItem(1554971512325,E,WriteOperation(z,+,1))
[2019-04-11T08:31:52.590][Master] Read ECG writelog
[2019-04-11T08:32:03.076][Master] Write ECG writelog: WriteLogItem(1554971522731,C,WriteOperation(y,+,1))
[2019-04-11T08:32:03.305][Master] Read ECG writelog
[2019-04-11T08:32:15.586][Master] Write ECG writelog: WriteLogItem(1554971535242,C,WriteOperation(x,+,1))
[2019-04-11T08:32:15.816][Master] Read ECG writelog
[2019-04-11T08:32:26.484][Master] Write ECG writelog: WriteLogItem(1554971545903,D,WriteOperation(x,+,1))
[2019-04-11T08:32:26.716][Master] Read ECG writelog
[2019-04-11T08:32:35.512][Master] Write ECG writelog: WriteLogItem(1554971555246,E,WriteOperation(x,+,1))
[2019-04-11T08:32:35.618][Master] Read ECG writelog
/home/sven/.sdkman/candidates/scala/current/bin/scala: line 21: 30963 Killed                  "$@"
