Starting...
=> Created registry
=> Bind ECG history
RMI Registry started!
Use Crtl+C to stop the server
[2019-04-09T19:51:09.579][Master] Registered ReplicaA
[2019-04-09T19:51:09.711][Master] Registered //10.156.0.2/ReplicaA
[2019-04-09T19:51:11.559][Master] Registered ReplicaB
[2019-04-09T19:51:11.659][Master] Registered //10.156.0.2/ReplicaB
[2019-04-09T19:51:12.880][Master] Registered ReplicaC
[2019-04-09T19:51:12.976][Master] Registered //10.156.0.2/ReplicaC
[2019-04-09T19:51:14.150][Master] Registered ReplicaD
[2019-04-09T19:51:14.222][Master] Registered //10.156.0.2/ReplicaD
[2019-04-09T19:51:14.711][Master] Registered ReplicaE
[2019-04-09T19:51:14.771][Master] Registered //10.156.0.2/ReplicaE
[2019-04-09T19:51:19.597][Master] Registered ReplicaF
[2019-04-09T19:51:20.556][Master] Registered //10.156.0.2/ReplicaF
[2019-04-09T19:51:24.502][Master] Registered ReplicaG
[2019-04-09T19:51:25.457][Master] Registered //10.156.0.2/ReplicaG
[2019-04-09T19:51:29.424][Master] Registered ReplicaH
[2019-04-09T19:51:30.380][Master] Registered //10.156.0.2/ReplicaH
[2019-04-09T19:51:34.336][Master] Registered ReplicaI
[2019-04-09T19:51:35.292][Master] Registered //10.156.0.2/ReplicaI
[2019-04-09T19:51:39.201][Master] Registered ReplicaJ
[2019-04-09T19:51:40.156][Master] Registered //10.156.0.2/ReplicaJ
[2019-04-09T19:51:41.413][Master] Registered ReplicaK
[2019-04-09T19:51:41.873][Master] Registered //10.156.0.2/ReplicaK
[2019-04-09T19:51:45.013][Master] Registered ReplicaL
[2019-04-09T19:51:45.476][Master] Registered //10.156.0.2/ReplicaL
[2019-04-09T19:51:48.590][Master] Registered ReplicaM
[2019-04-09T19:51:49.056][Master] Registered //10.156.0.2/ReplicaM
[2019-04-09T19:51:51.495][Master] Registered ReplicaN
[2019-04-09T19:51:51.955][Master] Registered //10.156.0.2/ReplicaN
[2019-04-09T19:51:54.534][Master] Registered ReplicaO
[2019-04-09T19:51:55][Master] Registered //10.156.0.2/ReplicaO
[2019-04-09T19:52:00.171][Master] Write ECG writelog: WriteLogItem(1554839520155,E,WriteOperation(z,+,1))
[2019-04-09T19:52:00.173][Master] Read ECG writelog
[2019-04-09T19:52:05.584][Master] Write ECG writelog: WriteLogItem(1554839525419,N,WriteOperation(y,+,1))
[2019-04-09T19:52:05.691][Master] Read ECG writelog
[2019-04-09T19:52:09.141][Master] Write ECG writelog: WriteLogItem(1554839529131,A,WriteOperation(y,+,1))
[2019-04-09T19:52:09.143][Master] Read ECG writelog
[2019-04-09T19:52:17.089][Master] Write ECG writelog: WriteLogItem(1554839536508,H,WriteOperation(z,+,1))
[2019-04-09T19:52:17.320][Master] Read ECG writelog
[2019-04-09T19:52:24.903][Master] Write ECG writelog: WriteLogItem(1554839544320,I,WriteOperation(x,+,1))
[2019-04-09T19:52:25.134][Master] Read ECG writelog
[2019-04-09T19:52:30.816][Master] Write ECG writelog: WriteLogItem(1554839550550,N,WriteOperation(z,+,1))
[2019-04-09T19:52:30.922][Master] Read ECG writelog
[2019-04-09T19:52:37.647][Master] Write ECG writelog: WriteLogItem(1554839557300,H,WriteOperation(x,+,1))
[2019-04-09T19:52:37.877][Master] Read ECG writelog
[2019-04-09T19:52:40.470][Master] Write ECG writelog: WriteLogItem(1554839560467,E,WriteOperation(z,+,1))
[2019-04-09T19:52:40.474][Master] Read ECG writelog
[2019-04-09T19:52:44.916][Master] Write ECG writelog: WriteLogItem(1554839564756,N,WriteOperation(z,+,1))
[2019-04-09T19:52:45.023][Master] Read ECG writelog
[2019-04-09T19:52:50.977][Master] Write ECG writelog: WriteLogItem(1554839570702,M,WriteOperation(x,+,1))
[2019-04-09T19:52:51.083][Master] Read ECG writelog
[2019-04-09T19:52:56.609][Master] Write ECG writelog: WriteLogItem(1554839576338,K,WriteOperation(x,+,1))
[2019-04-09T19:52:56.718][Master] Read ECG writelog
[2019-04-09T19:53:10.014][Master] Write ECG writelog: WriteLogItem(1554839590010,E,WriteOperation(y,+,1))
[2019-04-09T19:53:10.015][Master] Read ECG writelog
[2019-04-09T19:53:18.219][Master] Write ECG writelog: WriteLogItem(1554839597639,I,WriteOperation(z,+,1))
[2019-04-09T19:53:18.449][Master] Read ECG writelog
[2019-04-09T19:53:21.940][Master] Write ECG writelog: WriteLogItem(1554839601937,D,WriteOperation(z,+,1))
[2019-04-09T19:53:21.943][Master] Read ECG writelog
[2019-04-09T19:53:25.177][Master] Write ECG writelog: WriteLogItem(1554839605170,A,WriteOperation(y,+,1))
[2019-04-09T19:53:25.183][Master] Read ECG writelog
[2019-04-09T19:53:33.375][Master] Write ECG writelog: WriteLogItem(1554839612798,F,WriteOperation(x,+,1))
[2019-04-09T19:53:33.607][Master] Read ECG writelog
[2019-04-09T19:53:53.933][Master] Write ECG writelog: WriteLogItem(1554839633668,K,WriteOperation(x,+,1))
[2019-04-09T19:53:54.040][Master] Read ECG writelog
[2019-04-09T19:54:03.700][Master] Write ECG writelog: WriteLogItem(1554839643697,B,WriteOperation(x,+,1))
[2019-04-09T19:54:03.702][Master] Read ECG writelog
[2019-04-09T19:54:15.889][Master] Write ECG writelog: WriteLogItem(1554839655729,K,WriteOperation(z,+,1))
[2019-04-09T19:54:15.996][Master] Read ECG writelog
[2019-04-09T19:54:21.485][Master] Write ECG writelog: WriteLogItem(1554839661219,N,WriteOperation(y,+,1))
[2019-04-09T19:54:21.593][Master] Read ECG writelog
[2019-04-09T19:54:29.194][Master] Write ECG writelog: WriteLogItem(1554839668615,J,WriteOperation(z,+,1))
[2019-04-09T19:54:29.425][Master] Read ECG writelog
[2019-04-09T19:54:34.812][Master] Write ECG writelog: WriteLogItem(1554839674544,O,WriteOperation(y,+,1))
[2019-04-09T19:54:34.920][Master] Read ECG writelog
[2019-04-09T19:54:47.251][Master] Write ECG writelog: WriteLogItem(1554839687247,E,WriteOperation(z,+,1))
[2019-04-09T19:54:47.256][Master] Read ECG writelog
[2019-04-09T19:54:50.222][Master] Write ECG writelog: WriteLogItem(1554839690218,B,WriteOperation(y,+,1))
[2019-04-09T19:54:50.224][Master] Read ECG writelog
[2019-04-09T19:55:02.910][Master] Write ECG writelog: WriteLogItem(1554839702333,I,WriteOperation(y,+,1))
[2019-04-09T19:55:03.141][Master] Read ECG writelog
[2019-04-09T19:55:20.763][Master] Write ECG writelog: WriteLogItem(1554839720759,E,WriteOperation(y,+,1))
[2019-04-09T19:55:20.765][Master] Read ECG writelog
[2019-04-09T19:55:28.178][Master] Write ECG writelog: WriteLogItem(1554839727601,F,WriteOperation(y,+,1))
[2019-04-09T19:55:28.409][Master] Read ECG writelog
[2019-04-09T19:55:41.482][Master] Write ECG writelog: WriteLogItem(1554839741478,E,WriteOperation(x,+,1))
[2019-04-09T19:55:41.484][Master] Read ECG writelog
[2019-04-09T19:55:50.482][Master] Write ECG writelog: WriteLogItem(1554839750476,D,WriteOperation(x,+,1))
[2019-04-09T19:55:50.484][Master] Read ECG writelog
[2019-04-09T19:56:00.353][Master] Write ECG writelog: WriteLogItem(1554839760351,E,WriteOperation(z,+,1))
[2019-04-09T19:56:00.357][Master] Read ECG writelog
[2019-04-09T19:56:05.427][Master] Write ECG writelog: WriteLogItem(1554839765160,N,WriteOperation(x,+,1))
[2019-04-09T19:56:05.535][Master] Read ECG writelog
[2019-04-09T19:56:20.563][Master] Write ECG writelog: WriteLogItem(1554839780292,M,WriteOperation(y,+,1))
[2019-04-09T19:56:20.671][Master] Read ECG writelog
[2019-04-09T19:56:37.367][Master] Write ECG writelog: WriteLogItem(1554839797020,G,WriteOperation(z,+,1))
[2019-04-09T19:56:37.598][Master] Read ECG writelog
[2019-04-09T19:56:55.064][Master] Write ECG writelog: WriteLogItem(1554839815060,E,WriteOperation(y,+,1))
[2019-04-09T19:56:55.066][Master] Read ECG writelog
[2019-04-09T19:57:01.959][Master] Write ECG writelog: WriteLogItem(1554839821382,F,WriteOperation(z,+,1))
[2019-04-09T19:57:02.191][Master] Read ECG writelog
[2019-04-09T19:57:20.604][Master] Write ECG writelog: WriteLogItem(1554839840339,L,WriteOperation(y,+,1))
[2019-04-09T19:57:20.711][Master] Read ECG writelog
[2019-04-09T19:57:35.688][Master] Write ECG writelog: WriteLogItem(1554839855422,M,WriteOperation(y,+,1))
[2019-04-09T19:57:35.794][Master] Read ECG writelog
[2019-04-09T19:57:46.553][Master] Write ECG writelog: WriteLogItem(1554839866287,N,WriteOperation(z,+,1))
[2019-04-09T19:57:46.659][Master] Read ECG writelog
[2019-04-09T19:57:48.922][Master] Write ECG writelog: WriteLogItem(1554839868919,B,WriteOperation(y,+,1))
[2019-04-09T19:57:48.924][Master] Read ECG writelog
[2019-04-09T19:58:01.041][Master] Write ECG writelog: WriteLogItem(1554839880774,O,WriteOperation(y,+,1))
[2019-04-09T19:58:01.148][Master] Read ECG writelog
[2019-04-09T19:58:14.357][Master] Write ECG writelog: WriteLogItem(1554839893782,I,WriteOperation(z,+,1))
[2019-04-09T19:58:14.588][Master] Read ECG writelog
[2019-04-09T19:58:33.086][Master] Write ECG writelog: WriteLogItem(1554839912740,I,WriteOperation(x,+,1))
[2019-04-09T19:58:33.317][Master] Read ECG writelog
[2019-04-09T19:58:41.194][Master] Write ECG writelog: WriteLogItem(1554839920848,I,WriteOperation(y,+,1))
[2019-04-09T19:58:41.425][Master] Read ECG writelog
[2019-04-09T19:59:03.119][Master] Write ECG writelog: WriteLogItem(1554839942539,J,WriteOperation(z,+,1))
[2019-04-09T19:59:03.349][Master] Read ECG writelog
[2019-04-09T19:59:25.550][Master] Write ECG writelog: WriteLogItem(1554839964973,F,WriteOperation(x,+,1))
[2019-04-09T19:59:25.783][Master] Read ECG writelog
[2019-04-09T19:59:44.659][Master] Write ECG writelog: WriteLogItem(1554839984084,J,WriteOperation(y,+,1))
[2019-04-09T19:59:44.889][Master] Read ECG writelog
[2019-04-09T20:00:01.298][Master] Write ECG writelog: WriteLogItem(1554840001033,M,WriteOperation(z,+,1))
[2019-04-09T20:00:01.408][Master] Read ECG writelog
[2019-04-09T20:00:14.052][Master] Write ECG writelog: WriteLogItem(1554840014047,B,WriteOperation(x,+,1))
[2019-04-09T20:00:14.055][Master] Read ECG writelog
[2019-04-09T20:00:21.345][Master] Write ECG writelog: WriteLogItem(1554840021344,B,WriteOperation(x,+,1))
[2019-04-09T20:00:21.348][Master] Read ECG writelog
[2019-04-09T20:00:29.261][Master] Write ECG writelog: WriteLogItem(1554840028994,K,WriteOperation(z,+,1))
[2019-04-09T20:00:29.370][Master] Read ECG writelog
[2019-04-09T20:00:33.857][Master] Write ECG writelog: WriteLogItem(1554840033592,O,WriteOperation(y,+,1))
[2019-04-09T20:00:33.964][Master] Read ECG writelog
[2019-04-09T20:00:46.003][Master] Write ECG writelog: WriteLogItem(1554840045997,A,WriteOperation(x,+,1))
[2019-04-09T20:00:46.004][Master] Read ECG writelog
[2019-04-09T20:00:57.177][Master] Write ECG writelog: WriteLogItem(1554840056912,N,WriteOperation(x,+,1))
[2019-04-09T20:00:57.288][Master] Read ECG writelog
[2019-04-09T20:01:09.722][Master] Write ECG writelog: WriteLogItem(1554840069719,B,WriteOperation(z,+,1))
[2019-04-09T20:01:09.723][Master] Read ECG writelog
[2019-04-09T20:01:22.499][Master] Write ECG writelog: WriteLogItem(1554840081920,G,WriteOperation(x,+,1))
[2019-04-09T20:01:22.732][Master] Read ECG writelog
[2019-04-09T20:01:41.814][Master] Write ECG writelog: WriteLogItem(1554840101546,N,WriteOperation(x,+,1))
[2019-04-09T20:01:41.921][Master] Read ECG writelog
[2019-04-09T20:01:56.380][Master] Write ECG writelog: WriteLogItem(1554840115805,J,WriteOperation(y,+,1))
[2019-04-09T20:01:56.612][Master] Read ECG writelog
[2019-04-09T20:02:15.982][Master] Write ECG writelog: WriteLogItem(1554840135717,M,WriteOperation(x,+,1))
[2019-04-09T20:02:16.089][Master] Read ECG writelog
[2019-04-09T20:02:30.083][Master] Write ECG writelog: WriteLogItem(1554840149508,I,WriteOperation(z,+,1))
[2019-04-09T20:02:30.315][Master] Read ECG writelog
[2019-04-09T20:02:43.295][Master] Write ECG writelog: WriteLogItem(1554840163290,A,WriteOperation(y,+,1))
[2019-04-09T20:02:43.296][Master] Read ECG writelog
[2019-04-09T20:02:57.611][Master] Write ECG writelog: WriteLogItem(1554840177035,G,WriteOperation(x,+,1))
[2019-04-09T20:02:57.842][Master] Read ECG writelog
[2019-04-09T20:03:15.761][Master] Write ECG writelog: WriteLogItem(1554840195178,H,WriteOperation(z,+,1))
[2019-04-09T20:03:15.994][Master] Read ECG writelog
[2019-04-09T20:03:33.822][Master] Write ECG writelog: WriteLogItem(1554840213817,B,WriteOperation(x,+,1))
[2019-04-09T20:03:33.826][Master] Read ECG writelog
[2019-04-09T20:03:47.388][Master] Write ECG writelog: WriteLogItem(1554840226813,I,WriteOperation(z,+,1))
[2019-04-09T20:03:47.622][Master] Read ECG writelog
[2019-04-09T20:04:05.961][Master] Write ECG writelog: WriteLogItem(1554840245385,J,WriteOperation(y,+,1))
[2019-04-09T20:04:06.193][Master] Read ECG writelog
[2019-04-09T20:04:24.745][Master] Write ECG writelog: WriteLogItem(1554840264171,G,WriteOperation(z,+,1))
[2019-04-09T20:04:24.977][Master] Read ECG writelog
[2019-04-09T20:04:38.775][Master] Write ECG writelog: WriteLogItem(1554840278771,D,WriteOperation(y,+,1))
[2019-04-09T20:04:38.778][Master] Read ECG writelog
[2019-04-09T20:04:50.252][Master] Write ECG writelog: WriteLogItem(1554840289987,M,WriteOperation(y,+,1))
[2019-04-09T20:04:50.360][Master] Read ECG writelog
[2019-04-09T20:04:59.566][Master] Write ECG writelog: WriteLogItem(1554840299563,B,WriteOperation(x,+,1))
[2019-04-09T20:04:59.567][Master] Read ECG writelog
[2019-04-09T20:05:07.139][Master] Write ECG writelog: WriteLogItem(1554840307137,B,WriteOperation(y,+,1))
[2019-04-09T20:05:07.140][Master] Read ECG writelog
[2019-04-09T20:05:13.253][Master] Write ECG writelog: WriteLogItem(1554840313250,A,WriteOperation(z,+,1))
[2019-04-09T20:05:13.255][Master] Read ECG writelog
[2019-04-09T20:05:20.876][Master] Write ECG writelog: WriteLogItem(1554840320874,B,WriteOperation(y,+,1))
[2019-04-09T20:05:20.877][Master] Read ECG writelog
[2019-04-09T20:05:35.021][Master] Write ECG writelog: WriteLogItem(1554840334445,F,WriteOperation(z,+,1))
[2019-04-09T20:05:35.253][Master] Read ECG writelog
[2019-04-09T20:05:50.222][Master] Write ECG writelog: WriteLogItem(1554840350219,D,WriteOperation(z,+,1))
[2019-04-09T20:05:50.224][Master] Read ECG writelog
[2019-04-09T20:05:55.184][Master] Write ECG writelog: WriteLogItem(1554840354919,L,WriteOperation(y,+,1))
[2019-04-09T20:05:55.290][Master] Read ECG writelog
[2019-04-09T20:07:42.482][Master] Write ECG writelog: WriteLogItem(1554840461906,I,WriteOperation(z,+,1))
[2019-04-09T20:07:42.714][Master] Read ECG writelog
[2019-04-09T20:07:59.101][Master] Write ECG writelog: WriteLogItem(1554840479097,B,WriteOperation(y,+,1))
[2019-04-09T20:07:59.103][Master] Read ECG writelog
[2019-04-09T20:08:09.619][Master] Write ECG writelog: WriteLogItem(1554840489354,K,WriteOperation(x,+,1))
[2019-04-09T20:08:09.726][Master] Read ECG writelog
[2019-04-09T20:08:21.616][Master] Write ECG writelog: WriteLogItem(1554840501609,C,WriteOperation(x,+,1))
[2019-04-09T20:08:21.620][Master] Read ECG writelog
[2019-04-09T20:08:33.762][Master] Write ECG writelog: WriteLogItem(1554840513496,L,WriteOperation(x,+,1))
[2019-04-09T20:08:33.869][Master] Read ECG writelog
[2019-04-09T20:08:44.882][Master] Write ECG writelog: WriteLogItem(1554840524722,L,WriteOperation(z,+,1))
[2019-04-09T20:08:44.989][Master] Read ECG writelog
[2019-04-09T20:08:55.290][Master] Write ECG writelog: WriteLogItem(1554840535025,N,WriteOperation(y,+,1))
[2019-04-09T20:08:55.396][Master] Read ECG writelog
[2019-04-09T20:09:03.126][Master] Write ECG writelog: WriteLogItem(1554840542546,G,WriteOperation(z,+,1))
[2019-04-09T20:09:03.356][Master] Read ECG writelog
[2019-04-09T20:09:23.234][Master] Write ECG writelog: WriteLogItem(1554840562968,L,WriteOperation(z,+,1))
[2019-04-09T20:09:23.342][Master] Read ECG writelog
[2019-04-09T20:09:38.316][Master] Write ECG writelog: WriteLogItem(1554840578050,M,WriteOperation(x,+,1))
[2019-04-09T20:09:38.422][Master] Read ECG writelog
[2019-04-09T20:09:55.153][Master] Write ECG writelog: WriteLogItem(1554840594578,I,WriteOperation(z,+,1))
[2019-04-09T20:09:55.383][Master] Read ECG writelog
[2019-04-09T20:10:08.049][Master] Write ECG writelog: WriteLogItem(1554840608047,D,WriteOperation(y,+,1))
[2019-04-09T20:10:08.052][Master] Read ECG writelog
[2019-04-09T20:10:15.845][Master] Write ECG writelog: WriteLogItem(1554840615841,B,WriteOperation(z,+,1))
[2019-04-09T20:10:15.849][Master] Read ECG writelog
[2019-04-09T20:10:25.708][Master] Write ECG writelog: WriteLogItem(1554840625442,O,WriteOperation(x,+,1))
[2019-04-09T20:10:25.815][Master] Read ECG writelog
[2019-04-09T20:10:42.542][Master] Write ECG writelog: WriteLogItem(1554840641967,J,WriteOperation(y,+,1))
[2019-04-09T20:10:43.008][Master] Read ECG writelog
[2019-04-09T20:11:02.970][Master] Write ECG writelog: WriteLogItem(1554840662705,M,WriteOperation(x,+,1))
[2019-04-09T20:11:03.076][Master] Read ECG writelog
[2019-04-09T20:11:12.387][Master] Write ECG writelog: WriteLogItem(1554840672384,D,WriteOperation(x,+,1))
[2019-04-09T20:11:12.391][Master] Read ECG writelog
[2019-04-09T20:11:21.443][Master] Write ECG writelog: WriteLogItem(1554840681441,B,WriteOperation(z,+,1))
[2019-04-09T20:11:21.444][Master] Read ECG writelog
[2019-04-09T20:11:32.659][Master] Write ECG writelog: WriteLogItem(1554840692394,K,WriteOperation(x,+,1))
[2019-04-09T20:11:32.764][Master] Read ECG writelog
[2019-04-09T20:11:44.774][Master] Write ECG writelog: WriteLogItem(1554840704772,A,WriteOperation(y,+,1))
[2019-04-09T20:11:44.776][Master] Read ECG writelog
[2019-04-09T20:11:56.009][Master] Write ECG writelog: WriteLogItem(1554840715850,L,WriteOperation(x,+,1))
[2019-04-09T20:11:56.115][Master] Read ECG writelog
[2019-04-09T20:12:04.815][Master] Write ECG writelog: WriteLogItem(1554840724811,C,WriteOperation(y,+,1))
[2019-04-09T20:12:04.818][Master] Read ECG writelog
[2019-04-09T20:12:14.341][Master] Write ECG writelog: WriteLogItem(1554840734183,L,WriteOperation(y,+,1))
[2019-04-09T20:12:14.447][Master] Read ECG writelog
[2019-04-09T20:12:23.371][Master] Write ECG writelog: WriteLogItem(1554840743365,E,WriteOperation(z,+,1))
[2019-04-09T20:12:23.374][Master] Read ECG writelog
[2019-04-09T20:12:32.297][Master] Write ECG writelog: WriteLogItem(1554840751721,I,WriteOperation(z,+,1))
[2019-04-09T20:12:32.527][Master] Read ECG writelog
[2019-04-09T20:12:49.720][Master] Write ECG writelog: WriteLogItem(1554840769718,E,WriteOperation(x,+,1))
[2019-04-09T20:12:49.721][Master] Read ECG writelog
[2019-04-09T20:13:03.537][Master] Write ECG writelog: WriteLogItem(1554840782961,H,WriteOperation(x,+,1))
[2019-04-09T20:13:03.767][Master] Read ECG writelog
[2019-04-09T20:13:06.357][Master] Write ECG writelog: WriteLogItem(1554840786353,C,WriteOperation(y,+,1))
[2019-04-09T20:13:06.358][Master] Read ECG writelog
[2019-04-09T20:13:13.825][Master] Write ECG writelog: WriteLogItem(1554840793821,B,WriteOperation(z,+,1))
[2019-04-09T20:13:13.830][Master] Read ECG writelog
[2019-04-09T20:13:23.799][Master] Write ECG writelog: WriteLogItem(1554840803533,K,WriteOperation(x,+,1))
[2019-04-09T20:13:23.906][Master] Read ECG writelog
[2019-04-09T20:13:38.022][Master] Write ECG writelog: WriteLogItem(1554840817446,F,WriteOperation(y,+,1))
[2019-04-09T20:13:38.256][Master] Read ECG writelog
[2019-04-09T20:13:54.580][Master] Write ECG writelog: WriteLogItem(1554840834316,N,WriteOperation(y,+,1))
[2019-04-09T20:13:54.686][Master] Read ECG writelog
[2019-04-09T20:14:02.388][Master] Write ECG writelog: WriteLogItem(1554840841812,I,WriteOperation(x,+,1))
[2019-04-09T20:14:02.618][Master] Read ECG writelog
[2019-04-09T20:14:04.938][Master] Write ECG writelog: WriteLogItem(1554840844933,A,WriteOperation(x,+,1))
[2019-04-09T20:14:04.939][Master] Read ECG writelog
[2019-04-09T20:14:14.162][Master] Write ECG writelog: WriteLogItem(1554840853891,K,WriteOperation(z,+,1))
[2019-04-09T20:14:14.273][Master] Read ECG writelog
[2019-04-09T20:14:28.213][Master] Write ECG writelog: WriteLogItem(1554840867637,J,WriteOperation(x,+,1))
[2019-04-09T20:14:28.443][Master] Read ECG writelog
[2019-04-09T20:14:46.517][Master] Write ECG writelog: WriteLogItem(1554840885942,H,WriteOperation(x,+,1))
[2019-04-09T20:14:46.753][Master] Read ECG writelog
[2019-04-09T20:15:03.587][Master] Write ECG writelog: WriteLogItem(1554840903584,E,WriteOperation(y,+,1))
[2019-04-09T20:15:03.589][Master] Read ECG writelog
[2019-04-09T20:15:10.721][Master] Write ECG writelog: WriteLogItem(1554840910146,G,WriteOperation(y,+,1))
[2019-04-09T20:15:10.951][Master] Read ECG writelog
[2019-04-09T20:15:29.441][Master] Write ECG writelog: WriteLogItem(1554840928866,F,WriteOperation(x,+,1))
[2019-04-09T20:15:29.671][Master] Read ECG writelog
[2019-04-09T20:15:45.794][Master] Write ECG writelog: WriteLogItem(1554840945528,L,WriteOperation(y,+,1))
[2019-04-09T20:15:45.900][Master] Read ECG writelog
[2019-04-09T20:16:00.218][Master] Write ECG writelog: WriteLogItem(1554840960058,L,WriteOperation(x,+,1))
[2019-04-09T20:16:00.324][Master] Read ECG writelog
[2019-04-09T20:16:10.550][Master] Write ECG writelog: WriteLogItem(1554840970285,K,WriteOperation(x,+,1))
[2019-04-09T20:16:10.656][Master] Read ECG writelog
[2019-04-09T20:16:26.791][Master] Write ECG writelog: WriteLogItem(1554840986214,I,WriteOperation(x,+,1))
[2019-04-09T20:16:27.020][Master] Read ECG writelog
[2019-04-09T20:16:42.608][Master] Write ECG writelog: WriteLogItem(1554841002344,M,WriteOperation(z,+,1))
[2019-04-09T20:16:42.714][Master] Read ECG writelog
[2019-04-09T20:16:56.943][Master] Write ECG writelog: WriteLogItem(1554841016679,K,WriteOperation(y,+,1))
[2019-04-09T20:16:57.049][Master] Read ECG writelog
[2019-04-09T20:17:06.900][Master] Write ECG writelog: WriteLogItem(1554841026897,D,WriteOperation(x,+,1))
[2019-04-09T20:17:06.902][Master] Read ECG writelog
[2019-04-09T20:17:14.259][Master] Write ECG writelog: WriteLogItem(1554841033681,G,WriteOperation(y,+,1))
[2019-04-09T20:17:14.490][Master] Read ECG writelog
[2019-04-09T20:17:33.421][Master] Write ECG writelog: WriteLogItem(1554841053156,K,WriteOperation(z,+,1))
[2019-04-09T20:17:33.527][Master] Read ECG writelog
[2019-04-09T20:17:44.899][Master] Write ECG writelog: WriteLogItem(1554841064634,N,WriteOperation(z,+,1))
[2019-04-09T20:17:45.005][Master] Read ECG writelog
[2019-04-09T20:17:49.895][Master] Write ECG writelog: WriteLogItem(1554841069631,M,WriteOperation(z,+,1))
[2019-04-09T20:17:50.001][Master] Read ECG writelog
[2019-04-09T20:18:01.764][Master] Write ECG writelog: WriteLogItem(1554841081604,M,WriteOperation(y,+,1))
[2019-04-09T20:18:01.870][Master] Read ECG writelog
[2019-04-09T20:18:11.298][Master] Write ECG writelog: WriteLogItem(1554841091033,L,WriteOperation(x,+,1))
[2019-04-09T20:18:11.405][Master] Read ECG writelog
[2019-04-09T20:18:18.588][Master] Write ECG writelog: WriteLogItem(1554841098013,F,WriteOperation(x,+,1))
[2019-04-09T20:18:18.819][Master] Read ECG writelog
[2019-04-09T20:18:21.982][Master] Write ECG writelog: WriteLogItem(1554841101972,E,WriteOperation(y,+,1))
[2019-04-09T20:18:21.985][Master] Read ECG writelog
[2019-04-09T20:18:36.025][Master] Write ECG writelog: WriteLogItem(1554841115449,I,WriteOperation(x,+,1))
[2019-04-09T20:18:36.255][Master] Read ECG writelog
[2019-04-09T20:18:52.258][Master] Write ECG writelog: WriteLogItem(1554841131994,M,WriteOperation(y,+,1))
[2019-04-09T20:18:52.366][Master] Read ECG writelog
[2019-04-09T20:18:55.058][Master] Write ECG writelog: WriteLogItem(1554841135056,E,WriteOperation(z,+,1))
[2019-04-09T20:18:55.059][Master] Read ECG writelog
[2019-04-09T20:18:59.925][Master] Write ECG writelog: WriteLogItem(1554841139660,L,WriteOperation(z,+,1))
[2019-04-09T20:19:00.032][Master] Read ECG writelog
[2019-04-09T20:19:11.374][Master] Write ECG writelog: WriteLogItem(1554841151106,O,WriteOperation(y,+,1))
[2019-04-09T20:19:11.480][Master] Read ECG writelog
[2019-04-09T20:19:21.399][Master] Write ECG writelog: WriteLogItem(1554841161397,B,WriteOperation(z,+,1))
[2019-04-09T20:19:21.400][Master] Read ECG writelog
[2019-04-09T20:19:29.156][Master] Write ECG writelog: WriteLogItem(1554841169154,C,WriteOperation(x,+,1))
[2019-04-09T20:19:29.158][Master] Read ECG writelog
[2019-04-09T20:19:41.181][Master] Write ECG writelog: WriteLogItem(1554841180916,K,WriteOperation(z,+,1))
[2019-04-09T20:19:41.287][Master] Read ECG writelog
[2019-04-09T20:19:55.527][Master] Write ECG writelog: WriteLogItem(1554841194952,H,WriteOperation(y,+,1))
[2019-04-09T20:19:55.758][Master] Read ECG writelog
[2019-04-09T20:20:15.004][Master] Write ECG writelog: WriteLogItem(1554841214739,M,WriteOperation(x,+,1))
[2019-04-09T20:20:15.110][Master] Read ECG writelog
[2019-04-09T20:20:32.258][Master] Write ECG writelog: WriteLogItem(1554841231683,I,WriteOperation(z,+,1))
[2019-04-09T20:20:32.489][Master] Read ECG writelog
[2019-04-09T20:20:51.964][Master] Write ECG writelog: WriteLogItem(1554841251699,O,WriteOperation(z,+,1))
[2019-04-09T20:20:52.071][Master] Read ECG writelog
[2019-04-09T20:21:09.318][Master] Write ECG writelog: WriteLogItem(1554841268743,G,WriteOperation(z,+,1))
[2019-04-09T20:21:09.548][Master] Read ECG writelog
[2019-04-09T20:21:28.075][Master] Write ECG writelog: WriteLogItem(1554841287498,I,WriteOperation(x,+,1))
[2019-04-09T20:21:28.306][Master] Read ECG writelog
[2019-04-09T20:21:41.177][Master] Write ECG writelog: WriteLogItem(1554841301174,B,WriteOperation(z,+,1))
[2019-04-09T20:21:41.179][Master] Read ECG writelog
[2019-04-09T20:21:52.823][Master] Write ECG writelog: WriteLogItem(1554841312665,L,WriteOperation(y,+,1))
[2019-04-09T20:21:52.929][Master] Read ECG writelog
[2019-04-09T20:22:09.509][Master] Write ECG writelog: WriteLogItem(1554841328916,G,WriteOperation(y,+,1))
[2019-04-09T20:22:09.745][Master] Read ECG writelog
[2019-04-09T20:22:28.284][Master] Write ECG writelog: WriteLogItem(1554841347708,H,WriteOperation(y,+,1))
[2019-04-09T20:22:28.514][Master] Read ECG writelog
[2019-04-09T20:22:46.487][Master] Write ECG writelog: WriteLogItem(1554841365910,G,WriteOperation(x,+,1))
[2019-04-09T20:22:46.718][Master] Read ECG writelog
[2019-04-09T20:23:08.508][Master] Write ECG writelog: WriteLogItem(1554841387931,I,WriteOperation(z,+,1))
[2019-04-09T20:23:08.740][Master] Read ECG writelog
[2019-04-09T20:24:48.786][Master] Write ECG writelog: WriteLogItem(1554841488784,E,WriteOperation(z,+,1))
[2019-04-09T20:24:48.791][Master] Read ECG writelog
[2019-04-09T20:24:55.910][Master] Write ECG writelog: WriteLogItem(1554841495333,J,WriteOperation(z,+,1))
[2019-04-09T20:24:56.142][Master] Read ECG writelog
[2019-04-09T20:25:17.772][Master] Write ECG writelog: WriteLogItem(1554841517195,G,WriteOperation(z,+,1))
[2019-04-09T20:25:18.002][Master] Read ECG writelog
[2019-04-09T20:25:34.414][Master] Write ECG writelog: WriteLogItem(1554841534149,K,WriteOperation(z,+,1))
[2019-04-09T20:25:34.520][Master] Read ECG writelog
[2019-04-09T20:25:48.916][Master] Write ECG writelog: WriteLogItem(1554841548651,N,WriteOperation(y,+,1))
[2019-04-09T20:25:49.024][Master] Read ECG writelog
[2019-04-09T20:26:05.991][Master] Write ECG writelog: WriteLogItem(1554841565413,I,WriteOperation(y,+,1))
[2019-04-09T20:26:06.221][Master] Read ECG writelog
[2019-04-09T20:26:13.184][Master] Write ECG writelog: WriteLogItem(1554841572836,I,WriteOperation(x,+,1))
[2019-04-09T20:26:13.414][Master] Read ECG writelog
[2019-04-09T20:26:30.296][Master] Write ECG writelog: WriteLogItem(1554841590293,D,WriteOperation(x,+,1))
[2019-04-09T20:26:30.297][Master] Read ECG writelog
[2019-04-09T20:26:35.202][Master] Write ECG writelog: WriteLogItem(1554841594936,O,WriteOperation(x,+,1))
[2019-04-09T20:26:35.308][Master] Read ECG writelog
[2019-04-09T20:26:46.661][Master] Write ECG writelog: WriteLogItem(1554841606397,M,WriteOperation(z,+,1))
[2019-04-09T20:26:46.767][Master] Read ECG writelog
[2019-04-09T20:27:00.437][Master] Write ECG writelog: WriteLogItem(1554841619861,G,WriteOperation(x,+,1))
[2019-04-09T20:27:00.667][Master] Read ECG writelog
[2019-04-09T20:27:18.227][Master] Write ECG writelog: WriteLogItem(1554841637648,F,WriteOperation(z,+,1))
[2019-04-09T20:27:18.458][Master] Read ECG writelog
[2019-04-09T20:27:35.267][Master] Write ECG writelog: WriteLogItem(1554841655264,D,WriteOperation(y,+,1))
[2019-04-09T20:27:35.270][Master] Read ECG writelog
[2019-04-09T20:27:42.097][Master] Write ECG writelog: WriteLogItem(1554841661519,J,WriteOperation(x,+,1))
[2019-04-09T20:27:42.328][Master] Read ECG writelog
[2019-04-09T20:28:00.460][Master] Write ECG writelog: WriteLogItem(1554841679885,H,WriteOperation(z,+,1))
[2019-04-09T20:28:00.691][Master] Read ECG writelog
[2019-04-09T20:28:17.813][Master] Write ECG writelog: WriteLogItem(1554841697810,E,WriteOperation(y,+,1))
[2019-04-09T20:28:17.815][Master] Read ECG writelog
[2019-04-09T20:28:21.929][Master] Write ECG writelog: WriteLogItem(1554841701665,N,WriteOperation(y,+,1))
[2019-04-09T20:28:22.035][Master] Read ECG writelog
[2019-04-09T20:28:26.187][Master] Write ECG writelog: WriteLogItem(1554841706029,N,WriteOperation(z,+,1))
[2019-04-09T20:28:26.293][Master] Read ECG writelog
[2019-04-09T20:28:33.111][Master] Write ECG writelog: WriteLogItem(1554841712537,J,WriteOperation(y,+,1))
[2019-04-09T20:28:33.341][Master] Read ECG writelog
[2019-04-09T20:28:55.089][Master] Write ECG writelog: WriteLogItem(1554841734514,F,WriteOperation(y,+,1))
[2019-04-09T20:28:55.319][Master] Read ECG writelog
[2019-04-09T20:29:15.052][Master] Write ECG writelog: WriteLogItem(1554841754786,O,WriteOperation(z,+,1))
[2019-04-09T20:29:15.158][Master] Read ECG writelog
[2019-04-09T20:29:27.531][Master] Write ECG writelog: WriteLogItem(1554841767265,L,WriteOperation(x,+,1))
[2019-04-09T20:29:27.637][Master] Read ECG writelog
[2019-04-09T20:29:41.077][Master] Write ECG writelog: WriteLogItem(1554841780502,H,WriteOperation(z,+,1))
[2019-04-09T20:29:41.308][Master] Read ECG writelog
[2019-04-09T20:29:56.346][Master] Write ECG writelog: WriteLogItem(1554841796082,K,WriteOperation(y,+,1))
[2019-04-09T20:29:56.452][Master] Read ECG writelog
[2019-04-09T20:30:07.691][Master] Write ECG writelog: WriteLogItem(1554841807531,K,WriteOperation(y,+,1))
[2019-04-09T20:30:07.797][Master] Read ECG writelog
[2019-04-09T20:30:21.771][Master] Write ECG writelog: WriteLogItem(1554841821195,J,WriteOperation(z,+,1))
[2019-04-09T20:30:22.001][Master] Read ECG writelog
[2019-04-09T20:30:35.136][Master] Write ECG writelog: WriteLogItem(1554841835134,B,WriteOperation(x,+,1))
[2019-04-09T20:30:35.137][Master] Read ECG writelog
[2019-04-09T20:30:47.142][Master] Write ECG writelog: WriteLogItem(1554841846796,J,WriteOperation(x,+,1))
[2019-04-09T20:30:47.372][Master] Read ECG writelog
[2019-04-09T20:31:02.138][Master] Write ECG writelog: WriteLogItem(1554841861874,L,WriteOperation(y,+,1))
[2019-04-09T20:31:02.245][Master] Read ECG writelog
[2019-04-09T20:31:14.119][Master] Write ECG writelog: WriteLogItem(1554841874117,A,WriteOperation(x,+,1))
[2019-04-09T20:31:14.120][Master] Read ECG writelog
[2019-04-09T20:31:27.720][Master] Write ECG writelog: WriteLogItem(1554841887145,J,WriteOperation(x,+,1))
[2019-04-09T20:31:27.951][Master] Read ECG writelog
[2019-04-09T20:31:45.617][Master] Write ECG writelog: WriteLogItem(1554841905041,H,WriteOperation(x,+,1))
[2019-04-09T20:31:45.847][Master] Read ECG writelog
[2019-04-09T20:31:59.106][Master] Write ECG writelog: WriteLogItem(1554841919104,C,WriteOperation(y,+,1))
[2019-04-09T20:31:59.109][Master] Read ECG writelog
[2019-04-09T20:32:08.851][Master] Write ECG writelog: WriteLogItem(1554841928848,C,WriteOperation(z,+,1))
[2019-04-09T20:32:08.852][Master] Read ECG writelog
[2019-04-09T20:32:17.244][Master] Write ECG writelog: WriteLogItem(1554841936979,M,WriteOperation(y,+,1))
[2019-04-09T20:32:17.350][Master] Read ECG writelog
[2019-04-09T20:32:20.242][Master] Write ECG writelog: WriteLogItem(1554841940240,A,WriteOperation(x,+,1))
[2019-04-09T20:32:20.243][Master] Read ECG writelog
[2019-04-09T20:32:29.820][Master] Write ECG writelog: WriteLogItem(1554841949555,O,WriteOperation(y,+,1))
[2019-04-09T20:32:29.926][Master] Read ECG writelog
[2019-04-09T20:32:41.410][Master] Write ECG writelog: WriteLogItem(1554841961406,C,WriteOperation(y,+,1))
[2019-04-09T20:32:41.412][Master] Read ECG writelog
[2019-04-09T20:32:53.739][Master] Write ECG writelog: WriteLogItem(1554841973163,J,WriteOperation(z,+,1))
[2019-04-09T20:32:53.970][Master] Read ECG writelog
[2019-04-09T20:33:13.542][Master] Write ECG writelog: WriteLogItem(1554841993277,N,WriteOperation(z,+,1))
[2019-04-09T20:33:13.649][Master] Read ECG writelog
[2019-04-09T20:33:19.385][Master] Write ECG writelog: WriteLogItem(1554841999121,O,WriteOperation(x,+,1))
[2019-04-09T20:33:19.491][Master] Read ECG writelog
[2019-04-09T20:33:30.500][Master] Write ECG writelog: WriteLogItem(1554842010341,N,WriteOperation(x,+,1))
[2019-04-09T20:33:30.606][Master] Read ECG writelog
[2019-04-09T20:33:45.498][Master] Write ECG writelog: WriteLogItem(1554842025233,M,WriteOperation(z,+,1))
[2019-04-09T20:33:45.605][Master] Read ECG writelog
[2019-04-09T20:33:58.539][Master] Write ECG writelog: WriteLogItem(1554842038537,C,WriteOperation(x,+,1))
[2019-04-09T20:33:58.540][Master] Read ECG writelog
[2019-04-09T20:34:09.944][Master] Write ECG writelog: WriteLogItem(1554842049677,L,WriteOperation(z,+,1))
[2019-04-09T20:34:10.051][Master] Read ECG writelog
[2019-04-09T20:34:21.944][Master] Write ECG writelog: WriteLogItem(1554842061784,L,WriteOperation(y,+,1))
[2019-04-09T20:34:22.051][Master] Read ECG writelog
[2019-04-09T20:34:34.395][Master] Write ECG writelog: WriteLogItem(1554842073820,F,WriteOperation(y,+,1))
[2019-04-09T20:34:34.626][Master] Read ECG writelog
[2019-04-09T20:34:52.272][Master] Write ECG writelog: WriteLogItem(1554842091927,F,WriteOperation(y,+,1))
[2019-04-09T20:34:52.502][Master] Read ECG writelog
[2019-04-09T20:35:06.493][Master] Write ECG writelog: WriteLogItem(1554842106490,E,WriteOperation(y,+,1))
[2019-04-09T20:35:06.495][Master] Read ECG writelog
[2019-04-09T20:35:20.751][Master] Write ECG writelog: WriteLogItem(1554842120178,J,WriteOperation(y,+,1))
[2019-04-09T20:35:20.981][Master] Read ECG writelog
[2019-04-09T20:35:39.341][Master] Write ECG writelog: WriteLogItem(1554842138995,J,WriteOperation(x,+,1))
[2019-04-09T20:35:39.570][Master] Read ECG writelog
[2019-04-09T20:35:53.096][Master] Write ECG writelog: WriteLogItem(1554842153093,A,WriteOperation(x,+,1))
[2019-04-09T20:35:53.097][Master] Read ECG writelog
[2019-04-09T20:36:02.526][Master] Write ECG writelog: WriteLogItem(1554842162524,A,WriteOperation(x,+,1))
[2019-04-09T20:36:02.527][Master] Read ECG writelog
[2019-04-09T20:36:13.283][Master] Write ECG writelog: WriteLogItem(1554842172699,J,WriteOperation(x,+,1))
[2019-04-09T20:36:13.515][Master] Read ECG writelog
[2019-04-09T20:36:30.940][Master] Write ECG writelog: WriteLogItem(1554842190936,C,WriteOperation(x,+,1))
[2019-04-09T20:36:30.941][Master] Read ECG writelog
[2019-04-09T20:36:39.003][Master] Write ECG writelog: WriteLogItem(1554842199001,C,WriteOperation(z,+,1))
[2019-04-09T20:36:39.003][Master] Read ECG writelog
[2019-04-09T20:36:49.892][Master] Write ECG writelog: WriteLogItem(1554842209318,G,WriteOperation(x,+,1))
[2019-04-09T20:36:50.122][Master] Read ECG writelog
[2019-04-09T20:37:12.015][Master] Write ECG writelog: WriteLogItem(1554842231439,F,WriteOperation(y,+,1))
[2019-04-09T20:37:12.245][Master] Read ECG writelog
[2019-04-09T20:37:28.860][Master] Write ECG writelog: WriteLogItem(1554842248858,C,WriteOperation(z,+,1))
[2019-04-09T20:37:28.861][Master] Read ECG writelog
[2019-04-09T20:37:41.355][Master] Write ECG writelog: WriteLogItem(1554842260781,I,WriteOperation(x,+,1))
[2019-04-09T20:37:41.586][Master] Read ECG writelog
[2019-04-09T20:38:00.611][Master] Write ECG writelog: WriteLogItem(1554842280345,M,WriteOperation(y,+,1))
[2019-04-09T20:38:00.718][Master] Read ECG writelog
[2019-04-09T20:38:05.925][Master] Write ECG writelog: WriteLogItem(1554842285659,L,WriteOperation(z,+,1))
[2019-04-09T20:38:06.032][Master] Read ECG writelog
[2019-04-09T20:38:18.004][Master] Write ECG writelog: WriteLogItem(1554842298001,A,WriteOperation(x,+,1))
[2019-04-09T20:38:18.005][Master] Read ECG writelog
[2019-04-09T20:38:25.024][Master] Write ECG writelog: WriteLogItem(1554842305022,A,WriteOperation(x,+,1))
[2019-04-09T20:38:25.025][Master] Read ECG writelog
[2019-04-09T20:38:38.301][Master] Write ECG writelog: WriteLogItem(1554842317725,H,WriteOperation(y,+,1))
[2019-04-09T20:38:38.531][Master] Read ECG writelog
[2019-04-09T20:38:55.689][Master] Write ECG writelog: WriteLogItem(1554842335686,B,WriteOperation(y,+,1))
[2019-04-09T20:38:55.692][Master] Read ECG writelog
[2019-04-09T20:39:07.561][Master] Write ECG writelog: WriteLogItem(1554842347296,O,WriteOperation(x,+,1))
[2019-04-09T20:39:07.667][Master] Read ECG writelog
[2019-04-09T20:39:22.490][Master] Write ECG writelog: WriteLogItem(1554842362331,O,WriteOperation(x,+,1))
[2019-04-09T20:39:22.596][Master] Read ECG writelog
[2019-04-09T20:39:32.403][Master] Write ECG writelog: WriteLogItem(1554842372139,L,WriteOperation(x,+,1))
[2019-04-09T20:39:32.509][Master] Read ECG writelog
[2019-04-09T20:39:48.374][Master] Write ECG writelog: WriteLogItem(1554842387795,I,WriteOperation(x,+,1))
[2019-04-09T20:39:48.604][Master] Read ECG writelog
[2019-04-09T20:40:06.855][Master] Write ECG writelog: WriteLogItem(1554842406280,J,WriteOperation(y,+,1))
[2019-04-09T20:40:07.085][Master] Read ECG writelog
[2019-04-09T20:40:20.509][Master] Write ECG writelog: WriteLogItem(1554842420506,B,WriteOperation(x,+,1))
[2019-04-09T20:40:20.509][Master] Read ECG writelog
[2019-04-09T20:40:28.396][Master] Write ECG writelog: WriteLogItem(1554842428388,E,WriteOperation(z,+,1))
[2019-04-09T20:40:28.403][Master] Read ECG writelog
[2019-04-09T20:40:30.392][Master] Write ECG writelog: WriteLogItem(1554842430389,C,WriteOperation(x,+,1))
[2019-04-09T20:40:30.393][Master] Read ECG writelog
[2019-04-09T20:40:42.224][Master] Write ECG writelog: WriteLogItem(1554842441955,K,WriteOperation(z,+,1))
[2019-04-09T20:40:42.330][Master] Read ECG writelog
[2019-04-09T20:42:26.556][Master] Write ECG writelog: WriteLogItem(1554842545973,H,WriteOperation(x,+,1))
[2019-04-09T20:42:26.789][Master] Read ECG writelog
[2019-04-09T20:42:44.669][Master] Write ECG writelog: WriteLogItem(1554842564094,G,WriteOperation(y,+,1))
[2019-04-09T20:42:44.900][Master] Read ECG writelog
[2019-04-09T20:42:58.910][Master] Write ECG writelog: WriteLogItem(1554842578908,B,WriteOperation(z,+,1))
[2019-04-09T20:42:58.911][Master] Read ECG writelog
[2019-04-09T20:43:08.095][Master] Write ECG writelog: WriteLogItem(1554842588092,D,WriteOperation(z,+,1))
[2019-04-09T20:43:08.096][Master] Read ECG writelog
[2019-04-09T20:43:19.591][Master] Write ECG writelog: WriteLogItem(1554842599325,N,WriteOperation(z,+,1))
[2019-04-09T20:43:19.698][Master] Read ECG writelog
[2019-04-09T20:43:22.636][Master] Write ECG writelog: WriteLogItem(1554842602633,D,WriteOperation(z,+,1))
[2019-04-09T20:43:22.636][Master] Read ECG writelog
[2019-04-09T20:43:28.918][Master] Write ECG writelog: WriteLogItem(1554842608914,D,WriteOperation(z,+,1))
[2019-04-09T20:43:28.919][Master] Read ECG writelog
[2019-04-09T20:43:34.450][Master] Write ECG writelog: WriteLogItem(1554842614448,B,WriteOperation(y,+,1))
[2019-04-09T20:43:34.451][Master] Read ECG writelog
[2019-04-09T20:43:46.115][Master] Write ECG writelog: WriteLogItem(1554842625541,G,WriteOperation(y,+,1))
[2019-04-09T20:43:46.347][Master] Read ECG writelog
[2019-04-09T20:44:07.407][Master] Write ECG writelog: WriteLogItem(1554842646830,I,WriteOperation(z,+,1))
[2019-04-09T20:44:07.638][Master] Read ECG writelog
[2019-04-09T20:44:28.872][Master] Write ECG writelog: WriteLogItem(1554842668297,G,WriteOperation(z,+,1))
[2019-04-09T20:44:29.102][Master] Read ECG writelog
[2019-04-09T20:44:44.257][Master] Write ECG writelog: WriteLogItem(1554842683992,N,WriteOperation(y,+,1))
[2019-04-09T20:44:44.363][Master] Read ECG writelog
[2019-04-09T20:45:01.513][Master] Write ECG writelog: WriteLogItem(1554842700938,I,WriteOperation(z,+,1))
[2019-04-09T20:45:01.744][Master] Read ECG writelog
[2019-04-09T20:45:22.340][Master] Write ECG writelog: WriteLogItem(1554842722075,N,WriteOperation(z,+,1))
[2019-04-09T20:45:22.446][Master] Read ECG writelog
[2019-04-09T20:45:29.933][Master] Write ECG writelog: WriteLogItem(1554842729358,G,WriteOperation(z,+,1))
[2019-04-09T20:45:30.163][Master] Read ECG writelog
[2019-04-09T20:45:47.578][Master] Write ECG writelog: WriteLogItem(1554842747003,F,WriteOperation(y,+,1))
[2019-04-09T20:45:47.808][Master] Read ECG writelog
[2019-04-09T20:46:03.370][Master] Write ECG writelog: WriteLogItem(1554842763102,L,WriteOperation(x,+,1))
[2019-04-09T20:46:03.476][Master] Read ECG writelog
[2019-04-09T20:46:12.915][Master] Write ECG writelog: WriteLogItem(1554842772913,B,WriteOperation(x,+,1))
[2019-04-09T20:46:12.916][Master] Read ECG writelog
[2019-04-09T20:46:25.392][Master] Write ECG writelog: WriteLogItem(1554842785046,F,WriteOperation(x,+,1))
[2019-04-09T20:46:25.622][Master] Read ECG writelog
[2019-04-09T20:46:28.254][Master] Write ECG writelog: WriteLogItem(1554842788252,B,WriteOperation(z,+,1))
[2019-04-09T20:46:28.254][Master] Read ECG writelog
[2019-04-09T20:46:36.808][Master] Write ECG writelog: WriteLogItem(1554842796805,A,WriteOperation(z,+,1))
[2019-04-09T20:46:36.809][Master] Read ECG writelog
[2019-04-09T20:46:44.242][Master] Write ECG writelog: WriteLogItem(1554842804236,C,WriteOperation(x,+,1))
[2019-04-09T20:46:44.243][Master] Read ECG writelog
[2019-04-09T20:46:51.387][Master] Write ECG writelog: WriteLogItem(1554842811385,A,WriteOperation(z,+,1))
[2019-04-09T20:46:51.388][Master] Read ECG writelog
[2019-04-09T20:47:02.060][Master] Write ECG writelog: WriteLogItem(1554842821482,G,WriteOperation(x,+,1))
[2019-04-09T20:47:02.290][Master] Read ECG writelog
[2019-04-09T20:47:21.360][Master] Write ECG writelog: WriteLogItem(1554842841095,K,WriteOperation(y,+,1))
[2019-04-09T20:47:21.466][Master] Read ECG writelog
[2019-04-09T20:47:35.905][Master] Write ECG writelog: WriteLogItem(1554842855640,O,WriteOperation(x,+,1))
[2019-04-09T20:47:36.011][Master] Read ECG writelog
[2019-04-09T20:47:52.822][Master] Write ECG writelog: WriteLogItem(1554842872246,J,WriteOperation(z,+,1))
[2019-04-09T20:47:53.052][Master] Read ECG writelog
[2019-04-09T20:48:15.917][Master] Write ECG writelog: WriteLogItem(1554842895341,G,WriteOperation(x,+,1))
[2019-04-09T20:48:16.148][Master] Read ECG writelog
[2019-04-09T20:48:29.665][Master] Write ECG writelog: WriteLogItem(1554842909661,E,WriteOperation(x,+,1))
[2019-04-09T20:48:29.667][Master] Read ECG writelog
[2019-04-09T20:48:43.894][Master] Write ECG writelog: WriteLogItem(1554842923547,G,WriteOperation(x,+,1))
[2019-04-09T20:48:44.124][Master] Read ECG writelog
[2019-04-09T20:49:00.186][Master] Write ECG writelog: WriteLogItem(1554842939922,O,WriteOperation(z,+,1))
[2019-04-09T20:49:00.292][Master] Read ECG writelog
[2019-04-09T20:49:11.418][Master] Write ECG writelog: WriteLogItem(1554842951259,O,WriteOperation(z,+,1))
[2019-04-09T20:49:11.524][Master] Read ECG writelog
[2019-04-09T20:49:23.727][Master] Write ECG writelog: WriteLogItem(1554842963152,H,WriteOperation(x,+,1))
[2019-04-09T20:49:23.957][Master] Read ECG writelog
[2019-04-09T20:49:45.126][Master] Write ECG writelog: WriteLogItem(1554842984862,K,WriteOperation(y,+,1))
[2019-04-09T20:49:45.232][Master] Read ECG writelog
[2019-04-09T20:49:53.945][Master] Write ECG writelog: WriteLogItem(1554842993943,D,WriteOperation(z,+,1))
[2019-04-09T20:49:53.946][Master] Read ECG writelog
[2019-04-09T20:50:05.136][Master] Write ECG writelog: WriteLogItem(1554843004870,O,WriteOperation(y,+,1))
[2019-04-09T20:50:05.243][Master] Read ECG writelog
[2019-04-09T20:50:14.069][Master] Write ECG writelog: WriteLogItem(1554843014066,B,WriteOperation(y,+,1))
[2019-04-09T20:50:14.070][Master] Read ECG writelog
[2019-04-09T20:50:26.176][Master] Write ECG writelog: WriteLogItem(1554843025601,I,WriteOperation(x,+,1))
[2019-04-09T20:50:26.406][Master] Read ECG writelog
[2019-04-09T20:50:39.116][Master] Write ECG writelog: WriteLogItem(1554843039113,D,WriteOperation(z,+,1))
[2019-04-09T20:50:39.117][Master] Read ECG writelog
[2019-04-09T20:50:46.891][Master] Write ECG writelog: WriteLogItem(1554843046889,C,WriteOperation(x,+,1))
[2019-04-09T20:50:46.892][Master] Read ECG writelog
[2019-04-09T20:50:55.790][Master] Write ECG writelog: WriteLogItem(1554843055788,C,WriteOperation(z,+,1))
[2019-04-09T20:50:55.791][Master] Read ECG writelog
[2019-04-09T20:51:03.885][Master] Write ECG writelog: WriteLogItem(1554843063619,K,WriteOperation(z,+,1))
[2019-04-09T20:51:03.991][Master] Read ECG writelog
[2019-04-09T20:51:17.959][Master] Write ECG writelog: WriteLogItem(1554843077691,M,WriteOperation(x,+,1))
[2019-04-09T20:51:18.066][Master] Read ECG writelog
[2019-04-09T20:51:35.164][Master] Write ECG writelog: WriteLogItem(1554843094819,H,WriteOperation(y,+,1))
[2019-04-09T20:51:35.394][Master] Read ECG writelog
[2019-04-09T20:51:52.860][Master] Write ECG writelog: WriteLogItem(1554843112857,E,WriteOperation(y,+,1))
[2019-04-09T20:51:52.861][Master] Read ECG writelog
[2019-04-09T20:52:01.852][Master] Write ECG writelog: WriteLogItem(1554843121849,B,WriteOperation(y,+,1))
[2019-04-09T20:52:01.853][Master] Read ECG writelog
[2019-04-09T20:52:11.124][Master] Write ECG writelog: WriteLogItem(1554843131121,B,WriteOperation(x,+,1))
[2019-04-09T20:52:11.125][Master] Read ECG writelog
[2019-04-09T20:52:19.501][Master] Write ECG writelog: WriteLogItem(1554843139236,N,WriteOperation(y,+,1))
[2019-04-09T20:52:19.607][Master] Read ECG writelog
[2019-04-09T20:52:36.096][Master] Write ECG writelog: WriteLogItem(1554843155522,J,WriteOperation(x,+,1))
[2019-04-09T20:52:36.326][Master] Read ECG writelog
[2019-04-09T20:52:57.902][Master] Write ECG writelog: WriteLogItem(1554843177327,H,WriteOperation(z,+,1))
[2019-04-09T20:52:58.132][Master] Read ECG writelog
[2019-04-09T20:53:13.782][Master] Write ECG writelog: WriteLogItem(1554843193516,L,WriteOperation(x,+,1))
[2019-04-09T20:53:13.888][Master] Read ECG writelog
[2019-04-09T20:53:31.229][Master] Write ECG writelog: WriteLogItem(1554843210647,F,WriteOperation(y,+,1))
[2019-04-09T20:53:31.461][Master] Read ECG writelog
[2019-04-09T20:53:53.405][Master] Write ECG writelog: WriteLogItem(1554843232825,I,WriteOperation(z,+,1))
[2019-04-09T20:53:53.637][Master] Read ECG writelog
[2019-04-09T20:54:14.966][Master] Write ECG writelog: WriteLogItem(1554843254390,F,WriteOperation(x,+,1))
[2019-04-09T20:54:15.196][Master] Read ECG writelog
[2019-04-09T20:54:33.918][Master] Write ECG writelog: WriteLogItem(1554843273342,H,WriteOperation(y,+,1))
[2019-04-09T20:54:34.150][Master] Read ECG writelog
[2019-04-09T20:54:49.714][Master] Write ECG writelog: WriteLogItem(1554843289449,N,WriteOperation(x,+,1))
[2019-04-09T20:54:49.819][Master] Read ECG writelog
[2019-04-09T20:54:57.783][Master] Write ECG writelog: WriteLogItem(1554843297207,J,WriteOperation(x,+,1))
[2019-04-09T20:54:58.013][Master] Read ECG writelog
[2019-04-09T20:55:11.648][Master] Write ECG writelog: WriteLogItem(1554843311646,B,WriteOperation(z,+,1))
[2019-04-09T20:55:11.649][Master] Read ECG writelog
[2019-04-09T20:55:24.174][Master] Write ECG writelog: WriteLogItem(1554843323592,G,WriteOperation(x,+,1))
[2019-04-09T20:55:24.407][Master] Read ECG writelog
[2019-04-09T20:55:44.122][Master] Write ECG writelog: WriteLogItem(1554843343857,O,WriteOperation(y,+,1))
[2019-04-09T20:55:44.228][Master] Read ECG writelog
[2019-04-09T20:55:58.878][Master] Write ECG writelog: WriteLogItem(1554843358613,M,WriteOperation(y,+,1))
[2019-04-09T20:55:58.984][Master] Read ECG writelog
[2019-04-09T20:56:03.458][Master] Write ECG writelog: WriteLogItem(1554843363195,N,WriteOperation(z,+,1))
[2019-04-09T20:56:03.563][Master] Read ECG writelog
[2019-04-09T20:56:06.012][Master] Write ECG writelog: WriteLogItem(1554843366009,A,WriteOperation(x,+,1))
[2019-04-09T20:56:06.014][Master] Read ECG writelog
[2019-04-09T20:56:19.854][Master] Write ECG writelog: WriteLogItem(1554843379509,F,WriteOperation(y,+,1))
[2019-04-09T20:56:20.084][Master] Read ECG writelog
[2019-04-09T20:56:37.786][Master] Write ECG writelog: WriteLogItem(1554843397441,H,WriteOperation(z,+,1))
[2019-04-09T20:56:38.016][Master] Read ECG writelog
[2019-04-09T20:56:52.737][Master] Write ECG writelog: WriteLogItem(1554843412734,D,WriteOperation(z,+,1))
[2019-04-09T20:56:52.737][Master] Read ECG writelog
[2019-04-09T20:57:04.168][Master] Write ECG writelog: WriteLogItem(1554843423905,M,WriteOperation(y,+,1))
[2019-04-09T20:57:04.274][Master] Read ECG writelog
[2019-04-09T20:57:20.910][Master] Write ECG writelog: WriteLogItem(1554843440336,I,WriteOperation(z,+,1))
[2019-04-09T20:57:21.140][Master] Read ECG writelog
[2019-04-09T20:57:36.765][Master] Write ECG writelog: WriteLogItem(1554843456502,M,WriteOperation(z,+,1))
[2019-04-09T20:57:36.871][Master] Read ECG writelog
[2019-04-09T20:57:48.229][Master] Write ECG writelog: WriteLogItem(1554843468069,M,WriteOperation(z,+,1))
[2019-04-09T20:57:48.335][Master] Read ECG writelog
[2019-04-09T20:58:00.444][Master] Write ECG writelog: WriteLogItem(1554843479866,I,WriteOperation(y,+,1))
[2019-04-09T20:58:00.674][Master] Read ECG writelog
[2019-04-09T20:58:03.577][Master] Write ECG writelog: WriteLogItem(1554843483574,B,WriteOperation(x,+,1))
[2019-04-09T20:58:03.578][Master] Read ECG writelog
[2019-04-09T20:58:15.210][Master] Write ECG writelog: WriteLogItem(1554843494946,N,WriteOperation(z,+,1))
[2019-04-09T20:58:15.316][Master] Read ECG writelog
[2019-04-09T20:58:28.776][Master] Write ECG writelog: WriteLogItem(1554843508195,F,WriteOperation(y,+,1))
[2019-04-09T20:58:29.009][Master] Read ECG writelog
[2019-04-09T20:58:31.835][Master] Write ECG writelog: WriteLogItem(1554843511833,E,WriteOperation(z,+,1))
[2019-04-09T20:58:31.837][Master] Read ECG writelog
[2019-04-09T21:00:03.581][Master] Write ECG writelog: WriteLogItem(1554843603004,F,WriteOperation(y,+,1))
[2019-04-09T21:00:03.812][Master] Read ECG writelog
[2019-04-09T21:00:08.690][Master] Write ECG writelog: WriteLogItem(1554843608425,O,WriteOperation(x,+,1))
[2019-04-09T21:00:08.796][Master] Read ECG writelog
[2019-04-09T21:00:19.451][Master] Write ECG writelog: WriteLogItem(1554843619185,M,WriteOperation(x,+,1))
[2019-04-09T21:00:19.557][Master] Read ECG writelog
[2019-04-09T21:00:33.991][Master] Write ECG writelog: WriteLogItem(1554843633831,M,WriteOperation(x,+,1))
[2019-04-09T21:00:34.097][Master] Read ECG writelog
[2019-04-09T21:00:43.348][Master] Write ECG writelog: WriteLogItem(1554843643084,N,WriteOperation(y,+,1))
[2019-04-09T21:00:43.453][Master] Read ECG writelog
[2019-04-09T21:00:59.839][Master] Write ECG writelog: WriteLogItem(1554843659264,H,WriteOperation(z,+,1))
[2019-04-09T21:01:00.069][Master] Read ECG writelog
[2019-04-09T21:01:07.005][Master] Write ECG writelog: WriteLogItem(1554843666429,I,WriteOperation(x,+,1))
[2019-04-09T21:01:07.235][Master] Read ECG writelog
[2019-04-09T21:01:28.291][Master] Write ECG writelog: WriteLogItem(1554843687945,I,WriteOperation(y,+,1))
[2019-04-09T21:01:28.521][Master] Read ECG writelog
[2019-04-09T21:01:30.924][Master] Write ECG writelog: WriteLogItem(1554843690922,E,WriteOperation(z,+,1))
[2019-04-09T21:01:30.925][Master] Read ECG writelog
[2019-04-09T21:01:42.517][Master] Write ECG writelog: WriteLogItem(1554843702172,H,WriteOperation(y,+,1))
[2019-04-09T21:01:42.746][Master] Read ECG writelog
[2019-04-09T21:01:59.548][Master] Write ECG writelog: WriteLogItem(1554843718967,J,WriteOperation(z,+,1))
[2019-04-09T21:01:59.780][Master] Read ECG writelog
[2019-04-09T21:02:05.246][Master] Write ECG writelog: WriteLogItem(1554843724981,K,WriteOperation(y,+,1))
[2019-04-09T21:02:05.354][Master] Read ECG writelog
[2019-04-09T21:02:19.386][Master] Write ECG writelog: WriteLogItem(1554843739121,N,WriteOperation(x,+,1))
[2019-04-09T21:02:19.492][Master] Read ECG writelog
[2019-04-09T21:02:26.683][Master] Write ECG writelog: WriteLogItem(1554843746102,H,WriteOperation(z,+,1))
[2019-04-09T21:02:26.914][Master] Read ECG writelog
[2019-04-09T21:02:29.839][Master] Write ECG writelog: WriteLogItem(1554843749837,B,WriteOperation(y,+,1))
[2019-04-09T21:02:29.840][Master] Read ECG writelog
[2019-04-09T21:02:41.820][Master] Write ECG writelog: WriteLogItem(1554843761246,F,WriteOperation(x,+,1))
[2019-04-09T21:02:42.049][Master] Read ECG writelog
[2019-04-09T21:03:01.796][Master] Write ECG writelog: WriteLogItem(1554843781532,M,WriteOperation(x,+,1))
[2019-04-09T21:03:01.902][Master] Read ECG writelog
[2019-04-09T21:03:10.419][Master] Write ECG writelog: WriteLogItem(1554843790417,C,WriteOperation(z,+,1))
[2019-04-09T21:03:10.420][Master] Read ECG writelog
[2019-04-09T21:03:15.144][Master] Write ECG writelog: WriteLogItem(1554843794878,L,WriteOperation(z,+,1))
[2019-04-09T21:03:15.249][Master] Read ECG writelog
[2019-04-09T21:03:21.986][Master] Write ECG writelog: WriteLogItem(1554843801410,F,WriteOperation(x,+,1))
[2019-04-09T21:03:22.217][Master] Read ECG writelog
[2019-04-09T21:03:37.142][Master] Write ECG writelog: WriteLogItem(1554843816983,L,WriteOperation(z,+,1))
[2019-04-09T21:03:37.248][Master] Read ECG writelog
[2019-04-09T21:03:43.898][Master] Write ECG writelog: WriteLogItem(1554843823315,I,WriteOperation(z,+,1))
[2019-04-09T21:03:44.130][Master] Read ECG writelog
[2019-04-09T21:03:46.906][Master] Write ECG writelog: WriteLogItem(1554843826903,A,WriteOperation(x,+,1))
[2019-04-09T21:03:46.907][Master] Read ECG writelog
[2019-04-09T21:03:58.757][Master] Write ECG writelog: WriteLogItem(1554843838183,H,WriteOperation(z,+,1))
[2019-04-09T21:03:58.987][Master] Read ECG writelog
[2019-04-09T21:04:03.852][Master] Write ECG writelog: WriteLogItem(1554843843587,L,WriteOperation(z,+,1))
[2019-04-09T21:04:03.958][Master] Read ECG writelog
[2019-04-09T21:04:09.065][Master] Write ECG writelog: WriteLogItem(1554843848801,N,WriteOperation(x,+,1))
[2019-04-09T21:04:09.173][Master] Read ECG writelog
[2019-04-09T21:04:20.093][Master] Write ECG writelog: WriteLogItem(1554843859829,M,WriteOperation(x,+,1))
[2019-04-09T21:04:20.199][Master] Read ECG writelog
[2019-04-09T21:04:25.030][Master] Write ECG writelog: WriteLogItem(1554843864871,N,WriteOperation(z,+,1))
[2019-04-09T21:04:25.135][Master] Read ECG writelog
[2019-04-09T21:04:27.528][Master] Write ECG writelog: WriteLogItem(1554843867526,B,WriteOperation(y,+,1))
[2019-04-09T21:04:27.532][Master] Read ECG writelog
[2019-04-09T21:04:39.930][Master] Write ECG writelog: WriteLogItem(1554843879348,G,WriteOperation(y,+,1))
[2019-04-09T21:04:40.163][Master] Read ECG writelog
[2019-04-09T21:04:56.447][Master] Write ECG writelog: WriteLogItem(1554843896184,L,WriteOperation(x,+,1))
[2019-04-09T21:04:56.553][Master] Read ECG writelog
[2019-04-09T21:05:07.981][Master] Write ECG writelog: WriteLogItem(1554843907978,A,WriteOperation(y,+,1))
[2019-04-09T21:05:07.982][Master] Read ECG writelog
[2019-04-09T21:05:16.017][Master] Write ECG writelog: WriteLogItem(1554843916015,E,WriteOperation(x,+,1))
[2019-04-09T21:05:16.018][Master] Read ECG writelog
[2019-04-09T21:05:24.327][Master] Write ECG writelog: WriteLogItem(1554843924325,A,WriteOperation(z,+,1))
[2019-04-09T21:05:24.327][Master] Read ECG writelog
[2019-04-09T21:05:34.346][Master] Write ECG writelog: WriteLogItem(1554843933771,I,WriteOperation(x,+,1))
[2019-04-09T21:05:34.575][Master] Read ECG writelog
[2019-04-09T21:05:47.259][Master] Write ECG writelog: WriteLogItem(1554843947257,C,WriteOperation(x,+,1))
[2019-04-09T21:05:47.260][Master] Read ECG writelog
[2019-04-09T21:05:55.730][Master] Write ECG writelog: WriteLogItem(1554843955729,C,WriteOperation(y,+,1))
[2019-04-09T21:05:55.731][Master] Read ECG writelog
[2019-04-09T21:06:04.345][Master] Write ECG writelog: WriteLogItem(1554843964341,E,WriteOperation(z,+,1))
[2019-04-09T21:06:04.348][Master] Read ECG writelog
[2019-04-09T21:06:11.023][Master] Write ECG writelog: WriteLogItem(1554843971021,D,WriteOperation(y,+,1))
[2019-04-09T21:06:11.024][Master] Read ECG writelog
[2019-04-09T21:06:22.137][Master] Write ECG writelog: WriteLogItem(1554843981872,L,WriteOperation(x,+,1))
[2019-04-09T21:06:22.243][Master] Read ECG writelog
[2019-04-09T21:06:31.292][Master] Write ECG writelog: WriteLogItem(1554843991288,A,WriteOperation(x,+,1))
[2019-04-09T21:06:31.293][Master] Read ECG writelog
[2019-04-09T21:06:38.619][Master] Write ECG writelog: WriteLogItem(1554843998617,E,WriteOperation(z,+,1))
[2019-04-09T21:06:38.619][Master] Read ECG writelog
[2019-04-09T21:06:48.298][Master] Write ECG writelog: WriteLogItem(1554844008035,O,WriteOperation(x,+,1))
[2019-04-09T21:06:48.404][Master] Read ECG writelog
[2019-04-09T21:07:00.135][Master] Write ECG writelog: WriteLogItem(1554844020133,E,WriteOperation(y,+,1))
[2019-04-09T21:07:00.136][Master] Read ECG writelog
[2019-04-09T21:07:08.100][Master] Write ECG writelog: WriteLogItem(1554844028098,B,WriteOperation(x,+,1))
[2019-04-09T21:07:08.101][Master] Read ECG writelog
[2019-04-09T21:07:21.482][Master] Write ECG writelog: WriteLogItem(1554844040907,I,WriteOperation(x,+,1))
[2019-04-09T21:07:21.712][Master] Read ECG writelog
[2019-04-09T21:07:38.657][Master] Write ECG writelog: WriteLogItem(1554844058393,M,WriteOperation(z,+,1))
[2019-04-09T21:07:38.762][Master] Read ECG writelog
[2019-04-09T21:07:54.550][Master] Write ECG writelog: WriteLogItem(1554844073975,H,WriteOperation(x,+,1))
[2019-04-09T21:07:54.782][Master] Read ECG writelog
[2019-04-09T21:08:12.129][Master] Write ECG writelog: WriteLogItem(1554844092126,E,WriteOperation(y,+,1))
[2019-04-09T21:08:12.130][Master] Read ECG writelog
[2019-04-09T21:08:24.158][Master] Write ECG writelog: WriteLogItem(1554844103582,I,WriteOperation(z,+,1))
[2019-04-09T21:08:24.387][Master] Read ECG writelog
[2019-04-09T21:08:31.942][Master] Write ECG writelog: WriteLogItem(1554844111359,F,WriteOperation(y,+,1))
[2019-04-09T21:08:32.174][Master] Read ECG writelog
[2019-04-09T21:08:35.184][Master] Write ECG writelog: WriteLogItem(1554844115178,A,WriteOperation(z,+,1))
[2019-04-09T21:08:35.186][Master] Read ECG writelog
[2019-04-09T21:08:46.678][Master] Write ECG writelog: WriteLogItem(1554844126414,L,WriteOperation(y,+,1))
[2019-04-09T21:08:46.784][Master] Read ECG writelog
[2019-04-09T21:08:55.699][Master] Write ECG writelog: WriteLogItem(1554844135697,C,WriteOperation(z,+,1))
[2019-04-09T21:08:55.700][Master] Read ECG writelog
[2019-04-09T21:09:05.479][Master] Write ECG writelog: WriteLogItem(1554844145214,M,WriteOperation(y,+,1))
[2019-04-09T21:09:05.584][Master] Read ECG writelog
[2019-04-09T21:09:17.135][Master] Write ECG writelog: WriteLogItem(1554844156871,N,WriteOperation(y,+,1))
[2019-04-09T21:09:17.241][Master] Read ECG writelog
[2019-04-09T21:09:29.512][Master] Write ECG writelog: WriteLogItem(1554844169510,B,WriteOperation(y,+,1))
[2019-04-09T21:09:29.514][Master] Read ECG writelog
[2019-04-09T21:09:38.876][Master] Write ECG writelog: WriteLogItem(1554844178611,K,WriteOperation(z,+,1))
[2019-04-09T21:09:38.981][Master] Read ECG writelog
[2019-04-09T21:09:55.738][Master] Write ECG writelog: WriteLogItem(1554844195163,J,WriteOperation(y,+,1))
[2019-04-09T21:09:55.968][Master] Read ECG writelog
[2019-04-09T21:10:14.204][Master] Write ECG writelog: WriteLogItem(1554844213939,O,WriteOperation(x,+,1))
[2019-04-09T21:10:14.310][Master] Read ECG writelog
[2019-04-09T21:10:27.747][Master] Write ECG writelog: WriteLogItem(1554844227172,H,WriteOperation(y,+,1))
[2019-04-09T21:10:27.977][Master] Read ECG writelog
[2019-04-09T21:10:41.567][Master] Write ECG writelog: WriteLogItem(1554844241564,C,WriteOperation(x,+,1))
[2019-04-09T21:10:41.568][Master] Read ECG writelog
[2019-04-09T21:10:51.365][Master] Write ECG writelog: WriteLogItem(1554844251099,L,WriteOperation(z,+,1))
[2019-04-09T21:10:51.471][Master] Read ECG writelog
[2019-04-09T21:10:54.153][Master] Write ECG writelog: WriteLogItem(1554844254151,A,WriteOperation(y,+,1))
[2019-04-09T21:10:54.154][Master] Read ECG writelog
[2019-04-09T21:11:00.761][Master] Write ECG writelog: WriteLogItem(1554844260758,B,WriteOperation(y,+,1))
[2019-04-09T21:11:00.762][Master] Read ECG writelog
[2019-04-09T21:11:09.139][Master] Write ECG writelog: WriteLogItem(1554844269138,A,WriteOperation(y,+,1))
[2019-04-09T21:11:09.140][Master] Read ECG writelog
[2019-04-09T21:11:14.270][Master] Write ECG writelog: WriteLogItem(1554844274268,A,WriteOperation(y,+,1))
[2019-04-09T21:11:14.270][Master] Read ECG writelog
[2019-04-09T21:11:26.085][Master] Write ECG writelog: WriteLogItem(1554844285740,F,WriteOperation(y,+,1))
[2019-04-09T21:11:26.315][Master] Read ECG writelog
[2019-04-09T21:11:31.158][Master] Write ECG writelog: WriteLogItem(1554844290893,L,WriteOperation(y,+,1))
[2019-04-09T21:11:31.264][Master] Read ECG writelog
[2019-04-09T21:11:43.364][Master] Write ECG writelog: WriteLogItem(1554844303362,E,WriteOperation(y,+,1))
[2019-04-09T21:11:43.365][Master] Read ECG writelog
[2019-04-09T21:11:55.748][Master] Write ECG writelog: WriteLogItem(1554844315174,G,WriteOperation(z,+,1))
[2019-04-09T21:11:55.978][Master] Read ECG writelog
[2019-04-09T21:12:16.875][Master] Write ECG writelog: WriteLogItem(1554844336530,G,WriteOperation(z,+,1))
[2019-04-09T21:12:17.105][Master] Read ECG writelog
[2019-04-09T21:12:33.798][Master] Write ECG writelog: WriteLogItem(1554844353215,H,WriteOperation(z,+,1))
[2019-04-09T21:12:34.030][Master] Read ECG writelog
[2019-04-09T21:12:38.630][Master] Write ECG writelog: WriteLogItem(1554844358365,O,WriteOperation(y,+,1))
[2019-04-09T21:12:38.736][Master] Read ECG writelog
[2019-04-09T21:12:50.345][Master] Write ECG writelog: WriteLogItem(1554844370342,A,WriteOperation(z,+,1))
[2019-04-09T21:12:50.346][Master] Read ECG writelog
/home/sven/.sdkman/candidates/scala/current/bin/scala: line 21: 11111 Killed                  "$@"
