[2019-04-10T14:26:20.224][Master] Starting...
[2019-04-10T14:26:20.435][Master] => Created registry
[2019-04-10T14:26:20.600][Master] => Bind ECG history
[2019-04-10T14:26:20.600][Master] RMI Registry started!
[2019-04-10T14:26:20.601][Master] Use Crtl+C to stop the server
--------------------------------------------------------------------------------------------

[2019-04-10T14:26:21.512][Master] Registered ReplicaA
[2019-04-10T14:26:21.635][Master] Registered //10.156.0.2/ReplicaA
[2019-04-10T14:26:21.797][Master] Registered ReplicaB
[2019-04-10T14:26:21.840][Master] Registered //10.156.0.2/ReplicaB
[2019-04-10T14:26:25.213][Master] Registered ReplicaC
[2019-04-10T14:26:26.177][Master] Registered //10.156.0.2/ReplicaC
[2019-04-10T14:26:28.746][Master] Registered ReplicaD
[2019-04-10T14:26:29.535][Master] Registered ReplicaE
[2019-04-10T14:26:29.698][Master] Registered //10.156.0.2/ReplicaD
[2019-04-10T14:26:30.033][Master] Registered //10.156.0.2/ReplicaE
[2019-04-10T14:26:31.007][Master] Registered ReplicaF
[2019-04-10T14:26:31.476][Master] Registered //10.156.0.2/ReplicaF
[2019-04-10T14:26:39.540][Master] Write ECG writelog: WriteLogItem(1554906399173,C,WriteOperation(f,+,1))
[2019-04-10T14:26:39.776][Master] Read ECG writelog
[2019-04-10T14:26:50.379][Master] Write ECG writelog: WriteLogItem(1554906410217,F,WriteOperation(g,+,1))
[2019-04-10T14:26:50.486][Master] Read ECG writelog
[2019-04-10T14:26:53.808][Master] Write ECG writelog: WriteLogItem(1554906413645,F,WriteOperation(h,+,1))
[2019-04-10T14:26:53.914][Master] Read ECG writelog
[2019-04-10T14:26:57.071][Master] Write ECG writelog: WriteLogItem(1554906417067,B,WriteOperation(h,+,1))
[2019-04-10T14:26:57.075][Master] Read ECG writelog
[2019-04-10T14:26:59.448][Master] Write ECG writelog: WriteLogItem(1554906419443,B,WriteOperation(g,+,1))
[2019-04-10T14:26:59.450][Master] Read ECG writelog
[2019-04-10T14:27:02.959][Master] Write ECG writelog: WriteLogItem(1554906422800,F,WriteOperation(h,+,1))
[2019-04-10T14:27:03.072][Master] Read ECG writelog
[2019-04-10T14:27:09.651][Master] Write ECG writelog: WriteLogItem(1554906429300,C,WriteOperation(f,+,1))
[2019-04-10T14:27:09.885][Master] Read ECG writelog
[2019-04-10T14:27:20.514][Master] Write ECG writelog: WriteLogItem(1554906440163,C,WriteOperation(f,+,1))
[2019-04-10T14:27:20.747][Master] Read ECG writelog
[2019-04-10T14:27:27.276][Master] Write ECG writelog: WriteLogItem(1554906447272,B,WriteOperation(f,+,1))
[2019-04-10T14:27:27.278][Master] Read ECG writelog
[2019-04-10T14:27:35.333][Master] Write ECG writelog: WriteLogItem(1554906455068,E,WriteOperation(h,+,1))
[2019-04-10T14:27:35.441][Master] Read ECG writelog
[2019-04-10T14:27:38.119][Master] Write ECG writelog: WriteLogItem(1554906458111,A,WriteOperation(f,+,1))
[2019-04-10T14:27:38.126][Master] Read ECG writelog
[2019-04-10T14:27:47.306][Master] Write ECG writelog: WriteLogItem(1554906466728,D,WriteOperation(g,+,1))
[2019-04-10T14:27:47.539][Master] Read ECG writelog
[2019-04-10T14:27:50.144][Master] Write ECG writelog: WriteLogItem(1554906470142,B,WriteOperation(f,+,1))
[2019-04-10T14:27:50.147][Master] Read ECG writelog
[2019-04-10T14:27:55.775][Master] Write ECG writelog: WriteLogItem(1554906475507,F,WriteOperation(h,+,1))
[2019-04-10T14:27:55.884][Master] Read ECG writelog
[2019-04-10T14:28:03.263][Master] Write ECG writelog: WriteLogItem(1554906482685,C,WriteOperation(h,+,1))
[2019-04-10T14:28:03.495][Master] Read ECG writelog
[2019-04-10T14:28:11.438][Master] Write ECG writelog: WriteLogItem(1554906491436,B,WriteOperation(g,+,1))
[2019-04-10T14:28:11.442][Master] Read ECG writelog
[2019-04-10T14:28:13.844][Master] Write ECG writelog: WriteLogItem(1554906493842,B,WriteOperation(g,+,1))
[2019-04-10T14:28:13.847][Master] Read ECG writelog
[2019-04-10T14:28:17.114][Master] Write ECG writelog: WriteLogItem(1554906497112,B,WriteOperation(h,+,1))
[2019-04-10T14:28:17.116][Master] Read ECG writelog
[2019-04-10T14:28:24.034][Master] Write ECG writelog: WriteLogItem(1554906503687,C,WriteOperation(f,+,1))
[2019-04-10T14:28:24.266][Master] Read ECG writelog
[2019-04-10T14:28:31.615][Master] Write ECG writelog: WriteLogItem(1554906511613,B,WriteOperation(g,+,1))
[2019-04-10T14:28:31.617][Master] Read ECG writelog
[2019-04-10T14:28:33.086][Master] Write ECG writelog: WriteLogItem(1554906513082,A,WriteOperation(g,+,1))
[2019-04-10T14:28:33.088][Master] Read ECG writelog
[2019-04-10T14:28:42.732][Master] Write ECG writelog: WriteLogItem(1554906522151,D,WriteOperation(f,+,1))
[2019-04-10T14:28:42.963][Master] Read ECG writelog
[2019-04-10T14:28:51.448][Master] Write ECG writelog: WriteLogItem(1554906531445,B,WriteOperation(h,+,1))
[2019-04-10T14:28:51.451][Master] Read ECG writelog
[2019-04-10T14:28:53.883][Master] Write ECG writelog: WriteLogItem(1554906533877,A,WriteOperation(h,+,1))
[2019-04-10T14:28:53.885][Master] Read ECG writelog
[2019-04-10T14:29:03.400][Master] Write ECG writelog: WriteLogItem(1554906543053,D,WriteOperation(h,+,1))
[2019-04-10T14:29:03.631][Master] Read ECG writelog
[2019-04-10T14:29:10.748][Master] Write ECG writelog: WriteLogItem(1554906550746,B,WriteOperation(h,+,1))
[2019-04-10T14:29:10.750][Master] Read ECG writelog
[2019-04-10T14:29:13.697][Master] Write ECG writelog: WriteLogItem(1554906553696,B,WriteOperation(g,+,1))
[2019-04-10T14:29:13.700][Master] Read ECG writelog
[2019-04-10T14:29:20.112][Master] Write ECG writelog: WriteLogItem(1554906559764,D,WriteOperation(h,+,1))
[2019-04-10T14:29:20.344][Master] Read ECG writelog
[2019-04-10T14:29:28.369][Master] Write ECG writelog: WriteLogItem(1554906568103,F,WriteOperation(f,+,1))
[2019-04-10T14:29:28.476][Master] Read ECG writelog
[2019-04-10T14:29:36.733][Master] Write ECG writelog: WriteLogItem(1554906576573,F,WriteOperation(f,+,1))
[2019-04-10T14:29:36.840][Master] Read ECG writelog
[2019-04-10T14:29:43.355][Master] Write ECG writelog: WriteLogItem(1554906583081,E,WriteOperation(g,+,1))
[2019-04-10T14:29:43.462][Master] Read ECG writelog
[2019-04-10T14:29:50.814][Master] Write ECG writelog: WriteLogItem(1554906590653,F,WriteOperation(g,+,1))
[2019-04-10T14:29:50.921][Master] Read ECG writelog
[2019-04-10T14:29:56.964][Master] Write ECG writelog: WriteLogItem(1554906596805,F,WriteOperation(f,+,1))
[2019-04-10T14:29:57.071][Master] Read ECG writelog
[2019-04-10T14:30:07.332][Master] Write ECG writelog: WriteLogItem(1554906606749,C,WriteOperation(f,+,1))
[2019-04-10T14:30:07.566][Master] Read ECG writelog
[2019-04-10T14:30:18.816][Master] Write ECG writelog: WriteLogItem(1554906618465,C,WriteOperation(f,+,1))
[2019-04-10T14:30:19.049][Master] Read ECG writelog
[2019-04-10T14:30:26.630][Master] Write ECG writelog: WriteLogItem(1554906626627,A,WriteOperation(f,+,1))
[2019-04-10T14:30:26.631][Master] Read ECG writelog
[2019-04-10T14:30:31.554][Master] Write ECG writelog: WriteLogItem(1554906631551,A,WriteOperation(h,+,1))
[2019-04-10T14:30:31.556][Master] Read ECG writelog
[2019-04-10T14:30:37.282][Master] Write ECG writelog: WriteLogItem(1554906637015,F,WriteOperation(g,+,1))
[2019-04-10T14:30:37.389][Master] Read ECG writelog
[2019-04-10T14:30:47.768][Master] Write ECG writelog: WriteLogItem(1554906647193,C,WriteOperation(g,+,1))
[2019-04-10T14:30:47.998][Master] Read ECG writelog
[2019-04-10T14:30:55.905][Master] Write ECG writelog: WriteLogItem(1554906655901,B,WriteOperation(h,+,1))
[2019-04-10T14:30:55.907][Master] Read ECG writelog
[2019-04-10T14:30:59.255][Master] Write ECG writelog: WriteLogItem(1554906658989,E,WriteOperation(f,+,1))
[2019-04-10T14:30:59.362][Master] Read ECG writelog
[2019-04-10T14:31:05.029][Master] Write ECG writelog: WriteLogItem(1554906665026,B,WriteOperation(f,+,1))
[2019-04-10T14:31:05.031][Master] Read ECG writelog
[2019-04-10T14:31:14.610][Master] Write ECG writelog: WriteLogItem(1554906674033,D,WriteOperation(h,+,1))
[2019-04-10T14:31:14.841][Master] Read ECG writelog
[2019-04-10T14:31:22.307][Master] Write ECG writelog: WriteLogItem(1554906682304,A,WriteOperation(f,+,1))
[2019-04-10T14:31:22.311][Master] Read ECG writelog
[2019-04-10T14:31:28.175][Master] Write ECG writelog: WriteLogItem(1554906688015,E,WriteOperation(g,+,1))
[2019-04-10T14:31:28.282][Master] Read ECG writelog
[2019-04-10T14:31:33.881][Master] Write ECG writelog: WriteLogItem(1554906693873,B,WriteOperation(h,+,1))
[2019-04-10T14:31:33.888][Master] Read ECG writelog
[2019-04-10T14:31:35.818][Master] Write ECG writelog: WriteLogItem(1554906695817,A,WriteOperation(g,+,1))
[2019-04-10T14:31:35.821][Master] Read ECG writelog
[2019-04-10T14:31:43.624][Master] Write ECG writelog: WriteLogItem(1554906703279,D,WriteOperation(f,+,1))
[2019-04-10T14:31:43.855][Master] Read ECG writelog
[2019-04-10T14:31:51.355][Master] Write ECG writelog: WriteLogItem(1554906711353,A,WriteOperation(h,+,1))
[2019-04-10T14:31:51.357][Master] Read ECG writelog
[2019-04-10T14:31:58.864][Master] Write ECG writelog: WriteLogItem(1554906718518,D,WriteOperation(f,+,1))
[2019-04-10T14:31:59.095][Master] Read ECG writelog
[2019-04-10T14:32:08.578][Master] Write ECG writelog: WriteLogItem(1554906728311,F,WriteOperation(g,+,1))
[2019-04-10T14:32:08.685][Master] Read ECG writelog
[2019-04-10T14:32:15.123][Master] Write ECG writelog: WriteLogItem(1554906735120,B,WriteOperation(f,+,1))
[2019-04-10T14:32:15.130][Master] Read ECG writelog
[2019-04-10T14:32:19.777][Master] Write ECG writelog: WriteLogItem(1554906739773,A,WriteOperation(f,+,1))
[2019-04-10T14:32:19.779][Master] Read ECG writelog
[2019-04-10T14:32:23.579][Master] Write ECG writelog: WriteLogItem(1554906743577,B,WriteOperation(g,+,1))
[2019-04-10T14:32:23.583][Master] Read ECG writelog
[2019-04-10T14:32:31.613][Master] Write ECG writelog: WriteLogItem(1554906751033,D,WriteOperation(g,+,1))
[2019-04-10T14:32:31.846][Master] Read ECG writelog
[2019-04-10T14:32:39.454][Master] Write ECG writelog: WriteLogItem(1554906759452,B,WriteOperation(g,+,1))
[2019-04-10T14:32:39.457][Master] Read ECG writelog
[2019-04-10T14:32:44.550][Master] Write ECG writelog: WriteLogItem(1554906764284,E,WriteOperation(g,+,1))
[2019-04-10T14:32:44.662][Master] Read ECG writelog
[2019-04-10T14:32:49.220][Master] Write ECG writelog: WriteLogItem(1554906769217,A,WriteOperation(h,+,1))
[2019-04-10T14:32:49.222][Master] Read ECG writelog
[2019-04-10T14:32:54.766][Master] Write ECG writelog: WriteLogItem(1554906774500,F,WriteOperation(g,+,1))
[2019-04-10T14:32:54.872][Master] Read ECG writelog
[2019-04-10T14:33:00.632][Master] Write ECG writelog: WriteLogItem(1554906780629,B,WriteOperation(h,+,1))
[2019-04-10T14:33:00.633][Master] Read ECG writelog
[2019-04-10T14:33:07.949][Master] Write ECG writelog: WriteLogItem(1554906787372,D,WriteOperation(h,+,1))
[2019-04-10T14:33:08.179][Master] Read ECG writelog
[2019-04-10T14:33:17.326][Master] Write ECG writelog: WriteLogItem(1554906797060,E,WriteOperation(g,+,1))
[2019-04-10T14:33:17.544][Master] Read ECG writelog
[2019-04-10T14:33:28.920][Master] Write ECG writelog: WriteLogItem(1554906808343,C,WriteOperation(h,+,1))
[2019-04-10T14:33:29.151][Master] Read ECG writelog
[2019-04-10T14:33:36.121][Master] Write ECG writelog: WriteLogItem(1554906816118,A,WriteOperation(f,+,1))
[2019-04-10T14:33:36.124][Master] Read ECG writelog
[2019-04-10T14:33:41.137][Master] Write ECG writelog: WriteLogItem(1554906821135,A,WriteOperation(g,+,1))
[2019-04-10T14:33:41.139][Master] Read ECG writelog
[2019-04-10T14:33:47.857][Master] Write ECG writelog: WriteLogItem(1554906827590,F,WriteOperation(g,+,1))
[2019-04-10T14:33:47.967][Master] Read ECG writelog
[2019-04-10T14:33:53.498][Master] Write ECG writelog: WriteLogItem(1554906833494,B,WriteOperation(f,+,1))
[2019-04-10T14:33:53.500][Master] Read ECG writelog
[2019-04-10T14:33:57.530][Master] Write ECG writelog: WriteLogItem(1554906837528,A,WriteOperation(f,+,1))
[2019-04-10T14:33:57.533][Master] Read ECG writelog
[2019-04-10T14:34:02.863][Master] Write ECG writelog: WriteLogItem(1554906842700,F,WriteOperation(f,+,1))
[2019-04-10T14:34:02.970][Master] Read ECG writelog
[2019-04-10T14:34:11.559][Master] Write ECG writelog: WriteLogItem(1554906850982,D,WriteOperation(g,+,1))
[2019-04-10T14:34:11.792][Master] Read ECG writelog
[2019-04-10T14:34:21.535][Master] Write ECG writelog: WriteLogItem(1554906861374,F,WriteOperation(g,+,1))
[2019-04-10T14:34:21.641][Master] Read ECG writelog
[2019-04-10T14:34:31.585][Master] Write ECG writelog: WriteLogItem(1554906871238,D,WriteOperation(g,+,1))
[2019-04-10T14:34:31.815][Master] Read ECG writelog
[2019-04-10T14:34:43.054][Master] Write ECG writelog: WriteLogItem(1554906882707,D,WriteOperation(g,+,1))
[2019-04-10T14:34:43.285][Master] Read ECG writelog
[2019-04-10T14:34:54.449][Master] Write ECG writelog: WriteLogItem(1554906894103,D,WriteOperation(f,+,1))
[2019-04-10T14:34:54.680][Master] Read ECG writelog
[2019-04-10T14:35:02.043][Master] Write ECG writelog: WriteLogItem(1554906901763,F,WriteOperation(g,+,1))
[2019-04-10T14:35:02.150][Master] Read ECG writelog
[2019-04-10T14:35:41.489][Master] Write ECG writelog: WriteLogItem(1554906941219,F,WriteOperation(g,+,1))
[2019-04-10T14:35:41.596][Master] Read ECG writelog
[2019-04-10T14:35:47.726][Master] Write ECG writelog: WriteLogItem(1554906947722,B,WriteOperation(g,+,1))
[2019-04-10T14:35:47.728][Master] Read ECG writelog
[2019-04-10T14:35:55.230][Master] Write ECG writelog: WriteLogItem(1554906954654,C,WriteOperation(f,+,1))
[2019-04-10T14:35:55.461][Master] Read ECG writelog
[2019-04-10T14:36:02.934][Master] Write ECG writelog: WriteLogItem(1554906962930,A,WriteOperation(h,+,1))
[2019-04-10T14:36:02.936][Master] Read ECG writelog
[2019-04-10T14:36:09.021][Master] Write ECG writelog: WriteLogItem(1554906968860,F,WriteOperation(g,+,1))
[2019-04-10T14:36:09.128][Master] Read ECG writelog
[2019-04-10T14:36:18.968][Master] Write ECG writelog: WriteLogItem(1554906978392,D,WriteOperation(h,+,1))
[2019-04-10T14:36:19.198][Master] Read ECG writelog
[2019-04-10T14:36:30.157][Master] Write ECG writelog: WriteLogItem(1554906989812,D,WriteOperation(f,+,1))
[2019-04-10T14:36:30.387][Master] Read ECG writelog
[2019-04-10T14:36:43.318][Master] Write ECG writelog: WriteLogItem(1554907002744,C,WriteOperation(h,+,1))
[2019-04-10T14:36:43.549][Master] Read ECG writelog
[2019-04-10T14:36:51.624][Master] Write ECG writelog: WriteLogItem(1554907011619,A,WriteOperation(f,+,1))
[2019-04-10T14:36:51.626][Master] Read ECG writelog
[2019-04-10T14:36:58.797][Master] Write ECG writelog: WriteLogItem(1554907018532,F,WriteOperation(f,+,1))
[2019-04-10T14:36:59.015][Master] Read ECG writelog
[2019-04-10T14:37:10.547][Master] Write ECG writelog: WriteLogItem(1554907030200,C,WriteOperation(h,+,1))
[2019-04-10T14:37:10.777][Master] Read ECG writelog
[2019-04-10T14:37:21.302][Master] Write ECG writelog: WriteLogItem(1554907040957,C,WriteOperation(h,+,1))
[2019-04-10T14:37:21.533][Master] Read ECG writelog
[2019-04-10T14:37:29.814][Master] Write ECG writelog: WriteLogItem(1554907049550,F,WriteOperation(g,+,1))
[2019-04-10T14:37:29.922][Master] Read ECG writelog
[2019-04-10T14:37:34.991][Master] Write ECG writelog: WriteLogItem(1554907054985,A,WriteOperation(f,+,1))
[2019-04-10T14:37:34.993][Master] Read ECG writelog
[2019-04-10T14:37:38.611][Master] Write ECG writelog: WriteLogItem(1554907058609,A,WriteOperation(f,+,1))
[2019-04-10T14:37:38.612][Master] Read ECG writelog
[2019-04-10T14:37:47.428][Master] Write ECG writelog: WriteLogItem(1554907066855,D,WriteOperation(g,+,1))
[2019-04-10T14:37:47.659][Master] Read ECG writelog
[2019-04-10T14:37:57.104][Master] Write ECG writelog: WriteLogItem(1554907076945,F,WriteOperation(h,+,1))
[2019-04-10T14:37:57.210][Master] Read ECG writelog
[2019-04-10T14:38:06.814][Master] Write ECG writelog: WriteLogItem(1554907086237,C,WriteOperation(h,+,1))
[2019-04-10T14:38:07.047][Master] Read ECG writelog
[2019-04-10T14:38:18.009][Master] Write ECG writelog: WriteLogItem(1554907097743,E,WriteOperation(g,+,1))
[2019-04-10T14:38:18.116][Master] Read ECG writelog
[2019-04-10T14:38:23.561][Master] Write ECG writelog: WriteLogItem(1554907103559,A,WriteOperation(f,+,1))
[2019-04-10T14:38:23.566][Master] Read ECG writelog
[2019-04-10T14:38:28.223][Master] Write ECG writelog: WriteLogItem(1554907108216,B,WriteOperation(g,+,1))
[2019-04-10T14:38:28.225][Master] Read ECG writelog
[2019-04-10T14:38:34.780][Master] Write ECG writelog: WriteLogItem(1554907114432,C,WriteOperation(h,+,1))
[2019-04-10T14:38:35.010][Master] Read ECG writelog
[2019-04-10T14:38:43.427][Master] Write ECG writelog: WriteLogItem(1554907123267,E,WriteOperation(h,+,1))
[2019-04-10T14:38:43.533][Master] Read ECG writelog
[2019-04-10T14:38:50.488][Master] Write ECG writelog: WriteLogItem(1554907130328,E,WriteOperation(g,+,1))
[2019-04-10T14:38:50.596][Master] Read ECG writelog
[2019-04-10T14:39:00.234][Master] Write ECG writelog: WriteLogItem(1554907139660,D,WriteOperation(f,+,1))
[2019-04-10T14:39:00.466][Master] Read ECG writelog
[2019-04-10T14:39:08.892][Master] Write ECG writelog: WriteLogItem(1554907148732,E,WriteOperation(h,+,1))
[2019-04-10T14:39:08.999][Master] Read ECG writelog
[2019-04-10T14:39:14.510][Master] Write ECG writelog: WriteLogItem(1554907154244,F,WriteOperation(g,+,1))
[2019-04-10T14:39:14.616][Master] Read ECG writelog
[2019-04-10T14:39:20.478][Master] Write ECG writelog: WriteLogItem(1554907160319,F,WriteOperation(g,+,1))
[2019-04-10T14:39:20.584][Master] Read ECG writelog
[2019-04-10T14:39:30.443][Master] Write ECG writelog: WriteLogItem(1554907169866,C,WriteOperation(f,+,1))
[2019-04-10T14:39:30.674][Master] Read ECG writelog
[2019-04-10T14:39:39.731][Master] Write ECG writelog: WriteLogItem(1554907179571,F,WriteOperation(g,+,1))
[2019-04-10T14:39:39.837][Master] Read ECG writelog
[2019-04-10T14:39:49.777][Master] Write ECG writelog: WriteLogItem(1554907189200,D,WriteOperation(h,+,1))
[2019-04-10T14:39:50.008][Master] Read ECG writelog
[2019-04-10T14:40:02.710][Master] Write ECG writelog: WriteLogItem(1554907202136,C,WriteOperation(f,+,1))
[2019-04-10T14:40:02.940][Master] Read ECG writelog
[2019-04-10T14:40:10.627][Master] Write ECG writelog: WriteLogItem(1554907210624,A,WriteOperation(f,+,1))
[2019-04-10T14:40:10.629][Master] Read ECG writelog
[2019-04-10T14:40:15.887][Master] Write ECG writelog: WriteLogItem(1554907215885,A,WriteOperation(h,+,1))
[2019-04-10T14:40:15.891][Master] Read ECG writelog
[2019-04-10T14:40:21.489][Master] Write ECG writelog: WriteLogItem(1554907221222,E,WriteOperation(f,+,1))
[2019-04-10T14:40:21.596][Master] Read ECG writelog
[2019-04-10T14:40:28.083][Master] Write ECG writelog: WriteLogItem(1554907227924,E,WriteOperation(h,+,1))
[2019-04-10T14:40:28.189][Master] Read ECG writelog
[2019-04-10T14:40:37.050][Master] Write ECG writelog: WriteLogItem(1554907236784,F,WriteOperation(h,+,1))
[2019-04-10T14:40:37.158][Master] Read ECG writelog
[2019-04-10T14:40:44.766][Master] Write ECG writelog: WriteLogItem(1554907244605,F,WriteOperation(h,+,1))
[2019-04-10T14:40:44.872][Master] Read ECG writelog
[2019-04-10T14:40:48.867][Master] Write ECG writelog: WriteLogItem(1554907248865,A,WriteOperation(h,+,1))
[2019-04-10T14:40:48.868][Master] Read ECG writelog
[2019-04-10T14:40:57.254][Master] Write ECG writelog: WriteLogItem(1554907256676,D,WriteOperation(f,+,1))
[2019-04-10T14:40:57.484][Master] Read ECG writelog
[2019-04-10T14:41:07.125][Master] Write ECG writelog: WriteLogItem(1554907266858,E,WriteOperation(g,+,1))
[2019-04-10T14:41:07.231][Master] Read ECG writelog
[2019-04-10T14:41:14.550][Master] Write ECG writelog: WriteLogItem(1554907274391,E,WriteOperation(f,+,1))
[2019-04-10T14:41:14.656][Master] Read ECG writelog
[2019-04-10T14:41:20.116][Master] Write ECG writelog: WriteLogItem(1554907280114,A,WriteOperation(h,+,1))
[2019-04-10T14:41:20.118][Master] Read ECG writelog
[2019-04-10T14:41:29.590][Master] Write ECG writelog: WriteLogItem(1554907289244,C,WriteOperation(g,+,1))
[2019-04-10T14:41:29.821][Master] Read ECG writelog
[2019-04-10T14:41:37.215][Master] Write ECG writelog: WriteLogItem(1554907297211,B,WriteOperation(h,+,1))
[2019-04-10T14:41:37.218][Master] Read ECG writelog
[2019-04-10T14:41:42.458][Master] Write ECG writelog: WriteLogItem(1554907302299,F,WriteOperation(h,+,1))
[2019-04-10T14:41:42.564][Master] Read ECG writelog
[2019-04-10T14:41:51.681][Master] Write ECG writelog: WriteLogItem(1554907311522,F,WriteOperation(f,+,1))
[2019-04-10T14:41:51.788][Master] Read ECG writelog
[2019-04-10T14:42:01.366][Master] Write ECG writelog: WriteLogItem(1554907320791,D,WriteOperation(h,+,1))
[2019-04-10T14:42:01.596][Master] Read ECG writelog
[2019-04-10T14:42:13.055][Master] Write ECG writelog: WriteLogItem(1554907332710,D,WriteOperation(g,+,1))
[2019-04-10T14:42:13.285][Master] Read ECG writelog
[2019-04-10T14:42:18.346][Master] Write ECG writelog: WriteLogItem(1554907338344,A,WriteOperation(f,+,1))
[2019-04-10T14:42:18.347][Master] Read ECG writelog
[2019-04-10T14:42:24.780][Master] Write ECG writelog: WriteLogItem(1554907344514,F,WriteOperation(f,+,1))
[2019-04-10T14:42:24.886][Master] Read ECG writelog
[2019-04-10T14:42:30.287][Master] Write ECG writelog: WriteLogItem(1554907350284,B,WriteOperation(h,+,1))
[2019-04-10T14:42:30.288][Master] Read ECG writelog
[2019-04-10T14:42:32.554][Master] Write ECG writelog: WriteLogItem(1554907352553,B,WriteOperation(h,+,1))
[2019-04-10T14:42:32.557][Master] Read ECG writelog
[2019-04-10T14:42:35.672][Master] Write ECG writelog: WriteLogItem(1554907355670,A,WriteOperation(f,+,1))
[2019-04-10T14:42:35.673][Master] Read ECG writelog
[2019-04-10T14:42:41.338][Master] Write ECG writelog: WriteLogItem(1554907361072,E,WriteOperation(f,+,1))
[2019-04-10T14:42:41.445][Master] Read ECG writelog
[2019-04-10T14:42:46.647][Master] Write ECG writelog: WriteLogItem(1554907366644,B,WriteOperation(g,+,1))
[2019-04-10T14:42:46.653][Master] Read ECG writelog
[2019-04-10T14:42:49.057][Master] Write ECG writelog: WriteLogItem(1554907369055,B,WriteOperation(g,+,1))
[2019-04-10T14:42:49.058][Master] Read ECG writelog
[2019-04-10T14:42:50.919][Master] Write ECG writelog: WriteLogItem(1554907370918,B,WriteOperation(g,+,1))
[2019-04-10T14:42:50.920][Master] Read ECG writelog
[2019-04-10T14:42:55.621][Master] Write ECG writelog: WriteLogItem(1554907375357,F,WriteOperation(h,+,1))
[2019-04-10T14:42:55.727][Master] Read ECG writelog
[2019-04-10T14:43:02.775][Master] Write ECG writelog: WriteLogItem(1554907382614,E,WriteOperation(h,+,1))
[2019-04-10T14:43:02.884][Master] Read ECG writelog
[2019-04-10T14:43:09.879][Master] Write ECG writelog: WriteLogItem(1554907389719,F,WriteOperation(f,+,1))
[2019-04-10T14:43:09.985][Master] Read ECG writelog
[2019-04-10T14:43:17.045][Master] Write ECG writelog: WriteLogItem(1554907396885,E,WriteOperation(g,+,1))
[2019-04-10T14:43:17.152][Master] Read ECG writelog
[2019-04-10T14:43:27.002][Master] Write ECG writelog: WriteLogItem(1554907406426,D,WriteOperation(h,+,1))
[2019-04-10T14:43:27.232][Master] Read ECG writelog
[2019-04-10T14:43:37.833][Master] Write ECG writelog: WriteLogItem(1554907417673,E,WriteOperation(h,+,1))
[2019-04-10T14:43:37.939][Master] Read ECG writelog
[2019-04-10T14:43:43.277][Master] Write ECG writelog: WriteLogItem(1554907423274,B,WriteOperation(f,+,1))
[2019-04-10T14:43:43.278][Master] Read ECG writelog
[2019-04-10T14:43:51.060][Master] Write ECG writelog: WriteLogItem(1554907430795,F,WriteOperation(f,+,1))
[2019-04-10T14:43:51.167][Master] Read ECG writelog
[2019-04-10T14:43:57.243][Master] Write ECG writelog: WriteLogItem(1554907437240,B,WriteOperation(g,+,1))
[2019-04-10T14:43:57.245][Master] Read ECG writelog
[2019-04-10T14:44:03.689][Master] Write ECG writelog: WriteLogItem(1554907443115,D,WriteOperation(h,+,1))
[2019-04-10T14:44:03.919][Master] Read ECG writelog
[2019-04-10T14:44:13.155][Master] Write ECG writelog: WriteLogItem(1554907452889,E,WriteOperation(g,+,1))
[2019-04-10T14:44:13.261][Master] Read ECG writelog
[2019-04-10T14:44:23.406][Master] Write ECG writelog: WriteLogItem(1554907463049,D,WriteOperation(f,+,1))
[2019-04-10T14:44:23.636][Master] Read ECG writelog
[2019-04-10T14:44:31.542][Master] Write ECG writelog: WriteLogItem(1554907471274,F,WriteOperation(f,+,1))
[2019-04-10T14:44:31.648][Master] Read ECG writelog
[2019-04-10T14:44:37.481][Master] Write ECG writelog: WriteLogItem(1554907477479,B,WriteOperation(h,+,1))
[2019-04-10T14:44:37.482][Master] Read ECG writelog
[2019-04-10T14:44:41.441][Master] Write ECG writelog: WriteLogItem(1554907481281,F,WriteOperation(g,+,1))
[2019-04-10T14:44:41.547][Master] Read ECG writelog
[2019-04-10T14:44:51.617][Master] Write ECG writelog: WriteLogItem(1554907491043,C,WriteOperation(h,+,1))
[2019-04-10T14:44:51.848][Master] Read ECG writelog
[2019-04-10T14:45:04.252][Master] Write ECG writelog: WriteLogItem(1554907503672,D,WriteOperation(g,+,1))
[2019-04-10T14:45:04.483][Master] Read ECG writelog
[2019-04-10T14:45:42.780][Master] Write ECG writelog: WriteLogItem(1554907542777,B,WriteOperation(f,+,1))
[2019-04-10T14:45:42.791][Master] Read ECG writelog
[2019-04-10T14:45:47.569][Master] Write ECG writelog: WriteLogItem(1554907547567,B,WriteOperation(g,+,1))
[2019-04-10T14:45:47.571][Master] Read ECG writelog
[2019-04-10T14:45:49.945][Master] Write ECG writelog: WriteLogItem(1554907549944,B,WriteOperation(f,+,1))
[2019-04-10T14:45:49.947][Master] Read ECG writelog
[2019-04-10T14:45:57.568][Master] Write ECG writelog: WriteLogItem(1554907556993,D,WriteOperation(h,+,1))
[2019-04-10T14:45:57.799][Master] Read ECG writelog
[2019-04-10T14:46:06.593][Master] Write ECG writelog: WriteLogItem(1554907566329,E,WriteOperation(h,+,1))
[2019-04-10T14:46:06.700][Master] Read ECG writelog
[2019-04-10T14:46:12.754][Master] Write ECG writelog: WriteLogItem(1554907572751,B,WriteOperation(h,+,1))
[2019-04-10T14:46:12.756][Master] Read ECG writelog
[2019-04-10T14:46:16.465][Master] Write ECG writelog: WriteLogItem(1554907576200,F,WriteOperation(g,+,1))
[2019-04-10T14:46:16.571][Master] Read ECG writelog
[2019-04-10T14:46:21.885][Master] Write ECG writelog: WriteLogItem(1554907581884,B,WriteOperation(f,+,1))
[2019-04-10T14:46:21.886][Master] Read ECG writelog
[2019-04-10T14:46:26.098][Master] Write ECG writelog: WriteLogItem(1554907586097,B,WriteOperation(f,+,1))
[2019-04-10T14:46:26.100][Master] Read ECG writelog
[2019-04-10T14:46:36.483][Master] Write ECG writelog: WriteLogItem(1554907596324,F,WriteOperation(g,+,1))
[2019-04-10T14:46:36.589][Master] Read ECG writelog
[2019-04-10T14:46:44.283][Master] Write ECG writelog: WriteLogItem(1554907604124,E,WriteOperation(h,+,1))
[2019-04-10T14:46:44.389][Master] Read ECG writelog
[2019-04-10T14:46:51.602][Master] Write ECG writelog: WriteLogItem(1554907611442,E,WriteOperation(g,+,1))
[2019-04-10T14:46:51.708][Master] Read ECG writelog
[2019-04-10T14:46:57.134][Master] Write ECG writelog: WriteLogItem(1554907616975,F,WriteOperation(f,+,1))
[2019-04-10T14:46:57.240][Master] Read ECG writelog
[2019-04-10T14:47:02.497][Master] Write ECG writelog: WriteLogItem(1554907622494,B,WriteOperation(h,+,1))
[2019-04-10T14:47:02.498][Master] Read ECG writelog
[2019-04-10T14:47:04.309][Master] Write ECG writelog: WriteLogItem(1554907624307,A,WriteOperation(h,+,1))
[2019-04-10T14:47:04.310][Master] Read ECG writelog
[2019-04-10T14:47:09.921][Master] Write ECG writelog: WriteLogItem(1554907629762,E,WriteOperation(g,+,1))
[2019-04-10T14:47:10.027][Master] Read ECG writelog
[2019-04-10T14:47:19.820][Master] Write ECG writelog: WriteLogItem(1554907639238,C,WriteOperation(g,+,1))
[2019-04-10T14:47:20.052][Master] Read ECG writelog
[2019-04-10T14:47:32.738][Master] Write ECG writelog: WriteLogItem(1554907652388,C,WriteOperation(h,+,1))
[2019-04-10T14:47:32.970][Master] Read ECG writelog
[2019-04-10T14:47:38.201][Master] Write ECG writelog: WriteLogItem(1554907658199,A,WriteOperation(g,+,1))
[2019-04-10T14:47:38.204][Master] Read ECG writelog
[2019-04-10T14:47:47.702][Master] Write ECG writelog: WriteLogItem(1554907667126,D,WriteOperation(f,+,1))
[2019-04-10T14:47:47.932][Master] Read ECG writelog
[2019-04-10T14:48:00.107][Master] Write ECG writelog: WriteLogItem(1554907679761,D,WriteOperation(g,+,1))
[2019-04-10T14:48:00.337][Master] Read ECG writelog
[2019-04-10T14:48:06.644][Master] Write ECG writelog: WriteLogItem(1554907686641,B,WriteOperation(g,+,1))
[2019-04-10T14:48:06.645][Master] Read ECG writelog
[2019-04-10T14:48:09.814][Master] Write ECG writelog: WriteLogItem(1554907689812,B,WriteOperation(f,+,1))
[2019-04-10T14:48:09.816][Master] Read ECG writelog
[2019-04-10T14:48:15.874][Master] Write ECG writelog: WriteLogItem(1554907695608,E,WriteOperation(f,+,1))
[2019-04-10T14:48:15.981][Master] Read ECG writelog
[2019-04-10T14:48:26.583][Master] Write ECG writelog: WriteLogItem(1554907706009,D,WriteOperation(g,+,1))
[2019-04-10T14:48:26.813][Master] Read ECG writelog
[2019-04-10T14:48:34.345][Master] Write ECG writelog: WriteLogItem(1554907714344,B,WriteOperation(f,+,1))
[2019-04-10T14:48:34.346][Master] Read ECG writelog
[2019-04-10T14:48:42.517][Master] Write ECG writelog: WriteLogItem(1554907722171,D,WriteOperation(f,+,1))
[2019-04-10T14:48:42.747][Master] Read ECG writelog
[2019-04-10T14:48:51.156][Master] Write ECG writelog: WriteLogItem(1554907731153,B,WriteOperation(f,+,1))
[2019-04-10T14:48:51.157][Master] Read ECG writelog
[2019-04-10T14:48:54.316][Master] Write ECG writelog: WriteLogItem(1554907734313,A,WriteOperation(f,+,1))
[2019-04-10T14:48:54.317][Master] Read ECG writelog
[2019-04-10T14:48:59.365][Master] Write ECG writelog: WriteLogItem(1554907739364,A,WriteOperation(g,+,1))
[2019-04-10T14:48:59.366][Master] Read ECG writelog
[2019-04-10T14:49:05.193][Master] Write ECG writelog: WriteLogItem(1554907744927,F,WriteOperation(h,+,1))
[2019-04-10T14:49:05.299][Master] Read ECG writelog
[2019-04-10T14:49:12.229][Master] Write ECG writelog: WriteLogItem(1554907752071,F,WriteOperation(h,+,1))
[2019-04-10T14:49:12.336][Master] Read ECG writelog
[2019-04-10T14:49:17.823][Master] Write ECG writelog: WriteLogItem(1554907757664,F,WriteOperation(f,+,1))
[2019-04-10T14:49:17.929][Master] Read ECG writelog
[2019-04-10T14:49:27.669][Master] Write ECG writelog: WriteLogItem(1554907767094,D,WriteOperation(f,+,1))
[2019-04-10T14:49:27.900][Master] Read ECG writelog
[2019-04-10T14:49:35.885][Master] Write ECG writelog: WriteLogItem(1554907775882,A,WriteOperation(f,+,1))
[2019-04-10T14:49:35.887][Master] Read ECG writelog
[2019-04-10T14:49:45.532][Master] Write ECG writelog: WriteLogItem(1554907784957,C,WriteOperation(f,+,1))
[2019-04-10T14:49:45.762][Master] Read ECG writelog
[2019-04-10T14:49:53.762][Master] Write ECG writelog: WriteLogItem(1554907793498,F,WriteOperation(h,+,1))
[2019-04-10T14:49:53.868][Master] Read ECG writelog
[2019-04-10T14:49:58.505][Master] Write ECG writelog: WriteLogItem(1554907798503,A,WriteOperation(f,+,1))
[2019-04-10T14:49:58.507][Master] Read ECG writelog
[2019-04-10T14:50:07.743][Master] Write ECG writelog: WriteLogItem(1554907807168,D,WriteOperation(f,+,1))
[2019-04-10T14:50:07.973][Master] Read ECG writelog
[2019-04-10T14:50:20.148][Master] Write ECG writelog: WriteLogItem(1554907819574,C,WriteOperation(g,+,1))
[2019-04-10T14:50:20.378][Master] Read ECG writelog
[2019-04-10T14:50:32.412][Master] Write ECG writelog: WriteLogItem(1554907832066,C,WriteOperation(h,+,1))
[2019-04-10T14:50:32.642][Master] Read ECG writelog
[2019-04-10T14:50:43.083][Master] Write ECG writelog: WriteLogItem(1554907842508,D,WriteOperation(h,+,1))
[2019-04-10T14:50:43.314][Master] Read ECG writelog
[2019-04-10T14:50:51.984][Master] Write ECG writelog: WriteLogItem(1554907851718,E,WriteOperation(h,+,1))
[2019-04-10T14:50:52.092][Master] Read ECG writelog
[2019-04-10T14:50:58.342][Master] Write ECG writelog: WriteLogItem(1554907858182,E,WriteOperation(h,+,1))
[2019-04-10T14:50:58.448][Master] Read ECG writelog
[2019-04-10T14:51:07.367][Master] Write ECG writelog: WriteLogItem(1554907867021,D,WriteOperation(f,+,1))
[2019-04-10T14:51:07.598][Master] Read ECG writelog
[2019-04-10T14:51:15.488][Master] Write ECG writelog: WriteLogItem(1554907875485,B,WriteOperation(g,+,1))
[2019-04-10T14:51:15.489][Master] Read ECG writelog
[2019-04-10T14:51:18.640][Master] Write ECG writelog: WriteLogItem(1554907878636,A,WriteOperation(h,+,1))
[2019-04-10T14:51:18.641][Master] Read ECG writelog
[2019-04-10T14:51:26.440][Master] Write ECG writelog: WriteLogItem(1554907886175,E,WriteOperation(f,+,1))
[2019-04-10T14:51:26.548][Master] Read ECG writelog
[2019-04-10T14:51:33.878][Master] Write ECG writelog: WriteLogItem(1554907893876,A,WriteOperation(h,+,1))
[2019-04-10T14:51:33.883][Master] Read ECG writelog
[2019-04-10T14:51:40.107][Master] Write ECG writelog: WriteLogItem(1554907899948,E,WriteOperation(h,+,1))
[2019-04-10T14:51:40.214][Master] Read ECG writelog
[2019-04-10T14:51:44.761][Master] Write ECG writelog: WriteLogItem(1554907904759,B,WriteOperation(f,+,1))
[2019-04-10T14:51:44.762][Master] Read ECG writelog
[2019-04-10T14:51:49.759][Master] Write ECG writelog: WriteLogItem(1554907909758,A,WriteOperation(h,+,1))
[2019-04-10T14:51:49.760][Master] Read ECG writelog
[2019-04-10T14:51:53.654][Master] Write ECG writelog: WriteLogItem(1554907913653,A,WriteOperation(h,+,1))
[2019-04-10T14:51:53.655][Master] Read ECG writelog
[2019-04-10T14:51:58.393][Master] Write ECG writelog: WriteLogItem(1554907918130,F,WriteOperation(f,+,1))
[2019-04-10T14:51:58.499][Master] Read ECG writelog
[2019-04-10T14:52:10.205][Master] Write ECG writelog: WriteLogItem(1554907929630,D,WriteOperation(f,+,1))
[2019-04-10T14:52:10.436][Master] Read ECG writelog
[2019-04-10T14:52:16.719][Master] Write ECG writelog: WriteLogItem(1554907936717,A,WriteOperation(g,+,1))
[2019-04-10T14:52:16.721][Master] Read ECG writelog
[2019-04-10T14:52:24.087][Master] Write ECG writelog: WriteLogItem(1554907943512,C,WriteOperation(h,+,1))
[2019-04-10T14:52:24.317][Master] Read ECG writelog
[2019-04-10T14:52:33.130][Master] Write ECG writelog: WriteLogItem(1554907952866,E,WriteOperation(g,+,1))
[2019-04-10T14:52:33.237][Master] Read ECG writelog
[2019-04-10T14:52:38.955][Master] Write ECG writelog: WriteLogItem(1554907958952,B,WriteOperation(h,+,1))
[2019-04-10T14:52:38.956][Master] Read ECG writelog
[2019-04-10T14:52:41.828][Master] Write ECG writelog: WriteLogItem(1554907961827,B,WriteOperation(h,+,1))
[2019-04-10T14:52:41.829][Master] Read ECG writelog
[2019-04-10T14:52:48.379][Master] Write ECG writelog: WriteLogItem(1554907968034,C,WriteOperation(f,+,1))
[2019-04-10T14:52:48.609][Master] Read ECG writelog
[2019-04-10T14:52:56.584][Master] Write ECG writelog: WriteLogItem(1554907976581,A,WriteOperation(g,+,1))
[2019-04-10T14:52:56.585][Master] Read ECG writelog
[2019-04-10T14:53:01.991][Master] Write ECG writelog: WriteLogItem(1554907981989,B,WriteOperation(g,+,1))
[2019-04-10T14:53:01.991][Master] Read ECG writelog
[2019-04-10T14:53:06.668][Master] Write ECG writelog: WriteLogItem(1554907986403,F,WriteOperation(f,+,1))
[2019-04-10T14:53:06.774][Master] Read ECG writelog
[2019-04-10T14:53:15.137][Master] Write ECG writelog: WriteLogItem(1554907994975,F,WriteOperation(h,+,1))
[2019-04-10T14:53:15.243][Master] Read ECG writelog
[2019-04-10T14:53:19.354][Master] Write ECG writelog: WriteLogItem(1554907999350,A,WriteOperation(g,+,1))
[2019-04-10T14:53:19.359][Master] Read ECG writelog
[2019-04-10T14:57:08.301][Master] Write ECG writelog: WriteLogItem(1554908228035,E,WriteOperation(f,+,1))
[2019-04-10T14:57:08.407][Master] Read ECG writelog
[2019-04-10T14:57:19.134][Master] Write ECG writelog: WriteLogItem(1554908238558,C,WriteOperation(f,+,1))
[2019-04-10T14:57:19.365][Master] Read ECG writelog
[2019-04-10T14:57:26.364][Master] Write ECG writelog: WriteLogItem(1554908246361,A,WriteOperation(h,+,1))
[2019-04-10T14:57:26.364][Master] Read ECG writelog
[2019-04-10T14:57:35.128][Master] Write ECG writelog: WriteLogItem(1554908254553,D,WriteOperation(f,+,1))
[2019-04-10T14:57:35.358][Master] Read ECG writelog
[2019-04-10T14:57:47.666][Master] Write ECG writelog: WriteLogItem(1554908267320,D,WriteOperation(g,+,1))
[2019-04-10T14:57:47.896][Master] Read ECG writelog
[2019-04-10T14:57:58.842][Master] Write ECG writelog: WriteLogItem(1554908278267,C,WriteOperation(h,+,1))
[2019-04-10T14:57:59.072][Master] Read ECG writelog
[2019-04-10T14:58:09.781][Master] Write ECG writelog: WriteLogItem(1554908289206,D,WriteOperation(g,+,1))
[2019-04-10T14:58:10.013][Master] Read ECG writelog
[2019-04-10T14:58:17.462][Master] Write ECG writelog: WriteLogItem(1554908297458,B,WriteOperation(g,+,1))
[2019-04-10T14:58:17.464][Master] Read ECG writelog
[2019-04-10T14:58:19.936][Master] Write ECG writelog: WriteLogItem(1554908299934,A,WriteOperation(f,+,1))
[2019-04-10T14:58:19.937][Master] Read ECG writelog
[2019-04-10T14:58:56.276][Master] Write ECG writelog: WriteLogItem(1554908336273,A,WriteOperation(g,+,1))
[2019-04-10T14:58:56.277][Master] Read ECG writelog
[2019-04-10T14:59:04.742][Master] Write ECG writelog: WriteLogItem(1554908344168,D,WriteOperation(h,+,1))
[2019-04-10T14:59:04.972][Master] Read ECG writelog
[2019-04-10T14:59:16.323][Master] Write ECG writelog: WriteLogItem(1554908355748,C,WriteOperation(h,+,1))
[2019-04-10T14:59:16.554][Master] Read ECG writelog
[2019-04-10T14:59:27.157][Master] Write ECG writelog: WriteLogItem(1554908366811,C,WriteOperation(h,+,1))
[2019-04-10T14:59:27.387][Master] Read ECG writelog
[2019-04-10T14:59:37.389][Master] Write ECG writelog: WriteLogItem(1554908376814,D,WriteOperation(h,+,1))
[2019-04-10T14:59:37.619][Master] Read ECG writelog
[2019-04-10T14:59:48.742][Master] Write ECG writelog: WriteLogItem(1554908388169,C,WriteOperation(f,+,1))
[2019-04-10T14:59:48.972][Master] Read ECG writelog
[2019-04-10T14:59:58.656][Master] Write ECG writelog: WriteLogItem(1554908398392,E,WriteOperation(h,+,1))
[2019-04-10T14:59:58.763][Master] Read ECG writelog
[2019-04-10T15:00:08.359][Master] Write ECG writelog: WriteLogItem(1554908407785,D,WriteOperation(h,+,1))
[2019-04-10T15:00:08.589][Master] Read ECG writelog
[2019-04-10T15:00:16.521][Master] Write ECG writelog: WriteLogItem(1554908416362,E,WriteOperation(h,+,1))
[2019-04-10T15:00:16.628][Master] Read ECG writelog
[2019-04-10T15:00:26.833][Master] Write ECG writelog: WriteLogItem(1554908426487,D,WriteOperation(g,+,1))
[2019-04-10T15:00:27.063][Master] Read ECG writelog
[2019-04-10T15:00:33.139][Master] Write ECG writelog: WriteLogItem(1554908433136,B,WriteOperation(g,+,1))
[2019-04-10T15:00:33.140][Master] Read ECG writelog
[2019-04-10T15:00:39.125][Master] Write ECG writelog: WriteLogItem(1554908438779,D,WriteOperation(g,+,1))
[2019-04-10T15:00:39.355][Master] Read ECG writelog
[2019-04-10T15:00:46.822][Master] Write ECG writelog: WriteLogItem(1554908446558,F,WriteOperation(g,+,1))
[2019-04-10T15:00:46.928][Master] Read ECG writelog
[2019-04-10T15:00:56.914][Master] Write ECG writelog: WriteLogItem(1554908456567,D,WriteOperation(f,+,1))
[2019-04-10T15:00:57.144][Master] Read ECG writelog
[2019-04-10T15:01:07.992][Master] Write ECG writelog: WriteLogItem(1554908467646,D,WriteOperation(h,+,1))
[2019-04-10T15:01:08.222][Master] Read ECG writelog
[2019-04-10T15:01:16.550][Master] Write ECG writelog: WriteLogItem(1554908476285,E,WriteOperation(f,+,1))
[2019-04-10T15:01:16.777][Master] Read ECG writelog
[2019-04-10T15:01:25.772][Master] Write ECG writelog: WriteLogItem(1554908485428,C,WriteOperation(h,+,1))
[2019-04-10T15:01:26.002][Master] Read ECG writelog
[2019-04-10T15:01:33.801][Master] Write ECG writelog: WriteLogItem(1554908493799,B,WriteOperation(h,+,1))
[2019-04-10T15:01:33.802][Master] Read ECG writelog
[2019-04-10T15:01:40.367][Master] Write ECG writelog: WriteLogItem(1554908500021,D,WriteOperation(g,+,1))
[2019-04-10T15:01:40.597][Master] Read ECG writelog
[2019-04-10T15:01:48.444][Master] Write ECG writelog: WriteLogItem(1554908508442,B,WriteOperation(g,+,1))
[2019-04-10T15:01:48.446][Master] Read ECG writelog
[2019-04-10T15:01:51.964][Master] Write ECG writelog: WriteLogItem(1554908511698,F,WriteOperation(g,+,1))
[2019-04-10T15:01:52.070][Master] Read ECG writelog
[2019-04-10T15:01:58.810][Master] Write ECG writelog: WriteLogItem(1554908518650,F,WriteOperation(g,+,1))
[2019-04-10T15:01:58.917][Master] Read ECG writelog
[2019-04-10T15:02:06.084][Master] Write ECG writelog: WriteLogItem(1554908525924,F,WriteOperation(g,+,1))
[2019-04-10T15:02:06.191][Master] Read ECG writelog
[2019-04-10T15:02:15.689][Master] Write ECG writelog: WriteLogItem(1554908535113,D,WriteOperation(h,+,1))
[2019-04-10T15:02:15.919][Master] Read ECG writelog
[2019-04-10T15:02:25.800][Master] Write ECG writelog: WriteLogItem(1554908545536,E,WriteOperation(f,+,1))
[2019-04-10T15:02:25.905][Master] Read ECG writelog
[2019-04-10T15:02:37.911][Master] Write ECG writelog: WriteLogItem(1554908557565,D,WriteOperation(f,+,1))
[2019-04-10T15:02:38.141][Master] Read ECG writelog
[2019-04-10T15:02:44.586][Master] Write ECG writelog: WriteLogItem(1554908564584,A,WriteOperation(h,+,1))
[2019-04-10T15:02:44.588][Master] Read ECG writelog
[2019-04-10T15:02:48.618][Master] Write ECG writelog: WriteLogItem(1554908568612,B,WriteOperation(f,+,1))
[2019-04-10T15:02:48.619][Master] Read ECG writelog
[2019-04-10T15:02:58.231][Master] Write ECG writelog: WriteLogItem(1554908577885,D,WriteOperation(h,+,1))
[2019-04-10T15:02:58.461][Master] Read ECG writelog
[2019-04-10T15:03:10.055][Master] Write ECG writelog: WriteLogItem(1554908589709,D,WriteOperation(f,+,1))
[2019-04-10T15:03:10.285][Master] Read ECG writelog
[2019-04-10T15:03:15.993][Master] Write ECG writelog: WriteLogItem(1554908595991,A,WriteOperation(f,+,1))
[2019-04-10T15:03:15.995][Master] Read ECG writelog
[2019-04-10T15:03:24.179][Master] Write ECG writelog: WriteLogItem(1554908603832,D,WriteOperation(g,+,1))
[2019-04-10T15:03:24.409][Master] Read ECG writelog
[2019-04-10T15:03:34.499][Master] Write ECG writelog: WriteLogItem(1554908614152,D,WriteOperation(h,+,1))
[2019-04-10T15:03:34.730][Master] Read ECG writelog
[2019-04-10T15:03:39.972][Master] Write ECG writelog: WriteLogItem(1554908619969,B,WriteOperation(f,+,1))
[2019-04-10T15:03:39.973][Master] Read ECG writelog
[2019-04-10T15:03:48.601][Master] Write ECG writelog: WriteLogItem(1554908628255,D,WriteOperation(g,+,1))
[2019-04-10T15:03:48.831][Master] Read ECG writelog
[2019-04-10T15:03:54.646][Master] Write ECG writelog: WriteLogItem(1554908634644,A,WriteOperation(h,+,1))
[2019-04-10T15:03:54.647][Master] Read ECG writelog
[2019-04-10T15:04:00.786][Master] Write ECG writelog: WriteLogItem(1554908640521,F,WriteOperation(h,+,1))
[2019-04-10T15:04:00.892][Master] Read ECG writelog
[2019-04-10T15:04:12.054][Master] Write ECG writelog: WriteLogItem(1554908651479,C,WriteOperation(g,+,1))
[2019-04-10T15:04:12.283][Master] Read ECG writelog
[2019-04-10T15:04:24.543][Master] Write ECG writelog: WriteLogItem(1554908664197,C,WriteOperation(g,+,1))
[2019-04-10T15:04:24.773][Master] Read ECG writelog
[2019-04-10T15:04:30.858][Master] Write ECG writelog: WriteLogItem(1554908670855,A,WriteOperation(f,+,1))
[2019-04-10T15:04:30.859][Master] Read ECG writelog
[2019-04-10T15:04:37.870][Master] Write ECG writelog: WriteLogItem(1554908677605,E,WriteOperation(h,+,1))
[2019-04-10T15:04:37.976][Master] Read ECG writelog
[2019-04-10T15:04:42.829][Master] Write ECG writelog: WriteLogItem(1554908682803,A,WriteOperation(f,+,1))
[2019-04-10T15:04:42.830][Master] Read ECG writelog
[2019-04-10T15:04:48.383][Master] Write ECG writelog: WriteLogItem(1554908688098,F,WriteOperation(f,+,1))
[2019-04-10T15:04:48.491][Master] Read ECG writelog
[2019-04-10T15:04:54.577][Master] Write ECG writelog: WriteLogItem(1554908694417,F,WriteOperation(f,+,1))
[2019-04-10T15:04:54.683][Master] Read ECG writelog
[2019-04-10T15:05:04.194][Master] Write ECG writelog: WriteLogItem(1554908703618,D,WriteOperation(f,+,1))
[2019-04-10T15:05:04.424][Master] Read ECG writelog
[2019-04-10T15:05:17.061][Master] Write ECG writelog: WriteLogItem(1554908716714,D,WriteOperation(f,+,1))
[2019-04-10T15:05:17.291][Master] Read ECG writelog
[2019-04-10T15:05:28.185][Master] Write ECG writelog: WriteLogItem(1554908727835,D,WriteOperation(f,+,1))
[2019-04-10T15:05:28.417][Master] Read ECG writelog
[2019-04-10T15:05:38.341][Master] Write ECG writelog: WriteLogItem(1554908737995,D,WriteOperation(g,+,1))
[2019-04-10T15:05:38.572][Master] Read ECG writelog
[2019-04-10T15:05:49.431][Master] Write ECG writelog: WriteLogItem(1554908748856,C,WriteOperation(g,+,1))
[2019-04-10T15:05:49.661][Master] Read ECG writelog
[2019-04-10T15:06:00.746][Master] Write ECG writelog: WriteLogItem(1554908760400,D,WriteOperation(f,+,1))
[2019-04-10T15:06:00.977][Master] Read ECG writelog
[2019-04-10T15:06:07.866][Master] Write ECG writelog: WriteLogItem(1554908767863,B,WriteOperation(f,+,1))
[2019-04-10T15:06:07.868][Master] Read ECG writelog
[2019-04-10T15:06:14.497][Master] Write ECG writelog: WriteLogItem(1554908774231,E,WriteOperation(h,+,1))
[2019-04-10T15:06:14.748][Master] Read ECG writelog
[2019-04-10T15:06:19.408][Master] Write ECG writelog: WriteLogItem(1554908779406,B,WriteOperation(g,+,1))
[2019-04-10T15:06:19.409][Master] Read ECG writelog
[2019-04-10T15:06:20.997][Master] Write ECG writelog: WriteLogItem(1554908780995,A,WriteOperation(h,+,1))
[2019-04-10T15:06:20.998][Master] Read ECG writelog
[2019-04-10T15:06:28.717][Master] Write ECG writelog: WriteLogItem(1554908788372,C,WriteOperation(h,+,1))
[2019-04-10T15:06:28.947][Master] Read ECG writelog
[2019-04-10T15:06:40.938][Master] Write ECG writelog: WriteLogItem(1554908800592,C,WriteOperation(f,+,1))
[2019-04-10T15:06:41.168][Master] Read ECG writelog
[2019-04-10T15:06:51.209][Master] Write ECG writelog: WriteLogItem(1554908810863,C,WriteOperation(h,+,1))
[2019-04-10T15:06:51.439][Master] Read ECG writelog
[2019-04-10T15:06:58.627][Master] Write ECG writelog: WriteLogItem(1554908818362,F,WriteOperation(f,+,1))
[2019-04-10T15:06:58.733][Master] Read ECG writelog
[2019-04-10T15:07:07.504][Master] Write ECG writelog: WriteLogItem(1554908827158,C,WriteOperation(h,+,1))
[2019-04-10T15:07:07.734][Master] Read ECG writelog
[2019-04-10T15:07:19.084][Master] Write ECG writelog: WriteLogItem(1554908838510,D,WriteOperation(h,+,1))
[2019-04-10T15:07:19.313][Master] Read ECG writelog
[2019-04-10T15:07:28.683][Master] Write ECG writelog: WriteLogItem(1554908848418,E,WriteOperation(f,+,1))
[2019-04-10T15:07:28.790][Master] Read ECG writelog
[2019-04-10T15:07:38.233][Master] Write ECG writelog: WriteLogItem(1554908857655,C,WriteOperation(g,+,1))
[2019-04-10T15:07:38.465][Master] Read ECG writelog
[2019-04-10T15:07:47.792][Master] Write ECG writelog: WriteLogItem(1554908867789,A,WriteOperation(h,+,1))
[2019-04-10T15:07:47.793][Master] Read ECG writelog
[2019-04-10T15:07:55.624][Master] Write ECG writelog: WriteLogItem(1554908875277,C,WriteOperation(h,+,1))
[2019-04-10T15:07:55.856][Master] Read ECG writelog
[2019-04-10T15:08:04.551][Master] Write ECG writelog: WriteLogItem(1554908884286,F,WriteOperation(f,+,1))
[2019-04-10T15:08:04.657][Master] Read ECG writelog
[2019-04-10T15:08:09.448][Master] Write ECG writelog: WriteLogItem(1554908889446,A,WriteOperation(f,+,1))
[2019-04-10T15:08:09.449][Master] Read ECG writelog
[2019-04-10T15:08:15.661][Master] Write ECG writelog: WriteLogItem(1554908895397,E,WriteOperation(g,+,1))
[2019-04-10T15:08:15.767][Master] Read ECG writelog
[2019-04-10T15:08:23.740][Master] Write ECG writelog: WriteLogItem(1554908903580,F,WriteOperation(h,+,1))
[2019-04-10T15:08:23.845][Master] Read ECG writelog
[2019-04-10T15:08:31.247][Master] Write ECG writelog: WriteLogItem(1554908911088,E,WriteOperation(h,+,1))
[2019-04-10T15:08:31.353][Master] Read ECG writelog
[2019-04-10T15:08:41.526][Master] Write ECG writelog: WriteLogItem(1554908920950,D,WriteOperation(h,+,1))
[2019-04-10T15:08:41.756][Master] Read ECG writelog
[2019-04-10T15:08:49.896][Master] Write ECG writelog: WriteLogItem(1554908929893,A,WriteOperation(h,+,1))
[2019-04-10T15:08:49.897][Master] Read ECG writelog
[2019-04-10T15:08:54.622][Master] Write ECG writelog: WriteLogItem(1554908934620,B,WriteOperation(g,+,1))
[2019-04-10T15:08:54.623][Master] Read ECG writelog
[2019-04-10T15:08:59.613][Master] Write ECG writelog: WriteLogItem(1554908939348,F,WriteOperation(f,+,1))
[2019-04-10T15:08:59.719][Master] Read ECG writelog
[2019-04-10T15:09:07.127][Master] Write ECG writelog: WriteLogItem(1554908946863,E,WriteOperation(h,+,1))
[2019-04-10T15:09:07.233][Master] Read ECG writelog
[2019-04-10T15:09:15.995][Master] Write ECG writelog: WriteLogItem(1554908955421,C,WriteOperation(g,+,1))
[2019-04-10T15:09:16.225][Master] Read ECG writelog
[2019-04-10T15:09:56.229][Master] Write ECG writelog: WriteLogItem(1554908996227,A,WriteOperation(h,+,1))
[2019-04-10T15:09:56.230][Master] Read ECG writelog
[2019-04-10T15:10:05.794][Master] Write ECG writelog: WriteLogItem(1554909005220,D,WriteOperation(g,+,1))
[2019-04-10T15:10:06.024][Master] Read ECG writelog
[2019-04-10T15:10:15.676][Master] Write ECG writelog: WriteLogItem(1554909015410,F,WriteOperation(h,+,1))
[2019-04-10T15:10:15.782][Master] Read ECG writelog
[2019-04-10T15:10:23.508][Master] Write ECG writelog: WriteLogItem(1554909023347,F,WriteOperation(f,+,1))
[2019-04-10T15:10:23.613][Master] Read ECG writelog
[2019-04-10T15:10:31.028][Master] Write ECG writelog: WriteLogItem(1554909030763,E,WriteOperation(g,+,1))
[2019-04-10T15:10:31.134][Master] Read ECG writelog
[2019-04-10T15:10:37.246][Master] Write ECG writelog: WriteLogItem(1554909037243,A,WriteOperation(g,+,1))
[2019-04-10T15:10:37.247][Master] Read ECG writelog
[2019-04-10T15:10:42.877][Master] Write ECG writelog: WriteLogItem(1554909042875,A,WriteOperation(g,+,1))
[2019-04-10T15:10:42.878][Master] Read ECG writelog
[2019-04-10T15:10:47.874][Master] Write ECG writelog: WriteLogItem(1554909047716,E,WriteOperation(f,+,1))
[2019-04-10T15:10:47.980][Master] Read ECG writelog
[2019-04-10T15:10:53.981][Master] Write ECG writelog: WriteLogItem(1554909053979,A,WriteOperation(h,+,1))
[2019-04-10T15:10:53.982][Master] Read ECG writelog
[2019-04-10T15:10:57.799][Master] Write ECG writelog: WriteLogItem(1554909057798,A,WriteOperation(g,+,1))
[2019-04-10T15:10:57.802][Master] Read ECG writelog
[2019-04-10T15:11:02.923][Master] Write ECG writelog: WriteLogItem(1554909062659,F,WriteOperation(h,+,1))
[2019-04-10T15:11:03.029][Master] Read ECG writelog
[2019-04-10T15:11:13.306][Master] Write ECG writelog: WriteLogItem(1554909072730,C,WriteOperation(h,+,1))
[2019-04-10T15:11:13.538][Master] Read ECG writelog
[2019-04-10T15:11:20.835][Master] Write ECG writelog: WriteLogItem(1554909080832,B,WriteOperation(g,+,1))
[2019-04-10T15:11:20.836][Master] Read ECG writelog
[2019-04-10T15:11:26.512][Master] Write ECG writelog: WriteLogItem(1554909086168,C,WriteOperation(h,+,1))
[2019-04-10T15:11:26.742][Master] Read ECG writelog
[2019-04-10T15:11:36.912][Master] Write ECG writelog: WriteLogItem(1554909096567,C,WriteOperation(g,+,1))
[2019-04-10T15:11:37.142][Master] Read ECG writelog
[2019-04-10T15:11:42.839][Master] Write ECG writelog: WriteLogItem(1554909102836,A,WriteOperation(h,+,1))
[2019-04-10T15:11:42.839][Master] Read ECG writelog
[2019-04-10T15:11:52.608][Master] Write ECG writelog: WriteLogItem(1554909112263,C,WriteOperation(h,+,1))
[2019-04-10T15:11:52.838][Master] Read ECG writelog
[2019-04-10T15:11:59.642][Master] Write ECG writelog: WriteLogItem(1554909119639,B,WriteOperation(h,+,1))
[2019-04-10T15:11:59.646][Master] Read ECG writelog
[2019-04-10T15:12:03.519][Master] Write ECG writelog: WriteLogItem(1554909123254,E,WriteOperation(g,+,1))
[2019-04-10T15:12:03.625][Master] Read ECG writelog
[2019-04-10T15:12:13.142][Master] Write ECG writelog: WriteLogItem(1554909132559,D,WriteOperation(f,+,1))
[2019-04-10T15:12:13.374][Master] Read ECG writelog
[2019-04-10T15:12:24.336][Master] Write ECG writelog: WriteLogItem(1554909143987,D,WriteOperation(h,+,1))
[2019-04-10T15:12:24.568][Master] Read ECG writelog
[2019-04-10T15:12:32.421][Master] Write ECG writelog: WriteLogItem(1554909152261,E,WriteOperation(g,+,1))
[2019-04-10T15:12:32.527][Master] Read ECG writelog
[2019-04-10T15:12:39.580][Master] Write ECG writelog: WriteLogItem(1554909159314,F,WriteOperation(g,+,1))
[2019-04-10T15:12:39.686][Master] Read ECG writelog
[2019-04-10T15:12:44.079][Master] Write ECG writelog: WriteLogItem(1554909164077,B,WriteOperation(g,+,1))
[2019-04-10T15:12:44.084][Master] Read ECG writelog
[2019-04-10T15:12:51.974][Master] Write ECG writelog: WriteLogItem(1554909171398,C,WriteOperation(f,+,1))
[2019-04-10T15:12:52.204][Master] Read ECG writelog
[2019-04-10T15:13:01.709][Master] Write ECG writelog: WriteLogItem(1554909181707,A,WriteOperation(h,+,1))
[2019-04-10T15:13:01.710][Master] Read ECG writelog
[2019-04-10T15:13:07.478][Master] Write ECG writelog: WriteLogItem(1554909187214,E,WriteOperation(g,+,1))
[2019-04-10T15:13:07.584][Master] Read ECG writelog
[2019-04-10T15:13:14.169][Master] Write ECG writelog: WriteLogItem(1554909193906,F,WriteOperation(h,+,1))
[2019-04-10T15:13:14.275][Master] Read ECG writelog
[2019-04-10T15:13:21.786][Master] Write ECG writelog: WriteLogItem(1554909201626,E,WriteOperation(h,+,1))
[2019-04-10T15:13:21.891][Master] Read ECG writelog
[2019-04-10T15:13:30.365][Master] Write ECG writelog: WriteLogItem(1554909210206,E,WriteOperation(g,+,1))
[2019-04-10T15:13:30.471][Master] Read ECG writelog
[2019-04-10T15:13:35.599][Master] Write ECG writelog: WriteLogItem(1554909215596,A,WriteOperation(g,+,1))
[2019-04-10T15:13:35.600][Master] Read ECG writelog
[2019-04-10T15:13:41.436][Master] Write ECG writelog: WriteLogItem(1554909221433,B,WriteOperation(g,+,1))
[2019-04-10T15:13:41.437][Master] Read ECG writelog
[2019-04-10T15:13:43.262][Master] Write ECG writelog: WriteLogItem(1554909223260,B,WriteOperation(f,+,1))
[2019-04-10T15:13:43.263][Master] Read ECG writelog
[2019-04-10T15:13:53.275][Master] Write ECG writelog: WriteLogItem(1554909232696,C,WriteOperation(h,+,1))
[2019-04-10T15:13:53.505][Master] Read ECG writelog
[2019-04-10T15:13:59.971][Master] Write ECG writelog: WriteLogItem(1554909239969,B,WriteOperation(g,+,1))
[2019-04-10T15:13:59.972][Master] Read ECG writelog
[2019-04-10T15:14:03.490][Master] Write ECG writelog: WriteLogItem(1554909243489,B,WriteOperation(h,+,1))
[2019-04-10T15:14:03.492][Master] Read ECG writelog
[2019-04-10T15:14:11.330][Master] Write ECG writelog: WriteLogItem(1554909250756,D,WriteOperation(f,+,1))
[2019-04-10T15:14:11.560][Master] Read ECG writelog
[2019-04-10T15:14:23.317][Master] Write ECG writelog: WriteLogItem(1554909262972,C,WriteOperation(h,+,1))
[2019-04-10T15:14:23.548][Master] Read ECG writelog
[2019-04-10T15:14:35.660][Master] Write ECG writelog: WriteLogItem(1554909275315,D,WriteOperation(g,+,1))
[2019-04-10T15:14:35.889][Master] Read ECG writelog
[2019-04-10T15:14:47.350][Master] Write ECG writelog: WriteLogItem(1554909287004,C,WriteOperation(f,+,1))
[2019-04-10T15:14:47.580][Master] Read ECG writelog
[2019-04-10T15:14:58.685][Master] Write ECG writelog: WriteLogItem(1554909298109,D,WriteOperation(h,+,1))
[2019-04-10T15:14:58.915][Master] Read ECG writelog
[2019-04-10T15:15:06.656][Master] Write ECG writelog: WriteLogItem(1554909306653,B,WriteOperation(h,+,1))
[2019-04-10T15:15:06.657][Master] Read ECG writelog
[2019-04-10T15:15:13.729][Master] Write ECG writelog: WriteLogItem(1554909313156,C,WriteOperation(h,+,1))
[2019-04-10T15:15:13.959][Master] Read ECG writelog
[2019-04-10T15:15:22.124][Master] Write ECG writelog: WriteLogItem(1554909322122,B,WriteOperation(h,+,1))
[2019-04-10T15:15:22.125][Master] Read ECG writelog
[2019-04-10T15:15:26.257][Master] Write ECG writelog: WriteLogItem(1554909325991,E,WriteOperation(h,+,1))
[2019-04-10T15:15:26.363][Master] Read ECG writelog
[2019-04-10T15:15:34.267][Master] Write ECG writelog: WriteLogItem(1554909334003,F,WriteOperation(h,+,1))
[2019-04-10T15:15:34.373][Master] Read ECG writelog
[2019-04-10T15:15:40.555][Master] Write ECG writelog: WriteLogItem(1554909340553,B,WriteOperation(f,+,1))
[2019-04-10T15:15:40.555][Master] Read ECG writelog
[2019-04-10T15:15:49.863][Master] Write ECG writelog: WriteLogItem(1554909349288,C,WriteOperation(f,+,1))
[2019-04-10T15:15:50.093][Master] Read ECG writelog
[2019-04-10T15:16:02.604][Master] Write ECG writelog: WriteLogItem(1554909362027,D,WriteOperation(g,+,1))
[2019-04-10T15:16:02.834][Master] Read ECG writelog
[2019-04-10T15:16:15.111][Master] Write ECG writelog: WriteLogItem(1554909374765,D,WriteOperation(f,+,1))
[2019-04-10T15:16:15.341][Master] Read ECG writelog
[2019-04-10T15:16:23.821][Master] Write ECG writelog: WriteLogItem(1554909383557,E,WriteOperation(g,+,1))
[2019-04-10T15:16:23.927][Master] Read ECG writelog
[2019-04-10T15:16:28.333][Master] Write ECG writelog: WriteLogItem(1554909388328,B,WriteOperation(f,+,1))
[2019-04-10T15:16:28.333][Master] Read ECG writelog
[2019-04-10T15:16:35.384][Master] Write ECG writelog: WriteLogItem(1554909395225,F,WriteOperation(f,+,1))
[2019-04-10T15:16:35.489][Master] Read ECG writelog
[2019-04-10T15:16:42.939][Master] Write ECG writelog: WriteLogItem(1554909402780,E,WriteOperation(g,+,1))
[2019-04-10T15:16:43.045][Master] Read ECG writelog
[2019-04-10T15:16:47.891][Master] Write ECG writelog: WriteLogItem(1554909407888,A,WriteOperation(h,+,1))
[2019-04-10T15:16:47.891][Master] Read ECG writelog
[2019-04-10T15:16:52.649][Master] Write ECG writelog: WriteLogItem(1554909412647,B,WriteOperation(g,+,1))
[2019-04-10T15:16:52.649][Master] Read ECG writelog
[2019-04-10T15:16:59.402][Master] Write ECG writelog: WriteLogItem(1554909418827,D,WriteOperation(h,+,1))
[2019-04-10T15:16:59.632][Master] Read ECG writelog
[2019-04-10T15:17:06.844][Master] Write ECG writelog: WriteLogItem(1554909426842,A,WriteOperation(f,+,1))
[2019-04-10T15:17:06.845][Master] Read ECG writelog
[2019-04-10T15:17:11.941][Master] Write ECG writelog: WriteLogItem(1554909431940,B,WriteOperation(g,+,1))
[2019-04-10T15:17:11.944][Master] Read ECG writelog
[2019-04-10T15:17:14.604][Master] Write ECG writelog: WriteLogItem(1554909434603,A,WriteOperation(h,+,1))
[2019-04-10T15:17:14.605][Master] Read ECG writelog
[2019-04-10T15:17:19.116][Master] Write ECG writelog: WriteLogItem(1554909439115,A,WriteOperation(g,+,1))
[2019-04-10T15:17:19.117][Master] Read ECG writelog
[2019-04-10T15:17:26.671][Master] Write ECG writelog: WriteLogItem(1554909446094,C,WriteOperation(g,+,1))
[2019-04-10T15:17:26.901][Master] Read ECG writelog
[2019-04-10T15:17:39.697][Master] Write ECG writelog: WriteLogItem(1554909459351,C,WriteOperation(f,+,1))
[2019-04-10T15:17:39.927][Master] Read ECG writelog
[2019-04-10T15:17:45.333][Master] Write ECG writelog: WriteLogItem(1554909465331,A,WriteOperation(h,+,1))
[2019-04-10T15:17:45.334][Master] Read ECG writelog
[2019-04-10T15:17:52.276][Master] Write ECG writelog: WriteLogItem(1554909472006,E,WriteOperation(h,+,1))
[2019-04-10T15:17:52.382][Master] Read ECG writelog
[2019-04-10T15:17:57.018][Master] Write ECG writelog: WriteLogItem(1554909477016,A,WriteOperation(g,+,1))
[2019-04-10T15:17:57.018][Master] Read ECG writelog
[2019-04-10T15:18:00.627][Master] Write ECG writelog: WriteLogItem(1554909480625,B,WriteOperation(h,+,1))
[2019-04-10T15:18:00.628][Master] Read ECG writelog
[2019-04-10T15:18:08.227][Master] Write ECG writelog: WriteLogItem(1554909487652,C,WriteOperation(h,+,1))
[2019-04-10T15:18:08.457][Master] Read ECG writelog
[2019-04-10T15:18:21.298][Master] Write ECG writelog: WriteLogItem(1554909500723,D,WriteOperation(g,+,1))
[2019-04-10T15:18:21.528][Master] Read ECG writelog
[2019-04-10T15:18:33.102][Master] Write ECG writelog: WriteLogItem(1554909512754,C,WriteOperation(g,+,1))
[2019-04-10T15:18:33.332][Master] Read ECG writelog
[2019-04-10T15:18:44.890][Master] Write ECG writelog: WriteLogItem(1554909524545,C,WriteOperation(f,+,1))
[2019-04-10T15:18:45.120][Master] Read ECG writelog
[2019-04-10T15:18:54.179][Master] Write ECG writelog: WriteLogItem(1554909533914,F,WriteOperation(h,+,1))
[2019-04-10T15:18:54.284][Master] Read ECG writelog
[2019-04-10T15:18:59.348][Master] Write ECG writelog: WriteLogItem(1554909539345,A,WriteOperation(h,+,1))
[2019-04-10T15:18:59.350][Master] Read ECG writelog
[2019-04-10T15:19:09.635][Master] Write ECG writelog: WriteLogItem(1554909549060,C,WriteOperation(f,+,1))
[2019-04-10T15:19:09.865][Master] Read ECG writelog
[2019-04-10T15:19:18.942][Master] Write ECG writelog: WriteLogItem(1554909558783,F,WriteOperation(f,+,1))
[2019-04-10T15:19:19.048][Master] Read ECG writelog
/home/sven/.sdkman/candidates/scala/current/bin/scala: line 21:  1610 Killed                  "$@"
