Initialize experiment...
=> Setup instance-01
=> Setup instance-02
=> Setup instance-03
Done! 

Start master and replicas...
=> Start master on instance-01
=> Start replicas on instance-01
	 => Start ReplicaA on instance-01
	 => Start ReplicaB on instance-01
=> Start replicas on instance-02
	 => Start ReplicaC on instance-02
	 => Start ReplicaD on instance-02
=> Start replicas on instance-03
	 => Start ReplicaE on instance-03
	 => Start ReplicaF on instance-03
Start simulation
(1/100) ReplicaC: [2019-04-10T14:26:46.028][Client] Write key = f and value = 1 in 7917ms
(2/100) ReplicaF: [2019-04-10T14:26:50.589][Client] Write key = g and value = 1 in 935ms
(3/100) ReplicaF: [2019-04-10T14:26:53.984][Client] Write key = h and value = 1 in 895ms
(4/100) ReplicaB: [2019-04-10T14:26:57.132][Client] Write key = h and value = 1 in 223ms
(5/100) ReplicaB: [2019-04-10T14:26:59.477][Client] Write key = g and value = 1 in 178ms
(6/100) ReplicaF: [2019-04-10T14:27:03.141][Client] Write key = h and value = 1 in 900ms
(7/100) ReplicaC: [2019-04-10T14:27:13.781][Client] Write key = f and value = 1 in 5539ms
(8/100) ReplicaC: [2019-04-10T14:27:24.407][Client] Write key = f and value = 1 in 5300ms
(9/100) ReplicaB: [2019-04-10T14:27:30.091][Client] Write key = f and value = 1 in 2968ms
(10/100) ReplicaE: [2019-04-10T14:27:35.550][Client] Write key = h and value = 1 in 1037ms
(11/100) ReplicaA: [2019-04-10T14:27:40.997][Client] Write key = f and value = 1 in 3054ms
(12/100) ReplicaD: [2019-04-10T14:27:47.707][Client] Write key = g and value = 1 in 2035ms
(13/100) ReplicaB: [2019-04-10T14:27:51.553][Client] Write key = f and value = 1 in 1557ms
(14/100) ReplicaF: [2019-04-10T14:27:55.960][Client] Write key = h and value = 1 in 1019ms
(15/100) ReplicaC: [2019-04-10T14:28:08.113][Client] Write key = h and value = 1 in 6494ms
(16/100) ReplicaB: [2019-04-10T14:28:11.473][Client] Write key = g and value = 1 in 170ms
(17/100) ReplicaB: [2019-04-10T14:28:13.866][Client] Write key = g and value = 1 in 168ms
(18/100) ReplicaB: [2019-04-10T14:28:17.136][Client] Write key = h and value = 1 in 157ms
(19/100) ReplicaC: [2019-04-10T14:28:28.655][Client] Write key = f and value = 1 in 6016ms
(20/100) ReplicaB: [2019-04-10T14:28:31.635][Client] Write key = g and value = 1 in 149ms
(21/100) ReplicaA: [2019-04-10T14:28:35.183][Client] Write key = g and value = 1 in 2240ms
(22/100) ReplicaD: [2019-04-10T14:28:49.266][Client] Write key = f and value = 1 in 8168ms
(23/100) ReplicaB: [2019-04-10T14:28:51.473][Client] Write key = h and value = 1 in 168ms
(24/100) ReplicaA: [2019-04-10T14:28:55.943][Client] Write key = h and value = 1 in 2201ms
(25/100) ReplicaD: [2019-04-10T14:29:07.291][Client] Write key = h and value = 1 in 5303ms
(26/100) ReplicaB: [2019-04-10T14:29:10.774][Client] Write key = h and value = 1 in 165ms
(27/100) ReplicaB: [2019-04-10T14:29:13.724][Client] Write key = g and value = 1 in 176ms
(28/100) ReplicaD: [2019-04-10T14:29:24.002][Client] Write key = h and value = 1 in 5287ms
(29/100) ReplicaF: [2019-04-10T14:29:32.688][Client] Write key = f and value = 1 in 5148ms
(30/100) ReplicaF: [2019-04-10T14:29:39.027][Client] Write key = f and value = 1 in 3011ms
(31/100) ReplicaE: [2019-04-10T14:29:47.672][Client] Write key = g and value = 1 in 5148ms
(32/100) ReplicaF: [2019-04-10T14:29:52.904][Client] Write key = g and value = 1 in 2804ms
(33/100) ReplicaF: [2019-04-10T14:29:59.252][Client] Write key = f and value = 1 in 3003ms
(34/100) ReplicaC: [2019-04-10T14:30:12.171][Client] Write key = f and value = 1 in 6480ms
(35/100) ReplicaC: [2019-04-10T14:30:23.224][Client] Write key = f and value = 1 in 5817ms
(36/100) ReplicaA: [2019-04-10T14:30:28.703][Client] Write key = f and value = 1 in 2215ms
(37/100) ReplicaA: [2019-04-10T14:30:32.952][Client] Write key = h and value = 1 in 1555ms
(38/100) ReplicaF: [2019-04-10T14:30:40.178][Client] Write key = g and value = 1 in 3715ms
(39/100) ReplicaC: [2019-04-10T14:30:53.982][Client] Write key = g and value = 1 in 7848ms
(40/100) ReplicaB: [2019-04-10T14:30:55.932][Client] Write key = h and value = 1 in 163ms
(41/100) ReplicaE: [2019-04-10T14:31:02.156][Client] Write key = f and value = 1 in 3709ms
(42/100) ReplicaB: [2019-04-10T14:31:07.095][Client] Write key = f and value = 1 in 2213ms
(43/100) ReplicaD: [2019-04-10T14:31:19.447][Client] Write key = h and value = 1 in 6467ms
(44/100) ReplicaA: [2019-04-10T14:31:24.613][Client] Write key = f and value = 1 in 2454ms
(45/100) ReplicaE: [2019-04-10T14:31:30.945][Client] Write key = g and value = 1 in 3478ms
(46/100) ReplicaB: [2019-04-10T14:31:33.907][Client] Write key = h and value = 1 in 167ms
(47/100) ReplicaA: [2019-04-10T14:31:37.681][Client] Write key = g and value = 1 in 1998ms
(48/100) ReplicaD: [2019-04-10T14:31:48.360][Client] Write key = f and value = 1 in 6136ms
(49/100) ReplicaA: [2019-04-10T14:31:52.749][Client] Write key = h and value = 1 in 1542ms
(50/100) ReplicaD: [2019-04-10T14:32:04.719][Client] Write key = f and value = 1 in 7252ms
(51/100) ReplicaF: [2019-04-10T14:32:12.807][Client] Write key = g and value = 1 in 5047ms
(52/100) ReplicaB: [2019-04-10T14:32:17.868][Client] Write key = f and value = 1 in 2876ms
(53/100) ReplicaA: [2019-04-10T14:32:21.836][Client] Write key = f and value = 1 in 2197ms
(54/100) ReplicaB: [2019-04-10T14:32:23.610][Client] Write key = g and value = 1 in 176ms
(55/100) ReplicaD: [2019-04-10T14:32:36.445][Client] Write key = g and value = 1 in 6485ms
(56/100) ReplicaB: [2019-04-10T14:32:39.478][Client] Write key = g and value = 1 in 180ms
(57/100) ReplicaE: [2019-04-10T14:32:47.434][Client] Write key = g and value = 1 in 3713ms
(58/100) ReplicaA: [2019-04-10T14:32:51.043][Client] Write key = h and value = 1 in 1972ms
(59/100) ReplicaF: [2019-04-10T14:32:57.640][Client] Write key = g and value = 1 in 3695ms
(60/100) ReplicaB: [2019-04-10T14:33:00.654][Client] Write key = h and value = 1 in 166ms
(61/100) ReplicaD: [2019-04-10T14:33:12.786][Client] Write key = h and value = 1 in 6466ms
(62/100) ReplicaE: [2019-04-10T14:33:21.652][Client] Write key = g and value = 1 in 5152ms
(63/100) ReplicaC: [2019-04-10T14:33:33.744][Client] Write key = h and value = 1 in 6449ms
(64/100) ReplicaA: [2019-04-10T14:33:38.186][Client] Write key = f and value = 1 in 2206ms
(65/100) ReplicaA: [2019-04-10T14:33:42.523][Client] Write key = g and value = 1 in 1530ms
(66/100) ReplicaF: [2019-04-10T14:33:50.730][Client] Write key = g and value = 1 in 3702ms
(67/100) ReplicaB: [2019-04-10T14:33:55.557][Client] Write key = f and value = 1 in 2205ms
(68/100) ReplicaA: [2019-04-10T14:33:58.927][Client] Write key = f and value = 1 in 1543ms
(69/100) ReplicaF: [2019-04-10T14:34:05.151][Client] Write key = f and value = 1 in 3008ms
(70/100) ReplicaD: [2019-04-10T14:34:16.386][Client] Write key = g and value = 1 in 6454ms
(71/100) ReplicaF: [2019-04-10T14:34:24.289][Client] Write key = g and value = 1 in 3472ms
(72/100) ReplicaD: [2019-04-10T14:34:36.169][Client] Write key = g and value = 1 in 5981ms
(73/100) ReplicaD: [2019-04-10T14:34:46.928][Client] Write key = g and value = 1 in 5274ms
(74/100) ReplicaD: [2019-04-10T14:34:58.325][Client] Write key = f and value = 1 in 5282ms
(75/100) ReplicaF: [2019-04-10T14:35:04.903][Client] Write key = g and value = 1 in 3691ms
Done! 

Fetch Master results:
[2019-04-10T14:35:07.012][Master] Read key = f and value = 26 in 0ms
[2019-04-10T14:35:07.014][Master] Read key = g and value = 28 in 0ms
[2019-04-10T14:35:07.016][Master] Read key = h and value = 21 in 0ms
Done! 

Results:
=>  ReplicaA
[2019-04-10T14:35:08.394][Client] Read key = f and value = 26 in 147ms
[2019-04-10T14:35:09.481][Client] Read key = g and value = 21 in 153ms
[2019-04-10T14:35:10.549][Client] Read key = h and value = 10 in 158ms
=>  ReplicaB
[2019-04-10T14:35:11.979][Client] Read key = f and value = 26 in 152ms
[2019-04-10T14:35:13.041][Client] Read key = g and value = 28 in 158ms
[2019-04-10T14:35:14.091][Client] Read key = h and value = 17 in 149ms
=>  ReplicaC
[2019-04-10T14:35:16.652][Client] Read key = f and value = 26 in 1289ms
[2019-04-10T14:35:18.878][Client] Read key = g and value = 21 in 1293ms
[2019-04-10T14:35:21.039][Client] Read key = h and value = 10 in 1275ms
=>  ReplicaD
[2019-04-10T14:35:23.774][Client] Read key = f and value = 26 in 1282ms
[2019-04-10T14:35:25.978][Client] Read key = g and value = 21 in 1309ms
[2019-04-10T14:35:27.919][Client] Read key = h and value = 10 in 1046ms
=>  ReplicaE
[2019-04-10T14:35:30.270][Client] Read key = f and value = 26 in 675ms
[2019-04-10T14:35:31.868][Client] Read key = g and value = 21 in 666ms
[2019-04-10T14:35:33.444][Client] Read key = h and value = 11 in 664ms
=>  ReplicaF
[2019-04-10T14:35:35.349][Client] Read key = f and value = 26 in 663ms
[2019-04-10T14:35:36.782][Client] Read key = g and value = 21 in 554ms
[2019-04-10T14:35:38.321][Client] Read key = h and value = 13 in 660ms
Done! 

(1/100) ReplicaF: [2019-04-10T14:35:44.357][Client] Write key = g and value = 1 in 3698ms
(2/100) ReplicaB: [2019-04-10T14:35:47.747][Client] Write key = g and value = 1 in 172ms
(3/100) ReplicaC: [2019-04-10T14:35:59.590][Client] Write key = f and value = 1 in 5994ms
(4/100) ReplicaA: [2019-04-10T14:36:04.999][Client] Write key = h and value = 1 in 2195ms
(5/100) ReplicaF: [2019-04-10T14:36:11.776][Client] Write key = g and value = 1 in 3473ms
(6/100) ReplicaD: [2019-04-10T14:36:23.787][Client] Write key = h and value = 1 in 6447ms
(7/100) ReplicaD: [2019-04-10T14:36:35.461][Client] Write key = f and value = 1 in 6703ms
(8/100) ReplicaC: [2019-04-10T14:36:48.152][Client] Write key = h and value = 1 in 6462ms
(9/100) ReplicaA: [2019-04-10T14:36:54.383][Client] Write key = f and value = 1 in 2906ms
(10/100) ReplicaF: [2019-04-10T14:37:03.122][Client] Write key = f and value = 1 in 5142ms
(11/100) ReplicaC: [2019-04-10T14:37:15.133][Client] Write key = h and value = 1 in 5986ms
(12/100) ReplicaC: [2019-04-10T14:37:25.441][Client] Write key = h and value = 1 in 5530ms
(13/100) ReplicaF: [2019-04-10T14:37:32.413][Client] Write key = g and value = 1 in 3414ms
(14/100) ReplicaA: [2019-04-10T14:37:37.052][Client] Write key = f and value = 1 in 2208ms
(15/100) ReplicaA: [2019-04-10T14:37:39.985][Client] Write key = f and value = 1 in 1513ms
(16/100) ReplicaD: [2019-04-10T14:37:52.262][Client] Write key = g and value = 1 in 6454ms
(17/100) ReplicaF: [2019-04-10T14:37:59.850][Client] Write key = h and value = 1 in 3455ms
(18/100) ReplicaC: [2019-04-10T14:38:13.022][Client] Write key = h and value = 1 in 7846ms
(19/100) ReplicaE: [2019-04-10T14:38:20.771][Client] Write key = g and value = 1 in 3592ms
(20/100) ReplicaA: [2019-04-10T14:38:25.619][Client] Write key = f and value = 1 in 2192ms
(21/100) ReplicaB: [2019-04-10T14:38:28.252][Client] Write key = g and value = 1 in 153ms
(22/100) ReplicaC: [2019-04-10T14:38:38.912][Client] Write key = h and value = 1 in 5540ms
(23/100) ReplicaE: [2019-04-10T14:38:45.715][Client] Write key = h and value = 1 in 3015ms
(24/100) ReplicaE: [2019-04-10T14:38:52.768][Client] Write key = g and value = 1 in 2998ms
(25/100) ReplicaD: [2019-04-10T14:39:05.052][Client] Write key = f and value = 1 in 6440ms
(26/100) ReplicaE: [2019-04-10T14:39:11.176][Client] Write key = h and value = 1 in 3003ms
(27/100) ReplicaF: [2019-04-10T14:39:17.364][Client] Write key = g and value = 1 in 3688ms
(28/100) ReplicaF: [2019-04-10T14:39:22.763][Client] Write key = g and value = 1 in 3003ms
(29/100) ReplicaC: [2019-04-10T14:39:35.259][Client] Write key = f and value = 1 in 6460ms
(30/100) ReplicaF: [2019-04-10T14:39:42.009][Client] Write key = g and value = 1 in 3004ms
(31/100) ReplicaD: [2019-04-10T14:39:54.626][Client] Write key = h and value = 1 in 6478ms
(32/100) ReplicaC: [2019-04-10T14:40:07.540][Client] Write key = f and value = 1 in 6460ms
(33/100) ReplicaA: [2019-04-10T14:40:12.697][Client] Write key = f and value = 1 in 2213ms
(34/100) ReplicaA: [2019-04-10T14:40:17.268][Client] Write key = h and value = 1 in 1517ms
(35/100) ReplicaE: [2019-04-10T14:40:24.350][Client] Write key = f and value = 1 in 3679ms
(36/100) ReplicaE: [2019-04-10T14:40:32.192][Client] Write key = h and value = 1 in 4826ms
(37/100) ReplicaF: [2019-04-10T14:40:39.900][Client] Write key = h and value = 1 in 3683ms
(38/100) ReplicaF: [2019-04-10T14:40:47.052][Client] Write key = h and value = 1 in 3001ms
(39/100) ReplicaA: [2019-04-10T14:40:50.927][Client] Write key = h and value = 1 in 2199ms
(40/100) ReplicaD: [2019-04-10T14:41:02.074][Client] Write key = f and value = 1 in 6445ms
(41/100) ReplicaE: [2019-04-10T14:41:09.980][Client] Write key = g and value = 1 in 3684ms
(42/100) ReplicaE: [2019-04-10T14:41:16.731][Client] Write key = f and value = 1 in 2897ms
(43/100) ReplicaA: [2019-04-10T14:41:22.165][Client] Write key = h and value = 1 in 2190ms
(44/100) ReplicaC: [2019-04-10T14:41:34.422][Client] Write key = g and value = 1 in 6232ms
(45/100) ReplicaB: [2019-04-10T14:41:37.234][Client] Write key = h and value = 1 in 159ms
(46/100) ReplicaF: [2019-04-10T14:41:46.681][Client] Write key = h and value = 1 in 4940ms
(47/100) ReplicaF: [2019-04-10T14:41:53.985][Client] Write key = f and value = 1 in 3020ms
(48/100) ReplicaD: [2019-04-10T14:42:05.975][Client] Write key = h and value = 1 in 6240ms
(49/100) ReplicaD: [2019-04-10T14:42:16.707][Client] Write key = g and value = 1 in 5064ms
(50/100) ReplicaA: [2019-04-10T14:42:21.086][Client] Write key = f and value = 1 in 2888ms
(51/100) ReplicaF: [2019-04-10T14:42:27.627][Client] Write key = f and value = 1 in 3674ms
(52/100) ReplicaB: [2019-04-10T14:42:30.308][Client] Write key = h and value = 1 in 157ms
(53/100) ReplicaB: [2019-04-10T14:42:32.579][Client] Write key = h and value = 1 in 160ms
(54/100) ReplicaA: [2019-04-10T14:42:37.055][Client] Write key = f and value = 1 in 1531ms
(55/100) ReplicaE: [2019-04-10T14:42:44.193][Client] Write key = f and value = 1 in 3671ms
(56/100) ReplicaB: [2019-04-10T14:42:46.672][Client] Write key = g and value = 1 in 159ms
(57/100) ReplicaB: [2019-04-10T14:42:49.076][Client] Write key = g and value = 1 in 153ms
(58/100) ReplicaB: [2019-04-10T14:42:50.947][Client] Write key = g and value = 1 in 160ms
(59/100) ReplicaF: [2019-04-10T14:42:58.489][Client] Write key = h and value = 1 in 3689ms
(60/100) ReplicaE: [2019-04-10T14:43:05.525][Client] Write key = h and value = 1 in 3467ms
(61/100) ReplicaF: [2019-04-10T14:43:12.083][Client] Write key = f and value = 1 in 2918ms
(62/100) ReplicaE: [2019-04-10T14:43:19.323][Client] Write key = g and value = 1 in 2994ms
(63/100) ReplicaD: [2019-04-10T14:43:33.449][Client] Write key = h and value = 1 in 8081ms
(64/100) ReplicaE: [2019-04-10T14:43:40.578][Client] Write key = h and value = 1 in 3451ms
(65/100) ReplicaB: [2019-04-10T14:43:46.024][Client] Write key = f and value = 1 in 2896ms
(66/100) ReplicaF: [2019-04-10T14:43:53.912][Client] Write key = f and value = 1 in 3664ms
(67/100) ReplicaB: [2019-04-10T14:43:57.264][Client] Write key = g and value = 1 in 165ms
(68/100) ReplicaD: [2019-04-10T14:44:08.501][Client] Write key = h and value = 1 in 6442ms
(69/100) ReplicaE: [2019-04-10T14:44:16.010][Client] Write key = g and value = 1 in 3678ms
(70/100) ReplicaD: [2019-04-10T14:44:27.992][Client] Write key = f and value = 1 in 6010ms
(71/100) ReplicaF: [2019-04-10T14:44:34.509][Client] Write key = f and value = 1 in 3800ms
(72/100) ReplicaB: [2019-04-10T14:44:37.501][Client] Write key = h and value = 1 in 151ms
(73/100) ReplicaF: [2019-04-10T14:44:43.717][Client] Write key = g and value = 1 in 2992ms
(74/100) ReplicaC: [2019-04-10T14:44:56.566][Client] Write key = h and value = 1 in 6583ms
(75/100) ReplicaD: [2019-04-10T14:45:09.071][Client] Write key = g and value = 1 in 6457ms
Done! 

Fetch Master results:
[2019-04-10T14:45:11.103][Master] Read key = f and value = 50 in 0ms
[2019-04-10T14:45:11.105][Master] Read key = g and value = 50 in 0ms
[2019-04-10T14:45:11.106][Master] Read key = h and value = 50 in 0ms
Done! 

Results:
=>  ReplicaA
[2019-04-10T14:45:12.515][Client] Read key = f and value = 50 in 137ms
[2019-04-10T14:45:13.529][Client] Read key = g and value = 37 in 144ms
[2019-04-10T14:45:14.543][Client] Read key = h and value = 39 in 143ms
=>  ReplicaB
[2019-04-10T14:45:15.827][Client] Read key = f and value = 50 in 146ms
[2019-04-10T14:45:16.854][Client] Read key = g and value = 50 in 154ms
[2019-04-10T14:45:17.961][Client] Read key = h and value = 50 in 150ms
=>  ReplicaC
[2019-04-10T14:45:20.175][Client] Read key = f and value = 50 in 1049ms
[2019-04-10T14:45:22.354][Client] Read key = g and value = 37 in 1288ms
[2019-04-10T14:45:24.525][Client] Read key = h and value = 39 in 1291ms
=>  ReplicaD
[2019-04-10T14:45:27.058][Client] Read key = f and value = 50 in 1286ms
[2019-04-10T14:45:29.298][Client] Read key = g and value = 37 in 1295ms
[2019-04-10T14:45:31.505][Client] Read key = h and value = 39 in 1292ms
=>  ReplicaE
[2019-04-10T14:45:33.389][Client] Read key = f and value = 50 in 666ms
[2019-04-10T14:45:34.946][Client] Read key = g and value = 37 in 667ms
[2019-04-10T14:45:36.487][Client] Read key = h and value = 39 in 660ms
=>  ReplicaF
[2019-04-10T14:45:38.314][Client] Read key = f and value = 50 in 656ms
[2019-04-10T14:45:39.859][Client] Read key = g and value = 37 in 664ms
[2019-04-10T14:45:41.421][Client] Read key = h and value = 39 in 670ms
Done! 

(1/100) ReplicaB: [2019-04-10T14:45:44.845][Client] Write key = f and value = 1 in 2197ms
(2/100) ReplicaB: [2019-04-10T14:45:47.593][Client] Write key = g and value = 1 in 157ms
(3/100) ReplicaB: [2019-04-10T14:45:51.329][Client] Write key = f and value = 1 in 1519ms
(4/100) ReplicaD: [2019-04-10T14:46:02.383][Client] Write key = h and value = 1 in 6464ms
(5/100) ReplicaE: [2019-04-10T14:46:10.810][Client] Write key = h and value = 1 in 5043ms
(6/100) ReplicaB: [2019-04-10T14:46:12.789][Client] Write key = h and value = 1 in 166ms
(7/100) ReplicaF: [2019-04-10T14:46:20.047][Client] Write key = g and value = 1 in 4403ms
(8/100) ReplicaB: [2019-04-10T14:46:23.940][Client] Write key = f and value = 1 in 2191ms
(9/100) ReplicaB: [2019-04-10T14:46:27.478][Client] Write key = f and value = 1 in 1516ms
(10/100) ReplicaF: [2019-04-10T14:46:39.298][Client] Write key = g and value = 1 in 3539ms
(11/100) ReplicaE: [2019-04-10T14:46:47.138][Client] Write key = h and value = 1 in 3574ms
(12/100) ReplicaE: [2019-04-10T14:46:53.890][Client] Write key = g and value = 1 in 2998ms
(13/100) ReplicaF: [2019-04-10T14:46:59.423][Client] Write key = f and value = 1 in 3013ms
(14/100) ReplicaB: [2019-04-10T14:47:02.530][Client] Write key = h and value = 1 in 167ms
(15/100) ReplicaA: [2019-04-10T14:47:06.375][Client] Write key = h and value = 1 in 2197ms
(16/100) ReplicaE: [2019-04-10T14:47:12.208][Client] Write key = g and value = 1 in 3003ms
(17/100) ReplicaC: [2019-04-10T14:47:26.037][Client] Write key = g and value = 1 in 7846ms
(18/100) ReplicaC: [2019-04-10T14:47:36.608][Client] Write key = h and value = 1 in 5264ms
(19/100) ReplicaA: [2019-04-10T14:47:40.252][Client] Write key = g and value = 1 in 2192ms
(20/100) ReplicaD: [2019-04-10T14:47:52.514][Client] Write key = f and value = 1 in 6434ms
(21/100) ReplicaD: [2019-04-10T14:48:03.969][Client] Write key = g and value = 1 in 5263ms
(22/100) ReplicaB: [2019-04-10T14:48:06.671][Client] Write key = g and value = 1 in 162ms
(23/100) ReplicaB: [2019-04-10T14:48:12.554][Client] Write key = f and value = 1 in 2880ms
(24/100) ReplicaE: [2019-04-10T14:48:18.727][Client] Write key = f and value = 1 in 3671ms
(25/100) ReplicaD: [2019-04-10T14:48:31.523][Client] Write key = g and value = 1 in 6568ms
(26/100) ReplicaB: [2019-04-10T14:48:35.722][Client] Write key = f and value = 1 in 1507ms
(27/100) ReplicaD: [2019-04-10T14:48:48.229][Client] Write key = f and value = 1 in 7122ms
(28/100) ReplicaB: [2019-04-10T14:48:52.533][Client] Write key = f and value = 1 in 1523ms
(29/100) ReplicaA: [2019-04-10T14:48:56.367][Client] Write key = f and value = 1 in 2186ms
(30/100) ReplicaA: [2019-04-10T14:49:00.743][Client] Write key = g and value = 1 in 1518ms
(31/100) ReplicaF: [2019-04-10T14:49:08.046][Client] Write key = h and value = 1 in 3684ms
(32/100) ReplicaF: [2019-04-10T14:49:14.501][Client] Write key = h and value = 1 in 2998ms
(33/100) ReplicaF: [2019-04-10T14:49:20.099][Client] Write key = f and value = 1 in 2985ms
(34/100) ReplicaD: [2019-04-10T14:49:32.479][Client] Write key = f and value = 1 in 6432ms
(35/100) ReplicaA: [2019-04-10T14:49:38.604][Client] Write key = f and value = 1 in 2848ms
(36/100) ReplicaC: [2019-04-10T14:49:50.340][Client] Write key = f and value = 1 in 6439ms
(37/100) ReplicaF: [2019-04-10T14:49:56.618][Client] Write key = h and value = 1 in 3669ms
(38/100) ReplicaA: [2019-04-10T14:49:59.896][Client] Write key = f and value = 1 in 1536ms
(39/100) ReplicaD: [2019-04-10T14:50:12.556][Client] Write key = f and value = 1 in 6433ms
(40/100) ReplicaC: [2019-04-10T14:50:24.860][Client] Write key = g and value = 1 in 6343ms
(41/100) ReplicaC: [2019-04-10T14:50:36.284][Client] Write key = h and value = 1 in 5271ms
(42/100) ReplicaD: [2019-04-10T14:50:47.900][Client] Write key = h and value = 1 in 6462ms
(43/100) ReplicaE: [2019-04-10T14:50:54.836][Client] Write key = h and value = 1 in 3684ms
(44/100) ReplicaE: [2019-04-10T14:51:00.621][Client] Write key = h and value = 1 in 3000ms
(45/100) ReplicaD: [2019-04-10T14:51:11.942][Client] Write key = f and value = 1 in 5995ms
(46/100) ReplicaB: [2019-04-10T14:51:15.505][Client] Write key = g and value = 1 in 165ms
(47/100) ReplicaA: [2019-04-10T14:51:20.703][Client] Write key = h and value = 1 in 2203ms
(48/100) ReplicaE: [2019-04-10T14:51:30.344][Client] Write key = f and value = 1 in 4721ms
(49/100) ReplicaA: [2019-04-10T14:51:35.260][Client] Write key = h and value = 1 in 1524ms
(50/100) ReplicaE: [2019-04-10T14:51:42.388][Client] Write key = h and value = 1 in 2999ms
(51/100) ReplicaB: [2019-04-10T14:51:46.803][Client] Write key = f and value = 1 in 2179ms
(52/100) ReplicaA: [2019-04-10T14:51:51.797][Client] Write key = h and value = 1 in 2172ms
(53/100) ReplicaA: [2019-04-10T14:51:55.039][Client] Write key = h and value = 1 in 1522ms
(54/100) ReplicaF: [2019-04-10T14:52:01.252][Client] Write key = f and value = 1 in 3682ms
(55/100) ReplicaD: [2019-04-10T14:52:15.028][Client] Write key = f and value = 1 in 6448ms
(56/100) ReplicaA: [2019-04-10T14:52:18.095][Client] Write key = g and value = 1 in 1517ms
(57/100) ReplicaC: [2019-04-10T14:52:28.699][Client] Write key = h and value = 1 in 6231ms
(58/100) ReplicaE: [2019-04-10T14:52:35.980][Client] Write key = g and value = 1 in 3661ms
(59/100) ReplicaB: [2019-04-10T14:52:38.972][Client] Write key = h and value = 1 in 154ms
(60/100) ReplicaB: [2019-04-10T14:52:41.844][Client] Write key = h and value = 1 in 150ms
(61/100) ReplicaC: [2019-04-10T14:52:54.086][Client] Write key = f and value = 1 in 7103ms
(62/100) ReplicaA: [2019-04-10T14:52:58.632][Client] Write key = g and value = 1 in 2182ms
(63/100) ReplicaB: [2019-04-10T14:53:02.009][Client] Write key = g and value = 1 in 154ms
(64/100) ReplicaF: [2019-04-10T14:53:10.520][Client] Write key = f and value = 1 in 4663ms
(65/100) ReplicaF: [2019-04-10T14:53:17.419][Client] Write key = h and value = 1 in 2995ms
(66/100) ReplicaA: [2019-04-10T14:53:22.085][Client] Write key = g and value = 1 in 2890ms
(67/100) ReplicaE: [2019-04-10T14:57:11.152][Client] Write key = f and value = 1 in 3672ms
(68/100) ReplicaC: [2019-04-10T14:57:23.943][Client] Write key = f and value = 1 in 6425ms
(69/100) ReplicaA: [2019-04-10T14:57:28.416][Client] Write key = h and value = 1 in 2206ms
(70/100) ReplicaD: [2019-04-10T14:57:40.897][Client] Write key = f and value = 1 in 7403ms
(71/100) ReplicaD: [2019-04-10T14:57:52.472][Client] Write key = g and value = 1 in 6210ms
(72/100) ReplicaC: [2019-04-10T14:58:02.968][Client] Write key = h and value = 1 in 5759ms
(73/100) ReplicaD: [2019-04-10T14:58:14.143][Client] Write key = g and value = 1 in 5986ms
(74/100) ReplicaB: [2019-04-10T14:58:17.486][Client] Write key = g and value = 1 in 169ms
(75/100) ReplicaA: [2019-04-10T14:58:21.989][Client] Write key = f and value = 1 in 2203ms
Done! 

Fetch Master results:
[2019-04-10T14:58:23.703][Master] Read key = f and value = 79 in 0ms
[2019-04-10T14:58:23.705][Master] Read key = g and value = 71 in 0ms
[2019-04-10T14:58:23.706][Master] Read key = h and value = 75 in 0ms
Done! 

Results:
=>  ReplicaA
[2019-04-10T14:58:25.126][Client] Read key = f and value = 79 in 163ms
[2019-04-10T14:58:26.327][Client] Read key = g and value = 53 in 168ms
[2019-04-10T14:58:27.502][Client] Read key = h and value = 60 in 156ms
=>  ReplicaB
[2019-04-10T14:58:28.988][Client] Read key = f and value = 79 in 172ms
[2019-04-10T14:58:30.169][Client] Read key = g and value = 71 in 163ms
[2019-04-10T14:58:31.277][Client] Read key = h and value = 75 in 148ms
=>  ReplicaC
[2019-04-10T14:58:33.799][Client] Read key = f and value = 79 in 1290ms
[2019-04-10T14:58:36.051][Client] Read key = g and value = 53 in 1298ms
[2019-04-10T14:58:38.292][Client] Read key = h and value = 60 in 1297ms
=>  ReplicaD
[2019-04-10T14:58:40.771][Client] Read key = f and value = 79 in 1285ms
[2019-04-10T14:58:42.964][Client] Read key = g and value = 53 in 1280ms
[2019-04-10T14:58:44.921][Client] Read key = h and value = 60 in 1058ms
=>  ReplicaE
[2019-04-10T14:58:46.796][Client] Read key = f and value = 79 in 659ms
[2019-04-10T14:58:48.357][Client] Read key = g and value = 53 in 669ms
[2019-04-10T14:58:49.947][Client] Read key = h and value = 60 in 670ms
=>  ReplicaF
[2019-04-10T14:58:51.821][Client] Read key = f and value = 79 in 680ms
[2019-04-10T14:58:53.418][Client] Read key = g and value = 53 in 667ms
[2019-04-10T14:58:55.004][Client] Read key = h and value = 60 in 658ms
Done! 

(1/100) ReplicaA: [2019-04-10T14:58:58.320][Client] Write key = g and value = 1 in 2182ms
(2/100) ReplicaD: [2019-04-10T14:59:09.560][Client] Write key = h and value = 1 in 6447ms
(3/100) ReplicaC: [2019-04-10T14:59:21.139][Client] Write key = h and value = 1 in 6437ms
(4/100) ReplicaC: [2019-04-10T14:59:31.022][Client] Write key = h and value = 1 in 5252ms
(5/100) ReplicaD: [2019-04-10T14:59:42.201][Client] Write key = h and value = 1 in 6434ms
(6/100) ReplicaC: [2019-04-10T14:59:53.552][Client] Write key = f and value = 1 in 6429ms
(7/100) ReplicaE: [2019-04-10T15:00:01.496][Client] Write key = h and value = 1 in 3668ms
(8/100) ReplicaD: [2019-04-10T15:00:13.169][Client] Write key = h and value = 1 in 6432ms
(9/100) ReplicaE: [2019-04-10T15:00:19.272][Client] Write key = h and value = 1 in 3470ms
(10/100) ReplicaD: [2019-04-10T15:00:31.418][Client] Write key = g and value = 1 in 5981ms
(11/100) ReplicaB: [2019-04-10T15:00:33.158][Client] Write key = g and value = 1 in 158ms
(12/100) ReplicaD: [2019-04-10T15:00:42.991][Client] Write key = g and value = 1 in 5268ms
(13/100) ReplicaF: [2019-04-10T15:00:49.677][Client] Write key = g and value = 1 in 3676ms
(14/100) ReplicaD: [2019-04-10T15:01:00.779][Client] Write key = f and value = 1 in 5261ms
(15/100) ReplicaD: [2019-04-10T15:01:12.150][Client] Write key = h and value = 1 in 5568ms
(16/100) ReplicaE: [2019-04-10T15:01:19.427][Client] Write key = f and value = 1 in 3697ms
(17/100) ReplicaC: [2019-04-10T15:01:30.747][Client] Write key = h and value = 1 in 6390ms
(18/100) ReplicaB: [2019-04-10T15:01:33.818][Client] Write key = h and value = 1 in 148ms
(19/100) ReplicaD: [2019-04-10T15:01:45.864][Client] Write key = g and value = 1 in 6893ms
(20/100) ReplicaB: [2019-04-10T15:01:48.462][Client] Write key = g and value = 1 in 173ms
(21/100) ReplicaF: [2019-04-10T15:01:54.810][Client] Write key = g and value = 1 in 3670ms
(22/100) ReplicaF: [2019-04-10T15:02:01.090][Client] Write key = g and value = 1 in 3000ms
(23/100) ReplicaF: [2019-04-10T15:02:08.361][Client] Write key = g and value = 1 in 3008ms
(24/100) ReplicaD: [2019-04-10T15:02:20.495][Client] Write key = h and value = 1 in 6430ms
(25/100) ReplicaE: [2019-04-10T15:02:29.997][Client] Write key = f and value = 1 in 5020ms
(26/100) ReplicaD: [2019-04-10T15:02:42.261][Client] Write key = f and value = 1 in 5751ms
(27/100) ReplicaA: [2019-04-10T15:02:46.639][Client] Write key = h and value = 1 in 2206ms
(28/100) ReplicaB: [2019-04-10T15:02:51.340][Client] Write key = f and value = 1 in 2869ms
(29/100) ReplicaD: [2019-04-10T15:03:02.583][Client] Write key = h and value = 1 in 5739ms
(30/100) ReplicaD: [2019-04-10T15:03:13.915][Client] Write key = f and value = 1 in 5264ms
(31/100) ReplicaA: [2019-04-10T15:03:18.040][Client] Write key = f and value = 1 in 2180ms
(32/100) ReplicaD: [2019-04-10T15:03:28.042][Client] Write key = g and value = 1 in 5264ms
(33/100) ReplicaD: [2019-04-10T15:03:38.367][Client] Write key = h and value = 1 in 5270ms
(34/100) ReplicaB: [2019-04-10T15:03:42.021][Client] Write key = f and value = 1 in 2189ms
(35/100) ReplicaD: [2019-04-10T15:03:52.470][Client] Write key = g and value = 1 in 5257ms
(36/100) ReplicaA: [2019-04-10T15:03:57.369][Client] Write key = h and value = 1 in 2861ms
(37/100) ReplicaF: [2019-04-10T15:04:04.991][Client] Write key = h and value = 1 in 5023ms
(38/100) ReplicaC: [2019-04-10T15:04:18.243][Client] Write key = g and value = 1 in 7819ms
(39/100) ReplicaC: [2019-04-10T15:04:28.408][Client] Write key = g and value = 1 in 5260ms
(40/100) ReplicaA: [2019-04-10T15:04:32.900][Client] Write key = f and value = 1 in 2181ms
(41/100) ReplicaE: [2019-04-10T15:04:40.727][Client] Write key = h and value = 1 in 3671ms
(42/100) ReplicaA: [2019-04-10T15:04:44.200][Client] Write key = f and value = 1 in 1532ms
(43/100) ReplicaF: [2019-04-10T15:04:51.231][Client] Write key = f and value = 1 in 3692ms
(44/100) ReplicaF: [2019-04-10T15:04:56.849][Client] Write key = f and value = 1 in 2992ms
(45/100) ReplicaD: [2019-04-10T15:05:10.653][Client] Write key = f and value = 1 in 8095ms
(46/100) ReplicaD: [2019-04-10T15:05:20.921][Client] Write key = f and value = 1 in 5254ms
(47/100) ReplicaD: [2019-04-10T15:05:32.057][Client] Write key = f and value = 1 in 5277ms
(48/100) ReplicaD: [2019-04-10T15:05:42.210][Client] Write key = g and value = 1 in 5261ms
(49/100) ReplicaC: [2019-04-10T15:05:54.273][Client] Write key = g and value = 1 in 6473ms
(50/100) ReplicaD: [2019-04-10T15:06:04.609][Client] Write key = f and value = 1 in 5254ms
(51/100) ReplicaB: [2019-04-10T15:06:09.908][Client] Write key = f and value = 1 in 2185ms
(52/100) ReplicaE: [2019-04-10T15:06:17.491][Client] Write key = h and value = 1 in 3822ms
(53/100) ReplicaB: [2019-04-10T15:06:19.429][Client] Write key = g and value = 1 in 162ms
(54/100) ReplicaA: [2019-04-10T15:06:23.044][Client] Write key = h and value = 1 in 2187ms
(55/100) ReplicaC: [2019-04-10T15:06:33.402][Client] Write key = h and value = 1 in 6078ms
(56/100) ReplicaC: [2019-04-10T15:06:45.027][Client] Write key = f and value = 1 in 5481ms
(57/100) ReplicaC: [2019-04-10T15:06:55.304][Client] Write key = h and value = 1 in 5500ms
(58/100) ReplicaF: [2019-04-10T15:07:01.578][Client] Write key = f and value = 1 in 3771ms
(59/100) ReplicaC: [2019-04-10T15:07:11.596][Client] Write key = h and value = 1 in 5490ms
(60/100) ReplicaD: [2019-04-10T15:07:24.119][Client] Write key = h and value = 1 in 6656ms
(61/100) ReplicaE: [2019-04-10T15:07:31.185][Client] Write key = f and value = 1 in 3343ms
(62/100) ReplicaC: [2019-04-10T15:07:44.909][Client] Write key = g and value = 1 in 8297ms
(63/100) ReplicaA: [2019-04-10T15:07:49.828][Client] Write key = h and value = 1 in 2173ms
(64/100) ReplicaC: [2019-04-10T15:07:59.730][Client] Write key = h and value = 1 in 5509ms
(65/100) ReplicaF: [2019-04-10T15:08:07.504][Client] Write key = f and value = 1 in 3765ms
(66/100) ReplicaA: [2019-04-10T15:08:11.501][Client] Write key = f and value = 1 in 2193ms
(67/100) ReplicaE: [2019-04-10T15:08:18.631][Client] Write key = g and value = 1 in 3794ms
(68/100) ReplicaF: [2019-04-10T15:08:26.601][Client] Write key = h and value = 1 in 3577ms
(69/100) ReplicaE: [2019-04-10T15:08:35.140][Client] Write key = h and value = 1 in 4611ms
(70/100) ReplicaD: [2019-04-10T15:08:46.584][Client] Write key = h and value = 1 in 6694ms
(71/100) ReplicaA: [2019-04-10T15:08:51.935][Client] Write key = h and value = 1 in 2159ms
(72/100) ReplicaB: [2019-04-10T15:08:54.636][Client] Write key = g and value = 1 in 150ms
(73/100) ReplicaF: [2019-04-10T15:09:03.916][Client] Write key = f and value = 1 in 5130ms
(74/100) ReplicaE: [2019-04-10T15:09:10.082][Client] Write key = h and value = 1 in 3772ms
(75/100) ReplicaC: [2019-04-10T15:09:21.035][Client] Write key = g and value = 1 in 6669ms
Done! 

Fetch Master results:
[2019-04-10T15:09:24.404][Master] Read key = f and value = 103 in 0ms
[2019-04-10T15:09:24.406][Master] Read key = g and value = 92 in 0ms
[2019-04-10T15:09:24.408][Master] Read key = h and value = 105 in 0ms
Done! 

Results:
=>  ReplicaA
[2019-04-10T15:09:25.667][Client] Read key = f and value = 103 in 144ms
[2019-04-10T15:09:26.704][Client] Read key = g and value = 70 in 150ms
[2019-04-10T15:09:27.729][Client] Read key = h and value = 89 in 141ms
=>  ReplicaB
[2019-04-10T15:09:29.046][Client] Read key = f and value = 103 in 145ms
[2019-04-10T15:09:30.126][Client] Read key = g and value = 92 in 155ms
[2019-04-10T15:09:31.202][Client] Read key = h and value = 105 in 155ms
=>  ReplicaC
[2019-04-10T15:09:33.672][Client] Read key = f and value = 103 in 1287ms
[2019-04-10T15:09:35.874][Client] Read key = g and value = 70 in 1288ms
[2019-04-10T15:09:38.047][Client] Read key = h and value = 89 in 1287ms
=>  ReplicaD
[2019-04-10T15:09:40.505][Client] Read key = f and value = 103 in 1294ms
[2019-04-10T15:09:42.647][Client] Read key = g and value = 70 in 1276ms
[2019-04-10T15:09:44.812][Client] Read key = h and value = 89 in 1276ms
=>  ReplicaE
[2019-04-10T15:09:46.730][Client] Read key = f and value = 103 in 664ms
[2019-04-10T15:09:48.276][Client] Read key = g and value = 70 in 654ms
[2019-04-10T15:09:49.824][Client] Read key = h and value = 89 in 654ms
=>  ReplicaF
[2019-04-10T15:09:51.762][Client] Read key = f and value = 103 in 670ms
[2019-04-10T15:09:53.329][Client] Read key = g and value = 70 in 659ms
[2019-04-10T15:09:54.891][Client] Read key = h and value = 89 in 664ms
Done! 

(1/100) ReplicaA: [2019-04-10T15:09:58.962][Client] Write key = h and value = 1 in 2888ms
(2/100) ReplicaD: [2019-04-10T15:10:12.234][Client] Write key = g and value = 1 in 8060ms
(3/100) ReplicaF: [2019-04-10T15:10:18.641][Client] Write key = h and value = 1 in 3783ms
(4/100) ReplicaF: [2019-04-10T15:10:25.897][Client] Write key = f and value = 1 in 3115ms
(5/100) ReplicaE: [2019-04-10T15:10:33.976][Client] Write key = g and value = 1 in 3776ms
(6/100) ReplicaA: [2019-04-10T15:10:39.306][Client] Write key = g and value = 1 in 2201ms
(7/100) ReplicaA: [2019-04-10T15:10:44.253][Client] Write key = g and value = 1 in 1522ms
(8/100) ReplicaE: [2019-04-10T15:10:50.730][Client] Write key = f and value = 1 in 3574ms
(9/100) ReplicaA: [2019-04-10T15:10:55.358][Client] Write key = h and value = 1 in 1509ms
(10/100) ReplicaA: [2019-04-10T15:10:59.171][Client] Write key = g and value = 1 in 1501ms
(11/100) ReplicaF: [2019-04-10T15:11:05.873][Client] Write key = h and value = 1 in 3767ms
(12/100) ReplicaC: [2019-04-10T15:11:18.346][Client] Write key = h and value = 1 in 6673ms
(13/100) ReplicaB: [2019-04-10T15:11:20.850][Client] Write key = g and value = 1 in 152ms
(14/100) ReplicaC: [2019-04-10T15:11:30.618][Client] Write key = h and value = 1 in 5501ms
(15/100) ReplicaC: [2019-04-10T15:11:41.013][Client] Write key = g and value = 1 in 5532ms
(16/100) ReplicaA: [2019-04-10T15:11:44.887][Client] Write key = h and value = 1 in 2175ms
(17/100) ReplicaC: [2019-04-10T15:11:56.471][Client] Write key = h and value = 1 in 5254ms
(18/100) ReplicaB: [2019-04-10T15:11:59.661][Client] Write key = h and value = 1 in 152ms
(19/100) ReplicaE: [2019-04-10T15:12:06.481][Client] Write key = g and value = 1 in 3793ms
(20/100) ReplicaD: [2019-04-10T15:12:18.177][Client] Write key = f and value = 1 in 6670ms
(21/100) ReplicaD: [2019-04-10T15:12:28.426][Client] Write key = h and value = 1 in 5477ms
(22/100) ReplicaE: [2019-04-10T15:12:35.163][Client] Write key = g and value = 1 in 3454ms
(23/100) ReplicaF: [2019-04-10T15:12:42.537][Client] Write key = g and value = 1 in 3800ms
(24/100) ReplicaB: [2019-04-10T15:12:44.100][Client] Write key = g and value = 1 in 148ms
(25/100) ReplicaC: [2019-04-10T15:12:58.647][Client] Write key = f and value = 1 in 8310ms
(26/100) ReplicaA: [2019-04-10T15:13:03.753][Client] Write key = h and value = 1 in 2175ms
(27/100) ReplicaE: [2019-04-10T15:13:10.425][Client] Write key = g and value = 1 in 3758ms
(28/100) ReplicaF: [2019-04-10T15:13:17.125][Client] Write key = h and value = 1 in 3767ms
(29/100) ReplicaE: [2019-04-10T15:13:25.981][Client] Write key = h and value = 1 in 4909ms
(30/100) ReplicaE: [2019-04-10T15:13:32.760][Client] Write key = g and value = 1 in 3100ms
(31/100) ReplicaA: [2019-04-10T15:13:38.340][Client] Write key = g and value = 1 in 2880ms
(32/100) ReplicaB: [2019-04-10T15:13:41.455][Client] Write key = g and value = 1 in 177ms
(33/100) ReplicaB: [2019-04-10T15:13:45.984][Client] Write key = f and value = 1 in 2913ms
(34/100) ReplicaC: [2019-04-10T15:13:58.309][Client] Write key = h and value = 1 in 6656ms
(35/100) ReplicaB: [2019-04-10T15:13:59.987][Client] Write key = g and value = 1 in 153ms
(36/100) ReplicaB: [2019-04-10T15:14:03.507][Client] Write key = h and value = 1 in 157ms
(37/100) ReplicaD: [2019-04-10T15:14:16.362][Client] Write key = f and value = 1 in 6651ms
(38/100) ReplicaC: [2019-04-10T15:14:28.124][Client] Write key = h and value = 1 in 6193ms
(39/100) ReplicaD: [2019-04-10T15:14:40.463][Client] Write key = g and value = 1 in 6190ms
(40/100) ReplicaC: [2019-04-10T15:14:52.149][Client] Write key = f and value = 1 in 6194ms
(41/100) ReplicaD: [2019-04-10T15:15:03.719][Client] Write key = h and value = 1 in 6665ms
(42/100) ReplicaB: [2019-04-10T15:15:06.672][Client] Write key = h and value = 1 in 163ms
(43/100) ReplicaC: [2019-04-10T15:15:18.773][Client] Write key = h and value = 1 in 6664ms
(44/100) ReplicaB: [2019-04-10T15:15:22.142][Client] Write key = h and value = 1 in 155ms
(45/100) ReplicaE: [2019-04-10T15:15:29.203][Client] Write key = h and value = 1 in 3763ms
(46/100) ReplicaF: [2019-04-10T15:15:38.576][Client] Write key = h and value = 1 in 5127ms
(47/100) ReplicaB: [2019-04-10T15:15:42.848][Client] Write key = f and value = 1 in 2400ms
(48/100) ReplicaC: [2019-04-10T15:15:54.905][Client] Write key = f and value = 1 in 6673ms
(49/100) ReplicaD: [2019-04-10T15:16:08.597][Client] Write key = g and value = 1 in 7624ms
(50/100) ReplicaD: [2019-04-10T15:16:19.208][Client] Write key = f and value = 1 in 5491ms
(51/100) ReplicaE: [2019-04-10T15:16:26.776][Client] Write key = g and value = 1 in 3788ms
(52/100) ReplicaB: [2019-04-10T15:16:30.601][Client] Write key = f and value = 1 in 2413ms
(53/100) ReplicaF: [2019-04-10T15:16:38.328][Client] Write key = f and value = 1 in 3661ms
(54/100) ReplicaE: [2019-04-10T15:16:45.780][Client] Write key = g and value = 1 in 3558ms
(55/100) ReplicaA: [2019-04-10T15:16:49.937][Client] Write key = h and value = 1 in 2178ms
(56/100) ReplicaB: [2019-04-10T15:16:52.664][Client] Write key = g and value = 1 in 152ms
(57/100) ReplicaD: [2019-04-10T15:17:04.423][Client] Write key = h and value = 1 in 6657ms
(58/100) ReplicaA: [2019-04-10T15:17:08.883][Client] Write key = f and value = 1 in 2173ms
(59/100) ReplicaB: [2019-04-10T15:17:11.959][Client] Write key = g and value = 1 in 146ms
(60/100) ReplicaA: [2019-04-10T15:17:15.974][Client] Write key = h and value = 1 in 1501ms
(61/100) ReplicaA: [2019-04-10T15:17:20.480][Client] Write key = g and value = 1 in 1501ms
(62/100) ReplicaC: [2019-04-10T15:17:32.911][Client] Write key = g and value = 1 in 7868ms
(63/100) ReplicaC: [2019-04-10T15:17:43.346][Client] Write key = f and value = 1 in 5045ms
(64/100) ReplicaA: [2019-04-10T15:17:47.369][Client] Write key = h and value = 1 in 2179ms
(65/100) ReplicaE: [2019-04-10T15:17:55.233][Client] Write key = h and value = 1 in 3788ms
(66/100) ReplicaA: [2019-04-10T15:17:58.388][Client] Write key = g and value = 1 in 1515ms
(67/100) ReplicaB: [2019-04-10T15:18:00.643][Client] Write key = h and value = 1 in 161ms
(68/100) ReplicaC: [2019-04-10T15:18:13.262][Client] Write key = h and value = 1 in 6659ms
(69/100) ReplicaD: [2019-04-10T15:18:26.330][Client] Write key = g and value = 1 in 6669ms
(70/100) ReplicaC: [2019-04-10T15:18:37.903][Client] Write key = g and value = 1 in 6204ms
(71/100) ReplicaC: [2019-04-10T15:18:48.982][Client] Write key = f and value = 1 in 5492ms
(72/100) ReplicaF: [2019-04-10T15:18:57.128][Client] Write key = h and value = 1 in 3767ms
(73/100) ReplicaA: [2019-04-10T15:19:02.083][Client] Write key = h and value = 1 in 2890ms
(74/100) ReplicaC: [2019-04-10T15:19:14.669][Client] Write key = f and value = 1 in 6661ms
(75/100) ReplicaF: [2019-04-10T15:19:21.792][Client] Write key = f and value = 1 in 3571ms
Done! 

Fetch Master results:
[2019-04-10T15:19:23.735][Master] Read key = f and value = 120 in 0ms
[2019-04-10T15:19:23.737][Master] Read key = g and value = 119 in 0ms
[2019-04-10T15:19:23.738][Master] Read key = h and value = 136 in 0ms
Done! 

Results:
=>  ReplicaA
[2019-04-10T15:19:25.269][Client] Read key = f and value = 120 in 152ms
[2019-04-10T15:19:26.288][Client] Read key = g and value = 91 in 147ms
[2019-04-10T15:19:27.296][Client] Read key = h and value = 115 in 139ms
=>  ReplicaB
[2019-04-10T15:19:28.651][Client] Read key = f and value = 120 in 142ms
[2019-04-10T15:19:29.684][Client] Read key = g and value = 119 in 148ms
[2019-04-10T15:19:30.731][Client] Read key = h and value = 136 in 146ms
=>  ReplicaC
[2019-04-10T15:19:32.915][Client] Read key = f and value = 120 in 1052ms
[2019-04-10T15:19:35.061][Client] Read key = g and value = 91 in 1270ms
[2019-04-10T15:19:37.279][Client] Read key = h and value = 115 in 1289ms
=>  ReplicaD
[2019-04-10T15:19:39.782][Client] Read key = f and value = 120 in 1281ms
[2019-04-10T15:19:41.994][Client] Read key = g and value = 91 in 1291ms
[2019-04-10T15:19:44.214][Client] Read key = h and value = 115 in 1287ms
=>  ReplicaE
[2019-04-10T15:19:46.182][Client] Read key = f and value = 120 in 654ms
[2019-04-10T15:19:47.725][Client] Read key = g and value = 91 in 657ms
[2019-04-10T15:19:49.253][Client] Read key = h and value = 115 in 650ms
=>  ReplicaF
[2019-04-10T15:19:51.102][Client] Read key = f and value = 120 in 656ms
[2019-04-10T15:19:52.661][Client] Read key = g and value = 91 in 672ms
[2019-04-10T15:19:54.207][Client] Read key = h and value = 115 in 656ms
Done! 

Stop the master and all the replicas...
Done! 

Fetching logs...
=> Remove old logs
=> Get the new logs
Done! 

