Starting...
=> Created registry
=> Bind ECG history
RMI Registry started!
Use Crtl+C to stop the server
[2019-04-08T09:30:14.373] [INFO] Registered ReplicaA
[2019-04-08T09:30:18.941] [INFO] Registered ReplicaB
[2019-04-08T09:30:20.246] [INFO] Registered ReplicaC
Read ECG writelog
Write ECG writelog: WriteLogItem(1554715826446,B,WriteOperation(y,+,1))
Read ECG writelog
Write ECG writelog: WriteLogItem(1554715829411,C,WriteOperation(z,+,1))
Read ECG writelog
Write ECG writelog: WriteLogItem(1554715833387,B,WriteOperation(x,+,1))
Read ECG writelog
Write ECG writelog: WriteLogItem(1554715835763,A,WriteOperation(z,+,1))
Read ECG writelog
Write ECG writelog: WriteLogItem(1554715839727,A,WriteOperation(x,+,1))
Read ECG writelog
Write ECG writelog: WriteLogItem(1554715842833,B,WriteOperation(x,+,1))
Read ECG writelog
Write ECG writelog: WriteLogItem(1554715845205,A,WriteOperation(z,+,1))
Read ECG writelog
Write ECG writelog: WriteLogItem(1554715853139,A,WriteOperation(y,+,1))
Read ECG writelog
Read ECG writelog
Write ECG writelog: WriteLogItem(1554715862477,A,WriteOperation(z,+,1))
Read ECG writelog
Write ECG writelog: WriteLogItem(1554715866137,B,WriteOperation(x,+,1))
Read ECG writelog
Write ECG writelog: WriteLogItem(1554715871509,A,WriteOperation(y,+,1))
Read ECG writelog
Write ECG writelog: WriteLogItem(1554715878116,B,WriteOperation(x,+,1))
Read ECG writelog
Write ECG writelog: WriteLogItem(1554715880101,A,WriteOperation(y,+,1))
Read ECG writelog
Write ECG writelog: WriteLogItem(1554715883710,B,WriteOperation(x,+,1))
Read ECG writelog
Write ECG writelog: WriteLogItem(1554715889857,B,WriteOperation(x,+,1))
Read ECG writelog
Write ECG writelog: WriteLogItem(1554715895864,A,WriteOperation(y,+,1))
Read ECG writelog
Write ECG writelog: WriteLogItem(1554715912178,C,WriteOperation(x,+,1))
Read ECG writelog
Write ECG writelog: WriteLogItem(1554715925146,C,WriteOperation(x,+,1))
Read ECG writelog
Write ECG writelog: WriteLogItem(1554715928723,B,WriteOperation(y,+,1))
Read ECG writelog
Write ECG writelog: WriteLogItem(1554715937097,B,WriteOperation(y,+,1))
Read ECG writelog
Write ECG writelog: WriteLogItem(1554715945548,B,WriteOperation(x,+,1))
Read ECG writelog
Write ECG writelog: WriteLogItem(1554715951936,C,WriteOperation(y,+,1))
Read ECG writelog
Read ECG writelog
Write ECG writelog: WriteLogItem(1554715962175,A,WriteOperation(x,+,1))
Read ECG writelog
Write ECG writelog: WriteLogItem(1554715968657,A,WriteOperation(y,+,1))
Read ECG writelog
Read ECG writelog
Write ECG writelog: WriteLogItem(1554715979623,C,WriteOperation(y,+,1))
Read ECG writelog
Read ECG writelog
Write ECG writelog: WriteLogItem(1554715991254,C,WriteOperation(x,+,1))
Read ECG writelog
Write ECG writelog: WriteLogItem(1554715994503,B,WriteOperation(z,+,1))
Read ECG writelog
Read ECG writelog
Write ECG writelog: WriteLogItem(1554716009982,B,WriteOperation(x,+,1))
Read ECG writelog
Write ECG writelog: WriteLogItem(1554716021758,C,WriteOperation(y,+,1))
Read ECG writelog
Read ECG writelog
Write ECG writelog: WriteLogItem(1554716029783,A,WriteOperation(y,+,1))
Read ECG writelog
Write ECG writelog: WriteLogItem(1554716034322,C,WriteOperation(x,+,1))
Read ECG writelog
Write ECG writelog: WriteLogItem(1554716040973,A,WriteOperation(y,+,1))
Read ECG writelog
Read ECG writelog
Write ECG writelog: WriteLogItem(1554716046315,B,WriteOperation(z,+,1))
Read ECG writelog
Read ECG writelog
Write ECG writelog: WriteLogItem(1554716058126,A,WriteOperation(z,+,1))
Read ECG writelog
Write ECG writelog: WriteLogItem(1554716061108,C,WriteOperation(x,+,1))
Read ECG writelog
Read ECG writelog
Write ECG writelog: WriteLogItem(1554716068225,B,WriteOperation(z,+,1))
Read ECG writelog
Write ECG writelog: WriteLogItem(1554716070924,A,WriteOperation(z,+,1))
Read ECG writelog
Write ECG writelog: WriteLogItem(1554716074827,A,WriteOperation(y,+,1))
Read ECG writelog
Write ECG writelog: WriteLogItem(1554716077074,A,WriteOperation(z,+,1))
Read ECG writelog
Write ECG writelog: WriteLogItem(1554716079490,A,WriteOperation(x,+,1))
Read ECG writelog
Write ECG writelog: WriteLogItem(1554716083398,B,WriteOperation(z,+,1))
Read ECG writelog
Write ECG writelog: WriteLogItem(1554716087163,B,WriteOperation(z,+,1))
Read ECG writelog
/home/sven/.sdkman/candidates/scala/current/bin/scala: line 21: 21347 Killed                  "$@"
