[2019-04-08T11:54:48.989][ReplicaC] Starting ReplicaC
[2019-04-08T11:54:48.990][ReplicaC] => Looking for ECG history
[2019-04-08T11:54:50.057][ReplicaC] => Binding TACT Replica to RMI
[2019-04-08T11:54:50.522][ReplicaC] Replica started on rmi://10.156.0.2/ReplicaC
[2019-04-08T11:55:00.348][ReplicaC] Write key = x, value = 1
[2019-04-08T11:55:00.348][ReplicaC] Anti entropy session check
[2019-04-08T11:55:00.348][ReplicaC] => Updating errors
[2019-04-08T11:55:00.598][ReplicaC] => Check errors out of bound
[2019-04-08T11:55:00.598][ReplicaC] => Numerical Error 37
[2019-04-08T11:55:00.598][ReplicaC] => Order Error 8
[2019-04-08T11:55:00.598][ReplicaC] => Staleness Error 861
[2019-04-08T11:55:10.832][ReplicaC] Read key = y
[2019-04-08T11:55:10.832][ReplicaC] Anti entropy session check
[2019-04-08T11:55:10.832][ReplicaC] => Updating errors
[2019-04-08T11:55:11.048][ReplicaC] => Check errors out of bound
[2019-04-08T11:55:11.049][ReplicaC] => Numerical Error 35
[2019-04-08T11:55:11.049][ReplicaC] => Order Error 2
[2019-04-08T11:55:11.049][ReplicaC] => Staleness Error 956
[2019-04-08T11:55:24.165][ReplicaC] Write key = y, value = 1
[2019-04-08T11:55:24.165][ReplicaC] Anti entropy session check
[2019-04-08T11:55:24.165][ReplicaC] => Updating errors
[2019-04-08T11:55:24.381][ReplicaC] => Check errors out of bound
[2019-04-08T11:55:24.381][ReplicaC] => Numerical Error 35
[2019-04-08T11:55:24.382][ReplicaC] => Order Error 2
[2019-04-08T11:55:24.382][ReplicaC] => Staleness Error 956
[2019-04-08T11:55:27.028][ReplicaC] Read key = x
[2019-04-08T11:55:27.028][ReplicaC] Anti entropy session check
[2019-04-08T11:55:27.029][ReplicaC] => Updating errors
[2019-04-08T11:55:27.244][ReplicaC] => Check errors out of bound
[2019-04-08T11:55:27.244][ReplicaC] => Numerical Error 37
[2019-04-08T11:55:27.245][ReplicaC] => Order Error 8
[2019-04-08T11:55:27.245][ReplicaC] => Staleness Error 861
[2019-04-08T11:55:33.783][ReplicaC] Read key = y
[2019-04-08T11:55:33.783][ReplicaC] Anti entropy session check
[2019-04-08T11:55:33.783][ReplicaC] => Updating errors
[2019-04-08T11:55:33.999][ReplicaC] => Check errors out of bound
[2019-04-08T11:55:33.999][ReplicaC] => Numerical Error 35
[2019-04-08T11:55:33.999][ReplicaC] => Order Error 2
[2019-04-08T11:55:33.999][ReplicaC] => Staleness Error 956
[2019-04-08T11:55:43.992][ReplicaC] Write key = y, value = 1
[2019-04-08T11:55:43.992][ReplicaC] Anti entropy session check
[2019-04-08T11:55:43.993][ReplicaC] => Updating errors
[2019-04-08T11:55:44.208][ReplicaC] => Check errors out of bound
[2019-04-08T11:55:44.209][ReplicaC] => Numerical Error 35
[2019-04-08T11:55:44.209][ReplicaC] => Order Error 2
[2019-04-08T11:55:44.211][ReplicaC] => Staleness Error 956
[2019-04-08T11:55:47.026][ReplicaC] Write key = z, value = 1
[2019-04-08T11:55:47.026][ReplicaC] Anti entropy session check
[2019-04-08T11:55:47.026][ReplicaC] => Updating errors
[2019-04-08T11:55:47.241][ReplicaC] => Check errors out of bound
[2019-04-08T11:55:47.241][ReplicaC] => Numerical Error 81
[2019-04-08T11:55:47.241][ReplicaC] => Order Error 0
[2019-04-08T11:55:47.241][ReplicaC] => Staleness Error 426
[2019-04-08T11:56:07.052][ReplicaC] Read key = x
[2019-04-08T11:56:07.052][ReplicaC] Anti entropy session check
[2019-04-08T11:56:07.053][ReplicaC] => Updating errors
[2019-04-08T11:56:07.371][ReplicaC] => Check errors out of bound
[2019-04-08T11:56:07.371][ReplicaC] => Numerical Error 37
[2019-04-08T11:56:07.371][ReplicaC] => Order Error 8
[2019-04-08T11:56:07.371][ReplicaC] => Staleness Error 861
[2019-04-08T11:56:15.913][ReplicaC] Write key = x, value = 1
[2019-04-08T11:56:15.913][ReplicaC] Anti entropy session check
[2019-04-08T11:56:15.913][ReplicaC] => Updating errors
[2019-04-08T11:56:16.136][ReplicaC] => Check errors out of bound
[2019-04-08T11:56:16.136][ReplicaC] => Numerical Error 37
[2019-04-08T11:56:16.136][ReplicaC] => Order Error 8
[2019-04-08T11:56:16.136][ReplicaC] => Staleness Error 861
[2019-04-08T11:56:22.812][ReplicaC] Read key = y
[2019-04-08T11:56:22.812][ReplicaC] Anti entropy session check
[2019-04-08T11:56:22.812][ReplicaC] => Updating errors
[2019-04-08T11:56:23.031][ReplicaC] => Check errors out of bound
[2019-04-08T11:56:23.031][ReplicaC] => Numerical Error 35
[2019-04-08T11:56:23.031][ReplicaC] => Order Error 2
[2019-04-08T11:56:23.031][ReplicaC] => Staleness Error 956
[2019-04-08T11:56:30.905][ReplicaC] Write key = x, value = 1
[2019-04-08T11:56:30.905][ReplicaC] Anti entropy session check
[2019-04-08T11:56:30.905][ReplicaC] => Updating errors
[2019-04-08T11:56:31.119][ReplicaC] => Check errors out of bound
[2019-04-08T11:56:31.119][ReplicaC] => Numerical Error 37
[2019-04-08T11:56:31.119][ReplicaC] => Order Error 8
[2019-04-08T11:56:31.119][ReplicaC] => Staleness Error 861
[2019-04-08T11:56:37.776][ReplicaC] Write key = y, value = 1
[2019-04-08T11:56:37.776][ReplicaC] Anti entropy session check
[2019-04-08T11:56:37.776][ReplicaC] => Updating errors
[2019-04-08T11:56:37.993][ReplicaC] => Check errors out of bound
[2019-04-08T11:56:37.993][ReplicaC] => Numerical Error 35
[2019-04-08T11:56:37.993][ReplicaC] => Order Error 2
[2019-04-08T11:56:37.993][ReplicaC] => Staleness Error 956
[2019-04-08T11:56:40.517][ReplicaC] Write key = x, value = 1
[2019-04-08T11:56:40.517][ReplicaC] Anti entropy session check
[2019-04-08T11:56:40.517][ReplicaC] => Updating errors
[2019-04-08T11:56:40.735][ReplicaC] => Check errors out of bound
[2019-04-08T11:56:40.735][ReplicaC] => Numerical Error 37
[2019-04-08T11:56:40.735][ReplicaC] => Order Error 8
[2019-04-08T11:56:40.735][ReplicaC] => Staleness Error 861
[2019-04-08T11:56:54.181][ReplicaC] Write key = y, value = 1
[2019-04-08T11:56:54.182][ReplicaC] Anti entropy session check
[2019-04-08T11:56:54.182][ReplicaC] => Updating errors
[2019-04-08T11:56:54.398][ReplicaC] => Check errors out of bound
[2019-04-08T11:56:54.399][ReplicaC] => Numerical Error 35
[2019-04-08T11:56:54.399][ReplicaC] => Order Error 2
[2019-04-08T11:56:54.399][ReplicaC] => Staleness Error 956
[2019-04-08T11:57:05.436][ReplicaC] Write key = y, value = 1
[2019-04-08T11:57:05.437][ReplicaC] Anti entropy session check
[2019-04-08T11:57:05.437][ReplicaC] => Updating errors
[2019-04-08T11:57:05.650][ReplicaC] => Check errors out of bound
[2019-04-08T11:57:05.650][ReplicaC] => Numerical Error 35
[2019-04-08T11:57:05.650][ReplicaC] => Order Error 2
[2019-04-08T11:57:05.650][ReplicaC] => Staleness Error 956
[2019-04-08T11:57:08.198][ReplicaC] Read key = x
[2019-04-08T11:57:08.198][ReplicaC] Anti entropy session check
[2019-04-08T11:57:08.198][ReplicaC] => Updating errors
[2019-04-08T11:57:08.412][ReplicaC] => Check errors out of bound
[2019-04-08T11:57:08.413][ReplicaC] => Numerical Error 37
[2019-04-08T11:57:08.413][ReplicaC] => Order Error 8
[2019-04-08T11:57:08.413][ReplicaC] => Staleness Error 861
[2019-04-08T11:57:24.126][ReplicaC] Read key = y
[2019-04-08T11:57:24.127][ReplicaC] Anti entropy session check
[2019-04-08T11:57:24.127][ReplicaC] => Updating errors
[2019-04-08T11:57:24.342][ReplicaC] => Check errors out of bound
[2019-04-08T11:57:24.342][ReplicaC] => Numerical Error 35
[2019-04-08T11:57:24.342][ReplicaC] => Order Error 2
[2019-04-08T11:57:24.342][ReplicaC] => Staleness Error 956
[2019-04-08T11:57:30.718][ReplicaC] Write key = x, value = 1
[2019-04-08T11:57:30.718][ReplicaC] Anti entropy session check
[2019-04-08T11:57:30.719][ReplicaC] => Updating errors
[2019-04-08T11:57:30.933][ReplicaC] => Check errors out of bound
[2019-04-08T11:57:30.934][ReplicaC] => Numerical Error 37
[2019-04-08T11:57:30.936][ReplicaC] => Order Error 8
[2019-04-08T11:57:30.936][ReplicaC] => Staleness Error 861
[2019-04-08T11:57:43.668][ReplicaC] Read key = z
[2019-04-08T11:57:43.668][ReplicaC] Anti entropy session check
[2019-04-08T11:57:43.668][ReplicaC] => Updating errors
[2019-04-08T11:57:43.882][ReplicaC] => Check errors out of bound
[2019-04-08T11:57:43.882][ReplicaC] Start anti-entropy session
[2019-04-08T11:57:44.204][ReplicaC] => Start anti-entropy session with ReplicaA
[2019-04-08T11:57:47.921][ReplicaC] Read key = z
[2019-04-08T11:57:47.921][ReplicaC] Anti entropy session check
[2019-04-08T11:57:47.921][ReplicaC] => Updating errors
[2019-04-08T11:57:48.134][ReplicaC] => Check errors out of bound
[2019-04-08T11:57:48.134][ReplicaC] Start anti-entropy session
[2019-04-08T11:57:48.346][ReplicaC] => Start anti-entropy session with ReplicaA
[2019-04-08T11:58:01.589][ReplicaC] Write key = y, value = 1
[2019-04-08T11:58:01.589][ReplicaC] Anti entropy session check
[2019-04-08T11:58:01.590][ReplicaC] => Updating errors
[2019-04-08T11:58:01.803][ReplicaC] => Check errors out of bound
[2019-04-08T11:58:01.803][ReplicaC] Start anti-entropy session
[2019-04-08T11:58:02.015][ReplicaC] => Start anti-entropy session with ReplicaA
[2019-04-08T11:58:07.577][ReplicaC] Read key = z
[2019-04-08T11:58:07.577][ReplicaC] Anti entropy session check
[2019-04-08T11:58:07.577][ReplicaC] => Updating errors
[2019-04-08T11:58:07.790][ReplicaC] => Check errors out of bound
[2019-04-08T11:58:07.790][ReplicaC] Start anti-entropy session
[2019-04-08T11:58:08.002][ReplicaC] => Start anti-entropy session with ReplicaA
[2019-04-08T11:58:17.951][ReplicaC] Read key = y
[2019-04-08T11:58:17.952][ReplicaC] Anti entropy session check
[2019-04-08T11:58:17.952][ReplicaC] => Updating errors
[2019-04-08T11:58:18.165][ReplicaC] => Check errors out of bound
[2019-04-08T11:58:18.165][ReplicaC] Start anti-entropy session
[2019-04-08T11:58:18.376][ReplicaC] => Start anti-entropy session with ReplicaA
[2019-04-08T11:58:28.034][ReplicaC] Write key = y, value = 1
[2019-04-08T11:58:28.034][ReplicaC] Anti entropy session check
[2019-04-08T11:58:28.034][ReplicaC] => Updating errors
[2019-04-08T11:58:28.248][ReplicaC] => Check errors out of bound
[2019-04-08T11:58:28.248][ReplicaC] Start anti-entropy session
[2019-04-08T11:58:28.459][ReplicaC] => Start anti-entropy session with ReplicaA
[2019-04-08T11:58:31.616][ReplicaC] Write key = x, value = 1
[2019-04-08T11:58:31.616][ReplicaC] Anti entropy session check
[2019-04-08T11:58:31.616][ReplicaC] => Updating errors
[2019-04-08T11:58:31.832][ReplicaC] => Check errors out of bound
[2019-04-08T11:58:31.832][ReplicaC] => Numerical Error 37
[2019-04-08T11:58:31.832][ReplicaC] => Order Error 8
[2019-04-08T11:58:31.832][ReplicaC] => Staleness Error 861
[2019-04-08T11:58:33.900][ReplicaC] Read key = x
[2019-04-08T11:58:33.900][ReplicaC] Anti entropy session check
[2019-04-08T11:58:33.900][ReplicaC] => Updating errors
[2019-04-08T11:58:34.113][ReplicaC] => Check errors out of bound
[2019-04-08T11:58:34.113][ReplicaC] => Numerical Error 37
[2019-04-08T11:58:34.113][ReplicaC] => Order Error 8
[2019-04-08T11:58:34.113][ReplicaC] => Staleness Error 861
[2019-04-08T11:58:44.648][ReplicaC] Read key = z
[2019-04-08T11:58:44.649][ReplicaC] Anti entropy session check
[2019-04-08T11:58:44.649][ReplicaC] => Updating errors
[2019-04-08T11:58:44.862][ReplicaC] => Check errors out of bound
[2019-04-08T11:58:44.862][ReplicaC] Start anti-entropy session
[2019-04-08T11:58:45.180][ReplicaC] => Start anti-entropy session with ReplicaA
[2019-04-08T11:58:48.468][ReplicaC] Read key = z
[2019-04-08T11:58:48.470][ReplicaC] Anti entropy session check
[2019-04-08T11:58:48.470][ReplicaC] => Updating errors
[2019-04-08T11:58:48.683][ReplicaC] => Check errors out of bound
[2019-04-08T11:58:48.683][ReplicaC] Start anti-entropy session
[2019-04-08T11:58:48.895][ReplicaC] => Start anti-entropy session with ReplicaA
[2019-04-08T11:58:56.887][ReplicaC] Write key = y, value = 1
[2019-04-08T11:58:56.887][ReplicaC] Anti entropy session check
[2019-04-08T11:58:56.887][ReplicaC] => Updating errors
[2019-04-08T11:58:57.104][ReplicaC] => Check errors out of bound
[2019-04-08T11:58:57.104][ReplicaC] Start anti-entropy session
[2019-04-08T11:58:57.316][ReplicaC] => Start anti-entropy session with ReplicaA
[2019-04-08T11:59:00.075][ReplicaC] Read key = y
[2019-04-08T11:59:00.076][ReplicaC] Anti entropy session check
[2019-04-08T11:59:00.076][ReplicaC] => Updating errors
[2019-04-08T11:59:00.290][ReplicaC] => Check errors out of bound
[2019-04-08T11:59:00.290][ReplicaC] Start anti-entropy session
[2019-04-08T11:59:00.502][ReplicaC] => Start anti-entropy session with ReplicaA
[2019-04-08T11:59:02.793][ReplicaC] Read key = z
[2019-04-08T11:59:02.793][ReplicaC] Anti entropy session check
[2019-04-08T11:59:02.793][ReplicaC] => Updating errors
[2019-04-08T11:59:03.006][ReplicaC] => Check errors out of bound
[2019-04-08T11:59:03.006][ReplicaC] Start anti-entropy session
[2019-04-08T11:59:03.219][ReplicaC] => Start anti-entropy session with ReplicaA
[2019-04-08T11:59:10.158][ReplicaC] Write key = z, value = 1
[2019-04-08T11:59:10.158][ReplicaC] Anti entropy session check
[2019-04-08T11:59:10.158][ReplicaC] => Updating errors
[2019-04-08T11:59:10.371][ReplicaC] => Check errors out of bound
[2019-04-08T11:59:10.371][ReplicaC] Start anti-entropy session
[2019-04-08T11:59:10.583][ReplicaC] => Start anti-entropy session with ReplicaA
[2019-04-08T11:59:15.491][ReplicaC] Read key = y
[2019-04-08T11:59:15.491][ReplicaC] Anti entropy session check
[2019-04-08T11:59:15.491][ReplicaC] => Updating errors
[2019-04-08T11:59:15.704][ReplicaC] => Check errors out of bound
[2019-04-08T11:59:15.705][ReplicaC] Start anti-entropy session
[2019-04-08T11:59:15.916][ReplicaC] => Start anti-entropy session with ReplicaA
[2019-04-08T11:59:22.276][ReplicaC] Write key = y, value = 1
[2019-04-08T11:59:22.276][ReplicaC] Anti entropy session check
[2019-04-08T11:59:22.276][ReplicaC] => Updating errors
[2019-04-08T11:59:22.492][ReplicaC] => Check errors out of bound
[2019-04-08T11:59:22.492][ReplicaC] Start anti-entropy session
[2019-04-08T11:59:22.703][ReplicaC] => Start anti-entropy session with ReplicaA
[2019-04-08T11:59:26.163][ReplicaC] Read key = x
[2019-04-08T11:59:26.163][ReplicaC] Anti entropy session check
[2019-04-08T11:59:26.164][ReplicaC] => Updating errors
[2019-04-08T11:59:26.376][ReplicaC] => Check errors out of bound
[2019-04-08T11:59:26.376][ReplicaC] => Numerical Error 37
[2019-04-08T11:59:26.376][ReplicaC] => Order Error 8
[2019-04-08T11:59:26.376][ReplicaC] => Staleness Error 861
[2019-04-08T11:59:36.309][ReplicaC] Write key = y, value = 1
[2019-04-08T11:59:36.309][ReplicaC] Anti entropy session check
[2019-04-08T11:59:36.309][ReplicaC] => Updating errors
[2019-04-08T11:59:36.523][ReplicaC] => Check errors out of bound
[2019-04-08T11:59:36.523][ReplicaC] Start anti-entropy session
[2019-04-08T11:59:36.734][ReplicaC] => Start anti-entropy session with ReplicaA
[2019-04-08T11:59:55.383][ReplicaC] Read key = x
[2019-04-08T11:59:55.383][ReplicaC] Anti entropy session check
[2019-04-08T11:59:55.383][ReplicaC] => Updating errors
[2019-04-08T11:59:55.596][ReplicaC] => Check errors out of bound
[2019-04-08T11:59:55.596][ReplicaC] => Numerical Error 37
[2019-04-08T11:59:55.596][ReplicaC] => Order Error 8
[2019-04-08T11:59:55.596][ReplicaC] => Staleness Error 861
[2019-04-08T11:59:56.936][ReplicaC] Read key = y
[2019-04-08T11:59:56.936][ReplicaC] Anti entropy session check
[2019-04-08T11:59:56.936][ReplicaC] => Updating errors
[2019-04-08T11:59:57.148][ReplicaC] => Check errors out of bound
[2019-04-08T11:59:57.149][ReplicaC] Start anti-entropy session
[2019-04-08T11:59:57.361][ReplicaC] => Start anti-entropy session with ReplicaA
[2019-04-08T11:59:59.133][ReplicaC] Read key = z
[2019-04-08T11:59:59.133][ReplicaC] Anti entropy session check
[2019-04-08T11:59:59.133][ReplicaC] => Updating errors
[2019-04-08T11:59:59.345][ReplicaC] => Check errors out of bound
[2019-04-08T11:59:59.345][ReplicaC] Start anti-entropy session
[2019-04-08T11:59:59.557][ReplicaC] => Start anti-entropy session with ReplicaA
/home/sven/.sdkman/candidates/scala/current/bin/scala: line 21: 21830 Killed                  "$@"
