[2019-04-08T11:54:47.464][ReplicaB] Starting ReplicaB
[2019-04-08T11:54:47.468][ReplicaB] => Looking for ECG history
[2019-04-08T11:54:49.664][ReplicaB] => Binding TACT Replica to RMI
[2019-04-08T11:54:50.620][ReplicaB] Replica started on rmi://10.156.0.2/ReplicaB
[2019-04-08T11:54:57.271][ReplicaB] Read key = z
[2019-04-08T11:54:57.271][ReplicaB] Anti entropy session check
[2019-04-08T11:54:57.272][ReplicaB] => Updating errors
[2019-04-08T11:54:57.771][ReplicaB] => Check errors out of bound
[2019-04-08T11:54:57.771][ReplicaB] => Numerical Error 25
[2019-04-08T11:54:57.772][ReplicaB] => Order Error 6
[2019-04-08T11:54:57.772][ReplicaB] => Staleness Error 103
[2019-04-08T11:55:16.086][ReplicaB] Write key = y, value = 1
[2019-04-08T11:55:16.088][ReplicaB] Anti entropy session check
[2019-04-08T11:55:16.088][ReplicaB] => Updating errors
[2019-04-08T11:55:16.553][ReplicaB] => Check errors out of bound
[2019-04-08T11:55:16.553][ReplicaB] => Numerical Error 91
[2019-04-08T11:55:16.553][ReplicaB] => Order Error 4
[2019-04-08T11:55:16.553][ReplicaB] => Staleness Error 867
[2019-04-08T11:55:30.225][ReplicaB] Read key = z
[2019-04-08T11:55:30.225][ReplicaB] Anti entropy session check
[2019-04-08T11:55:30.225][ReplicaB] => Updating errors
[2019-04-08T11:55:30.691][ReplicaB] => Check errors out of bound
[2019-04-08T11:55:30.691][ReplicaB] => Numerical Error 25
[2019-04-08T11:55:30.691][ReplicaB] => Order Error 6
[2019-04-08T11:55:30.691][ReplicaB] => Staleness Error 103
[2019-04-08T11:55:36.655][ReplicaB] Read key = y
[2019-04-08T11:55:36.656][ReplicaB] Anti entropy session check
[2019-04-08T11:55:36.656][ReplicaB] => Updating errors
[2019-04-08T11:55:37.120][ReplicaB] => Check errors out of bound
[2019-04-08T11:55:37.120][ReplicaB] => Numerical Error 91
[2019-04-08T11:55:37.120][ReplicaB] => Order Error 4
[2019-04-08T11:55:37.120][ReplicaB] => Staleness Error 867
[2019-04-08T11:55:40.662][ReplicaB] Write key = y, value = 1
[2019-04-08T11:55:40.662][ReplicaB] Anti entropy session check
[2019-04-08T11:55:40.662][ReplicaB] => Updating errors
[2019-04-08T11:55:41.124][ReplicaB] => Check errors out of bound
[2019-04-08T11:55:41.124][ReplicaB] => Numerical Error 91
[2019-04-08T11:55:41.124][ReplicaB] => Order Error 4
[2019-04-08T11:55:41.124][ReplicaB] => Staleness Error 867
[2019-04-08T11:55:59.878][ReplicaB] Write key = z, value = 1
[2019-04-08T11:55:59.879][ReplicaB] Anti entropy session check
[2019-04-08T11:55:59.879][ReplicaB] => Updating errors
[2019-04-08T11:56:00.344][ReplicaB] => Check errors out of bound
[2019-04-08T11:56:00.344][ReplicaB] => Numerical Error 25
[2019-04-08T11:56:00.344][ReplicaB] => Order Error 6
[2019-04-08T11:56:00.346][ReplicaB] => Staleness Error 103
[2019-04-08T11:56:10.271][ReplicaB] Write key = x, value = 1
[2019-04-08T11:56:10.271][ReplicaB] Anti entropy session check
[2019-04-08T11:56:10.271][ReplicaB] => Updating errors
[2019-04-08T11:56:10.737][ReplicaB] => Check errors out of bound
[2019-04-08T11:56:10.737][ReplicaB] => Numerical Error 48
[2019-04-08T11:56:10.737][ReplicaB] => Order Error 8
[2019-04-08T11:56:10.737][ReplicaB] => Staleness Error 245
[2019-04-08T11:56:19.260][ReplicaB] Write key = x, value = 1
[2019-04-08T11:56:19.261][ReplicaB] Anti entropy session check
[2019-04-08T11:56:19.261][ReplicaB] => Updating errors
[2019-04-08T11:56:19.725][ReplicaB] => Check errors out of bound
[2019-04-08T11:56:19.725][ReplicaB] => Numerical Error 48
[2019-04-08T11:56:19.725][ReplicaB] => Order Error 8
[2019-04-08T11:56:19.725][ReplicaB] => Staleness Error 245
[2019-04-08T11:56:27.810][ReplicaB] Read key = y
[2019-04-08T11:56:27.810][ReplicaB] Anti entropy session check
[2019-04-08T11:56:27.810][ReplicaB] => Updating errors
[2019-04-08T11:56:28.273][ReplicaB] => Check errors out of bound
[2019-04-08T11:56:28.273][ReplicaB] => Numerical Error 91
[2019-04-08T11:56:28.274][ReplicaB] => Order Error 4
[2019-04-08T11:56:28.274][ReplicaB] => Staleness Error 867
[2019-04-08T11:56:46.060][ReplicaB] Write key = x, value = 1
[2019-04-08T11:56:46.060][ReplicaB] Anti entropy session check
[2019-04-08T11:56:46.060][ReplicaB] => Updating errors
[2019-04-08T11:56:46.529][ReplicaB] => Check errors out of bound
[2019-04-08T11:56:46.529][ReplicaB] => Numerical Error 48
[2019-04-08T11:56:46.529][ReplicaB] => Order Error 8
[2019-04-08T11:56:46.529][ReplicaB] => Staleness Error 245
[2019-04-08T11:56:51.550][ReplicaB] Read key = z
[2019-04-08T11:56:51.550][ReplicaB] Anti entropy session check
[2019-04-08T11:56:51.550][ReplicaB] => Updating errors
[2019-04-08T11:56:52.014][ReplicaB] => Check errors out of bound
[2019-04-08T11:56:52.015][ReplicaB] => Numerical Error 25
[2019-04-08T11:56:52.015][ReplicaB] => Order Error 6
[2019-04-08T11:56:52.015][ReplicaB] => Staleness Error 103
[2019-04-08T11:56:57.333][ReplicaB] Read key = x
[2019-04-08T11:56:57.335][ReplicaB] Anti entropy session check
[2019-04-08T11:56:57.335][ReplicaB] => Updating errors
[2019-04-08T11:56:57.802][ReplicaB] => Check errors out of bound
[2019-04-08T11:56:57.803][ReplicaB] => Numerical Error 48
[2019-04-08T11:56:57.803][ReplicaB] => Order Error 8
[2019-04-08T11:56:57.803][ReplicaB] => Staleness Error 245
[2019-04-08T11:57:02.749][ReplicaB] Read key = x
[2019-04-08T11:57:02.750][ReplicaB] Anti entropy session check
[2019-04-08T11:57:02.750][ReplicaB] => Updating errors
[2019-04-08T11:57:03.216][ReplicaB] => Check errors out of bound
[2019-04-08T11:57:03.216][ReplicaB] => Numerical Error 48
[2019-04-08T11:57:03.216][ReplicaB] => Order Error 8
[2019-04-08T11:57:03.216][ReplicaB] => Staleness Error 245
[2019-04-08T11:57:11.735][ReplicaB] Write key = x, value = 1
[2019-04-08T11:57:11.736][ReplicaB] Anti entropy session check
[2019-04-08T11:57:11.736][ReplicaB] => Updating errors
[2019-04-08T11:57:12.198][ReplicaB] => Check errors out of bound
[2019-04-08T11:57:12.198][ReplicaB] => Numerical Error 48
[2019-04-08T11:57:12.198][ReplicaB] => Order Error 8
[2019-04-08T11:57:12.198][ReplicaB] => Staleness Error 245
[2019-04-08T11:57:18.957][ReplicaB] Read key = x
[2019-04-08T11:57:18.957][ReplicaB] Anti entropy session check
[2019-04-08T11:57:18.957][ReplicaB] => Updating errors
[2019-04-08T11:57:19.421][ReplicaB] => Check errors out of bound
[2019-04-08T11:57:19.421][ReplicaB] => Numerical Error 48
[2019-04-08T11:57:19.421][ReplicaB] => Order Error 8
[2019-04-08T11:57:19.421][ReplicaB] => Staleness Error 245
[2019-04-08T11:57:27.626][ReplicaB] Write key = y, value = 1
[2019-04-08T11:57:27.626][ReplicaB] Anti entropy session check
[2019-04-08T11:57:27.626][ReplicaB] => Updating errors
[2019-04-08T11:57:28.093][ReplicaB] => Check errors out of bound
[2019-04-08T11:57:28.093][ReplicaB] => Numerical Error 91
[2019-04-08T11:57:28.093][ReplicaB] => Order Error 4
[2019-04-08T11:57:28.093][ReplicaB] => Staleness Error 867
[2019-04-08T11:57:35.838][ReplicaB] Read key = z
[2019-04-08T11:57:35.839][ReplicaB] Anti entropy session check
[2019-04-08T11:57:35.839][ReplicaB] => Updating errors
[2019-04-08T11:57:36.302][ReplicaB] => Check errors out of bound
[2019-04-08T11:57:36.302][ReplicaB] => Numerical Error 25
[2019-04-08T11:57:36.302][ReplicaB] => Order Error 6
[2019-04-08T11:57:36.302][ReplicaB] => Staleness Error 103
[2019-04-08T11:57:40.740][ReplicaB] Read key = x
[2019-04-08T11:57:40.740][ReplicaB] Anti entropy session check
[2019-04-08T11:57:40.741][ReplicaB] => Updating errors
[2019-04-08T11:57:41.204][ReplicaB] => Check errors out of bound
[2019-04-08T11:57:41.206][ReplicaB] => Numerical Error 48
[2019-04-08T11:57:41.208][ReplicaB] => Order Error 8
[2019-04-08T11:57:41.208][ReplicaB] => Staleness Error 245
[2019-04-08T11:57:51.977][ReplicaB] Read key = z
[2019-04-08T11:57:51.977][ReplicaB] Anti entropy session check
[2019-04-08T11:57:51.977][ReplicaB] => Updating errors
[2019-04-08T11:57:52.441][ReplicaB] => Check errors out of bound
[2019-04-08T11:57:52.441][ReplicaB] => Numerical Error 25
[2019-04-08T11:57:52.441][ReplicaB] => Order Error 6
[2019-04-08T11:57:52.441][ReplicaB] => Staleness Error 103
[2019-04-08T11:57:55.711][ReplicaB] Read key = y
[2019-04-08T11:57:55.711][ReplicaB] Anti entropy session check
[2019-04-08T11:57:55.711][ReplicaB] => Updating errors
[2019-04-08T11:57:56.173][ReplicaB] => Check errors out of bound
[2019-04-08T11:57:56.173][ReplicaB] => Numerical Error 91
[2019-04-08T11:57:56.173][ReplicaB] => Order Error 4
[2019-04-08T11:57:56.173][ReplicaB] => Staleness Error 867
[2019-04-08T11:57:58.739][ReplicaB] Write key = z, value = 1
[2019-04-08T11:57:58.739][ReplicaB] Anti entropy session check
[2019-04-08T11:57:58.740][ReplicaB] => Updating errors
[2019-04-08T11:57:59.201][ReplicaB] => Check errors out of bound
[2019-04-08T11:57:59.201][ReplicaB] => Numerical Error 25
[2019-04-08T11:57:59.201][ReplicaB] => Order Error 6
[2019-04-08T11:57:59.201][ReplicaB] => Staleness Error 103
[2019-04-08T11:58:13.398][ReplicaB] Write key = x, value = 1
[2019-04-08T11:58:13.399][ReplicaB] Anti entropy session check
[2019-04-08T11:58:13.399][ReplicaB] => Updating errors
[2019-04-08T11:58:13.864][ReplicaB] => Check errors out of bound
[2019-04-08T11:58:13.864][ReplicaB] => Numerical Error 48
[2019-04-08T11:58:13.864][ReplicaB] => Order Error 8
[2019-04-08T11:58:13.864][ReplicaB] => Staleness Error 245
[2019-04-08T11:58:21.913][ReplicaB] Write key = z, value = 1
[2019-04-08T11:58:21.913][ReplicaB] Anti entropy session check
[2019-04-08T11:58:21.913][ReplicaB] => Updating errors
[2019-04-08T11:58:22.378][ReplicaB] => Check errors out of bound
[2019-04-08T11:58:22.378][ReplicaB] => Numerical Error 25
[2019-04-08T11:58:22.378][ReplicaB] => Order Error 6
[2019-04-08T11:58:22.378][ReplicaB] => Staleness Error 103
[2019-04-08T11:58:37.241][ReplicaB] Read key = z
[2019-04-08T11:58:37.241][ReplicaB] Anti entropy session check
[2019-04-08T11:58:37.241][ReplicaB] => Updating errors
[2019-04-08T11:58:37.704][ReplicaB] => Check errors out of bound
[2019-04-08T11:58:37.704][ReplicaB] => Numerical Error 25
[2019-04-08T11:58:37.704][ReplicaB] => Order Error 6
[2019-04-08T11:58:37.704][ReplicaB] => Staleness Error 103
[2019-04-08T11:58:41.375][ReplicaB] Write key = z, value = 1
[2019-04-08T11:58:41.375][ReplicaB] Anti entropy session check
[2019-04-08T11:58:41.375][ReplicaB] => Updating errors
[2019-04-08T11:58:41.836][ReplicaB] => Check errors out of bound
[2019-04-08T11:58:41.837][ReplicaB] => Numerical Error 25
[2019-04-08T11:58:41.837][ReplicaB] => Order Error 6
[2019-04-08T11:58:41.837][ReplicaB] => Staleness Error 103
[2019-04-08T11:58:53.915][ReplicaB] Write key = x, value = 1
[2019-04-08T11:58:53.915][ReplicaB] Anti entropy session check
[2019-04-08T11:58:53.915][ReplicaB] => Updating errors
[2019-04-08T11:58:54.377][ReplicaB] => Check errors out of bound
[2019-04-08T11:58:54.377][ReplicaB] => Numerical Error 48
[2019-04-08T11:58:54.377][ReplicaB] => Order Error 8
[2019-04-08T11:58:54.377][ReplicaB] => Staleness Error 245
[2019-04-08T11:59:06.549][ReplicaB] Write key = x, value = 1
[2019-04-08T11:59:06.549][ReplicaB] Anti entropy session check
[2019-04-08T11:59:06.549][ReplicaB] => Updating errors
[2019-04-08T11:59:07.011][ReplicaB] => Check errors out of bound
[2019-04-08T11:59:07.011][ReplicaB] => Numerical Error 48
[2019-04-08T11:59:07.011][ReplicaB] => Order Error 8
[2019-04-08T11:59:07.011][ReplicaB] => Staleness Error 245
[2019-04-08T11:59:18.946][ReplicaB] Read key = x
[2019-04-08T11:59:18.946][ReplicaB] Anti entropy session check
[2019-04-08T11:59:18.946][ReplicaB] => Updating errors
[2019-04-08T11:59:19.409][ReplicaB] => Check errors out of bound
[2019-04-08T11:59:19.409][ReplicaB] => Numerical Error 48
[2019-04-08T11:59:19.409][ReplicaB] => Order Error 8
[2019-04-08T11:59:19.409][ReplicaB] => Staleness Error 245
[2019-04-08T11:59:28.912][ReplicaB] Read key = y
[2019-04-08T11:59:28.912][ReplicaB] Anti entropy session check
[2019-04-08T11:59:28.912][ReplicaB] => Updating errors
[2019-04-08T11:59:29.375][ReplicaB] => Check errors out of bound
[2019-04-08T11:59:29.375][ReplicaB] => Numerical Error 91
[2019-04-08T11:59:29.376][ReplicaB] => Order Error 4
[2019-04-08T11:59:29.376][ReplicaB] => Staleness Error 867
[2019-04-08T11:59:46.829][ReplicaB] Read key = x
[2019-04-08T11:59:46.829][ReplicaB] Anti entropy session check
[2019-04-08T11:59:46.829][ReplicaB] => Updating errors
[2019-04-08T11:59:47.291][ReplicaB] => Check errors out of bound
[2019-04-08T11:59:47.291][ReplicaB] => Numerical Error 48
[2019-04-08T11:59:47.291][ReplicaB] => Order Error 8
[2019-04-08T11:59:47.291][ReplicaB] => Staleness Error 245
[2019-04-08T11:59:49.184][ReplicaB] Read key = y
[2019-04-08T11:59:49.184][ReplicaB] Anti entropy session check
[2019-04-08T11:59:49.184][ReplicaB] => Updating errors
[2019-04-08T11:59:49.646][ReplicaB] => Check errors out of bound
[2019-04-08T11:59:49.646][ReplicaB] => Numerical Error 91
[2019-04-08T11:59:49.646][ReplicaB] => Order Error 4
[2019-04-08T11:59:49.646][ReplicaB] => Staleness Error 867
[2019-04-08T11:59:51.557][ReplicaB] Read key = z
[2019-04-08T11:59:51.557][ReplicaB] Anti entropy session check
[2019-04-08T11:59:51.557][ReplicaB] => Updating errors
[2019-04-08T11:59:52.019][ReplicaB] => Check errors out of bound
[2019-04-08T11:59:52.019][ReplicaB] => Numerical Error 25
[2019-04-08T11:59:52.019][ReplicaB] => Order Error 6
[2019-04-08T11:59:52.020][ReplicaB] => Staleness Error 103
/home/sven/.sdkman/candidates/scala/current/bin/scala: line 21: 14864 Killed                  "$@"
