[2019-04-10T18:45:42.962][Master] Starting...
[2019-04-10T18:45:43.177][Master] => Created registry
[2019-04-10T18:45:43.357][Master] => Bind ECG history
[2019-04-10T18:45:43.363][Master] RMI Registry started!
[2019-04-10T18:45:43.364][Master] Use Crtl+C to stop the server
--------------------------------------------------------------------------------------------

[2019-04-10T18:45:44.711][Master] Registered ReplicaA
[2019-04-10T18:45:44.847][Master] Registered //10.156.0.2/ReplicaA
[2019-04-10T18:45:45.080][Master] Registered ReplicaB
[2019-04-10T18:45:45.135][Master] Registered //10.156.0.2/ReplicaB
[2019-04-10T18:45:49.371][Master] Registered ReplicaC
[2019-04-10T18:45:50.330][Master] Registered //10.156.0.2/ReplicaC
[2019-04-10T18:45:53.617][Master] Registered ReplicaD
[2019-04-10T18:45:54.573][Master] Registered //10.156.0.2/ReplicaD
[2019-04-10T18:45:57.056][Master] Registered ReplicaE
[2019-04-10T18:45:57.532][Master] Registered //10.156.0.2/ReplicaE
[2019-04-10T18:45:59.593][Master] Registered ReplicaF
[2019-04-10T18:46:00.066][Master] Registered //10.156.0.2/ReplicaF
[2019-04-10T18:46:08.589][Master] Write ECG writelog: WriteLogItem(1554921968220,C,WriteOperation(i,+,1))
[2019-04-10T18:46:08.822][Master] Read ECG writelog
[2019-04-10T18:46:23.297][Master] Write ECG writelog: WriteLogItem(1554921982951,C,WriteOperation(k,+,1))
[2019-04-10T18:46:23.530][Master] Read ECG writelog
[2019-04-10T18:46:32.273][Master] Write ECG writelog: WriteLogItem(1554921992006,E,WriteOperation(j,+,1))
[2019-04-10T18:46:32.381][Master] Read ECG writelog
[2019-04-10T18:46:37.767][Master] Write ECG writelog: WriteLogItem(1554921997502,F,WriteOperation(i,+,1))
[2019-04-10T18:46:37.877][Master] Read ECG writelog
[2019-04-10T18:46:50.528][Master] Write ECG writelog: WriteLogItem(1554922009954,C,WriteOperation(i,+,1))
[2019-04-10T18:46:50.760][Master] Read ECG writelog
[2019-04-10T18:46:58.250][Master] Write ECG writelog: WriteLogItem(1554922018245,A,WriteOperation(k,+,1))
[2019-04-10T18:46:58.252][Master] Read ECG writelog
[2019-04-10T18:47:05.731][Master] Write ECG writelog: WriteLogItem(1554922025385,C,WriteOperation(j,+,1))
[2019-04-10T18:47:05.962][Master] Read ECG writelog
[2019-04-10T18:47:11.013][Master] Write ECG writelog: WriteLogItem(1554922030747,F,WriteOperation(k,+,1))
[2019-04-10T18:47:11.121][Master] Read ECG writelog
[2019-04-10T18:47:16.903][Master] Write ECG writelog: WriteLogItem(1554922036634,E,WriteOperation(k,+,1))
[2019-04-10T18:47:17.010][Master] Read ECG writelog
[2019-04-10T18:47:21.449][Master] Write ECG writelog: WriteLogItem(1554922041290,E,WriteOperation(k,+,1))
[2019-04-10T18:47:21.555][Master] Read ECG writelog
[2019-04-10T18:47:26.144][Master] Write ECG writelog: WriteLogItem(1554922045984,F,WriteOperation(i,+,1))
[2019-04-10T18:47:26.252][Master] Read ECG writelog
[2019-04-10T18:47:37.260][Master] Write ECG writelog: WriteLogItem(1554922056685,C,WriteOperation(j,+,1))
[2019-04-10T18:47:37.491][Master] Read ECG writelog
[2019-04-10T18:47:48.985][Master] Write ECG writelog: WriteLogItem(1554922068719,E,WriteOperation(j,+,1))
[2019-04-10T18:47:49.091][Master] Read ECG writelog
[2019-04-10T18:47:56.264][Master] Write ECG writelog: WriteLogItem(1554922076103,F,WriteOperation(k,+,1))
[2019-04-10T18:47:56.372][Master] Read ECG writelog
[2019-04-10T18:48:01.616][Master] Write ECG writelog: WriteLogItem(1554922081456,F,WriteOperation(k,+,1))
[2019-04-10T18:48:01.724][Master] Read ECG writelog
[2019-04-10T18:48:08.570][Master] Write ECG writelog: WriteLogItem(1554922087995,C,WriteOperation(j,+,1))
[2019-04-10T18:48:08.801][Master] Read ECG writelog
[2019-04-10T18:48:16.645][Master] Write ECG writelog: WriteLogItem(1554922096299,C,WriteOperation(i,+,1))
[2019-04-10T18:48:16.876][Master] Read ECG writelog
[2019-04-10T18:48:27.376][Master] Write ECG writelog: WriteLogItem(1554922107110,E,WriteOperation(k,+,1))
[2019-04-10T18:48:27.483][Master] Read ECG writelog
[2019-04-10T18:48:34.406][Master] Write ECG writelog: WriteLogItem(1554922113823,D,WriteOperation(k,+,1))
[2019-04-10T18:48:34.640][Master] Read ECG writelog
[2019-04-10T18:48:42.474][Master] Write ECG writelog: WriteLogItem(1554922122125,D,WriteOperation(j,+,1))
[2019-04-10T18:48:42.707][Master] Read ECG writelog
[2019-04-10T18:48:46.468][Master] Write ECG writelog: WriteLogItem(1554922126465,B,WriteOperation(j,+,1))
[2019-04-10T18:48:46.472][Master] Read ECG writelog
[2019-04-10T18:48:54.339][Master] Write ECG writelog: WriteLogItem(1554922133762,C,WriteOperation(j,+,1))
[2019-04-10T18:48:54.571][Master] Read ECG writelog
[2019-04-10T18:49:03.311][Master] Write ECG writelog: WriteLogItem(1554922143044,E,WriteOperation(i,+,1))
[2019-04-10T18:49:03.419][Master] Read ECG writelog
[2019-04-10T18:49:15.854][Master] Write ECG writelog: WriteLogItem(1554922155279,D,WriteOperation(i,+,1))
[2019-04-10T18:49:16.084][Master] Read ECG writelog
[2019-04-10T18:49:30.305][Master] Write ECG writelog: WriteLogItem(1554922169959,D,WriteOperation(k,+,1))
[2019-04-10T18:49:30.537][Master] Read ECG writelog
[2019-04-10T18:49:33.631][Master] Write ECG writelog: WriteLogItem(1554922173623,B,WriteOperation(k,+,1))
[2019-04-10T18:49:33.633][Master] Read ECG writelog
[2019-04-10T18:49:39.373][Master] Write ECG writelog: WriteLogItem(1554922179101,E,WriteOperation(j,+,1))
[2019-04-10T18:49:39.479][Master] Read ECG writelog
[2019-04-10T18:49:53.975][Master] Write ECG writelog: WriteLogItem(1554922193393,C,WriteOperation(j,+,1))
[2019-04-10T18:49:54.207][Master] Read ECG writelog
[2019-04-10T18:49:59.772][Master] Write ECG writelog: WriteLogItem(1554922199609,E,WriteOperation(i,+,1))
[2019-04-10T18:49:59.878][Master] Read ECG writelog
[2019-04-10T18:50:04.563][Master] Write ECG writelog: WriteLogItem(1554922204556,A,WriteOperation(i,+,1))
[2019-04-10T18:50:04.566][Master] Read ECG writelog
[2019-04-10T18:50:15.851][Master] Write ECG writelog: WriteLogItem(1554922215501,C,WriteOperation(i,+,1))
[2019-04-10T18:50:16.085][Master] Read ECG writelog
[2019-04-10T18:50:24.144][Master] Write ECG writelog: WriteLogItem(1554922224139,B,WriteOperation(i,+,1))
[2019-04-10T18:50:24.146][Master] Read ECG writelog
[2019-04-10T18:50:34.301][Master] Write ECG writelog: WriteLogItem(1554922234035,F,WriteOperation(i,+,1))
[2019-04-10T18:50:34.408][Master] Read ECG writelog
[2019-04-10T18:50:39.552][Master] Write ECG writelog: WriteLogItem(1554922239550,B,WriteOperation(i,+,1))
[2019-04-10T18:50:39.554][Master] Read ECG writelog
[2019-04-10T18:50:49.905][Master] Write ECG writelog: WriteLogItem(1554922249329,D,WriteOperation(j,+,1))
[2019-04-10T18:50:50.136][Master] Read ECG writelog
[2019-04-10T18:50:57.390][Master] Write ECG writelog: WriteLogItem(1554922257387,B,WriteOperation(k,+,1))
[2019-04-10T18:50:57.393][Master] Read ECG writelog
[2019-04-10T18:51:00.293][Master] Write ECG writelog: WriteLogItem(1554922260291,B,WriteOperation(j,+,1))
[2019-04-10T18:51:00.298][Master] Read ECG writelog
[2019-04-10T18:51:08.044][Master] Write ECG writelog: WriteLogItem(1554922267884,E,WriteOperation(i,+,1))
[2019-04-10T18:51:08.152][Master] Read ECG writelog
[2019-04-10T18:51:18.732][Master] Write ECG writelog: WriteLogItem(1554922278156,C,WriteOperation(i,+,1))
[2019-04-10T18:51:18.964][Master] Read ECG writelog
[2019-04-10T18:51:30.513][Master] Write ECG writelog: WriteLogItem(1554922290248,F,WriteOperation(j,+,1))
[2019-04-10T18:51:30.620][Master] Read ECG writelog
[2019-04-10T18:51:33.098][Master] Write ECG writelog: WriteLogItem(1554922293094,B,WriteOperation(k,+,1))
[2019-04-10T18:51:33.101][Master] Read ECG writelog
[2019-04-10T18:51:34.918][Master] Write ECG writelog: WriteLogItem(1554922294916,B,WriteOperation(i,+,1))
[2019-04-10T18:51:34.920][Master] Read ECG writelog
[2019-04-10T18:51:42.324][Master] Write ECG writelog: WriteLogItem(1554922302153,F,WriteOperation(i,+,1))
[2019-04-10T18:51:42.431][Master] Read ECG writelog
[2019-04-10T18:51:48.940][Master] Write ECG writelog: WriteLogItem(1554922308672,E,WriteOperation(i,+,1))
[2019-04-10T18:51:49.046][Master] Read ECG writelog
[2019-04-10T18:52:00.516][Master] Write ECG writelog: WriteLogItem(1554922319941,C,WriteOperation(j,+,1))
[2019-04-10T18:52:00.746][Master] Read ECG writelog
[2019-04-10T18:52:11.972][Master] Write ECG writelog: WriteLogItem(1554922331626,C,WriteOperation(i,+,1))
[2019-04-10T18:52:12.202][Master] Read ECG writelog
[2019-04-10T18:52:20.551][Master] Write ECG writelog: WriteLogItem(1554922340286,F,WriteOperation(k,+,1))
[2019-04-10T18:52:20.658][Master] Read ECG writelog
[2019-04-10T18:52:22.665][Master] Write ECG writelog: WriteLogItem(1554922342661,A,WriteOperation(j,+,1))
[2019-04-10T18:52:22.669][Master] Read ECG writelog
[2019-04-10T18:52:27.150][Master] Write ECG writelog: WriteLogItem(1554922346882,E,WriteOperation(i,+,1))
[2019-04-10T18:52:27.257][Master] Read ECG writelog
[2019-04-10T18:52:32.696][Master] Write ECG writelog: WriteLogItem(1554922352693,B,WriteOperation(i,+,1))
[2019-04-10T18:52:32.702][Master] Read ECG writelog
[2019-04-10T18:52:41.012][Master] Write ECG writelog: WriteLogItem(1554922360845,F,WriteOperation(i,+,1))
[2019-04-10T18:52:41.119][Master] Read ECG writelog
[2019-04-10T18:52:49.894][Master] Write ECG writelog: WriteLogItem(1554922369732,E,WriteOperation(j,+,1))
[2019-04-10T18:52:50.001][Master] Read ECG writelog
[2019-04-10T18:52:57.799][Master] Write ECG writelog: WriteLogItem(1554922377224,C,WriteOperation(i,+,1))
[2019-04-10T18:52:58.030][Master] Read ECG writelog
[2019-04-10T18:53:09.349][Master] Write ECG writelog: WriteLogItem(1554922389004,C,WriteOperation(j,+,1))
[2019-04-10T18:53:09.580][Master] Read ECG writelog
[2019-04-10T18:53:15.895][Master] Write ECG writelog: WriteLogItem(1554922395630,E,WriteOperation(i,+,1))
[2019-04-10T18:53:16.002][Master] Read ECG writelog
[2019-04-10T18:53:21.308][Master] Write ECG writelog: WriteLogItem(1554922401301,B,WriteOperation(i,+,1))
[2019-04-10T18:53:21.309][Master] Read ECG writelog
[2019-04-10T18:53:30.829][Master] Write ECG writelog: WriteLogItem(1554922410256,C,WriteOperation(k,+,1))
[2019-04-10T18:53:31.060][Master] Read ECG writelog
[2019-04-10T18:53:34.443][Master] Write ECG writelog: WriteLogItem(1554922414441,B,WriteOperation(i,+,1))
[2019-04-10T18:53:34.445][Master] Read ECG writelog
[2019-04-10T18:53:42.360][Master] Write ECG writelog: WriteLogItem(1554922422200,E,WriteOperation(k,+,1))
[2019-04-10T18:53:42.469][Master] Read ECG writelog
[2019-04-10T18:53:47.021][Master] Write ECG writelog: WriteLogItem(1554922426756,F,WriteOperation(i,+,1))
[2019-04-10T18:53:47.128][Master] Read ECG writelog
[2019-04-10T18:53:56.348][Master] Write ECG writelog: WriteLogItem(1554922435772,D,WriteOperation(k,+,1))
[2019-04-10T18:53:56.580][Master] Read ECG writelog
[2019-04-10T18:54:00.133][Master] Write ECG writelog: WriteLogItem(1554922440129,B,WriteOperation(j,+,1))
[2019-04-10T18:54:00.135][Master] Read ECG writelog
[2019-04-10T18:54:02.751][Master] Write ECG writelog: WriteLogItem(1554922442749,B,WriteOperation(i,+,1))
[2019-04-10T18:54:02.752][Master] Read ECG writelog
[2019-04-10T18:54:09.118][Master] Write ECG writelog: WriteLogItem(1554922448852,E,WriteOperation(i,+,1))
[2019-04-10T18:54:09.225][Master] Read ECG writelog
[2019-04-10T18:54:17.238][Master] Write ECG writelog: WriteLogItem(1554922457079,E,WriteOperation(i,+,1))
[2019-04-10T18:54:17.345][Master] Read ECG writelog
[2019-04-10T18:54:25.960][Master] Write ECG writelog: WriteLogItem(1554922465800,E,WriteOperation(k,+,1))
[2019-04-10T18:54:26.067][Master] Read ECG writelog
[2019-04-10T18:54:30.918][Master] Write ECG writelog: WriteLogItem(1554922470759,E,WriteOperation(k,+,1))
[2019-04-10T18:54:31.025][Master] Read ECG writelog
[2019-04-10T18:54:37.733][Master] Write ECG writelog: WriteLogItem(1554922477157,D,WriteOperation(i,+,1))
[2019-04-10T18:54:37.963][Master] Read ECG writelog
[2019-04-10T18:54:44.530][Master] Write ECG writelog: WriteLogItem(1554922484526,A,WriteOperation(k,+,1))
[2019-04-10T18:54:44.532][Master] Read ECG writelog
[2019-04-10T18:54:47.977][Master] Write ECG writelog: WriteLogItem(1554922487975,A,WriteOperation(k,+,1))
[2019-04-10T18:54:47.979][Master] Read ECG writelog
[2019-04-10T18:54:52.177][Master] Write ECG writelog: WriteLogItem(1554922491912,F,WriteOperation(k,+,1))
[2019-04-10T18:54:52.285][Master] Read ECG writelog
[2019-04-10T18:54:55.964][Master] Write ECG writelog: WriteLogItem(1554922495957,A,WriteOperation(k,+,1))
[2019-04-10T18:54:55.966][Master] Read ECG writelog
[2019-04-10T18:55:00.865][Master] Write ECG writelog: WriteLogItem(1554922500600,E,WriteOperation(k,+,1))
[2019-04-10T18:55:00.972][Master] Read ECG writelog
[2019-04-10T18:55:08.747][Master] Write ECG writelog: WriteLogItem(1554922508172,C,WriteOperation(j,+,1))
[2019-04-10T18:55:08.978][Master] Read ECG writelog
[2019-04-10T18:55:17.073][Master] Write ECG writelog: WriteLogItem(1554922517069,B,WriteOperation(i,+,1))
[2019-04-10T18:55:17.075][Master] Read ECG writelog
[2019-04-10T18:55:55.626][Master] Write ECG writelog: WriteLogItem(1554922555623,A,WriteOperation(i,+,1))
[2019-04-10T18:55:55.629][Master] Read ECG writelog
[2019-04-10T18:56:00.515][Master] Write ECG writelog: WriteLogItem(1554922560506,A,WriteOperation(j,+,1))
[2019-04-10T18:56:00.517][Master] Read ECG writelog
[2019-04-10T18:56:08.344][Master] Write ECG writelog: WriteLogItem(1554922568181,E,WriteOperation(i,+,1))
[2019-04-10T18:56:08.453][Master] Read ECG writelog
[2019-04-10T18:56:16.012][Master] Write ECG writelog: WriteLogItem(1554922575853,E,WriteOperation(i,+,1))
[2019-04-10T18:56:16.119][Master] Read ECG writelog
[2019-04-10T18:56:24.428][Master] Write ECG writelog: WriteLogItem(1554922584161,F,WriteOperation(k,+,1))
[2019-04-10T18:56:24.534][Master] Read ECG writelog
[2019-04-10T18:56:27.726][Master] Write ECG writelog: WriteLogItem(1554922587724,A,WriteOperation(j,+,1))
[2019-04-10T18:56:27.730][Master] Read ECG writelog
[2019-04-10T18:56:36.117][Master] Write ECG writelog: WriteLogItem(1554922595543,D,WriteOperation(k,+,1))
[2019-04-10T18:56:36.347][Master] Read ECG writelog
[2019-04-10T18:56:38.429][Master] Write ECG writelog: WriteLogItem(1554922598425,B,WriteOperation(i,+,1))
[2019-04-10T18:56:38.430][Master] Read ECG writelog
[2019-04-10T18:56:42.697][Master] Write ECG writelog: WriteLogItem(1554922602695,A,WriteOperation(i,+,1))
[2019-04-10T18:56:42.699][Master] Read ECG writelog
[2019-04-10T18:56:46.707][Master] Write ECG writelog: WriteLogItem(1554922606705,A,WriteOperation(i,+,1))
[2019-04-10T18:56:46.710][Master] Read ECG writelog
[2019-04-10T18:56:55.533][Master] Write ECG writelog: WriteLogItem(1554922615187,D,WriteOperation(j,+,1))
[2019-04-10T18:56:55.763][Master] Read ECG writelog
[2019-04-10T18:57:03.663][Master] Write ECG writelog: WriteLogItem(1554922623087,C,WriteOperation(k,+,1))
[2019-04-10T18:57:03.893][Master] Read ECG writelog
[2019-04-10T18:57:11.261][Master] Write ECG writelog: WriteLogItem(1554922630915,C,WriteOperation(k,+,1))
[2019-04-10T18:57:11.492][Master] Read ECG writelog
[2019-04-10T18:57:19.932][Master] Write ECG writelog: WriteLogItem(1554922639586,C,WriteOperation(i,+,1))
[2019-04-10T18:57:20.164][Master] Read ECG writelog
[2019-04-10T18:57:31.732][Master] Write ECG writelog: WriteLogItem(1554922651467,E,WriteOperation(j,+,1))
[2019-04-10T18:57:31.839][Master] Read ECG writelog
[2019-04-10T18:57:38.800][Master] Write ECG writelog: WriteLogItem(1554922658534,F,WriteOperation(j,+,1))
[2019-04-10T18:57:38.908][Master] Read ECG writelog
[2019-04-10T18:57:49.160][Master] Write ECG writelog: WriteLogItem(1554922668584,D,WriteOperation(i,+,1))
[2019-04-10T18:57:49.390][Master] Read ECG writelog
[2019-04-10T18:58:02.268][Master] Write ECG writelog: WriteLogItem(1554922682108,F,WriteOperation(i,+,1))
[2019-04-10T18:58:02.375][Master] Read ECG writelog
[2019-04-10T18:58:09.299][Master] Write ECG writelog: WriteLogItem(1554922689034,E,WriteOperation(j,+,1))
[2019-04-10T18:58:09.405][Master] Read ECG writelog
[2019-04-10T18:58:12.480][Master] Write ECG writelog: WriteLogItem(1554922692476,A,WriteOperation(j,+,1))
[2019-04-10T18:58:12.485][Master] Read ECG writelog
[2019-04-10T18:58:22.362][Master] Write ECG writelog: WriteLogItem(1554922701784,C,WriteOperation(i,+,1))
[2019-04-10T18:58:22.594][Master] Read ECG writelog
[2019-04-10T18:58:30.937][Master] Write ECG writelog: WriteLogItem(1554922710933,A,WriteOperation(i,+,1))
[2019-04-10T18:58:30.939][Master] Read ECG writelog
[2019-04-10T18:58:40.178][Master] Write ECG writelog: WriteLogItem(1554922719831,C,WriteOperation(j,+,1))
[2019-04-10T18:58:40.411][Master] Read ECG writelog
[2019-04-10T18:58:42.655][Master] Write ECG writelog: WriteLogItem(1554922722652,B,WriteOperation(i,+,1))
[2019-04-10T18:58:42.659][Master] Read ECG writelog
[2019-04-10T18:58:51.876][Master] Write ECG writelog: WriteLogItem(1554922731299,D,WriteOperation(k,+,1))
[2019-04-10T18:58:52.107][Master] Read ECG writelog
[2019-04-10T18:59:00.226][Master] Write ECG writelog: WriteLogItem(1554922739879,C,WriteOperation(i,+,1))
[2019-04-10T18:59:00.458][Master] Read ECG writelog
[2019-04-10T18:59:10.974][Master] Write ECG writelog: WriteLogItem(1554922750708,E,WriteOperation(j,+,1))
[2019-04-10T18:59:11.081][Master] Read ECG writelog
[2019-04-10T18:59:21.087][Master] Write ECG writelog: WriteLogItem(1554922760740,D,WriteOperation(i,+,1))
[2019-04-10T18:59:21.318][Master] Read ECG writelog
[2019-04-10T18:59:29.492][Master] Write ECG writelog: WriteLogItem(1554922769488,A,WriteOperation(i,+,1))
[2019-04-10T18:59:29.493][Master] Read ECG writelog
[2019-04-10T18:59:37.270][Master] Write ECG writelog: WriteLogItem(1554922777109,E,WriteOperation(i,+,1))
[2019-04-10T18:59:37.377][Master] Read ECG writelog
[2019-04-10T18:59:47.974][Master] Write ECG writelog: WriteLogItem(1554922787398,D,WriteOperation(k,+,1))
[2019-04-10T18:59:48.205][Master] Read ECG writelog
[2019-04-10T18:59:51.056][Master] Write ECG writelog: WriteLogItem(1554922791052,B,WriteOperation(i,+,1))
[2019-04-10T18:59:51.062][Master] Read ECG writelog
[2019-04-10T18:59:55.574][Master] Write ECG writelog: WriteLogItem(1554922795571,B,WriteOperation(i,+,1))
[2019-04-10T18:59:55.580][Master] Read ECG writelog
[2019-04-10T18:59:59.821][Master] Write ECG writelog: WriteLogItem(1554922799819,A,WriteOperation(k,+,1))
[2019-04-10T18:59:59.823][Master] Read ECG writelog
[2019-04-10T19:00:07.368][Master] Write ECG writelog: WriteLogItem(1554922807021,D,WriteOperation(k,+,1))
[2019-04-10T19:00:07.599][Master] Read ECG writelog
[2019-04-10T19:00:10.453][Master] Write ECG writelog: WriteLogItem(1554922810450,A,WriteOperation(j,+,1))
[2019-04-10T19:00:10.454][Master] Read ECG writelog
[2019-04-10T19:00:17.906][Master] Write ECG writelog: WriteLogItem(1554922817325,C,WriteOperation(k,+,1))
[2019-04-10T19:00:18.137][Master] Read ECG writelog
[2019-04-10T19:00:22.997][Master] Write ECG writelog: WriteLogItem(1554922822730,E,WriteOperation(i,+,1))
[2019-04-10T19:00:23.103][Master] Read ECG writelog
[2019-04-10T19:00:27.993][Master] Write ECG writelog: WriteLogItem(1554922827991,A,WriteOperation(k,+,1))
[2019-04-10T19:00:27.995][Master] Read ECG writelog
[2019-04-10T19:00:35.006][Master] Write ECG writelog: WriteLogItem(1554922834431,D,WriteOperation(j,+,1))
[2019-04-10T19:00:35.239][Master] Read ECG writelog
[2019-04-10T19:00:44.343][Master] Write ECG writelog: WriteLogItem(1554922844077,F,WriteOperation(k,+,1))
[2019-04-10T19:00:44.452][Master] Read ECG writelog
[2019-04-10T19:00:46.603][Master] Write ECG writelog: WriteLogItem(1554922846602,A,WriteOperation(i,+,1))
[2019-04-10T19:00:46.604][Master] Read ECG writelog
[2019-04-10T19:00:51.202][Master] Write ECG writelog: WriteLogItem(1554922851197,A,WriteOperation(i,+,1))
[2019-04-10T19:00:51.204][Master] Read ECG writelog
[2019-04-10T19:01:00.347][Master] Write ECG writelog: WriteLogItem(1554922860001,C,WriteOperation(i,+,1))
[2019-04-10T19:01:00.577][Master] Read ECG writelog
[2019-04-10T19:01:09.031][Master] Write ECG writelog: WriteLogItem(1554922869027,B,WriteOperation(i,+,1))
[2019-04-10T19:01:09.034][Master] Read ECG writelog
[2019-04-10T19:01:17.300][Master] Write ECG writelog: WriteLogItem(1554922876953,C,WriteOperation(i,+,1))
[2019-04-10T19:01:17.531][Master] Read ECG writelog
[2019-04-10T19:01:24.526][Master] Write ECG writelog: WriteLogItem(1554922884522,A,WriteOperation(j,+,1))
[2019-04-10T19:01:24.527][Master] Read ECG writelog
[2019-04-10T19:01:34.095][Master] Write ECG writelog: WriteLogItem(1554922893748,C,WriteOperation(i,+,1))
[2019-04-10T19:01:34.326][Master] Read ECG writelog
[2019-04-10T19:01:47.519][Master] Write ECG writelog: WriteLogItem(1554922906939,D,WriteOperation(j,+,1))
[2019-04-10T19:01:47.754][Master] Read ECG writelog
[2019-04-10T19:01:52.026][Master] Write ECG writelog: WriteLogItem(1554922911760,F,WriteOperation(i,+,1))
[2019-04-10T19:01:52.134][Master] Read ECG writelog
[2019-04-10T19:02:01.491][Master] Write ECG writelog: WriteLogItem(1554922921141,D,WriteOperation(k,+,1))
[2019-04-10T19:02:01.724][Master] Read ECG writelog
[2019-04-10T19:02:05.667][Master] Write ECG writelog: WriteLogItem(1554922925400,E,WriteOperation(k,+,1))
[2019-04-10T19:02:05.774][Master] Read ECG writelog
[2019-04-10T19:02:07.702][Master] Write ECG writelog: WriteLogItem(1554922927699,B,WriteOperation(i,+,1))
[2019-04-10T19:02:07.704][Master] Read ECG writelog
[2019-04-10T19:02:12.200][Master] Write ECG writelog: WriteLogItem(1554922932197,A,WriteOperation(k,+,1))
[2019-04-10T19:02:12.202][Master] Read ECG writelog
[2019-04-10T19:02:15.031][Master] Write ECG writelog: WriteLogItem(1554922935028,A,WriteOperation(i,+,1))
[2019-04-10T19:02:15.033][Master] Read ECG writelog
[2019-04-10T19:02:23.338][Master] Write ECG writelog: WriteLogItem(1554922943068,F,WriteOperation(i,+,1))
[2019-04-10T19:02:23.445][Master] Read ECG writelog
[2019-04-10T19:02:31.024][Master] Write ECG writelog: WriteLogItem(1554922951022,B,WriteOperation(j,+,1))
[2019-04-10T19:02:31.025][Master] Read ECG writelog
[2019-04-10T19:02:37.708][Master] Write ECG writelog: WriteLogItem(1554922957549,F,WriteOperation(i,+,1))
[2019-04-10T19:02:37.818][Master] Read ECG writelog
[2019-04-10T19:02:46.888][Master] Write ECG writelog: WriteLogItem(1554922966313,D,WriteOperation(j,+,1))
[2019-04-10T19:02:47.119][Master] Read ECG writelog
[2019-04-10T19:02:59.269][Master] Write ECG writelog: WriteLogItem(1554922978920,D,WriteOperation(i,+,1))
[2019-04-10T19:02:59.499][Master] Read ECG writelog
[2019-04-10T19:03:10.116][Master] Write ECG writelog: WriteLogItem(1554922989770,D,WriteOperation(i,+,1))
[2019-04-10T19:03:10.346][Master] Read ECG writelog
[2019-04-10T19:03:17.553][Master] Write ECG writelog: WriteLogItem(1554922997550,B,WriteOperation(i,+,1))
[2019-04-10T19:03:17.558][Master] Read ECG writelog
[2019-04-10T19:03:24.591][Master] Write ECG writelog: WriteLogItem(1554923004326,F,WriteOperation(i,+,1))
[2019-04-10T19:03:24.811][Master] Read ECG writelog
[2019-04-10T19:03:32.285][Master] Write ECG writelog: WriteLogItem(1554923012125,F,WriteOperation(k,+,1))
[2019-04-10T19:03:32.391][Master] Read ECG writelog
[2019-04-10T19:03:35.936][Master] Write ECG writelog: WriteLogItem(1554923015934,B,WriteOperation(k,+,1))
[2019-04-10T19:03:35.937][Master] Read ECG writelog
[2019-04-10T19:03:39.839][Master] Write ECG writelog: WriteLogItem(1554923019572,E,WriteOperation(k,+,1))
[2019-04-10T19:03:39.947][Master] Read ECG writelog
[2019-04-10T19:03:47.099][Master] Write ECG writelog: WriteLogItem(1554923026524,D,WriteOperation(i,+,1))
[2019-04-10T19:03:47.331][Master] Read ECG writelog
[2019-04-10T19:03:53.673][Master] Write ECG writelog: WriteLogItem(1554923033671,B,WriteOperation(j,+,1))
[2019-04-10T19:03:53.674][Master] Read ECG writelog
[2019-04-10T19:04:00.907][Master] Write ECG writelog: WriteLogItem(1554923040332,C,WriteOperation(j,+,1))
[2019-04-10T19:04:01.137][Master] Read ECG writelog
[2019-04-10T19:04:09.772][Master] Write ECG writelog: WriteLogItem(1554923049610,E,WriteOperation(k,+,1))
[2019-04-10T19:04:09.879][Master] Read ECG writelog
[2019-04-10T19:04:20.043][Master] Write ECG writelog: WriteLogItem(1554923059697,C,WriteOperation(i,+,1))
[2019-04-10T19:04:20.274][Master] Read ECG writelog
[2019-04-10T19:04:31.434][Master] Write ECG writelog: WriteLogItem(1554923071169,F,WriteOperation(i,+,1))
[2019-04-10T19:04:31.540][Master] Read ECG writelog
[2019-04-10T19:04:36.087][Master] Write ECG writelog: WriteLogItem(1554923076084,B,WriteOperation(k,+,1))
[2019-04-10T19:04:36.088][Master] Read ECG writelog
[2019-04-10T19:04:43.946][Master] Write ECG writelog: WriteLogItem(1554923083371,D,WriteOperation(k,+,1))
[2019-04-10T19:04:44.177][Master] Read ECG writelog
[2019-04-10T19:04:48.280][Master] Write ECG writelog: WriteLogItem(1554923088120,F,WriteOperation(k,+,1))
[2019-04-10T19:04:48.386][Master] Read ECG writelog
[2019-04-10T19:05:25.412][Master] Write ECG writelog: WriteLogItem(1554923125409,B,WriteOperation(j,+,1))
[2019-04-10T19:05:25.420][Master] Read ECG writelog
[2019-04-10T19:05:36.144][Master] Write ECG writelog: WriteLogItem(1554923135561,D,WriteOperation(k,+,1))
[2019-04-10T19:05:36.376][Master] Read ECG writelog
[2019-04-10T19:05:46.899][Master] Write ECG writelog: WriteLogItem(1554923146632,F,WriteOperation(i,+,1))
[2019-04-10T19:05:47.005][Master] Read ECG writelog
[2019-04-10T19:05:54.950][Master] Write ECG writelog: WriteLogItem(1554923154683,E,WriteOperation(i,+,1))
[2019-04-10T19:05:55.057][Master] Read ECG writelog
[2019-04-10T19:06:04.767][Master] Write ECG writelog: WriteLogItem(1554923164607,F,WriteOperation(k,+,1))
[2019-04-10T19:06:04.874][Master] Read ECG writelog
[2019-04-10T19:06:11.316][Master] Write ECG writelog: WriteLogItem(1554923171311,B,WriteOperation(j,+,1))
[2019-04-10T19:06:11.317][Master] Read ECG writelog
[2019-04-10T19:06:17.994][Master] Write ECG writelog: WriteLogItem(1554923177643,D,WriteOperation(i,+,1))
[2019-04-10T19:06:18.226][Master] Read ECG writelog
[2019-04-10T19:06:29.934][Master] Write ECG writelog: WriteLogItem(1554923189360,C,WriteOperation(j,+,1))
[2019-04-10T19:06:30.166][Master] Read ECG writelog
[2019-04-10T19:06:33.932][Master] Write ECG writelog: WriteLogItem(1554923193929,B,WriteOperation(j,+,1))
[2019-04-10T19:06:33.933][Master] Read ECG writelog
[2019-04-10T19:06:43.198][Master] Write ECG writelog: WriteLogItem(1554923202932,F,WriteOperation(k,+,1))
[2019-04-10T19:06:43.304][Master] Read ECG writelog
[2019-04-10T19:06:48.837][Master] Write ECG writelog: WriteLogItem(1554923208676,F,WriteOperation(k,+,1))
[2019-04-10T19:06:48.943][Master] Read ECG writelog
[2019-04-10T19:06:55.769][Master] Write ECG writelog: WriteLogItem(1554923215608,F,WriteOperation(j,+,1))
[2019-04-10T19:06:55.875][Master] Read ECG writelog
[2019-04-10T19:07:01.617][Master] Write ECG writelog: WriteLogItem(1554923221457,F,WriteOperation(k,+,1))
[2019-04-10T19:07:01.723][Master] Read ECG writelog
[2019-04-10T19:07:07.755][Master] Write ECG writelog: WriteLogItem(1554923227487,E,WriteOperation(k,+,1))
[2019-04-10T19:07:07.861][Master] Read ECG writelog
[2019-04-10T19:07:13.119][Master] Write ECG writelog: WriteLogItem(1554923232959,F,WriteOperation(i,+,1))
[2019-04-10T19:07:13.225][Master] Read ECG writelog
[2019-04-10T19:07:23.948][Master] Write ECG writelog: WriteLogItem(1554923243372,D,WriteOperation(k,+,1))
[2019-04-10T19:07:24.178][Master] Read ECG writelog
[2019-04-10T19:07:33.780][Master] Write ECG writelog: WriteLogItem(1554923253205,C,WriteOperation(j,+,1))
[2019-04-10T19:07:34.010][Master] Read ECG writelog
[2019-04-10T19:07:47.713][Master] Write ECG writelog: WriteLogItem(1554923267367,C,WriteOperation(k,+,1))
[2019-04-10T19:07:47.944][Master] Read ECG writelog
[2019-04-10T19:07:53.101][Master] Write ECG writelog: WriteLogItem(1554923272836,F,WriteOperation(j,+,1))
[2019-04-10T19:07:53.208][Master] Read ECG writelog
[2019-04-10T19:08:01.177][Master] Write ECG writelog: WriteLogItem(1554923281017,F,WriteOperation(j,+,1))
[2019-04-10T19:08:01.284][Master] Read ECG writelog
[2019-04-10T19:08:05.764][Master] Write ECG writelog: WriteLogItem(1554923285605,F,WriteOperation(j,+,1))
[2019-04-10T19:08:05.871][Master] Read ECG writelog
[2019-04-10T19:08:14.236][Master] Write ECG writelog: WriteLogItem(1554923293970,E,WriteOperation(k,+,1))
[2019-04-10T19:08:14.344][Master] Read ECG writelog
[2019-04-10T19:08:17.084][Master] Write ECG writelog: WriteLogItem(1554923297081,A,WriteOperation(i,+,1))
[2019-04-10T19:08:17.085][Master] Read ECG writelog
[2019-04-10T19:08:21.105][Master] Write ECG writelog: WriteLogItem(1554923301102,B,WriteOperation(k,+,1))
[2019-04-10T19:08:21.106][Master] Read ECG writelog
[2019-04-10T19:08:23.873][Master] Write ECG writelog: WriteLogItem(1554923303869,A,WriteOperation(j,+,1))
[2019-04-10T19:08:23.874][Master] Read ECG writelog
[2019-04-10T19:08:25.963][Master] Write ECG writelog: WriteLogItem(1554923305962,B,WriteOperation(j,+,1))
[2019-04-10T19:08:25.965][Master] Read ECG writelog
[2019-04-10T19:08:34.622][Master] Write ECG writelog: WriteLogItem(1554923314048,D,WriteOperation(i,+,1))
[2019-04-10T19:08:34.852][Master] Read ECG writelog
[2019-04-10T19:08:45.117][Master] Write ECG writelog: WriteLogItem(1554923324852,E,WriteOperation(k,+,1))
[2019-04-10T19:08:45.223][Master] Read ECG writelog
[2019-04-10T19:08:49.985][Master] Write ECG writelog: WriteLogItem(1554923329826,E,WriteOperation(i,+,1))
[2019-04-10T19:08:50.091][Master] Read ECG writelog
[2019-04-10T19:08:57.163][Master] Write ECG writelog: WriteLogItem(1554923337160,B,WriteOperation(k,+,1))
[2019-04-10T19:08:57.164][Master] Read ECG writelog
[2019-04-10T19:09:00.340][Master] Write ECG writelog: WriteLogItem(1554923340338,B,WriteOperation(k,+,1))
[2019-04-10T19:09:00.341][Master] Read ECG writelog
[2019-04-10T19:09:06.808][Master] Write ECG writelog: WriteLogItem(1554923346648,E,WriteOperation(i,+,1))
[2019-04-10T19:09:06.914][Master] Read ECG writelog
[2019-04-10T19:09:16.401][Master] Write ECG writelog: WriteLogItem(1554923355826,C,WriteOperation(i,+,1))
[2019-04-10T19:09:16.631][Master] Read ECG writelog
[2019-04-10T19:09:26.748][Master] Write ECG writelog: WriteLogItem(1554923366483,F,WriteOperation(i,+,1))
[2019-04-10T19:09:26.855][Master] Read ECG writelog
[2019-04-10T19:09:38.828][Master] Write ECG writelog: WriteLogItem(1554923378251,D,WriteOperation(k,+,1))
[2019-04-10T19:09:39.059][Master] Read ECG writelog
[2019-04-10T19:09:44.205][Master] Write ECG writelog: WriteLogItem(1554923384044,F,WriteOperation(i,+,1))
[2019-04-10T19:09:44.311][Master] Read ECG writelog
[2019-04-10T19:09:55.444][Master] Write ECG writelog: WriteLogItem(1554923394868,C,WriteOperation(k,+,1))
[2019-04-10T19:09:55.674][Master] Read ECG writelog
[2019-04-10T19:10:03.504][Master] Write ECG writelog: WriteLogItem(1554923403156,D,WriteOperation(j,+,1))
[2019-04-10T19:10:03.735][Master] Read ECG writelog
[2019-04-10T19:10:06.486][Master] Write ECG writelog: WriteLogItem(1554923406476,A,WriteOperation(k,+,1))
[2019-04-10T19:10:06.487][Master] Read ECG writelog
[2019-04-10T19:10:13.023][Master] Write ECG writelog: WriteLogItem(1554923412677,C,WriteOperation(k,+,1))
[2019-04-10T19:10:13.253][Master] Read ECG writelog
[2019-04-10T19:10:15.770][Master] Write ECG writelog: WriteLogItem(1554923415767,B,WriteOperation(j,+,1))
[2019-04-10T19:10:15.772][Master] Read ECG writelog
[2019-04-10T19:10:25.823][Master] Write ECG writelog: WriteLogItem(1554923425249,D,WriteOperation(i,+,1))
[2019-04-10T19:10:26.053][Master] Read ECG writelog
[2019-04-10T19:10:35.760][Master] Write ECG writelog: WriteLogItem(1554923435492,E,WriteOperation(j,+,1))
[2019-04-10T19:10:35.866][Master] Read ECG writelog
[2019-04-10T19:10:41.638][Master] Write ECG writelog: WriteLogItem(1554923441479,E,WriteOperation(k,+,1))
[2019-04-10T19:10:41.745][Master] Read ECG writelog
[2019-04-10T19:10:46.870][Master] Write ECG writelog: WriteLogItem(1554923446605,F,WriteOperation(j,+,1))
[2019-04-10T19:10:46.976][Master] Read ECG writelog
[2019-04-10T19:10:54.500][Master] Write ECG writelog: WriteLogItem(1554923454152,C,WriteOperation(i,+,1))
[2019-04-10T19:10:54.732][Master] Read ECG writelog
[2019-04-10T19:11:06.275][Master] Write ECG writelog: WriteLogItem(1554923466116,F,WriteOperation(k,+,1))
[2019-04-10T19:11:06.381][Master] Read ECG writelog
[2019-04-10T19:11:13.273][Master] Write ECG writelog: WriteLogItem(1554923472699,D,WriteOperation(k,+,1))
[2019-04-10T19:11:13.503][Master] Read ECG writelog
[2019-04-10T19:11:16.481][Master] Write ECG writelog: WriteLogItem(1554923476478,A,WriteOperation(i,+,1))
[2019-04-10T19:11:16.482][Master] Read ECG writelog
[2019-04-10T19:11:24.624][Master] Write ECG writelog: WriteLogItem(1554923484359,E,WriteOperation(i,+,1))
[2019-04-10T19:11:24.732][Master] Read ECG writelog
[2019-04-10T19:11:33.109][Master] Write ECG writelog: WriteLogItem(1554923492845,F,WriteOperation(j,+,1))
[2019-04-10T19:11:33.215][Master] Read ECG writelog
[2019-04-10T19:11:42.407][Master] Write ECG writelog: WriteLogItem(1554923502061,D,WriteOperation(i,+,1))
[2019-04-10T19:11:42.637][Master] Read ECG writelog
[2019-04-10T19:11:53.043][Master] Write ECG writelog: WriteLogItem(1554923512883,F,WriteOperation(k,+,1))
[2019-04-10T19:11:53.149][Master] Read ECG writelog
[2019-04-10T19:11:56.108][Master] Write ECG writelog: WriteLogItem(1554923516104,B,WriteOperation(k,+,1))
[2019-04-10T19:11:56.109][Master] Read ECG writelog
[2019-04-10T19:11:59.394][Master] Write ECG writelog: WriteLogItem(1554923519391,A,WriteOperation(i,+,1))
[2019-04-10T19:11:59.395][Master] Read ECG writelog
[2019-04-10T19:12:05.460][Master] Write ECG writelog: WriteLogItem(1554923525458,B,WriteOperation(i,+,1))
[2019-04-10T19:12:05.461][Master] Read ECG writelog
[2019-04-10T19:12:13.160][Master] Write ECG writelog: WriteLogItem(1554923532895,E,WriteOperation(j,+,1))
[2019-04-10T19:12:13.266][Master] Read ECG writelog
[2019-04-10T19:12:22.889][Master] Write ECG writelog: WriteLogItem(1554923542314,D,WriteOperation(i,+,1))
[2019-04-10T19:12:23.120][Master] Read ECG writelog
[2019-04-10T19:12:34.851][Master] Write ECG writelog: WriteLogItem(1554923554276,C,WriteOperation(j,+,1))
[2019-04-10T19:12:35.081][Master] Read ECG writelog
[2019-04-10T19:12:39.952][Master] Write ECG writelog: WriteLogItem(1554923559688,F,WriteOperation(j,+,1))
[2019-04-10T19:12:40.058][Master] Read ECG writelog
[2019-04-10T19:12:46.627][Master] Write ECG writelog: WriteLogItem(1554923566282,C,WriteOperation(k,+,1))
[2019-04-10T19:12:46.858][Master] Read ECG writelog
[2019-04-10T19:12:54.604][Master] Write ECG writelog: WriteLogItem(1554923574259,C,WriteOperation(k,+,1))
[2019-04-10T19:12:54.834][Master] Read ECG writelog
[2019-04-10T19:13:02.902][Master] Write ECG writelog: WriteLogItem(1554923582555,C,WriteOperation(j,+,1))
[2019-04-10T19:13:03.132][Master] Read ECG writelog
[2019-04-10T19:13:10.549][Master] Write ECG writelog: WriteLogItem(1554923590546,A,WriteOperation(i,+,1))
[2019-04-10T19:13:10.554][Master] Read ECG writelog
[2019-04-10T19:13:18.994][Master] Write ECG writelog: WriteLogItem(1554923598729,E,WriteOperation(j,+,1))
[2019-04-10T19:13:19.101][Master] Read ECG writelog
[2019-04-10T19:13:22.566][Master] Write ECG writelog: WriteLogItem(1554923602563,B,WriteOperation(i,+,1))
[2019-04-10T19:13:22.567][Master] Read ECG writelog
[2019-04-10T19:13:27.730][Master] Write ECG writelog: WriteLogItem(1554923607728,A,WriteOperation(j,+,1))
[2019-04-10T19:13:27.731][Master] Read ECG writelog
[2019-04-10T19:13:33.125][Master] Write ECG writelog: WriteLogItem(1554923613123,B,WriteOperation(i,+,1))
[2019-04-10T19:13:33.132][Master] Read ECG writelog
[2019-04-10T19:13:40.954][Master] Write ECG writelog: WriteLogItem(1554923620794,E,WriteOperation(j,+,1))
[2019-04-10T19:13:41.060][Master] Read ECG writelog
[2019-04-10T19:13:50.203][Master] Write ECG writelog: WriteLogItem(1554923629936,F,WriteOperation(i,+,1))
[2019-04-10T19:13:50.309][Master] Read ECG writelog
[2019-04-10T19:14:00.549][Master] Write ECG writelog: WriteLogItem(1554923639972,C,WriteOperation(j,+,1))
[2019-04-10T19:14:00.783][Master] Read ECG writelog
[2019-04-10T19:14:03.559][Master] Write ECG writelog: WriteLogItem(1554923643555,A,WriteOperation(k,+,1))
[2019-04-10T19:14:03.563][Master] Read ECG writelog
[2019-04-10T19:14:08.261][Master] Write ECG writelog: WriteLogItem(1554923647997,E,WriteOperation(k,+,1))
[2019-04-10T19:14:08.367][Master] Read ECG writelog
[2019-04-10T19:14:11.110][Master] Write ECG writelog: WriteLogItem(1554923651108,A,WriteOperation(j,+,1))
[2019-04-10T19:14:11.111][Master] Read ECG writelog
[2019-04-10T19:14:16.660][Master] Write ECG writelog: WriteLogItem(1554923656496,E,WriteOperation(j,+,1))
[2019-04-10T19:14:16.766][Master] Read ECG writelog
[2019-04-10T19:15:00.779][Master] Write ECG writelog: WriteLogItem(1554923700199,D,WriteOperation(j,+,1))
[2019-04-10T19:15:01.011][Master] Read ECG writelog
[2019-04-10T19:15:10.257][Master] Write ECG writelog: WriteLogItem(1554923709992,F,WriteOperation(j,+,1))
[2019-04-10T19:15:10.367][Master] Read ECG writelog
[2019-04-10T19:15:20.552][Master] Write ECG writelog: WriteLogItem(1554923720287,E,WriteOperation(k,+,1))
[2019-04-10T19:15:20.658][Master] Read ECG writelog
[2019-04-10T19:15:25.661][Master] Write ECG writelog: WriteLogItem(1554923725502,E,WriteOperation(j,+,1))
[2019-04-10T19:15:25.767][Master] Read ECG writelog
[2019-04-10T19:15:37.134][Master] Write ECG writelog: WriteLogItem(1554923736558,D,WriteOperation(i,+,1))
[2019-04-10T19:15:37.364][Master] Read ECG writelog
[2019-04-10T19:15:49.373][Master] Write ECG writelog: WriteLogItem(1554923749027,D,WriteOperation(i,+,1))
[2019-04-10T19:15:49.604][Master] Read ECG writelog
[2019-04-10T19:15:55.061][Master] Write ECG writelog: WriteLogItem(1554923755047,B,WriteOperation(i,+,1))
[2019-04-10T19:15:55.062][Master] Read ECG writelog
[2019-04-10T19:16:05.309][Master] Write ECG writelog: WriteLogItem(1554923764735,C,WriteOperation(i,+,1))
[2019-04-10T19:16:05.540][Master] Read ECG writelog
[2019-04-10T19:16:16.998][Master] Write ECG writelog: WriteLogItem(1554923776733,F,WriteOperation(j,+,1))
[2019-04-10T19:16:17.104][Master] Read ECG writelog
[2019-04-10T19:16:25.687][Master] Write ECG writelog: WriteLogItem(1554923785113,D,WriteOperation(k,+,1))
[2019-04-10T19:16:25.917][Master] Read ECG writelog
[2019-04-10T19:16:32.949][Master] Write ECG writelog: WriteLogItem(1554923792603,D,WriteOperation(k,+,1))
[2019-04-10T19:16:33.179][Master] Read ECG writelog
[2019-04-10T19:16:35.575][Master] Write ECG writelog: WriteLogItem(1554923795571,A,WriteOperation(j,+,1))
[2019-04-10T19:16:35.576][Master] Read ECG writelog
[2019-04-10T19:16:39.819][Master] Write ECG writelog: WriteLogItem(1554923799817,A,WriteOperation(i,+,1))
[2019-04-10T19:16:39.820][Master] Read ECG writelog
[2019-04-10T19:16:43.236][Master] Write ECG writelog: WriteLogItem(1554923803234,B,WriteOperation(j,+,1))
[2019-04-10T19:16:43.237][Master] Read ECG writelog
[2019-04-10T19:16:47.070][Master] Write ECG writelog: WriteLogItem(1554923807068,A,WriteOperation(j,+,1))
[2019-04-10T19:16:47.071][Master] Read ECG writelog
[2019-04-10T19:16:55.071][Master] Write ECG writelog: WriteLogItem(1554923814496,C,WriteOperation(k,+,1))
[2019-04-10T19:16:55.301][Master] Read ECG writelog
[2019-04-10T19:17:04.839][Master] Write ECG writelog: WriteLogItem(1554923824573,F,WriteOperation(i,+,1))
[2019-04-10T19:17:04.945][Master] Read ECG writelog
[2019-04-10T19:17:12.127][Master] Write ECG writelog: WriteLogItem(1554923831861,E,WriteOperation(i,+,1))
[2019-04-10T19:17:12.233][Master] Read ECG writelog
[2019-04-10T19:17:16.859][Master] Write ECG writelog: WriteLogItem(1554923836856,A,WriteOperation(k,+,1))
[2019-04-10T19:17:16.860][Master] Read ECG writelog
[2019-04-10T19:17:25.478][Master] Write ECG writelog: WriteLogItem(1554923844900,D,WriteOperation(j,+,1))
[2019-04-10T19:17:25.709][Master] Read ECG writelog
[2019-04-10T19:17:31.722][Master] Write ECG writelog: WriteLogItem(1554923851561,E,WriteOperation(k,+,1))
[2019-04-10T19:17:31.828][Master] Read ECG writelog
[2019-04-10T19:17:38.691][Master] Write ECG writelog: WriteLogItem(1554923858112,C,WriteOperation(k,+,1))
[2019-04-10T19:17:38.923][Master] Read ECG writelog
[2019-04-10T19:17:46.683][Master] Write ECG writelog: WriteLogItem(1554923866337,D,WriteOperation(k,+,1))
[2019-04-10T19:17:46.913][Master] Read ECG writelog
[2019-04-10T19:17:49.158][Master] Write ECG writelog: WriteLogItem(1554923869156,A,WriteOperation(i,+,1))
[2019-04-10T19:17:49.159][Master] Read ECG writelog
[2019-04-10T19:17:58.171][Master] Write ECG writelog: WriteLogItem(1554923877906,F,WriteOperation(j,+,1))
[2019-04-10T19:17:58.279][Master] Read ECG writelog
[2019-04-10T19:18:07.736][Master] Write ECG writelog: WriteLogItem(1554923887389,D,WriteOperation(k,+,1))
[2019-04-10T19:18:07.966][Master] Read ECG writelog
[2019-04-10T19:18:10.454][Master] Write ECG writelog: WriteLogItem(1554923890451,B,WriteOperation(j,+,1))
[2019-04-10T19:18:10.455][Master] Read ECG writelog
[2019-04-10T19:18:18.850][Master] Write ECG writelog: WriteLogItem(1554923898504,D,WriteOperation(i,+,1))
[2019-04-10T19:18:19.080][Master] Read ECG writelog
[2019-04-10T19:18:29.903][Master] Write ECG writelog: WriteLogItem(1554923909639,F,WriteOperation(k,+,1))
[2019-04-10T19:18:30.009][Master] Read ECG writelog
[2019-04-10T19:18:33.543][Master] Write ECG writelog: WriteLogItem(1554923913541,B,WriteOperation(k,+,1))
[2019-04-10T19:18:33.545][Master] Read ECG writelog
[2019-04-10T19:18:41.226][Master] Write ECG writelog: WriteLogItem(1554923920960,E,WriteOperation(i,+,1))
[2019-04-10T19:18:41.333][Master] Read ECG writelog
[2019-04-10T19:18:49.654][Master] Write ECG writelog: WriteLogItem(1554923929495,E,WriteOperation(k,+,1))
[2019-04-10T19:18:49.760][Master] Read ECG writelog
[2019-04-10T19:18:57.335][Master] Write ECG writelog: WriteLogItem(1554923936757,C,WriteOperation(k,+,1))
[2019-04-10T19:18:57.567][Master] Read ECG writelog
[2019-04-10T19:19:03.986][Master] Write ECG writelog: WriteLogItem(1554923943828,E,WriteOperation(j,+,1))
[2019-04-10T19:19:04.092][Master] Read ECG writelog
[2019-04-10T19:19:05.884][Master] Write ECG writelog: WriteLogItem(1554923945881,B,WriteOperation(i,+,1))
[2019-04-10T19:19:05.884][Master] Read ECG writelog
[2019-04-10T19:19:11.492][Master] Write ECG writelog: WriteLogItem(1554923951487,A,WriteOperation(i,+,1))
[2019-04-10T19:19:11.494][Master] Read ECG writelog
[2019-04-10T19:19:15.329][Master] Write ECG writelog: WriteLogItem(1554923955327,B,WriteOperation(k,+,1))
[2019-04-10T19:19:15.330][Master] Read ECG writelog
[2019-04-10T19:19:21.991][Master] Write ECG writelog: WriteLogItem(1554923961643,C,WriteOperation(i,+,1))
[2019-04-10T19:19:22.223][Master] Read ECG writelog
[2019-04-10T19:19:32.410][Master] Write ECG writelog: WriteLogItem(1554923972145,F,WriteOperation(i,+,1))
[2019-04-10T19:19:32.516][Master] Read ECG writelog
[2019-04-10T19:19:40.941][Master] Write ECG writelog: WriteLogItem(1554923980676,E,WriteOperation(i,+,1))
[2019-04-10T19:19:41.047][Master] Read ECG writelog
[2019-04-10T19:19:50.783][Master] Write ECG writelog: WriteLogItem(1554923990207,C,WriteOperation(k,+,1))
[2019-04-10T19:19:51.014][Master] Read ECG writelog
[2019-04-10T19:19:58.810][Master] Write ECG writelog: WriteLogItem(1554923998464,C,WriteOperation(i,+,1))
[2019-04-10T19:19:59.040][Master] Read ECG writelog
[2019-04-10T19:20:06.402][Master] Write ECG writelog: WriteLogItem(1554924006400,A,WriteOperation(i,+,1))
[2019-04-10T19:20:06.403][Master] Read ECG writelog
[2019-04-10T19:20:10.581][Master] Write ECG writelog: WriteLogItem(1554924010579,B,WriteOperation(i,+,1))
[2019-04-10T19:20:10.582][Master] Read ECG writelog
[2019-04-10T19:20:21.185][Master] Write ECG writelog: WriteLogItem(1554924020607,D,WriteOperation(i,+,1))
[2019-04-10T19:20:21.415][Master] Read ECG writelog
[2019-04-10T19:20:31.111][Master] Write ECG writelog: WriteLogItem(1554924030847,F,WriteOperation(i,+,1))
[2019-04-10T19:20:31.217][Master] Read ECG writelog
[2019-04-10T19:20:37.771][Master] Write ECG writelog: WriteLogItem(1554924037612,F,WriteOperation(i,+,1))
[2019-04-10T19:20:37.877][Master] Read ECG writelog
[2019-04-10T19:20:48.524][Master] Write ECG writelog: WriteLogItem(1554924047949,C,WriteOperation(k,+,1))
[2019-04-10T19:20:48.754][Master] Read ECG writelog
[2019-04-10T19:20:52.300][Master] Write ECG writelog: WriteLogItem(1554924052298,A,WriteOperation(i,+,1))
[2019-04-10T19:20:52.301][Master] Read ECG writelog
[2019-04-10T19:20:56.621][Master] Write ECG writelog: WriteLogItem(1554924056618,B,WriteOperation(i,+,1))
[2019-04-10T19:20:56.622][Master] Read ECG writelog
[2019-04-10T19:21:04.608][Master] Write ECG writelog: WriteLogItem(1554924064263,D,WriteOperation(i,+,1))
[2019-04-10T19:21:04.837][Master] Read ECG writelog
[2019-04-10T19:21:16.875][Master] Write ECG writelog: WriteLogItem(1554924076530,D,WriteOperation(i,+,1))
[2019-04-10T19:21:17.104][Master] Read ECG writelog
[2019-04-10T19:21:24.296][Master] Write ECG writelog: WriteLogItem(1554924084293,A,WriteOperation(i,+,1))
[2019-04-10T19:21:24.296][Master] Read ECG writelog
[2019-04-10T19:21:28.125][Master] Write ECG writelog: WriteLogItem(1554924088123,B,WriteOperation(j,+,1))
[2019-04-10T19:21:28.125][Master] Read ECG writelog
[2019-04-10T19:21:34.292][Master] Write ECG writelog: WriteLogItem(1554924094027,E,WriteOperation(j,+,1))
[2019-04-10T19:21:34.398][Master] Read ECG writelog
[2019-04-10T19:21:40.342][Master] Write ECG writelog: WriteLogItem(1554924100340,A,WriteOperation(i,+,1))
[2019-04-10T19:21:40.343][Master] Read ECG writelog
[2019-04-10T19:21:49.614][Master] Write ECG writelog: WriteLogItem(1554924109453,E,WriteOperation(j,+,1))
[2019-04-10T19:21:49.720][Master] Read ECG writelog
[2019-04-10T19:21:55.187][Master] Write ECG writelog: WriteLogItem(1554924115028,E,WriteOperation(i,+,1))
[2019-04-10T19:21:55.293][Master] Read ECG writelog
[2019-04-10T19:22:04.643][Master] Write ECG writelog: WriteLogItem(1554924124378,F,WriteOperation(j,+,1))
[2019-04-10T19:22:04.749][Master] Read ECG writelog
[2019-04-10T19:22:06.843][Master] Write ECG writelog: WriteLogItem(1554924126840,A,WriteOperation(k,+,1))
[2019-04-10T19:22:06.844][Master] Read ECG writelog
[2019-04-10T19:22:12.917][Master] Write ECG writelog: WriteLogItem(1554924132758,E,WriteOperation(k,+,1))
[2019-04-10T19:22:13.023][Master] Read ECG writelog
[2019-04-10T19:22:21.299][Master] Write ECG writelog: WriteLogItem(1554924140723,D,WriteOperation(j,+,1))
[2019-04-10T19:22:21.529][Master] Read ECG writelog
[2019-04-10T19:22:31.704][Master] Write ECG writelog: WriteLogItem(1554924151545,F,WriteOperation(k,+,1))
[2019-04-10T19:22:31.810][Master] Read ECG writelog
[2019-04-10T19:22:34.139][Master] Write ECG writelog: WriteLogItem(1554924154137,A,WriteOperation(j,+,1))
[2019-04-10T19:22:34.140][Master] Read ECG writelog
[2019-04-10T19:22:39.559][Master] Write ECG writelog: WriteLogItem(1554924159553,A,WriteOperation(k,+,1))
[2019-04-10T19:22:39.560][Master] Read ECG writelog
[2019-04-10T19:22:41.799][Master] Write ECG writelog: WriteLogItem(1554924161798,B,WriteOperation(j,+,1))
[2019-04-10T19:22:41.801][Master] Read ECG writelog
[2019-04-10T19:22:49.494][Master] Write ECG writelog: WriteLogItem(1554924169334,F,WriteOperation(i,+,1))
[2019-04-10T19:22:49.599][Master] Read ECG writelog
[2019-04-10T19:22:57.499][Master] Write ECG writelog: WriteLogItem(1554924177497,A,WriteOperation(i,+,1))
[2019-04-10T19:22:57.500][Master] Read ECG writelog
[2019-04-10T19:23:07.086][Master] Write ECG writelog: WriteLogItem(1554924186510,C,WriteOperation(k,+,1))
[2019-04-10T19:23:07.317][Master] Read ECG writelog
[2019-04-10T19:23:15.309][Master] Write ECG writelog: WriteLogItem(1554924194734,D,WriteOperation(j,+,1))
[2019-04-10T19:23:15.539][Master] Read ECG writelog
[2019-04-10T19:23:21.449][Master] Write ECG writelog: WriteLogItem(1554924201184,F,WriteOperation(k,+,1))
[2019-04-10T19:23:21.554][Master] Read ECG writelog
[2019-04-10T19:23:23.963][Master] Write ECG writelog: WriteLogItem(1554924203961,B,WriteOperation(i,+,1))
[2019-04-10T19:23:23.964][Master] Read ECG writelog
[2019-04-10T19:23:32.742][Master] Write ECG writelog: WriteLogItem(1554924212396,D,WriteOperation(j,+,1))
[2019-04-10T19:23:32.972][Master] Read ECG writelog
[2019-04-10T19:23:38.887][Master] Write ECG writelog: WriteLogItem(1554924218885,A,WriteOperation(j,+,1))
[2019-04-10T19:23:38.888][Master] Read ECG writelog
[2019-04-10T19:23:43.331][Master] Write ECG writelog: WriteLogItem(1554924223066,E,WriteOperation(k,+,1))
[2019-04-10T19:23:43.437][Master] Read ECG writelog
[2019-04-10T19:24:27.994][Master] Write ECG writelog: WriteLogItem(1554924267418,D,WriteOperation(i,+,1))
[2019-04-10T19:24:28.226][Master] Read ECG writelog
[2019-04-10T19:24:40.648][Master] Write ECG writelog: WriteLogItem(1554924280301,D,WriteOperation(k,+,1))
[2019-04-10T19:24:40.878][Master] Read ECG writelog
[2019-04-10T19:24:47.317][Master] Write ECG writelog: WriteLogItem(1554924286971,D,WriteOperation(k,+,1))
[2019-04-10T19:24:47.548][Master] Read ECG writelog
[2019-04-10T19:24:53.523][Master] Write ECG writelog: WriteLogItem(1554924293257,F,WriteOperation(j,+,1))
[2019-04-10T19:24:53.631][Master] Read ECG writelog
[2019-04-10T19:25:02.065][Master] Write ECG writelog: WriteLogItem(1554924301904,F,WriteOperation(i,+,1))
[2019-04-10T19:25:02.171][Master] Read ECG writelog
[2019-04-10T19:25:07.719][Master] Write ECG writelog: WriteLogItem(1554924307717,B,WriteOperation(i,+,1))
[2019-04-10T19:25:07.722][Master] Read ECG writelog
[2019-04-10T19:25:15.216][Master] Write ECG writelog: WriteLogItem(1554924315056,F,WriteOperation(i,+,1))
[2019-04-10T19:25:15.323][Master] Read ECG writelog
[2019-04-10T19:25:20.661][Master] Write ECG writelog: WriteLogItem(1554924320659,A,WriteOperation(k,+,1))
[2019-04-10T19:25:20.662][Master] Read ECG writelog
[2019-04-10T19:25:25.246][Master] Write ECG writelog: WriteLogItem(1554924324979,E,WriteOperation(j,+,1))
[2019-04-10T19:25:25.352][Master] Read ECG writelog
[2019-04-10T19:25:36.272][Master] Write ECG writelog: WriteLogItem(1554924335697,C,WriteOperation(j,+,1))
[2019-04-10T19:25:36.502][Master] Read ECG writelog
[2019-04-10T19:25:49.566][Master] Write ECG writelog: WriteLogItem(1554924349222,C,WriteOperation(j,+,1))
[2019-04-10T19:25:49.796][Master] Read ECG writelog
[2019-04-10T19:25:57.760][Master] Write ECG writelog: WriteLogItem(1554924357415,C,WriteOperation(k,+,1))
[2019-04-10T19:25:57.990][Master] Read ECG writelog
[2019-04-10T19:26:02.977][Master] Write ECG writelog: WriteLogItem(1554924362819,F,WriteOperation(i,+,1))
[2019-04-10T19:26:03.083][Master] Read ECG writelog
[2019-04-10T19:26:13.138][Master] Write ECG writelog: WriteLogItem(1554924372794,C,WriteOperation(i,+,1))
[2019-04-10T19:26:13.368][Master] Read ECG writelog
[2019-04-10T19:26:24.263][Master] Write ECG writelog: WriteLogItem(1554924383912,C,WriteOperation(i,+,1))
[2019-04-10T19:26:24.493][Master] Read ECG writelog
[2019-04-10T19:26:34.839][Master] Write ECG writelog: WriteLogItem(1554924394494,C,WriteOperation(i,+,1))
[2019-04-10T19:26:35.069][Master] Read ECG writelog
[2019-04-10T19:26:40.242][Master] Write ECG writelog: WriteLogItem(1554924400239,A,WriteOperation(i,+,1))
[2019-04-10T19:26:40.242][Master] Read ECG writelog
[2019-04-10T19:26:47.121][Master] Write ECG writelog: WriteLogItem(1554924406855,E,WriteOperation(i,+,1))
[2019-04-10T19:26:47.227][Master] Read ECG writelog
[2019-04-10T19:26:56.281][Master] Write ECG writelog: WriteLogItem(1554924415701,C,WriteOperation(i,+,1))
[2019-04-10T19:26:56.513][Master] Read ECG writelog
[2019-04-10T19:27:01.806][Master] Write ECG writelog: WriteLogItem(1554924421804,A,WriteOperation(i,+,1))
[2019-04-10T19:27:01.807][Master] Read ECG writelog
[2019-04-10T19:27:10.375][Master] Write ECG writelog: WriteLogItem(1554924430025,C,WriteOperation(i,+,1))
[2019-04-10T19:27:10.607][Master] Read ECG writelog
[2019-04-10T19:27:22.173][Master] Write ECG writelog: WriteLogItem(1554924441597,D,WriteOperation(j,+,1))
[2019-04-10T19:27:22.403][Master] Read ECG writelog
[2019-04-10T19:27:25.646][Master] Write ECG writelog: WriteLogItem(1554924445643,A,WriteOperation(i,+,1))
[2019-04-10T19:27:25.647][Master] Read ECG writelog
[2019-04-10T19:27:32.096][Master] Write ECG writelog: WriteLogItem(1554924451831,E,WriteOperation(j,+,1))
[2019-04-10T19:27:32.202][Master] Read ECG writelog
[2019-04-10T19:27:34.638][Master] Write ECG writelog: WriteLogItem(1554924454637,A,WriteOperation(i,+,1))
[2019-04-10T19:27:34.639][Master] Read ECG writelog
[2019-04-10T19:27:41.381][Master] Write ECG writelog: WriteLogItem(1554924461113,F,WriteOperation(k,+,1))
[2019-04-10T19:27:41.487][Master] Read ECG writelog
[2019-04-10T19:27:46.234][Master] Write ECG writelog: WriteLogItem(1554924466075,F,WriteOperation(i,+,1))
[2019-04-10T19:27:46.340][Master] Read ECG writelog
[2019-04-10T19:27:52.898][Master] Write ECG writelog: WriteLogItem(1554924472896,A,WriteOperation(k,+,1))
[2019-04-10T19:27:52.898][Master] Read ECG writelog
[2019-04-10T19:27:55.138][Master] Write ECG writelog: WriteLogItem(1554924475137,A,WriteOperation(k,+,1))
[2019-04-10T19:27:55.139][Master] Read ECG writelog
[2019-04-10T19:28:01.281][Master] Write ECG writelog: WriteLogItem(1554924480707,C,WriteOperation(i,+,1))
[2019-04-10T19:28:01.511][Master] Read ECG writelog
[2019-04-10T19:28:10.318][Master] Write ECG writelog: WriteLogItem(1554924490315,B,WriteOperation(j,+,1))
[2019-04-10T19:28:10.318][Master] Read ECG writelog
[2019-04-10T19:28:14.979][Master] Write ECG writelog: WriteLogItem(1554924494714,E,WriteOperation(i,+,1))
[2019-04-10T19:28:15.085][Master] Read ECG writelog
[2019-04-10T19:28:24.217][Master] Write ECG writelog: WriteLogItem(1554924503641,D,WriteOperation(i,+,1))
[2019-04-10T19:28:24.447][Master] Read ECG writelog
[2019-04-10T19:28:34.698][Master] Write ECG writelog: WriteLogItem(1554924514432,F,WriteOperation(k,+,1))
[2019-04-10T19:28:34.804][Master] Read ECG writelog
[2019-04-10T19:28:39.859][Master] Write ECG writelog: WriteLogItem(1554924519852,A,WriteOperation(j,+,1))
[2019-04-10T19:28:39.860][Master] Read ECG writelog
[2019-04-10T19:28:47.658][Master] Write ECG writelog: WriteLogItem(1554924527393,E,WriteOperation(k,+,1))
[2019-04-10T19:28:47.764][Master] Read ECG writelog
[2019-04-10T19:28:52.063][Master] Write ECG writelog: WriteLogItem(1554924531905,E,WriteOperation(k,+,1))
[2019-04-10T19:28:52.169][Master] Read ECG writelog
[2019-04-10T19:28:55.893][Master] Write ECG writelog: WriteLogItem(1554924535891,B,WriteOperation(k,+,1))
[2019-04-10T19:28:55.894][Master] Read ECG writelog
[2019-04-10T19:29:01.177][Master] Write ECG writelog: WriteLogItem(1554924541017,E,WriteOperation(k,+,1))
[2019-04-10T19:29:01.283][Master] Read ECG writelog
[2019-04-10T19:29:03.724][Master] Write ECG writelog: WriteLogItem(1554924543722,A,WriteOperation(j,+,1))
[2019-04-10T19:29:03.725][Master] Read ECG writelog
[2019-04-10T19:29:10.238][Master] Write ECG writelog: WriteLogItem(1554924549662,C,WriteOperation(k,+,1))
[2019-04-10T19:29:10.469][Master] Read ECG writelog
[2019-04-10T19:29:12.711][Master] Write ECG writelog: WriteLogItem(1554924552710,B,WriteOperation(j,+,1))
[2019-04-10T19:29:12.712][Master] Read ECG writelog
[2019-04-10T19:29:16.388][Master] Write ECG writelog: WriteLogItem(1554924556387,B,WriteOperation(k,+,1))
[2019-04-10T19:29:16.390][Master] Read ECG writelog
[2019-04-10T19:29:22.207][Master] Write ECG writelog: WriteLogItem(1554924561861,C,WriteOperation(j,+,1))
[2019-04-10T19:29:22.438][Master] Read ECG writelog
[2019-04-10T19:29:30.797][Master] Write ECG writelog: WriteLogItem(1554924570796,B,WriteOperation(j,+,1))
[2019-04-10T19:29:30.798][Master] Read ECG writelog
[2019-04-10T19:29:35.172][Master] Write ECG writelog: WriteLogItem(1554924574907,F,WriteOperation(k,+,1))
[2019-04-10T19:29:35.278][Master] Read ECG writelog
[2019-04-10T19:29:41.335][Master] Write ECG writelog: WriteLogItem(1554924581175,F,WriteOperation(i,+,1))
[2019-04-10T19:29:41.441][Master] Read ECG writelog
[2019-04-10T19:29:46.908][Master] Write ECG writelog: WriteLogItem(1554924586906,A,WriteOperation(i,+,1))
[2019-04-10T19:29:46.911][Master] Read ECG writelog
[2019-04-10T19:29:56.181][Master] Write ECG writelog: WriteLogItem(1554924595600,D,WriteOperation(i,+,1))
[2019-04-10T19:29:56.412][Master] Read ECG writelog
[2019-04-10T19:30:08.862][Master] Write ECG writelog: WriteLogItem(1554924608287,C,WriteOperation(i,+,1))
[2019-04-10T19:30:09.094][Master] Read ECG writelog
[2019-04-10T19:30:18.031][Master] Write ECG writelog: WriteLogItem(1554924617766,F,WriteOperation(j,+,1))
[2019-04-10T19:30:18.137][Master] Read ECG writelog
[2019-04-10T19:30:20.908][Master] Write ECG writelog: WriteLogItem(1554924620906,A,WriteOperation(j,+,1))
[2019-04-10T19:30:20.909][Master] Read ECG writelog
[2019-04-10T19:30:28.172][Master] Write ECG writelog: WriteLogItem(1554924628011,F,WriteOperation(i,+,1))
[2019-04-10T19:30:28.278][Master] Read ECG writelog
[2019-04-10T19:30:36.713][Master] Write ECG writelog: WriteLogItem(1554924636449,E,WriteOperation(j,+,1))
[2019-04-10T19:30:36.820][Master] Read ECG writelog
[2019-04-10T19:30:44.036][Master] Write ECG writelog: WriteLogItem(1554924644030,B,WriteOperation(i,+,1))
[2019-04-10T19:30:44.036][Master] Read ECG writelog
[2019-04-10T19:30:51.872][Master] Write ECG writelog: WriteLogItem(1554924651713,E,WriteOperation(i,+,1))
[2019-04-10T19:30:51.978][Master] Read ECG writelog
[2019-04-10T19:30:55.777][Master] Write ECG writelog: WriteLogItem(1554924655775,A,WriteOperation(i,+,1))
[2019-04-10T19:30:55.778][Master] Read ECG writelog
[2019-04-10T19:31:01.299][Master] Write ECG writelog: WriteLogItem(1554924661297,B,WriteOperation(i,+,1))
[2019-04-10T19:31:01.300][Master] Read ECG writelog
[2019-04-10T19:31:06.717][Master] Write ECG writelog: WriteLogItem(1554924666557,F,WriteOperation(k,+,1))
[2019-04-10T19:31:06.822][Master] Read ECG writelog
[2019-04-10T19:31:14.218][Master] Write ECG writelog: WriteLogItem(1554924673644,C,WriteOperation(k,+,1))
[2019-04-10T19:31:14.448][Master] Read ECG writelog
[2019-04-10T19:31:18.332][Master] Write ECG writelog: WriteLogItem(1554924678330,A,WriteOperation(i,+,1))
[2019-04-10T19:31:18.333][Master] Read ECG writelog
[2019-04-10T19:31:22.894][Master] Write ECG writelog: WriteLogItem(1554924682893,A,WriteOperation(i,+,1))
[2019-04-10T19:31:22.895][Master] Read ECG writelog
[2019-04-10T19:31:31.472][Master] Write ECG writelog: WriteLogItem(1554924691127,C,WriteOperation(i,+,1))
[2019-04-10T19:31:31.702][Master] Read ECG writelog
[2019-04-10T19:31:38.841][Master] Write ECG writelog: WriteLogItem(1554924698840,A,WriteOperation(i,+,1))
[2019-04-10T19:31:38.842][Master] Read ECG writelog
[2019-04-10T19:31:48.804][Master] Write ECG writelog: WriteLogItem(1554924708457,C,WriteOperation(j,+,1))
[2019-04-10T19:31:49.033][Master] Read ECG writelog
[2019-04-10T19:31:53.004][Master] Write ECG writelog: WriteLogItem(1554924713002,A,WriteOperation(i,+,1))
[2019-04-10T19:31:53.005][Master] Read ECG writelog
[2019-04-10T19:31:59.537][Master] Write ECG writelog: WriteLogItem(1554924719272,E,WriteOperation(k,+,1))
[2019-04-10T19:31:59.643][Master] Read ECG writelog
[2019-04-10T19:32:07.460][Master] Write ECG writelog: WriteLogItem(1554924726884,D,WriteOperation(j,+,1))
[2019-04-10T19:32:07.689][Master] Read ECG writelog
[2019-04-10T19:32:18.591][Master] Write ECG writelog: WriteLogItem(1554924738247,D,WriteOperation(k,+,1))
[2019-04-10T19:32:18.821][Master] Read ECG writelog
[2019-04-10T19:32:29.165][Master] Write ECG writelog: WriteLogItem(1554924749006,E,WriteOperation(k,+,1))
[2019-04-10T19:32:29.271][Master] Read ECG writelog
[2019-04-10T19:32:32.663][Master] Write ECG writelog: WriteLogItem(1554924752660,A,WriteOperation(j,+,1))
[2019-04-10T19:32:32.665][Master] Read ECG writelog
[2019-04-10T19:32:39.790][Master] Write ECG writelog: WriteLogItem(1554924759216,D,WriteOperation(i,+,1))
[2019-04-10T19:32:40.020][Master] Read ECG writelog
[2019-04-10T19:32:45.718][Master] Write ECG writelog: WriteLogItem(1554924765711,A,WriteOperation(j,+,1))
[2019-04-10T19:32:45.720][Master] Read ECG writelog
[2019-04-10T19:32:54.987][Master] Write ECG writelog: WriteLogItem(1554924774412,C,WriteOperation(k,+,1))
[2019-04-10T19:32:55.217][Master] Read ECG writelog
[2019-04-10T19:32:57.725][Master] Write ECG writelog: WriteLogItem(1554924777723,B,WriteOperation(j,+,1))
[2019-04-10T19:32:57.726][Master] Read ECG writelog
/home/sven/.sdkman/candidates/scala/current/bin/scala: line 21: 14157 Killed                  "$@"
