Starting...
=> Created registry
=> Bind ECG history
RMI Registry started!
Use Crtl+C to stop the server
[2019-04-09T21:22:01.556][Master] Registered ReplicaA
[2019-04-09T21:22:01.679][Master] Registered //10.156.0.2/ReplicaA
[2019-04-09T21:22:01.914][Master] Registered ReplicaB
[2019-04-09T21:22:01.962][Master] Registered //10.156.0.2/ReplicaB
[2019-04-09T21:22:05.580][Master] Registered ReplicaC
[2019-04-09T21:22:06.549][Master] Registered //10.156.0.2/ReplicaC
[2019-04-09T21:22:09.185][Master] Registered ReplicaD
[2019-04-09T21:22:10.143][Master] Registered //10.156.0.2/ReplicaD
[2019-04-09T21:22:10.456][Master] Registered ReplicaE
[2019-04-09T21:22:10.918][Master] Registered //10.156.0.2/ReplicaE
[2019-04-09T21:22:12.692][Master] Registered ReplicaF
[2019-04-09T21:22:13.153][Master] Registered //10.156.0.2/ReplicaF
[2019-04-09T21:22:17.523][Master] Write ECG writelog: WriteLogItem(1554844937507,A,WriteOperation(x,+,1))
[2019-04-09T21:22:17.526][Master] Read ECG writelog
[2019-04-09T21:22:19.729][Master] Write ECG writelog: WriteLogItem(1554844939727,A,WriteOperation(y,+,1))
[2019-04-09T21:22:19.731][Master] Read ECG writelog
[2019-04-09T21:22:21.624][Master] Write ECG writelog: WriteLogItem(1554844941618,A,WriteOperation(y,+,1))
[2019-04-09T21:22:21.626][Master] Read ECG writelog
[2019-04-09T21:22:24.005][Master] Write ECG writelog: WriteLogItem(1554844944002,A,WriteOperation(x,+,1))
[2019-04-09T21:22:24.008][Master] Read ECG writelog
[2019-04-09T21:22:25.897][Master] Write ECG writelog: WriteLogItem(1554844945894,A,WriteOperation(z,+,1))
[2019-04-09T21:22:25.898][Master] Read ECG writelog
[2019-04-09T21:22:28.156][Master] Write ECG writelog: WriteLogItem(1554844948146,A,WriteOperation(y,+,1))
[2019-04-09T21:22:28.158][Master] Read ECG writelog
[2019-04-09T21:22:29.759][Master] Write ECG writelog: WriteLogItem(1554844949755,A,WriteOperation(z,+,1))
[2019-04-09T21:22:29.764][Master] Read ECG writelog
[2019-04-09T21:22:31.839][Master] Write ECG writelog: WriteLogItem(1554844951837,A,WriteOperation(y,+,1))
[2019-04-09T21:22:31.844][Master] Read ECG writelog
[2019-04-09T21:22:34.399][Master] Write ECG writelog: WriteLogItem(1554844954397,A,WriteOperation(x,+,1))
[2019-04-09T21:22:34.402][Master] Read ECG writelog
[2019-04-09T21:22:39.764][Master] Write ECG writelog: WriteLogItem(1554844959757,A,WriteOperation(y,+,1))
[2019-04-09T21:22:39.771][Master] Read ECG writelog
[2019-04-09T21:22:41.877][Master] Write ECG writelog: WriteLogItem(1554844961875,A,WriteOperation(x,+,1))
[2019-04-09T21:22:41.879][Master] Read ECG writelog
[2019-04-09T21:22:43.728][Master] Write ECG writelog: WriteLogItem(1554844963722,A,WriteOperation(x,+,1))
[2019-04-09T21:22:43.734][Master] Read ECG writelog
[2019-04-09T21:22:45.393][Master] Write ECG writelog: WriteLogItem(1554844965391,A,WriteOperation(z,+,1))
[2019-04-09T21:22:45.396][Master] Read ECG writelog
[2019-04-09T21:22:47.052][Master] Write ECG writelog: WriteLogItem(1554844967049,A,WriteOperation(z,+,1))
[2019-04-09T21:22:47.056][Master] Read ECG writelog
[2019-04-09T21:22:49.118][Master] Write ECG writelog: WriteLogItem(1554844969117,A,WriteOperation(z,+,1))
[2019-04-09T21:22:49.122][Master] Read ECG writelog
[2019-04-09T21:22:51.076][Master] Write ECG writelog: WriteLogItem(1554844971073,A,WriteOperation(x,+,1))
[2019-04-09T21:22:51.078][Master] Read ECG writelog
[2019-04-09T21:22:55.042][Master] Write ECG writelog: WriteLogItem(1554844975041,A,WriteOperation(y,+,1))
[2019-04-09T21:22:55.045][Master] Read ECG writelog
[2019-04-09T21:22:57.459][Master] Write ECG writelog: WriteLogItem(1554844977457,A,WriteOperation(x,+,1))
[2019-04-09T21:22:57.463][Master] Read ECG writelog
[2019-04-09T21:22:59.623][Master] Write ECG writelog: WriteLogItem(1554844979621,A,WriteOperation(z,+,1))
[2019-04-09T21:22:59.625][Master] Read ECG writelog
[2019-04-09T21:23:01.355][Master] Write ECG writelog: WriteLogItem(1554844981353,A,WriteOperation(y,+,1))
[2019-04-09T21:23:01.357][Master] Read ECG writelog
[2019-04-09T21:23:03.080][Master] Write ECG writelog: WriteLogItem(1554844983078,A,WriteOperation(z,+,1))
[2019-04-09T21:23:03.083][Master] Read ECG writelog
[2019-04-09T21:23:05.279][Master] Write ECG writelog: WriteLogItem(1554844985275,A,WriteOperation(y,+,1))
[2019-04-09T21:23:05.280][Master] Read ECG writelog
[2019-04-09T21:23:07.677][Master] Write ECG writelog: WriteLogItem(1554844987675,A,WriteOperation(y,+,1))
[2019-04-09T21:23:07.679][Master] Read ECG writelog
[2019-04-09T21:23:09.547][Master] Write ECG writelog: WriteLogItem(1554844989545,A,WriteOperation(x,+,1))
[2019-04-09T21:23:09.550][Master] Read ECG writelog
[2019-04-09T21:23:11.215][Master] Write ECG writelog: WriteLogItem(1554844991212,A,WriteOperation(y,+,1))
[2019-04-09T21:23:11.217][Master] Read ECG writelog
[2019-04-09T21:23:14.172][Master] Write ECG writelog: WriteLogItem(1554844994170,A,WriteOperation(z,+,1))
[2019-04-09T21:23:14.174][Master] Read ECG writelog
[2019-04-09T21:23:16.074][Master] Write ECG writelog: WriteLogItem(1554844996073,A,WriteOperation(x,+,1))
[2019-04-09T21:23:16.077][Master] Read ECG writelog
[2019-04-09T21:23:20.205][Master] Write ECG writelog: WriteLogItem(1554845000201,A,WriteOperation(y,+,1))
[2019-04-09T21:23:20.206][Master] Read ECG writelog
[2019-04-09T21:23:21.707][Master] Write ECG writelog: WriteLogItem(1554845001705,A,WriteOperation(z,+,1))
[2019-04-09T21:23:21.709][Master] Read ECG writelog
[2019-04-09T21:23:23.223][Master] Write ECG writelog: WriteLogItem(1554845003221,A,WriteOperation(x,+,1))
[2019-04-09T21:23:23.226][Master] Read ECG writelog
[2019-04-09T21:23:24.720][Master] Write ECG writelog: WriteLogItem(1554845004717,A,WriteOperation(z,+,1))
[2019-04-09T21:23:24.721][Master] Read ECG writelog
[2019-04-09T21:23:26.959][Master] Write ECG writelog: WriteLogItem(1554845006958,A,WriteOperation(y,+,1))
[2019-04-09T21:23:26.961][Master] Read ECG writelog
[2019-04-09T21:23:28.757][Master] Write ECG writelog: WriteLogItem(1554845008755,A,WriteOperation(z,+,1))
[2019-04-09T21:23:28.760][Master] Read ECG writelog
[2019-04-09T21:23:30.588][Master] Write ECG writelog: WriteLogItem(1554845010585,A,WriteOperation(x,+,1))
[2019-04-09T21:23:30.590][Master] Read ECG writelog
[2019-04-09T21:23:32.291][Master] Write ECG writelog: WriteLogItem(1554845012289,A,WriteOperation(z,+,1))
[2019-04-09T21:23:32.294][Master] Read ECG writelog
[2019-04-09T21:23:34.124][Master] Write ECG writelog: WriteLogItem(1554845014122,A,WriteOperation(z,+,1))
[2019-04-09T21:23:34.126][Master] Read ECG writelog
[2019-04-09T21:23:36.137][Master] Write ECG writelog: WriteLogItem(1554845016135,A,WriteOperation(z,+,1))
[2019-04-09T21:23:36.138][Master] Read ECG writelog
[2019-04-09T21:23:40.591][Master] Write ECG writelog: WriteLogItem(1554845020589,A,WriteOperation(x,+,1))
[2019-04-09T21:23:40.593][Master] Read ECG writelog
[2019-04-09T21:23:43.932][Master] Write ECG writelog: WriteLogItem(1554845023930,A,WriteOperation(y,+,1))
[2019-04-09T21:23:43.936][Master] Read ECG writelog
[2019-04-09T21:23:46.135][Master] Write ECG writelog: WriteLogItem(1554845026130,A,WriteOperation(z,+,1))
[2019-04-09T21:23:46.137][Master] Read ECG writelog
[2019-04-09T21:23:48.191][Master] Write ECG writelog: WriteLogItem(1554845028190,A,WriteOperation(y,+,1))
[2019-04-09T21:23:48.193][Master] Read ECG writelog
[2019-04-09T21:23:50.507][Master] Write ECG writelog: WriteLogItem(1554845030505,A,WriteOperation(x,+,1))
[2019-04-09T21:23:50.510][Master] Read ECG writelog
[2019-04-09T21:23:52.794][Master] Write ECG writelog: WriteLogItem(1554845032792,A,WriteOperation(y,+,1))
[2019-04-09T21:23:52.796][Master] Read ECG writelog
[2019-04-09T21:23:56.040][Master] Write ECG writelog: WriteLogItem(1554845036038,A,WriteOperation(x,+,1))
[2019-04-09T21:23:56.042][Master] Read ECG writelog
[2019-04-09T21:23:58.393][Master] Write ECG writelog: WriteLogItem(1554845038391,A,WriteOperation(x,+,1))
[2019-04-09T21:23:58.394][Master] Read ECG writelog
[2019-04-09T21:24:01.738][Master] Write ECG writelog: WriteLogItem(1554845041736,A,WriteOperation(x,+,1))
[2019-04-09T21:24:01.739][Master] Read ECG writelog
[2019-04-09T21:24:03.668][Master] Write ECG writelog: WriteLogItem(1554845043664,A,WriteOperation(x,+,1))
[2019-04-09T21:24:03.671][Master] Read ECG writelog
[2019-04-09T21:24:05.575][Master] Write ECG writelog: WriteLogItem(1554845045573,A,WriteOperation(y,+,1))
[2019-04-09T21:24:05.577][Master] Read ECG writelog
[2019-04-09T21:24:07.311][Master] Write ECG writelog: WriteLogItem(1554845047306,A,WriteOperation(x,+,1))
[2019-04-09T21:24:07.312][Master] Read ECG writelog
[2019-04-09T21:24:10.534][Master] Write ECG writelog: WriteLogItem(1554845050532,A,WriteOperation(x,+,1))
[2019-04-09T21:24:10.536][Master] Read ECG writelog
[2019-04-09T21:24:12.417][Master] Write ECG writelog: WriteLogItem(1554845052415,A,WriteOperation(z,+,1))
[2019-04-09T21:24:12.418][Master] Read ECG writelog
[2019-04-09T21:24:14.643][Master] Write ECG writelog: WriteLogItem(1554845054641,A,WriteOperation(x,+,1))
[2019-04-09T21:24:14.644][Master] Read ECG writelog
[2019-04-09T21:24:17.031][Master] Write ECG writelog: WriteLogItem(1554845057029,A,WriteOperation(y,+,1))
[2019-04-09T21:24:17.032][Master] Read ECG writelog
[2019-04-09T21:24:18.850][Master] Write ECG writelog: WriteLogItem(1554845058849,A,WriteOperation(y,+,1))
[2019-04-09T21:24:18.852][Master] Read ECG writelog
[2019-04-09T21:24:21.195][Master] Write ECG writelog: WriteLogItem(1554845061193,A,WriteOperation(y,+,1))
[2019-04-09T21:24:21.196][Master] Read ECG writelog
[2019-04-09T21:24:23.019][Master] Write ECG writelog: WriteLogItem(1554845063016,A,WriteOperation(y,+,1))
[2019-04-09T21:24:23.020][Master] Read ECG writelog
[2019-04-09T21:24:26.670][Master] Write ECG writelog: WriteLogItem(1554845066669,A,WriteOperation(y,+,1))
[2019-04-09T21:24:26.673][Master] Read ECG writelog
[2019-04-09T21:24:28.345][Master] Write ECG writelog: WriteLogItem(1554845068340,A,WriteOperation(z,+,1))
[2019-04-09T21:24:28.346][Master] Read ECG writelog
[2019-04-09T21:24:29.994][Master] Write ECG writelog: WriteLogItem(1554845069993,A,WriteOperation(x,+,1))
[2019-04-09T21:24:29.997][Master] Read ECG writelog
[2019-04-09T21:24:34.383][Master] Write ECG writelog: WriteLogItem(1554845074382,A,WriteOperation(y,+,1))
[2019-04-09T21:24:34.385][Master] Read ECG writelog
[2019-04-09T21:24:36.467][Master] Write ECG writelog: WriteLogItem(1554845076465,A,WriteOperation(z,+,1))
[2019-04-09T21:24:36.471][Master] Read ECG writelog
[2019-04-09T21:24:38.132][Master] Write ECG writelog: WriteLogItem(1554845078130,A,WriteOperation(y,+,1))
[2019-04-09T21:24:38.133][Master] Read ECG writelog
[2019-04-09T21:24:39.800][Master] Write ECG writelog: WriteLogItem(1554845079799,A,WriteOperation(z,+,1))
[2019-04-09T21:24:39.803][Master] Read ECG writelog
[2019-04-09T21:24:41.988][Master] Write ECG writelog: WriteLogItem(1554845081986,A,WriteOperation(x,+,1))
[2019-04-09T21:24:41.989][Master] Read ECG writelog
[2019-04-09T21:24:43.980][Master] Write ECG writelog: WriteLogItem(1554845083978,A,WriteOperation(z,+,1))
[2019-04-09T21:24:43.981][Master] Read ECG writelog
[2019-04-09T21:24:46.246][Master] Write ECG writelog: WriteLogItem(1554845086245,A,WriteOperation(y,+,1))
[2019-04-09T21:24:46.247][Master] Read ECG writelog
[2019-04-09T21:24:48.160][Master] Write ECG writelog: WriteLogItem(1554845088158,A,WriteOperation(y,+,1))
[2019-04-09T21:24:48.161][Master] Read ECG writelog
[2019-04-09T21:24:51.151][Master] Write ECG writelog: WriteLogItem(1554845091149,A,WriteOperation(x,+,1))
[2019-04-09T21:24:51.154][Master] Read ECG writelog
[2019-04-09T21:24:53.310][Master] Write ECG writelog: WriteLogItem(1554845093308,A,WriteOperation(z,+,1))
[2019-04-09T21:24:53.312][Master] Read ECG writelog
[2019-04-09T21:24:55.054][Master] Write ECG writelog: WriteLogItem(1554845095052,A,WriteOperation(z,+,1))
[2019-04-09T21:24:55.057][Master] Read ECG writelog
[2019-04-09T21:24:57.315][Master] Write ECG writelog: WriteLogItem(1554845097313,A,WriteOperation(x,+,1))
[2019-04-09T21:24:57.319][Master] Read ECG writelog
[2019-04-09T21:25:00.872][Master] Write ECG writelog: WriteLogItem(1554845100869,A,WriteOperation(z,+,1))
[2019-04-09T21:25:00.873][Master] Read ECG writelog
[2019-04-09T21:25:02.907][Master] Write ECG writelog: WriteLogItem(1554845102906,A,WriteOperation(y,+,1))
[2019-04-09T21:25:02.909][Master] Read ECG writelog
[2019-04-09T21:25:05.024][Master] Write ECG writelog: WriteLogItem(1554845105022,A,WriteOperation(y,+,1))
[2019-04-09T21:25:05.026][Master] Read ECG writelog
[2019-04-09T21:25:06.599][Master] Write ECG writelog: WriteLogItem(1554845106598,A,WriteOperation(z,+,1))
[2019-04-09T21:25:06.600][Master] Read ECG writelog
[2019-04-09T21:25:41.950][Master] Write ECG writelog: WriteLogItem(1554845141947,A,WriteOperation(y,+,1))
[2019-04-09T21:25:41.956][Master] Read ECG writelog
[2019-04-09T21:25:43.730][Master] Write ECG writelog: WriteLogItem(1554845143728,A,WriteOperation(z,+,1))
[2019-04-09T21:25:43.732][Master] Read ECG writelog
[2019-04-09T21:25:45.427][Master] Write ECG writelog: WriteLogItem(1554845145426,A,WriteOperation(z,+,1))
[2019-04-09T21:25:45.429][Master] Read ECG writelog
[2019-04-09T21:25:47.518][Master] Write ECG writelog: WriteLogItem(1554845147517,A,WriteOperation(z,+,1))
[2019-04-09T21:25:47.520][Master] Read ECG writelog
[2019-04-09T21:25:49.527][Master] Write ECG writelog: WriteLogItem(1554845149525,A,WriteOperation(y,+,1))
[2019-04-09T21:25:49.528][Master] Read ECG writelog
[2019-04-09T21:25:51.349][Master] Write ECG writelog: WriteLogItem(1554845151347,A,WriteOperation(z,+,1))
[2019-04-09T21:25:51.350][Master] Read ECG writelog
[2019-04-09T21:25:53.695][Master] Write ECG writelog: WriteLogItem(1554845153691,A,WriteOperation(z,+,1))
[2019-04-09T21:25:53.699][Master] Read ECG writelog
[2019-04-09T21:25:55.248][Master] Write ECG writelog: WriteLogItem(1554845155247,A,WriteOperation(z,+,1))
[2019-04-09T21:25:55.250][Master] Read ECG writelog
[2019-04-09T21:25:57.436][Master] Write ECG writelog: WriteLogItem(1554845157435,A,WriteOperation(x,+,1))
[2019-04-09T21:25:57.439][Master] Read ECG writelog
[2019-04-09T21:25:59.637][Master] Write ECG writelog: WriteLogItem(1554845159635,A,WriteOperation(y,+,1))
[2019-04-09T21:25:59.638][Master] Read ECG writelog
[2019-04-09T21:26:03.669][Master] Write ECG writelog: WriteLogItem(1554845163668,A,WriteOperation(x,+,1))
[2019-04-09T21:26:03.671][Master] Read ECG writelog
[2019-04-09T21:26:05.465][Master] Write ECG writelog: WriteLogItem(1554845165464,A,WriteOperation(z,+,1))
[2019-04-09T21:26:05.468][Master] Read ECG writelog
[2019-04-09T21:26:07.800][Master] Write ECG writelog: WriteLogItem(1554845167798,A,WriteOperation(x,+,1))
[2019-04-09T21:26:07.802][Master] Read ECG writelog
[2019-04-09T21:26:11.261][Master] Write ECG writelog: WriteLogItem(1554845171260,A,WriteOperation(y,+,1))
[2019-04-09T21:26:11.262][Master] Read ECG writelog
[2019-04-09T21:26:12.766][Master] Write ECG writelog: WriteLogItem(1554845172765,A,WriteOperation(y,+,1))
[2019-04-09T21:26:12.767][Master] Read ECG writelog
[2019-04-09T21:26:14.510][Master] Write ECG writelog: WriteLogItem(1554845174509,A,WriteOperation(z,+,1))
[2019-04-09T21:26:14.513][Master] Read ECG writelog
[2019-04-09T21:26:16.829][Master] Write ECG writelog: WriteLogItem(1554845176827,A,WriteOperation(y,+,1))
[2019-04-09T21:26:16.830][Master] Read ECG writelog
[2019-04-09T21:26:18.384][Master] Write ECG writelog: WriteLogItem(1554845178382,A,WriteOperation(x,+,1))
[2019-04-09T21:26:18.385][Master] Read ECG writelog
[2019-04-09T21:26:20.029][Master] Write ECG writelog: WriteLogItem(1554845180028,A,WriteOperation(x,+,1))
[2019-04-09T21:26:20.030][Master] Read ECG writelog
[2019-04-09T21:26:22.453][Master] Write ECG writelog: WriteLogItem(1554845182451,A,WriteOperation(z,+,1))
[2019-04-09T21:26:22.460][Master] Read ECG writelog
[2019-04-09T21:26:24.084][Master] Write ECG writelog: WriteLogItem(1554845184083,A,WriteOperation(x,+,1))
[2019-04-09T21:26:24.086][Master] Read ECG writelog
[2019-04-09T21:26:27.807][Master] Write ECG writelog: WriteLogItem(1554845187805,A,WriteOperation(z,+,1))
[2019-04-09T21:26:27.808][Master] Read ECG writelog
[2019-04-09T21:26:30.878][Master] Write ECG writelog: WriteLogItem(1554845190876,A,WriteOperation(y,+,1))
[2019-04-09T21:26:30.879][Master] Read ECG writelog
[2019-04-09T21:26:33.294][Master] Write ECG writelog: WriteLogItem(1554845193293,A,WriteOperation(x,+,1))
[2019-04-09T21:26:33.299][Master] Read ECG writelog
[2019-04-09T21:26:34.738][Master] Write ECG writelog: WriteLogItem(1554845194737,A,WriteOperation(z,+,1))
[2019-04-09T21:26:34.741][Master] Read ECG writelog
[2019-04-09T21:26:36.894][Master] Write ECG writelog: WriteLogItem(1554845196892,A,WriteOperation(y,+,1))
[2019-04-09T21:26:36.895][Master] Read ECG writelog
[2019-04-09T21:26:40.733][Master] Write ECG writelog: WriteLogItem(1554845200732,A,WriteOperation(x,+,1))
[2019-04-09T21:26:40.735][Master] Read ECG writelog
[2019-04-09T21:26:42.248][Master] Write ECG writelog: WriteLogItem(1554845202245,A,WriteOperation(y,+,1))
[2019-04-09T21:26:42.252][Master] Read ECG writelog
[2019-04-09T21:26:44.968][Master] Write ECG writelog: WriteLogItem(1554845204967,A,WriteOperation(x,+,1))
[2019-04-09T21:26:44.973][Master] Read ECG writelog
[2019-04-09T21:26:48.117][Master] Write ECG writelog: WriteLogItem(1554845208116,A,WriteOperation(y,+,1))
[2019-04-09T21:26:48.118][Master] Read ECG writelog
[2019-04-09T21:26:50.394][Master] Write ECG writelog: WriteLogItem(1554845210392,A,WriteOperation(x,+,1))
[2019-04-09T21:26:50.394][Master] Read ECG writelog
[2019-04-09T21:26:52.582][Master] Write ECG writelog: WriteLogItem(1554845212581,A,WriteOperation(x,+,1))
[2019-04-09T21:26:52.583][Master] Read ECG writelog
[2019-04-09T21:26:54.706][Master] Write ECG writelog: WriteLogItem(1554845214704,A,WriteOperation(x,+,1))
[2019-04-09T21:26:54.708][Master] Read ECG writelog
[2019-04-09T21:26:57.678][Master] Write ECG writelog: WriteLogItem(1554845217677,A,WriteOperation(x,+,1))
[2019-04-09T21:26:57.679][Master] Read ECG writelog
[2019-04-09T21:26:59.973][Master] Write ECG writelog: WriteLogItem(1554845219972,A,WriteOperation(z,+,1))
[2019-04-09T21:26:59.975][Master] Read ECG writelog
[2019-04-09T21:27:01.732][Master] Write ECG writelog: WriteLogItem(1554845221731,A,WriteOperation(z,+,1))
[2019-04-09T21:27:01.733][Master] Read ECG writelog
[2019-04-09T21:27:03.972][Master] Write ECG writelog: WriteLogItem(1554845223968,A,WriteOperation(y,+,1))
[2019-04-09T21:27:03.973][Master] Read ECG writelog
[2019-04-09T21:27:05.944][Master] Write ECG writelog: WriteLogItem(1554845225940,A,WriteOperation(z,+,1))
[2019-04-09T21:27:05.945][Master] Read ECG writelog
[2019-04-09T21:27:08.028][Master] Write ECG writelog: WriteLogItem(1554845228026,A,WriteOperation(z,+,1))
[2019-04-09T21:27:08.029][Master] Read ECG writelog
[2019-04-09T21:27:10.269][Master] Write ECG writelog: WriteLogItem(1554845230268,A,WriteOperation(y,+,1))
[2019-04-09T21:27:10.270][Master] Read ECG writelog
[2019-04-09T21:27:11.975][Master] Write ECG writelog: WriteLogItem(1554845231974,A,WriteOperation(y,+,1))
[2019-04-09T21:27:11.976][Master] Read ECG writelog
[2019-04-09T21:27:16.353][Master] Write ECG writelog: WriteLogItem(1554845236351,A,WriteOperation(z,+,1))
[2019-04-09T21:27:16.354][Master] Read ECG writelog
[2019-04-09T21:27:17.920][Master] Write ECG writelog: WriteLogItem(1554845237918,A,WriteOperation(y,+,1))
[2019-04-09T21:27:17.920][Master] Read ECG writelog
[2019-04-09T21:27:20.308][Master] Write ECG writelog: WriteLogItem(1554845240307,A,WriteOperation(x,+,1))
[2019-04-09T21:27:20.309][Master] Read ECG writelog
[2019-04-09T21:27:22.650][Master] Write ECG writelog: WriteLogItem(1554845242648,A,WriteOperation(x,+,1))
[2019-04-09T21:27:22.656][Master] Read ECG writelog
[2019-04-09T21:27:25.634][Master] Write ECG writelog: WriteLogItem(1554845245633,A,WriteOperation(x,+,1))
[2019-04-09T21:27:25.636][Master] Read ECG writelog
[2019-04-09T21:27:27.589][Master] Write ECG writelog: WriteLogItem(1554845247587,A,WriteOperation(z,+,1))
[2019-04-09T21:27:27.591][Master] Read ECG writelog
[2019-04-09T21:27:29.817][Master] Write ECG writelog: WriteLogItem(1554845249815,A,WriteOperation(y,+,1))
[2019-04-09T21:27:29.818][Master] Read ECG writelog
[2019-04-09T21:27:31.725][Master] Write ECG writelog: WriteLogItem(1554845251720,A,WriteOperation(z,+,1))
[2019-04-09T21:27:31.726][Master] Read ECG writelog
[2019-04-09T21:27:33.400][Master] Write ECG writelog: WriteLogItem(1554845253398,A,WriteOperation(y,+,1))
[2019-04-09T21:27:33.401][Master] Read ECG writelog
[2019-04-09T21:27:34.857][Master] Write ECG writelog: WriteLogItem(1554845254855,A,WriteOperation(x,+,1))
[2019-04-09T21:27:34.858][Master] Read ECG writelog
[2019-04-09T21:27:36.908][Master] Write ECG writelog: WriteLogItem(1554845256906,A,WriteOperation(y,+,1))
[2019-04-09T21:27:36.909][Master] Read ECG writelog
[2019-04-09T21:27:39.217][Master] Write ECG writelog: WriteLogItem(1554845259216,A,WriteOperation(y,+,1))
[2019-04-09T21:27:39.219][Master] Read ECG writelog
[2019-04-09T21:27:42.533][Master] Write ECG writelog: WriteLogItem(1554845262532,A,WriteOperation(z,+,1))
[2019-04-09T21:27:42.535][Master] Read ECG writelog
[2019-04-09T21:27:44.923][Master] Write ECG writelog: WriteLogItem(1554845264921,A,WriteOperation(z,+,1))
[2019-04-09T21:27:44.926][Master] Read ECG writelog
[2019-04-09T21:27:47.840][Master] Write ECG writelog: WriteLogItem(1554845267839,A,WriteOperation(z,+,1))
[2019-04-09T21:27:47.841][Master] Read ECG writelog
[2019-04-09T21:27:49.719][Master] Write ECG writelog: WriteLogItem(1554845269718,A,WriteOperation(x,+,1))
[2019-04-09T21:27:49.721][Master] Read ECG writelog
[2019-04-09T21:27:53.478][Master] Write ECG writelog: WriteLogItem(1554845273476,A,WriteOperation(y,+,1))
[2019-04-09T21:27:53.479][Master] Read ECG writelog
[2019-04-09T21:27:55.243][Master] Write ECG writelog: WriteLogItem(1554845275241,A,WriteOperation(y,+,1))
[2019-04-09T21:27:55.244][Master] Read ECG writelog
[2019-04-09T21:27:57.103][Master] Write ECG writelog: WriteLogItem(1554845277102,A,WriteOperation(y,+,1))
[2019-04-09T21:27:57.104][Master] Read ECG writelog
[2019-04-09T21:27:58.635][Master] Write ECG writelog: WriteLogItem(1554845278634,A,WriteOperation(z,+,1))
[2019-04-09T21:27:58.637][Master] Read ECG writelog
[2019-04-09T21:28:00.603][Master] Write ECG writelog: WriteLogItem(1554845280602,A,WriteOperation(x,+,1))
[2019-04-09T21:28:00.607][Master] Read ECG writelog
[2019-04-09T21:28:02.822][Master] Write ECG writelog: WriteLogItem(1554845282820,A,WriteOperation(x,+,1))
[2019-04-09T21:28:02.823][Master] Read ECG writelog
[2019-04-09T21:28:04.543][Master] Write ECG writelog: WriteLogItem(1554845284542,A,WriteOperation(z,+,1))
[2019-04-09T21:28:04.544][Master] Read ECG writelog
[2019-04-09T21:28:06.737][Master] Write ECG writelog: WriteLogItem(1554845286736,A,WriteOperation(x,+,1))
[2019-04-09T21:28:06.738][Master] Read ECG writelog
[2019-04-09T21:28:10.366][Master] Write ECG writelog: WriteLogItem(1554845290365,A,WriteOperation(x,+,1))
[2019-04-09T21:28:10.367][Master] Read ECG writelog
[2019-04-09T21:28:12.102][Master] Write ECG writelog: WriteLogItem(1554845292101,A,WriteOperation(y,+,1))
[2019-04-09T21:28:12.103][Master] Read ECG writelog
[2019-04-09T21:28:14.249][Master] Write ECG writelog: WriteLogItem(1554845294247,A,WriteOperation(y,+,1))
[2019-04-09T21:28:14.250][Master] Read ECG writelog
[2019-04-09T21:28:18.903][Master] Write ECG writelog: WriteLogItem(1554845298902,A,WriteOperation(y,+,1))
[2019-04-09T21:28:18.905][Master] Read ECG writelog
[2019-04-09T21:28:20.764][Master] Write ECG writelog: WriteLogItem(1554845300763,A,WriteOperation(x,+,1))
[2019-04-09T21:28:20.766][Master] Read ECG writelog
[2019-04-09T21:28:23.245][Master] Write ECG writelog: WriteLogItem(1554845303243,A,WriteOperation(x,+,1))
[2019-04-09T21:28:23.246][Master] Read ECG writelog
[2019-04-09T21:28:26.101][Master] Write ECG writelog: WriteLogItem(1554845306100,A,WriteOperation(y,+,1))
[2019-04-09T21:28:26.102][Master] Read ECG writelog
[2019-04-09T21:28:27.992][Master] Write ECG writelog: WriteLogItem(1554845307990,A,WriteOperation(z,+,1))
[2019-04-09T21:28:27.993][Master] Read ECG writelog
[2019-04-09T21:28:30.360][Master] Write ECG writelog: WriteLogItem(1554845310358,A,WriteOperation(x,+,1))
[2019-04-09T21:28:30.361][Master] Read ECG writelog
[2019-04-09T21:28:32.217][Master] Write ECG writelog: WriteLogItem(1554845312216,A,WriteOperation(x,+,1))
[2019-04-09T21:28:32.218][Master] Read ECG writelog
[2019-04-09T21:29:07.988][Master] Write ECG writelog: WriteLogItem(1554845347985,A,WriteOperation(y,+,1))
[2019-04-09T21:29:07.988][Master] Read ECG writelog
[2019-04-09T21:29:10.409][Master] Write ECG writelog: WriteLogItem(1554845350408,A,WriteOperation(y,+,1))
[2019-04-09T21:29:10.412][Master] Read ECG writelog
[2019-04-09T21:29:11.974][Master] Write ECG writelog: WriteLogItem(1554845351973,A,WriteOperation(z,+,1))
[2019-04-09T21:29:11.975][Master] Read ECG writelog
[2019-04-09T21:29:13.691][Master] Write ECG writelog: WriteLogItem(1554845353690,A,WriteOperation(y,+,1))
[2019-04-09T21:29:13.692][Master] Read ECG writelog
[2019-04-09T21:29:17.832][Master] Write ECG writelog: WriteLogItem(1554845357831,A,WriteOperation(x,+,1))
[2019-04-09T21:29:17.833][Master] Read ECG writelog
[2019-04-09T21:29:20.780][Master] Write ECG writelog: WriteLogItem(1554845360778,A,WriteOperation(x,+,1))
[2019-04-09T21:29:20.781][Master] Read ECG writelog
[2019-04-09T21:29:22.878][Master] Write ECG writelog: WriteLogItem(1554845362877,A,WriteOperation(y,+,1))
[2019-04-09T21:29:22.880][Master] Read ECG writelog
[2019-04-09T21:29:25.301][Master] Write ECG writelog: WriteLogItem(1554845365300,A,WriteOperation(y,+,1))
[2019-04-09T21:29:25.302][Master] Read ECG writelog
[2019-04-09T21:29:26.968][Master] Write ECG writelog: WriteLogItem(1554845366967,A,WriteOperation(z,+,1))
[2019-04-09T21:29:26.972][Master] Read ECG writelog
[2019-04-09T21:29:29.229][Master] Write ECG writelog: WriteLogItem(1554845369227,A,WriteOperation(y,+,1))
[2019-04-09T21:29:29.232][Master] Read ECG writelog
[2019-04-09T21:29:31.340][Master] Write ECG writelog: WriteLogItem(1554845371338,A,WriteOperation(x,+,1))
[2019-04-09T21:29:31.341][Master] Read ECG writelog
[2019-04-09T21:29:33.280][Master] Write ECG writelog: WriteLogItem(1554845373279,A,WriteOperation(y,+,1))
[2019-04-09T21:29:33.281][Master] Read ECG writelog
[2019-04-09T21:29:35.579][Master] Write ECG writelog: WriteLogItem(1554845375575,A,WriteOperation(y,+,1))
[2019-04-09T21:29:35.580][Master] Read ECG writelog
[2019-04-09T21:29:39.125][Master] Write ECG writelog: WriteLogItem(1554845379124,A,WriteOperation(z,+,1))
[2019-04-09T21:29:39.126][Master] Read ECG writelog
[2019-04-09T21:29:41.381][Master] Write ECG writelog: WriteLogItem(1554845381380,A,WriteOperation(z,+,1))
[2019-04-09T21:29:41.382][Master] Read ECG writelog
[2019-04-09T21:29:42.857][Master] Write ECG writelog: WriteLogItem(1554845382856,A,WriteOperation(z,+,1))
[2019-04-09T21:29:42.858][Master] Read ECG writelog
[2019-04-09T21:29:45.327][Master] Write ECG writelog: WriteLogItem(1554845385325,A,WriteOperation(y,+,1))
[2019-04-09T21:29:45.327][Master] Read ECG writelog
[2019-04-09T21:29:47.200][Master] Write ECG writelog: WriteLogItem(1554845387199,A,WriteOperation(x,+,1))
[2019-04-09T21:29:47.203][Master] Read ECG writelog
[2019-04-09T21:29:50.312][Master] Write ECG writelog: WriteLogItem(1554845390311,A,WriteOperation(y,+,1))
[2019-04-09T21:29:50.313][Master] Read ECG writelog
[2019-04-09T21:29:52.807][Master] Write ECG writelog: WriteLogItem(1554845392806,A,WriteOperation(y,+,1))
[2019-04-09T21:29:52.808][Master] Read ECG writelog
[2019-04-09T21:29:54.452][Master] Write ECG writelog: WriteLogItem(1554845394451,A,WriteOperation(x,+,1))
[2019-04-09T21:29:54.454][Master] Read ECG writelog
[2019-04-09T21:29:56.621][Master] Write ECG writelog: WriteLogItem(1554845396619,A,WriteOperation(y,+,1))
[2019-04-09T21:29:56.621][Master] Read ECG writelog
[2019-04-09T21:29:58.418][Master] Write ECG writelog: WriteLogItem(1554845398416,A,WriteOperation(z,+,1))
[2019-04-09T21:29:58.418][Master] Read ECG writelog
[2019-04-09T21:30:03.127][Master] Write ECG writelog: WriteLogItem(1554845403125,A,WriteOperation(x,+,1))
[2019-04-09T21:30:03.128][Master] Read ECG writelog
[2019-04-09T21:30:05.384][Master] Write ECG writelog: WriteLogItem(1554845405382,A,WriteOperation(x,+,1))
[2019-04-09T21:30:05.386][Master] Read ECG writelog
[2019-04-09T21:30:09.179][Master] Write ECG writelog: WriteLogItem(1554845409177,A,WriteOperation(x,+,1))
[2019-04-09T21:30:09.182][Master] Read ECG writelog
[2019-04-09T21:30:11.139][Master] Write ECG writelog: WriteLogItem(1554845411138,A,WriteOperation(y,+,1))
[2019-04-09T21:30:11.142][Master] Read ECG writelog
[2019-04-09T21:30:14.875][Master] Write ECG writelog: WriteLogItem(1554845414873,A,WriteOperation(x,+,1))
[2019-04-09T21:30:14.875][Master] Read ECG writelog
[2019-04-09T21:30:16.469][Master] Write ECG writelog: WriteLogItem(1554845416467,A,WriteOperation(x,+,1))
[2019-04-09T21:30:16.470][Master] Read ECG writelog
[2019-04-09T21:30:19.941][Master] Write ECG writelog: WriteLogItem(1554845419940,A,WriteOperation(y,+,1))
[2019-04-09T21:30:19.948][Master] Read ECG writelog
[2019-04-09T21:30:21.501][Master] Write ECG writelog: WriteLogItem(1554845421500,A,WriteOperation(z,+,1))
[2019-04-09T21:30:21.503][Master] Read ECG writelog
[2019-04-09T21:30:23.782][Master] Write ECG writelog: WriteLogItem(1554845423780,A,WriteOperation(z,+,1))
[2019-04-09T21:30:23.782][Master] Read ECG writelog
[2019-04-09T21:30:25.253][Master] Write ECG writelog: WriteLogItem(1554845425252,A,WriteOperation(x,+,1))
[2019-04-09T21:30:25.254][Master] Read ECG writelog
[2019-04-09T21:30:27.425][Master] Write ECG writelog: WriteLogItem(1554845427424,A,WriteOperation(z,+,1))
[2019-04-09T21:30:27.427][Master] Read ECG writelog
[2019-04-09T21:30:29.116][Master] Write ECG writelog: WriteLogItem(1554845429112,A,WriteOperation(x,+,1))
[2019-04-09T21:30:29.117][Master] Read ECG writelog
[2019-04-09T21:30:30.706][Master] Write ECG writelog: WriteLogItem(1554845430705,A,WriteOperation(y,+,1))
[2019-04-09T21:30:30.707][Master] Read ECG writelog
[2019-04-09T21:30:32.767][Master] Write ECG writelog: WriteLogItem(1554845432766,A,WriteOperation(x,+,1))
[2019-04-09T21:30:32.768][Master] Read ECG writelog
[2019-04-09T21:30:36.141][Master] Write ECG writelog: WriteLogItem(1554845436140,A,WriteOperation(z,+,1))
[2019-04-09T21:30:36.143][Master] Read ECG writelog
[2019-04-09T21:30:38.245][Master] Write ECG writelog: WriteLogItem(1554845438244,A,WriteOperation(y,+,1))
[2019-04-09T21:30:38.255][Master] Read ECG writelog
[2019-04-09T21:30:40.369][Master] Write ECG writelog: WriteLogItem(1554845440368,A,WriteOperation(x,+,1))
[2019-04-09T21:30:40.370][Master] Read ECG writelog
[2019-04-09T21:30:42.412][Master] Write ECG writelog: WriteLogItem(1554845442410,A,WriteOperation(x,+,1))
[2019-04-09T21:30:42.414][Master] Read ECG writelog
[2019-04-09T21:30:44.425][Master] Write ECG writelog: WriteLogItem(1554845444424,A,WriteOperation(y,+,1))
[2019-04-09T21:30:44.428][Master] Read ECG writelog
[2019-04-09T21:30:46.610][Master] Write ECG writelog: WriteLogItem(1554845446609,A,WriteOperation(x,+,1))
[2019-04-09T21:30:46.611][Master] Read ECG writelog
[2019-04-09T21:30:51.795][Master] Write ECG writelog: WriteLogItem(1554845451793,A,WriteOperation(z,+,1))
[2019-04-09T21:30:51.799][Master] Read ECG writelog
[2019-04-09T21:30:54.139][Master] Write ECG writelog: WriteLogItem(1554845454138,A,WriteOperation(y,+,1))
[2019-04-09T21:30:54.140][Master] Read ECG writelog
[2019-04-09T21:30:57.620][Master] Write ECG writelog: WriteLogItem(1554845457619,A,WriteOperation(z,+,1))
[2019-04-09T21:30:57.621][Master] Read ECG writelog
[2019-04-09T21:31:00.020][Master] Write ECG writelog: WriteLogItem(1554845460019,A,WriteOperation(x,+,1))
[2019-04-09T21:31:00.021][Master] Read ECG writelog
[2019-04-09T21:31:01.912][Master] Write ECG writelog: WriteLogItem(1554845461911,A,WriteOperation(y,+,1))
[2019-04-09T21:31:01.913][Master] Read ECG writelog
[2019-04-09T21:31:03.499][Master] Write ECG writelog: WriteLogItem(1554845463498,A,WriteOperation(x,+,1))
[2019-04-09T21:31:03.500][Master] Read ECG writelog
[2019-04-09T21:31:05.054][Master] Write ECG writelog: WriteLogItem(1554845465053,A,WriteOperation(x,+,1))
[2019-04-09T21:31:05.055][Master] Read ECG writelog
[2019-04-09T21:31:08.865][Master] Write ECG writelog: WriteLogItem(1554845468864,A,WriteOperation(z,+,1))
[2019-04-09T21:31:08.866][Master] Read ECG writelog
[2019-04-09T21:31:10.554][Master] Write ECG writelog: WriteLogItem(1554845470553,A,WriteOperation(x,+,1))
[2019-04-09T21:31:10.555][Master] Read ECG writelog
[2019-04-09T21:31:12.650][Master] Write ECG writelog: WriteLogItem(1554845472649,A,WriteOperation(x,+,1))
[2019-04-09T21:31:12.651][Master] Read ECG writelog
[2019-04-09T21:31:14.777][Master] Write ECG writelog: WriteLogItem(1554845474776,A,WriteOperation(x,+,1))
[2019-04-09T21:31:14.778][Master] Read ECG writelog
[2019-04-09T21:31:18.453][Master] Write ECG writelog: WriteLogItem(1554845478452,A,WriteOperation(y,+,1))
[2019-04-09T21:31:18.454][Master] Read ECG writelog
[2019-04-09T21:31:20.042][Master] Write ECG writelog: WriteLogItem(1554845480041,A,WriteOperation(x,+,1))
[2019-04-09T21:31:20.043][Master] Read ECG writelog
[2019-04-09T21:31:21.594][Master] Write ECG writelog: WriteLogItem(1554845481593,A,WriteOperation(y,+,1))
[2019-04-09T21:31:21.595][Master] Read ECG writelog
[2019-04-09T21:31:23.845][Master] Write ECG writelog: WriteLogItem(1554845483844,A,WriteOperation(x,+,1))
[2019-04-09T21:31:23.846][Master] Read ECG writelog
[2019-04-09T21:31:26.289][Master] Write ECG writelog: WriteLogItem(1554845486288,A,WriteOperation(y,+,1))
[2019-04-09T21:31:26.290][Master] Read ECG writelog
[2019-04-09T21:31:28.507][Master] Write ECG writelog: WriteLogItem(1554845488506,A,WriteOperation(y,+,1))
[2019-04-09T21:31:28.508][Master] Read ECG writelog
[2019-04-09T21:31:31.770][Master] Write ECG writelog: WriteLogItem(1554845491769,A,WriteOperation(y,+,1))
[2019-04-09T21:31:31.771][Master] Read ECG writelog
[2019-04-09T21:31:33.688][Master] Write ECG writelog: WriteLogItem(1554845493687,A,WriteOperation(z,+,1))
[2019-04-09T21:31:33.689][Master] Read ECG writelog
[2019-04-09T21:31:35.419][Master] Write ECG writelog: WriteLogItem(1554845495418,A,WriteOperation(x,+,1))
[2019-04-09T21:31:35.420][Master] Read ECG writelog
[2019-04-09T21:31:38.760][Master] Write ECG writelog: WriteLogItem(1554845498759,A,WriteOperation(x,+,1))
[2019-04-09T21:31:38.761][Master] Read ECG writelog
[2019-04-09T21:31:40.883][Master] Write ECG writelog: WriteLogItem(1554845500881,A,WriteOperation(y,+,1))
[2019-04-09T21:31:40.883][Master] Read ECG writelog
[2019-04-09T21:31:43.286][Master] Write ECG writelog: WriteLogItem(1554845503284,A,WriteOperation(z,+,1))
[2019-04-09T21:31:43.287][Master] Read ECG writelog
[2019-04-09T21:31:45.065][Master] Write ECG writelog: WriteLogItem(1554845505064,A,WriteOperation(x,+,1))
[2019-04-09T21:31:45.066][Master] Read ECG writelog
[2019-04-09T21:31:46.753][Master] Write ECG writelog: WriteLogItem(1554845506751,A,WriteOperation(y,+,1))
[2019-04-09T21:31:46.756][Master] Read ECG writelog
[2019-04-09T21:31:48.859][Master] Write ECG writelog: WriteLogItem(1554845508858,A,WriteOperation(y,+,1))
[2019-04-09T21:31:48.863][Master] Read ECG writelog
[2019-04-09T21:31:50.962][Master] Write ECG writelog: WriteLogItem(1554845510960,A,WriteOperation(z,+,1))
[2019-04-09T21:31:50.963][Master] Read ECG writelog
[2019-04-09T21:31:55.310][Master] Write ECG writelog: WriteLogItem(1554845515309,A,WriteOperation(z,+,1))
[2019-04-09T21:31:55.311][Master] Read ECG writelog
[2019-04-09T21:31:57.257][Master] Write ECG writelog: WriteLogItem(1554845517255,A,WriteOperation(z,+,1))
[2019-04-09T21:31:57.258][Master] Read ECG writelog
[2019-04-09T21:31:59.500][Master] Write ECG writelog: WriteLogItem(1554845519499,A,WriteOperation(y,+,1))
[2019-04-09T21:31:59.501][Master] Read ECG writelog
[2019-04-09T21:32:03.298][Master] Write ECG writelog: WriteLogItem(1554845523297,A,WriteOperation(z,+,1))
[2019-04-09T21:32:03.299][Master] Read ECG writelog
[2019-04-09T21:32:04.761][Master] Write ECG writelog: WriteLogItem(1554845524760,A,WriteOperation(z,+,1))
[2019-04-09T21:32:04.767][Master] Read ECG writelog
[2019-04-09T21:32:39.467][Master] Write ECG writelog: WriteLogItem(1554845559465,A,WriteOperation(y,+,1))
[2019-04-09T21:32:39.468][Master] Read ECG writelog
[2019-04-09T21:32:41.309][Master] Write ECG writelog: WriteLogItem(1554845561308,A,WriteOperation(z,+,1))
[2019-04-09T21:32:41.310][Master] Read ECG writelog
[2019-04-09T21:32:42.813][Master] Write ECG writelog: WriteLogItem(1554845562812,A,WriteOperation(x,+,1))
[2019-04-09T21:32:42.814][Master] Read ECG writelog
[2019-04-09T21:32:46.672][Master] Write ECG writelog: WriteLogItem(1554845566670,A,WriteOperation(x,+,1))
[2019-04-09T21:32:46.673][Master] Read ECG writelog
[2019-04-09T21:32:49.089][Master] Write ECG writelog: WriteLogItem(1554845569088,A,WriteOperation(x,+,1))
[2019-04-09T21:32:49.093][Master] Read ECG writelog
[2019-04-09T21:32:51.557][Master] Write ECG writelog: WriteLogItem(1554845571556,A,WriteOperation(z,+,1))
[2019-04-09T21:32:51.558][Master] Read ECG writelog
[2019-04-09T21:32:53.769][Master] Write ECG writelog: WriteLogItem(1554845573768,A,WriteOperation(z,+,1))
[2019-04-09T21:32:53.770][Master] Read ECG writelog
[2019-04-09T21:32:55.672][Master] Write ECG writelog: WriteLogItem(1554845575671,A,WriteOperation(x,+,1))
[2019-04-09T21:32:55.673][Master] Read ECG writelog
[2019-04-09T21:32:59.428][Master] Write ECG writelog: WriteLogItem(1554845579426,A,WriteOperation(y,+,1))
[2019-04-09T21:32:59.429][Master] Read ECG writelog
[2019-04-09T21:33:00.884][Master] Write ECG writelog: WriteLogItem(1554845580882,A,WriteOperation(x,+,1))
[2019-04-09T21:33:00.885][Master] Read ECG writelog
[2019-04-09T21:33:03.005][Master] Write ECG writelog: WriteLogItem(1554845583004,A,WriteOperation(x,+,1))
[2019-04-09T21:33:03.006][Master] Read ECG writelog
[2019-04-09T21:33:04.941][Master] Write ECG writelog: WriteLogItem(1554845584940,A,WriteOperation(y,+,1))
[2019-04-09T21:33:04.942][Master] Read ECG writelog
[2019-04-09T21:33:06.758][Master] Write ECG writelog: WriteLogItem(1554845586757,A,WriteOperation(x,+,1))
[2019-04-09T21:33:06.759][Master] Read ECG writelog
[2019-04-09T21:33:11.577][Master] Write ECG writelog: WriteLogItem(1554845591575,A,WriteOperation(y,+,1))
[2019-04-09T21:33:11.578][Master] Read ECG writelog
[2019-04-09T21:33:13.155][Master] Write ECG writelog: WriteLogItem(1554845593153,A,WriteOperation(z,+,1))
[2019-04-09T21:33:13.156][Master] Read ECG writelog
[2019-04-09T21:33:15.190][Master] Write ECG writelog: WriteLogItem(1554845595189,A,WriteOperation(x,+,1))
[2019-04-09T21:33:15.192][Master] Read ECG writelog
[2019-04-09T21:33:16.693][Master] Write ECG writelog: WriteLogItem(1554845596692,A,WriteOperation(x,+,1))
[2019-04-09T21:33:16.700][Master] Read ECG writelog
[2019-04-09T21:33:18.480][Master] Write ECG writelog: WriteLogItem(1554845598478,A,WriteOperation(x,+,1))
[2019-04-09T21:33:18.481][Master] Read ECG writelog
[2019-04-09T21:33:22.142][Master] Write ECG writelog: WriteLogItem(1554845602141,A,WriteOperation(x,+,1))
[2019-04-09T21:33:22.144][Master] Read ECG writelog
[2019-04-09T21:33:24.484][Master] Write ECG writelog: WriteLogItem(1554845604483,A,WriteOperation(y,+,1))
[2019-04-09T21:33:24.485][Master] Read ECG writelog
[2019-04-09T21:33:27.457][Master] Write ECG writelog: WriteLogItem(1554845607456,A,WriteOperation(x,+,1))
[2019-04-09T21:33:27.458][Master] Read ECG writelog
[2019-04-09T21:33:29.530][Master] Write ECG writelog: WriteLogItem(1554845609528,A,WriteOperation(z,+,1))
[2019-04-09T21:33:29.531][Master] Read ECG writelog
[2019-04-09T21:33:31.684][Master] Write ECG writelog: WriteLogItem(1554845611683,A,WriteOperation(z,+,1))
[2019-04-09T21:33:31.685][Master] Read ECG writelog
[2019-04-09T21:33:35.447][Master] Write ECG writelog: WriteLogItem(1554845615446,A,WriteOperation(x,+,1))
[2019-04-09T21:33:35.448][Master] Read ECG writelog
[2019-04-09T21:33:39.064][Master] Write ECG writelog: WriteLogItem(1554845619063,A,WriteOperation(z,+,1))
[2019-04-09T21:33:39.065][Master] Read ECG writelog
[2019-04-09T21:33:40.604][Master] Write ECG writelog: WriteLogItem(1554845620603,A,WriteOperation(y,+,1))
[2019-04-09T21:33:40.606][Master] Read ECG writelog
[2019-04-09T21:33:42.123][Master] Write ECG writelog: WriteLogItem(1554845622122,A,WriteOperation(x,+,1))
[2019-04-09T21:33:42.124][Master] Read ECG writelog
[2019-04-09T21:33:44.395][Master] Write ECG writelog: WriteLogItem(1554845624394,A,WriteOperation(y,+,1))
[2019-04-09T21:33:44.396][Master] Read ECG writelog
[2019-04-09T21:33:46.338][Master] Write ECG writelog: WriteLogItem(1554845626337,A,WriteOperation(x,+,1))
[2019-04-09T21:33:46.339][Master] Read ECG writelog
[2019-04-09T21:33:48.549][Master] Write ECG writelog: WriteLogItem(1554845628548,A,WriteOperation(z,+,1))
[2019-04-09T21:33:48.550][Master] Read ECG writelog
[2019-04-09T21:33:49.986][Master] Write ECG writelog: WriteLogItem(1554845629982,A,WriteOperation(x,+,1))
[2019-04-09T21:33:49.988][Master] Read ECG writelog
[2019-04-09T21:33:53.533][Master] Write ECG writelog: WriteLogItem(1554845633532,A,WriteOperation(y,+,1))
[2019-04-09T21:33:53.534][Master] Read ECG writelog
[2019-04-09T21:33:55.126][Master] Write ECG writelog: WriteLogItem(1554845635125,A,WriteOperation(y,+,1))
[2019-04-09T21:33:55.127][Master] Read ECG writelog
[2019-04-09T21:33:57.034][Master] Write ECG writelog: WriteLogItem(1554845637033,A,WriteOperation(z,+,1))
[2019-04-09T21:33:57.035][Master] Read ECG writelog
[2019-04-09T21:33:58.720][Master] Write ECG writelog: WriteLogItem(1554845638718,A,WriteOperation(x,+,1))
[2019-04-09T21:33:58.721][Master] Read ECG writelog
[2019-04-09T21:34:01.006][Master] Write ECG writelog: WriteLogItem(1554845641005,A,WriteOperation(z,+,1))
[2019-04-09T21:34:01.007][Master] Read ECG writelog
[2019-04-09T21:34:03.314][Master] Write ECG writelog: WriteLogItem(1554845643313,A,WriteOperation(z,+,1))
[2019-04-09T21:34:03.315][Master] Read ECG writelog
[2019-04-09T21:34:05.318][Master] Write ECG writelog: WriteLogItem(1554845645316,A,WriteOperation(y,+,1))
[2019-04-09T21:34:05.319][Master] Read ECG writelog
[2019-04-09T21:34:09.683][Master] Write ECG writelog: WriteLogItem(1554845649681,A,WriteOperation(z,+,1))
[2019-04-09T21:34:09.688][Master] Read ECG writelog
[2019-04-09T21:34:12.114][Master] Write ECG writelog: WriteLogItem(1554845652113,A,WriteOperation(z,+,1))
[2019-04-09T21:34:12.116][Master] Read ECG writelog
[2019-04-09T21:34:14.129][Master] Write ECG writelog: WriteLogItem(1554845654127,A,WriteOperation(y,+,1))
[2019-04-09T21:34:14.129][Master] Read ECG writelog
[2019-04-09T21:34:15.635][Master] Write ECG writelog: WriteLogItem(1554845655634,A,WriteOperation(y,+,1))
[2019-04-09T21:34:15.636][Master] Read ECG writelog
[2019-04-09T21:34:17.212][Master] Write ECG writelog: WriteLogItem(1554845657211,A,WriteOperation(x,+,1))
[2019-04-09T21:34:17.213][Master] Read ECG writelog
[2019-04-09T21:34:19.319][Master] Write ECG writelog: WriteLogItem(1554845659317,A,WriteOperation(x,+,1))
[2019-04-09T21:34:19.320][Master] Read ECG writelog
[2019-04-09T21:34:22.478][Master] Write ECG writelog: WriteLogItem(1554845662477,A,WriteOperation(z,+,1))
[2019-04-09T21:34:22.479][Master] Read ECG writelog
[2019-04-09T21:34:24.829][Master] Write ECG writelog: WriteLogItem(1554845664828,A,WriteOperation(y,+,1))
[2019-04-09T21:34:24.830][Master] Read ECG writelog
[2019-04-09T21:34:26.907][Master] Write ECG writelog: WriteLogItem(1554845666905,A,WriteOperation(x,+,1))
[2019-04-09T21:34:26.908][Master] Read ECG writelog
[2019-04-09T21:34:29.089][Master] Write ECG writelog: WriteLogItem(1554845669087,A,WriteOperation(y,+,1))
[2019-04-09T21:34:29.096][Master] Read ECG writelog
[2019-04-09T21:34:30.772][Master] Write ECG writelog: WriteLogItem(1554845670771,A,WriteOperation(z,+,1))
[2019-04-09T21:34:30.774][Master] Read ECG writelog
[2019-04-09T21:34:32.163][Master] Write ECG writelog: WriteLogItem(1554845672162,A,WriteOperation(z,+,1))
[2019-04-09T21:34:32.164][Master] Read ECG writelog
[2019-04-09T21:34:35.092][Master] Write ECG writelog: WriteLogItem(1554845675090,A,WriteOperation(z,+,1))
[2019-04-09T21:34:35.093][Master] Read ECG writelog
[2019-04-09T21:34:36.971][Master] Write ECG writelog: WriteLogItem(1554845676969,A,WriteOperation(x,+,1))
[2019-04-09T21:34:36.971][Master] Read ECG writelog
[2019-04-09T21:34:38.466][Master] Write ECG writelog: WriteLogItem(1554845678465,A,WriteOperation(x,+,1))
[2019-04-09T21:34:38.467][Master] Read ECG writelog
[2019-04-09T21:34:42.148][Master] Write ECG writelog: WriteLogItem(1554845682147,A,WriteOperation(z,+,1))
[2019-04-09T21:34:42.149][Master] Read ECG writelog
[2019-04-09T21:34:44.479][Master] Write ECG writelog: WriteLogItem(1554845684478,A,WriteOperation(y,+,1))
[2019-04-09T21:34:44.480][Master] Read ECG writelog
[2019-04-09T21:34:48.552][Master] Write ECG writelog: WriteLogItem(1554845688551,A,WriteOperation(z,+,1))
[2019-04-09T21:34:48.553][Master] Read ECG writelog
[2019-04-09T21:34:50.247][Master] Write ECG writelog: WriteLogItem(1554845690246,A,WriteOperation(z,+,1))
[2019-04-09T21:34:50.248][Master] Read ECG writelog
[2019-04-09T21:34:52.383][Master] Write ECG writelog: WriteLogItem(1554845692382,A,WriteOperation(z,+,1))
[2019-04-09T21:34:52.384][Master] Read ECG writelog
[2019-04-09T21:34:54.629][Master] Write ECG writelog: WriteLogItem(1554845694627,A,WriteOperation(z,+,1))
[2019-04-09T21:34:54.629][Master] Read ECG writelog
[2019-04-09T21:34:56.494][Master] Write ECG writelog: WriteLogItem(1554845696493,A,WriteOperation(z,+,1))
[2019-04-09T21:34:56.496][Master] Read ECG writelog
[2019-04-09T21:34:58.488][Master] Write ECG writelog: WriteLogItem(1554845698486,A,WriteOperation(x,+,1))
[2019-04-09T21:34:58.488][Master] Read ECG writelog
[2019-04-09T21:35:00.434][Master] Write ECG writelog: WriteLogItem(1554845700433,A,WriteOperation(y,+,1))
[2019-04-09T21:35:00.435][Master] Read ECG writelog
[2019-04-09T21:35:02.834][Master] Write ECG writelog: WriteLogItem(1554845702832,A,WriteOperation(x,+,1))
[2019-04-09T21:35:02.835][Master] Read ECG writelog
[2019-04-09T21:35:05.062][Master] Write ECG writelog: WriteLogItem(1554845705060,A,WriteOperation(y,+,1))
[2019-04-09T21:35:05.063][Master] Read ECG writelog
[2019-04-09T21:35:06.957][Master] Write ECG writelog: WriteLogItem(1554845706956,A,WriteOperation(x,+,1))
[2019-04-09T21:35:06.958][Master] Read ECG writelog
[2019-04-09T21:35:10.691][Master] Write ECG writelog: WriteLogItem(1554845710690,A,WriteOperation(y,+,1))
[2019-04-09T21:35:10.692][Master] Read ECG writelog
[2019-04-09T21:35:12.934][Master] Write ECG writelog: WriteLogItem(1554845712933,A,WriteOperation(x,+,1))
[2019-04-09T21:35:12.935][Master] Read ECG writelog
[2019-04-09T21:35:14.722][Master] Write ECG writelog: WriteLogItem(1554845714721,A,WriteOperation(z,+,1))
[2019-04-09T21:35:14.723][Master] Read ECG writelog
[2019-04-09T21:35:16.567][Master] Write ECG writelog: WriteLogItem(1554845716565,A,WriteOperation(x,+,1))
[2019-04-09T21:35:16.568][Master] Read ECG writelog
[2019-04-09T21:35:18.770][Master] Write ECG writelog: WriteLogItem(1554845718768,A,WriteOperation(x,+,1))
[2019-04-09T21:35:18.771][Master] Read ECG writelog
[2019-04-09T21:35:21.907][Master] Write ECG writelog: WriteLogItem(1554845721905,A,WriteOperation(x,+,1))
[2019-04-09T21:35:21.908][Master] Read ECG writelog
[2019-04-09T21:35:23.986][Master] Write ECG writelog: WriteLogItem(1554845723985,A,WriteOperation(y,+,1))
[2019-04-09T21:35:23.988][Master] Read ECG writelog
[2019-04-09T21:35:26.086][Master] Write ECG writelog: WriteLogItem(1554845726082,A,WriteOperation(x,+,1))
[2019-04-09T21:35:26.092][Master] Read ECG writelog
[2019-04-09T21:35:28.012][Master] Write ECG writelog: WriteLogItem(1554845728011,A,WriteOperation(y,+,1))
[2019-04-09T21:35:28.013][Master] Read ECG writelog
[2019-04-09T21:35:33.197][Master] Write ECG writelog: WriteLogItem(1554845733195,A,WriteOperation(y,+,1))
[2019-04-09T21:35:33.198][Master] Read ECG writelog
[2019-04-09T21:36:07.546][Master] Write ECG writelog: WriteLogItem(1554845767544,A,WriteOperation(x,+,1))
[2019-04-09T21:36:07.547][Master] Read ECG writelog
[2019-04-09T21:36:11.432][Master] Write ECG writelog: WriteLogItem(1554845771430,A,WriteOperation(y,+,1))
[2019-04-09T21:36:11.432][Master] Read ECG writelog
[2019-04-09T21:36:13.602][Master] Write ECG writelog: WriteLogItem(1554845773601,A,WriteOperation(x,+,1))
[2019-04-09T21:36:13.608][Master] Read ECG writelog
[2019-04-09T21:36:15.477][Master] Write ECG writelog: WriteLogItem(1554845775476,A,WriteOperation(z,+,1))
[2019-04-09T21:36:15.478][Master] Read ECG writelog
[2019-04-09T21:36:17.398][Master] Write ECG writelog: WriteLogItem(1554845777397,A,WriteOperation(x,+,1))
[2019-04-09T21:36:17.399][Master] Read ECG writelog
[2019-04-09T21:36:19.378][Master] Write ECG writelog: WriteLogItem(1554845779377,A,WriteOperation(z,+,1))
[2019-04-09T21:36:19.379][Master] Read ECG writelog
[2019-04-09T21:36:22.238][Master] Write ECG writelog: WriteLogItem(1554845782236,A,WriteOperation(x,+,1))
[2019-04-09T21:36:22.239][Master] Read ECG writelog
[2019-04-09T21:36:25.342][Master] Write ECG writelog: WriteLogItem(1554845785340,A,WriteOperation(y,+,1))
[2019-04-09T21:36:25.342][Master] Read ECG writelog
[2019-04-09T21:36:27.726][Master] Write ECG writelog: WriteLogItem(1554845787725,A,WriteOperation(y,+,1))
[2019-04-09T21:36:27.729][Master] Read ECG writelog
[2019-04-09T21:36:29.937][Master] Write ECG writelog: WriteLogItem(1554845789936,A,WriteOperation(y,+,1))
[2019-04-09T21:36:29.938][Master] Read ECG writelog
[2019-04-09T21:36:33.581][Master] Write ECG writelog: WriteLogItem(1554845793580,A,WriteOperation(z,+,1))
[2019-04-09T21:36:33.582][Master] Read ECG writelog
[2019-04-09T21:36:35.536][Master] Write ECG writelog: WriteLogItem(1554845795535,A,WriteOperation(y,+,1))
[2019-04-09T21:36:35.537][Master] Read ECG writelog
[2019-04-09T21:36:37.763][Master] Write ECG writelog: WriteLogItem(1554845797762,A,WriteOperation(y,+,1))
[2019-04-09T21:36:37.764][Master] Read ECG writelog
[2019-04-09T21:36:40.017][Master] Write ECG writelog: WriteLogItem(1554845800016,A,WriteOperation(x,+,1))
[2019-04-09T21:36:40.018][Master] Read ECG writelog
[2019-04-09T21:36:42.262][Master] Write ECG writelog: WriteLogItem(1554845802260,A,WriteOperation(x,+,1))
[2019-04-09T21:36:42.263][Master] Read ECG writelog
[2019-04-09T21:36:44.525][Master] Write ECG writelog: WriteLogItem(1554845804521,A,WriteOperation(y,+,1))
[2019-04-09T21:36:44.527][Master] Read ECG writelog
[2019-04-09T21:36:46.001][Master] Write ECG writelog: WriteLogItem(1554845805999,A,WriteOperation(x,+,1))
[2019-04-09T21:36:46.001][Master] Read ECG writelog
[2019-04-09T21:36:50.712][Master] Write ECG writelog: WriteLogItem(1554845810711,A,WriteOperation(y,+,1))
[2019-04-09T21:36:50.713][Master] Read ECG writelog
[2019-04-09T21:36:52.883][Master] Write ECG writelog: WriteLogItem(1554845812882,A,WriteOperation(x,+,1))
[2019-04-09T21:36:52.884][Master] Read ECG writelog
[2019-04-09T21:36:55.018][Master] Write ECG writelog: WriteLogItem(1554845815017,A,WriteOperation(x,+,1))
[2019-04-09T21:36:55.019][Master] Read ECG writelog
[2019-04-09T21:36:57.408][Master] Write ECG writelog: WriteLogItem(1554845817407,A,WriteOperation(z,+,1))
[2019-04-09T21:36:57.409][Master] Read ECG writelog
[2019-04-09T21:36:59.364][Master] Write ECG writelog: WriteLogItem(1554845819363,A,WriteOperation(z,+,1))
[2019-04-09T21:36:59.365][Master] Read ECG writelog
[2019-04-09T21:37:00.995][Master] Write ECG writelog: WriteLogItem(1554845820994,A,WriteOperation(z,+,1))
[2019-04-09T21:37:00.996][Master] Read ECG writelog
[2019-04-09T21:37:02.872][Master] Write ECG writelog: WriteLogItem(1554845822871,A,WriteOperation(x,+,1))
[2019-04-09T21:37:02.876][Master] Read ECG writelog
[2019-04-09T21:37:06.033][Master] Write ECG writelog: WriteLogItem(1554845826032,A,WriteOperation(z,+,1))
[2019-04-09T21:37:06.034][Master] Read ECG writelog
[2019-04-09T21:37:08.089][Master] Write ECG writelog: WriteLogItem(1554845828087,A,WriteOperation(z,+,1))
[2019-04-09T21:37:08.090][Master] Read ECG writelog
[2019-04-09T21:37:09.678][Master] Write ECG writelog: WriteLogItem(1554845829677,A,WriteOperation(y,+,1))
[2019-04-09T21:37:09.679][Master] Read ECG writelog
[2019-04-09T21:37:12.646][Master] Write ECG writelog: WriteLogItem(1554845832644,A,WriteOperation(z,+,1))
[2019-04-09T21:37:12.646][Master] Read ECG writelog
[2019-04-09T21:37:14.668][Master] Write ECG writelog: WriteLogItem(1554845834667,A,WriteOperation(x,+,1))
[2019-04-09T21:37:14.669][Master] Read ECG writelog
[2019-04-09T21:37:16.968][Master] Write ECG writelog: WriteLogItem(1554845836967,A,WriteOperation(y,+,1))
[2019-04-09T21:37:16.969][Master] Read ECG writelog
[2019-04-09T21:37:18.935][Master] Write ECG writelog: WriteLogItem(1554845838934,A,WriteOperation(y,+,1))
[2019-04-09T21:37:18.936][Master] Read ECG writelog
[2019-04-09T21:37:20.809][Master] Write ECG writelog: WriteLogItem(1554845840808,A,WriteOperation(y,+,1))
[2019-04-09T21:37:20.810][Master] Read ECG writelog
[2019-04-09T21:37:22.448][Master] Write ECG writelog: WriteLogItem(1554845842447,A,WriteOperation(y,+,1))
[2019-04-09T21:37:22.449][Master] Read ECG writelog
[2019-04-09T21:37:24.182][Master] Write ECG writelog: WriteLogItem(1554845844181,A,WriteOperation(y,+,1))
[2019-04-09T21:37:24.183][Master] Read ECG writelog
[2019-04-09T21:37:28.851][Master] Write ECG writelog: WriteLogItem(1554845848849,A,WriteOperation(y,+,1))
[2019-04-09T21:37:28.855][Master] Read ECG writelog
[2019-04-09T21:37:30.282][Master] Write ECG writelog: WriteLogItem(1554845850281,A,WriteOperation(x,+,1))
[2019-04-09T21:37:30.283][Master] Read ECG writelog
[2019-04-09T21:37:31.750][Master] Write ECG writelog: WriteLogItem(1554845851749,A,WriteOperation(y,+,1))
[2019-04-09T21:37:31.752][Master] Read ECG writelog
[2019-04-09T21:37:33.950][Master] Write ECG writelog: WriteLogItem(1554845853949,A,WriteOperation(y,+,1))
[2019-04-09T21:37:33.951][Master] Read ECG writelog
[2019-04-09T21:37:35.943][Master] Write ECG writelog: WriteLogItem(1554845855942,A,WriteOperation(z,+,1))
[2019-04-09T21:37:35.947][Master] Read ECG writelog
[2019-04-09T21:37:38.426][Master] Write ECG writelog: WriteLogItem(1554845858424,A,WriteOperation(x,+,1))
[2019-04-09T21:37:38.426][Master] Read ECG writelog
[2019-04-09T21:37:41.318][Master] Write ECG writelog: WriteLogItem(1554845861316,A,WriteOperation(x,+,1))
[2019-04-09T21:37:41.318][Master] Read ECG writelog
[2019-04-09T21:37:42.812][Master] Write ECG writelog: WriteLogItem(1554845862810,A,WriteOperation(x,+,1))
[2019-04-09T21:37:42.812][Master] Read ECG writelog
[2019-04-09T21:37:45.072][Master] Write ECG writelog: WriteLogItem(1554845865071,A,WriteOperation(z,+,1))
[2019-04-09T21:37:45.073][Master] Read ECG writelog
[2019-04-09T21:37:46.536][Master] Write ECG writelog: WriteLogItem(1554845866535,A,WriteOperation(z,+,1))
[2019-04-09T21:37:46.537][Master] Read ECG writelog
[2019-04-09T21:37:49.627][Master] Write ECG writelog: WriteLogItem(1554845869626,A,WriteOperation(y,+,1))
[2019-04-09T21:37:49.628][Master] Read ECG writelog
[2019-04-09T21:37:51.618][Master] Write ECG writelog: WriteLogItem(1554845871617,A,WriteOperation(x,+,1))
[2019-04-09T21:37:51.619][Master] Read ECG writelog
[2019-04-09T21:37:54.839][Master] Write ECG writelog: WriteLogItem(1554845874838,A,WriteOperation(z,+,1))
[2019-04-09T21:37:54.840][Master] Read ECG writelog
[2019-04-09T21:37:56.641][Master] Write ECG writelog: WriteLogItem(1554845876640,A,WriteOperation(z,+,1))
[2019-04-09T21:37:56.642][Master] Read ECG writelog
[2019-04-09T21:37:58.935][Master] Write ECG writelog: WriteLogItem(1554845878934,A,WriteOperation(z,+,1))
[2019-04-09T21:37:58.936][Master] Read ECG writelog
[2019-04-09T21:38:00.851][Master] Write ECG writelog: WriteLogItem(1554845880850,A,WriteOperation(x,+,1))
[2019-04-09T21:38:00.853][Master] Read ECG writelog
[2019-04-09T21:38:03.140][Master] Write ECG writelog: WriteLogItem(1554845883132,A,WriteOperation(x,+,1))
[2019-04-09T21:38:03.141][Master] Read ECG writelog
[2019-04-09T21:38:04.945][Master] Write ECG writelog: WriteLogItem(1554845884944,A,WriteOperation(z,+,1))
[2019-04-09T21:38:04.946][Master] Read ECG writelog
[2019-04-09T21:38:07.176][Master] Write ECG writelog: WriteLogItem(1554845887174,A,WriteOperation(x,+,1))
[2019-04-09T21:38:07.177][Master] Read ECG writelog
[2019-04-09T21:38:12.140][Master] Write ECG writelog: WriteLogItem(1554845892138,A,WriteOperation(y,+,1))
[2019-04-09T21:38:12.140][Master] Read ECG writelog
[2019-04-09T21:38:15.477][Master] Write ECG writelog: WriteLogItem(1554845895475,A,WriteOperation(x,+,1))
[2019-04-09T21:38:15.478][Master] Read ECG writelog
[2019-04-09T21:38:17.898][Master] Write ECG writelog: WriteLogItem(1554845897896,A,WriteOperation(y,+,1))
[2019-04-09T21:38:17.898][Master] Read ECG writelog
[2019-04-09T21:38:19.557][Master] Write ECG writelog: WriteLogItem(1554845899557,A,WriteOperation(x,+,1))
[2019-04-09T21:38:19.558][Master] Read ECG writelog
[2019-04-09T21:38:21.435][Master] Write ECG writelog: WriteLogItem(1554845901434,A,WriteOperation(x,+,1))
[2019-04-09T21:38:21.436][Master] Read ECG writelog
[2019-04-09T21:38:24.326][Master] Write ECG writelog: WriteLogItem(1554845904325,A,WriteOperation(x,+,1))
[2019-04-09T21:38:24.327][Master] Read ECG writelog
[2019-04-09T21:38:26.277][Master] Write ECG writelog: WriteLogItem(1554845906276,A,WriteOperation(z,+,1))
[2019-04-09T21:38:26.278][Master] Read ECG writelog
[2019-04-09T21:38:28.666][Master] Write ECG writelog: WriteLogItem(1554845908664,A,WriteOperation(x,+,1))
[2019-04-09T21:38:28.666][Master] Read ECG writelog
[2019-04-09T21:38:30.253][Master] Write ECG writelog: WriteLogItem(1554845910252,A,WriteOperation(z,+,1))
[2019-04-09T21:38:30.254][Master] Read ECG writelog
[2019-04-09T21:38:32.572][Master] Write ECG writelog: WriteLogItem(1554845912571,A,WriteOperation(x,+,1))
[2019-04-09T21:38:32.573][Master] Read ECG writelog
[2019-04-09T21:38:36.001][Master] Write ECG writelog: WriteLogItem(1554845915999,A,WriteOperation(x,+,1))
[2019-04-09T21:38:36.001][Master] Read ECG writelog
[2019-04-09T21:38:37.820][Master] Write ECG writelog: WriteLogItem(1554845917818,A,WriteOperation(y,+,1))
[2019-04-09T21:38:37.820][Master] Read ECG writelog
[2019-04-09T21:38:40.251][Master] Write ECG writelog: WriteLogItem(1554845920250,A,WriteOperation(z,+,1))
[2019-04-09T21:38:40.252][Master] Read ECG writelog
[2019-04-09T21:38:42.576][Master] Write ECG writelog: WriteLogItem(1554845922575,A,WriteOperation(y,+,1))
[2019-04-09T21:38:42.577][Master] Read ECG writelog
[2019-04-09T21:38:44.461][Master] Write ECG writelog: WriteLogItem(1554845924460,A,WriteOperation(y,+,1))
[2019-04-09T21:38:44.467][Master] Read ECG writelog
[2019-04-09T21:38:46.623][Master] Write ECG writelog: WriteLogItem(1554845926622,A,WriteOperation(x,+,1))
[2019-04-09T21:38:46.624][Master] Read ECG writelog
[2019-04-09T21:38:48.969][Master] Write ECG writelog: WriteLogItem(1554845928967,A,WriteOperation(x,+,1))
[2019-04-09T21:38:48.969][Master] Read ECG writelog
[2019-04-09T21:38:53.880][Master] Write ECG writelog: WriteLogItem(1554845933875,A,WriteOperation(y,+,1))
[2019-04-09T21:38:53.880][Master] Read ECG writelog
[2019-04-09T21:38:57.642][Master] Write ECG writelog: WriteLogItem(1554845937640,A,WriteOperation(z,+,1))
[2019-04-09T21:38:57.644][Master] Read ECG writelog
[2019-04-09T21:38:59.528][Master] Write ECG writelog: WriteLogItem(1554845939527,A,WriteOperation(y,+,1))
[2019-04-09T21:38:59.529][Master] Read ECG writelog
[2019-04-09T21:39:01.324][Master] Write ECG writelog: WriteLogItem(1554845941323,A,WriteOperation(x,+,1))
[2019-04-09T21:39:01.325][Master] Read ECG writelog
[2019-04-09T21:39:02.946][Master] Write ECG writelog: WriteLogItem(1554845942945,A,WriteOperation(x,+,1))
[2019-04-09T21:39:02.947][Master] Read ECG writelog
/home/sven/.sdkman/candidates/scala/current/bin/scala: line 21: 27373 Killed                  "$@"
