[2019-04-09T21:22:03.472][ReplicaC] Starting ReplicaC
[2019-04-09T21:22:03.474][ReplicaC] => Looking for ECG history
[2019-04-09T21:22:05.698][ReplicaC] => Binding TACT Replica to RMI
[2019-04-09T21:22:06.667][ReplicaC] Replica started on rmi://10.156.0.2/ReplicaC
--------------------------------------------------------------------------------------------

[2019-04-09T21:22:35.322][ReplicaC] Accept WriteLog
WriteLogItem(1554844937506,A,WriteOperation(x,+,1))[2019-04-09T21:22:35.330][ReplicaC] -- Update with key x, value = 1
WriteLogItem(1554844944002,A,WriteOperation(x,+,1))[2019-04-09T21:22:35.332][ReplicaC] -- Update with key x, value = 1
WriteLogItem(1554844954397,A,WriteOperation(x,+,1))[2019-04-09T21:22:35.332][ReplicaC] -- Update with key x, value = 1

[2019-04-09T21:22:51.456][ReplicaC] Accept WriteLog
WriteLogItem(1554844961875,A,WriteOperation(x,+,1))[2019-04-09T21:22:51.457][ReplicaC] -- Update with key x, value = 1
WriteLogItem(1554844963722,A,WriteOperation(x,+,1))[2019-04-09T21:22:51.457][ReplicaC] -- Update with key x, value = 1
WriteLogItem(1554844971073,A,WriteOperation(x,+,1))[2019-04-09T21:22:51.457][ReplicaC] -- Update with key x, value = 1

[2019-04-09T21:23:11.590][ReplicaC] Accept WriteLog
WriteLogItem(1554844939727,A,WriteOperation(y,+,1))[2019-04-09T21:23:11.591][ReplicaC] -- Update with key y, value = 1
WriteLogItem(1554844941618,A,WriteOperation(y,+,1))[2019-04-09T21:23:11.591][ReplicaC] -- Update with key y, value = 1
WriteLogItem(1554844948146,A,WriteOperation(y,+,1))[2019-04-09T21:23:11.591][ReplicaC] -- Update with key y, value = 1
WriteLogItem(1554844951837,A,WriteOperation(y,+,1))[2019-04-09T21:23:11.591][ReplicaC] -- Update with key y, value = 1
WriteLogItem(1554844959757,A,WriteOperation(y,+,1))[2019-04-09T21:23:11.591][ReplicaC] -- Update with key y, value = 1
WriteLogItem(1554844975041,A,WriteOperation(y,+,1))[2019-04-09T21:23:11.591][ReplicaC] -- Update with key y, value = 1
WriteLogItem(1554844981353,A,WriteOperation(y,+,1))[2019-04-09T21:23:11.591][ReplicaC] -- Update with key y, value = 1
WriteLogItem(1554844985275,A,WriteOperation(y,+,1))[2019-04-09T21:23:11.591][ReplicaC] -- Update with key y, value = 1
WriteLogItem(1554844987675,A,WriteOperation(y,+,1))[2019-04-09T21:23:11.591][ReplicaC] -- Update with key y, value = 1
WriteLogItem(1554844991212,A,WriteOperation(y,+,1))[2019-04-09T21:23:11.591][ReplicaC] -- Update with key y, value = 1

[2019-04-09T21:23:16.442][ReplicaC] Accept WriteLog
WriteLogItem(1554844977457,A,WriteOperation(x,+,1))[2019-04-09T21:23:16.443][ReplicaC] -- Update with key x, value = 1
WriteLogItem(1554844989545,A,WriteOperation(x,+,1))[2019-04-09T21:23:16.443][ReplicaC] -- Update with key x, value = 1
WriteLogItem(1554844996073,A,WriteOperation(x,+,1))[2019-04-09T21:23:16.443][ReplicaC] -- Update with key x, value = 1

[2019-04-09T21:23:36.980][ReplicaC] Accept WriteLog
WriteLogItem(1554844945894,A,WriteOperation(z,+,1))[2019-04-09T21:23:36.981][ReplicaC] -- Update with key z, value = 1
WriteLogItem(1554844949755,A,WriteOperation(z,+,1))[2019-04-09T21:23:36.981][ReplicaC] -- Update with key z, value = 1
WriteLogItem(1554844965391,A,WriteOperation(z,+,1))[2019-04-09T21:23:36.981][ReplicaC] -- Update with key z, value = 1
WriteLogItem(1554844967049,A,WriteOperation(z,+,1))[2019-04-09T21:23:36.981][ReplicaC] -- Update with key z, value = 1
WriteLogItem(1554844969116,A,WriteOperation(z,+,1))[2019-04-09T21:23:36.981][ReplicaC] -- Update with key z, value = 1
WriteLogItem(1554844979621,A,WriteOperation(z,+,1))[2019-04-09T21:23:36.981][ReplicaC] -- Update with key z, value = 1
WriteLogItem(1554844983078,A,WriteOperation(z,+,1))[2019-04-09T21:23:36.981][ReplicaC] -- Update with key z, value = 1
WriteLogItem(1554844994170,A,WriteOperation(z,+,1))[2019-04-09T21:23:36.982][ReplicaC] -- Update with key z, value = 1
WriteLogItem(1554845001705,A,WriteOperation(z,+,1))[2019-04-09T21:23:36.982][ReplicaC] -- Update with key z, value = 1
WriteLogItem(1554845004716,A,WriteOperation(z,+,1))[2019-04-09T21:23:36.982][ReplicaC] -- Update with key z, value = 1
WriteLogItem(1554845008755,A,WriteOperation(z,+,1))[2019-04-09T21:23:36.982][ReplicaC] -- Update with key z, value = 1
WriteLogItem(1554845012289,A,WriteOperation(z,+,1))[2019-04-09T21:23:36.982][ReplicaC] -- Update with key z, value = 1
WriteLogItem(1554845014122,A,WriteOperation(z,+,1))[2019-04-09T21:23:36.982][ReplicaC] -- Update with key z, value = 1
WriteLogItem(1554845016135,A,WriteOperation(z,+,1))[2019-04-09T21:23:36.982][ReplicaC] -- Update with key z, value = 1

[2019-04-09T21:23:40.949][ReplicaC] Accept WriteLog
WriteLogItem(1554845003221,A,WriteOperation(x,+,1))[2019-04-09T21:23:40.950][ReplicaC] -- Update with key x, value = 1
WriteLogItem(1554845010585,A,WriteOperation(x,+,1))[2019-04-09T21:23:40.954][ReplicaC] -- Update with key x, value = 1
WriteLogItem(1554845020589,A,WriteOperation(x,+,1))[2019-04-09T21:23:40.954][ReplicaC] -- Update with key x, value = 1

[2019-04-09T21:23:53.170][ReplicaC] Accept WriteLog
WriteLogItem(1554845000201,A,WriteOperation(y,+,1))[2019-04-09T21:23:53.170][ReplicaC] -- Update with key y, value = 1
WriteLogItem(1554845006958,A,WriteOperation(y,+,1))[2019-04-09T21:23:53.171][ReplicaC] -- Update with key y, value = 1
WriteLogItem(1554845023930,A,WriteOperation(y,+,1))[2019-04-09T21:23:53.171][ReplicaC] -- Update with key y, value = 1
WriteLogItem(1554845028190,A,WriteOperation(y,+,1))[2019-04-09T21:23:53.171][ReplicaC] -- Update with key y, value = 1
WriteLogItem(1554845032792,A,WriteOperation(y,+,1))[2019-04-09T21:23:53.171][ReplicaC] -- Update with key y, value = 1

[2019-04-09T21:23:58.760][ReplicaC] Accept WriteLog
WriteLogItem(1554845030505,A,WriteOperation(x,+,1))[2019-04-09T21:23:58.761][ReplicaC] -- Update with key x, value = 1
WriteLogItem(1554845036038,A,WriteOperation(x,+,1))[2019-04-09T21:23:58.762][ReplicaC] -- Update with key x, value = 1
WriteLogItem(1554845038391,A,WriteOperation(x,+,1))[2019-04-09T21:23:58.762][ReplicaC] -- Update with key x, value = 1

[2019-04-09T21:24:07.667][ReplicaC] Accept WriteLog
WriteLogItem(1554845041736,A,WriteOperation(x,+,1))[2019-04-09T21:24:07.667][ReplicaC] -- Update with key x, value = 1
WriteLogItem(1554845043664,A,WriteOperation(x,+,1))[2019-04-09T21:24:07.667][ReplicaC] -- Update with key x, value = 1
WriteLogItem(1554845047306,A,WriteOperation(x,+,1))[2019-04-09T21:24:07.667][ReplicaC] -- Update with key x, value = 1

[2019-04-09T21:24:23.381][ReplicaC] Accept WriteLog
WriteLogItem(1554845045573,A,WriteOperation(y,+,1))[2019-04-09T21:24:23.381][ReplicaC] -- Update with key y, value = 1
WriteLogItem(1554845057029,A,WriteOperation(y,+,1))[2019-04-09T21:24:23.381][ReplicaC] -- Update with key y, value = 1
WriteLogItem(1554845058848,A,WriteOperation(y,+,1))[2019-04-09T21:24:23.381][ReplicaC] -- Update with key y, value = 1
WriteLogItem(1554845061193,A,WriteOperation(y,+,1))[2019-04-09T21:24:23.381][ReplicaC] -- Update with key y, value = 1
WriteLogItem(1554845063016,A,WriteOperation(y,+,1))[2019-04-09T21:24:23.381][ReplicaC] -- Update with key y, value = 1

[2019-04-09T21:24:30.832][ReplicaC] Accept WriteLog
WriteLogItem(1554845050532,A,WriteOperation(x,+,1))[2019-04-09T21:24:30.832][ReplicaC] -- Update with key x, value = 1
WriteLogItem(1554845054641,A,WriteOperation(x,+,1))[2019-04-09T21:24:30.833][ReplicaC] -- Update with key x, value = 1
WriteLogItem(1554845069993,A,WriteOperation(x,+,1))[2019-04-09T21:24:30.833][ReplicaC] -- Update with key x, value = 1

[2019-04-09T21:24:48.541][ReplicaC] Accept WriteLog
WriteLogItem(1554845066669,A,WriteOperation(y,+,1))[2019-04-09T21:24:48.541][ReplicaC] -- Update with key y, value = 1
WriteLogItem(1554845074381,A,WriteOperation(y,+,1))[2019-04-09T21:24:48.541][ReplicaC] -- Update with key y, value = 1
WriteLogItem(1554845078130,A,WriteOperation(y,+,1))[2019-04-09T21:24:48.541][ReplicaC] -- Update with key y, value = 1
WriteLogItem(1554845086245,A,WriteOperation(y,+,1))[2019-04-09T21:24:48.541][ReplicaC] -- Update with key y, value = 1
WriteLogItem(1554845088158,A,WriteOperation(y,+,1))[2019-04-09T21:24:48.541][ReplicaC] -- Update with key y, value = 1

[2019-04-09T21:24:57.679][ReplicaC] Accept WriteLog
WriteLogItem(1554845081986,A,WriteOperation(x,+,1))[2019-04-09T21:24:57.679][ReplicaC] -- Update with key x, value = 1
WriteLogItem(1554845091149,A,WriteOperation(x,+,1))[2019-04-09T21:24:57.679][ReplicaC] -- Update with key x, value = 1
WriteLogItem(1554845097313,A,WriteOperation(x,+,1))[2019-04-09T21:24:57.680][ReplicaC] -- Update with key x, value = 1

[2019-04-09T21:25:06.971][ReplicaC] Accept WriteLog
WriteLogItem(1554845026130,A,WriteOperation(z,+,1))[2019-04-09T21:25:06.971][ReplicaC] -- Update with key z, value = 1
WriteLogItem(1554845052415,A,WriteOperation(z,+,1))[2019-04-09T21:25:06.971][ReplicaC] -- Update with key z, value = 1
WriteLogItem(1554845068340,A,WriteOperation(z,+,1))[2019-04-09T21:25:06.971][ReplicaC] -- Update with key z, value = 1
WriteLogItem(1554845076465,A,WriteOperation(z,+,1))[2019-04-09T21:25:06.971][ReplicaC] -- Update with key z, value = 1
WriteLogItem(1554845079799,A,WriteOperation(z,+,1))[2019-04-09T21:25:06.971][ReplicaC] -- Update with key z, value = 1
WriteLogItem(1554845083978,A,WriteOperation(z,+,1))[2019-04-09T21:25:06.971][ReplicaC] -- Update with key z, value = 1
WriteLogItem(1554845093308,A,WriteOperation(z,+,1))[2019-04-09T21:25:06.972][ReplicaC] -- Update with key z, value = 1
WriteLogItem(1554845095052,A,WriteOperation(z,+,1))[2019-04-09T21:25:06.972][ReplicaC] -- Update with key z, value = 1
WriteLogItem(1554845100869,A,WriteOperation(z,+,1))[2019-04-09T21:25:06.972][ReplicaC] -- Update with key z, value = 1
WriteLogItem(1554845106598,A,WriteOperation(z,+,1))[2019-04-09T21:25:06.972][ReplicaC] -- Update with key z, value = 1

[2019-04-09T21:25:18.904][ReplicaC] Read key = x
[2019-04-09T21:25:21.102][ReplicaC] Read key = y
[2019-04-09T21:25:23.281][ReplicaC] Read key = z
[2019-04-09T21:26:00.231][ReplicaC] Accept WriteLog
WriteLogItem(1554845102906,A,WriteOperation(y,+,1))[2019-04-09T21:26:00.231][ReplicaC] -- Update with key y, value = 1
WriteLogItem(1554845105022,A,WriteOperation(y,+,1))[2019-04-09T21:26:00.231][ReplicaC] -- Update with key y, value = 1
WriteLogItem(1554845141947,A,WriteOperation(y,+,1))[2019-04-09T21:26:00.232][ReplicaC] -- Update with key y, value = 1
WriteLogItem(1554845149525,A,WriteOperation(y,+,1))[2019-04-09T21:26:00.232][ReplicaC] -- Update with key y, value = 1
WriteLogItem(1554845159635,A,WriteOperation(y,+,1))[2019-04-09T21:26:00.234][ReplicaC] -- Update with key y, value = 1

[2019-04-09T21:26:08.167][ReplicaC] Accept WriteLog
WriteLogItem(1554845157435,A,WriteOperation(x,+,1))[2019-04-09T21:26:08.168][ReplicaC] -- Update with key x, value = 1
WriteLogItem(1554845163668,A,WriteOperation(x,+,1))[2019-04-09T21:26:08.168][ReplicaC] -- Update with key x, value = 1
WriteLogItem(1554845167798,A,WriteOperation(x,+,1))[2019-04-09T21:26:08.168][ReplicaC] -- Update with key x, value = 1

[2019-04-09T21:26:24.922][ReplicaC] Accept WriteLog
WriteLogItem(1554845178382,A,WriteOperation(x,+,1))[2019-04-09T21:26:24.922][ReplicaC] -- Update with key x, value = 1
WriteLogItem(1554845180028,A,WriteOperation(x,+,1))[2019-04-09T21:26:24.922][ReplicaC] -- Update with key x, value = 1
WriteLogItem(1554845184083,A,WriteOperation(x,+,1))[2019-04-09T21:26:24.923][ReplicaC] -- Update with key x, value = 1

[2019-04-09T21:26:28.168][ReplicaC] Accept WriteLog
WriteLogItem(1554845143728,A,WriteOperation(z,+,1))[2019-04-09T21:26:28.168][ReplicaC] -- Update with key z, value = 1
WriteLogItem(1554845145426,A,WriteOperation(z,+,1))[2019-04-09T21:26:28.168][ReplicaC] -- Update with key z, value = 1
WriteLogItem(1554845147517,A,WriteOperation(z,+,1))[2019-04-09T21:26:28.169][ReplicaC] -- Update with key z, value = 1
WriteLogItem(1554845151346,A,WriteOperation(z,+,1))[2019-04-09T21:26:28.169][ReplicaC] -- Update with key z, value = 1
WriteLogItem(1554845153691,A,WriteOperation(z,+,1))[2019-04-09T21:26:28.169][ReplicaC] -- Update with key z, value = 1
WriteLogItem(1554845155247,A,WriteOperation(z,+,1))[2019-04-09T21:26:28.169][ReplicaC] -- Update with key z, value = 1
WriteLogItem(1554845165464,A,WriteOperation(z,+,1))[2019-04-09T21:26:28.169][ReplicaC] -- Update with key z, value = 1
WriteLogItem(1554845174509,A,WriteOperation(z,+,1))[2019-04-09T21:26:28.169][ReplicaC] -- Update with key z, value = 1
WriteLogItem(1554845182451,A,WriteOperation(z,+,1))[2019-04-09T21:26:28.169][ReplicaC] -- Update with key z, value = 1
WriteLogItem(1554845187805,A,WriteOperation(z,+,1))[2019-04-09T21:26:28.169][ReplicaC] -- Update with key z, value = 1

[2019-04-09T21:26:37.258][ReplicaC] Accept WriteLog
WriteLogItem(1554845171260,A,WriteOperation(y,+,1))[2019-04-09T21:26:37.259][ReplicaC] -- Update with key y, value = 1
WriteLogItem(1554845172765,A,WriteOperation(y,+,1))[2019-04-09T21:26:37.259][ReplicaC] -- Update with key y, value = 1
WriteLogItem(1554845176827,A,WriteOperation(y,+,1))[2019-04-09T21:26:37.259][ReplicaC] -- Update with key y, value = 1
WriteLogItem(1554845190876,A,WriteOperation(y,+,1))[2019-04-09T21:26:37.259][ReplicaC] -- Update with key y, value = 1
WriteLogItem(1554845196892,A,WriteOperation(y,+,1))[2019-04-09T21:26:37.259][ReplicaC] -- Update with key y, value = 1

[2019-04-09T21:26:45.331][ReplicaC] Accept WriteLog
WriteLogItem(1554845193293,A,WriteOperation(x,+,1))[2019-04-09T21:26:45.331][ReplicaC] -- Update with key x, value = 1
WriteLogItem(1554845200732,A,WriteOperation(x,+,1))[2019-04-09T21:26:45.331][ReplicaC] -- Update with key x, value = 1
WriteLogItem(1554845204967,A,WriteOperation(x,+,1))[2019-04-09T21:26:45.331][ReplicaC] -- Update with key x, value = 1

[2019-04-09T21:26:55.061][ReplicaC] Accept WriteLog
WriteLogItem(1554845210392,A,WriteOperation(x,+,1))[2019-04-09T21:26:55.061][ReplicaC] -- Update with key x, value = 1
WriteLogItem(1554845212581,A,WriteOperation(x,+,1))[2019-04-09T21:26:55.061][ReplicaC] -- Update with key x, value = 1
WriteLogItem(1554845214704,A,WriteOperation(x,+,1))[2019-04-09T21:26:55.061][ReplicaC] -- Update with key x, value = 1

[2019-04-09T21:27:12.563][ReplicaC] Accept WriteLog
WriteLogItem(1554845202245,A,WriteOperation(y,+,1))[2019-04-09T21:27:12.564][ReplicaC] -- Update with key y, value = 1
WriteLogItem(1554845208116,A,WriteOperation(y,+,1))[2019-04-09T21:27:12.564][ReplicaC] -- Update with key y, value = 1
WriteLogItem(1554845223968,A,WriteOperation(y,+,1))[2019-04-09T21:27:12.564][ReplicaC] -- Update with key y, value = 1
WriteLogItem(1554845230268,A,WriteOperation(y,+,1))[2019-04-09T21:27:12.564][ReplicaC] -- Update with key y, value = 1
WriteLogItem(1554845231974,A,WriteOperation(y,+,1))[2019-04-09T21:27:12.564][ReplicaC] -- Update with key y, value = 1

[2019-04-09T21:27:23.017][ReplicaC] Accept WriteLog
WriteLogItem(1554845217677,A,WriteOperation(x,+,1))[2019-04-09T21:27:23.017][ReplicaC] -- Update with key x, value = 1
WriteLogItem(1554845240307,A,WriteOperation(x,+,1))[2019-04-09T21:27:23.018][ReplicaC] -- Update with key x, value = 1
WriteLogItem(1554845242648,A,WriteOperation(x,+,1))[2019-04-09T21:27:23.018][ReplicaC] -- Update with key x, value = 1

[2019-04-09T21:27:39.575][ReplicaC] Accept WriteLog
WriteLogItem(1554845237918,A,WriteOperation(y,+,1))[2019-04-09T21:27:39.575][ReplicaC] -- Update with key y, value = 1
WriteLogItem(1554845249815,A,WriteOperation(y,+,1))[2019-04-09T21:27:39.575][ReplicaC] -- Update with key y, value = 1
WriteLogItem(1554845253398,A,WriteOperation(y,+,1))[2019-04-09T21:27:39.575][ReplicaC] -- Update with key y, value = 1
WriteLogItem(1554845256906,A,WriteOperation(y,+,1))[2019-04-09T21:27:39.576][ReplicaC] -- Update with key y, value = 1
WriteLogItem(1554845259216,A,WriteOperation(y,+,1))[2019-04-09T21:27:39.576][ReplicaC] -- Update with key y, value = 1

[2019-04-09T21:27:45.283][ReplicaC] Accept WriteLog
WriteLogItem(1554845194737,A,WriteOperation(z,+,1))[2019-04-09T21:27:45.283][ReplicaC] -- Update with key z, value = 1
WriteLogItem(1554845219972,A,WriteOperation(z,+,1))[2019-04-09T21:27:45.284][ReplicaC] -- Update with key z, value = 1
WriteLogItem(1554845221731,A,WriteOperation(z,+,1))[2019-04-09T21:27:45.284][ReplicaC] -- Update with key z, value = 1
WriteLogItem(1554845225940,A,WriteOperation(z,+,1))[2019-04-09T21:27:45.284][ReplicaC] -- Update with key z, value = 1
WriteLogItem(1554845228026,A,WriteOperation(z,+,1))[2019-04-09T21:27:45.286][ReplicaC] -- Update with key z, value = 1
WriteLogItem(1554845236351,A,WriteOperation(z,+,1))[2019-04-09T21:27:45.286][ReplicaC] -- Update with key z, value = 1
WriteLogItem(1554845247587,A,WriteOperation(z,+,1))[2019-04-09T21:27:45.287][ReplicaC] -- Update with key z, value = 1
WriteLogItem(1554845251720,A,WriteOperation(z,+,1))[2019-04-09T21:27:45.287][ReplicaC] -- Update with key z, value = 1
WriteLogItem(1554845262532,A,WriteOperation(z,+,1))[2019-04-09T21:27:45.287][ReplicaC] -- Update with key z, value = 1
WriteLogItem(1554845264921,A,WriteOperation(z,+,1))[2019-04-09T21:27:45.289][ReplicaC] -- Update with key z, value = 1

[2019-04-09T21:27:50.073][ReplicaC] Accept WriteLog
WriteLogItem(1554845245633,A,WriteOperation(x,+,1))[2019-04-09T21:27:50.073][ReplicaC] -- Update with key x, value = 1
WriteLogItem(1554845254855,A,WriteOperation(x,+,1))[2019-04-09T21:27:50.074][ReplicaC] -- Update with key x, value = 1
WriteLogItem(1554845269718,A,WriteOperation(x,+,1))[2019-04-09T21:27:50.074][ReplicaC] -- Update with key x, value = 1

[2019-04-09T21:28:07.091][ReplicaC] Accept WriteLog
WriteLogItem(1554845280602,A,WriteOperation(x,+,1))[2019-04-09T21:28:07.091][ReplicaC] -- Update with key x, value = 1
WriteLogItem(1554845282820,A,WriteOperation(x,+,1))[2019-04-09T21:28:07.092][ReplicaC] -- Update with key x, value = 1
WriteLogItem(1554845286736,A,WriteOperation(x,+,1))[2019-04-09T21:28:07.092][ReplicaC] -- Update with key x, value = 1

[2019-04-09T21:28:14.603][ReplicaC] Accept WriteLog
WriteLogItem(1554845273476,A,WriteOperation(y,+,1))[2019-04-09T21:28:14.604][ReplicaC] -- Update with key y, value = 1
WriteLogItem(1554845275241,A,WriteOperation(y,+,1))[2019-04-09T21:28:14.605][ReplicaC] -- Update with key y, value = 1
WriteLogItem(1554845277102,A,WriteOperation(y,+,1))[2019-04-09T21:28:14.605][ReplicaC] -- Update with key y, value = 1
WriteLogItem(1554845292101,A,WriteOperation(y,+,1))[2019-04-09T21:28:14.607][ReplicaC] -- Update with key y, value = 1
WriteLogItem(1554845294247,A,WriteOperation(y,+,1))[2019-04-09T21:28:14.607][ReplicaC] -- Update with key y, value = 1

[2019-04-09T21:28:23.602][ReplicaC] Accept WriteLog
WriteLogItem(1554845290365,A,WriteOperation(x,+,1))[2019-04-09T21:28:23.602][ReplicaC] -- Update with key x, value = 1
WriteLogItem(1554845300763,A,WriteOperation(x,+,1))[2019-04-09T21:28:23.602][ReplicaC] -- Update with key x, value = 1
WriteLogItem(1554845303243,A,WriteOperation(x,+,1))[2019-04-09T21:28:23.603][ReplicaC] -- Update with key x, value = 1

[2019-04-09T21:28:44.264][ReplicaC] Read key = x
[2019-04-09T21:28:46.479][ReplicaC] Read key = y
[2019-04-09T21:28:48.664][ReplicaC] Read key = z
[2019-04-09T21:29:14.280][ReplicaC] Accept WriteLog
WriteLogItem(1554845298902,A,WriteOperation(y,+,1))[2019-04-09T21:29:14.281][ReplicaC] -- Update with key y, value = 1
WriteLogItem(1554845306100,A,WriteOperation(y,+,1))[2019-04-09T21:29:14.281][ReplicaC] -- Update with key y, value = 1
WriteLogItem(1554845347985,A,WriteOperation(y,+,1))[2019-04-09T21:29:14.281][ReplicaC] -- Update with key y, value = 1
WriteLogItem(1554845350408,A,WriteOperation(y,+,1))[2019-04-09T21:29:14.281][ReplicaC] -- Update with key y, value = 1
WriteLogItem(1554845353690,A,WriteOperation(y,+,1))[2019-04-09T21:29:14.281][ReplicaC] -- Update with key y, value = 1

[2019-04-09T21:29:18.188][ReplicaC] Accept WriteLog
WriteLogItem(1554845310358,A,WriteOperation(x,+,1))[2019-04-09T21:29:18.189][ReplicaC] -- Update with key x, value = 1
WriteLogItem(1554845312216,A,WriteOperation(x,+,1))[2019-04-09T21:29:18.189][ReplicaC] -- Update with key x, value = 1
WriteLogItem(1554845357831,A,WriteOperation(x,+,1))[2019-04-09T21:29:18.189][ReplicaC] -- Update with key x, value = 1

[2019-04-09T21:29:35.939][ReplicaC] Accept WriteLog
WriteLogItem(1554845362877,A,WriteOperation(y,+,1))[2019-04-09T21:29:35.939][ReplicaC] -- Update with key y, value = 1
WriteLogItem(1554845365300,A,WriteOperation(y,+,1))[2019-04-09T21:29:35.939][ReplicaC] -- Update with key y, value = 1
WriteLogItem(1554845369227,A,WriteOperation(y,+,1))[2019-04-09T21:29:35.940][ReplicaC] -- Update with key y, value = 1
WriteLogItem(1554845373279,A,WriteOperation(y,+,1))[2019-04-09T21:29:35.940][ReplicaC] -- Update with key y, value = 1
WriteLogItem(1554845375575,A,WriteOperation(y,+,1))[2019-04-09T21:29:35.940][ReplicaC] -- Update with key y, value = 1

[2019-04-09T21:29:47.560][ReplicaC] Accept WriteLog
WriteLogItem(1554845360778,A,WriteOperation(x,+,1))[2019-04-09T21:29:47.560][ReplicaC] -- Update with key x, value = 1
WriteLogItem(1554845371338,A,WriteOperation(x,+,1))[2019-04-09T21:29:47.561][ReplicaC] -- Update with key x, value = 1
WriteLogItem(1554845387199,A,WriteOperation(x,+,1))[2019-04-09T21:29:47.561][ReplicaC] -- Update with key x, value = 1

[2019-04-09T21:29:59.242][ReplicaC] Accept WriteLog
WriteLogItem(1554845267839,A,WriteOperation(z,+,1))[2019-04-09T21:29:59.242][ReplicaC] -- Update with key z, value = 1
WriteLogItem(1554845278634,A,WriteOperation(z,+,1))[2019-04-09T21:29:59.245][ReplicaC] -- Update with key z, value = 1
WriteLogItem(1554845284542,A,WriteOperation(z,+,1))[2019-04-09T21:29:59.245][ReplicaC] -- Update with key z, value = 1
WriteLogItem(1554845307990,A,WriteOperation(z,+,1))[2019-04-09T21:29:59.246][ReplicaC] -- Update with key z, value = 1
WriteLogItem(1554845351973,A,WriteOperation(z,+,1))[2019-04-09T21:29:59.246][ReplicaC] -- Update with key z, value = 1
WriteLogItem(1554845366967,A,WriteOperation(z,+,1))[2019-04-09T21:29:59.246][ReplicaC] -- Update with key z, value = 1
WriteLogItem(1554845379124,A,WriteOperation(z,+,1))[2019-04-09T21:29:59.246][ReplicaC] -- Update with key z, value = 1
WriteLogItem(1554845381380,A,WriteOperation(z,+,1))[2019-04-09T21:29:59.246][ReplicaC] -- Update with key z, value = 1
WriteLogItem(1554845382856,A,WriteOperation(z,+,1))[2019-04-09T21:29:59.246][ReplicaC] -- Update with key z, value = 1
WriteLogItem(1554845398416,A,WriteOperation(z,+,1))[2019-04-09T21:29:59.246][ReplicaC] -- Update with key z, value = 1

[2019-04-09T21:30:05.744][ReplicaC] Accept WriteLog
WriteLogItem(1554845394451,A,WriteOperation(x,+,1))[2019-04-09T21:30:05.744][ReplicaC] -- Update with key x, value = 1
WriteLogItem(1554845403125,A,WriteOperation(x,+,1))[2019-04-09T21:30:05.744][ReplicaC] -- Update with key x, value = 1
WriteLogItem(1554845405382,A,WriteOperation(x,+,1))[2019-04-09T21:30:05.744][ReplicaC] -- Update with key x, value = 1

[2019-04-09T21:30:11.494][ReplicaC] Accept WriteLog
WriteLogItem(1554845385325,A,WriteOperation(y,+,1))[2019-04-09T21:30:11.494][ReplicaC] -- Update with key y, value = 1
WriteLogItem(1554845390311,A,WriteOperation(y,+,1))[2019-04-09T21:30:11.494][ReplicaC] -- Update with key y, value = 1
WriteLogItem(1554845392806,A,WriteOperation(y,+,1))[2019-04-09T21:30:11.494][ReplicaC] -- Update with key y, value = 1
WriteLogItem(1554845396619,A,WriteOperation(y,+,1))[2019-04-09T21:30:11.494][ReplicaC] -- Update with key y, value = 1
WriteLogItem(1554845411138,A,WriteOperation(y,+,1))[2019-04-09T21:30:11.494][ReplicaC] -- Update with key y, value = 1

[2019-04-09T21:30:16.821][ReplicaC] Accept WriteLog
WriteLogItem(1554845409177,A,WriteOperation(x,+,1))[2019-04-09T21:30:16.823][ReplicaC] -- Update with key x, value = 1
WriteLogItem(1554845414873,A,WriteOperation(x,+,1))[2019-04-09T21:30:16.823][ReplicaC] -- Update with key x, value = 1
WriteLogItem(1554845416467,A,WriteOperation(x,+,1))[2019-04-09T21:30:16.823][ReplicaC] -- Update with key x, value = 1

[2019-04-09T21:30:33.126][ReplicaC] Accept WriteLog
WriteLogItem(1554845425252,A,WriteOperation(x,+,1))[2019-04-09T21:30:33.127][ReplicaC] -- Update with key x, value = 1
WriteLogItem(1554845429112,A,WriteOperation(x,+,1))[2019-04-09T21:30:33.127][ReplicaC] -- Update with key x, value = 1
WriteLogItem(1554845432766,A,WriteOperation(x,+,1))[2019-04-09T21:30:33.127][ReplicaC] -- Update with key x, value = 1

[2019-04-09T21:30:47.438][ReplicaC] Accept WriteLog
WriteLogItem(1554845440368,A,WriteOperation(x,+,1))[2019-04-09T21:30:47.439][ReplicaC] -- Update with key x, value = 1
WriteLogItem(1554845442410,A,WriteOperation(x,+,1))[2019-04-09T21:30:47.439][ReplicaC] -- Update with key x, value = 1
WriteLogItem(1554845446609,A,WriteOperation(x,+,1))[2019-04-09T21:30:47.439][ReplicaC] -- Update with key x, value = 1

[2019-04-09T21:30:54.499][ReplicaC] Accept WriteLog
WriteLogItem(1554845419940,A,WriteOperation(y,+,1))[2019-04-09T21:30:54.500][ReplicaC] -- Update with key y, value = 1
WriteLogItem(1554845430705,A,WriteOperation(y,+,1))[2019-04-09T21:30:54.501][ReplicaC] -- Update with key y, value = 1
WriteLogItem(1554845438244,A,WriteOperation(y,+,1))[2019-04-09T21:30:54.501][ReplicaC] -- Update with key y, value = 1
WriteLogItem(1554845444424,A,WriteOperation(y,+,1))[2019-04-09T21:30:54.501][ReplicaC] -- Update with key y, value = 1
WriteLogItem(1554845454138,A,WriteOperation(y,+,1))[2019-04-09T21:30:54.501][ReplicaC] -- Update with key y, value = 1

[2019-04-09T21:31:05.410][ReplicaC] Accept WriteLog
WriteLogItem(1554845460019,A,WriteOperation(x,+,1))[2019-04-09T21:31:05.410][ReplicaC] -- Update with key x, value = 1
WriteLogItem(1554845463498,A,WriteOperation(x,+,1))[2019-04-09T21:31:05.410][ReplicaC] -- Update with key x, value = 1
WriteLogItem(1554845465053,A,WriteOperation(x,+,1))[2019-04-09T21:31:05.410][ReplicaC] -- Update with key x, value = 1

[2019-04-09T21:31:15.133][ReplicaC] Accept WriteLog
WriteLogItem(1554845470553,A,WriteOperation(x,+,1))[2019-04-09T21:31:15.134][ReplicaC] -- Update with key x, value = 1
WriteLogItem(1554845472649,A,WriteOperation(x,+,1))[2019-04-09T21:31:15.134][ReplicaC] -- Update with key x, value = 1
WriteLogItem(1554845474776,A,WriteOperation(x,+,1))[2019-04-09T21:31:15.134][ReplicaC] -- Update with key x, value = 1

[2019-04-09T21:31:28.867][ReplicaC] Accept WriteLog
WriteLogItem(1554845461911,A,WriteOperation(y,+,1))[2019-04-09T21:31:28.867][ReplicaC] -- Update with key y, value = 1
WriteLogItem(1554845478452,A,WriteOperation(y,+,1))[2019-04-09T21:31:28.867][ReplicaC] -- Update with key y, value = 1
WriteLogItem(1554845481593,A,WriteOperation(y,+,1))[2019-04-09T21:31:28.867][ReplicaC] -- Update with key y, value = 1
WriteLogItem(1554845486287,A,WriteOperation(y,+,1))[2019-04-09T21:31:28.867][ReplicaC] -- Update with key y, value = 1
WriteLogItem(1554845488506,A,WriteOperation(y,+,1))[2019-04-09T21:31:28.867][ReplicaC] -- Update with key y, value = 1

[2019-04-09T21:31:35.774][ReplicaC] Accept WriteLog
WriteLogItem(1554845480041,A,WriteOperation(x,+,1))[2019-04-09T21:31:35.775][ReplicaC] -- Update with key x, value = 1
WriteLogItem(1554845483844,A,WriteOperation(x,+,1))[2019-04-09T21:31:35.775][ReplicaC] -- Update with key x, value = 1
WriteLogItem(1554845495418,A,WriteOperation(x,+,1))[2019-04-09T21:31:35.775][ReplicaC] -- Update with key x, value = 1

[2019-04-09T21:31:51.798][ReplicaC] Accept WriteLog
WriteLogItem(1554845421500,A,WriteOperation(z,+,1))[2019-04-09T21:31:51.798][ReplicaC] -- Update with key z, value = 1
WriteLogItem(1554845423780,A,WriteOperation(z,+,1))[2019-04-09T21:31:51.798][ReplicaC] -- Update with key z, value = 1
WriteLogItem(1554845427424,A,WriteOperation(z,+,1))[2019-04-09T21:31:51.799][ReplicaC] -- Update with key z, value = 1
WriteLogItem(1554845436140,A,WriteOperation(z,+,1))[2019-04-09T21:31:51.799][ReplicaC] -- Update with key z, value = 1
WriteLogItem(1554845451793,A,WriteOperation(z,+,1))[2019-04-09T21:31:51.799][ReplicaC] -- Update with key z, value = 1
WriteLogItem(1554845457619,A,WriteOperation(z,+,1))[2019-04-09T21:31:51.799][ReplicaC] -- Update with key z, value = 1
WriteLogItem(1554845468864,A,WriteOperation(z,+,1))[2019-04-09T21:31:51.799][ReplicaC] -- Update with key z, value = 1
WriteLogItem(1554845493687,A,WriteOperation(z,+,1))[2019-04-09T21:31:51.799][ReplicaC] -- Update with key z, value = 1
WriteLogItem(1554845503284,A,WriteOperation(z,+,1))[2019-04-09T21:31:51.799][ReplicaC] -- Update with key z, value = 1
WriteLogItem(1554845510960,A,WriteOperation(z,+,1))[2019-04-09T21:31:51.799][ReplicaC] -- Update with key z, value = 1

[2019-04-09T21:31:59.854][ReplicaC] Accept WriteLog
WriteLogItem(1554845491769,A,WriteOperation(y,+,1))[2019-04-09T21:31:59.854][ReplicaC] -- Update with key y, value = 1
WriteLogItem(1554845500881,A,WriteOperation(y,+,1))[2019-04-09T21:31:59.854][ReplicaC] -- Update with key y, value = 1
WriteLogItem(1554845506751,A,WriteOperation(y,+,1))[2019-04-09T21:31:59.854][ReplicaC] -- Update with key y, value = 1
WriteLogItem(1554845508858,A,WriteOperation(y,+,1))[2019-04-09T21:31:59.854][ReplicaC] -- Update with key y, value = 1
WriteLogItem(1554845519499,A,WriteOperation(y,+,1))[2019-04-09T21:31:59.854][ReplicaC] -- Update with key y, value = 1

[2019-04-09T21:32:16.192][ReplicaC] Read key = x
[2019-04-09T21:32:18.388][ReplicaC] Read key = y
[2019-04-09T21:32:20.562][ReplicaC] Read key = z
[2019-04-09T21:32:43.405][ReplicaC] Accept WriteLog
WriteLogItem(1554845498759,A,WriteOperation(x,+,1))[2019-04-09T21:32:43.405][ReplicaC] -- Update with key x, value = 1
WriteLogItem(1554845505064,A,WriteOperation(x,+,1))[2019-04-09T21:32:43.406][ReplicaC] -- Update with key x, value = 1
WriteLogItem(1554845562812,A,WriteOperation(x,+,1))[2019-04-09T21:32:43.406][ReplicaC] -- Update with key x, value = 1

[2019-04-09T21:32:56.024][ReplicaC] Accept WriteLog
WriteLogItem(1554845566670,A,WriteOperation(x,+,1))[2019-04-09T21:32:56.025][ReplicaC] -- Update with key x, value = 1
WriteLogItem(1554845569088,A,WriteOperation(x,+,1))[2019-04-09T21:32:56.026][ReplicaC] -- Update with key x, value = 1
WriteLogItem(1554845575671,A,WriteOperation(x,+,1))[2019-04-09T21:32:56.026][ReplicaC] -- Update with key x, value = 1

[2019-04-09T21:33:07.583][ReplicaC] Accept WriteLog
WriteLogItem(1554845580882,A,WriteOperation(x,+,1))[2019-04-09T21:33:07.584][ReplicaC] -- Update with key x, value = 1
WriteLogItem(1554845583004,A,WriteOperation(x,+,1))[2019-04-09T21:33:07.584][ReplicaC] -- Update with key x, value = 1
WriteLogItem(1554845586757,A,WriteOperation(x,+,1))[2019-04-09T21:33:07.584][ReplicaC] -- Update with key x, value = 1

[2019-04-09T21:33:18.841][ReplicaC] Accept WriteLog
WriteLogItem(1554845595189,A,WriteOperation(x,+,1))[2019-04-09T21:33:18.841][ReplicaC] -- Update with key x, value = 1
WriteLogItem(1554845596692,A,WriteOperation(x,+,1))[2019-04-09T21:33:18.841][ReplicaC] -- Update with key x, value = 1
WriteLogItem(1554845598478,A,WriteOperation(x,+,1))[2019-04-09T21:33:18.841][ReplicaC] -- Update with key x, value = 1

[2019-04-09T21:33:24.845][ReplicaC] Accept WriteLog
WriteLogItem(1554845559465,A,WriteOperation(y,+,1))[2019-04-09T21:33:24.845][ReplicaC] -- Update with key y, value = 1
WriteLogItem(1554845579426,A,WriteOperation(y,+,1))[2019-04-09T21:33:24.845][ReplicaC] -- Update with key y, value = 1
WriteLogItem(1554845584940,A,WriteOperation(y,+,1))[2019-04-09T21:33:24.845][ReplicaC] -- Update with key y, value = 1
WriteLogItem(1554845591575,A,WriteOperation(y,+,1))[2019-04-09T21:33:24.845][ReplicaC] -- Update with key y, value = 1
WriteLogItem(1554845604483,A,WriteOperation(y,+,1))[2019-04-09T21:33:24.845][ReplicaC] -- Update with key y, value = 1

[2019-04-09T21:33:32.046][ReplicaC] Accept WriteLog
WriteLogItem(1554845515309,A,WriteOperation(z,+,1))[2019-04-09T21:33:32.047][ReplicaC] -- Update with key z, value = 1
WriteLogItem(1554845517255,A,WriteOperation(z,+,1))[2019-04-09T21:33:32.047][ReplicaC] -- Update with key z, value = 1
WriteLogItem(1554845523297,A,WriteOperation(z,+,1))[2019-04-09T21:33:32.047][ReplicaC] -- Update with key z, value = 1
WriteLogItem(1554845524760,A,WriteOperation(z,+,1))[2019-04-09T21:33:32.047][ReplicaC] -- Update with key z, value = 1
WriteLogItem(1554845561308,A,WriteOperation(z,+,1))[2019-04-09T21:33:32.047][ReplicaC] -- Update with key z, value = 1
WriteLogItem(1554845571556,A,WriteOperation(z,+,1))[2019-04-09T21:33:32.047][ReplicaC] -- Update with key z, value = 1
WriteLogItem(1554845573768,A,WriteOperation(z,+,1))[2019-04-09T21:33:32.047][ReplicaC] -- Update with key z, value = 1
WriteLogItem(1554845593153,A,WriteOperation(z,+,1))[2019-04-09T21:33:32.047][ReplicaC] -- Update with key z, value = 1
WriteLogItem(1554845609528,A,WriteOperation(z,+,1))[2019-04-09T21:33:32.047][ReplicaC] -- Update with key z, value = 1
WriteLogItem(1554845611683,A,WriteOperation(z,+,1))[2019-04-09T21:33:32.047][ReplicaC] -- Update with key z, value = 1

[2019-04-09T21:33:35.802][ReplicaC] Accept WriteLog
WriteLogItem(1554845602141,A,WriteOperation(x,+,1))[2019-04-09T21:33:35.802][ReplicaC] -- Update with key x, value = 1
WriteLogItem(1554845607456,A,WriteOperation(x,+,1))[2019-04-09T21:33:35.802][ReplicaC] -- Update with key x, value = 1
WriteLogItem(1554845615446,A,WriteOperation(x,+,1))[2019-04-09T21:33:35.802][ReplicaC] -- Update with key x, value = 1

[2019-04-09T21:33:50.347][ReplicaC] Accept WriteLog
WriteLogItem(1554845622122,A,WriteOperation(x,+,1))[2019-04-09T21:33:50.348][ReplicaC] -- Update with key x, value = 1
WriteLogItem(1554845626337,A,WriteOperation(x,+,1))[2019-04-09T21:33:50.348][ReplicaC] -- Update with key x, value = 1
WriteLogItem(1554845629982,A,WriteOperation(x,+,1))[2019-04-09T21:33:50.348][ReplicaC] -- Update with key x, value = 1

[2019-04-09T21:34:06.139][ReplicaC] Accept WriteLog
WriteLogItem(1554845620603,A,WriteOperation(y,+,1))[2019-04-09T21:34:06.139][ReplicaC] -- Update with key y, value = 1
WriteLogItem(1554845624394,A,WriteOperation(y,+,1))[2019-04-09T21:34:06.139][ReplicaC] -- Update with key y, value = 1
WriteLogItem(1554845633532,A,WriteOperation(y,+,1))[2019-04-09T21:34:06.139][ReplicaC] -- Update with key y, value = 1
WriteLogItem(1554845635125,A,WriteOperation(y,+,1))[2019-04-09T21:34:06.139][ReplicaC] -- Update with key y, value = 1
WriteLogItem(1554845645316,A,WriteOperation(y,+,1))[2019-04-09T21:34:06.139][ReplicaC] -- Update with key y, value = 1

[2019-04-09T21:34:19.673][ReplicaC] Accept WriteLog
WriteLogItem(1554845638718,A,WriteOperation(x,+,1))[2019-04-09T21:34:19.673][ReplicaC] -- Update with key x, value = 1
WriteLogItem(1554845657211,A,WriteOperation(x,+,1))[2019-04-09T21:34:19.673][ReplicaC] -- Update with key x, value = 1
WriteLogItem(1554845659317,A,WriteOperation(x,+,1))[2019-04-09T21:34:19.674][ReplicaC] -- Update with key x, value = 1

[2019-04-09T21:34:32.516][ReplicaC] Accept WriteLog
WriteLogItem(1554845619063,A,WriteOperation(z,+,1))[2019-04-09T21:34:32.516][ReplicaC] -- Update with key z, value = 1
WriteLogItem(1554845628548,A,WriteOperation(z,+,1))[2019-04-09T21:34:32.516][ReplicaC] -- Update with key z, value = 1
WriteLogItem(1554845637033,A,WriteOperation(z,+,1))[2019-04-09T21:34:32.516][ReplicaC] -- Update with key z, value = 1
WriteLogItem(1554845641005,A,WriteOperation(z,+,1))[2019-04-09T21:34:32.516][ReplicaC] -- Update with key z, value = 1
WriteLogItem(1554845643313,A,WriteOperation(z,+,1))[2019-04-09T21:34:32.516][ReplicaC] -- Update with key z, value = 1
WriteLogItem(1554845649681,A,WriteOperation(z,+,1))[2019-04-09T21:34:32.516][ReplicaC] -- Update with key z, value = 1
WriteLogItem(1554845652113,A,WriteOperation(z,+,1))[2019-04-09T21:34:32.517][ReplicaC] -- Update with key z, value = 1
WriteLogItem(1554845662477,A,WriteOperation(z,+,1))[2019-04-09T21:34:32.517][ReplicaC] -- Update with key z, value = 1
WriteLogItem(1554845670771,A,WriteOperation(z,+,1))[2019-04-09T21:34:32.517][ReplicaC] -- Update with key z, value = 1
WriteLogItem(1554845672162,A,WriteOperation(z,+,1))[2019-04-09T21:34:32.517][ReplicaC] -- Update with key z, value = 1

[2019-04-09T21:34:38.817][ReplicaC] Accept WriteLog
WriteLogItem(1554845666905,A,WriteOperation(x,+,1))[2019-04-09T21:34:38.817][ReplicaC] -- Update with key x, value = 1
WriteLogItem(1554845676969,A,WriteOperation(x,+,1))[2019-04-09T21:34:38.817][ReplicaC] -- Update with key x, value = 1
WriteLogItem(1554845678465,A,WriteOperation(x,+,1))[2019-04-09T21:34:38.818][ReplicaC] -- Update with key x, value = 1

[2019-04-09T21:34:45.821][ReplicaC] Accept WriteLog
WriteLogItem(1554845654127,A,WriteOperation(y,+,1))[2019-04-09T21:34:45.821][ReplicaC] -- Update with key y, value = 1
WriteLogItem(1554845655634,A,WriteOperation(y,+,1))[2019-04-09T21:34:45.821][ReplicaC] -- Update with key y, value = 1
WriteLogItem(1554845664828,A,WriteOperation(y,+,1))[2019-04-09T21:34:45.822][ReplicaC] -- Update with key y, value = 1
WriteLogItem(1554845669087,A,WriteOperation(y,+,1))[2019-04-09T21:34:45.822][ReplicaC] -- Update with key y, value = 1
WriteLogItem(1554845684478,A,WriteOperation(y,+,1))[2019-04-09T21:34:45.822][ReplicaC] -- Update with key y, value = 1

[2019-04-09T21:35:07.314][ReplicaC] Accept WriteLog
WriteLogItem(1554845698486,A,WriteOperation(x,+,1))[2019-04-09T21:35:07.314][ReplicaC] -- Update with key x, value = 1
WriteLogItem(1554845702832,A,WriteOperation(x,+,1))[2019-04-09T21:35:07.314][ReplicaC] -- Update with key x, value = 1
WriteLogItem(1554845706956,A,WriteOperation(x,+,1))[2019-04-09T21:35:07.314][ReplicaC] -- Update with key x, value = 1

[2019-04-09T21:35:19.124][ReplicaC] Accept WriteLog
WriteLogItem(1554845712933,A,WriteOperation(x,+,1))[2019-04-09T21:35:19.124][ReplicaC] -- Update with key x, value = 1
WriteLogItem(1554845716565,A,WriteOperation(x,+,1))[2019-04-09T21:35:19.124][ReplicaC] -- Update with key x, value = 1
WriteLogItem(1554845718768,A,WriteOperation(x,+,1))[2019-04-09T21:35:19.124][ReplicaC] -- Update with key x, value = 1

[2019-04-09T21:35:28.831][ReplicaC] Accept WriteLog
WriteLogItem(1554845700433,A,WriteOperation(y,+,1))[2019-04-09T21:35:28.831][ReplicaC] -- Update with key y, value = 1
WriteLogItem(1554845705060,A,WriteOperation(y,+,1))[2019-04-09T21:35:28.831][ReplicaC] -- Update with key y, value = 1
WriteLogItem(1554845710690,A,WriteOperation(y,+,1))[2019-04-09T21:35:28.831][ReplicaC] -- Update with key y, value = 1
WriteLogItem(1554845723985,A,WriteOperation(y,+,1))[2019-04-09T21:35:28.831][ReplicaC] -- Update with key y, value = 1
WriteLogItem(1554845728011,A,WriteOperation(y,+,1))[2019-04-09T21:35:28.831][ReplicaC] -- Update with key y, value = 1

[2019-04-09T21:35:44.162][ReplicaC] Read key = x
[2019-04-09T21:35:46.387][ReplicaC] Read key = y
[2019-04-09T21:35:48.604][ReplicaC] Read key = z
[2019-04-09T21:36:08.139][ReplicaC] Accept WriteLog
WriteLogItem(1554845721905,A,WriteOperation(x,+,1))[2019-04-09T21:36:08.140][ReplicaC] -- Update with key x, value = 1
WriteLogItem(1554845726082,A,WriteOperation(x,+,1))[2019-04-09T21:36:08.140][ReplicaC] -- Update with key x, value = 1
WriteLogItem(1554845767544,A,WriteOperation(x,+,1))[2019-04-09T21:36:08.140][ReplicaC] -- Update with key x, value = 1

[2019-04-09T21:36:19.739][ReplicaC] Accept WriteLog
WriteLogItem(1554845675090,A,WriteOperation(z,+,1))[2019-04-09T21:36:19.739][ReplicaC] -- Update with key z, value = 1
WriteLogItem(1554845682147,A,WriteOperation(z,+,1))[2019-04-09T21:36:19.739][ReplicaC] -- Update with key z, value = 1
WriteLogItem(1554845688551,A,WriteOperation(z,+,1))[2019-04-09T21:36:19.739][ReplicaC] -- Update with key z, value = 1
WriteLogItem(1554845690246,A,WriteOperation(z,+,1))[2019-04-09T21:36:19.739][ReplicaC] -- Update with key z, value = 1
WriteLogItem(1554845692382,A,WriteOperation(z,+,1))[2019-04-09T21:36:19.739][ReplicaC] -- Update with key z, value = 1
WriteLogItem(1554845694627,A,WriteOperation(z,+,1))[2019-04-09T21:36:19.739][ReplicaC] -- Update with key z, value = 1
WriteLogItem(1554845696493,A,WriteOperation(z,+,1))[2019-04-09T21:36:19.739][ReplicaC] -- Update with key z, value = 1
WriteLogItem(1554845714721,A,WriteOperation(z,+,1))[2019-04-09T21:36:19.739][ReplicaC] -- Update with key z, value = 1
WriteLogItem(1554845775476,A,WriteOperation(z,+,1))[2019-04-09T21:36:19.739][ReplicaC] -- Update with key z, value = 1
WriteLogItem(1554845779377,A,WriteOperation(z,+,1))[2019-04-09T21:36:19.740][ReplicaC] -- Update with key z, value = 1

[2019-04-09T21:36:22.596][ReplicaC] Accept WriteLog
WriteLogItem(1554845773601,A,WriteOperation(x,+,1))[2019-04-09T21:36:22.596][ReplicaC] -- Update with key x, value = 1
WriteLogItem(1554845777397,A,WriteOperation(x,+,1))[2019-04-09T21:36:22.596][ReplicaC] -- Update with key x, value = 1
WriteLogItem(1554845782236,A,WriteOperation(x,+,1))[2019-04-09T21:36:22.596][ReplicaC] -- Update with key x, value = 1

[2019-04-09T21:36:30.292][ReplicaC] Accept WriteLog
WriteLogItem(1554845733195,A,WriteOperation(y,+,1))[2019-04-09T21:36:30.293][ReplicaC] -- Update with key y, value = 1
WriteLogItem(1554845771430,A,WriteOperation(y,+,1))[2019-04-09T21:36:30.293][ReplicaC] -- Update with key y, value = 1
WriteLogItem(1554845785340,A,WriteOperation(y,+,1))[2019-04-09T21:36:30.293][ReplicaC] -- Update with key y, value = 1
WriteLogItem(1554845787725,A,WriteOperation(y,+,1))[2019-04-09T21:36:30.293][ReplicaC] -- Update with key y, value = 1
WriteLogItem(1554845789936,A,WriteOperation(y,+,1))[2019-04-09T21:36:30.293][ReplicaC] -- Update with key y, value = 1

[2019-04-09T21:36:46.825][ReplicaC] Accept WriteLog
WriteLogItem(1554845800016,A,WriteOperation(x,+,1))[2019-04-09T21:36:46.825][ReplicaC] -- Update with key x, value = 1
WriteLogItem(1554845802260,A,WriteOperation(x,+,1))[2019-04-09T21:36:46.825][ReplicaC] -- Update with key x, value = 1
WriteLogItem(1554845805999,A,WriteOperation(x,+,1))[2019-04-09T21:36:46.825][ReplicaC] -- Update with key x, value = 1

[2019-04-09T21:37:03.229][ReplicaC] Accept WriteLog
WriteLogItem(1554845812882,A,WriteOperation(x,+,1))[2019-04-09T21:37:03.229][ReplicaC] -- Update with key x, value = 1
WriteLogItem(1554845815017,A,WriteOperation(x,+,1))[2019-04-09T21:37:03.229][ReplicaC] -- Update with key x, value = 1
WriteLogItem(1554845822871,A,WriteOperation(x,+,1))[2019-04-09T21:37:03.229][ReplicaC] -- Update with key x, value = 1

[2019-04-09T21:37:10.038][ReplicaC] Accept WriteLog
WriteLogItem(1554845795535,A,WriteOperation(y,+,1))[2019-04-09T21:37:10.038][ReplicaC] -- Update with key y, value = 1
WriteLogItem(1554845797762,A,WriteOperation(y,+,1))[2019-04-09T21:37:10.038][ReplicaC] -- Update with key y, value = 1
WriteLogItem(1554845804521,A,WriteOperation(y,+,1))[2019-04-09T21:37:10.038][ReplicaC] -- Update with key y, value = 1
WriteLogItem(1554845810711,A,WriteOperation(y,+,1))[2019-04-09T21:37:10.038][ReplicaC] -- Update with key y, value = 1
WriteLogItem(1554845829677,A,WriteOperation(y,+,1))[2019-04-09T21:37:10.038][ReplicaC] -- Update with key y, value = 1

[2019-04-09T21:37:24.545][ReplicaC] Accept WriteLog
WriteLogItem(1554845836967,A,WriteOperation(y,+,1))[2019-04-09T21:37:24.545][ReplicaC] -- Update with key y, value = 1
WriteLogItem(1554845838934,A,WriteOperation(y,+,1))[2019-04-09T21:37:24.545][ReplicaC] -- Update with key y, value = 1
WriteLogItem(1554845840808,A,WriteOperation(y,+,1))[2019-04-09T21:37:24.545][ReplicaC] -- Update with key y, value = 1
WriteLogItem(1554845842447,A,WriteOperation(y,+,1))[2019-04-09T21:37:24.545][ReplicaC] -- Update with key y, value = 1
WriteLogItem(1554845844181,A,WriteOperation(y,+,1))[2019-04-09T21:37:24.545][ReplicaC] -- Update with key y, value = 1

[2019-04-09T21:37:38.781][ReplicaC] Accept WriteLog
WriteLogItem(1554845834667,A,WriteOperation(x,+,1))[2019-04-09T21:37:38.781][ReplicaC] -- Update with key x, value = 1
WriteLogItem(1554845850281,A,WriteOperation(x,+,1))[2019-04-09T21:37:38.781][ReplicaC] -- Update with key x, value = 1
WriteLogItem(1554845858424,A,WriteOperation(x,+,1))[2019-04-09T21:37:38.781][ReplicaC] -- Update with key x, value = 1

[2019-04-09T21:37:46.891][ReplicaC] Accept WriteLog
WriteLogItem(1554845793580,A,WriteOperation(z,+,1))[2019-04-09T21:37:46.891][ReplicaC] -- Update with key z, value = 1
WriteLogItem(1554845817407,A,WriteOperation(z,+,1))[2019-04-09T21:37:46.891][ReplicaC] -- Update with key z, value = 1
WriteLogItem(1554845819363,A,WriteOperation(z,+,1))[2019-04-09T21:37:46.891][ReplicaC] -- Update with key z, value = 1
WriteLogItem(1554845820994,A,WriteOperation(z,+,1))[2019-04-09T21:37:46.891][ReplicaC] -- Update with key z, value = 1
WriteLogItem(1554845826032,A,WriteOperation(z,+,1))[2019-04-09T21:37:46.891][ReplicaC] -- Update with key z, value = 1
WriteLogItem(1554845828087,A,WriteOperation(z,+,1))[2019-04-09T21:37:46.891][ReplicaC] -- Update with key z, value = 1
WriteLogItem(1554845832644,A,WriteOperation(z,+,1))[2019-04-09T21:37:46.891][ReplicaC] -- Update with key z, value = 1
WriteLogItem(1554845855942,A,WriteOperation(z,+,1))[2019-04-09T21:37:46.891][ReplicaC] -- Update with key z, value = 1
WriteLogItem(1554845865071,A,WriteOperation(z,+,1))[2019-04-09T21:37:46.891][ReplicaC] -- Update with key z, value = 1
WriteLogItem(1554845866535,A,WriteOperation(z,+,1))[2019-04-09T21:37:46.891][ReplicaC] -- Update with key z, value = 1

[2019-04-09T21:37:51.973][ReplicaC] Accept WriteLog
WriteLogItem(1554845861316,A,WriteOperation(x,+,1))[2019-04-09T21:37:51.973][ReplicaC] -- Update with key x, value = 1
WriteLogItem(1554845862810,A,WriteOperation(x,+,1))[2019-04-09T21:37:51.973][ReplicaC] -- Update with key x, value = 1
WriteLogItem(1554845871617,A,WriteOperation(x,+,1))[2019-04-09T21:37:51.973][ReplicaC] -- Update with key x, value = 1

[2019-04-09T21:38:07.996][ReplicaC] Accept WriteLog
WriteLogItem(1554845880850,A,WriteOperation(x,+,1))[2019-04-09T21:38:07.996][ReplicaC] -- Update with key x, value = 1
WriteLogItem(1554845883132,A,WriteOperation(x,+,1))[2019-04-09T21:38:07.996][ReplicaC] -- Update with key x, value = 1
WriteLogItem(1554845887174,A,WriteOperation(x,+,1))[2019-04-09T21:38:07.997][ReplicaC] -- Update with key x, value = 1

[2019-04-09T21:38:12.492][ReplicaC] Accept WriteLog
WriteLogItem(1554845848849,A,WriteOperation(y,+,1))[2019-04-09T21:38:12.492][ReplicaC] -- Update with key y, value = 1
WriteLogItem(1554845851749,A,WriteOperation(y,+,1))[2019-04-09T21:38:12.493][ReplicaC] -- Update with key y, value = 1
WriteLogItem(1554845853949,A,WriteOperation(y,+,1))[2019-04-09T21:38:12.493][ReplicaC] -- Update with key y, value = 1
WriteLogItem(1554845869626,A,WriteOperation(y,+,1))[2019-04-09T21:38:12.493][ReplicaC] -- Update with key y, value = 1
WriteLogItem(1554845892138,A,WriteOperation(y,+,1))[2019-04-09T21:38:12.493][ReplicaC] -- Update with key y, value = 1

[2019-04-09T21:38:21.789][ReplicaC] Accept WriteLog
WriteLogItem(1554845895475,A,WriteOperation(x,+,1))[2019-04-09T21:38:21.789][ReplicaC] -- Update with key x, value = 1
WriteLogItem(1554845899557,A,WriteOperation(x,+,1))[2019-04-09T21:38:21.789][ReplicaC] -- Update with key x, value = 1
WriteLogItem(1554845901434,A,WriteOperation(x,+,1))[2019-04-09T21:38:21.789][ReplicaC] -- Update with key x, value = 1

[2019-04-09T21:38:32.931][ReplicaC] Accept WriteLog
WriteLogItem(1554845904325,A,WriteOperation(x,+,1))[2019-04-09T21:38:32.931][ReplicaC] -- Update with key x, value = 1
WriteLogItem(1554845908664,A,WriteOperation(x,+,1))[2019-04-09T21:38:32.931][ReplicaC] -- Update with key x, value = 1
WriteLogItem(1554845912571,A,WriteOperation(x,+,1))[2019-04-09T21:38:32.931][ReplicaC] -- Update with key x, value = 1

[2019-04-09T21:38:49.789][ReplicaC] Accept WriteLog
WriteLogItem(1554845915999,A,WriteOperation(x,+,1))[2019-04-09T21:38:49.789][ReplicaC] -- Update with key x, value = 1
WriteLogItem(1554845926622,A,WriteOperation(x,+,1))[2019-04-09T21:38:49.789][ReplicaC] -- Update with key x, value = 1
WriteLogItem(1554845928967,A,WriteOperation(x,+,1))[2019-04-09T21:38:49.789][ReplicaC] -- Update with key x, value = 1

[2019-04-09T21:38:54.231][ReplicaC] Accept WriteLog
WriteLogItem(1554845897896,A,WriteOperation(y,+,1))[2019-04-09T21:38:54.231][ReplicaC] -- Update with key y, value = 1
WriteLogItem(1554845917818,A,WriteOperation(y,+,1))[2019-04-09T21:38:54.232][ReplicaC] -- Update with key y, value = 1
WriteLogItem(1554845922575,A,WriteOperation(y,+,1))[2019-04-09T21:38:54.232][ReplicaC] -- Update with key y, value = 1
WriteLogItem(1554845924460,A,WriteOperation(y,+,1))[2019-04-09T21:38:54.232][ReplicaC] -- Update with key y, value = 1
WriteLogItem(1554845933875,A,WriteOperation(y,+,1))[2019-04-09T21:38:54.232][ReplicaC] -- Update with key y, value = 1

[2019-04-09T21:39:13.986][ReplicaC] Read key = x
[2019-04-09T21:39:16.161][ReplicaC] Read key = y
[2019-04-09T21:39:18.490][ReplicaC] Read key = z
/home/sven/.sdkman/candidates/scala/current/bin/scala: line 21: 19676 Killed                  "$@"
