[2019-04-09T21:22:01.763][ReplicaB] Starting ReplicaB
[2019-04-09T21:22:01.765][ReplicaB] => Looking for ECG history
[2019-04-09T21:22:01.915][ReplicaB] => Binding TACT Replica to RMI
[2019-04-09T21:22:01.963][ReplicaB] Replica started on rmi://10.156.0.2/ReplicaB
--------------------------------------------------------------------------------------------

[2019-04-09T21:22:34.473][ReplicaB] Accept WriteLog
WriteLogItem(1554844937506,A,WriteOperation(x,+,1))[2019-04-09T21:22:34.479][ReplicaB] -- Update with key x, value = 1
WriteLogItem(1554844944002,A,WriteOperation(x,+,1))[2019-04-09T21:22:34.480][ReplicaB] -- Update with key x, value = 1
WriteLogItem(1554844954397,A,WriteOperation(x,+,1))[2019-04-09T21:22:34.480][ReplicaB] -- Update with key x, value = 1

[2019-04-09T21:22:51.100][ReplicaB] Accept WriteLog
WriteLogItem(1554844961875,A,WriteOperation(x,+,1))[2019-04-09T21:22:51.101][ReplicaB] -- Update with key x, value = 1
WriteLogItem(1554844963722,A,WriteOperation(x,+,1))[2019-04-09T21:22:51.101][ReplicaB] -- Update with key x, value = 1
WriteLogItem(1554844971073,A,WriteOperation(x,+,1))[2019-04-09T21:22:51.101][ReplicaB] -- Update with key x, value = 1

[2019-04-09T21:23:11.229][ReplicaB] Accept WriteLog
WriteLogItem(1554844939727,A,WriteOperation(y,+,1))[2019-04-09T21:23:11.229][ReplicaB] -- Update with key y, value = 1
WriteLogItem(1554844941618,A,WriteOperation(y,+,1))[2019-04-09T21:23:11.230][ReplicaB] -- Update with key y, value = 1
WriteLogItem(1554844948146,A,WriteOperation(y,+,1))[2019-04-09T21:23:11.230][ReplicaB] -- Update with key y, value = 1
WriteLogItem(1554844951837,A,WriteOperation(y,+,1))[2019-04-09T21:23:11.230][ReplicaB] -- Update with key y, value = 1
WriteLogItem(1554844959757,A,WriteOperation(y,+,1))[2019-04-09T21:23:11.230][ReplicaB] -- Update with key y, value = 1
WriteLogItem(1554844975041,A,WriteOperation(y,+,1))[2019-04-09T21:23:11.230][ReplicaB] -- Update with key y, value = 1
WriteLogItem(1554844981353,A,WriteOperation(y,+,1))[2019-04-09T21:23:11.230][ReplicaB] -- Update with key y, value = 1
WriteLogItem(1554844985275,A,WriteOperation(y,+,1))[2019-04-09T21:23:11.230][ReplicaB] -- Update with key y, value = 1
WriteLogItem(1554844987675,A,WriteOperation(y,+,1))[2019-04-09T21:23:11.230][ReplicaB] -- Update with key y, value = 1
WriteLogItem(1554844991212,A,WriteOperation(y,+,1))[2019-04-09T21:23:11.230][ReplicaB] -- Update with key y, value = 1

[2019-04-09T21:23:16.089][ReplicaB] Accept WriteLog
WriteLogItem(1554844977457,A,WriteOperation(x,+,1))[2019-04-09T21:23:16.090][ReplicaB] -- Update with key x, value = 1
WriteLogItem(1554844989545,A,WriteOperation(x,+,1))[2019-04-09T21:23:16.090][ReplicaB] -- Update with key x, value = 1
WriteLogItem(1554844996073,A,WriteOperation(x,+,1))[2019-04-09T21:23:16.090][ReplicaB] -- Update with key x, value = 1

[2019-04-09T21:23:36.162][ReplicaB] Accept WriteLog
WriteLogItem(1554844945894,A,WriteOperation(z,+,1))[2019-04-09T21:23:36.163][ReplicaB] -- Update with key z, value = 1
WriteLogItem(1554844949755,A,WriteOperation(z,+,1))[2019-04-09T21:23:36.163][ReplicaB] -- Update with key z, value = 1
WriteLogItem(1554844965391,A,WriteOperation(z,+,1))[2019-04-09T21:23:36.163][ReplicaB] -- Update with key z, value = 1
WriteLogItem(1554844967049,A,WriteOperation(z,+,1))[2019-04-09T21:23:36.163][ReplicaB] -- Update with key z, value = 1
WriteLogItem(1554844969116,A,WriteOperation(z,+,1))[2019-04-09T21:23:36.164][ReplicaB] -- Update with key z, value = 1
WriteLogItem(1554844979621,A,WriteOperation(z,+,1))[2019-04-09T21:23:36.164][ReplicaB] -- Update with key z, value = 1
WriteLogItem(1554844983078,A,WriteOperation(z,+,1))[2019-04-09T21:23:36.164][ReplicaB] -- Update with key z, value = 1
WriteLogItem(1554844994170,A,WriteOperation(z,+,1))[2019-04-09T21:23:36.164][ReplicaB] -- Update with key z, value = 1
WriteLogItem(1554845001705,A,WriteOperation(z,+,1))[2019-04-09T21:23:36.164][ReplicaB] -- Update with key z, value = 1
WriteLogItem(1554845004716,A,WriteOperation(z,+,1))[2019-04-09T21:23:36.164][ReplicaB] -- Update with key z, value = 1
WriteLogItem(1554845008755,A,WriteOperation(z,+,1))[2019-04-09T21:23:36.164][ReplicaB] -- Update with key z, value = 1
WriteLogItem(1554845012289,A,WriteOperation(z,+,1))[2019-04-09T21:23:36.164][ReplicaB] -- Update with key z, value = 1
WriteLogItem(1554845014122,A,WriteOperation(z,+,1))[2019-04-09T21:23:36.164][ReplicaB] -- Update with key z, value = 1
WriteLogItem(1554845016135,A,WriteOperation(z,+,1))[2019-04-09T21:23:36.164][ReplicaB] -- Update with key z, value = 1

[2019-04-09T21:23:40.600][ReplicaB] Accept WriteLog
WriteLogItem(1554845003221,A,WriteOperation(x,+,1))[2019-04-09T21:23:40.600][ReplicaB] -- Update with key x, value = 1
WriteLogItem(1554845010585,A,WriteOperation(x,+,1))[2019-04-09T21:23:40.600][ReplicaB] -- Update with key x, value = 1
WriteLogItem(1554845020589,A,WriteOperation(x,+,1))[2019-04-09T21:23:40.600][ReplicaB] -- Update with key x, value = 1

[2019-04-09T21:23:52.812][ReplicaB] Accept WriteLog
WriteLogItem(1554845000201,A,WriteOperation(y,+,1))[2019-04-09T21:23:52.812][ReplicaB] -- Update with key y, value = 1
WriteLogItem(1554845006958,A,WriteOperation(y,+,1))[2019-04-09T21:23:52.812][ReplicaB] -- Update with key y, value = 1
WriteLogItem(1554845023930,A,WriteOperation(y,+,1))[2019-04-09T21:23:52.812][ReplicaB] -- Update with key y, value = 1
WriteLogItem(1554845028190,A,WriteOperation(y,+,1))[2019-04-09T21:23:52.812][ReplicaB] -- Update with key y, value = 1
WriteLogItem(1554845032792,A,WriteOperation(y,+,1))[2019-04-09T21:23:52.812][ReplicaB] -- Update with key y, value = 1

[2019-04-09T21:23:58.399][ReplicaB] Accept WriteLog
WriteLogItem(1554845030505,A,WriteOperation(x,+,1))[2019-04-09T21:23:58.400][ReplicaB] -- Update with key x, value = 1
WriteLogItem(1554845036038,A,WriteOperation(x,+,1))[2019-04-09T21:23:58.400][ReplicaB] -- Update with key x, value = 1
WriteLogItem(1554845038391,A,WriteOperation(x,+,1))[2019-04-09T21:23:58.400][ReplicaB] -- Update with key x, value = 1

[2019-04-09T21:24:07.317][ReplicaB] Accept WriteLog
WriteLogItem(1554845041736,A,WriteOperation(x,+,1))[2019-04-09T21:24:07.317][ReplicaB] -- Update with key x, value = 1
WriteLogItem(1554845043664,A,WriteOperation(x,+,1))[2019-04-09T21:24:07.317][ReplicaB] -- Update with key x, value = 1
WriteLogItem(1554845047306,A,WriteOperation(x,+,1))[2019-04-09T21:24:07.317][ReplicaB] -- Update with key x, value = 1

[2019-04-09T21:24:23.026][ReplicaB] Accept WriteLog
WriteLogItem(1554845045573,A,WriteOperation(y,+,1))[2019-04-09T21:24:23.026][ReplicaB] -- Update with key y, value = 1
WriteLogItem(1554845057029,A,WriteOperation(y,+,1))[2019-04-09T21:24:23.026][ReplicaB] -- Update with key y, value = 1
WriteLogItem(1554845058848,A,WriteOperation(y,+,1))[2019-04-09T21:24:23.026][ReplicaB] -- Update with key y, value = 1
WriteLogItem(1554845061193,A,WriteOperation(y,+,1))[2019-04-09T21:24:23.026][ReplicaB] -- Update with key y, value = 1
WriteLogItem(1554845063016,A,WriteOperation(y,+,1))[2019-04-09T21:24:23.026][ReplicaB] -- Update with key y, value = 1

[2019-04-09T21:24:30.007][ReplicaB] Accept WriteLog
WriteLogItem(1554845050532,A,WriteOperation(x,+,1))[2019-04-09T21:24:30.008][ReplicaB] -- Update with key x, value = 1
WriteLogItem(1554845054641,A,WriteOperation(x,+,1))[2019-04-09T21:24:30.009][ReplicaB] -- Update with key x, value = 1
WriteLogItem(1554845069993,A,WriteOperation(x,+,1))[2019-04-09T21:24:30.009][ReplicaB] -- Update with key x, value = 1

[2019-04-09T21:24:48.180][ReplicaB] Accept WriteLog
WriteLogItem(1554845066669,A,WriteOperation(y,+,1))[2019-04-09T21:24:48.181][ReplicaB] -- Update with key y, value = 1
WriteLogItem(1554845074381,A,WriteOperation(y,+,1))[2019-04-09T21:24:48.181][ReplicaB] -- Update with key y, value = 1
WriteLogItem(1554845078130,A,WriteOperation(y,+,1))[2019-04-09T21:24:48.181][ReplicaB] -- Update with key y, value = 1
WriteLogItem(1554845086245,A,WriteOperation(y,+,1))[2019-04-09T21:24:48.181][ReplicaB] -- Update with key y, value = 1
WriteLogItem(1554845088158,A,WriteOperation(y,+,1))[2019-04-09T21:24:48.181][ReplicaB] -- Update with key y, value = 1

[2019-04-09T21:24:57.326][ReplicaB] Accept WriteLog
WriteLogItem(1554845081986,A,WriteOperation(x,+,1))[2019-04-09T21:24:57.326][ReplicaB] -- Update with key x, value = 1
WriteLogItem(1554845091149,A,WriteOperation(x,+,1))[2019-04-09T21:24:57.326][ReplicaB] -- Update with key x, value = 1
WriteLogItem(1554845097313,A,WriteOperation(x,+,1))[2019-04-09T21:24:57.327][ReplicaB] -- Update with key x, value = 1

[2019-04-09T21:25:06.609][ReplicaB] Accept WriteLog
WriteLogItem(1554845026130,A,WriteOperation(z,+,1))[2019-04-09T21:25:06.610][ReplicaB] -- Update with key z, value = 1
WriteLogItem(1554845052415,A,WriteOperation(z,+,1))[2019-04-09T21:25:06.610][ReplicaB] -- Update with key z, value = 1
WriteLogItem(1554845068340,A,WriteOperation(z,+,1))[2019-04-09T21:25:06.610][ReplicaB] -- Update with key z, value = 1
WriteLogItem(1554845076465,A,WriteOperation(z,+,1))[2019-04-09T21:25:06.611][ReplicaB] -- Update with key z, value = 1
WriteLogItem(1554845079799,A,WriteOperation(z,+,1))[2019-04-09T21:25:06.611][ReplicaB] -- Update with key z, value = 1
WriteLogItem(1554845083978,A,WriteOperation(z,+,1))[2019-04-09T21:25:06.611][ReplicaB] -- Update with key z, value = 1
WriteLogItem(1554845093308,A,WriteOperation(z,+,1))[2019-04-09T21:25:06.611][ReplicaB] -- Update with key z, value = 1
WriteLogItem(1554845095052,A,WriteOperation(z,+,1))[2019-04-09T21:25:06.611][ReplicaB] -- Update with key z, value = 1
WriteLogItem(1554845100869,A,WriteOperation(z,+,1))[2019-04-09T21:25:06.611][ReplicaB] -- Update with key z, value = 1
WriteLogItem(1554845106598,A,WriteOperation(z,+,1))[2019-04-09T21:25:06.612][ReplicaB] -- Update with key z, value = 1

[2019-04-09T21:25:14.398][ReplicaB] Read key = x
[2019-04-09T21:25:15.441][ReplicaB] Read key = y
[2019-04-09T21:25:16.496][ReplicaB] Read key = z
[2019-04-09T21:25:59.649][ReplicaB] Accept WriteLog
WriteLogItem(1554845102906,A,WriteOperation(y,+,1))[2019-04-09T21:25:59.649][ReplicaB] -- Update with key y, value = 1
WriteLogItem(1554845105022,A,WriteOperation(y,+,1))[2019-04-09T21:25:59.650][ReplicaB] -- Update with key y, value = 1
WriteLogItem(1554845141947,A,WriteOperation(y,+,1))[2019-04-09T21:25:59.650][ReplicaB] -- Update with key y, value = 1
WriteLogItem(1554845149525,A,WriteOperation(y,+,1))[2019-04-09T21:25:59.650][ReplicaB] -- Update with key y, value = 1
WriteLogItem(1554845159635,A,WriteOperation(y,+,1))[2019-04-09T21:25:59.650][ReplicaB] -- Update with key y, value = 1

[2019-04-09T21:26:07.810][ReplicaB] Accept WriteLog
WriteLogItem(1554845157435,A,WriteOperation(x,+,1))[2019-04-09T21:26:07.810][ReplicaB] -- Update with key x, value = 1
WriteLogItem(1554845163668,A,WriteOperation(x,+,1))[2019-04-09T21:26:07.810][ReplicaB] -- Update with key x, value = 1
WriteLogItem(1554845167798,A,WriteOperation(x,+,1))[2019-04-09T21:26:07.810][ReplicaB] -- Update with key x, value = 1

[2019-04-09T21:26:24.105][ReplicaB] Accept WriteLog
WriteLogItem(1554845178382,A,WriteOperation(x,+,1))[2019-04-09T21:26:24.106][ReplicaB] -- Update with key x, value = 1
WriteLogItem(1554845180028,A,WriteOperation(x,+,1))[2019-04-09T21:26:24.106][ReplicaB] -- Update with key x, value = 1
WriteLogItem(1554845184083,A,WriteOperation(x,+,1))[2019-04-09T21:26:24.107][ReplicaB] -- Update with key x, value = 1

[2019-04-09T21:26:27.812][ReplicaB] Accept WriteLog
WriteLogItem(1554845143728,A,WriteOperation(z,+,1))[2019-04-09T21:26:27.813][ReplicaB] -- Update with key z, value = 1
WriteLogItem(1554845145426,A,WriteOperation(z,+,1))[2019-04-09T21:26:27.813][ReplicaB] -- Update with key z, value = 1
WriteLogItem(1554845147517,A,WriteOperation(z,+,1))[2019-04-09T21:26:27.813][ReplicaB] -- Update with key z, value = 1
WriteLogItem(1554845151346,A,WriteOperation(z,+,1))[2019-04-09T21:26:27.813][ReplicaB] -- Update with key z, value = 1
WriteLogItem(1554845153691,A,WriteOperation(z,+,1))[2019-04-09T21:26:27.813][ReplicaB] -- Update with key z, value = 1
WriteLogItem(1554845155247,A,WriteOperation(z,+,1))[2019-04-09T21:26:27.813][ReplicaB] -- Update with key z, value = 1
WriteLogItem(1554845165464,A,WriteOperation(z,+,1))[2019-04-09T21:26:27.813][ReplicaB] -- Update with key z, value = 1
WriteLogItem(1554845174509,A,WriteOperation(z,+,1))[2019-04-09T21:26:27.813][ReplicaB] -- Update with key z, value = 1
WriteLogItem(1554845182451,A,WriteOperation(z,+,1))[2019-04-09T21:26:27.813][ReplicaB] -- Update with key z, value = 1
WriteLogItem(1554845187805,A,WriteOperation(z,+,1))[2019-04-09T21:26:27.813][ReplicaB] -- Update with key z, value = 1

[2019-04-09T21:26:36.906][ReplicaB] Accept WriteLog
WriteLogItem(1554845171260,A,WriteOperation(y,+,1))[2019-04-09T21:26:36.907][ReplicaB] -- Update with key y, value = 1
WriteLogItem(1554845172765,A,WriteOperation(y,+,1))[2019-04-09T21:26:36.908][ReplicaB] -- Update with key y, value = 1
WriteLogItem(1554845176827,A,WriteOperation(y,+,1))[2019-04-09T21:26:36.908][ReplicaB] -- Update with key y, value = 1
WriteLogItem(1554845190876,A,WriteOperation(y,+,1))[2019-04-09T21:26:36.908][ReplicaB] -- Update with key y, value = 1
WriteLogItem(1554845196892,A,WriteOperation(y,+,1))[2019-04-09T21:26:36.908][ReplicaB] -- Update with key y, value = 1

[2019-04-09T21:26:44.981][ReplicaB] Accept WriteLog
WriteLogItem(1554845193293,A,WriteOperation(x,+,1))[2019-04-09T21:26:44.981][ReplicaB] -- Update with key x, value = 1
WriteLogItem(1554845200732,A,WriteOperation(x,+,1))[2019-04-09T21:26:44.981][ReplicaB] -- Update with key x, value = 1
WriteLogItem(1554845204967,A,WriteOperation(x,+,1))[2019-04-09T21:26:44.981][ReplicaB] -- Update with key x, value = 1

[2019-04-09T21:26:54.712][ReplicaB] Accept WriteLog
WriteLogItem(1554845210392,A,WriteOperation(x,+,1))[2019-04-09T21:26:54.713][ReplicaB] -- Update with key x, value = 1
WriteLogItem(1554845212581,A,WriteOperation(x,+,1))[2019-04-09T21:26:54.713][ReplicaB] -- Update with key x, value = 1
WriteLogItem(1554845214704,A,WriteOperation(x,+,1))[2019-04-09T21:26:54.713][ReplicaB] -- Update with key x, value = 1

[2019-04-09T21:27:11.984][ReplicaB] Accept WriteLog
WriteLogItem(1554845202245,A,WriteOperation(y,+,1))[2019-04-09T21:27:11.985][ReplicaB] -- Update with key y, value = 1
WriteLogItem(1554845208116,A,WriteOperation(y,+,1))[2019-04-09T21:27:11.985][ReplicaB] -- Update with key y, value = 1
WriteLogItem(1554845223968,A,WriteOperation(y,+,1))[2019-04-09T21:27:11.985][ReplicaB] -- Update with key y, value = 1
WriteLogItem(1554845230268,A,WriteOperation(y,+,1))[2019-04-09T21:27:11.985][ReplicaB] -- Update with key y, value = 1
WriteLogItem(1554845231974,A,WriteOperation(y,+,1))[2019-04-09T21:27:11.985][ReplicaB] -- Update with key y, value = 1

[2019-04-09T21:27:22.663][ReplicaB] Accept WriteLog
WriteLogItem(1554845217677,A,WriteOperation(x,+,1))[2019-04-09T21:27:22.664][ReplicaB] -- Update with key x, value = 1
WriteLogItem(1554845240307,A,WriteOperation(x,+,1))[2019-04-09T21:27:22.667][ReplicaB] -- Update with key x, value = 1
WriteLogItem(1554845242648,A,WriteOperation(x,+,1))[2019-04-09T21:27:22.667][ReplicaB] -- Update with key x, value = 1

[2019-04-09T21:27:39.222][ReplicaB] Accept WriteLog
WriteLogItem(1554845237918,A,WriteOperation(y,+,1))[2019-04-09T21:27:39.223][ReplicaB] -- Update with key y, value = 1
WriteLogItem(1554845249815,A,WriteOperation(y,+,1))[2019-04-09T21:27:39.223][ReplicaB] -- Update with key y, value = 1
WriteLogItem(1554845253398,A,WriteOperation(y,+,1))[2019-04-09T21:27:39.223][ReplicaB] -- Update with key y, value = 1
WriteLogItem(1554845256906,A,WriteOperation(y,+,1))[2019-04-09T21:27:39.223][ReplicaB] -- Update with key y, value = 1
WriteLogItem(1554845259216,A,WriteOperation(y,+,1))[2019-04-09T21:27:39.223][ReplicaB] -- Update with key y, value = 1

[2019-04-09T21:27:44.931][ReplicaB] Accept WriteLog
WriteLogItem(1554845194737,A,WriteOperation(z,+,1))[2019-04-09T21:27:44.931][ReplicaB] -- Update with key z, value = 1
WriteLogItem(1554845219972,A,WriteOperation(z,+,1))[2019-04-09T21:27:44.931][ReplicaB] -- Update with key z, value = 1
WriteLogItem(1554845221731,A,WriteOperation(z,+,1))[2019-04-09T21:27:44.931][ReplicaB] -- Update with key z, value = 1
WriteLogItem(1554845225940,A,WriteOperation(z,+,1))[2019-04-09T21:27:44.931][ReplicaB] -- Update with key z, value = 1
WriteLogItem(1554845228026,A,WriteOperation(z,+,1))[2019-04-09T21:27:44.931][ReplicaB] -- Update with key z, value = 1
WriteLogItem(1554845236351,A,WriteOperation(z,+,1))[2019-04-09T21:27:44.931][ReplicaB] -- Update with key z, value = 1
WriteLogItem(1554845247587,A,WriteOperation(z,+,1))[2019-04-09T21:27:44.931][ReplicaB] -- Update with key z, value = 1
WriteLogItem(1554845251720,A,WriteOperation(z,+,1))[2019-04-09T21:27:44.931][ReplicaB] -- Update with key z, value = 1
WriteLogItem(1554845262532,A,WriteOperation(z,+,1))[2019-04-09T21:27:44.931][ReplicaB] -- Update with key z, value = 1
WriteLogItem(1554845264921,A,WriteOperation(z,+,1))[2019-04-09T21:27:44.931][ReplicaB] -- Update with key z, value = 1

[2019-04-09T21:27:49.725][ReplicaB] Accept WriteLog
WriteLogItem(1554845245633,A,WriteOperation(x,+,1))[2019-04-09T21:27:49.725][ReplicaB] -- Update with key x, value = 1
WriteLogItem(1554845254855,A,WriteOperation(x,+,1))[2019-04-09T21:27:49.725][ReplicaB] -- Update with key x, value = 1
WriteLogItem(1554845269718,A,WriteOperation(x,+,1))[2019-04-09T21:27:49.725][ReplicaB] -- Update with key x, value = 1

[2019-04-09T21:28:06.741][ReplicaB] Accept WriteLog
WriteLogItem(1554845280602,A,WriteOperation(x,+,1))[2019-04-09T21:28:06.742][ReplicaB] -- Update with key x, value = 1
WriteLogItem(1554845282820,A,WriteOperation(x,+,1))[2019-04-09T21:28:06.742][ReplicaB] -- Update with key x, value = 1
WriteLogItem(1554845286736,A,WriteOperation(x,+,1))[2019-04-09T21:28:06.743][ReplicaB] -- Update with key x, value = 1

[2019-04-09T21:28:14.254][ReplicaB] Accept WriteLog
WriteLogItem(1554845273476,A,WriteOperation(y,+,1))[2019-04-09T21:28:14.254][ReplicaB] -- Update with key y, value = 1
WriteLogItem(1554845275241,A,WriteOperation(y,+,1))[2019-04-09T21:28:14.254][ReplicaB] -- Update with key y, value = 1
WriteLogItem(1554845277102,A,WriteOperation(y,+,1))[2019-04-09T21:28:14.254][ReplicaB] -- Update with key y, value = 1
WriteLogItem(1554845292101,A,WriteOperation(y,+,1))[2019-04-09T21:28:14.254][ReplicaB] -- Update with key y, value = 1
WriteLogItem(1554845294247,A,WriteOperation(y,+,1))[2019-04-09T21:28:14.254][ReplicaB] -- Update with key y, value = 1

[2019-04-09T21:28:23.253][ReplicaB] Accept WriteLog
WriteLogItem(1554845290365,A,WriteOperation(x,+,1))[2019-04-09T21:28:23.253][ReplicaB] -- Update with key x, value = 1
WriteLogItem(1554845300763,A,WriteOperation(x,+,1))[2019-04-09T21:28:23.253][ReplicaB] -- Update with key x, value = 1
WriteLogItem(1554845303243,A,WriteOperation(x,+,1))[2019-04-09T21:28:23.253][ReplicaB] -- Update with key x, value = 1

[2019-04-09T21:28:39.495][ReplicaB] Read key = x
[2019-04-09T21:28:40.516][ReplicaB] Read key = y
[2019-04-09T21:28:41.542][ReplicaB] Read key = z
[2019-04-09T21:29:13.697][ReplicaB] Accept WriteLog
WriteLogItem(1554845298902,A,WriteOperation(y,+,1))[2019-04-09T21:29:13.698][ReplicaB] -- Update with key y, value = 1
WriteLogItem(1554845306100,A,WriteOperation(y,+,1))[2019-04-09T21:29:13.698][ReplicaB] -- Update with key y, value = 1
WriteLogItem(1554845347985,A,WriteOperation(y,+,1))[2019-04-09T21:29:13.698][ReplicaB] -- Update with key y, value = 1
WriteLogItem(1554845350408,A,WriteOperation(y,+,1))[2019-04-09T21:29:13.698][ReplicaB] -- Update with key y, value = 1
WriteLogItem(1554845353690,A,WriteOperation(y,+,1))[2019-04-09T21:29:13.698][ReplicaB] -- Update with key y, value = 1

[2019-04-09T21:29:17.838][ReplicaB] Accept WriteLog
WriteLogItem(1554845310358,A,WriteOperation(x,+,1))[2019-04-09T21:29:17.838][ReplicaB] -- Update with key x, value = 1
WriteLogItem(1554845312216,A,WriteOperation(x,+,1))[2019-04-09T21:29:17.839][ReplicaB] -- Update with key x, value = 1
WriteLogItem(1554845357831,A,WriteOperation(x,+,1))[2019-04-09T21:29:17.839][ReplicaB] -- Update with key x, value = 1

[2019-04-09T21:29:35.584][ReplicaB] Accept WriteLog
WriteLogItem(1554845362877,A,WriteOperation(y,+,1))[2019-04-09T21:29:35.584][ReplicaB] -- Update with key y, value = 1
WriteLogItem(1554845365300,A,WriteOperation(y,+,1))[2019-04-09T21:29:35.584][ReplicaB] -- Update with key y, value = 1
WriteLogItem(1554845369227,A,WriteOperation(y,+,1))[2019-04-09T21:29:35.584][ReplicaB] -- Update with key y, value = 1
WriteLogItem(1554845373279,A,WriteOperation(y,+,1))[2019-04-09T21:29:35.584][ReplicaB] -- Update with key y, value = 1
WriteLogItem(1554845375575,A,WriteOperation(y,+,1))[2019-04-09T21:29:35.585][ReplicaB] -- Update with key y, value = 1

[2019-04-09T21:29:47.206][ReplicaB] Accept WriteLog
WriteLogItem(1554845360778,A,WriteOperation(x,+,1))[2019-04-09T21:29:47.207][ReplicaB] -- Update with key x, value = 1
WriteLogItem(1554845371338,A,WriteOperation(x,+,1))[2019-04-09T21:29:47.207][ReplicaB] -- Update with key x, value = 1
WriteLogItem(1554845387199,A,WriteOperation(x,+,1))[2019-04-09T21:29:47.207][ReplicaB] -- Update with key x, value = 1

[2019-04-09T21:29:58.429][ReplicaB] Accept WriteLog
WriteLogItem(1554845267839,A,WriteOperation(z,+,1))[2019-04-09T21:29:58.430][ReplicaB] -- Update with key z, value = 1
WriteLogItem(1554845278634,A,WriteOperation(z,+,1))[2019-04-09T21:29:58.430][ReplicaB] -- Update with key z, value = 1
WriteLogItem(1554845284542,A,WriteOperation(z,+,1))[2019-04-09T21:29:58.430][ReplicaB] -- Update with key z, value = 1
WriteLogItem(1554845307990,A,WriteOperation(z,+,1))[2019-04-09T21:29:58.430][ReplicaB] -- Update with key z, value = 1
WriteLogItem(1554845351973,A,WriteOperation(z,+,1))[2019-04-09T21:29:58.430][ReplicaB] -- Update with key z, value = 1
WriteLogItem(1554845366967,A,WriteOperation(z,+,1))[2019-04-09T21:29:58.431][ReplicaB] -- Update with key z, value = 1
WriteLogItem(1554845379124,A,WriteOperation(z,+,1))[2019-04-09T21:29:58.431][ReplicaB] -- Update with key z, value = 1
WriteLogItem(1554845381380,A,WriteOperation(z,+,1))[2019-04-09T21:29:58.431][ReplicaB] -- Update with key z, value = 1
WriteLogItem(1554845382856,A,WriteOperation(z,+,1))[2019-04-09T21:29:58.431][ReplicaB] -- Update with key z, value = 1
WriteLogItem(1554845398416,A,WriteOperation(z,+,1))[2019-04-09T21:29:58.431][ReplicaB] -- Update with key z, value = 1

[2019-04-09T21:30:05.392][ReplicaB] Accept WriteLog
WriteLogItem(1554845394451,A,WriteOperation(x,+,1))[2019-04-09T21:30:05.392][ReplicaB] -- Update with key x, value = 1
WriteLogItem(1554845403125,A,WriteOperation(x,+,1))[2019-04-09T21:30:05.392][ReplicaB] -- Update with key x, value = 1
WriteLogItem(1554845405382,A,WriteOperation(x,+,1))[2019-04-09T21:30:05.392][ReplicaB] -- Update with key x, value = 1

[2019-04-09T21:30:11.146][ReplicaB] Accept WriteLog
WriteLogItem(1554845385325,A,WriteOperation(y,+,1))[2019-04-09T21:30:11.146][ReplicaB] -- Update with key y, value = 1
WriteLogItem(1554845390311,A,WriteOperation(y,+,1))[2019-04-09T21:30:11.146][ReplicaB] -- Update with key y, value = 1
WriteLogItem(1554845392806,A,WriteOperation(y,+,1))[2019-04-09T21:30:11.147][ReplicaB] -- Update with key y, value = 1
WriteLogItem(1554845396619,A,WriteOperation(y,+,1))[2019-04-09T21:30:11.147][ReplicaB] -- Update with key y, value = 1
WriteLogItem(1554845411138,A,WriteOperation(y,+,1))[2019-04-09T21:30:11.147][ReplicaB] -- Update with key y, value = 1

[2019-04-09T21:30:16.473][ReplicaB] Accept WriteLog
WriteLogItem(1554845409177,A,WriteOperation(x,+,1))[2019-04-09T21:30:16.473][ReplicaB] -- Update with key x, value = 1
WriteLogItem(1554845414873,A,WriteOperation(x,+,1))[2019-04-09T21:30:16.474][ReplicaB] -- Update with key x, value = 1
WriteLogItem(1554845416467,A,WriteOperation(x,+,1))[2019-04-09T21:30:16.474][ReplicaB] -- Update with key x, value = 1

[2019-04-09T21:30:32.774][ReplicaB] Accept WriteLog
WriteLogItem(1554845425252,A,WriteOperation(x,+,1))[2019-04-09T21:30:32.774][ReplicaB] -- Update with key x, value = 1
WriteLogItem(1554845429112,A,WriteOperation(x,+,1))[2019-04-09T21:30:32.774][ReplicaB] -- Update with key x, value = 1
WriteLogItem(1554845432766,A,WriteOperation(x,+,1))[2019-04-09T21:30:32.774][ReplicaB] -- Update with key x, value = 1

[2019-04-09T21:30:46.629][ReplicaB] Accept WriteLog
WriteLogItem(1554845440368,A,WriteOperation(x,+,1))[2019-04-09T21:30:46.630][ReplicaB] -- Update with key x, value = 1
WriteLogItem(1554845442410,A,WriteOperation(x,+,1))[2019-04-09T21:30:46.630][ReplicaB] -- Update with key x, value = 1
WriteLogItem(1554845446609,A,WriteOperation(x,+,1))[2019-04-09T21:30:46.630][ReplicaB] -- Update with key x, value = 1

[2019-04-09T21:30:54.149][ReplicaB] Accept WriteLog
WriteLogItem(1554845419940,A,WriteOperation(y,+,1))[2019-04-09T21:30:54.149][ReplicaB] -- Update with key y, value = 1
WriteLogItem(1554845430705,A,WriteOperation(y,+,1))[2019-04-09T21:30:54.150][ReplicaB] -- Update with key y, value = 1
WriteLogItem(1554845438244,A,WriteOperation(y,+,1))[2019-04-09T21:30:54.150][ReplicaB] -- Update with key y, value = 1
WriteLogItem(1554845444424,A,WriteOperation(y,+,1))[2019-04-09T21:30:54.150][ReplicaB] -- Update with key y, value = 1
WriteLogItem(1554845454138,A,WriteOperation(y,+,1))[2019-04-09T21:30:54.150][ReplicaB] -- Update with key y, value = 1

[2019-04-09T21:31:05.060][ReplicaB] Accept WriteLog
WriteLogItem(1554845460019,A,WriteOperation(x,+,1))[2019-04-09T21:31:05.060][ReplicaB] -- Update with key x, value = 1
WriteLogItem(1554845463498,A,WriteOperation(x,+,1))[2019-04-09T21:31:05.060][ReplicaB] -- Update with key x, value = 1
WriteLogItem(1554845465053,A,WriteOperation(x,+,1))[2019-04-09T21:31:05.060][ReplicaB] -- Update with key x, value = 1

[2019-04-09T21:31:14.782][ReplicaB] Accept WriteLog
WriteLogItem(1554845470553,A,WriteOperation(x,+,1))[2019-04-09T21:31:14.782][ReplicaB] -- Update with key x, value = 1
WriteLogItem(1554845472649,A,WriteOperation(x,+,1))[2019-04-09T21:31:14.782][ReplicaB] -- Update with key x, value = 1
WriteLogItem(1554845474776,A,WriteOperation(x,+,1))[2019-04-09T21:31:14.782][ReplicaB] -- Update with key x, value = 1

[2019-04-09T21:31:28.517][ReplicaB] Accept WriteLog
WriteLogItem(1554845461911,A,WriteOperation(y,+,1))[2019-04-09T21:31:28.517][ReplicaB] -- Update with key y, value = 1
WriteLogItem(1554845478452,A,WriteOperation(y,+,1))[2019-04-09T21:31:28.518][ReplicaB] -- Update with key y, value = 1
WriteLogItem(1554845481593,A,WriteOperation(y,+,1))[2019-04-09T21:31:28.518][ReplicaB] -- Update with key y, value = 1
WriteLogItem(1554845486287,A,WriteOperation(y,+,1))[2019-04-09T21:31:28.518][ReplicaB] -- Update with key y, value = 1
WriteLogItem(1554845488506,A,WriteOperation(y,+,1))[2019-04-09T21:31:28.518][ReplicaB] -- Update with key y, value = 1

[2019-04-09T21:31:35.423][ReplicaB] Accept WriteLog
WriteLogItem(1554845480041,A,WriteOperation(x,+,1))[2019-04-09T21:31:35.424][ReplicaB] -- Update with key x, value = 1
WriteLogItem(1554845483844,A,WriteOperation(x,+,1))[2019-04-09T21:31:35.424][ReplicaB] -- Update with key x, value = 1
WriteLogItem(1554845495418,A,WriteOperation(x,+,1))[2019-04-09T21:31:35.424][ReplicaB] -- Update with key x, value = 1

[2019-04-09T21:31:50.969][ReplicaB] Accept WriteLog
WriteLogItem(1554845421500,A,WriteOperation(z,+,1))[2019-04-09T21:31:50.969][ReplicaB] -- Update with key z, value = 1
WriteLogItem(1554845423780,A,WriteOperation(z,+,1))[2019-04-09T21:31:50.969][ReplicaB] -- Update with key z, value = 1
WriteLogItem(1554845427424,A,WriteOperation(z,+,1))[2019-04-09T21:31:50.969][ReplicaB] -- Update with key z, value = 1
WriteLogItem(1554845436140,A,WriteOperation(z,+,1))[2019-04-09T21:31:50.969][ReplicaB] -- Update with key z, value = 1
WriteLogItem(1554845451793,A,WriteOperation(z,+,1))[2019-04-09T21:31:50.969][ReplicaB] -- Update with key z, value = 1
WriteLogItem(1554845457619,A,WriteOperation(z,+,1))[2019-04-09T21:31:50.969][ReplicaB] -- Update with key z, value = 1
WriteLogItem(1554845468864,A,WriteOperation(z,+,1))[2019-04-09T21:31:50.970][ReplicaB] -- Update with key z, value = 1
WriteLogItem(1554845493687,A,WriteOperation(z,+,1))[2019-04-09T21:31:50.971][ReplicaB] -- Update with key z, value = 1
WriteLogItem(1554845503284,A,WriteOperation(z,+,1))[2019-04-09T21:31:50.971][ReplicaB] -- Update with key z, value = 1
WriteLogItem(1554845510960,A,WriteOperation(z,+,1))[2019-04-09T21:31:50.971][ReplicaB] -- Update with key z, value = 1

[2019-04-09T21:31:59.506][ReplicaB] Accept WriteLog
WriteLogItem(1554845491769,A,WriteOperation(y,+,1))[2019-04-09T21:31:59.506][ReplicaB] -- Update with key y, value = 1
WriteLogItem(1554845500881,A,WriteOperation(y,+,1))[2019-04-09T21:31:59.506][ReplicaB] -- Update with key y, value = 1
WriteLogItem(1554845506751,A,WriteOperation(y,+,1))[2019-04-09T21:31:59.506][ReplicaB] -- Update with key y, value = 1
WriteLogItem(1554845508858,A,WriteOperation(y,+,1))[2019-04-09T21:31:59.506][ReplicaB] -- Update with key y, value = 1
WriteLogItem(1554845519499,A,WriteOperation(y,+,1))[2019-04-09T21:31:59.506][ReplicaB] -- Update with key y, value = 1

[2019-04-09T21:32:11.476][ReplicaB] Read key = x
[2019-04-09T21:32:12.570][ReplicaB] Read key = y
[2019-04-09T21:32:13.622][ReplicaB] Read key = z
[2019-04-09T21:32:42.824][ReplicaB] Accept WriteLog
WriteLogItem(1554845498759,A,WriteOperation(x,+,1))[2019-04-09T21:32:42.825][ReplicaB] -- Update with key x, value = 1
WriteLogItem(1554845505064,A,WriteOperation(x,+,1))[2019-04-09T21:32:42.825][ReplicaB] -- Update with key x, value = 1
WriteLogItem(1554845562812,A,WriteOperation(x,+,1))[2019-04-09T21:32:42.825][ReplicaB] -- Update with key x, value = 1

[2019-04-09T21:32:55.676][ReplicaB] Accept WriteLog
WriteLogItem(1554845566670,A,WriteOperation(x,+,1))[2019-04-09T21:32:55.676][ReplicaB] -- Update with key x, value = 1
WriteLogItem(1554845569088,A,WriteOperation(x,+,1))[2019-04-09T21:32:55.676][ReplicaB] -- Update with key x, value = 1
WriteLogItem(1554845575671,A,WriteOperation(x,+,1))[2019-04-09T21:32:55.676][ReplicaB] -- Update with key x, value = 1

[2019-04-09T21:33:06.767][ReplicaB] Accept WriteLog
WriteLogItem(1554845580882,A,WriteOperation(x,+,1))[2019-04-09T21:33:06.767][ReplicaB] -- Update with key x, value = 1
WriteLogItem(1554845583004,A,WriteOperation(x,+,1))[2019-04-09T21:33:06.768][ReplicaB] -- Update with key x, value = 1
WriteLogItem(1554845586757,A,WriteOperation(x,+,1))[2019-04-09T21:33:06.768][ReplicaB] -- Update with key x, value = 1

[2019-04-09T21:33:18.484][ReplicaB] Accept WriteLog
WriteLogItem(1554845595189,A,WriteOperation(x,+,1))[2019-04-09T21:33:18.484][ReplicaB] -- Update with key x, value = 1
WriteLogItem(1554845596692,A,WriteOperation(x,+,1))[2019-04-09T21:33:18.484][ReplicaB] -- Update with key x, value = 1
WriteLogItem(1554845598478,A,WriteOperation(x,+,1))[2019-04-09T21:33:18.484][ReplicaB] -- Update with key x, value = 1

[2019-04-09T21:33:24.493][ReplicaB] Accept WriteLog
WriteLogItem(1554845559465,A,WriteOperation(y,+,1))[2019-04-09T21:33:24.493][ReplicaB] -- Update with key y, value = 1
WriteLogItem(1554845579426,A,WriteOperation(y,+,1))[2019-04-09T21:33:24.494][ReplicaB] -- Update with key y, value = 1
WriteLogItem(1554845584940,A,WriteOperation(y,+,1))[2019-04-09T21:33:24.494][ReplicaB] -- Update with key y, value = 1
WriteLogItem(1554845591575,A,WriteOperation(y,+,1))[2019-04-09T21:33:24.494][ReplicaB] -- Update with key y, value = 1
WriteLogItem(1554845604483,A,WriteOperation(y,+,1))[2019-04-09T21:33:24.494][ReplicaB] -- Update with key y, value = 1

[2019-04-09T21:33:31.691][ReplicaB] Accept WriteLog
WriteLogItem(1554845515309,A,WriteOperation(z,+,1))[2019-04-09T21:33:31.691][ReplicaB] -- Update with key z, value = 1
WriteLogItem(1554845517255,A,WriteOperation(z,+,1))[2019-04-09T21:33:31.692][ReplicaB] -- Update with key z, value = 1
WriteLogItem(1554845523297,A,WriteOperation(z,+,1))[2019-04-09T21:33:31.692][ReplicaB] -- Update with key z, value = 1
WriteLogItem(1554845524760,A,WriteOperation(z,+,1))[2019-04-09T21:33:31.692][ReplicaB] -- Update with key z, value = 1
WriteLogItem(1554845561308,A,WriteOperation(z,+,1))[2019-04-09T21:33:31.692][ReplicaB] -- Update with key z, value = 1
WriteLogItem(1554845571556,A,WriteOperation(z,+,1))[2019-04-09T21:33:31.692][ReplicaB] -- Update with key z, value = 1
WriteLogItem(1554845573768,A,WriteOperation(z,+,1))[2019-04-09T21:33:31.692][ReplicaB] -- Update with key z, value = 1
WriteLogItem(1554845593153,A,WriteOperation(z,+,1))[2019-04-09T21:33:31.692][ReplicaB] -- Update with key z, value = 1
WriteLogItem(1554845609528,A,WriteOperation(z,+,1))[2019-04-09T21:33:31.692][ReplicaB] -- Update with key z, value = 1
WriteLogItem(1554845611683,A,WriteOperation(z,+,1))[2019-04-09T21:33:31.692][ReplicaB] -- Update with key z, value = 1

[2019-04-09T21:33:35.454][ReplicaB] Accept WriteLog
WriteLogItem(1554845602141,A,WriteOperation(x,+,1))[2019-04-09T21:33:35.454][ReplicaB] -- Update with key x, value = 1
WriteLogItem(1554845607456,A,WriteOperation(x,+,1))[2019-04-09T21:33:35.454][ReplicaB] -- Update with key x, value = 1
WriteLogItem(1554845615446,A,WriteOperation(x,+,1))[2019-04-09T21:33:35.454][ReplicaB] -- Update with key x, value = 1

[2019-04-09T21:33:49.997][ReplicaB] Accept WriteLog
WriteLogItem(1554845622122,A,WriteOperation(x,+,1))[2019-04-09T21:33:49.997][ReplicaB] -- Update with key x, value = 1
WriteLogItem(1554845626337,A,WriteOperation(x,+,1))[2019-04-09T21:33:49.998][ReplicaB] -- Update with key x, value = 1
WriteLogItem(1554845629982,A,WriteOperation(x,+,1))[2019-04-09T21:33:49.998][ReplicaB] -- Update with key x, value = 1

[2019-04-09T21:34:05.328][ReplicaB] Accept WriteLog
WriteLogItem(1554845620603,A,WriteOperation(y,+,1))[2019-04-09T21:34:05.328][ReplicaB] -- Update with key y, value = 1
WriteLogItem(1554845624394,A,WriteOperation(y,+,1))[2019-04-09T21:34:05.329][ReplicaB] -- Update with key y, value = 1
WriteLogItem(1554845633532,A,WriteOperation(y,+,1))[2019-04-09T21:34:05.329][ReplicaB] -- Update with key y, value = 1
WriteLogItem(1554845635125,A,WriteOperation(y,+,1))[2019-04-09T21:34:05.329][ReplicaB] -- Update with key y, value = 1
WriteLogItem(1554845645316,A,WriteOperation(y,+,1))[2019-04-09T21:34:05.329][ReplicaB] -- Update with key y, value = 1

[2019-04-09T21:34:19.325][ReplicaB] Accept WriteLog
WriteLogItem(1554845638718,A,WriteOperation(x,+,1))[2019-04-09T21:34:19.326][ReplicaB] -- Update with key x, value = 1
WriteLogItem(1554845657211,A,WriteOperation(x,+,1))[2019-04-09T21:34:19.326][ReplicaB] -- Update with key x, value = 1
WriteLogItem(1554845659317,A,WriteOperation(x,+,1))[2019-04-09T21:34:19.326][ReplicaB] -- Update with key x, value = 1

[2019-04-09T21:34:32.167][ReplicaB] Accept WriteLog
WriteLogItem(1554845619063,A,WriteOperation(z,+,1))[2019-04-09T21:34:32.167][ReplicaB] -- Update with key z, value = 1
WriteLogItem(1554845628548,A,WriteOperation(z,+,1))[2019-04-09T21:34:32.167][ReplicaB] -- Update with key z, value = 1
WriteLogItem(1554845637033,A,WriteOperation(z,+,1))[2019-04-09T21:34:32.167][ReplicaB] -- Update with key z, value = 1
WriteLogItem(1554845641005,A,WriteOperation(z,+,1))[2019-04-09T21:34:32.167][ReplicaB] -- Update with key z, value = 1
WriteLogItem(1554845643313,A,WriteOperation(z,+,1))[2019-04-09T21:34:32.167][ReplicaB] -- Update with key z, value = 1
WriteLogItem(1554845649681,A,WriteOperation(z,+,1))[2019-04-09T21:34:32.167][ReplicaB] -- Update with key z, value = 1
WriteLogItem(1554845652113,A,WriteOperation(z,+,1))[2019-04-09T21:34:32.167][ReplicaB] -- Update with key z, value = 1
WriteLogItem(1554845662477,A,WriteOperation(z,+,1))[2019-04-09T21:34:32.167][ReplicaB] -- Update with key z, value = 1
WriteLogItem(1554845670771,A,WriteOperation(z,+,1))[2019-04-09T21:34:32.167][ReplicaB] -- Update with key z, value = 1
WriteLogItem(1554845672162,A,WriteOperation(z,+,1))[2019-04-09T21:34:32.167][ReplicaB] -- Update with key z, value = 1

[2019-04-09T21:34:38.470][ReplicaB] Accept WriteLog
WriteLogItem(1554845666905,A,WriteOperation(x,+,1))[2019-04-09T21:34:38.470][ReplicaB] -- Update with key x, value = 1
WriteLogItem(1554845676969,A,WriteOperation(x,+,1))[2019-04-09T21:34:38.470][ReplicaB] -- Update with key x, value = 1
WriteLogItem(1554845678465,A,WriteOperation(x,+,1))[2019-04-09T21:34:38.470][ReplicaB] -- Update with key x, value = 1

[2019-04-09T21:34:44.487][ReplicaB] Accept WriteLog
WriteLogItem(1554845654127,A,WriteOperation(y,+,1))[2019-04-09T21:34:44.488][ReplicaB] -- Update with key y, value = 1
WriteLogItem(1554845655634,A,WriteOperation(y,+,1))[2019-04-09T21:34:44.488][ReplicaB] -- Update with key y, value = 1
WriteLogItem(1554845664828,A,WriteOperation(y,+,1))[2019-04-09T21:34:44.489][ReplicaB] -- Update with key y, value = 1
WriteLogItem(1554845669087,A,WriteOperation(y,+,1))[2019-04-09T21:34:44.489][ReplicaB] -- Update with key y, value = 1
WriteLogItem(1554845684478,A,WriteOperation(y,+,1))[2019-04-09T21:34:44.489][ReplicaB] -- Update with key y, value = 1

[2019-04-09T21:35:06.961][ReplicaB] Accept WriteLog
WriteLogItem(1554845698486,A,WriteOperation(x,+,1))[2019-04-09T21:35:06.961][ReplicaB] -- Update with key x, value = 1
WriteLogItem(1554845702832,A,WriteOperation(x,+,1))[2019-04-09T21:35:06.961][ReplicaB] -- Update with key x, value = 1
WriteLogItem(1554845706956,A,WriteOperation(x,+,1))[2019-04-09T21:35:06.961][ReplicaB] -- Update with key x, value = 1

[2019-04-09T21:35:18.775][ReplicaB] Accept WriteLog
WriteLogItem(1554845712933,A,WriteOperation(x,+,1))[2019-04-09T21:35:18.775][ReplicaB] -- Update with key x, value = 1
WriteLogItem(1554845716565,A,WriteOperation(x,+,1))[2019-04-09T21:35:18.775][ReplicaB] -- Update with key x, value = 1
WriteLogItem(1554845718768,A,WriteOperation(x,+,1))[2019-04-09T21:35:18.775][ReplicaB] -- Update with key x, value = 1

[2019-04-09T21:35:28.024][ReplicaB] Accept WriteLog
WriteLogItem(1554845700433,A,WriteOperation(y,+,1))[2019-04-09T21:35:28.024][ReplicaB] -- Update with key y, value = 1
WriteLogItem(1554845705060,A,WriteOperation(y,+,1))[2019-04-09T21:35:28.024][ReplicaB] -- Update with key y, value = 1
WriteLogItem(1554845710690,A,WriteOperation(y,+,1))[2019-04-09T21:35:28.024][ReplicaB] -- Update with key y, value = 1
WriteLogItem(1554845723985,A,WriteOperation(y,+,1))[2019-04-09T21:35:28.024][ReplicaB] -- Update with key y, value = 1
WriteLogItem(1554845728011,A,WriteOperation(y,+,1))[2019-04-09T21:35:28.025][ReplicaB] -- Update with key y, value = 1

[2019-04-09T21:35:39.639][ReplicaB] Read key = x
[2019-04-09T21:35:40.694][ReplicaB] Read key = y
[2019-04-09T21:35:41.728][ReplicaB] Read key = z
[2019-04-09T21:36:07.554][ReplicaB] Accept WriteLog
WriteLogItem(1554845721905,A,WriteOperation(x,+,1))[2019-04-09T21:36:07.554][ReplicaB] -- Update with key x, value = 1
WriteLogItem(1554845726082,A,WriteOperation(x,+,1))[2019-04-09T21:36:07.554][ReplicaB] -- Update with key x, value = 1
WriteLogItem(1554845767544,A,WriteOperation(x,+,1))[2019-04-09T21:36:07.554][ReplicaB] -- Update with key x, value = 1

[2019-04-09T21:36:19.382][ReplicaB] Accept WriteLog
WriteLogItem(1554845675090,A,WriteOperation(z,+,1))[2019-04-09T21:36:19.382][ReplicaB] -- Update with key z, value = 1
WriteLogItem(1554845682147,A,WriteOperation(z,+,1))[2019-04-09T21:36:19.382][ReplicaB] -- Update with key z, value = 1
WriteLogItem(1554845688551,A,WriteOperation(z,+,1))[2019-04-09T21:36:19.383][ReplicaB] -- Update with key z, value = 1
WriteLogItem(1554845690246,A,WriteOperation(z,+,1))[2019-04-09T21:36:19.383][ReplicaB] -- Update with key z, value = 1
WriteLogItem(1554845692382,A,WriteOperation(z,+,1))[2019-04-09T21:36:19.383][ReplicaB] -- Update with key z, value = 1
WriteLogItem(1554845694627,A,WriteOperation(z,+,1))[2019-04-09T21:36:19.383][ReplicaB] -- Update with key z, value = 1
WriteLogItem(1554845696493,A,WriteOperation(z,+,1))[2019-04-09T21:36:19.383][ReplicaB] -- Update with key z, value = 1
WriteLogItem(1554845714721,A,WriteOperation(z,+,1))[2019-04-09T21:36:19.383][ReplicaB] -- Update with key z, value = 1
WriteLogItem(1554845775476,A,WriteOperation(z,+,1))[2019-04-09T21:36:19.383][ReplicaB] -- Update with key z, value = 1
WriteLogItem(1554845779377,A,WriteOperation(z,+,1))[2019-04-09T21:36:19.383][ReplicaB] -- Update with key z, value = 1

[2019-04-09T21:36:22.242][ReplicaB] Accept WriteLog
WriteLogItem(1554845773601,A,WriteOperation(x,+,1))[2019-04-09T21:36:22.242][ReplicaB] -- Update with key x, value = 1
WriteLogItem(1554845777397,A,WriteOperation(x,+,1))[2019-04-09T21:36:22.242][ReplicaB] -- Update with key x, value = 1
WriteLogItem(1554845782236,A,WriteOperation(x,+,1))[2019-04-09T21:36:22.242][ReplicaB] -- Update with key x, value = 1

[2019-04-09T21:36:29.941][ReplicaB] Accept WriteLog
WriteLogItem(1554845733195,A,WriteOperation(y,+,1))[2019-04-09T21:36:29.941][ReplicaB] -- Update with key y, value = 1
WriteLogItem(1554845771430,A,WriteOperation(y,+,1))[2019-04-09T21:36:29.941][ReplicaB] -- Update with key y, value = 1
WriteLogItem(1554845785340,A,WriteOperation(y,+,1))[2019-04-09T21:36:29.941][ReplicaB] -- Update with key y, value = 1
WriteLogItem(1554845787725,A,WriteOperation(y,+,1))[2019-04-09T21:36:29.941][ReplicaB] -- Update with key y, value = 1
WriteLogItem(1554845789936,A,WriteOperation(y,+,1))[2019-04-09T21:36:29.941][ReplicaB] -- Update with key y, value = 1

[2019-04-09T21:36:46.009][ReplicaB] Accept WriteLog
WriteLogItem(1554845800016,A,WriteOperation(x,+,1))[2019-04-09T21:36:46.009][ReplicaB] -- Update with key x, value = 1
WriteLogItem(1554845802260,A,WriteOperation(x,+,1))[2019-04-09T21:36:46.009][ReplicaB] -- Update with key x, value = 1
WriteLogItem(1554845805999,A,WriteOperation(x,+,1))[2019-04-09T21:36:46.009][ReplicaB] -- Update with key x, value = 1

[2019-04-09T21:37:02.879][ReplicaB] Accept WriteLog
WriteLogItem(1554845812882,A,WriteOperation(x,+,1))[2019-04-09T21:37:02.879][ReplicaB] -- Update with key x, value = 1
WriteLogItem(1554845815017,A,WriteOperation(x,+,1))[2019-04-09T21:37:02.879][ReplicaB] -- Update with key x, value = 1
WriteLogItem(1554845822871,A,WriteOperation(x,+,1))[2019-04-09T21:37:02.879][ReplicaB] -- Update with key x, value = 1

[2019-04-09T21:37:09.688][ReplicaB] Accept WriteLog
WriteLogItem(1554845795535,A,WriteOperation(y,+,1))[2019-04-09T21:37:09.688][ReplicaB] -- Update with key y, value = 1
WriteLogItem(1554845797762,A,WriteOperation(y,+,1))[2019-04-09T21:37:09.689][ReplicaB] -- Update with key y, value = 1
WriteLogItem(1554845804521,A,WriteOperation(y,+,1))[2019-04-09T21:37:09.689][ReplicaB] -- Update with key y, value = 1
WriteLogItem(1554845810711,A,WriteOperation(y,+,1))[2019-04-09T21:37:09.689][ReplicaB] -- Update with key y, value = 1
WriteLogItem(1554845829677,A,WriteOperation(y,+,1))[2019-04-09T21:37:09.689][ReplicaB] -- Update with key y, value = 1

[2019-04-09T21:37:24.188][ReplicaB] Accept WriteLog
WriteLogItem(1554845836967,A,WriteOperation(y,+,1))[2019-04-09T21:37:24.188][ReplicaB] -- Update with key y, value = 1
WriteLogItem(1554845838934,A,WriteOperation(y,+,1))[2019-04-09T21:37:24.188][ReplicaB] -- Update with key y, value = 1
WriteLogItem(1554845840808,A,WriteOperation(y,+,1))[2019-04-09T21:37:24.188][ReplicaB] -- Update with key y, value = 1
WriteLogItem(1554845842447,A,WriteOperation(y,+,1))[2019-04-09T21:37:24.188][ReplicaB] -- Update with key y, value = 1
WriteLogItem(1554845844181,A,WriteOperation(y,+,1))[2019-04-09T21:37:24.188][ReplicaB] -- Update with key y, value = 1

[2019-04-09T21:37:38.431][ReplicaB] Accept WriteLog
WriteLogItem(1554845834667,A,WriteOperation(x,+,1))[2019-04-09T21:37:38.431][ReplicaB] -- Update with key x, value = 1
WriteLogItem(1554845850281,A,WriteOperation(x,+,1))[2019-04-09T21:37:38.431][ReplicaB] -- Update with key x, value = 1
WriteLogItem(1554845858424,A,WriteOperation(x,+,1))[2019-04-09T21:37:38.431][ReplicaB] -- Update with key x, value = 1

[2019-04-09T21:37:46.540][ReplicaB] Accept WriteLog
WriteLogItem(1554845793580,A,WriteOperation(z,+,1))[2019-04-09T21:37:46.540][ReplicaB] -- Update with key z, value = 1
WriteLogItem(1554845817407,A,WriteOperation(z,+,1))[2019-04-09T21:37:46.540][ReplicaB] -- Update with key z, value = 1
WriteLogItem(1554845819363,A,WriteOperation(z,+,1))[2019-04-09T21:37:46.540][ReplicaB] -- Update with key z, value = 1
WriteLogItem(1554845820994,A,WriteOperation(z,+,1))[2019-04-09T21:37:46.540][ReplicaB] -- Update with key z, value = 1
WriteLogItem(1554845826032,A,WriteOperation(z,+,1))[2019-04-09T21:37:46.540][ReplicaB] -- Update with key z, value = 1
WriteLogItem(1554845828087,A,WriteOperation(z,+,1))[2019-04-09T21:37:46.540][ReplicaB] -- Update with key z, value = 1
WriteLogItem(1554845832644,A,WriteOperation(z,+,1))[2019-04-09T21:37:46.540][ReplicaB] -- Update with key z, value = 1
WriteLogItem(1554845855942,A,WriteOperation(z,+,1))[2019-04-09T21:37:46.540][ReplicaB] -- Update with key z, value = 1
WriteLogItem(1554845865071,A,WriteOperation(z,+,1))[2019-04-09T21:37:46.540][ReplicaB] -- Update with key z, value = 1
WriteLogItem(1554845866535,A,WriteOperation(z,+,1))[2019-04-09T21:37:46.540][ReplicaB] -- Update with key z, value = 1

[2019-04-09T21:37:51.622][ReplicaB] Accept WriteLog
WriteLogItem(1554845861316,A,WriteOperation(x,+,1))[2019-04-09T21:37:51.622][ReplicaB] -- Update with key x, value = 1
WriteLogItem(1554845862810,A,WriteOperation(x,+,1))[2019-04-09T21:37:51.622][ReplicaB] -- Update with key x, value = 1
WriteLogItem(1554845871617,A,WriteOperation(x,+,1))[2019-04-09T21:37:51.622][ReplicaB] -- Update with key x, value = 1

[2019-04-09T21:38:07.182][ReplicaB] Accept WriteLog
WriteLogItem(1554845880850,A,WriteOperation(x,+,1))[2019-04-09T21:38:07.182][ReplicaB] -- Update with key x, value = 1
WriteLogItem(1554845883132,A,WriteOperation(x,+,1))[2019-04-09T21:38:07.182][ReplicaB] -- Update with key x, value = 1
WriteLogItem(1554845887174,A,WriteOperation(x,+,1))[2019-04-09T21:38:07.182][ReplicaB] -- Update with key x, value = 1

[2019-04-09T21:38:12.144][ReplicaB] Accept WriteLog
WriteLogItem(1554845848849,A,WriteOperation(y,+,1))[2019-04-09T21:38:12.144][ReplicaB] -- Update with key y, value = 1
WriteLogItem(1554845851749,A,WriteOperation(y,+,1))[2019-04-09T21:38:12.144][ReplicaB] -- Update with key y, value = 1
WriteLogItem(1554845853949,A,WriteOperation(y,+,1))[2019-04-09T21:38:12.144][ReplicaB] -- Update with key y, value = 1
WriteLogItem(1554845869626,A,WriteOperation(y,+,1))[2019-04-09T21:38:12.144][ReplicaB] -- Update with key y, value = 1
WriteLogItem(1554845892138,A,WriteOperation(y,+,1))[2019-04-09T21:38:12.144][ReplicaB] -- Update with key y, value = 1

[2019-04-09T21:38:21.440][ReplicaB] Accept WriteLog
WriteLogItem(1554845895475,A,WriteOperation(x,+,1))[2019-04-09T21:38:21.440][ReplicaB] -- Update with key x, value = 1
WriteLogItem(1554845899557,A,WriteOperation(x,+,1))[2019-04-09T21:38:21.440][ReplicaB] -- Update with key x, value = 1
WriteLogItem(1554845901434,A,WriteOperation(x,+,1))[2019-04-09T21:38:21.440][ReplicaB] -- Update with key x, value = 1

[2019-04-09T21:38:32.581][ReplicaB] Accept WriteLog
WriteLogItem(1554845904325,A,WriteOperation(x,+,1))[2019-04-09T21:38:32.581][ReplicaB] -- Update with key x, value = 1
WriteLogItem(1554845908664,A,WriteOperation(x,+,1))[2019-04-09T21:38:32.581][ReplicaB] -- Update with key x, value = 1
WriteLogItem(1554845912571,A,WriteOperation(x,+,1))[2019-04-09T21:38:32.581][ReplicaB] -- Update with key x, value = 1

[2019-04-09T21:38:48.974][ReplicaB] Accept WriteLog
WriteLogItem(1554845915999,A,WriteOperation(x,+,1))[2019-04-09T21:38:48.974][ReplicaB] -- Update with key x, value = 1
WriteLogItem(1554845926622,A,WriteOperation(x,+,1))[2019-04-09T21:38:48.974][ReplicaB] -- Update with key x, value = 1
WriteLogItem(1554845928967,A,WriteOperation(x,+,1))[2019-04-09T21:38:48.974][ReplicaB] -- Update with key x, value = 1

[2019-04-09T21:38:53.883][ReplicaB] Accept WriteLog
WriteLogItem(1554845897896,A,WriteOperation(y,+,1))[2019-04-09T21:38:53.883][ReplicaB] -- Update with key y, value = 1
WriteLogItem(1554845917818,A,WriteOperation(y,+,1))[2019-04-09T21:38:53.883][ReplicaB] -- Update with key y, value = 1
WriteLogItem(1554845922575,A,WriteOperation(y,+,1))[2019-04-09T21:38:53.883][ReplicaB] -- Update with key y, value = 1
WriteLogItem(1554845924460,A,WriteOperation(y,+,1))[2019-04-09T21:38:53.883][ReplicaB] -- Update with key y, value = 1
WriteLogItem(1554845933875,A,WriteOperation(y,+,1))[2019-04-09T21:38:53.883][ReplicaB] -- Update with key y, value = 1

[2019-04-09T21:39:09.369][ReplicaB] Read key = x
[2019-04-09T21:39:10.419][ReplicaB] Read key = y
[2019-04-09T21:39:11.504][ReplicaB] Read key = z
/home/sven/.sdkman/candidates/scala/current/bin/scala: line 21: 27463 Killed                  "$@"
