[2019-04-09T21:22:11.689][ReplicaF] Starting ReplicaF
[2019-04-09T21:22:11.690][ReplicaF] => Looking for ECG history
[2019-04-09T21:22:12.745][ReplicaF] => Binding TACT Replica to RMI
[2019-04-09T21:22:13.206][ReplicaF] Replica started on rmi://10.156.0.2/ReplicaF
--------------------------------------------------------------------------------------------

[2019-04-09T21:22:37.233][ReplicaF] Accept WriteLog
WriteLogItem(1554844937506,A,WriteOperation(x,+,1))[2019-04-09T21:22:37.241][ReplicaF] -- Update with key x, value = 1
WriteLogItem(1554844944002,A,WriteOperation(x,+,1))[2019-04-09T21:22:37.241][ReplicaF] -- Update with key x, value = 1
WriteLogItem(1554844954397,A,WriteOperation(x,+,1))[2019-04-09T21:22:37.241][ReplicaF] -- Update with key x, value = 1

[2019-04-09T21:22:52.422][ReplicaF] Accept WriteLog
WriteLogItem(1554844961875,A,WriteOperation(x,+,1))[2019-04-09T21:22:52.423][ReplicaF] -- Update with key x, value = 1
WriteLogItem(1554844963722,A,WriteOperation(x,+,1))[2019-04-09T21:22:52.423][ReplicaF] -- Update with key x, value = 1
WriteLogItem(1554844971073,A,WriteOperation(x,+,1))[2019-04-09T21:22:52.423][ReplicaF] -- Update with key x, value = 1

[2019-04-09T21:23:12.562][ReplicaF] Accept WriteLog
WriteLogItem(1554844939727,A,WriteOperation(y,+,1))[2019-04-09T21:23:12.562][ReplicaF] -- Update with key y, value = 1
WriteLogItem(1554844941618,A,WriteOperation(y,+,1))[2019-04-09T21:23:12.562][ReplicaF] -- Update with key y, value = 1
WriteLogItem(1554844948146,A,WriteOperation(y,+,1))[2019-04-09T21:23:12.563][ReplicaF] -- Update with key y, value = 1
WriteLogItem(1554844951837,A,WriteOperation(y,+,1))[2019-04-09T21:23:12.563][ReplicaF] -- Update with key y, value = 1
WriteLogItem(1554844959757,A,WriteOperation(y,+,1))[2019-04-09T21:23:12.563][ReplicaF] -- Update with key y, value = 1
WriteLogItem(1554844975041,A,WriteOperation(y,+,1))[2019-04-09T21:23:12.563][ReplicaF] -- Update with key y, value = 1
WriteLogItem(1554844981353,A,WriteOperation(y,+,1))[2019-04-09T21:23:12.563][ReplicaF] -- Update with key y, value = 1
WriteLogItem(1554844985275,A,WriteOperation(y,+,1))[2019-04-09T21:23:12.563][ReplicaF] -- Update with key y, value = 1
WriteLogItem(1554844987675,A,WriteOperation(y,+,1))[2019-04-09T21:23:12.563][ReplicaF] -- Update with key y, value = 1
WriteLogItem(1554844991212,A,WriteOperation(y,+,1))[2019-04-09T21:23:12.563][ReplicaF] -- Update with key y, value = 1

[2019-04-09T21:23:17.845][ReplicaF] Accept WriteLog
WriteLogItem(1554844977457,A,WriteOperation(x,+,1))[2019-04-09T21:23:17.846][ReplicaF] -- Update with key x, value = 1
WriteLogItem(1554844989545,A,WriteOperation(x,+,1))[2019-04-09T21:23:17.846][ReplicaF] -- Update with key x, value = 1
WriteLogItem(1554844996073,A,WriteOperation(x,+,1))[2019-04-09T21:23:17.847][ReplicaF] -- Update with key x, value = 1

[2019-04-09T21:23:38.188][ReplicaF] Accept WriteLog
WriteLogItem(1554844945894,A,WriteOperation(z,+,1))[2019-04-09T21:23:38.188][ReplicaF] -- Update with key z, value = 1
WriteLogItem(1554844949755,A,WriteOperation(z,+,1))[2019-04-09T21:23:38.189][ReplicaF] -- Update with key z, value = 1
WriteLogItem(1554844965391,A,WriteOperation(z,+,1))[2019-04-09T21:23:38.189][ReplicaF] -- Update with key z, value = 1
WriteLogItem(1554844967049,A,WriteOperation(z,+,1))[2019-04-09T21:23:38.189][ReplicaF] -- Update with key z, value = 1
WriteLogItem(1554844969116,A,WriteOperation(z,+,1))[2019-04-09T21:23:38.189][ReplicaF] -- Update with key z, value = 1
WriteLogItem(1554844979621,A,WriteOperation(z,+,1))[2019-04-09T21:23:38.189][ReplicaF] -- Update with key z, value = 1
WriteLogItem(1554844983078,A,WriteOperation(z,+,1))[2019-04-09T21:23:38.189][ReplicaF] -- Update with key z, value = 1
WriteLogItem(1554844994170,A,WriteOperation(z,+,1))[2019-04-09T21:23:38.189][ReplicaF] -- Update with key z, value = 1
WriteLogItem(1554845001705,A,WriteOperation(z,+,1))[2019-04-09T21:23:38.189][ReplicaF] -- Update with key z, value = 1
WriteLogItem(1554845004716,A,WriteOperation(z,+,1))[2019-04-09T21:23:38.189][ReplicaF] -- Update with key z, value = 1
WriteLogItem(1554845008755,A,WriteOperation(z,+,1))[2019-04-09T21:23:38.189][ReplicaF] -- Update with key z, value = 1
WriteLogItem(1554845012289,A,WriteOperation(z,+,1))[2019-04-09T21:23:38.190][ReplicaF] -- Update with key z, value = 1
WriteLogItem(1554845014122,A,WriteOperation(z,+,1))[2019-04-09T21:23:38.190][ReplicaF] -- Update with key z, value = 1
WriteLogItem(1554845016135,A,WriteOperation(z,+,1))[2019-04-09T21:23:38.190][ReplicaF] -- Update with key z, value = 1

[2019-04-09T21:23:41.924][ReplicaF] Accept WriteLog
WriteLogItem(1554845003221,A,WriteOperation(x,+,1))[2019-04-09T21:23:41.925][ReplicaF] -- Update with key x, value = 1
WriteLogItem(1554845010585,A,WriteOperation(x,+,1))[2019-04-09T21:23:41.930][ReplicaF] -- Update with key x, value = 1
WriteLogItem(1554845020589,A,WriteOperation(x,+,1))[2019-04-09T21:23:41.930][ReplicaF] -- Update with key x, value = 1

[2019-04-09T21:23:54.139][ReplicaF] Accept WriteLog
WriteLogItem(1554845000201,A,WriteOperation(y,+,1))[2019-04-09T21:23:54.139][ReplicaF] -- Update with key y, value = 1
WriteLogItem(1554845006958,A,WriteOperation(y,+,1))[2019-04-09T21:23:54.140][ReplicaF] -- Update with key y, value = 1
WriteLogItem(1554845023930,A,WriteOperation(y,+,1))[2019-04-09T21:23:54.140][ReplicaF] -- Update with key y, value = 1
WriteLogItem(1554845028190,A,WriteOperation(y,+,1))[2019-04-09T21:23:54.140][ReplicaF] -- Update with key y, value = 1
WriteLogItem(1554845032792,A,WriteOperation(y,+,1))[2019-04-09T21:23:54.140][ReplicaF] -- Update with key y, value = 1

[2019-04-09T21:23:59.725][ReplicaF] Accept WriteLog
WriteLogItem(1554845030505,A,WriteOperation(x,+,1))[2019-04-09T21:23:59.726][ReplicaF] -- Update with key x, value = 1
WriteLogItem(1554845036038,A,WriteOperation(x,+,1))[2019-04-09T21:23:59.726][ReplicaF] -- Update with key x, value = 1
WriteLogItem(1554845038391,A,WriteOperation(x,+,1))[2019-04-09T21:23:59.726][ReplicaF] -- Update with key x, value = 1

[2019-04-09T21:24:08.632][ReplicaF] Accept WriteLog
WriteLogItem(1554845041736,A,WriteOperation(x,+,1))[2019-04-09T21:24:08.632][ReplicaF] -- Update with key x, value = 1
WriteLogItem(1554845043664,A,WriteOperation(x,+,1))[2019-04-09T21:24:08.632][ReplicaF] -- Update with key x, value = 1
WriteLogItem(1554845047306,A,WriteOperation(x,+,1))[2019-04-09T21:24:08.632][ReplicaF] -- Update with key x, value = 1

[2019-04-09T21:24:24.578][ReplicaF] Accept WriteLog
WriteLogItem(1554845045573,A,WriteOperation(y,+,1))[2019-04-09T21:24:24.579][ReplicaF] -- Update with key y, value = 1
WriteLogItem(1554845057029,A,WriteOperation(y,+,1))[2019-04-09T21:24:24.579][ReplicaF] -- Update with key y, value = 1
WriteLogItem(1554845058848,A,WriteOperation(y,+,1))[2019-04-09T21:24:24.579][ReplicaF] -- Update with key y, value = 1
WriteLogItem(1554845061193,A,WriteOperation(y,+,1))[2019-04-09T21:24:24.579][ReplicaF] -- Update with key y, value = 1
WriteLogItem(1554845063016,A,WriteOperation(y,+,1))[2019-04-09T21:24:24.579][ReplicaF] -- Update with key y, value = 1

[2019-04-09T21:24:32.682][ReplicaF] Accept WriteLog
WriteLogItem(1554845050532,A,WriteOperation(x,+,1))[2019-04-09T21:24:32.682][ReplicaF] -- Update with key x, value = 1
WriteLogItem(1554845054641,A,WriteOperation(x,+,1))[2019-04-09T21:24:32.682][ReplicaF] -- Update with key x, value = 1
WriteLogItem(1554845069993,A,WriteOperation(x,+,1))[2019-04-09T21:24:32.682][ReplicaF] -- Update with key x, value = 1

[2019-04-09T21:24:49.496][ReplicaF] Accept WriteLog
WriteLogItem(1554845066669,A,WriteOperation(y,+,1))[2019-04-09T21:24:49.496][ReplicaF] -- Update with key y, value = 1
WriteLogItem(1554845074381,A,WriteOperation(y,+,1))[2019-04-09T21:24:49.496][ReplicaF] -- Update with key y, value = 1
WriteLogItem(1554845078130,A,WriteOperation(y,+,1))[2019-04-09T21:24:49.496][ReplicaF] -- Update with key y, value = 1
WriteLogItem(1554845086245,A,WriteOperation(y,+,1))[2019-04-09T21:24:49.496][ReplicaF] -- Update with key y, value = 1
WriteLogItem(1554845088158,A,WriteOperation(y,+,1))[2019-04-09T21:24:49.496][ReplicaF] -- Update with key y, value = 1

[2019-04-09T21:24:58.636][ReplicaF] Accept WriteLog
WriteLogItem(1554845081986,A,WriteOperation(x,+,1))[2019-04-09T21:24:58.636][ReplicaF] -- Update with key x, value = 1
WriteLogItem(1554845091149,A,WriteOperation(x,+,1))[2019-04-09T21:24:58.636][ReplicaF] -- Update with key x, value = 1
WriteLogItem(1554845097313,A,WriteOperation(x,+,1))[2019-04-09T21:24:58.636][ReplicaF] -- Update with key x, value = 1

[2019-04-09T21:25:07.928][ReplicaF] Accept WriteLog
WriteLogItem(1554845026130,A,WriteOperation(z,+,1))[2019-04-09T21:25:07.928][ReplicaF] -- Update with key z, value = 1
WriteLogItem(1554845052415,A,WriteOperation(z,+,1))[2019-04-09T21:25:07.928][ReplicaF] -- Update with key z, value = 1
WriteLogItem(1554845068340,A,WriteOperation(z,+,1))[2019-04-09T21:25:07.928][ReplicaF] -- Update with key z, value = 1
WriteLogItem(1554845076465,A,WriteOperation(z,+,1))[2019-04-09T21:25:07.929][ReplicaF] -- Update with key z, value = 1
WriteLogItem(1554845079799,A,WriteOperation(z,+,1))[2019-04-09T21:25:07.929][ReplicaF] -- Update with key z, value = 1
WriteLogItem(1554845083978,A,WriteOperation(z,+,1))[2019-04-09T21:25:07.929][ReplicaF] -- Update with key z, value = 1
WriteLogItem(1554845093308,A,WriteOperation(z,+,1))[2019-04-09T21:25:07.929][ReplicaF] -- Update with key z, value = 1
WriteLogItem(1554845095052,A,WriteOperation(z,+,1))[2019-04-09T21:25:07.929][ReplicaF] -- Update with key z, value = 1
WriteLogItem(1554845100869,A,WriteOperation(z,+,1))[2019-04-09T21:25:07.929][ReplicaF] -- Update with key z, value = 1
WriteLogItem(1554845106598,A,WriteOperation(z,+,1))[2019-04-09T21:25:07.929][ReplicaF] -- Update with key z, value = 1

[2019-04-09T21:25:37.420][ReplicaF] Read key = x
[2019-04-09T21:25:38.951][ReplicaF] Read key = y
[2019-04-09T21:25:40.507][ReplicaF] Read key = z
[2019-04-09T21:26:01.631][ReplicaF] Accept WriteLog
WriteLogItem(1554845102906,A,WriteOperation(y,+,1))[2019-04-09T21:26:01.632][ReplicaF] -- Update with key y, value = 1
WriteLogItem(1554845105022,A,WriteOperation(y,+,1))[2019-04-09T21:26:01.632][ReplicaF] -- Update with key y, value = 1
WriteLogItem(1554845141947,A,WriteOperation(y,+,1))[2019-04-09T21:26:01.632][ReplicaF] -- Update with key y, value = 1
WriteLogItem(1554845149525,A,WriteOperation(y,+,1))[2019-04-09T21:26:01.632][ReplicaF] -- Update with key y, value = 1
WriteLogItem(1554845159635,A,WriteOperation(y,+,1))[2019-04-09T21:26:01.632][ReplicaF] -- Update with key y, value = 1

[2019-04-09T21:26:09.573][ReplicaF] Accept WriteLog
WriteLogItem(1554845157435,A,WriteOperation(x,+,1))[2019-04-09T21:26:09.573][ReplicaF] -- Update with key x, value = 1
WriteLogItem(1554845163668,A,WriteOperation(x,+,1))[2019-04-09T21:26:09.574][ReplicaF] -- Update with key x, value = 1
WriteLogItem(1554845167798,A,WriteOperation(x,+,1))[2019-04-09T21:26:09.574][ReplicaF] -- Update with key x, value = 1

[2019-04-09T21:26:25.883][ReplicaF] Accept WriteLog
WriteLogItem(1554845178382,A,WriteOperation(x,+,1))[2019-04-09T21:26:25.883][ReplicaF] -- Update with key x, value = 1
WriteLogItem(1554845180028,A,WriteOperation(x,+,1))[2019-04-09T21:26:25.883][ReplicaF] -- Update with key x, value = 1
WriteLogItem(1554845184083,A,WriteOperation(x,+,1))[2019-04-09T21:26:25.884][ReplicaF] -- Update with key x, value = 1

[2019-04-09T21:26:29.131][ReplicaF] Accept WriteLog
WriteLogItem(1554845143728,A,WriteOperation(z,+,1))[2019-04-09T21:26:29.131][ReplicaF] -- Update with key z, value = 1
WriteLogItem(1554845145426,A,WriteOperation(z,+,1))[2019-04-09T21:26:29.131][ReplicaF] -- Update with key z, value = 1
WriteLogItem(1554845147517,A,WriteOperation(z,+,1))[2019-04-09T21:26:29.132][ReplicaF] -- Update with key z, value = 1
WriteLogItem(1554845151346,A,WriteOperation(z,+,1))[2019-04-09T21:26:29.132][ReplicaF] -- Update with key z, value = 1
WriteLogItem(1554845153691,A,WriteOperation(z,+,1))[2019-04-09T21:26:29.132][ReplicaF] -- Update with key z, value = 1
WriteLogItem(1554845155247,A,WriteOperation(z,+,1))[2019-04-09T21:26:29.132][ReplicaF] -- Update with key z, value = 1
WriteLogItem(1554845165464,A,WriteOperation(z,+,1))[2019-04-09T21:26:29.132][ReplicaF] -- Update with key z, value = 1
WriteLogItem(1554845174509,A,WriteOperation(z,+,1))[2019-04-09T21:26:29.132][ReplicaF] -- Update with key z, value = 1
WriteLogItem(1554845182451,A,WriteOperation(z,+,1))[2019-04-09T21:26:29.132][ReplicaF] -- Update with key z, value = 1
WriteLogItem(1554845187805,A,WriteOperation(z,+,1))[2019-04-09T21:26:29.132][ReplicaF] -- Update with key z, value = 1

[2019-04-09T21:26:38.215][ReplicaF] Accept WriteLog
WriteLogItem(1554845171260,A,WriteOperation(y,+,1))[2019-04-09T21:26:38.215][ReplicaF] -- Update with key y, value = 1
WriteLogItem(1554845172765,A,WriteOperation(y,+,1))[2019-04-09T21:26:38.215][ReplicaF] -- Update with key y, value = 1
WriteLogItem(1554845176827,A,WriteOperation(y,+,1))[2019-04-09T21:26:38.215][ReplicaF] -- Update with key y, value = 1
WriteLogItem(1554845190876,A,WriteOperation(y,+,1))[2019-04-09T21:26:38.215][ReplicaF] -- Update with key y, value = 1
WriteLogItem(1554845196892,A,WriteOperation(y,+,1))[2019-04-09T21:26:38.215][ReplicaF] -- Update with key y, value = 1

[2019-04-09T21:26:46.284][ReplicaF] Accept WriteLog
WriteLogItem(1554845193293,A,WriteOperation(x,+,1))[2019-04-09T21:26:46.284][ReplicaF] -- Update with key x, value = 1
WriteLogItem(1554845200732,A,WriteOperation(x,+,1))[2019-04-09T21:26:46.284][ReplicaF] -- Update with key x, value = 1
WriteLogItem(1554845204967,A,WriteOperation(x,+,1))[2019-04-09T21:26:46.284][ReplicaF] -- Update with key x, value = 1

[2019-04-09T21:26:56.018][ReplicaF] Accept WriteLog
WriteLogItem(1554845210392,A,WriteOperation(x,+,1))[2019-04-09T21:26:56.018][ReplicaF] -- Update with key x, value = 1
WriteLogItem(1554845212581,A,WriteOperation(x,+,1))[2019-04-09T21:26:56.018][ReplicaF] -- Update with key x, value = 1
WriteLogItem(1554845214704,A,WriteOperation(x,+,1))[2019-04-09T21:26:56.019][ReplicaF] -- Update with key x, value = 1

[2019-04-09T21:27:14.422][ReplicaF] Accept WriteLog
WriteLogItem(1554845202245,A,WriteOperation(y,+,1))[2019-04-09T21:27:14.422][ReplicaF] -- Update with key y, value = 1
WriteLogItem(1554845208116,A,WriteOperation(y,+,1))[2019-04-09T21:27:14.422][ReplicaF] -- Update with key y, value = 1
WriteLogItem(1554845223968,A,WriteOperation(y,+,1))[2019-04-09T21:27:14.423][ReplicaF] -- Update with key y, value = 1
WriteLogItem(1554845230268,A,WriteOperation(y,+,1))[2019-04-09T21:27:14.423][ReplicaF] -- Update with key y, value = 1
WriteLogItem(1554845231974,A,WriteOperation(y,+,1))[2019-04-09T21:27:14.423][ReplicaF] -- Update with key y, value = 1

[2019-04-09T21:27:23.977][ReplicaF] Accept WriteLog
WriteLogItem(1554845217677,A,WriteOperation(x,+,1))[2019-04-09T21:27:23.977][ReplicaF] -- Update with key x, value = 1
WriteLogItem(1554845240307,A,WriteOperation(x,+,1))[2019-04-09T21:27:23.981][ReplicaF] -- Update with key x, value = 1
WriteLogItem(1554845242648,A,WriteOperation(x,+,1))[2019-04-09T21:27:23.981][ReplicaF] -- Update with key x, value = 1

[2019-04-09T21:27:40.526][ReplicaF] Accept WriteLog
WriteLogItem(1554845237918,A,WriteOperation(y,+,1))[2019-04-09T21:27:40.526][ReplicaF] -- Update with key y, value = 1
WriteLogItem(1554845249815,A,WriteOperation(y,+,1))[2019-04-09T21:27:40.526][ReplicaF] -- Update with key y, value = 1
WriteLogItem(1554845253398,A,WriteOperation(y,+,1))[2019-04-09T21:27:40.526][ReplicaF] -- Update with key y, value = 1
WriteLogItem(1554845256906,A,WriteOperation(y,+,1))[2019-04-09T21:27:40.526][ReplicaF] -- Update with key y, value = 1
WriteLogItem(1554845259216,A,WriteOperation(y,+,1))[2019-04-09T21:27:40.526][ReplicaF] -- Update with key y, value = 1

[2019-04-09T21:27:46.242][ReplicaF] Accept WriteLog
WriteLogItem(1554845194737,A,WriteOperation(z,+,1))[2019-04-09T21:27:46.242][ReplicaF] -- Update with key z, value = 1
WriteLogItem(1554845219972,A,WriteOperation(z,+,1))[2019-04-09T21:27:46.242][ReplicaF] -- Update with key z, value = 1
WriteLogItem(1554845221731,A,WriteOperation(z,+,1))[2019-04-09T21:27:46.242][ReplicaF] -- Update with key z, value = 1
WriteLogItem(1554845225940,A,WriteOperation(z,+,1))[2019-04-09T21:27:46.242][ReplicaF] -- Update with key z, value = 1
WriteLogItem(1554845228026,A,WriteOperation(z,+,1))[2019-04-09T21:27:46.242][ReplicaF] -- Update with key z, value = 1
WriteLogItem(1554845236351,A,WriteOperation(z,+,1))[2019-04-09T21:27:46.242][ReplicaF] -- Update with key z, value = 1
WriteLogItem(1554845247587,A,WriteOperation(z,+,1))[2019-04-09T21:27:46.242][ReplicaF] -- Update with key z, value = 1
WriteLogItem(1554845251720,A,WriteOperation(z,+,1))[2019-04-09T21:27:46.242][ReplicaF] -- Update with key z, value = 1
WriteLogItem(1554845262532,A,WriteOperation(z,+,1))[2019-04-09T21:27:46.242][ReplicaF] -- Update with key z, value = 1
WriteLogItem(1554845264921,A,WriteOperation(z,+,1))[2019-04-09T21:27:46.243][ReplicaF] -- Update with key z, value = 1

[2019-04-09T21:27:51.027][ReplicaF] Accept WriteLog
WriteLogItem(1554845245633,A,WriteOperation(x,+,1))[2019-04-09T21:27:51.029][ReplicaF] -- Update with key x, value = 1
WriteLogItem(1554845254855,A,WriteOperation(x,+,1))[2019-04-09T21:27:51.029][ReplicaF] -- Update with key x, value = 1
WriteLogItem(1554845269718,A,WriteOperation(x,+,1))[2019-04-09T21:27:51.029][ReplicaF] -- Update with key x, value = 1

[2019-04-09T21:28:08.049][ReplicaF] Accept WriteLog
WriteLogItem(1554845280602,A,WriteOperation(x,+,1))[2019-04-09T21:28:08.049][ReplicaF] -- Update with key x, value = 1
WriteLogItem(1554845282820,A,WriteOperation(x,+,1))[2019-04-09T21:28:08.049][ReplicaF] -- Update with key x, value = 1
WriteLogItem(1554845286736,A,WriteOperation(x,+,1))[2019-04-09T21:28:08.049][ReplicaF] -- Update with key x, value = 1

[2019-04-09T21:28:16.443][ReplicaF] Accept WriteLog
WriteLogItem(1554845273476,A,WriteOperation(y,+,1))[2019-04-09T21:28:16.444][ReplicaF] -- Update with key y, value = 1
WriteLogItem(1554845275241,A,WriteOperation(y,+,1))[2019-04-09T21:28:16.444][ReplicaF] -- Update with key y, value = 1
WriteLogItem(1554845277102,A,WriteOperation(y,+,1))[2019-04-09T21:28:16.444][ReplicaF] -- Update with key y, value = 1
WriteLogItem(1554845292101,A,WriteOperation(y,+,1))[2019-04-09T21:28:16.444][ReplicaF] -- Update with key y, value = 1
WriteLogItem(1554845294247,A,WriteOperation(y,+,1))[2019-04-09T21:28:16.444][ReplicaF] -- Update with key y, value = 1

[2019-04-09T21:28:24.553][ReplicaF] Accept WriteLog
WriteLogItem(1554845290365,A,WriteOperation(x,+,1))[2019-04-09T21:28:24.553][ReplicaF] -- Update with key x, value = 1
WriteLogItem(1554845300763,A,WriteOperation(x,+,1))[2019-04-09T21:28:24.553][ReplicaF] -- Update with key x, value = 1
WriteLogItem(1554845303243,A,WriteOperation(x,+,1))[2019-04-09T21:28:24.553][ReplicaF] -- Update with key x, value = 1

[2019-04-09T21:29:03.186][ReplicaF] Read key = x
[2019-04-09T21:29:04.889][ReplicaF] Read key = y
[2019-04-09T21:29:06.467][ReplicaF] Read key = z
[2019-04-09T21:29:15.677][ReplicaF] Accept WriteLog
WriteLogItem(1554845298902,A,WriteOperation(y,+,1))[2019-04-09T21:29:15.677][ReplicaF] -- Update with key y, value = 1
WriteLogItem(1554845306100,A,WriteOperation(y,+,1))[2019-04-09T21:29:15.677][ReplicaF] -- Update with key y, value = 1
WriteLogItem(1554845347985,A,WriteOperation(y,+,1))[2019-04-09T21:29:15.679][ReplicaF] -- Update with key y, value = 1
WriteLogItem(1554845350408,A,WriteOperation(y,+,1))[2019-04-09T21:29:15.680][ReplicaF] -- Update with key y, value = 1
WriteLogItem(1554845353690,A,WriteOperation(y,+,1))[2019-04-09T21:29:15.680][ReplicaF] -- Update with key y, value = 1

[2019-04-09T21:29:19.146][ReplicaF] Accept WriteLog
WriteLogItem(1554845310358,A,WriteOperation(x,+,1))[2019-04-09T21:29:19.147][ReplicaF] -- Update with key x, value = 1
WriteLogItem(1554845312216,A,WriteOperation(x,+,1))[2019-04-09T21:29:19.147][ReplicaF] -- Update with key x, value = 1
WriteLogItem(1554845357831,A,WriteOperation(x,+,1))[2019-04-09T21:29:19.147][ReplicaF] -- Update with key x, value = 1

[2019-04-09T21:29:36.899][ReplicaF] Accept WriteLog
WriteLogItem(1554845362877,A,WriteOperation(y,+,1))[2019-04-09T21:29:36.899][ReplicaF] -- Update with key y, value = 1
WriteLogItem(1554845365300,A,WriteOperation(y,+,1))[2019-04-09T21:29:36.899][ReplicaF] -- Update with key y, value = 1
WriteLogItem(1554845369227,A,WriteOperation(y,+,1))[2019-04-09T21:29:36.899][ReplicaF] -- Update with key y, value = 1
WriteLogItem(1554845373279,A,WriteOperation(y,+,1))[2019-04-09T21:29:36.899][ReplicaF] -- Update with key y, value = 1
WriteLogItem(1554845375575,A,WriteOperation(y,+,1))[2019-04-09T21:29:36.900][ReplicaF] -- Update with key y, value = 1

[2019-04-09T21:29:48.514][ReplicaF] Accept WriteLog
WriteLogItem(1554845360778,A,WriteOperation(x,+,1))[2019-04-09T21:29:48.514][ReplicaF] -- Update with key x, value = 1
WriteLogItem(1554845371338,A,WriteOperation(x,+,1))[2019-04-09T21:29:48.515][ReplicaF] -- Update with key x, value = 1
WriteLogItem(1554845387199,A,WriteOperation(x,+,1))[2019-04-09T21:29:48.515][ReplicaF] -- Update with key x, value = 1

[2019-04-09T21:30:00.891][ReplicaF] Accept WriteLog
WriteLogItem(1554845267839,A,WriteOperation(z,+,1))[2019-04-09T21:30:00.891][ReplicaF] -- Update with key z, value = 1
WriteLogItem(1554845278634,A,WriteOperation(z,+,1))[2019-04-09T21:30:00.892][ReplicaF] -- Update with key z, value = 1
WriteLogItem(1554845284542,A,WriteOperation(z,+,1))[2019-04-09T21:30:00.892][ReplicaF] -- Update with key z, value = 1
WriteLogItem(1554845307990,A,WriteOperation(z,+,1))[2019-04-09T21:30:00.892][ReplicaF] -- Update with key z, value = 1
WriteLogItem(1554845351973,A,WriteOperation(z,+,1))[2019-04-09T21:30:00.892][ReplicaF] -- Update with key z, value = 1
WriteLogItem(1554845366967,A,WriteOperation(z,+,1))[2019-04-09T21:30:00.892][ReplicaF] -- Update with key z, value = 1
WriteLogItem(1554845379124,A,WriteOperation(z,+,1))[2019-04-09T21:30:00.892][ReplicaF] -- Update with key z, value = 1
WriteLogItem(1554845381380,A,WriteOperation(z,+,1))[2019-04-09T21:30:00.892][ReplicaF] -- Update with key z, value = 1
WriteLogItem(1554845382856,A,WriteOperation(z,+,1))[2019-04-09T21:30:00.892][ReplicaF] -- Update with key z, value = 1
WriteLogItem(1554845398416,A,WriteOperation(z,+,1))[2019-04-09T21:30:00.892][ReplicaF] -- Update with key z, value = 1

[2019-04-09T21:30:06.709][ReplicaF] Accept WriteLog
WriteLogItem(1554845394451,A,WriteOperation(x,+,1))[2019-04-09T21:30:06.709][ReplicaF] -- Update with key x, value = 1
WriteLogItem(1554845403125,A,WriteOperation(x,+,1))[2019-04-09T21:30:06.709][ReplicaF] -- Update with key x, value = 1
WriteLogItem(1554845405382,A,WriteOperation(x,+,1))[2019-04-09T21:30:06.709][ReplicaF] -- Update with key x, value = 1

[2019-04-09T21:30:12.459][ReplicaF] Accept WriteLog
WriteLogItem(1554845385325,A,WriteOperation(y,+,1))[2019-04-09T21:30:12.459][ReplicaF] -- Update with key y, value = 1
WriteLogItem(1554845390311,A,WriteOperation(y,+,1))[2019-04-09T21:30:12.459][ReplicaF] -- Update with key y, value = 1
WriteLogItem(1554845392806,A,WriteOperation(y,+,1))[2019-04-09T21:30:12.460][ReplicaF] -- Update with key y, value = 1
WriteLogItem(1554845396619,A,WriteOperation(y,+,1))[2019-04-09T21:30:12.460][ReplicaF] -- Update with key y, value = 1
WriteLogItem(1554845411138,A,WriteOperation(y,+,1))[2019-04-09T21:30:12.460][ReplicaF] -- Update with key y, value = 1

[2019-04-09T21:30:17.780][ReplicaF] Accept WriteLog
WriteLogItem(1554845409177,A,WriteOperation(x,+,1))[2019-04-09T21:30:17.780][ReplicaF] -- Update with key x, value = 1
WriteLogItem(1554845414873,A,WriteOperation(x,+,1))[2019-04-09T21:30:17.780][ReplicaF] -- Update with key x, value = 1
WriteLogItem(1554845416467,A,WriteOperation(x,+,1))[2019-04-09T21:30:17.780][ReplicaF] -- Update with key x, value = 1

[2019-04-09T21:30:34.082][ReplicaF] Accept WriteLog
WriteLogItem(1554845425252,A,WriteOperation(x,+,1))[2019-04-09T21:30:34.083][ReplicaF] -- Update with key x, value = 1
WriteLogItem(1554845429112,A,WriteOperation(x,+,1))[2019-04-09T21:30:34.083][ReplicaF] -- Update with key x, value = 1
WriteLogItem(1554845432766,A,WriteOperation(x,+,1))[2019-04-09T21:30:34.083][ReplicaF] -- Update with key x, value = 1

[2019-04-09T21:30:49.283][ReplicaF] Accept WriteLog
WriteLogItem(1554845440368,A,WriteOperation(x,+,1))[2019-04-09T21:30:49.284][ReplicaF] -- Update with key x, value = 1
WriteLogItem(1554845442410,A,WriteOperation(x,+,1))[2019-04-09T21:30:49.284][ReplicaF] -- Update with key x, value = 1
WriteLogItem(1554845446609,A,WriteOperation(x,+,1))[2019-04-09T21:30:49.284][ReplicaF] -- Update with key x, value = 1

[2019-04-09T21:30:55.459][ReplicaF] Accept WriteLog
WriteLogItem(1554845419940,A,WriteOperation(y,+,1))[2019-04-09T21:30:55.459][ReplicaF] -- Update with key y, value = 1
WriteLogItem(1554845430705,A,WriteOperation(y,+,1))[2019-04-09T21:30:55.460][ReplicaF] -- Update with key y, value = 1
WriteLogItem(1554845438244,A,WriteOperation(y,+,1))[2019-04-09T21:30:55.460][ReplicaF] -- Update with key y, value = 1
WriteLogItem(1554845444424,A,WriteOperation(y,+,1))[2019-04-09T21:30:55.460][ReplicaF] -- Update with key y, value = 1
WriteLogItem(1554845454138,A,WriteOperation(y,+,1))[2019-04-09T21:30:55.461][ReplicaF] -- Update with key y, value = 1

[2019-04-09T21:31:06.360][ReplicaF] Accept WriteLog
WriteLogItem(1554845460019,A,WriteOperation(x,+,1))[2019-04-09T21:31:06.360][ReplicaF] -- Update with key x, value = 1
WriteLogItem(1554845463498,A,WriteOperation(x,+,1))[2019-04-09T21:31:06.360][ReplicaF] -- Update with key x, value = 1
WriteLogItem(1554845465053,A,WriteOperation(x,+,1))[2019-04-09T21:31:06.360][ReplicaF] -- Update with key x, value = 1

[2019-04-09T21:31:16.085][ReplicaF] Accept WriteLog
WriteLogItem(1554845470553,A,WriteOperation(x,+,1))[2019-04-09T21:31:16.085][ReplicaF] -- Update with key x, value = 1
WriteLogItem(1554845472649,A,WriteOperation(x,+,1))[2019-04-09T21:31:16.085][ReplicaF] -- Update with key x, value = 1
WriteLogItem(1554845474776,A,WriteOperation(x,+,1))[2019-04-09T21:31:16.085][ReplicaF] -- Update with key x, value = 1

[2019-04-09T21:31:29.818][ReplicaF] Accept WriteLog
WriteLogItem(1554845461911,A,WriteOperation(y,+,1))[2019-04-09T21:31:29.818][ReplicaF] -- Update with key y, value = 1
WriteLogItem(1554845478452,A,WriteOperation(y,+,1))[2019-04-09T21:31:29.818][ReplicaF] -- Update with key y, value = 1
WriteLogItem(1554845481593,A,WriteOperation(y,+,1))[2019-04-09T21:31:29.818][ReplicaF] -- Update with key y, value = 1
WriteLogItem(1554845486287,A,WriteOperation(y,+,1))[2019-04-09T21:31:29.818][ReplicaF] -- Update with key y, value = 1
WriteLogItem(1554845488506,A,WriteOperation(y,+,1))[2019-04-09T21:31:29.818][ReplicaF] -- Update with key y, value = 1

[2019-04-09T21:31:36.726][ReplicaF] Accept WriteLog
WriteLogItem(1554845480041,A,WriteOperation(x,+,1))[2019-04-09T21:31:36.726][ReplicaF] -- Update with key x, value = 1
WriteLogItem(1554845483844,A,WriteOperation(x,+,1))[2019-04-09T21:31:36.727][ReplicaF] -- Update with key x, value = 1
WriteLogItem(1554845495418,A,WriteOperation(x,+,1))[2019-04-09T21:31:36.727][ReplicaF] -- Update with key x, value = 1

[2019-04-09T21:31:53.652][ReplicaF] Accept WriteLog
WriteLogItem(1554845421500,A,WriteOperation(z,+,1))[2019-04-09T21:31:53.653][ReplicaF] -- Update with key z, value = 1
WriteLogItem(1554845423780,A,WriteOperation(z,+,1))[2019-04-09T21:31:53.653][ReplicaF] -- Update with key z, value = 1
WriteLogItem(1554845427424,A,WriteOperation(z,+,1))[2019-04-09T21:31:53.653][ReplicaF] -- Update with key z, value = 1
WriteLogItem(1554845436140,A,WriteOperation(z,+,1))[2019-04-09T21:31:53.653][ReplicaF] -- Update with key z, value = 1
WriteLogItem(1554845451793,A,WriteOperation(z,+,1))[2019-04-09T21:31:53.653][ReplicaF] -- Update with key z, value = 1
WriteLogItem(1554845457619,A,WriteOperation(z,+,1))[2019-04-09T21:31:53.653][ReplicaF] -- Update with key z, value = 1
WriteLogItem(1554845468864,A,WriteOperation(z,+,1))[2019-04-09T21:31:53.653][ReplicaF] -- Update with key z, value = 1
WriteLogItem(1554845493687,A,WriteOperation(z,+,1))[2019-04-09T21:31:53.654][ReplicaF] -- Update with key z, value = 1
WriteLogItem(1554845503284,A,WriteOperation(z,+,1))[2019-04-09T21:31:53.654][ReplicaF] -- Update with key z, value = 1
WriteLogItem(1554845510960,A,WriteOperation(z,+,1))[2019-04-09T21:31:53.654][ReplicaF] -- Update with key z, value = 1

[2019-04-09T21:32:00.810][ReplicaF] Accept WriteLog
WriteLogItem(1554845491769,A,WriteOperation(y,+,1))[2019-04-09T21:32:00.810][ReplicaF] -- Update with key y, value = 1
WriteLogItem(1554845500881,A,WriteOperation(y,+,1))[2019-04-09T21:32:00.810][ReplicaF] -- Update with key y, value = 1
WriteLogItem(1554845506751,A,WriteOperation(y,+,1))[2019-04-09T21:32:00.810][ReplicaF] -- Update with key y, value = 1
WriteLogItem(1554845508858,A,WriteOperation(y,+,1))[2019-04-09T21:32:00.810][ReplicaF] -- Update with key y, value = 1
WriteLogItem(1554845519499,A,WriteOperation(y,+,1))[2019-04-09T21:32:00.810][ReplicaF] -- Update with key y, value = 1

[2019-04-09T21:32:34.717][ReplicaF] Read key = x
[2019-04-09T21:32:36.320][ReplicaF] Read key = y
[2019-04-09T21:32:37.922][ReplicaF] Read key = z
[2019-04-09T21:32:44.799][ReplicaF] Accept WriteLog
WriteLogItem(1554845498759,A,WriteOperation(x,+,1))[2019-04-09T21:32:44.799][ReplicaF] -- Update with key x, value = 1
WriteLogItem(1554845505064,A,WriteOperation(x,+,1))[2019-04-09T21:32:44.800][ReplicaF] -- Update with key x, value = 1
WriteLogItem(1554845562812,A,WriteOperation(x,+,1))[2019-04-09T21:32:44.800][ReplicaF] -- Update with key x, value = 1

[2019-04-09T21:32:56.979][ReplicaF] Accept WriteLog
WriteLogItem(1554845566670,A,WriteOperation(x,+,1))[2019-04-09T21:32:56.980][ReplicaF] -- Update with key x, value = 1
WriteLogItem(1554845569088,A,WriteOperation(x,+,1))[2019-04-09T21:32:56.980][ReplicaF] -- Update with key x, value = 1
WriteLogItem(1554845575671,A,WriteOperation(x,+,1))[2019-04-09T21:32:56.980][ReplicaF] -- Update with key x, value = 1

[2019-04-09T21:33:09.429][ReplicaF] Accept WriteLog
WriteLogItem(1554845580882,A,WriteOperation(x,+,1))[2019-04-09T21:33:09.429][ReplicaF] -- Update with key x, value = 1
WriteLogItem(1554845583004,A,WriteOperation(x,+,1))[2019-04-09T21:33:09.430][ReplicaF] -- Update with key x, value = 1
WriteLogItem(1554845586757,A,WriteOperation(x,+,1))[2019-04-09T21:33:09.430][ReplicaF] -- Update with key x, value = 1

[2019-04-09T21:33:19.795][ReplicaF] Accept WriteLog
WriteLogItem(1554845595189,A,WriteOperation(x,+,1))[2019-04-09T21:33:19.795][ReplicaF] -- Update with key x, value = 1
WriteLogItem(1554845596692,A,WriteOperation(x,+,1))[2019-04-09T21:33:19.796][ReplicaF] -- Update with key x, value = 1
WriteLogItem(1554845598478,A,WriteOperation(x,+,1))[2019-04-09T21:33:19.796][ReplicaF] -- Update with key x, value = 1

[2019-04-09T21:33:25.810][ReplicaF] Accept WriteLog
WriteLogItem(1554845559465,A,WriteOperation(y,+,1))[2019-04-09T21:33:25.810][ReplicaF] -- Update with key y, value = 1
WriteLogItem(1554845579426,A,WriteOperation(y,+,1))[2019-04-09T21:33:25.810][ReplicaF] -- Update with key y, value = 1
WriteLogItem(1554845584940,A,WriteOperation(y,+,1))[2019-04-09T21:33:25.810][ReplicaF] -- Update with key y, value = 1
WriteLogItem(1554845591575,A,WriteOperation(y,+,1))[2019-04-09T21:33:25.810][ReplicaF] -- Update with key y, value = 1
WriteLogItem(1554845604483,A,WriteOperation(y,+,1))[2019-04-09T21:33:25.810][ReplicaF] -- Update with key y, value = 1

[2019-04-09T21:33:33.001][ReplicaF] Accept WriteLog
WriteLogItem(1554845515309,A,WriteOperation(z,+,1))[2019-04-09T21:33:33.001][ReplicaF] -- Update with key z, value = 1
WriteLogItem(1554845517255,A,WriteOperation(z,+,1))[2019-04-09T21:33:33.001][ReplicaF] -- Update with key z, value = 1
WriteLogItem(1554845523297,A,WriteOperation(z,+,1))[2019-04-09T21:33:33.001][ReplicaF] -- Update with key z, value = 1
WriteLogItem(1554845524760,A,WriteOperation(z,+,1))[2019-04-09T21:33:33.001][ReplicaF] -- Update with key z, value = 1
WriteLogItem(1554845561308,A,WriteOperation(z,+,1))[2019-04-09T21:33:33.001][ReplicaF] -- Update with key z, value = 1
WriteLogItem(1554845571556,A,WriteOperation(z,+,1))[2019-04-09T21:33:33.001][ReplicaF] -- Update with key z, value = 1
WriteLogItem(1554845573768,A,WriteOperation(z,+,1))[2019-04-09T21:33:33.001][ReplicaF] -- Update with key z, value = 1
WriteLogItem(1554845593153,A,WriteOperation(z,+,1))[2019-04-09T21:33:33.001][ReplicaF] -- Update with key z, value = 1
WriteLogItem(1554845609528,A,WriteOperation(z,+,1))[2019-04-09T21:33:33.001][ReplicaF] -- Update with key z, value = 1
WriteLogItem(1554845611683,A,WriteOperation(z,+,1))[2019-04-09T21:33:33.001][ReplicaF] -- Update with key z, value = 1

[2019-04-09T21:33:36.759][ReplicaF] Accept WriteLog
WriteLogItem(1554845602141,A,WriteOperation(x,+,1))[2019-04-09T21:33:36.760][ReplicaF] -- Update with key x, value = 1
WriteLogItem(1554845607456,A,WriteOperation(x,+,1))[2019-04-09T21:33:36.760][ReplicaF] -- Update with key x, value = 1
WriteLogItem(1554845615446,A,WriteOperation(x,+,1))[2019-04-09T21:33:36.760][ReplicaF] -- Update with key x, value = 1

[2019-04-09T21:33:51.522][ReplicaF] Accept WriteLog
WriteLogItem(1554845622122,A,WriteOperation(x,+,1))[2019-04-09T21:33:51.522][ReplicaF] -- Update with key x, value = 1
WriteLogItem(1554845626337,A,WriteOperation(x,+,1))[2019-04-09T21:33:51.522][ReplicaF] -- Update with key x, value = 1
WriteLogItem(1554845629982,A,WriteOperation(x,+,1))[2019-04-09T21:33:51.522][ReplicaF] -- Update with key x, value = 1

[2019-04-09T21:34:07.578][ReplicaF] Accept WriteLog
WriteLogItem(1554845620603,A,WriteOperation(y,+,1))[2019-04-09T21:34:07.579][ReplicaF] -- Update with key y, value = 1
WriteLogItem(1554845624394,A,WriteOperation(y,+,1))[2019-04-09T21:34:07.579][ReplicaF] -- Update with key y, value = 1
WriteLogItem(1554845633532,A,WriteOperation(y,+,1))[2019-04-09T21:34:07.579][ReplicaF] -- Update with key y, value = 1
WriteLogItem(1554845635125,A,WriteOperation(y,+,1))[2019-04-09T21:34:07.579][ReplicaF] -- Update with key y, value = 1
WriteLogItem(1554845645316,A,WriteOperation(y,+,1))[2019-04-09T21:34:07.579][ReplicaF] -- Update with key y, value = 1

[2019-04-09T21:34:20.624][ReplicaF] Accept WriteLog
WriteLogItem(1554845638718,A,WriteOperation(x,+,1))[2019-04-09T21:34:20.624][ReplicaF] -- Update with key x, value = 1
WriteLogItem(1554845657211,A,WriteOperation(x,+,1))[2019-04-09T21:34:20.624][ReplicaF] -- Update with key x, value = 1
WriteLogItem(1554845659317,A,WriteOperation(x,+,1))[2019-04-09T21:34:20.624][ReplicaF] -- Update with key x, value = 1

[2019-04-09T21:34:33.476][ReplicaF] Accept WriteLog
WriteLogItem(1554845619063,A,WriteOperation(z,+,1))[2019-04-09T21:34:33.476][ReplicaF] -- Update with key z, value = 1
WriteLogItem(1554845628548,A,WriteOperation(z,+,1))[2019-04-09T21:34:33.476][ReplicaF] -- Update with key z, value = 1
WriteLogItem(1554845637033,A,WriteOperation(z,+,1))[2019-04-09T21:34:33.476][ReplicaF] -- Update with key z, value = 1
WriteLogItem(1554845641005,A,WriteOperation(z,+,1))[2019-04-09T21:34:33.476][ReplicaF] -- Update with key z, value = 1
WriteLogItem(1554845643313,A,WriteOperation(z,+,1))[2019-04-09T21:34:33.477][ReplicaF] -- Update with key z, value = 1
WriteLogItem(1554845649681,A,WriteOperation(z,+,1))[2019-04-09T21:34:33.477][ReplicaF] -- Update with key z, value = 1
WriteLogItem(1554845652113,A,WriteOperation(z,+,1))[2019-04-09T21:34:33.477][ReplicaF] -- Update with key z, value = 1
WriteLogItem(1554845662477,A,WriteOperation(z,+,1))[2019-04-09T21:34:33.477][ReplicaF] -- Update with key z, value = 1
WriteLogItem(1554845670771,A,WriteOperation(z,+,1))[2019-04-09T21:34:33.477][ReplicaF] -- Update with key z, value = 1
WriteLogItem(1554845672162,A,WriteOperation(z,+,1))[2019-04-09T21:34:33.477][ReplicaF] -- Update with key z, value = 1

[2019-04-09T21:34:40.194][ReplicaF] Accept WriteLog
WriteLogItem(1554845666905,A,WriteOperation(x,+,1))[2019-04-09T21:34:40.194][ReplicaF] -- Update with key x, value = 1
WriteLogItem(1554845676969,A,WriteOperation(x,+,1))[2019-04-09T21:34:40.194][ReplicaF] -- Update with key x, value = 1
WriteLogItem(1554845678465,A,WriteOperation(x,+,1))[2019-04-09T21:34:40.195][ReplicaF] -- Update with key x, value = 1

[2019-04-09T21:34:46.781][ReplicaF] Accept WriteLog
WriteLogItem(1554845654127,A,WriteOperation(y,+,1))[2019-04-09T21:34:46.781][ReplicaF] -- Update with key y, value = 1
WriteLogItem(1554845655634,A,WriteOperation(y,+,1))[2019-04-09T21:34:46.782][ReplicaF] -- Update with key y, value = 1
WriteLogItem(1554845664828,A,WriteOperation(y,+,1))[2019-04-09T21:34:46.782][ReplicaF] -- Update with key y, value = 1
WriteLogItem(1554845669087,A,WriteOperation(y,+,1))[2019-04-09T21:34:46.782][ReplicaF] -- Update with key y, value = 1
WriteLogItem(1554845684478,A,WriteOperation(y,+,1))[2019-04-09T21:34:46.782][ReplicaF] -- Update with key y, value = 1

[2019-04-09T21:35:08.495][ReplicaF] Accept WriteLog
WriteLogItem(1554845698486,A,WriteOperation(x,+,1))[2019-04-09T21:35:08.495][ReplicaF] -- Update with key x, value = 1
WriteLogItem(1554845702832,A,WriteOperation(x,+,1))[2019-04-09T21:35:08.495][ReplicaF] -- Update with key x, value = 1
WriteLogItem(1554845706956,A,WriteOperation(x,+,1))[2019-04-09T21:35:08.495][ReplicaF] -- Update with key x, value = 1

[2019-04-09T21:35:20.076][ReplicaF] Accept WriteLog
WriteLogItem(1554845712933,A,WriteOperation(x,+,1))[2019-04-09T21:35:20.076][ReplicaF] -- Update with key x, value = 1
WriteLogItem(1554845716565,A,WriteOperation(x,+,1))[2019-04-09T21:35:20.076][ReplicaF] -- Update with key x, value = 1
WriteLogItem(1554845718768,A,WriteOperation(x,+,1))[2019-04-09T21:35:20.076][ReplicaF] -- Update with key x, value = 1

[2019-04-09T21:35:30.673][ReplicaF] Accept WriteLog
WriteLogItem(1554845700433,A,WriteOperation(y,+,1))[2019-04-09T21:35:30.674][ReplicaF] -- Update with key y, value = 1
WriteLogItem(1554845705060,A,WriteOperation(y,+,1))[2019-04-09T21:35:30.674][ReplicaF] -- Update with key y, value = 1
WriteLogItem(1554845710690,A,WriteOperation(y,+,1))[2019-04-09T21:35:30.674][ReplicaF] -- Update with key y, value = 1
WriteLogItem(1554845723985,A,WriteOperation(y,+,1))[2019-04-09T21:35:30.674][ReplicaF] -- Update with key y, value = 1
WriteLogItem(1554845728011,A,WriteOperation(y,+,1))[2019-04-09T21:35:30.674][ReplicaF] -- Update with key y, value = 1

[2019-04-09T21:36:02.875][ReplicaF] Read key = x
[2019-04-09T21:36:04.443][ReplicaF] Read key = y
[2019-04-09T21:36:06.016][ReplicaF] Read key = z
[2019-04-09T21:36:09.536][ReplicaF] Accept WriteLog
WriteLogItem(1554845721905,A,WriteOperation(x,+,1))[2019-04-09T21:36:09.536][ReplicaF] -- Update with key x, value = 1
WriteLogItem(1554845726082,A,WriteOperation(x,+,1))[2019-04-09T21:36:09.536][ReplicaF] -- Update with key x, value = 1
WriteLogItem(1554845767544,A,WriteOperation(x,+,1))[2019-04-09T21:36:09.536][ReplicaF] -- Update with key x, value = 1

[2019-04-09T21:36:20.701][ReplicaF] Accept WriteLog
WriteLogItem(1554845675090,A,WriteOperation(z,+,1))[2019-04-09T21:36:20.702][ReplicaF] -- Update with key z, value = 1
WriteLogItem(1554845682147,A,WriteOperation(z,+,1))[2019-04-09T21:36:20.702][ReplicaF] -- Update with key z, value = 1
WriteLogItem(1554845688551,A,WriteOperation(z,+,1))[2019-04-09T21:36:20.702][ReplicaF] -- Update with key z, value = 1
WriteLogItem(1554845690246,A,WriteOperation(z,+,1))[2019-04-09T21:36:20.702][ReplicaF] -- Update with key z, value = 1
WriteLogItem(1554845692382,A,WriteOperation(z,+,1))[2019-04-09T21:36:20.702][ReplicaF] -- Update with key z, value = 1
WriteLogItem(1554845694627,A,WriteOperation(z,+,1))[2019-04-09T21:36:20.702][ReplicaF] -- Update with key z, value = 1
WriteLogItem(1554845696493,A,WriteOperation(z,+,1))[2019-04-09T21:36:20.702][ReplicaF] -- Update with key z, value = 1
WriteLogItem(1554845714721,A,WriteOperation(z,+,1))[2019-04-09T21:36:20.702][ReplicaF] -- Update with key z, value = 1
WriteLogItem(1554845775476,A,WriteOperation(z,+,1))[2019-04-09T21:36:20.702][ReplicaF] -- Update with key z, value = 1
WriteLogItem(1554845779377,A,WriteOperation(z,+,1))[2019-04-09T21:36:20.702][ReplicaF] -- Update with key z, value = 1

[2019-04-09T21:36:23.548][ReplicaF] Accept WriteLog
WriteLogItem(1554845773601,A,WriteOperation(x,+,1))[2019-04-09T21:36:23.548][ReplicaF] -- Update with key x, value = 1
WriteLogItem(1554845777397,A,WriteOperation(x,+,1))[2019-04-09T21:36:23.548][ReplicaF] -- Update with key x, value = 1
WriteLogItem(1554845782236,A,WriteOperation(x,+,1))[2019-04-09T21:36:23.548][ReplicaF] -- Update with key x, value = 1

[2019-04-09T21:36:31.247][ReplicaF] Accept WriteLog
WriteLogItem(1554845733195,A,WriteOperation(y,+,1))[2019-04-09T21:36:31.247][ReplicaF] -- Update with key y, value = 1
WriteLogItem(1554845771430,A,WriteOperation(y,+,1))[2019-04-09T21:36:31.247][ReplicaF] -- Update with key y, value = 1
WriteLogItem(1554845785340,A,WriteOperation(y,+,1))[2019-04-09T21:36:31.247][ReplicaF] -- Update with key y, value = 1
WriteLogItem(1554845787725,A,WriteOperation(y,+,1))[2019-04-09T21:36:31.247][ReplicaF] -- Update with key y, value = 1
WriteLogItem(1554845789936,A,WriteOperation(y,+,1))[2019-04-09T21:36:31.247][ReplicaF] -- Update with key y, value = 1

[2019-04-09T21:36:48.673][ReplicaF] Accept WriteLog
WriteLogItem(1554845800016,A,WriteOperation(x,+,1))[2019-04-09T21:36:48.673][ReplicaF] -- Update with key x, value = 1
WriteLogItem(1554845802260,A,WriteOperation(x,+,1))[2019-04-09T21:36:48.674][ReplicaF] -- Update with key x, value = 1
WriteLogItem(1554845805999,A,WriteOperation(x,+,1))[2019-04-09T21:36:48.674][ReplicaF] -- Update with key x, value = 1

[2019-04-09T21:37:04.188][ReplicaF] Accept WriteLog
WriteLogItem(1554845812882,A,WriteOperation(x,+,1))[2019-04-09T21:37:04.189][ReplicaF] -- Update with key x, value = 1
WriteLogItem(1554845815017,A,WriteOperation(x,+,1))[2019-04-09T21:37:04.189][ReplicaF] -- Update with key x, value = 1
WriteLogItem(1554845822871,A,WriteOperation(x,+,1))[2019-04-09T21:37:04.189][ReplicaF] -- Update with key x, value = 1

[2019-04-09T21:37:10.989][ReplicaF] Accept WriteLog
WriteLogItem(1554845795535,A,WriteOperation(y,+,1))[2019-04-09T21:37:10.989][ReplicaF] -- Update with key y, value = 1
WriteLogItem(1554845797762,A,WriteOperation(y,+,1))[2019-04-09T21:37:10.989][ReplicaF] -- Update with key y, value = 1
WriteLogItem(1554845804521,A,WriteOperation(y,+,1))[2019-04-09T21:37:10.989][ReplicaF] -- Update with key y, value = 1
WriteLogItem(1554845810711,A,WriteOperation(y,+,1))[2019-04-09T21:37:10.989][ReplicaF] -- Update with key y, value = 1
WriteLogItem(1554845829677,A,WriteOperation(y,+,1))[2019-04-09T21:37:10.989][ReplicaF] -- Update with key y, value = 1

[2019-04-09T21:37:26.393][ReplicaF] Accept WriteLog
WriteLogItem(1554845836967,A,WriteOperation(y,+,1))[2019-04-09T21:37:26.393][ReplicaF] -- Update with key y, value = 1
WriteLogItem(1554845838934,A,WriteOperation(y,+,1))[2019-04-09T21:37:26.393][ReplicaF] -- Update with key y, value = 1
WriteLogItem(1554845840808,A,WriteOperation(y,+,1))[2019-04-09T21:37:26.393][ReplicaF] -- Update with key y, value = 1
WriteLogItem(1554845842447,A,WriteOperation(y,+,1))[2019-04-09T21:37:26.393][ReplicaF] -- Update with key y, value = 1
WriteLogItem(1554845844181,A,WriteOperation(y,+,1))[2019-04-09T21:37:26.393][ReplicaF] -- Update with key y, value = 1

[2019-04-09T21:37:39.737][ReplicaF] Accept WriteLog
WriteLogItem(1554845834667,A,WriteOperation(x,+,1))[2019-04-09T21:37:39.737][ReplicaF] -- Update with key x, value = 1
WriteLogItem(1554845850281,A,WriteOperation(x,+,1))[2019-04-09T21:37:39.737][ReplicaF] -- Update with key x, value = 1
WriteLogItem(1554845858424,A,WriteOperation(x,+,1))[2019-04-09T21:37:39.737][ReplicaF] -- Update with key x, value = 1

[2019-04-09T21:37:47.844][ReplicaF] Accept WriteLog
WriteLogItem(1554845793580,A,WriteOperation(z,+,1))[2019-04-09T21:37:47.844][ReplicaF] -- Update with key z, value = 1
WriteLogItem(1554845817407,A,WriteOperation(z,+,1))[2019-04-09T21:37:47.844][ReplicaF] -- Update with key z, value = 1
WriteLogItem(1554845819363,A,WriteOperation(z,+,1))[2019-04-09T21:37:47.844][ReplicaF] -- Update with key z, value = 1
WriteLogItem(1554845820994,A,WriteOperation(z,+,1))[2019-04-09T21:37:47.844][ReplicaF] -- Update with key z, value = 1
WriteLogItem(1554845826032,A,WriteOperation(z,+,1))[2019-04-09T21:37:47.844][ReplicaF] -- Update with key z, value = 1
WriteLogItem(1554845828087,A,WriteOperation(z,+,1))[2019-04-09T21:37:47.844][ReplicaF] -- Update with key z, value = 1
WriteLogItem(1554845832644,A,WriteOperation(z,+,1))[2019-04-09T21:37:47.844][ReplicaF] -- Update with key z, value = 1
WriteLogItem(1554845855942,A,WriteOperation(z,+,1))[2019-04-09T21:37:47.844][ReplicaF] -- Update with key z, value = 1
WriteLogItem(1554845865071,A,WriteOperation(z,+,1))[2019-04-09T21:37:47.844][ReplicaF] -- Update with key z, value = 1
WriteLogItem(1554845866535,A,WriteOperation(z,+,1))[2019-04-09T21:37:47.844][ReplicaF] -- Update with key z, value = 1

[2019-04-09T21:37:52.922][ReplicaF] Accept WriteLog
WriteLogItem(1554845861316,A,WriteOperation(x,+,1))[2019-04-09T21:37:52.922][ReplicaF] -- Update with key x, value = 1
WriteLogItem(1554845862810,A,WriteOperation(x,+,1))[2019-04-09T21:37:52.922][ReplicaF] -- Update with key x, value = 1
WriteLogItem(1554845871617,A,WriteOperation(x,+,1))[2019-04-09T21:37:52.922][ReplicaF] -- Update with key x, value = 1

[2019-04-09T21:38:09.843][ReplicaF] Accept WriteLog
WriteLogItem(1554845880850,A,WriteOperation(x,+,1))[2019-04-09T21:38:09.843][ReplicaF] -- Update with key x, value = 1
WriteLogItem(1554845883132,A,WriteOperation(x,+,1))[2019-04-09T21:38:09.843][ReplicaF] -- Update with key x, value = 1
WriteLogItem(1554845887174,A,WriteOperation(x,+,1))[2019-04-09T21:38:09.843][ReplicaF] -- Update with key x, value = 1

[2019-04-09T21:38:13.445][ReplicaF] Accept WriteLog
WriteLogItem(1554845848849,A,WriteOperation(y,+,1))[2019-04-09T21:38:13.445][ReplicaF] -- Update with key y, value = 1
WriteLogItem(1554845851749,A,WriteOperation(y,+,1))[2019-04-09T21:38:13.446][ReplicaF] -- Update with key y, value = 1
WriteLogItem(1554845853949,A,WriteOperation(y,+,1))[2019-04-09T21:38:13.446][ReplicaF] -- Update with key y, value = 1
WriteLogItem(1554845869626,A,WriteOperation(y,+,1))[2019-04-09T21:38:13.446][ReplicaF] -- Update with key y, value = 1
WriteLogItem(1554845892138,A,WriteOperation(y,+,1))[2019-04-09T21:38:13.446][ReplicaF] -- Update with key y, value = 1

[2019-04-09T21:38:22.744][ReplicaF] Accept WriteLog
WriteLogItem(1554845895475,A,WriteOperation(x,+,1))[2019-04-09T21:38:22.744][ReplicaF] -- Update with key x, value = 1
WriteLogItem(1554845899557,A,WriteOperation(x,+,1))[2019-04-09T21:38:22.744][ReplicaF] -- Update with key x, value = 1
WriteLogItem(1554845901434,A,WriteOperation(x,+,1))[2019-04-09T21:38:22.744][ReplicaF] -- Update with key x, value = 1

[2019-04-09T21:38:33.891][ReplicaF] Accept WriteLog
WriteLogItem(1554845904325,A,WriteOperation(x,+,1))[2019-04-09T21:38:33.891][ReplicaF] -- Update with key x, value = 1
WriteLogItem(1554845908664,A,WriteOperation(x,+,1))[2019-04-09T21:38:33.891][ReplicaF] -- Update with key x, value = 1
WriteLogItem(1554845912571,A,WriteOperation(x,+,1))[2019-04-09T21:38:33.891][ReplicaF] -- Update with key x, value = 1

[2019-04-09T21:38:51.641][ReplicaF] Accept WriteLog
WriteLogItem(1554845915999,A,WriteOperation(x,+,1))[2019-04-09T21:38:51.641][ReplicaF] -- Update with key x, value = 1
WriteLogItem(1554845926622,A,WriteOperation(x,+,1))[2019-04-09T21:38:51.641][ReplicaF] -- Update with key x, value = 1
WriteLogItem(1554845928967,A,WriteOperation(x,+,1))[2019-04-09T21:38:51.641][ReplicaF] -- Update with key x, value = 1

[2019-04-09T21:38:55.189][ReplicaF] Accept WriteLog
WriteLogItem(1554845897896,A,WriteOperation(y,+,1))[2019-04-09T21:38:55.189][ReplicaF] -- Update with key y, value = 1
WriteLogItem(1554845917818,A,WriteOperation(y,+,1))[2019-04-09T21:38:55.189][ReplicaF] -- Update with key y, value = 1
WriteLogItem(1554845922575,A,WriteOperation(y,+,1))[2019-04-09T21:38:55.189][ReplicaF] -- Update with key y, value = 1
WriteLogItem(1554845924460,A,WriteOperation(y,+,1))[2019-04-09T21:38:55.189][ReplicaF] -- Update with key y, value = 1
WriteLogItem(1554845933875,A,WriteOperation(y,+,1))[2019-04-09T21:38:55.193][ReplicaF] -- Update with key y, value = 1

[2019-04-09T21:39:32.562][ReplicaF] Read key = x
[2019-04-09T21:39:34.147][ReplicaF] Read key = y
[2019-04-09T21:39:35.707][ReplicaF] Read key = z
/home/sven/.sdkman/candidates/scala/current/bin/scala: line 21: 21101 Killed                  "$@"
