[2019-04-09T21:22:09.426][ReplicaE] Starting ReplicaE
[2019-04-09T21:22:09.431][ReplicaE] => Looking for ECG history
[2019-04-09T21:22:10.510][ReplicaE] => Binding TACT Replica to RMI
[2019-04-09T21:22:10.971][ReplicaE] Replica started on rmi://10.156.0.2/ReplicaE
--------------------------------------------------------------------------------------------

[2019-04-09T21:22:36.793][ReplicaE] Accept WriteLog
WriteLogItem(1554844937506,A,WriteOperation(x,+,1))[2019-04-09T21:22:36.799][ReplicaE] -- Update with key x, value = 1
WriteLogItem(1554844944002,A,WriteOperation(x,+,1))[2019-04-09T21:22:36.799][ReplicaE] -- Update with key x, value = 1
WriteLogItem(1554844954397,A,WriteOperation(x,+,1))[2019-04-09T21:22:36.799][ReplicaE] -- Update with key x, value = 1

[2019-04-09T21:22:52.205][ReplicaE] Accept WriteLog
WriteLogItem(1554844961875,A,WriteOperation(x,+,1))[2019-04-09T21:22:52.205][ReplicaE] -- Update with key x, value = 1
WriteLogItem(1554844963722,A,WriteOperation(x,+,1))[2019-04-09T21:22:52.205][ReplicaE] -- Update with key x, value = 1
WriteLogItem(1554844971073,A,WriteOperation(x,+,1))[2019-04-09T21:22:52.205][ReplicaE] -- Update with key x, value = 1

[2019-04-09T21:23:12.346][ReplicaE] Accept WriteLog
WriteLogItem(1554844939727,A,WriteOperation(y,+,1))[2019-04-09T21:23:12.346][ReplicaE] -- Update with key y, value = 1
WriteLogItem(1554844941618,A,WriteOperation(y,+,1))[2019-04-09T21:23:12.346][ReplicaE] -- Update with key y, value = 1
WriteLogItem(1554844948146,A,WriteOperation(y,+,1))[2019-04-09T21:23:12.346][ReplicaE] -- Update with key y, value = 1
WriteLogItem(1554844951837,A,WriteOperation(y,+,1))[2019-04-09T21:23:12.346][ReplicaE] -- Update with key y, value = 1
WriteLogItem(1554844959757,A,WriteOperation(y,+,1))[2019-04-09T21:23:12.346][ReplicaE] -- Update with key y, value = 1
WriteLogItem(1554844975041,A,WriteOperation(y,+,1))[2019-04-09T21:23:12.347][ReplicaE] -- Update with key y, value = 1
WriteLogItem(1554844981353,A,WriteOperation(y,+,1))[2019-04-09T21:23:12.347][ReplicaE] -- Update with key y, value = 1
WriteLogItem(1554844985275,A,WriteOperation(y,+,1))[2019-04-09T21:23:12.347][ReplicaE] -- Update with key y, value = 1
WriteLogItem(1554844987675,A,WriteOperation(y,+,1))[2019-04-09T21:23:12.347][ReplicaE] -- Update with key y, value = 1
WriteLogItem(1554844991212,A,WriteOperation(y,+,1))[2019-04-09T21:23:12.347][ReplicaE] -- Update with key y, value = 1

[2019-04-09T21:23:17.414][ReplicaE] Accept WriteLog
WriteLogItem(1554844977457,A,WriteOperation(x,+,1))[2019-04-09T21:23:17.416][ReplicaE] -- Update with key x, value = 1
WriteLogItem(1554844989545,A,WriteOperation(x,+,1))[2019-04-09T21:23:17.416][ReplicaE] -- Update with key x, value = 1
WriteLogItem(1554844996073,A,WriteOperation(x,+,1))[2019-04-09T21:23:17.417][ReplicaE] -- Update with key x, value = 1

[2019-04-09T21:23:37.970][ReplicaE] Accept WriteLog
WriteLogItem(1554844945894,A,WriteOperation(z,+,1))[2019-04-09T21:23:37.970][ReplicaE] -- Update with key z, value = 1
WriteLogItem(1554844949755,A,WriteOperation(z,+,1))[2019-04-09T21:23:37.970][ReplicaE] -- Update with key z, value = 1
WriteLogItem(1554844965391,A,WriteOperation(z,+,1))[2019-04-09T21:23:37.970][ReplicaE] -- Update with key z, value = 1
WriteLogItem(1554844967049,A,WriteOperation(z,+,1))[2019-04-09T21:23:37.970][ReplicaE] -- Update with key z, value = 1
WriteLogItem(1554844969116,A,WriteOperation(z,+,1))[2019-04-09T21:23:37.970][ReplicaE] -- Update with key z, value = 1
WriteLogItem(1554844979621,A,WriteOperation(z,+,1))[2019-04-09T21:23:37.970][ReplicaE] -- Update with key z, value = 1
WriteLogItem(1554844983078,A,WriteOperation(z,+,1))[2019-04-09T21:23:37.971][ReplicaE] -- Update with key z, value = 1
WriteLogItem(1554844994170,A,WriteOperation(z,+,1))[2019-04-09T21:23:37.971][ReplicaE] -- Update with key z, value = 1
WriteLogItem(1554845001705,A,WriteOperation(z,+,1))[2019-04-09T21:23:37.971][ReplicaE] -- Update with key z, value = 1
WriteLogItem(1554845004716,A,WriteOperation(z,+,1))[2019-04-09T21:23:37.971][ReplicaE] -- Update with key z, value = 1
WriteLogItem(1554845008755,A,WriteOperation(z,+,1))[2019-04-09T21:23:37.971][ReplicaE] -- Update with key z, value = 1
WriteLogItem(1554845012289,A,WriteOperation(z,+,1))[2019-04-09T21:23:37.971][ReplicaE] -- Update with key z, value = 1
WriteLogItem(1554845014122,A,WriteOperation(z,+,1))[2019-04-09T21:23:37.971][ReplicaE] -- Update with key z, value = 1
WriteLogItem(1554845016135,A,WriteOperation(z,+,1))[2019-04-09T21:23:37.971][ReplicaE] -- Update with key z, value = 1

[2019-04-09T21:23:41.699][ReplicaE] Accept WriteLog
WriteLogItem(1554845003221,A,WriteOperation(x,+,1))[2019-04-09T21:23:41.699][ReplicaE] -- Update with key x, value = 1
WriteLogItem(1554845010585,A,WriteOperation(x,+,1))[2019-04-09T21:23:41.702][ReplicaE] -- Update with key x, value = 1
WriteLogItem(1554845020589,A,WriteOperation(x,+,1))[2019-04-09T21:23:41.703][ReplicaE] -- Update with key x, value = 1

[2019-04-09T21:23:53.918][ReplicaE] Accept WriteLog
WriteLogItem(1554845000201,A,WriteOperation(y,+,1))[2019-04-09T21:23:53.919][ReplicaE] -- Update with key y, value = 1
WriteLogItem(1554845006958,A,WriteOperation(y,+,1))[2019-04-09T21:23:53.919][ReplicaE] -- Update with key y, value = 1
WriteLogItem(1554845023930,A,WriteOperation(y,+,1))[2019-04-09T21:23:53.919][ReplicaE] -- Update with key y, value = 1
WriteLogItem(1554845028190,A,WriteOperation(y,+,1))[2019-04-09T21:23:53.919][ReplicaE] -- Update with key y, value = 1
WriteLogItem(1554845032792,A,WriteOperation(y,+,1))[2019-04-09T21:23:53.919][ReplicaE] -- Update with key y, value = 1

[2019-04-09T21:23:59.509][ReplicaE] Accept WriteLog
WriteLogItem(1554845030505,A,WriteOperation(x,+,1))[2019-04-09T21:23:59.509][ReplicaE] -- Update with key x, value = 1
WriteLogItem(1554845036038,A,WriteOperation(x,+,1))[2019-04-09T21:23:59.509][ReplicaE] -- Update with key x, value = 1
WriteLogItem(1554845038391,A,WriteOperation(x,+,1))[2019-04-09T21:23:59.509][ReplicaE] -- Update with key x, value = 1

[2019-04-09T21:24:08.412][ReplicaE] Accept WriteLog
WriteLogItem(1554845041736,A,WriteOperation(x,+,1))[2019-04-09T21:24:08.413][ReplicaE] -- Update with key x, value = 1
WriteLogItem(1554845043664,A,WriteOperation(x,+,1))[2019-04-09T21:24:08.413][ReplicaE] -- Update with key x, value = 1
WriteLogItem(1554845047306,A,WriteOperation(x,+,1))[2019-04-09T21:24:08.413][ReplicaE] -- Update with key x, value = 1

[2019-04-09T21:24:24.364][ReplicaE] Accept WriteLog
WriteLogItem(1554845045573,A,WriteOperation(y,+,1))[2019-04-09T21:24:24.364][ReplicaE] -- Update with key y, value = 1
WriteLogItem(1554845057029,A,WriteOperation(y,+,1))[2019-04-09T21:24:24.364][ReplicaE] -- Update with key y, value = 1
WriteLogItem(1554845058848,A,WriteOperation(y,+,1))[2019-04-09T21:24:24.364][ReplicaE] -- Update with key y, value = 1
WriteLogItem(1554845061193,A,WriteOperation(y,+,1))[2019-04-09T21:24:24.364][ReplicaE] -- Update with key y, value = 1
WriteLogItem(1554845063016,A,WriteOperation(y,+,1))[2019-04-09T21:24:24.365][ReplicaE] -- Update with key y, value = 1

[2019-04-09T21:24:32.253][ReplicaE] Accept WriteLog
WriteLogItem(1554845050532,A,WriteOperation(x,+,1))[2019-04-09T21:24:32.254][ReplicaE] -- Update with key x, value = 1
WriteLogItem(1554845054641,A,WriteOperation(x,+,1))[2019-04-09T21:24:32.254][ReplicaE] -- Update with key x, value = 1
WriteLogItem(1554845069993,A,WriteOperation(x,+,1))[2019-04-09T21:24:32.255][ReplicaE] -- Update with key x, value = 1

[2019-04-09T21:24:49.282][ReplicaE] Accept WriteLog
WriteLogItem(1554845066669,A,WriteOperation(y,+,1))[2019-04-09T21:24:49.282][ReplicaE] -- Update with key y, value = 1
WriteLogItem(1554845074381,A,WriteOperation(y,+,1))[2019-04-09T21:24:49.282][ReplicaE] -- Update with key y, value = 1
WriteLogItem(1554845078130,A,WriteOperation(y,+,1))[2019-04-09T21:24:49.282][ReplicaE] -- Update with key y, value = 1
WriteLogItem(1554845086245,A,WriteOperation(y,+,1))[2019-04-09T21:24:49.282][ReplicaE] -- Update with key y, value = 1
WriteLogItem(1554845088158,A,WriteOperation(y,+,1))[2019-04-09T21:24:49.282][ReplicaE] -- Update with key y, value = 1

[2019-04-09T21:24:58.421][ReplicaE] Accept WriteLog
WriteLogItem(1554845081986,A,WriteOperation(x,+,1))[2019-04-09T21:24:58.421][ReplicaE] -- Update with key x, value = 1
WriteLogItem(1554845091149,A,WriteOperation(x,+,1))[2019-04-09T21:24:58.421][ReplicaE] -- Update with key x, value = 1
WriteLogItem(1554845097313,A,WriteOperation(x,+,1))[2019-04-09T21:24:58.421][ReplicaE] -- Update with key x, value = 1

[2019-04-09T21:25:07.713][ReplicaE] Accept WriteLog
WriteLogItem(1554845026130,A,WriteOperation(z,+,1))[2019-04-09T21:25:07.714][ReplicaE] -- Update with key z, value = 1
WriteLogItem(1554845052415,A,WriteOperation(z,+,1))[2019-04-09T21:25:07.714][ReplicaE] -- Update with key z, value = 1
WriteLogItem(1554845068340,A,WriteOperation(z,+,1))[2019-04-09T21:25:07.714][ReplicaE] -- Update with key z, value = 1
WriteLogItem(1554845076465,A,WriteOperation(z,+,1))[2019-04-09T21:25:07.714][ReplicaE] -- Update with key z, value = 1
WriteLogItem(1554845079799,A,WriteOperation(z,+,1))[2019-04-09T21:25:07.714][ReplicaE] -- Update with key z, value = 1
WriteLogItem(1554845083978,A,WriteOperation(z,+,1))[2019-04-09T21:25:07.714][ReplicaE] -- Update with key z, value = 1
WriteLogItem(1554845093308,A,WriteOperation(z,+,1))[2019-04-09T21:25:07.714][ReplicaE] -- Update with key z, value = 1
WriteLogItem(1554845095052,A,WriteOperation(z,+,1))[2019-04-09T21:25:07.714][ReplicaE] -- Update with key z, value = 1
WriteLogItem(1554845100869,A,WriteOperation(z,+,1))[2019-04-09T21:25:07.714][ReplicaE] -- Update with key z, value = 1
WriteLogItem(1554845106598,A,WriteOperation(z,+,1))[2019-04-09T21:25:07.714][ReplicaE] -- Update with key z, value = 1

[2019-04-09T21:25:32.311][ReplicaE] Read key = x
[2019-04-09T21:25:33.891][ReplicaE] Read key = y
[2019-04-09T21:25:35.460][ReplicaE] Read key = z
[2019-04-09T21:26:01.310][ReplicaE] Accept WriteLog
WriteLogItem(1554845102906,A,WriteOperation(y,+,1))[2019-04-09T21:26:01.310][ReplicaE] -- Update with key y, value = 1
WriteLogItem(1554845105022,A,WriteOperation(y,+,1))[2019-04-09T21:26:01.310][ReplicaE] -- Update with key y, value = 1
WriteLogItem(1554845141947,A,WriteOperation(y,+,1))[2019-04-09T21:26:01.310][ReplicaE] -- Update with key y, value = 1
WriteLogItem(1554845149525,A,WriteOperation(y,+,1))[2019-04-09T21:26:01.310][ReplicaE] -- Update with key y, value = 1
WriteLogItem(1554845159635,A,WriteOperation(y,+,1))[2019-04-09T21:26:01.310][ReplicaE] -- Update with key y, value = 1

[2019-04-09T21:26:09.139][ReplicaE] Accept WriteLog
WriteLogItem(1554845157435,A,WriteOperation(x,+,1))[2019-04-09T21:26:09.139][ReplicaE] -- Update with key x, value = 1
WriteLogItem(1554845163668,A,WriteOperation(x,+,1))[2019-04-09T21:26:09.139][ReplicaE] -- Update with key x, value = 1
WriteLogItem(1554845167798,A,WriteOperation(x,+,1))[2019-04-09T21:26:09.139][ReplicaE] -- Update with key x, value = 1

[2019-04-09T21:26:25.665][ReplicaE] Accept WriteLog
WriteLogItem(1554845178382,A,WriteOperation(x,+,1))[2019-04-09T21:26:25.666][ReplicaE] -- Update with key x, value = 1
WriteLogItem(1554845180028,A,WriteOperation(x,+,1))[2019-04-09T21:26:25.666][ReplicaE] -- Update with key x, value = 1
WriteLogItem(1554845184083,A,WriteOperation(x,+,1))[2019-04-09T21:26:25.666][ReplicaE] -- Update with key x, value = 1

[2019-04-09T21:26:28.912][ReplicaE] Accept WriteLog
WriteLogItem(1554845143728,A,WriteOperation(z,+,1))[2019-04-09T21:26:28.912][ReplicaE] -- Update with key z, value = 1
WriteLogItem(1554845145426,A,WriteOperation(z,+,1))[2019-04-09T21:26:28.912][ReplicaE] -- Update with key z, value = 1
WriteLogItem(1554845147517,A,WriteOperation(z,+,1))[2019-04-09T21:26:28.912][ReplicaE] -- Update with key z, value = 1
WriteLogItem(1554845151346,A,WriteOperation(z,+,1))[2019-04-09T21:26:28.912][ReplicaE] -- Update with key z, value = 1
WriteLogItem(1554845153691,A,WriteOperation(z,+,1))[2019-04-09T21:26:28.912][ReplicaE] -- Update with key z, value = 1
WriteLogItem(1554845155247,A,WriteOperation(z,+,1))[2019-04-09T21:26:28.912][ReplicaE] -- Update with key z, value = 1
WriteLogItem(1554845165464,A,WriteOperation(z,+,1))[2019-04-09T21:26:28.913][ReplicaE] -- Update with key z, value = 1
WriteLogItem(1554845174509,A,WriteOperation(z,+,1))[2019-04-09T21:26:28.913][ReplicaE] -- Update with key z, value = 1
WriteLogItem(1554845182451,A,WriteOperation(z,+,1))[2019-04-09T21:26:28.913][ReplicaE] -- Update with key z, value = 1
WriteLogItem(1554845187805,A,WriteOperation(z,+,1))[2019-04-09T21:26:28.913][ReplicaE] -- Update with key z, value = 1

[2019-04-09T21:26:37.998][ReplicaE] Accept WriteLog
WriteLogItem(1554845171260,A,WriteOperation(y,+,1))[2019-04-09T21:26:37.999][ReplicaE] -- Update with key y, value = 1
WriteLogItem(1554845172765,A,WriteOperation(y,+,1))[2019-04-09T21:26:38.001][ReplicaE] -- Update with key y, value = 1
WriteLogItem(1554845176827,A,WriteOperation(y,+,1))[2019-04-09T21:26:38.001][ReplicaE] -- Update with key y, value = 1
WriteLogItem(1554845190876,A,WriteOperation(y,+,1))[2019-04-09T21:26:38.001][ReplicaE] -- Update with key y, value = 1
WriteLogItem(1554845196892,A,WriteOperation(y,+,1))[2019-04-09T21:26:38.001][ReplicaE] -- Update with key y, value = 1

[2019-04-09T21:26:46.069][ReplicaE] Accept WriteLog
WriteLogItem(1554845193293,A,WriteOperation(x,+,1))[2019-04-09T21:26:46.070][ReplicaE] -- Update with key x, value = 1
WriteLogItem(1554845200732,A,WriteOperation(x,+,1))[2019-04-09T21:26:46.070][ReplicaE] -- Update with key x, value = 1
WriteLogItem(1554845204967,A,WriteOperation(x,+,1))[2019-04-09T21:26:46.070][ReplicaE] -- Update with key x, value = 1

[2019-04-09T21:26:55.802][ReplicaE] Accept WriteLog
WriteLogItem(1554845210392,A,WriteOperation(x,+,1))[2019-04-09T21:26:55.803][ReplicaE] -- Update with key x, value = 1
WriteLogItem(1554845212581,A,WriteOperation(x,+,1))[2019-04-09T21:26:55.803][ReplicaE] -- Update with key x, value = 1
WriteLogItem(1554845214704,A,WriteOperation(x,+,1))[2019-04-09T21:26:55.803][ReplicaE] -- Update with key x, value = 1

[2019-04-09T21:27:13.992][ReplicaE] Accept WriteLog
WriteLogItem(1554845202245,A,WriteOperation(y,+,1))[2019-04-09T21:27:13.992][ReplicaE] -- Update with key y, value = 1
WriteLogItem(1554845208116,A,WriteOperation(y,+,1))[2019-04-09T21:27:13.992][ReplicaE] -- Update with key y, value = 1
WriteLogItem(1554845223968,A,WriteOperation(y,+,1))[2019-04-09T21:27:13.993][ReplicaE] -- Update with key y, value = 1
WriteLogItem(1554845230268,A,WriteOperation(y,+,1))[2019-04-09T21:27:13.994][ReplicaE] -- Update with key y, value = 1
WriteLogItem(1554845231974,A,WriteOperation(y,+,1))[2019-04-09T21:27:13.994][ReplicaE] -- Update with key y, value = 1

[2019-04-09T21:27:23.763][ReplicaE] Accept WriteLog
WriteLogItem(1554845217677,A,WriteOperation(x,+,1))[2019-04-09T21:27:23.763][ReplicaE] -- Update with key x, value = 1
WriteLogItem(1554845240307,A,WriteOperation(x,+,1))[2019-04-09T21:27:23.764][ReplicaE] -- Update with key x, value = 1
WriteLogItem(1554845242648,A,WriteOperation(x,+,1))[2019-04-09T21:27:23.764][ReplicaE] -- Update with key x, value = 1

[2019-04-09T21:27:40.312][ReplicaE] Accept WriteLog
WriteLogItem(1554845237918,A,WriteOperation(y,+,1))[2019-04-09T21:27:40.312][ReplicaE] -- Update with key y, value = 1
WriteLogItem(1554845249815,A,WriteOperation(y,+,1))[2019-04-09T21:27:40.313][ReplicaE] -- Update with key y, value = 1
WriteLogItem(1554845253398,A,WriteOperation(y,+,1))[2019-04-09T21:27:40.313][ReplicaE] -- Update with key y, value = 1
WriteLogItem(1554845256906,A,WriteOperation(y,+,1))[2019-04-09T21:27:40.313][ReplicaE] -- Update with key y, value = 1
WriteLogItem(1554845259216,A,WriteOperation(y,+,1))[2019-04-09T21:27:40.313][ReplicaE] -- Update with key y, value = 1

[2019-04-09T21:27:46.028][ReplicaE] Accept WriteLog
WriteLogItem(1554845194737,A,WriteOperation(z,+,1))[2019-04-09T21:27:46.028][ReplicaE] -- Update with key z, value = 1
WriteLogItem(1554845219972,A,WriteOperation(z,+,1))[2019-04-09T21:27:46.028][ReplicaE] -- Update with key z, value = 1
WriteLogItem(1554845221731,A,WriteOperation(z,+,1))[2019-04-09T21:27:46.028][ReplicaE] -- Update with key z, value = 1
WriteLogItem(1554845225940,A,WriteOperation(z,+,1))[2019-04-09T21:27:46.028][ReplicaE] -- Update with key z, value = 1
WriteLogItem(1554845228026,A,WriteOperation(z,+,1))[2019-04-09T21:27:46.028][ReplicaE] -- Update with key z, value = 1
WriteLogItem(1554845236351,A,WriteOperation(z,+,1))[2019-04-09T21:27:46.028][ReplicaE] -- Update with key z, value = 1
WriteLogItem(1554845247587,A,WriteOperation(z,+,1))[2019-04-09T21:27:46.028][ReplicaE] -- Update with key z, value = 1
WriteLogItem(1554845251720,A,WriteOperation(z,+,1))[2019-04-09T21:27:46.028][ReplicaE] -- Update with key z, value = 1
WriteLogItem(1554845262532,A,WriteOperation(z,+,1))[2019-04-09T21:27:46.028][ReplicaE] -- Update with key z, value = 1
WriteLogItem(1554845264921,A,WriteOperation(z,+,1))[2019-04-09T21:27:46.028][ReplicaE] -- Update with key z, value = 1

[2019-04-09T21:27:50.813][ReplicaE] Accept WriteLog
WriteLogItem(1554845245633,A,WriteOperation(x,+,1))[2019-04-09T21:27:50.813][ReplicaE] -- Update with key x, value = 1
WriteLogItem(1554845254855,A,WriteOperation(x,+,1))[2019-04-09T21:27:50.813][ReplicaE] -- Update with key x, value = 1
WriteLogItem(1554845269718,A,WriteOperation(x,+,1))[2019-04-09T21:27:50.813][ReplicaE] -- Update with key x, value = 1

[2019-04-09T21:28:07.830][ReplicaE] Accept WriteLog
WriteLogItem(1554845280602,A,WriteOperation(x,+,1))[2019-04-09T21:28:07.830][ReplicaE] -- Update with key x, value = 1
WriteLogItem(1554845282820,A,WriteOperation(x,+,1))[2019-04-09T21:28:07.831][ReplicaE] -- Update with key x, value = 1
WriteLogItem(1554845286736,A,WriteOperation(x,+,1))[2019-04-09T21:28:07.831][ReplicaE] -- Update with key x, value = 1

[2019-04-09T21:28:16.017][ReplicaE] Accept WriteLog
WriteLogItem(1554845273476,A,WriteOperation(y,+,1))[2019-04-09T21:28:16.017][ReplicaE] -- Update with key y, value = 1
WriteLogItem(1554845275241,A,WriteOperation(y,+,1))[2019-04-09T21:28:16.017][ReplicaE] -- Update with key y, value = 1
WriteLogItem(1554845277102,A,WriteOperation(y,+,1))[2019-04-09T21:28:16.017][ReplicaE] -- Update with key y, value = 1
WriteLogItem(1554845292101,A,WriteOperation(y,+,1))[2019-04-09T21:28:16.017][ReplicaE] -- Update with key y, value = 1
WriteLogItem(1554845294247,A,WriteOperation(y,+,1))[2019-04-09T21:28:16.017][ReplicaE] -- Update with key y, value = 1

[2019-04-09T21:28:24.340][ReplicaE] Accept WriteLog
WriteLogItem(1554845290365,A,WriteOperation(x,+,1))[2019-04-09T21:28:24.340][ReplicaE] -- Update with key x, value = 1
WriteLogItem(1554845300763,A,WriteOperation(x,+,1))[2019-04-09T21:28:24.340][ReplicaE] -- Update with key x, value = 1
WriteLogItem(1554845303243,A,WriteOperation(x,+,1))[2019-04-09T21:28:24.340][ReplicaE] -- Update with key x, value = 1

[2019-04-09T21:28:57.699][ReplicaE] Read key = x
[2019-04-09T21:28:59.310][ReplicaE] Read key = y
[2019-04-09T21:29:01.018][ReplicaE] Read key = z
[2019-04-09T21:29:15.358][ReplicaE] Accept WriteLog
WriteLogItem(1554845298902,A,WriteOperation(y,+,1))[2019-04-09T21:29:15.358][ReplicaE] -- Update with key y, value = 1
WriteLogItem(1554845306100,A,WriteOperation(y,+,1))[2019-04-09T21:29:15.358][ReplicaE] -- Update with key y, value = 1
WriteLogItem(1554845347985,A,WriteOperation(y,+,1))[2019-04-09T21:29:15.358][ReplicaE] -- Update with key y, value = 1
WriteLogItem(1554845350408,A,WriteOperation(y,+,1))[2019-04-09T21:29:15.358][ReplicaE] -- Update with key y, value = 1
WriteLogItem(1554845353690,A,WriteOperation(y,+,1))[2019-04-09T21:29:15.359][ReplicaE] -- Update with key y, value = 1

[2019-04-09T21:29:18.934][ReplicaE] Accept WriteLog
WriteLogItem(1554845310358,A,WriteOperation(x,+,1))[2019-04-09T21:29:18.934][ReplicaE] -- Update with key x, value = 1
WriteLogItem(1554845312216,A,WriteOperation(x,+,1))[2019-04-09T21:29:18.934][ReplicaE] -- Update with key x, value = 1
WriteLogItem(1554845357831,A,WriteOperation(x,+,1))[2019-04-09T21:29:18.934][ReplicaE] -- Update with key x, value = 1

[2019-04-09T21:29:36.682][ReplicaE] Accept WriteLog
WriteLogItem(1554845362877,A,WriteOperation(y,+,1))[2019-04-09T21:29:36.683][ReplicaE] -- Update with key y, value = 1
WriteLogItem(1554845365300,A,WriteOperation(y,+,1))[2019-04-09T21:29:36.683][ReplicaE] -- Update with key y, value = 1
WriteLogItem(1554845369227,A,WriteOperation(y,+,1))[2019-04-09T21:29:36.683][ReplicaE] -- Update with key y, value = 1
WriteLogItem(1554845373279,A,WriteOperation(y,+,1))[2019-04-09T21:29:36.683][ReplicaE] -- Update with key y, value = 1
WriteLogItem(1554845375575,A,WriteOperation(y,+,1))[2019-04-09T21:29:36.683][ReplicaE] -- Update with key y, value = 1

[2019-04-09T21:29:48.301][ReplicaE] Accept WriteLog
WriteLogItem(1554845360778,A,WriteOperation(x,+,1))[2019-04-09T21:29:48.301][ReplicaE] -- Update with key x, value = 1
WriteLogItem(1554845371338,A,WriteOperation(x,+,1))[2019-04-09T21:29:48.301][ReplicaE] -- Update with key x, value = 1
WriteLogItem(1554845387199,A,WriteOperation(x,+,1))[2019-04-09T21:29:48.301][ReplicaE] -- Update with key x, value = 1

[2019-04-09T21:30:00.677][ReplicaE] Accept WriteLog
WriteLogItem(1554845267839,A,WriteOperation(z,+,1))[2019-04-09T21:30:00.678][ReplicaE] -- Update with key z, value = 1
WriteLogItem(1554845278634,A,WriteOperation(z,+,1))[2019-04-09T21:30:00.678][ReplicaE] -- Update with key z, value = 1
WriteLogItem(1554845284542,A,WriteOperation(z,+,1))[2019-04-09T21:30:00.678][ReplicaE] -- Update with key z, value = 1
WriteLogItem(1554845307990,A,WriteOperation(z,+,1))[2019-04-09T21:30:00.678][ReplicaE] -- Update with key z, value = 1
WriteLogItem(1554845351973,A,WriteOperation(z,+,1))[2019-04-09T21:30:00.678][ReplicaE] -- Update with key z, value = 1
WriteLogItem(1554845366967,A,WriteOperation(z,+,1))[2019-04-09T21:30:00.678][ReplicaE] -- Update with key z, value = 1
WriteLogItem(1554845379124,A,WriteOperation(z,+,1))[2019-04-09T21:30:00.678][ReplicaE] -- Update with key z, value = 1
WriteLogItem(1554845381380,A,WriteOperation(z,+,1))[2019-04-09T21:30:00.678][ReplicaE] -- Update with key z, value = 1
WriteLogItem(1554845382856,A,WriteOperation(z,+,1))[2019-04-09T21:30:00.678][ReplicaE] -- Update with key z, value = 1
WriteLogItem(1554845398416,A,WriteOperation(z,+,1))[2019-04-09T21:30:00.678][ReplicaE] -- Update with key z, value = 1

[2019-04-09T21:30:06.489][ReplicaE] Accept WriteLog
WriteLogItem(1554845394451,A,WriteOperation(x,+,1))[2019-04-09T21:30:06.489][ReplicaE] -- Update with key x, value = 1
WriteLogItem(1554845403125,A,WriteOperation(x,+,1))[2019-04-09T21:30:06.489][ReplicaE] -- Update with key x, value = 1
WriteLogItem(1554845405382,A,WriteOperation(x,+,1))[2019-04-09T21:30:06.489][ReplicaE] -- Update with key x, value = 1

[2019-04-09T21:30:12.245][ReplicaE] Accept WriteLog
WriteLogItem(1554845385325,A,WriteOperation(y,+,1))[2019-04-09T21:30:12.245][ReplicaE] -- Update with key y, value = 1
WriteLogItem(1554845390311,A,WriteOperation(y,+,1))[2019-04-09T21:30:12.245][ReplicaE] -- Update with key y, value = 1
WriteLogItem(1554845392806,A,WriteOperation(y,+,1))[2019-04-09T21:30:12.245][ReplicaE] -- Update with key y, value = 1
WriteLogItem(1554845396619,A,WriteOperation(y,+,1))[2019-04-09T21:30:12.245][ReplicaE] -- Update with key y, value = 1
WriteLogItem(1554845411138,A,WriteOperation(y,+,1))[2019-04-09T21:30:12.245][ReplicaE] -- Update with key y, value = 1

[2019-04-09T21:30:17.565][ReplicaE] Accept WriteLog
WriteLogItem(1554845409177,A,WriteOperation(x,+,1))[2019-04-09T21:30:17.565][ReplicaE] -- Update with key x, value = 1
WriteLogItem(1554845414873,A,WriteOperation(x,+,1))[2019-04-09T21:30:17.565][ReplicaE] -- Update with key x, value = 1
WriteLogItem(1554845416467,A,WriteOperation(x,+,1))[2019-04-09T21:30:17.565][ReplicaE] -- Update with key x, value = 1

[2019-04-09T21:30:33.870][ReplicaE] Accept WriteLog
WriteLogItem(1554845425252,A,WriteOperation(x,+,1))[2019-04-09T21:30:33.870][ReplicaE] -- Update with key x, value = 1
WriteLogItem(1554845429112,A,WriteOperation(x,+,1))[2019-04-09T21:30:33.870][ReplicaE] -- Update with key x, value = 1
WriteLogItem(1554845432766,A,WriteOperation(x,+,1))[2019-04-09T21:30:33.870][ReplicaE] -- Update with key x, value = 1

[2019-04-09T21:30:48.855][ReplicaE] Accept WriteLog
WriteLogItem(1554845440368,A,WriteOperation(x,+,1))[2019-04-09T21:30:48.856][ReplicaE] -- Update with key x, value = 1
WriteLogItem(1554845442410,A,WriteOperation(x,+,1))[2019-04-09T21:30:48.856][ReplicaE] -- Update with key x, value = 1
WriteLogItem(1554845446609,A,WriteOperation(x,+,1))[2019-04-09T21:30:48.856][ReplicaE] -- Update with key x, value = 1

[2019-04-09T21:30:55.240][ReplicaE] Accept WriteLog
WriteLogItem(1554845419940,A,WriteOperation(y,+,1))[2019-04-09T21:30:55.240][ReplicaE] -- Update with key y, value = 1
WriteLogItem(1554845430705,A,WriteOperation(y,+,1))[2019-04-09T21:30:55.240][ReplicaE] -- Update with key y, value = 1
WriteLogItem(1554845438244,A,WriteOperation(y,+,1))[2019-04-09T21:30:55.240][ReplicaE] -- Update with key y, value = 1
WriteLogItem(1554845444424,A,WriteOperation(y,+,1))[2019-04-09T21:30:55.240][ReplicaE] -- Update with key y, value = 1
WriteLogItem(1554845454138,A,WriteOperation(y,+,1))[2019-04-09T21:30:55.241][ReplicaE] -- Update with key y, value = 1

[2019-04-09T21:31:06.147][ReplicaE] Accept WriteLog
WriteLogItem(1554845460019,A,WriteOperation(x,+,1))[2019-04-09T21:31:06.148][ReplicaE] -- Update with key x, value = 1
WriteLogItem(1554845463498,A,WriteOperation(x,+,1))[2019-04-09T21:31:06.148][ReplicaE] -- Update with key x, value = 1
WriteLogItem(1554845465053,A,WriteOperation(x,+,1))[2019-04-09T21:31:06.148][ReplicaE] -- Update with key x, value = 1

[2019-04-09T21:31:15.871][ReplicaE] Accept WriteLog
WriteLogItem(1554845470553,A,WriteOperation(x,+,1))[2019-04-09T21:31:15.872][ReplicaE] -- Update with key x, value = 1
WriteLogItem(1554845472649,A,WriteOperation(x,+,1))[2019-04-09T21:31:15.872][ReplicaE] -- Update with key x, value = 1
WriteLogItem(1554845474776,A,WriteOperation(x,+,1))[2019-04-09T21:31:15.872][ReplicaE] -- Update with key x, value = 1

[2019-04-09T21:31:29.605][ReplicaE] Accept WriteLog
WriteLogItem(1554845461911,A,WriteOperation(y,+,1))[2019-04-09T21:31:29.605][ReplicaE] -- Update with key y, value = 1
WriteLogItem(1554845478452,A,WriteOperation(y,+,1))[2019-04-09T21:31:29.605][ReplicaE] -- Update with key y, value = 1
WriteLogItem(1554845481593,A,WriteOperation(y,+,1))[2019-04-09T21:31:29.605][ReplicaE] -- Update with key y, value = 1
WriteLogItem(1554845486287,A,WriteOperation(y,+,1))[2019-04-09T21:31:29.605][ReplicaE] -- Update with key y, value = 1
WriteLogItem(1554845488506,A,WriteOperation(y,+,1))[2019-04-09T21:31:29.605][ReplicaE] -- Update with key y, value = 1

[2019-04-09T21:31:36.514][ReplicaE] Accept WriteLog
WriteLogItem(1554845480041,A,WriteOperation(x,+,1))[2019-04-09T21:31:36.514][ReplicaE] -- Update with key x, value = 1
WriteLogItem(1554845483844,A,WriteOperation(x,+,1))[2019-04-09T21:31:36.514][ReplicaE] -- Update with key x, value = 1
WriteLogItem(1554845495418,A,WriteOperation(x,+,1))[2019-04-09T21:31:36.514][ReplicaE] -- Update with key x, value = 1

[2019-04-09T21:31:53.220][ReplicaE] Accept WriteLog
WriteLogItem(1554845421500,A,WriteOperation(z,+,1))[2019-04-09T21:31:53.220][ReplicaE] -- Update with key z, value = 1
WriteLogItem(1554845423780,A,WriteOperation(z,+,1))[2019-04-09T21:31:53.220][ReplicaE] -- Update with key z, value = 1
WriteLogItem(1554845427424,A,WriteOperation(z,+,1))[2019-04-09T21:31:53.220][ReplicaE] -- Update with key z, value = 1
WriteLogItem(1554845436140,A,WriteOperation(z,+,1))[2019-04-09T21:31:53.221][ReplicaE] -- Update with key z, value = 1
WriteLogItem(1554845451793,A,WriteOperation(z,+,1))[2019-04-09T21:31:53.221][ReplicaE] -- Update with key z, value = 1
WriteLogItem(1554845457619,A,WriteOperation(z,+,1))[2019-04-09T21:31:53.221][ReplicaE] -- Update with key z, value = 1
WriteLogItem(1554845468864,A,WriteOperation(z,+,1))[2019-04-09T21:31:53.221][ReplicaE] -- Update with key z, value = 1
WriteLogItem(1554845493687,A,WriteOperation(z,+,1))[2019-04-09T21:31:53.221][ReplicaE] -- Update with key z, value = 1
WriteLogItem(1554845503284,A,WriteOperation(z,+,1))[2019-04-09T21:31:53.221][ReplicaE] -- Update with key z, value = 1
WriteLogItem(1554845510960,A,WriteOperation(z,+,1))[2019-04-09T21:31:53.221][ReplicaE] -- Update with key z, value = 1

[2019-04-09T21:32:00.597][ReplicaE] Accept WriteLog
WriteLogItem(1554845491769,A,WriteOperation(y,+,1))[2019-04-09T21:32:00.598][ReplicaE] -- Update with key y, value = 1
WriteLogItem(1554845500881,A,WriteOperation(y,+,1))[2019-04-09T21:32:00.598][ReplicaE] -- Update with key y, value = 1
WriteLogItem(1554845506751,A,WriteOperation(y,+,1))[2019-04-09T21:32:00.598][ReplicaE] -- Update with key y, value = 1
WriteLogItem(1554845508858,A,WriteOperation(y,+,1))[2019-04-09T21:32:00.598][ReplicaE] -- Update with key y, value = 1
WriteLogItem(1554845519499,A,WriteOperation(y,+,1))[2019-04-09T21:32:00.598][ReplicaE] -- Update with key y, value = 1

[2019-04-09T21:32:29.546][ReplicaE] Read key = x
[2019-04-09T21:32:31.112][ReplicaE] Read key = y
[2019-04-09T21:32:32.671][ReplicaE] Read key = z
[2019-04-09T21:32:44.481][ReplicaE] Accept WriteLog
WriteLogItem(1554845498759,A,WriteOperation(x,+,1))[2019-04-09T21:32:44.481][ReplicaE] -- Update with key x, value = 1
WriteLogItem(1554845505064,A,WriteOperation(x,+,1))[2019-04-09T21:32:44.481][ReplicaE] -- Update with key x, value = 1
WriteLogItem(1554845562812,A,WriteOperation(x,+,1))[2019-04-09T21:32:44.481][ReplicaE] -- Update with key x, value = 1

[2019-04-09T21:32:56.767][ReplicaE] Accept WriteLog
WriteLogItem(1554845566670,A,WriteOperation(x,+,1))[2019-04-09T21:32:56.767][ReplicaE] -- Update with key x, value = 1
WriteLogItem(1554845569088,A,WriteOperation(x,+,1))[2019-04-09T21:32:56.767][ReplicaE] -- Update with key x, value = 1
WriteLogItem(1554845575671,A,WriteOperation(x,+,1))[2019-04-09T21:32:56.767][ReplicaE] -- Update with key x, value = 1

[2019-04-09T21:33:09.006][ReplicaE] Accept WriteLog
WriteLogItem(1554845580882,A,WriteOperation(x,+,1))[2019-04-09T21:33:09.006][ReplicaE] -- Update with key x, value = 1
WriteLogItem(1554845583004,A,WriteOperation(x,+,1))[2019-04-09T21:33:09.006][ReplicaE] -- Update with key x, value = 1
WriteLogItem(1554845586757,A,WriteOperation(x,+,1))[2019-04-09T21:33:09.006][ReplicaE] -- Update with key x, value = 1

[2019-04-09T21:33:19.583][ReplicaE] Accept WriteLog
WriteLogItem(1554845595189,A,WriteOperation(x,+,1))[2019-04-09T21:33:19.583][ReplicaE] -- Update with key x, value = 1
WriteLogItem(1554845596692,A,WriteOperation(x,+,1))[2019-04-09T21:33:19.583][ReplicaE] -- Update with key x, value = 1
WriteLogItem(1554845598478,A,WriteOperation(x,+,1))[2019-04-09T21:33:19.583][ReplicaE] -- Update with key x, value = 1

[2019-04-09T21:33:25.590][ReplicaE] Accept WriteLog
WriteLogItem(1554845559465,A,WriteOperation(y,+,1))[2019-04-09T21:33:25.590][ReplicaE] -- Update with key y, value = 1
WriteLogItem(1554845579426,A,WriteOperation(y,+,1))[2019-04-09T21:33:25.590][ReplicaE] -- Update with key y, value = 1
WriteLogItem(1554845584940,A,WriteOperation(y,+,1))[2019-04-09T21:33:25.590][ReplicaE] -- Update with key y, value = 1
WriteLogItem(1554845591575,A,WriteOperation(y,+,1))[2019-04-09T21:33:25.590][ReplicaE] -- Update with key y, value = 1
WriteLogItem(1554845604483,A,WriteOperation(y,+,1))[2019-04-09T21:33:25.590][ReplicaE] -- Update with key y, value = 1

[2019-04-09T21:33:32.787][ReplicaE] Accept WriteLog
WriteLogItem(1554845515309,A,WriteOperation(z,+,1))[2019-04-09T21:33:32.787][ReplicaE] -- Update with key z, value = 1
WriteLogItem(1554845517255,A,WriteOperation(z,+,1))[2019-04-09T21:33:32.787][ReplicaE] -- Update with key z, value = 1
WriteLogItem(1554845523297,A,WriteOperation(z,+,1))[2019-04-09T21:33:32.787][ReplicaE] -- Update with key z, value = 1
WriteLogItem(1554845524760,A,WriteOperation(z,+,1))[2019-04-09T21:33:32.787][ReplicaE] -- Update with key z, value = 1
WriteLogItem(1554845561308,A,WriteOperation(z,+,1))[2019-04-09T21:33:32.787][ReplicaE] -- Update with key z, value = 1
WriteLogItem(1554845571556,A,WriteOperation(z,+,1))[2019-04-09T21:33:32.787][ReplicaE] -- Update with key z, value = 1
WriteLogItem(1554845573768,A,WriteOperation(z,+,1))[2019-04-09T21:33:32.787][ReplicaE] -- Update with key z, value = 1
WriteLogItem(1554845593153,A,WriteOperation(z,+,1))[2019-04-09T21:33:32.788][ReplicaE] -- Update with key z, value = 1
WriteLogItem(1554845609528,A,WriteOperation(z,+,1))[2019-04-09T21:33:32.788][ReplicaE] -- Update with key z, value = 1
WriteLogItem(1554845611683,A,WriteOperation(z,+,1))[2019-04-09T21:33:32.788][ReplicaE] -- Update with key z, value = 1

[2019-04-09T21:33:36.546][ReplicaE] Accept WriteLog
WriteLogItem(1554845602141,A,WriteOperation(x,+,1))[2019-04-09T21:33:36.547][ReplicaE] -- Update with key x, value = 1
WriteLogItem(1554845607456,A,WriteOperation(x,+,1))[2019-04-09T21:33:36.547][ReplicaE] -- Update with key x, value = 1
WriteLogItem(1554845615446,A,WriteOperation(x,+,1))[2019-04-09T21:33:36.547][ReplicaE] -- Update with key x, value = 1

[2019-04-09T21:33:51.096][ReplicaE] Accept WriteLog
WriteLogItem(1554845622122,A,WriteOperation(x,+,1))[2019-04-09T21:33:51.096][ReplicaE] -- Update with key x, value = 1
WriteLogItem(1554845626337,A,WriteOperation(x,+,1))[2019-04-09T21:33:51.096][ReplicaE] -- Update with key x, value = 1
WriteLogItem(1554845629982,A,WriteOperation(x,+,1))[2019-04-09T21:33:51.096][ReplicaE] -- Update with key x, value = 1

[2019-04-09T21:34:07.361][ReplicaE] Accept WriteLog
WriteLogItem(1554845620603,A,WriteOperation(y,+,1))[2019-04-09T21:34:07.361][ReplicaE] -- Update with key y, value = 1
WriteLogItem(1554845624394,A,WriteOperation(y,+,1))[2019-04-09T21:34:07.361][ReplicaE] -- Update with key y, value = 1
WriteLogItem(1554845633532,A,WriteOperation(y,+,1))[2019-04-09T21:34:07.361][ReplicaE] -- Update with key y, value = 1
WriteLogItem(1554845635125,A,WriteOperation(y,+,1))[2019-04-09T21:34:07.362][ReplicaE] -- Update with key y, value = 1
WriteLogItem(1554845645316,A,WriteOperation(y,+,1))[2019-04-09T21:34:07.362][ReplicaE] -- Update with key y, value = 1

[2019-04-09T21:34:20.410][ReplicaE] Accept WriteLog
WriteLogItem(1554845638718,A,WriteOperation(x,+,1))[2019-04-09T21:34:20.411][ReplicaE] -- Update with key x, value = 1
WriteLogItem(1554845657211,A,WriteOperation(x,+,1))[2019-04-09T21:34:20.411][ReplicaE] -- Update with key x, value = 1
WriteLogItem(1554845659317,A,WriteOperation(x,+,1))[2019-04-09T21:34:20.411][ReplicaE] -- Update with key x, value = 1

[2019-04-09T21:34:33.260][ReplicaE] Accept WriteLog
WriteLogItem(1554845619063,A,WriteOperation(z,+,1))[2019-04-09T21:34:33.261][ReplicaE] -- Update with key z, value = 1
WriteLogItem(1554845628548,A,WriteOperation(z,+,1))[2019-04-09T21:34:33.261][ReplicaE] -- Update with key z, value = 1
WriteLogItem(1554845637033,A,WriteOperation(z,+,1))[2019-04-09T21:34:33.261][ReplicaE] -- Update with key z, value = 1
WriteLogItem(1554845641005,A,WriteOperation(z,+,1))[2019-04-09T21:34:33.261][ReplicaE] -- Update with key z, value = 1
WriteLogItem(1554845643313,A,WriteOperation(z,+,1))[2019-04-09T21:34:33.262][ReplicaE] -- Update with key z, value = 1
WriteLogItem(1554845649681,A,WriteOperation(z,+,1))[2019-04-09T21:34:33.262][ReplicaE] -- Update with key z, value = 1
WriteLogItem(1554845652113,A,WriteOperation(z,+,1))[2019-04-09T21:34:33.262][ReplicaE] -- Update with key z, value = 1
WriteLogItem(1554845662477,A,WriteOperation(z,+,1))[2019-04-09T21:34:33.262][ReplicaE] -- Update with key z, value = 1
WriteLogItem(1554845670771,A,WriteOperation(z,+,1))[2019-04-09T21:34:33.262][ReplicaE] -- Update with key z, value = 1
WriteLogItem(1554845672162,A,WriteOperation(z,+,1))[2019-04-09T21:34:33.262][ReplicaE] -- Update with key z, value = 1

[2019-04-09T21:34:39.768][ReplicaE] Accept WriteLog
WriteLogItem(1554845666905,A,WriteOperation(x,+,1))[2019-04-09T21:34:39.769][ReplicaE] -- Update with key x, value = 1
WriteLogItem(1554845676969,A,WriteOperation(x,+,1))[2019-04-09T21:34:39.769][ReplicaE] -- Update with key x, value = 1
WriteLogItem(1554845678465,A,WriteOperation(x,+,1))[2019-04-09T21:34:39.769][ReplicaE] -- Update with key x, value = 1

[2019-04-09T21:34:46.567][ReplicaE] Accept WriteLog
WriteLogItem(1554845654127,A,WriteOperation(y,+,1))[2019-04-09T21:34:46.567][ReplicaE] -- Update with key y, value = 1
WriteLogItem(1554845655634,A,WriteOperation(y,+,1))[2019-04-09T21:34:46.568][ReplicaE] -- Update with key y, value = 1
WriteLogItem(1554845664828,A,WriteOperation(y,+,1))[2019-04-09T21:34:46.568][ReplicaE] -- Update with key y, value = 1
WriteLogItem(1554845669087,A,WriteOperation(y,+,1))[2019-04-09T21:34:46.568][ReplicaE] -- Update with key y, value = 1
WriteLogItem(1554845684478,A,WriteOperation(y,+,1))[2019-04-09T21:34:46.568][ReplicaE] -- Update with key y, value = 1

[2019-04-09T21:35:08.282][ReplicaE] Accept WriteLog
WriteLogItem(1554845698486,A,WriteOperation(x,+,1))[2019-04-09T21:35:08.282][ReplicaE] -- Update with key x, value = 1
WriteLogItem(1554845702832,A,WriteOperation(x,+,1))[2019-04-09T21:35:08.282][ReplicaE] -- Update with key x, value = 1
WriteLogItem(1554845706956,A,WriteOperation(x,+,1))[2019-04-09T21:35:08.282][ReplicaE] -- Update with key x, value = 1

[2019-04-09T21:35:19.863][ReplicaE] Accept WriteLog
WriteLogItem(1554845712933,A,WriteOperation(x,+,1))[2019-04-09T21:35:19.863][ReplicaE] -- Update with key x, value = 1
WriteLogItem(1554845716565,A,WriteOperation(x,+,1))[2019-04-09T21:35:19.863][ReplicaE] -- Update with key x, value = 1
WriteLogItem(1554845718768,A,WriteOperation(x,+,1))[2019-04-09T21:35:19.863][ReplicaE] -- Update with key x, value = 1

[2019-04-09T21:35:30.249][ReplicaE] Accept WriteLog
WriteLogItem(1554845700433,A,WriteOperation(y,+,1))[2019-04-09T21:35:30.250][ReplicaE] -- Update with key y, value = 1
WriteLogItem(1554845705060,A,WriteOperation(y,+,1))[2019-04-09T21:35:30.250][ReplicaE] -- Update with key y, value = 1
WriteLogItem(1554845710690,A,WriteOperation(y,+,1))[2019-04-09T21:35:30.250][ReplicaE] -- Update with key y, value = 1
WriteLogItem(1554845723985,A,WriteOperation(y,+,1))[2019-04-09T21:35:30.250][ReplicaE] -- Update with key y, value = 1
WriteLogItem(1554845728011,A,WriteOperation(y,+,1))[2019-04-09T21:35:30.250][ReplicaE] -- Update with key y, value = 1

[2019-04-09T21:35:57.728][ReplicaE] Read key = x
[2019-04-09T21:35:59.299][ReplicaE] Read key = y
[2019-04-09T21:36:00.861][ReplicaE] Read key = z
[2019-04-09T21:36:09.217][ReplicaE] Accept WriteLog
WriteLogItem(1554845721905,A,WriteOperation(x,+,1))[2019-04-09T21:36:09.217][ReplicaE] -- Update with key x, value = 1
WriteLogItem(1554845726082,A,WriteOperation(x,+,1))[2019-04-09T21:36:09.217][ReplicaE] -- Update with key x, value = 1
WriteLogItem(1554845767544,A,WriteOperation(x,+,1))[2019-04-09T21:36:09.217][ReplicaE] -- Update with key x, value = 1

[2019-04-09T21:36:20.486][ReplicaE] Accept WriteLog
WriteLogItem(1554845675090,A,WriteOperation(z,+,1))[2019-04-09T21:36:20.486][ReplicaE] -- Update with key z, value = 1
WriteLogItem(1554845682147,A,WriteOperation(z,+,1))[2019-04-09T21:36:20.486][ReplicaE] -- Update with key z, value = 1
WriteLogItem(1554845688551,A,WriteOperation(z,+,1))[2019-04-09T21:36:20.486][ReplicaE] -- Update with key z, value = 1
WriteLogItem(1554845690246,A,WriteOperation(z,+,1))[2019-04-09T21:36:20.486][ReplicaE] -- Update with key z, value = 1
WriteLogItem(1554845692382,A,WriteOperation(z,+,1))[2019-04-09T21:36:20.486][ReplicaE] -- Update with key z, value = 1
WriteLogItem(1554845694627,A,WriteOperation(z,+,1))[2019-04-09T21:36:20.486][ReplicaE] -- Update with key z, value = 1
WriteLogItem(1554845696493,A,WriteOperation(z,+,1))[2019-04-09T21:36:20.486][ReplicaE] -- Update with key z, value = 1
WriteLogItem(1554845714721,A,WriteOperation(z,+,1))[2019-04-09T21:36:20.486][ReplicaE] -- Update with key z, value = 1
WriteLogItem(1554845775476,A,WriteOperation(z,+,1))[2019-04-09T21:36:20.487][ReplicaE] -- Update with key z, value = 1
WriteLogItem(1554845779377,A,WriteOperation(z,+,1))[2019-04-09T21:36:20.487][ReplicaE] -- Update with key z, value = 1

[2019-04-09T21:36:23.334][ReplicaE] Accept WriteLog
WriteLogItem(1554845773601,A,WriteOperation(x,+,1))[2019-04-09T21:36:23.335][ReplicaE] -- Update with key x, value = 1
WriteLogItem(1554845777397,A,WriteOperation(x,+,1))[2019-04-09T21:36:23.335][ReplicaE] -- Update with key x, value = 1
WriteLogItem(1554845782236,A,WriteOperation(x,+,1))[2019-04-09T21:36:23.335][ReplicaE] -- Update with key x, value = 1

[2019-04-09T21:36:31.034][ReplicaE] Accept WriteLog
WriteLogItem(1554845733195,A,WriteOperation(y,+,1))[2019-04-09T21:36:31.034][ReplicaE] -- Update with key y, value = 1
WriteLogItem(1554845771430,A,WriteOperation(y,+,1))[2019-04-09T21:36:31.034][ReplicaE] -- Update with key y, value = 1
WriteLogItem(1554845785340,A,WriteOperation(y,+,1))[2019-04-09T21:36:31.034][ReplicaE] -- Update with key y, value = 1
WriteLogItem(1554845787725,A,WriteOperation(y,+,1))[2019-04-09T21:36:31.034][ReplicaE] -- Update with key y, value = 1
WriteLogItem(1554845789936,A,WriteOperation(y,+,1))[2019-04-09T21:36:31.034][ReplicaE] -- Update with key y, value = 1

[2019-04-09T21:36:48.241][ReplicaE] Accept WriteLog
WriteLogItem(1554845800016,A,WriteOperation(x,+,1))[2019-04-09T21:36:48.241][ReplicaE] -- Update with key x, value = 1
WriteLogItem(1554845802260,A,WriteOperation(x,+,1))[2019-04-09T21:36:48.241][ReplicaE] -- Update with key x, value = 1
WriteLogItem(1554845805999,A,WriteOperation(x,+,1))[2019-04-09T21:36:48.242][ReplicaE] -- Update with key x, value = 1

[2019-04-09T21:37:03.976][ReplicaE] Accept WriteLog
WriteLogItem(1554845812882,A,WriteOperation(x,+,1))[2019-04-09T21:37:03.976][ReplicaE] -- Update with key x, value = 1
WriteLogItem(1554845815017,A,WriteOperation(x,+,1))[2019-04-09T21:37:03.976][ReplicaE] -- Update with key x, value = 1
WriteLogItem(1554845822871,A,WriteOperation(x,+,1))[2019-04-09T21:37:03.976][ReplicaE] -- Update with key x, value = 1

[2019-04-09T21:37:10.777][ReplicaE] Accept WriteLog
WriteLogItem(1554845795535,A,WriteOperation(y,+,1))[2019-04-09T21:37:10.777][ReplicaE] -- Update with key y, value = 1
WriteLogItem(1554845797762,A,WriteOperation(y,+,1))[2019-04-09T21:37:10.777][ReplicaE] -- Update with key y, value = 1
WriteLogItem(1554845804521,A,WriteOperation(y,+,1))[2019-04-09T21:37:10.777][ReplicaE] -- Update with key y, value = 1
WriteLogItem(1554845810711,A,WriteOperation(y,+,1))[2019-04-09T21:37:10.777][ReplicaE] -- Update with key y, value = 1
WriteLogItem(1554845829677,A,WriteOperation(y,+,1))[2019-04-09T21:37:10.777][ReplicaE] -- Update with key y, value = 1

[2019-04-09T21:37:25.963][ReplicaE] Accept WriteLog
WriteLogItem(1554845836967,A,WriteOperation(y,+,1))[2019-04-09T21:37:25.963][ReplicaE] -- Update with key y, value = 1
WriteLogItem(1554845838934,A,WriteOperation(y,+,1))[2019-04-09T21:37:25.963][ReplicaE] -- Update with key y, value = 1
WriteLogItem(1554845840808,A,WriteOperation(y,+,1))[2019-04-09T21:37:25.963][ReplicaE] -- Update with key y, value = 1
WriteLogItem(1554845842447,A,WriteOperation(y,+,1))[2019-04-09T21:37:25.963][ReplicaE] -- Update with key y, value = 1
WriteLogItem(1554845844181,A,WriteOperation(y,+,1))[2019-04-09T21:37:25.963][ReplicaE] -- Update with key y, value = 1

[2019-04-09T21:37:39.521][ReplicaE] Accept WriteLog
WriteLogItem(1554845834667,A,WriteOperation(x,+,1))[2019-04-09T21:37:39.524][ReplicaE] -- Update with key x, value = 1
WriteLogItem(1554845850281,A,WriteOperation(x,+,1))[2019-04-09T21:37:39.524][ReplicaE] -- Update with key x, value = 1
WriteLogItem(1554845858424,A,WriteOperation(x,+,1))[2019-04-09T21:37:39.524][ReplicaE] -- Update with key x, value = 1

[2019-04-09T21:37:47.631][ReplicaE] Accept WriteLog
WriteLogItem(1554845793580,A,WriteOperation(z,+,1))[2019-04-09T21:37:47.631][ReplicaE] -- Update with key z, value = 1
WriteLogItem(1554845817407,A,WriteOperation(z,+,1))[2019-04-09T21:37:47.631][ReplicaE] -- Update with key z, value = 1
WriteLogItem(1554845819363,A,WriteOperation(z,+,1))[2019-04-09T21:37:47.631][ReplicaE] -- Update with key z, value = 1
WriteLogItem(1554845820994,A,WriteOperation(z,+,1))[2019-04-09T21:37:47.631][ReplicaE] -- Update with key z, value = 1
WriteLogItem(1554845826032,A,WriteOperation(z,+,1))[2019-04-09T21:37:47.631][ReplicaE] -- Update with key z, value = 1
WriteLogItem(1554845828087,A,WriteOperation(z,+,1))[2019-04-09T21:37:47.631][ReplicaE] -- Update with key z, value = 1
WriteLogItem(1554845832644,A,WriteOperation(z,+,1))[2019-04-09T21:37:47.631][ReplicaE] -- Update with key z, value = 1
WriteLogItem(1554845855942,A,WriteOperation(z,+,1))[2019-04-09T21:37:47.631][ReplicaE] -- Update with key z, value = 1
WriteLogItem(1554845865071,A,WriteOperation(z,+,1))[2019-04-09T21:37:47.631][ReplicaE] -- Update with key z, value = 1
WriteLogItem(1554845866535,A,WriteOperation(z,+,1))[2019-04-09T21:37:47.631][ReplicaE] -- Update with key z, value = 1

[2019-04-09T21:37:52.710][ReplicaE] Accept WriteLog
WriteLogItem(1554845861316,A,WriteOperation(x,+,1))[2019-04-09T21:37:52.710][ReplicaE] -- Update with key x, value = 1
WriteLogItem(1554845862810,A,WriteOperation(x,+,1))[2019-04-09T21:37:52.710][ReplicaE] -- Update with key x, value = 1
WriteLogItem(1554845871617,A,WriteOperation(x,+,1))[2019-04-09T21:37:52.710][ReplicaE] -- Update with key x, value = 1

[2019-04-09T21:38:09.409][ReplicaE] Accept WriteLog
WriteLogItem(1554845880850,A,WriteOperation(x,+,1))[2019-04-09T21:38:09.411][ReplicaE] -- Update with key x, value = 1
WriteLogItem(1554845883132,A,WriteOperation(x,+,1))[2019-04-09T21:38:09.411][ReplicaE] -- Update with key x, value = 1
WriteLogItem(1554845887174,A,WriteOperation(x,+,1))[2019-04-09T21:38:09.411][ReplicaE] -- Update with key x, value = 1

[2019-04-09T21:38:13.232][ReplicaE] Accept WriteLog
WriteLogItem(1554845848849,A,WriteOperation(y,+,1))[2019-04-09T21:38:13.232][ReplicaE] -- Update with key y, value = 1
WriteLogItem(1554845851749,A,WriteOperation(y,+,1))[2019-04-09T21:38:13.233][ReplicaE] -- Update with key y, value = 1
WriteLogItem(1554845853949,A,WriteOperation(y,+,1))[2019-04-09T21:38:13.233][ReplicaE] -- Update with key y, value = 1
WriteLogItem(1554845869626,A,WriteOperation(y,+,1))[2019-04-09T21:38:13.233][ReplicaE] -- Update with key y, value = 1
WriteLogItem(1554845892138,A,WriteOperation(y,+,1))[2019-04-09T21:38:13.233][ReplicaE] -- Update with key y, value = 1

[2019-04-09T21:38:22.530][ReplicaE] Accept WriteLog
WriteLogItem(1554845895475,A,WriteOperation(x,+,1))[2019-04-09T21:38:22.530][ReplicaE] -- Update with key x, value = 1
WriteLogItem(1554845899557,A,WriteOperation(x,+,1))[2019-04-09T21:38:22.531][ReplicaE] -- Update with key x, value = 1
WriteLogItem(1554845901434,A,WriteOperation(x,+,1))[2019-04-09T21:38:22.531][ReplicaE] -- Update with key x, value = 1

[2019-04-09T21:38:33.678][ReplicaE] Accept WriteLog
WriteLogItem(1554845904325,A,WriteOperation(x,+,1))[2019-04-09T21:38:33.678][ReplicaE] -- Update with key x, value = 1
WriteLogItem(1554845908664,A,WriteOperation(x,+,1))[2019-04-09T21:38:33.678][ReplicaE] -- Update with key x, value = 1
WriteLogItem(1554845912571,A,WriteOperation(x,+,1))[2019-04-09T21:38:33.678][ReplicaE] -- Update with key x, value = 1

[2019-04-09T21:38:51.216][ReplicaE] Accept WriteLog
WriteLogItem(1554845915999,A,WriteOperation(x,+,1))[2019-04-09T21:38:51.217][ReplicaE] -- Update with key x, value = 1
WriteLogItem(1554845926622,A,WriteOperation(x,+,1))[2019-04-09T21:38:51.217][ReplicaE] -- Update with key x, value = 1
WriteLogItem(1554845928967,A,WriteOperation(x,+,1))[2019-04-09T21:38:51.217][ReplicaE] -- Update with key x, value = 1

[2019-04-09T21:38:54.975][ReplicaE] Accept WriteLog
WriteLogItem(1554845897896,A,WriteOperation(y,+,1))[2019-04-09T21:38:54.975][ReplicaE] -- Update with key y, value = 1
WriteLogItem(1554845917818,A,WriteOperation(y,+,1))[2019-04-09T21:38:54.975][ReplicaE] -- Update with key y, value = 1
WriteLogItem(1554845922575,A,WriteOperation(y,+,1))[2019-04-09T21:38:54.975][ReplicaE] -- Update with key y, value = 1
WriteLogItem(1554845924460,A,WriteOperation(y,+,1))[2019-04-09T21:38:54.975][ReplicaE] -- Update with key y, value = 1
WriteLogItem(1554845933875,A,WriteOperation(y,+,1))[2019-04-09T21:38:54.975][ReplicaE] -- Update with key y, value = 1

[2019-04-09T21:39:27.548][ReplicaE] Read key = x
[2019-04-09T21:39:29.102][ReplicaE] Read key = y
[2019-04-09T21:39:30.645][ReplicaE] Read key = z
/home/sven/.sdkman/candidates/scala/current/bin/scala: line 21: 21050 Killed                  "$@"
