Starting...
=> Created registry
=> Bind ECG history
RMI Registry started!
Use Crtl+C to stop the server
[2019-04-09T18:54:45.893][Master] Registered ReplicaA
[2019-04-09T18:54:46.066][Master] Registered //10.156.0.2/ReplicaA
[2019-04-09T18:54:46.366][Master] Registered ReplicaB
[2019-04-09T18:54:46.453][Master] Registered //10.156.0.2/ReplicaB
[2019-04-09T18:54:46.593][Master] Registered ReplicaC
[2019-04-09T18:54:46.637][Master] Registered //10.156.0.2/ReplicaC
[2019-04-09T18:54:48.855][Master] Registered ReplicaD
[2019-04-09T18:54:49.817][Master] Registered //10.156.0.2/ReplicaD
[2019-04-09T18:54:52.731][Master] Registered ReplicaE
[2019-04-09T18:54:53.699][Master] Registered //10.156.0.2/ReplicaE
[2019-04-09T18:54:56.383][Master] Registered ReplicaF
[2019-04-09T18:54:57.334][Master] Registered //10.156.0.2/ReplicaF
[2019-04-09T18:54:57.611][Master] Registered ReplicaG
[2019-04-09T18:54:58.067][Master] Registered //10.156.0.2/ReplicaG
[2019-04-09T18:54:59.962][Master] Registered ReplicaH
[2019-04-09T18:55:00.428][Master] Registered //10.156.0.2/ReplicaH
[2019-04-09T18:55:02.114][Master] Registered ReplicaI
[2019-04-09T18:55:02.577][Master] Registered //10.156.0.2/ReplicaI
[2019-04-09T18:55:09.190][Master] Write ECG writelog: WriteLogItem(1554836109018,I,WriteOperation(y,+,1))
[2019-04-09T18:55:09.298][Master] Read ECG writelog
[2019-04-09T18:55:11.709][Master] Write ECG writelog: WriteLogItem(1554836111699,B,WriteOperation(y,+,1))
[2019-04-09T18:55:11.711][Master] Read ECG writelog
[2019-04-09T18:55:13.837][Master] Write ECG writelog: WriteLogItem(1554836113829,A,WriteOperation(z,+,1))
[2019-04-09T18:55:13.839][Master] Read ECG writelog
[2019-04-09T18:55:15.639][Master] Write ECG writelog: WriteLogItem(1554836115634,A,WriteOperation(z,+,1))
[2019-04-09T18:55:15.641][Master] Read ECG writelog
[2019-04-09T18:55:17.916][Master] Write ECG writelog: WriteLogItem(1554836117911,A,WriteOperation(y,+,1))
[2019-04-09T18:55:17.918][Master] Read ECG writelog
[2019-04-09T18:55:19.999][Master] Write ECG writelog: WriteLogItem(1554836119996,A,WriteOperation(z,+,1))
[2019-04-09T18:55:20.004][Master] Read ECG writelog
[2019-04-09T18:55:26.652][Master] Write ECG writelog: WriteLogItem(1554836126069,F,WriteOperation(y,+,1))
[2019-04-09T18:55:26.883][Master] Read ECG writelog
[2019-04-09T18:55:31.026][Master] Write ECG writelog: WriteLogItem(1554836130867,I,WriteOperation(x,+,1))
[2019-04-09T18:55:31.133][Master] Read ECG writelog
[2019-04-09T18:55:33.159][Master] Write ECG writelog: WriteLogItem(1554836133156,B,WriteOperation(x,+,1))
[2019-04-09T18:55:33.160][Master] Read ECG writelog
[2019-04-09T18:55:37.644][Master] Write ECG writelog: WriteLogItem(1554836137483,I,WriteOperation(x,+,1))
[2019-04-09T18:55:37.750][Master] Read ECG writelog
[2019-04-09T18:55:41.965][Master] Write ECG writelog: WriteLogItem(1554836141692,G,WriteOperation(z,+,1))
[2019-04-09T18:55:42.072][Master] Read ECG writelog
[2019-04-09T18:55:49.300][Master] Write ECG writelog: WriteLogItem(1554836148718,D,WriteOperation(x,+,1))
[2019-04-09T18:55:49.531][Master] Read ECG writelog
[2019-04-09T18:56:03.639][Master] Write ECG writelog: WriteLogItem(1554836163374,H,WriteOperation(x,+,1))
[2019-04-09T18:56:03.748][Master] Read ECG writelog
[2019-04-09T18:56:16.504][Master] Write ECG writelog: WriteLogItem(1554836175928,F,WriteOperation(y,+,1))
[2019-04-09T18:56:16.736][Master] Read ECG writelog
[2019-04-09T18:56:21.885][Master] Write ECG writelog: WriteLogItem(1554836181619,I,WriteOperation(z,+,1))
[2019-04-09T18:56:21.995][Master] Read ECG writelog
[2019-04-09T18:56:29.032][Master] Write ECG writelog: WriteLogItem(1554836188452,D,WriteOperation(z,+,1))
[2019-04-09T18:56:29.263][Master] Read ECG writelog
[2019-04-09T18:56:34.275][Master] Write ECG writelog: WriteLogItem(1554836194008,G,WriteOperation(z,+,1))
[2019-04-09T18:56:34.383][Master] Read ECG writelog
[2019-04-09T18:56:38.659][Master] Write ECG writelog: WriteLogItem(1554836198499,I,WriteOperation(y,+,1))
[2019-04-09T18:56:38.766][Master] Read ECG writelog
[2019-04-09T18:56:42.967][Master] Write ECG writelog: WriteLogItem(1554836202807,I,WriteOperation(z,+,1))
[2019-04-09T18:56:43.075][Master] Read ECG writelog
[2019-04-09T18:56:50.301][Master] Write ECG writelog: WriteLogItem(1554836209724,F,WriteOperation(y,+,1))
[2019-04-09T18:56:50.533][Master] Read ECG writelog
[2019-04-09T18:56:53.189][Master] Write ECG writelog: WriteLogItem(1554836213184,B,WriteOperation(z,+,1))
[2019-04-09T18:56:53.192][Master] Read ECG writelog
[2019-04-09T18:56:57.418][Master] Write ECG writelog: WriteLogItem(1554836217257,I,WriteOperation(y,+,1))
[2019-04-09T18:56:57.524][Master] Read ECG writelog
[2019-04-09T18:57:05.231][Master] Write ECG writelog: WriteLogItem(1554836225227,B,WriteOperation(y,+,1))
[2019-04-09T18:57:05.234][Master] Read ECG writelog
[2019-04-09T18:57:12.041][Master] Write ECG writelog: WriteLogItem(1554836231463,E,WriteOperation(x,+,1))
[2019-04-09T18:57:12.273][Master] Read ECG writelog
[2019-04-09T18:57:27.659][Master] Write ECG writelog: WriteLogItem(1554836247313,E,WriteOperation(z,+,1))
[2019-04-09T18:57:27.890][Master] Read ECG writelog
[2019-04-09T18:57:32.325][Master] Write ECG writelog: WriteLogItem(1554836252060,G,WriteOperation(z,+,1))
[2019-04-09T18:57:32.432][Master] Read ECG writelog
[2019-04-09T18:57:34.288][Master] Write ECG writelog: WriteLogItem(1554836254285,A,WriteOperation(y,+,1))
[2019-04-09T18:57:34.290][Master] Read ECG writelog
[2019-04-09T18:57:43.162][Master] Write ECG writelog: WriteLogItem(1554836262896,I,WriteOperation(z,+,1))
[2019-04-09T18:57:43.269][Master] Read ECG writelog
[2019-04-09T18:57:48.387][Master] Write ECG writelog: WriteLogItem(1554836268227,I,WriteOperation(x,+,1))
[2019-04-09T18:57:48.496][Master] Read ECG writelog
[2019-04-09T18:57:52.894][Master] Write ECG writelog: WriteLogItem(1554836272734,I,WriteOperation(x,+,1))
[2019-04-09T18:57:53.001][Master] Read ECG writelog
[2019-04-09T18:57:59.219][Master] Write ECG writelog: WriteLogItem(1554836279214,C,WriteOperation(y,+,1))
[2019-04-09T18:57:59.222][Master] Read ECG writelog
[2019-04-09T18:58:10.275][Master] Write ECG writelog: WriteLogItem(1554836289692,D,WriteOperation(x,+,1))
[2019-04-09T18:58:10.506][Master] Read ECG writelog
[2019-04-09T18:58:16.802][Master] Write ECG writelog: WriteLogItem(1554836296455,D,WriteOperation(x,+,1))
[2019-04-09T18:58:17.032][Master] Read ECG writelog
[2019-04-09T18:58:23.786][Master] Write ECG writelog: WriteLogItem(1554836303211,F,WriteOperation(z,+,1))
[2019-04-09T18:58:24.016][Master] Read ECG writelog
[2019-04-09T18:58:40.377][Master] Write ECG writelog: WriteLogItem(1554836320031,D,WriteOperation(y,+,1))
[2019-04-09T18:58:40.608][Master] Read ECG writelog
[2019-04-09T18:58:49.222][Master] Write ECG writelog: WriteLogItem(1554836329216,B,WriteOperation(z,+,1))
[2019-04-09T18:58:49.227][Master] Read ECG writelog
[2019-04-09T18:58:57.980][Master] Write ECG writelog: WriteLogItem(1554836337715,I,WriteOperation(x,+,1))
[2019-04-09T18:58:58.087][Master] Read ECG writelog
[2019-04-09T18:59:04.796][Master] Write ECG writelog: WriteLogItem(1554836344791,B,WriteOperation(x,+,1))
[2019-04-09T18:59:04.803][Master] Read ECG writelog
[2019-04-09T18:59:11.941][Master] Write ECG writelog: WriteLogItem(1554836351366,E,WriteOperation(x,+,1))
[2019-04-09T18:59:12.172][Master] Read ECG writelog
[2019-04-09T18:59:23.727][Master] Write ECG writelog: WriteLogItem(1554836363460,G,WriteOperation(x,+,1))
[2019-04-09T18:59:23.836][Master] Read ECG writelog
[2019-04-09T18:59:38.596][Master] Write ECG writelog: WriteLogItem(1554836376527,D,WriteOperation(y,+,1))
[2019-04-09T18:59:38.827][Master] Read ECG writelog
[2019-04-09T18:59:47.530][Master] Write ECG writelog: WriteLogItem(1554836387527,B,WriteOperation(y,+,1))
[2019-04-09T18:59:47.532][Master] Read ECG writelog
[2019-04-09T18:59:52.531][Master] Write ECG writelog: WriteLogItem(1554836392261,H,WriteOperation(z,+,1))
[2019-04-09T18:59:52.640][Master] Read ECG writelog
[2019-04-09T19:00:02.786][Master] Write ECG writelog: WriteLogItem(1554836402439,E,WriteOperation(z,+,1))
[2019-04-09T19:00:03.016][Master] Read ECG writelog
[2019-04-09T19:00:13.820][Master] Write ECG writelog: WriteLogItem(1554836413660,I,WriteOperation(y,+,1))
[2019-04-09T19:00:13.926][Master] Read ECG writelog
[2019-04-09T19:00:24.683][Master] Write ECG writelog: WriteLogItem(1554836424415,G,WriteOperation(x,+,1))
[2019-04-09T19:00:24.900][Master] Read ECG writelog
[2019-04-09T19:00:35.285][Master] Write ECG writelog: WriteLogItem(1554836434708,F,WriteOperation(y,+,1))
[2019-04-09T19:00:35.516][Master] Read ECG writelog
[2019-04-09T19:00:37.484][Master] Write ECG writelog: WriteLogItem(1554836437481,B,WriteOperation(x,+,1))
[2019-04-09T19:00:37.486][Master] Read ECG writelog
[2019-04-09T19:00:42.137][Master] Write ECG writelog: WriteLogItem(1554836442133,B,WriteOperation(y,+,1))
[2019-04-09T19:00:42.140][Master] Read ECG writelog
[2019-04-09T19:00:46.964][Master] Write ECG writelog: WriteLogItem(1554836446803,G,WriteOperation(z,+,1))
[2019-04-09T19:00:47.071][Master] Read ECG writelog
[2019-04-09T19:00:49.159][Master] Write ECG writelog: WriteLogItem(1554836449152,C,WriteOperation(z,+,1))
[2019-04-09T19:00:49.163][Master] Read ECG writelog
[2019-04-09T19:00:59.329][Master] Write ECG writelog: WriteLogItem(1554836458752,D,WriteOperation(x,+,1))
[2019-04-09T19:00:59.561][Master] Read ECG writelog
[2019-04-09T19:01:13.010][Master] Write ECG writelog: WriteLogItem(1554836472745,I,WriteOperation(z,+,1))
[2019-04-09T19:01:13.116][Master] Read ECG writelog
[2019-04-09T19:01:19.637][Master] Write ECG writelog: WriteLogItem(1554836479291,D,WriteOperation(x,+,1))
[2019-04-09T19:01:19.868][Master] Read ECG writelog
[2019-04-09T19:01:24.967][Master] Write ECG writelog: WriteLogItem(1554836484702,G,WriteOperation(y,+,1))
[2019-04-09T19:01:25.074][Master] Read ECG writelog
[2019-04-09T19:01:30.774][Master] Write ECG writelog: WriteLogItem(1554836490770,B,WriteOperation(x,+,1))
[2019-04-09T19:01:30.775][Master] Read ECG writelog
[2019-04-09T19:01:32.224][Master] Write ECG writelog: WriteLogItem(1554836492221,C,WriteOperation(y,+,1))
[2019-04-09T19:01:32.226][Master] Read ECG writelog
[2019-04-09T19:01:42.020][Master] Write ECG writelog: WriteLogItem(1554836501673,D,WriteOperation(x,+,1))
[2019-04-09T19:01:42.251][Master] Read ECG writelog
[2019-04-09T19:01:49.083][Master] Write ECG writelog: WriteLogItem(1554836508503,F,WriteOperation(x,+,1))
[2019-04-09T19:01:49.314][Master] Read ECG writelog
[2019-04-09T19:02:02.843][Master] Write ECG writelog: WriteLogItem(1554836522267,D,WriteOperation(z,+,1))
[2019-04-09T19:02:03.074][Master] Read ECG writelog
[2019-04-09T19:02:16.973][Master] Write ECG writelog: WriteLogItem(1554836536390,E,WriteOperation(x,+,1))
[2019-04-09T19:02:17.204][Master] Read ECG writelog
[2019-04-09T19:02:30.835][Master] Write ECG writelog: WriteLogItem(1554836550569,G,WriteOperation(x,+,1))
[2019-04-09T19:02:30.942][Master] Read ECG writelog
[2019-04-09T19:02:38.991][Master] Write ECG writelog: WriteLogItem(1554836558988,B,WriteOperation(x,+,1))
[2019-04-09T19:02:38.994][Master] Read ECG writelog
[2019-04-09T19:02:40.883][Master] Write ECG writelog: WriteLogItem(1554836560880,A,WriteOperation(z,+,1))
[2019-04-09T19:02:40.885][Master] Read ECG writelog
[2019-04-09T19:02:42.981][Master] Write ECG writelog: WriteLogItem(1554836562979,A,WriteOperation(x,+,1))
[2019-04-09T19:02:42.984][Master] Read ECG writelog
[2019-04-09T19:02:49.569][Master] Write ECG writelog: WriteLogItem(1554836569302,I,WriteOperation(y,+,1))
[2019-04-09T19:02:49.677][Master] Read ECG writelog
[2019-04-09T19:02:57.450][Master] Write ECG writelog: WriteLogItem(1554836577289,G,WriteOperation(z,+,1))
[2019-04-09T19:02:57.556][Master] Read ECG writelog
[2019-04-09T19:03:02.567][Master] Write ECG writelog: WriteLogItem(1554836582303,H,WriteOperation(x,+,1))
[2019-04-09T19:03:02.673][Master] Read ECG writelog
[2019-04-09T19:03:14.312][Master] Write ECG writelog: WriteLogItem(1554836593732,D,WriteOperation(z,+,1))
[2019-04-09T19:03:14.544][Master] Read ECG writelog
[2019-04-09T19:03:23.070][Master] Write ECG writelog: WriteLogItem(1554836603065,C,WriteOperation(z,+,1))
[2019-04-09T19:03:23.072][Master] Read ECG writelog
[2019-04-09T19:03:33.859][Master] Write ECG writelog: WriteLogItem(1554836613282,E,WriteOperation(z,+,1))
[2019-04-09T19:03:34.090][Master] Read ECG writelog
[2019-04-09T19:03:44.967][Master] Write ECG writelog: WriteLogItem(1554836624701,I,WriteOperation(x,+,1))
[2019-04-09T19:03:45.073][Master] Read ECG writelog
[2019-04-09T19:03:53.586][Master] Write ECG writelog: WriteLogItem(1554836633321,G,WriteOperation(y,+,1))
[2019-04-09T19:03:53.692][Master] Read ECG writelog
[2019-04-09T19:04:00.134][Master] Write ECG writelog: WriteLogItem(1554836640131,A,WriteOperation(z,+,1))
[2019-04-09T19:04:00.139][Master] Read ECG writelog
[2019-04-09T19:04:02.146][Master] Write ECG writelog: WriteLogItem(1554836642144,C,WriteOperation(x,+,1))
[2019-04-09T19:04:02.147][Master] Read ECG writelog
[2019-04-09T19:05:00.642][Master] Write ECG writelog: WriteLogItem(1554836700297,D,WriteOperation(x,+,1))
[2019-04-09T19:05:00.872][Master] Read ECG writelog
[2019-04-09T19:05:12.314][Master] Write ECG writelog: WriteLogItem(1554836712153,H,WriteOperation(z,+,1))
[2019-04-09T19:05:12.424][Master] Read ECG writelog
[2019-04-09T19:05:22.235][Master] Write ECG writelog: WriteLogItem(1554836721970,I,WriteOperation(y,+,1))
[2019-04-09T19:05:22.341][Master] Read ECG writelog
[2019-04-09T19:05:30.366][Master] Write ECG writelog: WriteLogItem(1554836730100,H,WriteOperation(z,+,1))
[2019-04-09T19:05:30.472][Master] Read ECG writelog
[2019-04-09T19:05:41.210][Master] Write ECG writelog: WriteLogItem(1554836740633,D,WriteOperation(x,+,1))
[2019-04-09T19:05:41.441][Master] Read ECG writelog
[2019-04-09T19:05:48.239][Master] Write ECG writelog: WriteLogItem(1554836747663,F,WriteOperation(y,+,1))
[2019-04-09T19:05:48.470][Master] Read ECG writelog
[2019-04-09T19:05:59.214][Master] Write ECG writelog: WriteLogItem(1554836759211,A,WriteOperation(z,+,1))
[2019-04-09T19:05:59.215][Master] Read ECG writelog
[2019-04-09T19:06:00.797][Master] Write ECG writelog: WriteLogItem(1554836760795,C,WriteOperation(x,+,1))
[2019-04-09T19:06:00.799][Master] Read ECG writelog
[2019-04-09T19:06:05.974][Master] Write ECG writelog: WriteLogItem(1554836765973,A,WriteOperation(z,+,1))
[2019-04-09T19:06:05.976][Master] Read ECG writelog
[2019-04-09T19:06:12.836][Master] Write ECG writelog: WriteLogItem(1554836772491,F,WriteOperation(y,+,1))
[2019-04-09T19:06:13.066][Master] Read ECG writelog
[2019-04-09T19:06:20.011][Master] Write ECG writelog: WriteLogItem(1554836779434,E,WriteOperation(x,+,1))
[2019-04-09T19:06:20.243][Master] Read ECG writelog
[2019-04-09T19:06:32.834][Master] Write ECG writelog: WriteLogItem(1554836792487,E,WriteOperation(x,+,1))
[2019-04-09T19:06:33.084][Master] Read ECG writelog
[2019-04-09T19:06:44.654][Master] Write ECG writelog: WriteLogItem(1554836804307,E,WriteOperation(z,+,1))
[2019-04-09T19:06:44.886][Master] Read ECG writelog
[2019-04-09T19:06:51.857][Master] Write ECG writelog: WriteLogItem(1554836811854,B,WriteOperation(x,+,1))
[2019-04-09T19:06:51.858][Master] Read ECG writelog
[2019-04-09T19:06:58.022][Master] Write ECG writelog: WriteLogItem(1554836818020,B,WriteOperation(z,+,1))
[2019-04-09T19:06:58.023][Master] Read ECG writelog
[2019-04-09T19:07:07.150][Master] Write ECG writelog: WriteLogItem(1554836826575,F,WriteOperation(x,+,1))
[2019-04-09T19:07:07.380][Master] Read ECG writelog
[2019-04-09T19:07:14.442][Master] Write ECG writelog: WriteLogItem(1554836833866,D,WriteOperation(x,+,1))
[2019-04-09T19:07:14.676][Master] Read ECG writelog
[2019-04-09T19:07:16.803][Master] Write ECG writelog: WriteLogItem(1554836836800,A,WriteOperation(y,+,1))
[2019-04-09T19:07:16.805][Master] Read ECG writelog
[2019-04-09T19:07:22.550][Master] Write ECG writelog: WriteLogItem(1554836842548,A,WriteOperation(z,+,1))
[2019-04-09T19:07:22.552][Master] Read ECG writelog
[2019-04-09T19:07:24.751][Master] Write ECG writelog: WriteLogItem(1554836844747,C,WriteOperation(y,+,1))
[2019-04-09T19:07:24.752][Master] Read ECG writelog
[2019-04-09T19:07:34.657][Master] Write ECG writelog: WriteLogItem(1554836854077,E,WriteOperation(x,+,1))
[2019-04-09T19:07:34.888][Master] Read ECG writelog
[2019-04-09T19:07:44.964][Master] Write ECG writelog: WriteLogItem(1554836864961,B,WriteOperation(y,+,1))
[2019-04-09T19:07:44.969][Master] Read ECG writelog
[2019-04-09T19:07:50.084][Master] Write ECG writelog: WriteLogItem(1554836870083,C,WriteOperation(z,+,1))
[2019-04-09T19:07:50.086][Master] Read ECG writelog
[2019-04-09T19:07:54.679][Master] Write ECG writelog: WriteLogItem(1554836874676,A,WriteOperation(z,+,1))
[2019-04-09T19:07:54.682][Master] Read ECG writelog
[2019-04-09T19:07:59.630][Master] Write ECG writelog: WriteLogItem(1554836879364,I,WriteOperation(z,+,1))
[2019-04-09T19:07:59.737][Master] Read ECG writelog
[2019-04-09T19:08:10.175][Master] Write ECG writelog: WriteLogItem(1554836890015,I,WriteOperation(x,+,1))
[2019-04-09T19:08:10.282][Master] Read ECG writelog
[2019-04-09T19:08:15.515][Master] Write ECG writelog: WriteLogItem(1554836895512,B,WriteOperation(x,+,1))
[2019-04-09T19:08:15.517][Master] Read ECG writelog
[2019-04-09T19:08:25.107][Master] Write ECG writelog: WriteLogItem(1554836904532,D,WriteOperation(z,+,1))
[2019-04-09T19:08:25.337][Master] Read ECG writelog
[2019-04-09T19:08:39.354][Master] Write ECG writelog: WriteLogItem(1554836919087,H,WriteOperation(z,+,1))
[2019-04-09T19:08:39.460][Master] Read ECG writelog
[2019-04-09T19:08:49.761][Master] Write ECG writelog: WriteLogItem(1554836929183,E,WriteOperation(y,+,1))
[2019-04-09T19:08:49.991][Master] Read ECG writelog
[2019-04-09T19:08:54.195][Master] Write ECG writelog: WriteLogItem(1554836934035,H,WriteOperation(x,+,1))
[2019-04-09T19:08:54.301][Master] Read ECG writelog
[2019-04-09T19:08:59.295][Master] Write ECG writelog: WriteLogItem(1554836939290,C,WriteOperation(z,+,1))
[2019-04-09T19:08:59.296][Master] Read ECG writelog
[2019-04-09T19:09:05.218][Master] Write ECG writelog: WriteLogItem(1554836945216,C,WriteOperation(x,+,1))
[2019-04-09T19:09:05.220][Master] Read ECG writelog
[2019-04-09T19:09:14.128][Master] Write ECG writelog: WriteLogItem(1554836953781,E,WriteOperation(z,+,1))
[2019-04-09T19:09:14.358][Master] Read ECG writelog
[2019-04-09T19:09:28.900][Master] Write ECG writelog: WriteLogItem(1554836968322,D,WriteOperation(x,+,1))
[2019-04-09T19:09:29.131][Master] Read ECG writelog
[2019-04-09T19:09:37.402][Master] Write ECG writelog: WriteLogItem(1554836977398,B,WriteOperation(x,+,1))
[2019-04-09T19:09:37.407][Master] Read ECG writelog
[2019-04-09T19:09:39.907][Master] Write ECG writelog: WriteLogItem(1554836979905,B,WriteOperation(x,+,1))
[2019-04-09T19:09:39.908][Master] Read ECG writelog
[2019-04-09T19:09:46.159][Master] Write ECG writelog: WriteLogItem(1554836985813,D,WriteOperation(x,+,1))
[2019-04-09T19:09:46.389][Master] Read ECG writelog
[2019-04-09T19:09:58.849][Master] Write ECG writelog: WriteLogItem(1554836998503,F,WriteOperation(y,+,1))
[2019-04-09T19:09:59.079][Master] Read ECG writelog
[2019-04-09T19:10:06.147][Master] Write ECG writelog: WriteLogItem(1554837005800,D,WriteOperation(z,+,1))
[2019-04-09T19:10:06.377][Master] Read ECG writelog
[2019-04-09T19:10:16.847][Master] Write ECG writelog: WriteLogItem(1554837016688,I,WriteOperation(z,+,1))
[2019-04-09T19:10:16.953][Master] Read ECG writelog
[2019-04-09T19:10:23.031][Master] Write ECG writelog: WriteLogItem(1554837023026,A,WriteOperation(y,+,1))
[2019-04-09T19:10:23.036][Master] Read ECG writelog
[2019-04-09T19:10:27.688][Master] Write ECG writelog: WriteLogItem(1554837027423,G,WriteOperation(x,+,1))
[2019-04-09T19:10:27.795][Master] Read ECG writelog
[2019-04-09T19:10:33.872][Master] Write ECG writelog: WriteLogItem(1554837033869,C,WriteOperation(x,+,1))
[2019-04-09T19:10:33.874][Master] Read ECG writelog
[2019-04-09T19:10:38.972][Master] Write ECG writelog: WriteLogItem(1554837038970,A,WriteOperation(z,+,1))
[2019-04-09T19:10:38.973][Master] Read ECG writelog
[2019-04-09T19:10:48.707][Master] Write ECG writelog: WriteLogItem(1554837048131,E,WriteOperation(x,+,1))
[2019-04-09T19:10:48.940][Master] Read ECG writelog
[2019-04-09T19:11:00.074][Master] Write ECG writelog: WriteLogItem(1554837059811,H,WriteOperation(x,+,1))
[2019-04-09T19:11:00.182][Master] Read ECG writelog
[2019-04-09T19:11:12.401][Master] Write ECG writelog: WriteLogItem(1554837072055,E,WriteOperation(x,+,1))
[2019-04-09T19:11:12.631][Master] Read ECG writelog
[2019-04-09T19:11:21.430][Master] Write ECG writelog: WriteLogItem(1554837081427,B,WriteOperation(z,+,1))
[2019-04-09T19:11:21.433][Master] Read ECG writelog
[2019-04-09T19:11:23.807][Master] Write ECG writelog: WriteLogItem(1554837083805,C,WriteOperation(y,+,1))
[2019-04-09T19:11:23.812][Master] Read ECG writelog
[2019-04-09T19:11:30.708][Master] Write ECG writelog: WriteLogItem(1554837090362,E,WriteOperation(z,+,1))
[2019-04-09T19:11:30.938][Master] Read ECG writelog
[2019-04-09T19:11:37.305][Master] Write ECG writelog: WriteLogItem(1554837096729,D,WriteOperation(y,+,1))
[2019-04-09T19:11:37.535][Master] Read ECG writelog
[2019-04-09T19:11:51.347][Master] Write ECG writelog: WriteLogItem(1554837110772,E,WriteOperation(y,+,1))
[2019-04-09T19:11:51.578][Master] Read ECG writelog
[2019-04-09T19:11:58.376][Master] Write ECG writelog: WriteLogItem(1554837117794,F,WriteOperation(x,+,1))
[2019-04-09T19:11:58.612][Master] Read ECG writelog
[2019-04-09T19:12:04.934][Master] Write ECG writelog: WriteLogItem(1554837124585,F,WriteOperation(y,+,1))
[2019-04-09T19:12:05.167][Master] Read ECG writelog
[2019-04-09T19:12:07.491][Master] Write ECG writelog: WriteLogItem(1554837127489,B,WriteOperation(x,+,1))
[2019-04-09T19:12:07.493][Master] Read ECG writelog
[2019-04-09T19:12:16.018][Master] Write ECG writelog: WriteLogItem(1554837135752,I,WriteOperation(z,+,1))
[2019-04-09T19:12:16.125][Master] Read ECG writelog
[2019-04-09T19:12:23.153][Master] Write ECG writelog: WriteLogItem(1554837142579,E,WriteOperation(y,+,1))
[2019-04-09T19:12:23.385][Master] Read ECG writelog
[2019-04-09T19:12:34.620][Master] Write ECG writelog: WriteLogItem(1554837154354,G,WriteOperation(x,+,1))
[2019-04-09T19:12:34.726][Master] Read ECG writelog
[2019-04-09T19:12:39.214][Master] Write ECG writelog: WriteLogItem(1554837158950,H,WriteOperation(x,+,1))
[2019-04-09T19:12:39.321][Master] Read ECG writelog
[2019-04-09T19:12:48.189][Master] Write ECG writelog: WriteLogItem(1554837168030,H,WriteOperation(z,+,1))
[2019-04-09T19:12:48.295][Master] Read ECG writelog
[2019-04-09T19:12:50.358][Master] Write ECG writelog: WriteLogItem(1554837170355,A,WriteOperation(y,+,1))
[2019-04-09T19:12:50.359][Master] Read ECG writelog
[2019-04-09T19:12:52.805][Master] Write ECG writelog: WriteLogItem(1554837172801,A,WriteOperation(x,+,1))
[2019-04-09T19:12:52.806][Master] Read ECG writelog
[2019-04-09T19:12:58.764][Master] Write ECG writelog: WriteLogItem(1554837178760,B,WriteOperation(x,+,1))
[2019-04-09T19:12:58.768][Master] Read ECG writelog
[2019-04-09T19:13:06.844][Master] Write ECG writelog: WriteLogItem(1554837186683,H,WriteOperation(x,+,1))
[2019-04-09T19:13:06.950][Master] Read ECG writelog
[2019-04-09T19:13:12.810][Master] Write ECG writelog: WriteLogItem(1554837192808,B,WriteOperation(y,+,1))
[2019-04-09T19:13:12.811][Master] Read ECG writelog
[2019-04-09T19:13:21.129][Master] Write ECG writelog: WriteLogItem(1554837200554,D,WriteOperation(x,+,1))
[2019-04-09T19:13:21.372][Master] Read ECG writelog
[2019-04-09T19:13:31.966][Master] Write ECG writelog: WriteLogItem(1554837211964,A,WriteOperation(x,+,1))
[2019-04-09T19:13:31.968][Master] Read ECG writelog
[2019-04-09T19:13:37.105][Master] Write ECG writelog: WriteLogItem(1554837217102,B,WriteOperation(y,+,1))
[2019-04-09T19:13:37.106][Master] Read ECG writelog
[2019-04-09T19:13:44.505][Master] Write ECG writelog: WriteLogItem(1554837224240,I,WriteOperation(z,+,1))
[2019-04-09T19:13:44.611][Master] Read ECG writelog
[2019-04-09T19:13:51.838][Master] Write ECG writelog: WriteLogItem(1554837231263,E,WriteOperation(x,+,1))
[2019-04-09T19:13:52.070][Master] Read ECG writelog
[2019-04-09T19:14:05.603][Master] Write ECG writelog: WriteLogItem(1554837245338,G,WriteOperation(y,+,1))
[2019-04-09T19:14:05.710][Master] Read ECG writelog
[2019-04-09T19:14:18.664][Master] Write ECG writelog: WriteLogItem(1554837258318,E,WriteOperation(z,+,1))
[2019-04-09T19:14:18.894][Master] Read ECG writelog
[2019-04-09T19:14:21.177][Master] Write ECG writelog: WriteLogItem(1554837261174,B,WriteOperation(z,+,1))
[2019-04-09T19:14:21.180][Master] Read ECG writelog
[2019-04-09T19:14:30.941][Master] Write ECG writelog: WriteLogItem(1554837270595,E,WriteOperation(z,+,1))
[2019-04-09T19:14:31.171][Master] Read ECG writelog
[2019-04-09T19:15:23.641][Master] Write ECG writelog: WriteLogItem(1554837323638,B,WriteOperation(y,+,1))
[2019-04-09T19:15:23.642][Master] Read ECG writelog
[2019-04-09T19:15:32.171][Master] Write ECG writelog: WriteLogItem(1554837331907,G,WriteOperation(x,+,1))
[2019-04-09T19:15:32.277][Master] Read ECG writelog
[2019-04-09T19:15:34.880][Master] Write ECG writelog: WriteLogItem(1554837334877,B,WriteOperation(z,+,1))
[2019-04-09T19:15:34.881][Master] Read ECG writelog
[2019-04-09T19:15:41.234][Master] Write ECG writelog: WriteLogItem(1554837340968,I,WriteOperation(y,+,1))
[2019-04-09T19:15:41.341][Master] Read ECG writelog
[2019-04-09T19:15:53.282][Master] Write ECG writelog: WriteLogItem(1554837352707,F,WriteOperation(y,+,1))
[2019-04-09T19:15:53.512][Master] Read ECG writelog
[2019-04-09T19:15:56.254][Master] Write ECG writelog: WriteLogItem(1554837356251,B,WriteOperation(x,+,1))
[2019-04-09T19:15:56.255][Master] Read ECG writelog
[2019-04-09T19:16:05.758][Master] Write ECG writelog: WriteLogItem(1554837365180,D,WriteOperation(x,+,1))
[2019-04-09T19:16:05.991][Master] Read ECG writelog
[2019-04-09T19:16:14.339][Master] Write ECG writelog: WriteLogItem(1554837374337,B,WriteOperation(x,+,1))
[2019-04-09T19:16:14.341][Master] Read ECG writelog
[2019-04-09T19:16:19.291][Master] Write ECG writelog: WriteLogItem(1554837379290,B,WriteOperation(x,+,1))
[2019-04-09T19:16:19.292][Master] Read ECG writelog
[2019-04-09T19:16:27.920][Master] Write ECG writelog: WriteLogItem(1554837387346,E,WriteOperation(z,+,1))
[2019-04-09T19:16:28.150][Master] Read ECG writelog
[2019-04-09T19:16:32.311][Master] Write ECG writelog: WriteLogItem(1554837392045,G,WriteOperation(y,+,1))
[2019-04-09T19:16:32.419][Master] Read ECG writelog
[2019-04-09T19:16:41.427][Master] Write ECG writelog: WriteLogItem(1554837401267,G,WriteOperation(z,+,1))
[2019-04-09T19:16:41.533][Master] Read ECG writelog
[2019-04-09T19:16:46.231][Master] Write ECG writelog: WriteLogItem(1554837405966,I,WriteOperation(x,+,1))
[2019-04-09T19:16:46.337][Master] Read ECG writelog
[2019-04-09T19:16:58.214][Master] Write ECG writelog: WriteLogItem(1554837417638,D,WriteOperation(x,+,1))
[2019-04-09T19:16:58.444][Master] Read ECG writelog
[2019-04-09T19:17:09.899][Master] Write ECG writelog: WriteLogItem(1554837429634,G,WriteOperation(z,+,1))
[2019-04-09T19:17:10.005][Master] Read ECG writelog
[2019-04-09T19:17:11.768][Master] Write ECG writelog: WriteLogItem(1554837431765,C,WriteOperation(x,+,1))
[2019-04-09T19:17:11.769][Master] Read ECG writelog
[2019-04-09T19:17:17.649][Master] Write ECG writelog: WriteLogItem(1554837437646,C,WriteOperation(z,+,1))
[2019-04-09T19:17:17.650][Master] Read ECG writelog
[2019-04-09T19:17:22.490][Master] Write ECG writelog: WriteLogItem(1554837442489,C,WriteOperation(y,+,1))
[2019-04-09T19:17:22.491][Master] Read ECG writelog
[2019-04-09T19:17:26.294][Master] Write ECG writelog: WriteLogItem(1554837446292,B,WriteOperation(y,+,1))
[2019-04-09T19:17:26.295][Master] Read ECG writelog
[2019-04-09T19:17:31.305][Master] Write ECG writelog: WriteLogItem(1554837451303,A,WriteOperation(y,+,1))
[2019-04-09T19:17:31.312][Master] Read ECG writelog
[2019-04-09T19:17:32.700][Master] Write ECG writelog: WriteLogItem(1554837452699,A,WriteOperation(z,+,1))
[2019-04-09T19:17:32.701][Master] Read ECG writelog
[2019-04-09T19:17:42.664][Master] Write ECG writelog: WriteLogItem(1554837462087,D,WriteOperation(y,+,1))
[2019-04-09T19:17:42.894][Master] Read ECG writelog
[2019-04-09T19:17:54.215][Master] Write ECG writelog: WriteLogItem(1554837473949,G,WriteOperation(z,+,1))
[2019-04-09T19:17:54.321][Master] Read ECG writelog
[2019-04-09T19:18:01.386][Master] Write ECG writelog: WriteLogItem(1554837480810,F,WriteOperation(x,+,1))
[2019-04-09T19:18:01.617][Master] Read ECG writelog
[2019-04-09T19:18:15.493][Master] Write ECG writelog: WriteLogItem(1554837495229,H,WriteOperation(x,+,1))
[2019-04-09T19:18:15.599][Master] Read ECG writelog
[2019-04-09T19:18:17.798][Master] Write ECG writelog: WriteLogItem(1554837497795,A,WriteOperation(y,+,1))
[2019-04-09T19:18:17.799][Master] Read ECG writelog
[2019-04-09T19:18:19.440][Master] Write ECG writelog: WriteLogItem(1554837499437,C,WriteOperation(z,+,1))
[2019-04-09T19:18:19.441][Master] Read ECG writelog
[2019-04-09T19:18:24.851][Master] Write ECG writelog: WriteLogItem(1554837504849,C,WriteOperation(z,+,1))
[2019-04-09T19:18:24.852][Master] Read ECG writelog
[2019-04-09T19:18:34.233][Master] Write ECG writelog: WriteLogItem(1554837513656,E,WriteOperation(z,+,1))
[2019-04-09T19:18:34.463][Master] Read ECG writelog
[2019-04-09T19:18:42.940][Master] Write ECG writelog: WriteLogItem(1554837522937,B,WriteOperation(y,+,1))
[2019-04-09T19:18:42.952][Master] Read ECG writelog
[2019-04-09T19:18:48.710][Master] Write ECG writelog: WriteLogItem(1554837528708,B,WriteOperation(y,+,1))
[2019-04-09T19:18:48.712][Master] Read ECG writelog
[2019-04-09T19:18:52.712][Master] Write ECG writelog: WriteLogItem(1554837532710,B,WriteOperation(y,+,1))
[2019-04-09T19:18:52.713][Master] Read ECG writelog
[2019-04-09T19:19:01.438][Master] Write ECG writelog: WriteLogItem(1554837540862,F,WriteOperation(z,+,1))
[2019-04-09T19:19:01.669][Master] Read ECG writelog
[2019-04-09T19:19:14.693][Master] Write ECG writelog: WriteLogItem(1554837554346,F,WriteOperation(z,+,1))
[2019-04-09T19:19:14.923][Master] Read ECG writelog
[2019-04-09T19:19:25.447][Master] Write ECG writelog: WriteLogItem(1554837565181,G,WriteOperation(y,+,1))
[2019-04-09T19:19:25.554][Master] Read ECG writelog
[2019-04-09T19:19:36.551][Master] Write ECG writelog: WriteLogItem(1554837575976,D,WriteOperation(x,+,1))
[2019-04-09T19:19:36.783][Master] Read ECG writelog
[2019-04-09T19:19:48.103][Master] Write ECG writelog: WriteLogItem(1554837587833,H,WriteOperation(x,+,1))
[2019-04-09T19:19:48.209][Master] Read ECG writelog
[2019-04-09T19:19:54.238][Master] Write ECG writelog: WriteLogItem(1554837593892,D,WriteOperation(y,+,1))
[2019-04-09T19:19:54.469][Master] Read ECG writelog
[2019-04-09T19:20:06.431][Master] Write ECG writelog: WriteLogItem(1554837606273,H,WriteOperation(x,+,1))
[2019-04-09T19:20:06.537][Master] Read ECG writelog
[2019-04-09T19:20:19.367][Master] Write ECG writelog: WriteLogItem(1554837618792,F,WriteOperation(x,+,1))
[2019-04-09T19:20:19.598][Master] Read ECG writelog
[2019-04-09T19:20:26.743][Master] Write ECG writelog: WriteLogItem(1554837626167,D,WriteOperation(x,+,1))
[2019-04-09T19:20:26.973][Master] Read ECG writelog
[2019-04-09T19:20:35.616][Master] Write ECG writelog: WriteLogItem(1554837635614,A,WriteOperation(z,+,1))
[2019-04-09T19:20:35.619][Master] Read ECG writelog
[2019-04-09T19:20:41.967][Master] Write ECG writelog: WriteLogItem(1554837641965,C,WriteOperation(y,+,1))
[2019-04-09T19:20:41.968][Master] Read ECG writelog
[2019-04-09T19:20:46.512][Master] Write ECG writelog: WriteLogItem(1554837646510,A,WriteOperation(y,+,1))
[2019-04-09T19:20:46.513][Master] Read ECG writelog
[2019-04-09T19:20:55.076][Master] Write ECG writelog: WriteLogItem(1554837654500,E,WriteOperation(z,+,1))
[2019-04-09T19:20:55.307][Master] Read ECG writelog
[2019-04-09T19:21:04.298][Master] Write ECG writelog: WriteLogItem(1554837664296,A,WriteOperation(y,+,1))
[2019-04-09T19:21:04.299][Master] Read ECG writelog
[2019-04-09T19:21:11.570][Master] Write ECG writelog: WriteLogItem(1554837670994,D,WriteOperation(x,+,1))
[2019-04-09T19:21:11.800][Master] Read ECG writelog
[2019-04-09T19:21:22.729][Master] Write ECG writelog: WriteLogItem(1554837682463,I,WriteOperation(z,+,1))
[2019-04-09T19:21:22.835][Master] Read ECG writelog
[2019-04-09T19:21:24.814][Master] Write ECG writelog: WriteLogItem(1554837684813,C,WriteOperation(z,+,1))
[2019-04-09T19:21:24.815][Master] Read ECG writelog
[2019-04-09T19:21:31.276][Master] Write ECG writelog: WriteLogItem(1554837691273,B,WriteOperation(y,+,1))
[2019-04-09T19:21:31.277][Master] Read ECG writelog
[2019-04-09T19:21:38.897][Master] Write ECG writelog: WriteLogItem(1554837698633,G,WriteOperation(z,+,1))
[2019-04-09T19:21:39.003][Master] Read ECG writelog
[2019-04-09T19:21:41.402][Master] Write ECG writelog: WriteLogItem(1554837701400,C,WriteOperation(z,+,1))
[2019-04-09T19:21:41.402][Master] Read ECG writelog
[2019-04-09T19:21:51.021][Master] Write ECG writelog: WriteLogItem(1554837710445,E,WriteOperation(x,+,1))
[2019-04-09T19:21:51.251][Master] Read ECG writelog
[2019-04-09T19:22:04.705][Master] Write ECG writelog: WriteLogItem(1554837724439,H,WriteOperation(x,+,1))
[2019-04-09T19:22:04.812][Master] Read ECG writelog
[2019-04-09T19:22:15.950][Master] Write ECG writelog: WriteLogItem(1554837735375,F,WriteOperation(x,+,1))
[2019-04-09T19:22:16.180][Master] Read ECG writelog
[2019-04-09T19:22:23.420][Master] Write ECG writelog: WriteLogItem(1554837742845,E,WriteOperation(z,+,1))
[2019-04-09T19:22:23.650][Master] Read ECG writelog
[2019-04-09T19:22:32.400][Master] Write ECG writelog: WriteLogItem(1554837752396,B,WriteOperation(z,+,1))
[2019-04-09T19:22:32.402][Master] Read ECG writelog
[2019-04-09T19:22:42.691][Master] Write ECG writelog: WriteLogItem(1554837762116,D,WriteOperation(z,+,1))
[2019-04-09T19:22:42.921][Master] Read ECG writelog
[2019-04-09T19:22:51.642][Master] Write ECG writelog: WriteLogItem(1554837771638,A,WriteOperation(x,+,1))
[2019-04-09T19:22:51.643][Master] Read ECG writelog
[2019-04-09T19:22:58.901][Master] Write ECG writelog: WriteLogItem(1554837778637,I,WriteOperation(z,+,1))
[2019-04-09T19:22:59.007][Master] Read ECG writelog
[2019-04-09T19:23:10.066][Master] Write ECG writelog: WriteLogItem(1554837789489,F,WriteOperation(x,+,1))
[2019-04-09T19:23:10.296][Master] Read ECG writelog
[2019-04-09T19:23:20.501][Master] Write ECG writelog: WriteLogItem(1554837800499,C,WriteOperation(x,+,1))
[2019-04-09T19:23:20.502][Master] Read ECG writelog
[2019-04-09T19:23:25.706][Master] Write ECG writelog: WriteLogItem(1554837805440,G,WriteOperation(y,+,1))
[2019-04-09T19:23:25.812][Master] Read ECG writelog
[2019-04-09T19:23:37.893][Master] Write ECG writelog: WriteLogItem(1554837817317,D,WriteOperation(x,+,1))
[2019-04-09T19:23:38.123][Master] Read ECG writelog
[2019-04-09T19:23:49.965][Master] Write ECG writelog: WriteLogItem(1554837829700,H,WriteOperation(y,+,1))
[2019-04-09T19:23:50.071][Master] Read ECG writelog
[2019-04-09T19:23:58.664][Master] Write ECG writelog: WriteLogItem(1554837838401,G,WriteOperation(y,+,1))
[2019-04-09T19:23:58.773][Master] Read ECG writelog
[2019-04-09T19:24:05.519][Master] Write ECG writelog: WriteLogItem(1554837845517,A,WriteOperation(y,+,1))
[2019-04-09T19:24:05.520][Master] Read ECG writelog
[2019-04-09T19:24:12.154][Master] Write ECG writelog: WriteLogItem(1554837851579,E,WriteOperation(x,+,1))
[2019-04-09T19:24:12.385][Master] Read ECG writelog
[2019-04-09T19:24:26.339][Master] Write ECG writelog: WriteLogItem(1554837865765,D,WriteOperation(x,+,1))
[2019-04-09T19:24:26.569][Master] Read ECG writelog
[2019-04-09T19:24:38.574][Master] Write ECG writelog: WriteLogItem(1554837878572,B,WriteOperation(x,+,1))
[2019-04-09T19:24:38.575][Master] Read ECG writelog
[2019-04-09T19:24:47.529][Master] Write ECG writelog: WriteLogItem(1554837887264,H,WriteOperation(z,+,1))
[2019-04-09T19:24:47.635][Master] Read ECG writelog
[2019-04-09T19:24:49.841][Master] Write ECG writelog: WriteLogItem(1554837889839,A,WriteOperation(z,+,1))
[2019-04-09T19:24:49.842][Master] Read ECG writelog
[2019-04-09T19:24:59.272][Master] Write ECG writelog: WriteLogItem(1554837898915,F,WriteOperation(z,+,1))
[2019-04-09T19:24:59.503][Master] Read ECG writelog
[2019-04-09T19:25:08.865][Master] Write ECG writelog: WriteLogItem(1554837908861,B,WriteOperation(x,+,1))
[2019-04-09T19:25:08.866][Master] Read ECG writelog
[2019-04-09T19:25:18.037][Master] Write ECG writelog: WriteLogItem(1554837917463,E,WriteOperation(z,+,1))
[2019-04-09T19:25:18.267][Master] Read ECG writelog
[2019-04-09T19:26:21.173][Master] Write ECG writelog: WriteLogItem(1554837981170,C,WriteOperation(y,+,1))
[2019-04-09T19:26:21.175][Master] Read ECG writelog
[2019-04-09T19:26:31.206][Master] Write ECG writelog: WriteLogItem(1554837990630,D,WriteOperation(x,+,1))
[2019-04-09T19:26:31.436][Master] Read ECG writelog
[2019-04-09T19:26:44.664][Master] Write ECG writelog: WriteLogItem(1554838004087,F,WriteOperation(z,+,1))
[2019-04-09T19:26:44.895][Master] Read ECG writelog
[2019-04-09T19:26:54.390][Master] Write ECG writelog: WriteLogItem(1554838014385,C,WriteOperation(z,+,1))
[2019-04-09T19:26:54.390][Master] Read ECG writelog
[2019-04-09T19:26:59.469][Master] Write ECG writelog: WriteLogItem(1554838019463,B,WriteOperation(y,+,1))
[2019-04-09T19:26:59.470][Master] Read ECG writelog
[2019-04-09T19:27:06.876][Master] Write ECG writelog: WriteLogItem(1554838026612,G,WriteOperation(z,+,1))
[2019-04-09T19:27:06.982][Master] Read ECG writelog
[2019-04-09T19:27:13.464][Master] Write ECG writelog: WriteLogItem(1554838033462,B,WriteOperation(z,+,1))
[2019-04-09T19:27:13.465][Master] Read ECG writelog
[2019-04-09T19:27:18.382][Master] Write ECG writelog: WriteLogItem(1554838038223,G,WriteOperation(y,+,1))
[2019-04-09T19:27:18.488][Master] Read ECG writelog
[2019-04-09T19:27:25.783][Master] Write ECG writelog: WriteLogItem(1554838045781,A,WriteOperation(y,+,1))
[2019-04-09T19:27:25.784][Master] Read ECG writelog
[2019-04-09T19:27:28.349][Master] Write ECG writelog: WriteLogItem(1554838048346,C,WriteOperation(y,+,1))
[2019-04-09T19:27:28.355][Master] Read ECG writelog
[2019-04-09T19:27:33.732][Master] Write ECG writelog: WriteLogItem(1554838053730,B,WriteOperation(y,+,1))
[2019-04-09T19:27:33.733][Master] Read ECG writelog
[2019-04-09T19:27:41.800][Master] Write ECG writelog: WriteLogItem(1554838061535,H,WriteOperation(z,+,1))
[2019-04-09T19:27:41.907][Master] Read ECG writelog
[2019-04-09T19:27:46.884][Master] Write ECG writelog: WriteLogItem(1554838066620,I,WriteOperation(z,+,1))
[2019-04-09T19:27:46.991][Master] Read ECG writelog
[2019-04-09T19:27:49.464][Master] Write ECG writelog: WriteLogItem(1554838069463,B,WriteOperation(y,+,1))
[2019-04-09T19:27:49.465][Master] Read ECG writelog
[2019-04-09T19:27:55.018][Master] Write ECG writelog: WriteLogItem(1554838075010,A,WriteOperation(y,+,1))
[2019-04-09T19:27:55.021][Master] Read ECG writelog
[2019-04-09T19:27:57.513][Master] Write ECG writelog: WriteLogItem(1554838077511,B,WriteOperation(y,+,1))
[2019-04-09T19:27:57.514][Master] Read ECG writelog
[2019-04-09T19:28:04.660][Master] Write ECG writelog: WriteLogItem(1554838084501,I,WriteOperation(x,+,1))
[2019-04-09T19:28:04.766][Master] Read ECG writelog
[2019-04-09T19:28:18.082][Master] Write ECG writelog: WriteLogItem(1554838097507,F,WriteOperation(y,+,1))
[2019-04-09T19:28:18.312][Master] Read ECG writelog
[2019-04-09T19:28:26.773][Master] Write ECG writelog: WriteLogItem(1554838106771,B,WriteOperation(y,+,1))
[2019-04-09T19:28:26.775][Master] Read ECG writelog
[2019-04-09T19:28:29.085][Master] Write ECG writelog: WriteLogItem(1554838109082,C,WriteOperation(z,+,1))
[2019-04-09T19:28:29.086][Master] Read ECG writelog
[2019-04-09T19:28:35.497][Master] Write ECG writelog: WriteLogItem(1554838114920,E,WriteOperation(x,+,1))
[2019-04-09T19:28:35.728][Master] Read ECG writelog
[2019-04-09T19:28:51.033][Master] Write ECG writelog: WriteLogItem(1554838130458,D,WriteOperation(z,+,1))
[2019-04-09T19:28:51.263][Master] Read ECG writelog
[2019-04-09T19:28:53.514][Master] Write ECG writelog: WriteLogItem(1554838133513,C,WriteOperation(x,+,1))
[2019-04-09T19:28:53.519][Master] Read ECG writelog
[2019-04-09T19:29:00.662][Master] Write ECG writelog: WriteLogItem(1554838140086,F,WriteOperation(x,+,1))
[2019-04-09T19:29:00.893][Master] Read ECG writelog
[2019-04-09T19:29:09.677][Master] Write ECG writelog: WriteLogItem(1554838149675,C,WriteOperation(z,+,1))
[2019-04-09T19:29:09.678][Master] Read ECG writelog
[2019-04-09T19:29:12.397][Master] Write ECG writelog: WriteLogItem(1554838152395,B,WriteOperation(y,+,1))
[2019-04-09T19:29:12.399][Master] Read ECG writelog
[2019-04-09T19:29:17.333][Master] Write ECG writelog: WriteLogItem(1554838157068,H,WriteOperation(y,+,1))
[2019-04-09T19:29:17.439][Master] Read ECG writelog
[2019-04-09T19:29:25.988][Master] Write ECG writelog: WriteLogItem(1554838165985,A,WriteOperation(x,+,1))
[2019-04-09T19:29:25.989][Master] Read ECG writelog
[2019-04-09T19:29:34.738][Master] Write ECG writelog: WriteLogItem(1554838174577,H,WriteOperation(y,+,1))
[2019-04-09T19:29:34.844][Master] Read ECG writelog
[2019-04-09T19:29:42.840][Master] Write ECG writelog: WriteLogItem(1554838182576,G,WriteOperation(x,+,1))
[2019-04-09T19:29:42.946][Master] Read ECG writelog
[2019-04-09T19:29:51.442][Master] Write ECG writelog: WriteLogItem(1554838191283,G,WriteOperation(x,+,1))
[2019-04-09T19:29:51.547][Master] Read ECG writelog
[2019-04-09T19:29:54.449][Master] Write ECG writelog: WriteLogItem(1554838194446,C,WriteOperation(z,+,1))
[2019-04-09T19:29:54.450][Master] Read ECG writelog
[2019-04-09T19:29:58.805][Master] Write ECG writelog: WriteLogItem(1554838198646,H,WriteOperation(z,+,1))
[2019-04-09T19:29:58.911][Master] Read ECG writelog
[2019-04-09T19:30:03.605][Master] Write ECG writelog: WriteLogItem(1554838203446,G,WriteOperation(z,+,1))
[2019-04-09T19:30:03.710][Master] Read ECG writelog
[2019-04-09T19:30:14.373][Master] Write ECG writelog: WriteLogItem(1554838213797,E,WriteOperation(z,+,1))
[2019-04-09T19:30:14.603][Master] Read ECG writelog
[2019-04-09T19:30:23.523][Master] Write ECG writelog: WriteLogItem(1554838223519,A,WriteOperation(x,+,1))
[2019-04-09T19:30:23.524][Master] Read ECG writelog
[2019-04-09T19:30:31.064][Master] Write ECG writelog: WriteLogItem(1554838230800,I,WriteOperation(y,+,1))
[2019-04-09T19:30:31.171][Master] Read ECG writelog
[2019-04-09T19:30:41.830][Master] Write ECG writelog: WriteLogItem(1554838241252,F,WriteOperation(z,+,1))
[2019-04-09T19:30:42.062][Master] Read ECG writelog
[2019-04-09T19:30:58.496][Master] Write ECG writelog: WriteLogItem(1554838257921,E,WriteOperation(y,+,1))
[2019-04-09T19:30:58.726][Master] Read ECG writelog
[2019-04-09T19:31:07.365][Master] Write ECG writelog: WriteLogItem(1554838267363,A,WriteOperation(y,+,1))
[2019-04-09T19:31:07.366][Master] Read ECG writelog
[2019-04-09T19:31:12.834][Master] Write ECG writelog: WriteLogItem(1554838272831,A,WriteOperation(x,+,1))
[2019-04-09T19:31:12.834][Master] Read ECG writelog
[2019-04-09T19:31:21.763][Master] Write ECG writelog: WriteLogItem(1554838281183,D,WriteOperation(x,+,1))
[2019-04-09T19:31:21.995][Master] Read ECG writelog
[2019-04-09T19:31:31.215][Master] Write ECG writelog: WriteLogItem(1554838291213,C,WriteOperation(z,+,1))
[2019-04-09T19:31:31.216][Master] Read ECG writelog
[2019-04-09T19:31:37.713][Master] Write ECG writelog: WriteLogItem(1554838297365,D,WriteOperation(x,+,1))
[2019-04-09T19:31:37.945][Master] Read ECG writelog
[2019-04-09T19:31:46.523][Master] Write ECG writelog: WriteLogItem(1554838306521,C,WriteOperation(z,+,1))
[2019-04-09T19:31:46.524][Master] Read ECG writelog
[2019-04-09T19:31:51.327][Master] Write ECG writelog: WriteLogItem(1554838311059,G,WriteOperation(y,+,1))
[2019-04-09T19:31:51.433][Master] Read ECG writelog
[2019-04-09T19:31:55.738][Master] Write ECG writelog: WriteLogItem(1554838315578,G,WriteOperation(y,+,1))
[2019-04-09T19:31:55.844][Master] Read ECG writelog
[2019-04-09T19:32:02.373][Master] Write ECG writelog: WriteLogItem(1554838322025,D,WriteOperation(x,+,1))
[2019-04-09T19:32:02.605][Master] Read ECG writelog
[2019-04-09T19:32:17.648][Master] Write ECG writelog: WriteLogItem(1554838337299,D,WriteOperation(y,+,1))
[2019-04-09T19:32:17.880][Master] Read ECG writelog
[2019-04-09T19:32:20.798][Master] Write ECG writelog: WriteLogItem(1554838340796,C,WriteOperation(y,+,1))
[2019-04-09T19:32:20.798][Master] Read ECG writelog
[2019-04-09T19:32:27.673][Master] Write ECG writelog: WriteLogItem(1554838347670,B,WriteOperation(z,+,1))
[2019-04-09T19:32:27.674][Master] Read ECG writelog
[2019-04-09T19:32:38.749][Master] Write ECG writelog: WriteLogItem(1554838358175,D,WriteOperation(x,+,1))
[2019-04-09T19:32:38.979][Master] Read ECG writelog
[2019-04-09T19:32:52.448][Master] Write ECG writelog: WriteLogItem(1554838372102,D,WriteOperation(y,+,1))
[2019-04-09T19:32:52.678][Master] Read ECG writelog
[2019-04-09T19:32:55.200][Master] Write ECG writelog: WriteLogItem(1554838375198,C,WriteOperation(y,+,1))
[2019-04-09T19:32:55.202][Master] Read ECG writelog
[2019-04-09T19:33:00.964][Master] Write ECG writelog: WriteLogItem(1554838380962,B,WriteOperation(y,+,1))
[2019-04-09T19:33:00.964][Master] Read ECG writelog
[2019-04-09T19:33:03.071][Master] Write ECG writelog: WriteLogItem(1554838383070,C,WriteOperation(y,+,1))
[2019-04-09T19:33:03.072][Master] Read ECG writelog
[2019-04-09T19:33:07.576][Master] Write ECG writelog: WriteLogItem(1554838387574,C,WriteOperation(y,+,1))
[2019-04-09T19:33:07.577][Master] Read ECG writelog
[2019-04-09T19:33:12.582][Master] Write ECG writelog: WriteLogItem(1554838392579,A,WriteOperation(z,+,1))
[2019-04-09T19:33:12.587][Master] Read ECG writelog
[2019-04-09T19:33:22.884][Master] Write ECG writelog: WriteLogItem(1554838402309,E,WriteOperation(y,+,1))
[2019-04-09T19:33:23.115][Master] Read ECG writelog
[2019-04-09T19:33:37.497][Master] Write ECG writelog: WriteLogItem(1554838417151,E,WriteOperation(z,+,1))
[2019-04-09T19:33:37.727][Master] Read ECG writelog
[2019-04-09T19:33:50.555][Master] Write ECG writelog: WriteLogItem(1554838429981,D,WriteOperation(y,+,1))
[2019-04-09T19:33:50.785][Master] Read ECG writelog
[2019-04-09T19:33:59.628][Master] Write ECG writelog: WriteLogItem(1554838439626,B,WriteOperation(x,+,1))
[2019-04-09T19:33:59.628][Master] Read ECG writelog
[2019-04-09T19:34:07.665][Master] Write ECG writelog: WriteLogItem(1554838447399,I,WriteOperation(x,+,1))
[2019-04-09T19:34:07.770][Master] Read ECG writelog
[2019-04-09T19:34:16.789][Master] Write ECG writelog: WriteLogItem(1554838456523,H,WriteOperation(x,+,1))
[2019-04-09T19:34:16.895][Master] Read ECG writelog
[2019-04-09T19:34:23.464][Master] Write ECG writelog: WriteLogItem(1554838463462,C,WriteOperation(z,+,1))
[2019-04-09T19:34:23.465][Master] Read ECG writelog
[2019-04-09T19:34:30.608][Master] Write ECG writelog: WriteLogItem(1554838470032,E,WriteOperation(y,+,1))
[2019-04-09T19:34:30.838][Master] Read ECG writelog
[2019-04-09T19:34:45.016][Master] Write ECG writelog: WriteLogItem(1554838484750,G,WriteOperation(x,+,1))
[2019-04-09T19:34:45.122][Master] Read ECG writelog
[2019-04-09T19:34:52.440][Master] Write ECG writelog: WriteLogItem(1554838492325,E,WriteOperation(x,+,1))
[2019-04-09T19:34:52.670][Master] Read ECG writelog
[2019-04-09T19:35:02.303][Master] Write ECG writelog: WriteLogItem(1554838502144,G,WriteOperation(z,+,1))
[2019-04-09T19:35:02.409][Master] Read ECG writelog
[2019-04-09T19:35:10.209][Master] Write ECG writelog: WriteLogItem(1554838510207,A,WriteOperation(x,+,1))
[2019-04-09T19:35:10.210][Master] Read ECG writelog
[2019-04-09T19:35:20.917][Master] Write ECG writelog: WriteLogItem(1554838520344,F,WriteOperation(z,+,1))
[2019-04-09T19:35:21.147][Master] Read ECG writelog
[2019-04-09T19:35:35.085][Master] Write ECG writelog: WriteLogItem(1554838534509,E,WriteOperation(y,+,1))
[2019-04-09T19:35:35.316][Master] Read ECG writelog
[2019-04-09T19:35:45.137][Master] Write ECG writelog: WriteLogItem(1554838545134,B,WriteOperation(y,+,1))
[2019-04-09T19:35:45.137][Master] Read ECG writelog
[2019-04-09T19:35:51.574][Master] Write ECG writelog: WriteLogItem(1554838551228,E,WriteOperation(y,+,1))
[2019-04-09T19:35:51.804][Master] Read ECG writelog
[2019-04-09T19:36:05.883][Master] Write ECG writelog: WriteLogItem(1554838565537,E,WriteOperation(z,+,1))
[2019-04-09T19:36:06.113][Master] Read ECG writelog
[2019-04-09T19:37:08.057][Master] Write ECG writelog: WriteLogItem(1554838628055,C,WriteOperation(z,+,1))
[2019-04-09T19:37:08.058][Master] Read ECG writelog
[2019-04-09T19:37:15.551][Master] Write ECG writelog: WriteLogItem(1554838634975,D,WriteOperation(x,+,1))
[2019-04-09T19:37:15.781][Master] Read ECG writelog
[2019-04-09T19:37:24.401][Master] Write ECG writelog: WriteLogItem(1554838644399,A,WriteOperation(z,+,1))
[2019-04-09T19:37:24.402][Master] Read ECG writelog
[2019-04-09T19:37:32.129][Master] Write ECG writelog: WriteLogItem(1554838651863,I,WriteOperation(x,+,1))
[2019-04-09T19:37:32.235][Master] Read ECG writelog
[2019-04-09T19:37:45.348][Master] Write ECG writelog: WriteLogItem(1554838664772,F,WriteOperation(x,+,1))
[2019-04-09T19:37:45.577][Master] Read ECG writelog
[2019-04-09T19:37:57.078][Master] Write ECG writelog: WriteLogItem(1554838676812,H,WriteOperation(y,+,1))
[2019-04-09T19:37:57.184][Master] Read ECG writelog
[2019-04-09T19:38:06.938][Master] Write ECG writelog: WriteLogItem(1554838686780,H,WriteOperation(z,+,1))
[2019-04-09T19:38:07.044][Master] Read ECG writelog
[2019-04-09T19:38:11.747][Master] Write ECG writelog: WriteLogItem(1554838691483,I,WriteOperation(z,+,1))
[2019-04-09T19:38:11.854][Master] Read ECG writelog
[2019-04-09T19:38:23.134][Master] Write ECG writelog: WriteLogItem(1554838702559,D,WriteOperation(x,+,1))
[2019-04-09T19:38:23.364][Master] Read ECG writelog
[2019-04-09T19:38:37.359][Master] Write ECG writelog: WriteLogItem(1554838717095,H,WriteOperation(y,+,1))
[2019-04-09T19:38:37.465][Master] Read ECG writelog
[2019-04-09T19:38:44.302][Master] Write ECG writelog: WriteLogItem(1554838724300,B,WriteOperation(y,+,1))
[2019-04-09T19:38:44.305][Master] Read ECG writelog
[2019-04-09T19:38:52.525][Master] Write ECG writelog: WriteLogItem(1554838732260,G,WriteOperation(z,+,1))
[2019-04-09T19:38:52.631][Master] Read ECG writelog
[2019-04-09T19:39:04.113][Master] Write ECG writelog: WriteLogItem(1554838743538,D,WriteOperation(y,+,1))
[2019-04-09T19:39:04.342][Master] Read ECG writelog
[2019-04-09T19:39:07.275][Master] Write ECG writelog: WriteLogItem(1554838747272,A,WriteOperation(z,+,1))
[2019-04-09T19:39:07.277][Master] Read ECG writelog
[2019-04-09T19:39:16.986][Master] Write ECG writelog: WriteLogItem(1554838756640,D,WriteOperation(x,+,1))
[2019-04-09T19:39:17.216][Master] Read ECG writelog
[2019-04-09T19:39:31.353][Master] Write ECG writelog: WriteLogItem(1554838770777,E,WriteOperation(x,+,1))
[2019-04-09T19:39:31.583][Master] Read ECG writelog
[2019-04-09T19:39:42.883][Master] Write ECG writelog: WriteLogItem(1554838782617,I,WriteOperation(z,+,1))
[2019-04-09T19:39:42.988][Master] Read ECG writelog
[2019-04-09T19:39:48.992][Master] Write ECG writelog: WriteLogItem(1554838788991,A,WriteOperation(y,+,1))
[2019-04-09T19:39:48.993][Master] Read ECG writelog
[2019-04-09T19:39:51.861][Master] Write ECG writelog: WriteLogItem(1554838791860,A,WriteOperation(z,+,1))
[2019-04-09T19:39:51.862][Master] Read ECG writelog
[2019-04-09T19:40:01.972][Master] Write ECG writelog: WriteLogItem(1554838801626,E,WriteOperation(x,+,1))
[2019-04-09T19:40:02.202][Master] Read ECG writelog
[2019-04-09T19:40:13.069][Master] Write ECG writelog: WriteLogItem(1554838813066,B,WriteOperation(y,+,1))
[2019-04-09T19:40:13.076][Master] Read ECG writelog
[2019-04-09T19:40:15.647][Master] Write ECG writelog: WriteLogItem(1554838815646,A,WriteOperation(y,+,1))
[2019-04-09T19:40:15.648][Master] Read ECG writelog
[2019-04-09T19:40:22.648][Master] Write ECG writelog: WriteLogItem(1554838822072,D,WriteOperation(y,+,1))
[2019-04-09T19:40:22.879][Master] Read ECG writelog
[2019-04-09T19:40:31.671][Master] Write ECG writelog: WriteLogItem(1554838831669,C,WriteOperation(x,+,1))
[2019-04-09T19:40:31.674][Master] Read ECG writelog
[2019-04-09T19:40:41.657][Master] Write ECG writelog: WriteLogItem(1554838841311,D,WriteOperation(x,+,1))
[2019-04-09T19:40:41.888][Master] Read ECG writelog
[2019-04-09T19:40:49.385][Master] Write ECG writelog: WriteLogItem(1554838848810,E,WriteOperation(x,+,1))
[2019-04-09T19:40:49.615][Master] Read ECG writelog
[2019-04-09T19:41:03.689][Master] Write ECG writelog: WriteLogItem(1554838863343,D,WriteOperation(y,+,1))
[2019-04-09T19:41:03.919][Master] Read ECG writelog
[2019-04-09T19:41:17.378][Master] Write ECG writelog: WriteLogItem(1554838877032,D,WriteOperation(y,+,1))
[2019-04-09T19:41:17.608][Master] Read ECG writelog
[2019-04-09T19:41:29.730][Master] Write ECG writelog: WriteLogItem(1554838889383,D,WriteOperation(x,+,1))
[2019-04-09T19:41:29.960][Master] Read ECG writelog
[2019-04-09T19:41:37.128][Master] Write ECG writelog: WriteLogItem(1554838896552,E,WriteOperation(x,+,1))
[2019-04-09T19:41:37.358][Master] Read ECG writelog
[2019-04-09T19:41:46.763][Master] Write ECG writelog: WriteLogItem(1554838906760,B,WriteOperation(z,+,1))
[2019-04-09T19:41:46.764][Master] Read ECG writelog
[2019-04-09T19:41:57.091][Master] Write ECG writelog: WriteLogItem(1554838916517,D,WriteOperation(z,+,1))
[2019-04-09T19:41:57.322][Master] Read ECG writelog
[2019-04-09T19:42:09.653][Master] Write ECG writelog: WriteLogItem(1554838929651,A,WriteOperation(z,+,1))
[2019-04-09T19:42:09.654][Master] Read ECG writelog
[2019-04-09T19:42:20.989][Master] Write ECG writelog: WriteLogItem(1554838940414,E,WriteOperation(y,+,1))
[2019-04-09T19:42:21.219][Master] Read ECG writelog
[2019-04-09T19:42:32.585][Master] Write ECG writelog: WriteLogItem(1554838952320,G,WriteOperation(y,+,1))
[2019-04-09T19:42:32.691][Master] Read ECG writelog
[2019-04-09T19:42:39.891][Master] Write ECG writelog: WriteLogItem(1554838959317,D,WriteOperation(y,+,1))
[2019-04-09T19:42:40.121][Master] Read ECG writelog
[2019-04-09T19:42:54.288][Master] Write ECG writelog: WriteLogItem(1554838973944,D,WriteOperation(y,+,1))
[2019-04-09T19:42:54.518][Master] Read ECG writelog
[2019-04-09T19:43:02.450][Master] Write ECG writelog: WriteLogItem(1554838982446,B,WriteOperation(z,+,1))
[2019-04-09T19:43:02.450][Master] Read ECG writelog
[2019-04-09T19:43:12.424][Master] Write ECG writelog: WriteLogItem(1554838991850,E,WriteOperation(z,+,1))
[2019-04-09T19:43:12.654][Master] Read ECG writelog
[2019-04-09T19:43:26.460][Master] Write ECG writelog: WriteLogItem(1554839005885,F,WriteOperation(x,+,1))
[2019-04-09T19:43:26.690][Master] Read ECG writelog
[2019-04-09T19:43:40.194][Master] Write ECG writelog: WriteLogItem(1554839019929,H,WriteOperation(x,+,1))
[2019-04-09T19:43:40.299][Master] Read ECG writelog
[2019-04-09T19:43:48.616][Master] Write ECG writelog: WriteLogItem(1554839028457,H,WriteOperation(x,+,1))
[2019-04-09T19:43:48.721][Master] Read ECG writelog
[2019-04-09T19:43:55.381][Master] Write ECG writelog: WriteLogItem(1554839035378,A,WriteOperation(y,+,1))
[2019-04-09T19:43:55.382][Master] Read ECG writelog
[2019-04-09T19:44:03.339][Master] Write ECG writelog: WriteLogItem(1554839042764,E,WriteOperation(z,+,1))
[2019-04-09T19:44:03.569][Master] Read ECG writelog
[2019-04-09T19:44:15.673][Master] Write ECG writelog: WriteLogItem(1554839055670,A,WriteOperation(y,+,1))
[2019-04-09T19:44:15.678][Master] Read ECG writelog
[2019-04-09T19:44:17.979][Master] Write ECG writelog: WriteLogItem(1554839057977,B,WriteOperation(x,+,1))
[2019-04-09T19:44:17.980][Master] Read ECG writelog
[2019-04-09T19:44:25.269][Master] Write ECG writelog: WriteLogItem(1554839065003,I,WriteOperation(x,+,1))
[2019-04-09T19:44:25.377][Master] Read ECG writelog
[2019-04-09T19:44:32.686][Master] Write ECG writelog: WriteLogItem(1554839072683,C,WriteOperation(y,+,1))
[2019-04-09T19:44:32.687][Master] Read ECG writelog
[2019-04-09T19:44:38.328][Master] Write ECG writelog: WriteLogItem(1554839078326,C,WriteOperation(x,+,1))
[2019-04-09T19:44:38.329][Master] Read ECG writelog
[2019-04-09T19:44:44.284][Master] Write ECG writelog: WriteLogItem(1554839084283,B,WriteOperation(y,+,1))
[2019-04-09T19:44:44.285][Master] Read ECG writelog
[2019-04-09T19:44:52.765][Master] Write ECG writelog: WriteLogItem(1554839092499,G,WriteOperation(y,+,1))
[2019-04-09T19:44:52.872][Master] Read ECG writelog
[2019-04-09T19:44:59.945][Master] Write ECG writelog: WriteLogItem(1554839099601,E,WriteOperation(x,+,1))
[2019-04-09T19:45:00.175][Master] Read ECG writelog
[2019-04-09T19:45:14.906][Master] Write ECG writelog: WriteLogItem(1554839114332,D,WriteOperation(z,+,1))
[2019-04-09T19:45:15.137][Master] Read ECG writelog
[2019-04-09T19:45:24.171][Master] Write ECG writelog: WriteLogItem(1554839124169,A,WriteOperation(x,+,1))
[2019-04-09T19:45:24.172][Master] Read ECG writelog
[2019-04-09T19:45:29.930][Master] Write ECG writelog: WriteLogItem(1554839129928,C,WriteOperation(x,+,1))
[2019-04-09T19:45:29.931][Master] Read ECG writelog
[2019-04-09T19:45:40.510][Master] Write ECG writelog: WriteLogItem(1554839140158,D,WriteOperation(z,+,1))
[2019-04-09T19:45:40.740][Master] Read ECG writelog
[2019-04-09T19:45:50.050][Master] Write ECG writelog: WriteLogItem(1554839150048,C,WriteOperation(x,+,1))
[2019-04-09T19:45:50.051][Master] Read ECG writelog
[2019-04-09T19:45:58.259][Master] Write ECG writelog: WriteLogItem(1554839157994,G,WriteOperation(y,+,1))
[2019-04-09T19:45:58.365][Master] Read ECG writelog
[2019-04-09T19:46:06.711][Master] Write ECG writelog: WriteLogItem(1554839166708,C,WriteOperation(x,+,1))
[2019-04-09T19:46:06.712][Master] Read ECG writelog
[2019-04-09T19:46:17.618][Master] Write ECG writelog: WriteLogItem(1554839177039,F,WriteOperation(x,+,1))
[2019-04-09T19:46:17.850][Master] Read ECG writelog
[2019-04-09T19:46:27.303][Master] Write ECG writelog: WriteLogItem(1554839187300,B,WriteOperation(y,+,1))
[2019-04-09T19:46:27.304][Master] Read ECG writelog
[2019-04-09T19:46:32.262][Master] Write ECG writelog: WriteLogItem(1554839191998,I,WriteOperation(x,+,1))
[2019-04-09T19:46:32.368][Master] Read ECG writelog
[2019-04-09T19:46:45.876][Master] Write ECG writelog: WriteLogItem(1554839205300,D,WriteOperation(z,+,1))
[2019-04-09T19:46:46.106][Master] Read ECG writelog
[2019-04-09T19:47:03.076][Master] Write ECG writelog: WriteLogItem(1554839222730,D,WriteOperation(y,+,1))
[2019-04-09T19:47:03.306][Master] Read ECG writelog
[2019-04-09T19:47:16.216][Master] Write ECG writelog: WriteLogItem(1554839235869,D,WriteOperation(z,+,1))
[2019-04-09T19:47:16.446][Master] Read ECG writelog
[2019-04-09T19:47:29.841][Master] Write ECG writelog: WriteLogItem(1554839249265,F,WriteOperation(x,+,1))
[2019-04-09T19:47:30.072][Master] Read ECG writelog
[2019-04-09T19:47:41.725][Master] Write ECG writelog: WriteLogItem(1554839261460,H,WriteOperation(y,+,1))
[2019-04-09T19:47:41.832][Master] Read ECG writelog
[2019-04-09T19:47:49.935][Master] Write ECG writelog: WriteLogItem(1554839269932,A,WriteOperation(z,+,1))
[2019-04-09T19:47:49.936][Master] Read ECG writelog
[2019-04-09T19:47:57.698][Master] Write ECG writelog: WriteLogItem(1554839277539,H,WriteOperation(x,+,1))
[2019-04-09T19:47:57.804][Master] Read ECG writelog
[2019-04-09T19:48:03.877][Master] Write ECG writelog: WriteLogItem(1554839283871,A,WriteOperation(y,+,1))
[2019-04-09T19:48:03.877][Master] Read ECG writelog
[2019-04-09T19:48:14.621][Master] Write ECG writelog: WriteLogItem(1554839294046,E,WriteOperation(z,+,1))
[2019-04-09T19:48:14.851][Master] Read ECG writelog
[2019-04-09T19:48:28.681][Master] Write ECG writelog: WriteLogItem(1554839308335,E,WriteOperation(x,+,1))
[2019-04-09T19:48:28.910][Master] Read ECG writelog
[2019-04-09T19:48:36.651][Master] Write ECG writelog: WriteLogItem(1554839316646,A,WriteOperation(z,+,1))
[2019-04-09T19:48:36.652][Master] Read ECG writelog
[2019-04-09T19:48:47.294][Master] Write ECG writelog: WriteLogItem(1554839326722,F,WriteOperation(z,+,1))
[2019-04-09T19:48:47.524][Master] Read ECG writelog
[2019-04-09T19:49:03.520][Master] Write ECG writelog: WriteLogItem(1554839343175,F,WriteOperation(z,+,1))
[2019-04-09T19:49:03.749][Master] Read ECG writelog
/home/sven/.sdkman/candidates/scala/current/bin/scala: line 21: 30538 Killed                  "$@"
