[2019-04-11T09:01:03.807][Master] Starting...
[2019-04-11T09:01:03.996][Master] => Created registry
[2019-04-11T09:01:04.153][Master] => Bind ECG history
[2019-04-11T09:01:04.154][Master] RMI Registry started!
[2019-04-11T09:01:04.154][Master] Use Crtl+C to stop the server
--------------------------------------------------------------------------------------------

[2019-04-11T09:01:04.948][Master] Registered ReplicaA
[2019-04-11T09:01:05.063][Master] Registered //10.156.0.2/ReplicaA
[2019-04-11T09:01:05.220][Master] Registered ReplicaB
[2019-04-11T09:01:05.260][Master] Registered //10.156.0.2/ReplicaB
[2019-04-11T09:01:08.492][Master] Registered ReplicaC
[2019-04-11T09:01:09.449][Master] Registered //10.156.0.2/ReplicaC
[2019-04-11T09:01:12.139][Master] Registered ReplicaD
[2019-04-11T09:01:12.855][Master] Registered ReplicaE
[2019-04-11T09:01:13.091][Master] Registered //10.156.0.2/ReplicaD
[2019-04-11T09:01:13.355][Master] Registered //10.156.0.2/ReplicaE
[2019-04-11T09:01:14.344][Master] Registered ReplicaF
[2019-04-11T09:01:14.803][Master] Registered //10.156.0.2/ReplicaF
[2019-04-11T09:01:25.655][Master] Write ECG writelog: WriteLogItem(1554973285480,F,WriteOperation(x,+,1))
[2019-04-11T09:01:25.766][Master] Read ECG writelog
[2019-04-11T09:01:29.270][Master] Write ECG writelog: WriteLogItem(1554973289261,B,WriteOperation(z,+,1))
[2019-04-11T09:01:29.273][Master] Read ECG writelog
[2019-04-11T09:01:36.909][Master] Write ECG writelog: WriteLogItem(1554973296555,C,WriteOperation(z,+,1))
[2019-04-11T09:01:37.140][Master] Read ECG writelog
[2019-04-11T09:01:41.329][Master] Write ECG writelog: WriteLogItem(1554973301161,E,WriteOperation(x,+,1))
[2019-04-11T09:01:41.436][Master] Read ECG writelog
[2019-04-11T09:01:43.870][Master] Write ECG writelog: WriteLogItem(1554973303859,A,WriteOperation(z,+,1))
[2019-04-11T09:01:43.872][Master] Read ECG writelog
[2019-04-11T09:01:46.397][Master] Write ECG writelog: WriteLogItem(1554973306394,A,WriteOperation(z,+,1))
[2019-04-11T09:01:46.401][Master] Read ECG writelog
[2019-04-11T09:01:49.748][Master] Write ECG writelog: WriteLogItem(1554973309745,B,WriteOperation(y,+,1))
[2019-04-11T09:01:49.752][Master] Read ECG writelog
[2019-04-11T09:01:57.390][Master] Write ECG writelog: WriteLogItem(1554973316813,C,WriteOperation(x,+,1))
[2019-04-11T09:01:57.622][Master] Read ECG writelog
[2019-04-11T09:02:00.607][Master] Write ECG writelog: WriteLogItem(1554973320600,B,WriteOperation(x,+,1))
[2019-04-11T09:02:00.609][Master] Read ECG writelog
[2019-04-11T09:02:07.084][Master] Write ECG writelog: WriteLogItem(1554973327080,A,WriteOperation(y,+,1))
[2019-04-11T09:02:07.089][Master] Read ECG writelog
[2019-04-11T09:02:13.673][Master] Write ECG writelog: WriteLogItem(1554973333324,C,WriteOperation(z,+,1))
[2019-04-11T09:02:13.904][Master] Read ECG writelog
[2019-04-11T09:02:20.892][Master] Write ECG writelog: WriteLogItem(1554973340313,D,WriteOperation(x,+,1))
[2019-04-11T09:02:21.125][Master] Read ECG writelog
[2019-04-11T09:02:34.343][Master] Write ECG writelog: WriteLogItem(1554973353995,C,WriteOperation(z,+,1))
[2019-04-11T09:02:34.574][Master] Read ECG writelog
[2019-04-11T09:02:39.033][Master] Write ECG writelog: WriteLogItem(1554973358765,E,WriteOperation(y,+,1))
[2019-04-11T09:02:39.140][Master] Read ECG writelog
[2019-04-11T09:02:46.582][Master] Write ECG writelog: WriteLogItem(1554973366233,D,WriteOperation(y,+,1))
[2019-04-11T09:02:46.813][Master] Read ECG writelog
[2019-04-11T09:02:53.256][Master] Write ECG writelog: WriteLogItem(1554973372908,C,WriteOperation(x,+,1))
[2019-04-11T09:02:53.489][Master] Read ECG writelog
[2019-04-11T09:03:00.250][Master] Write ECG writelog: WriteLogItem(1554973379903,C,WriteOperation(y,+,1))
[2019-04-11T09:03:00.481][Master] Read ECG writelog
[2019-04-11T09:03:04.626][Master] Write ECG writelog: WriteLogItem(1554973384464,E,WriteOperation(y,+,1))
[2019-04-11T09:03:04.733][Master] Read ECG writelog
[2019-04-11T09:03:11.053][Master] Write ECG writelog: WriteLogItem(1554973390477,D,WriteOperation(x,+,1))
[2019-04-11T09:03:11.285][Master] Read ECG writelog
[2019-04-11T09:03:21.731][Master] Write ECG writelog: WriteLogItem(1554973401571,E,WriteOperation(x,+,1))
[2019-04-11T09:03:21.838][Master] Read ECG writelog
[2019-04-11T09:03:29.678][Master] Write ECG writelog: WriteLogItem(1554973409671,B,WriteOperation(z,+,1))
[2019-04-11T09:03:29.681][Master] Read ECG writelog
[2019-04-11T09:03:34.723][Master] Write ECG writelog: WriteLogItem(1554973414448,F,WriteOperation(z,+,1))
[2019-04-11T09:03:34.830][Master] Read ECG writelog
[2019-04-11T09:03:37.632][Master] Write ECG writelog: WriteLogItem(1554973417623,A,WriteOperation(z,+,1))
[2019-04-11T09:03:37.634][Master] Read ECG writelog
[2019-04-11T09:03:40.565][Master] Write ECG writelog: WriteLogItem(1554973420564,A,WriteOperation(z,+,1))
[2019-04-11T09:03:40.568][Master] Read ECG writelog
[2019-04-11T09:03:44.329][Master] Write ECG writelog: WriteLogItem(1554973424170,F,WriteOperation(z,+,1))
[2019-04-11T09:03:44.435][Master] Read ECG writelog
[2019-04-11T09:03:48.846][Master] Write ECG writelog: WriteLogItem(1554973428686,F,WriteOperation(x,+,1))
[2019-04-11T09:03:48.953][Master] Read ECG writelog
[2019-04-11T09:03:52.867][Master] Write ECG writelog: WriteLogItem(1554973432708,F,WriteOperation(x,+,1))
[2019-04-11T09:03:52.973][Master] Read ECG writelog
[2019-04-11T09:03:54.847][Master] Write ECG writelog: WriteLogItem(1554973434845,B,WriteOperation(z,+,1))
[2019-04-11T09:03:54.848][Master] Read ECG writelog
[2019-04-11T09:03:59.611][Master] Write ECG writelog: WriteLogItem(1554973439340,E,WriteOperation(z,+,1))
[2019-04-11T09:03:59.717][Master] Read ECG writelog
[2019-04-11T09:04:04.955][Master] Write ECG writelog: WriteLogItem(1554973444952,A,WriteOperation(y,+,1))
[2019-04-11T09:04:04.956][Master] Read ECG writelog
[2019-04-11T09:04:11.205][Master] Write ECG writelog: WriteLogItem(1554973451044,E,WriteOperation(z,+,1))
[2019-04-11T09:04:11.311][Master] Read ECG writelog
[2019-04-11T09:04:20.156][Master] Write ECG writelog: WriteLogItem(1554973459580,C,WriteOperation(z,+,1))
[2019-04-11T09:04:20.387][Master] Read ECG writelog
[2019-04-11T09:04:25.436][Master] Write ECG writelog: WriteLogItem(1554973465171,F,WriteOperation(y,+,1))
[2019-04-11T09:04:25.546][Master] Read ECG writelog
[2019-04-11T09:04:32.256][Master] Write ECG writelog: WriteLogItem(1554973472253,B,WriteOperation(x,+,1))
[2019-04-11T09:04:32.258][Master] Read ECG writelog
[2019-04-11T09:04:42.534][Master] Write ECG writelog: WriteLogItem(1554973481957,D,WriteOperation(x,+,1))
[2019-04-11T09:04:42.765][Master] Read ECG writelog
[2019-04-11T09:04:51.926][Master] Write ECG writelog: WriteLogItem(1554973491766,F,WriteOperation(x,+,1))
[2019-04-11T09:04:52.032][Master] Read ECG writelog
[2019-04-11T09:04:58.580][Master] Write ECG writelog: WriteLogItem(1554973498315,E,WriteOperation(y,+,1))
[2019-04-11T09:04:58.688][Master] Read ECG writelog
[2019-04-11T09:05:00.621][Master] Write ECG writelog: WriteLogItem(1554973500616,A,WriteOperation(x,+,1))
[2019-04-11T09:05:00.622][Master] Read ECG writelog
[2019-04-11T09:05:05.286][Master] Write ECG writelog: WriteLogItem(1554973505125,E,WriteOperation(y,+,1))
[2019-04-11T09:05:05.392][Master] Read ECG writelog
[2019-04-11T09:05:08.354][Master] Write ECG writelog: WriteLogItem(1554973508352,A,WriteOperation(y,+,1))
[2019-04-11T09:05:08.356][Master] Read ECG writelog
[2019-04-11T09:05:17.294][Master] Write ECG writelog: WriteLogItem(1554973516717,D,WriteOperation(x,+,1))
[2019-04-11T09:05:17.526][Master] Read ECG writelog
[2019-04-11T09:05:25.488][Master] Write ECG writelog: WriteLogItem(1554973525482,B,WriteOperation(z,+,1))
[2019-04-11T09:05:25.490][Master] Read ECG writelog
[2019-04-11T09:05:29.622][Master] Write ECG writelog: WriteLogItem(1554973529357,F,WriteOperation(z,+,1))
[2019-04-11T09:05:29.730][Master] Read ECG writelog
[2019-04-11T09:05:37.333][Master] Write ECG writelog: WriteLogItem(1554973536757,C,WriteOperation(y,+,1))
[2019-04-11T09:05:37.565][Master] Read ECG writelog
[2019-04-11T09:05:49.525][Master] Write ECG writelog: WriteLogItem(1554973549365,F,WriteOperation(x,+,1))
[2019-04-11T09:05:49.631][Master] Read ECG writelog
[2019-04-11T09:05:54.732][Master] Write ECG writelog: WriteLogItem(1554973554728,A,WriteOperation(x,+,1))
[2019-04-11T09:05:54.733][Master] Read ECG writelog
[2019-04-11T09:06:01.896][Master] Write ECG writelog: WriteLogItem(1554973561319,D,WriteOperation(z,+,1))
[2019-04-11T09:06:02.128][Master] Read ECG writelog
[2019-04-11T09:06:12.540][Master] Write ECG writelog: WriteLogItem(1554973572381,F,WriteOperation(z,+,1))
[2019-04-11T09:06:12.650][Master] Read ECG writelog
[2019-04-11T09:06:18.689][Master] Write ECG writelog: WriteLogItem(1554973578343,C,WriteOperation(z,+,1))
[2019-04-11T09:06:18.919][Master] Read ECG writelog
[2019-04-11T09:06:23.497][Master] Write ECG writelog: WriteLogItem(1554973583337,E,WriteOperation(x,+,1))
[2019-04-11T09:06:23.604][Master] Read ECG writelog
[2019-04-11T09:06:33.874][Master] Write ECG writelog: WriteLogItem(1554973593294,D,WriteOperation(z,+,1))
[2019-04-11T09:06:34.105][Master] Read ECG writelog
[2019-04-11T09:06:48.473][Master] Write ECG writelog: WriteLogItem(1554973608127,D,WriteOperation(x,+,1))
[2019-04-11T09:06:48.703][Master] Read ECG writelog
[2019-04-11T09:06:56.231][Master] Write ECG writelog: WriteLogItem(1554973616228,A,WriteOperation(x,+,1))
[2019-04-11T09:06:56.238][Master] Read ECG writelog
[2019-04-11T09:07:05.821][Master] Write ECG writelog: WriteLogItem(1554973625243,D,WriteOperation(z,+,1))
[2019-04-11T09:07:06.051][Master] Read ECG writelog
[2019-04-11T09:07:14.802][Master] Write ECG writelog: WriteLogItem(1554973634536,F,WriteOperation(z,+,1))
[2019-04-11T09:07:14.909][Master] Read ECG writelog
[2019-04-11T09:07:20.119][Master] Write ECG writelog: WriteLogItem(1554973639854,E,WriteOperation(y,+,1))
[2019-04-11T09:07:20.225][Master] Read ECG writelog
[2019-04-11T09:07:28.992][Master] Write ECG writelog: WriteLogItem(1554973648832,F,WriteOperation(y,+,1))
[2019-04-11T09:07:29.099][Master] Read ECG writelog
[2019-04-11T09:07:31.538][Master] Write ECG writelog: WriteLogItem(1554973651535,A,WriteOperation(y,+,1))
[2019-04-11T09:07:31.539][Master] Read ECG writelog
[2019-04-11T09:07:33.276][Master] Write ECG writelog: WriteLogItem(1554973653274,A,WriteOperation(x,+,1))
[2019-04-11T09:07:33.277][Master] Read ECG writelog
[2019-04-11T09:07:36.822][Master] Write ECG writelog: WriteLogItem(1554973656661,E,WriteOperation(x,+,1))
[2019-04-11T09:07:36.928][Master] Read ECG writelog
[2019-04-11T09:07:46.417][Master] Write ECG writelog: WriteLogItem(1554973665842,D,WriteOperation(x,+,1))
[2019-04-11T09:07:46.647][Master] Read ECG writelog
[2019-04-11T09:07:54.123][Master] Write ECG writelog: WriteLogItem(1554973674120,A,WriteOperation(z,+,1))
[2019-04-11T09:07:54.125][Master] Read ECG writelog
[2019-04-11T09:08:01.261][Master] Write ECG writelog: WriteLogItem(1554973680995,F,WriteOperation(x,+,1))
[2019-04-11T09:08:01.372][Master] Read ECG writelog
[2019-04-11T09:08:10.564][Master] Write ECG writelog: WriteLogItem(1554973690404,F,WriteOperation(z,+,1))
[2019-04-11T09:08:10.671][Master] Read ECG writelog
[2019-04-11T09:08:15.734][Master] Write ECG writelog: WriteLogItem(1554973695469,E,WriteOperation(z,+,1))
[2019-04-11T09:08:15.840][Master] Read ECG writelog
[2019-04-11T09:08:21.326][Master] Write ECG writelog: WriteLogItem(1554973701323,A,WriteOperation(y,+,1))
[2019-04-11T09:08:21.327][Master] Read ECG writelog
[2019-04-11T09:08:25.971][Master] Write ECG writelog: WriteLogItem(1554973705811,E,WriteOperation(y,+,1))
[2019-04-11T09:08:26.077][Master] Read ECG writelog
[2019-04-11T09:08:29.441][Master] Write ECG writelog: WriteLogItem(1554973709280,F,WriteOperation(y,+,1))
[2019-04-11T09:08:29.549][Master] Read ECG writelog
[2019-04-11T09:08:33.112][Master] Write ECG writelog: WriteLogItem(1554973712953,F,WriteOperation(y,+,1))
[2019-04-11T09:08:33.219][Master] Read ECG writelog
[2019-04-11T09:08:36.758][Master] Write ECG writelog: WriteLogItem(1554973716599,E,WriteOperation(y,+,1))
[2019-04-11T09:08:36.865][Master] Read ECG writelog
[2019-04-11T09:08:45.027][Master] Write ECG writelog: WriteLogItem(1554973724867,F,WriteOperation(x,+,1))
[2019-04-11T09:08:45.134][Master] Read ECG writelog
[2019-04-11T09:08:53.461][Master] Write ECG writelog: WriteLogItem(1554973733301,E,WriteOperation(y,+,1))
[2019-04-11T09:08:53.567][Master] Read ECG writelog
[2019-04-11T09:08:59.568][Master] Write ECG writelog: WriteLogItem(1554973739565,A,WriteOperation(y,+,1))
[2019-04-11T09:08:59.569][Master] Read ECG writelog
[2019-04-11T09:09:01.110][Master] Write ECG writelog: WriteLogItem(1554973741107,B,WriteOperation(y,+,1))
[2019-04-11T09:09:01.112][Master] Read ECG writelog
[2019-04-11T09:09:07.185][Master] Write ECG writelog: WriteLogItem(1554973746918,F,WriteOperation(x,+,1))
[2019-04-11T09:09:07.291][Master] Read ECG writelog
[2019-04-11T09:09:50.246][Master] Write ECG writelog: WriteLogItem(1554973789663,C,WriteOperation(x,+,1))
[2019-04-11T09:09:50.477][Master] Read ECG writelog
[2019-04-11T09:10:02.318][Master] Write ECG writelog: WriteLogItem(1554973801741,D,WriteOperation(y,+,1))
[2019-04-11T09:10:02.550][Master] Read ECG writelog
[2019-04-11T09:10:11.532][Master] Write ECG writelog: WriteLogItem(1554973811527,B,WriteOperation(x,+,1))
[2019-04-11T09:10:11.534][Master] Read ECG writelog
[2019-04-11T09:10:15.180][Master] Write ECG writelog: WriteLogItem(1554973814915,E,WriteOperation(x,+,1))
[2019-04-11T09:10:15.286][Master] Read ECG writelog
[2019-04-11T09:10:20.191][Master] Write ECG writelog: WriteLogItem(1554973820033,E,WriteOperation(x,+,1))
[2019-04-11T09:10:20.298][Master] Read ECG writelog
[2019-04-11T09:10:27.792][Master] Write ECG writelog: WriteLogItem(1554973827445,D,WriteOperation(x,+,1))
[2019-04-11T09:10:28.023][Master] Read ECG writelog
[2019-04-11T09:10:35.009][Master] Write ECG writelog: WriteLogItem(1554973835003,B,WriteOperation(x,+,1))
[2019-04-11T09:10:35.010][Master] Read ECG writelog
[2019-04-11T09:10:41.849][Master] Write ECG writelog: WriteLogItem(1554973841683,E,WriteOperation(z,+,1))
[2019-04-11T09:10:41.955][Master] Read ECG writelog
[2019-04-11T09:10:43.882][Master] Write ECG writelog: WriteLogItem(1554973843879,B,WriteOperation(x,+,1))
[2019-04-11T09:10:43.883][Master] Read ECG writelog
[2019-04-11T09:10:49.033][Master] Write ECG writelog: WriteLogItem(1554973849030,A,WriteOperation(y,+,1))
[2019-04-11T09:10:49.036][Master] Read ECG writelog
[2019-04-11T09:10:50.543][Master] Write ECG writelog: WriteLogItem(1554973850542,B,WriteOperation(x,+,1))
[2019-04-11T09:10:50.545][Master] Read ECG writelog
[2019-04-11T09:10:54.052][Master] Write ECG writelog: WriteLogItem(1554973854051,B,WriteOperation(z,+,1))
[2019-04-11T09:10:54.054][Master] Read ECG writelog
[2019-04-11T09:10:55.875][Master] Write ECG writelog: WriteLogItem(1554973855872,B,WriteOperation(y,+,1))
[2019-04-11T09:10:55.879][Master] Read ECG writelog
[2019-04-11T09:10:58.345][Master] Write ECG writelog: WriteLogItem(1554973858343,B,WriteOperation(x,+,1))
[2019-04-11T09:10:58.346][Master] Read ECG writelog
[2019-04-11T09:11:06.670][Master] Write ECG writelog: WriteLogItem(1554973866093,C,WriteOperation(z,+,1))
[2019-04-11T09:11:06.902][Master] Read ECG writelog
[2019-04-11T09:11:12.099][Master] Write ECG writelog: WriteLogItem(1554973871832,F,WriteOperation(z,+,1))
[2019-04-11T09:11:12.206][Master] Read ECG writelog
[2019-04-11T09:11:14.499][Master] Write ECG writelog: WriteLogItem(1554973874497,A,WriteOperation(z,+,1))
[2019-04-11T09:11:14.501][Master] Read ECG writelog
[2019-04-11T09:11:22.117][Master] Write ECG writelog: WriteLogItem(1554973881771,D,WriteOperation(x,+,1))
[2019-04-11T09:11:22.347][Master] Read ECG writelog
[2019-04-11T09:11:34.223][Master] Write ECG writelog: WriteLogItem(1554973893878,D,WriteOperation(y,+,1))
[2019-04-11T09:11:34.453][Master] Read ECG writelog
[2019-04-11T09:11:43.128][Master] Write ECG writelog: WriteLogItem(1554973902864,E,WriteOperation(z,+,1))
[2019-04-11T09:11:43.235][Master] Read ECG writelog
[2019-04-11T09:11:46.571][Master] Write ECG writelog: WriteLogItem(1554973906307,F,WriteOperation(z,+,1))
[2019-04-11T09:11:46.679][Master] Read ECG writelog
[2019-04-11T09:11:50.108][Master] Write ECG writelog: WriteLogItem(1554973909949,E,WriteOperation(y,+,1))
[2019-04-11T09:11:50.214][Master] Read ECG writelog
[2019-04-11T09:12:00.774][Master] Write ECG writelog: WriteLogItem(1554973920200,D,WriteOperation(x,+,1))
[2019-04-11T09:12:01.010][Master] Read ECG writelog
[2019-04-11T09:12:13.909][Master] Write ECG writelog: WriteLogItem(1554973933328,C,WriteOperation(x,+,1))
[2019-04-11T09:12:14.143][Master] Read ECG writelog
[2019-04-11T09:12:22.868][Master] Write ECG writelog: WriteLogItem(1554973942865,B,WriteOperation(y,+,1))
[2019-04-11T09:12:22.870][Master] Read ECG writelog
[2019-04-11T09:12:27.015][Master] Write ECG writelog: WriteLogItem(1554973946748,E,WriteOperation(z,+,1))
[2019-04-11T09:12:27.121][Master] Read ECG writelog
[2019-04-11T09:12:28.889][Master] Write ECG writelog: WriteLogItem(1554973948882,A,WriteOperation(x,+,1))
[2019-04-11T09:12:28.892][Master] Read ECG writelog
[2019-04-11T09:12:31.857][Master] Write ECG writelog: WriteLogItem(1554973951856,A,WriteOperation(z,+,1))
[2019-04-11T09:12:31.862][Master] Read ECG writelog
[2019-04-11T09:12:33.714][Master] Write ECG writelog: WriteLogItem(1554973953713,B,WriteOperation(z,+,1))
[2019-04-11T09:12:33.719][Master] Read ECG writelog
[2019-04-11T09:12:36.353][Master] Write ECG writelog: WriteLogItem(1554973956350,A,WriteOperation(x,+,1))
[2019-04-11T09:12:36.354][Master] Read ECG writelog
[2019-04-11T09:12:47.055][Master] Write ECG writelog: WriteLogItem(1554973966475,D,WriteOperation(z,+,1))
[2019-04-11T09:12:47.287][Master] Read ECG writelog
[2019-04-11T09:12:53.938][Master] Write ECG writelog: WriteLogItem(1554973973362,C,WriteOperation(x,+,1))
[2019-04-11T09:12:54.171][Master] Read ECG writelog
[2019-04-11T09:12:56.266][Master] Write ECG writelog: WriteLogItem(1554973976264,B,WriteOperation(x,+,1))
[2019-04-11T09:12:56.269][Master] Read ECG writelog
[2019-04-11T09:12:59.100][Master] Write ECG writelog: WriteLogItem(1554973979098,A,WriteOperation(y,+,1))
[2019-04-11T09:12:59.102][Master] Read ECG writelog
[2019-04-11T09:13:04.390][Master] Write ECG writelog: WriteLogItem(1554973984124,F,WriteOperation(y,+,1))
[2019-04-11T09:13:04.497][Master] Read ECG writelog
[2019-04-11T09:13:09.389][Master] Write ECG writelog: WriteLogItem(1554973989125,E,WriteOperation(y,+,1))
[2019-04-11T09:13:09.495][Master] Read ECG writelog
[2019-04-11T09:13:11.364][Master] Write ECG writelog: WriteLogItem(1554973991362,B,WriteOperation(z,+,1))
[2019-04-11T09:13:11.368][Master] Read ECG writelog
[2019-04-11T09:13:13.667][Master] Write ECG writelog: WriteLogItem(1554973993665,A,WriteOperation(x,+,1))
[2019-04-11T09:13:13.671][Master] Read ECG writelog
[2019-04-11T09:13:15.261][Master] Write ECG writelog: WriteLogItem(1554973995259,A,WriteOperation(z,+,1))
[2019-04-11T09:13:15.262][Master] Read ECG writelog
[2019-04-11T09:13:18.155][Master] Write ECG writelog: WriteLogItem(1554973998154,B,WriteOperation(x,+,1))
[2019-04-11T09:13:18.156][Master] Read ECG writelog
[2019-04-11T09:13:24.758][Master] Write ECG writelog: WriteLogItem(1554974004183,C,WriteOperation(x,+,1))
[2019-04-11T09:13:24.989][Master] Read ECG writelog
[2019-04-11T09:13:33.814][Master] Write ECG writelog: WriteLogItem(1554974013812,B,WriteOperation(y,+,1))
[2019-04-11T09:13:33.815][Master] Read ECG writelog
[2019-04-11T09:13:38.426][Master] Write ECG writelog: WriteLogItem(1554974018162,F,WriteOperation(x,+,1))
[2019-04-11T09:13:38.533][Master] Read ECG writelog
[2019-04-11T09:13:47.848][Master] Write ECG writelog: WriteLogItem(1554974027273,D,WriteOperation(y,+,1))
[2019-04-11T09:13:48.078][Master] Read ECG writelog
[2019-04-11T09:13:54.182][Master] Write ECG writelog: WriteLogItem(1554974033833,C,WriteOperation(y,+,1))
[2019-04-11T09:13:54.413][Master] Read ECG writelog
[2019-04-11T09:14:02.550][Master] Write ECG writelog: WriteLogItem(1554974042285,E,WriteOperation(z,+,1))
[2019-04-11T09:14:02.656][Master] Read ECG writelog
[2019-04-11T09:14:04.375][Master] Write ECG writelog: WriteLogItem(1554974044372,B,WriteOperation(z,+,1))
[2019-04-11T09:14:04.376][Master] Read ECG writelog
[2019-04-11T09:14:08.951][Master] Write ECG writelog: WriteLogItem(1554974048793,E,WriteOperation(z,+,1))
[2019-04-11T09:14:09.057][Master] Read ECG writelog
[2019-04-11T09:14:14.805][Master] Write ECG writelog: WriteLogItem(1554974054461,D,WriteOperation(x,+,1))
[2019-04-11T09:14:15.035][Master] Read ECG writelog
[2019-04-11T09:14:24.413][Master] Write ECG writelog: WriteLogItem(1554974064148,F,WriteOperation(z,+,1))
[2019-04-11T09:14:24.519][Master] Read ECG writelog
[2019-04-11T09:14:32.300][Master] Write ECG writelog: WriteLogItem(1554974072141,F,WriteOperation(x,+,1))
[2019-04-11T09:14:32.407][Master] Read ECG writelog
[2019-04-11T09:14:38.652][Master] Write ECG writelog: WriteLogItem(1554974078493,F,WriteOperation(y,+,1))
[2019-04-11T09:14:38.758][Master] Read ECG writelog
[2019-04-11T09:14:44.808][Master] Write ECG writelog: WriteLogItem(1554974084804,B,WriteOperation(y,+,1))
[2019-04-11T09:14:44.815][Master] Read ECG writelog
[2019-04-11T09:14:51.357][Master] Write ECG writelog: WriteLogItem(1554974090778,D,WriteOperation(x,+,1))
[2019-04-11T09:14:51.588][Master] Read ECG writelog
[2019-04-11T09:15:01.462][Master] Write ECG writelog: WriteLogItem(1554974101197,F,WriteOperation(z,+,1))
[2019-04-11T09:15:01.568][Master] Read ECG writelog
[2019-04-11T09:15:08.465][Master] Write ECG writelog: WriteLogItem(1554974108305,F,WriteOperation(z,+,1))
[2019-04-11T09:15:08.571][Master] Read ECG writelog
[2019-04-11T09:15:13.490][Master] Write ECG writelog: WriteLogItem(1554974113487,A,WriteOperation(y,+,1))
[2019-04-11T09:15:13.492][Master] Read ECG writelog
[2019-04-11T09:15:19.442][Master] Write ECG writelog: WriteLogItem(1554974119441,A,WriteOperation(x,+,1))
[2019-04-11T09:15:19.445][Master] Read ECG writelog
[2019-04-11T09:15:24.446][Master] Write ECG writelog: WriteLogItem(1554974124287,F,WriteOperation(y,+,1))
[2019-04-11T09:15:24.552][Master] Read ECG writelog
[2019-04-11T09:15:31.635][Master] Write ECG writelog: WriteLogItem(1554974131369,E,WriteOperation(y,+,1))
[2019-04-11T09:15:31.741][Master] Read ECG writelog
[2019-04-11T09:15:39.798][Master] Write ECG writelog: WriteLogItem(1554974139639,F,WriteOperation(x,+,1))
[2019-04-11T09:15:39.904][Master] Read ECG writelog
[2019-04-11T09:15:48.942][Master] Write ECG writelog: WriteLogItem(1554974148782,E,WriteOperation(x,+,1))
[2019-04-11T09:15:49.049][Master] Read ECG writelog
[2019-04-11T09:15:54.321][Master] Write ECG writelog: WriteLogItem(1554974154317,A,WriteOperation(x,+,1))
[2019-04-11T09:15:54.321][Master] Read ECG writelog
[2019-04-11T09:16:04.145][Master] Write ECG writelog: WriteLogItem(1554974163571,C,WriteOperation(z,+,1))
[2019-04-11T09:16:04.376][Master] Read ECG writelog
[2019-04-11T09:16:11.676][Master] Write ECG writelog: WriteLogItem(1554974171674,A,WriteOperation(z,+,1))
[2019-04-11T09:16:11.677][Master] Read ECG writelog
[2019-04-11T09:16:19.073][Master] Write ECG writelog: WriteLogItem(1554974178728,C,WriteOperation(z,+,1))
[2019-04-11T09:16:19.303][Master] Read ECG writelog
[2019-04-11T09:16:27.732][Master] Write ECG writelog: WriteLogItem(1554974187729,B,WriteOperation(z,+,1))
[2019-04-11T09:16:27.736][Master] Read ECG writelog
[2019-04-11T09:16:35.514][Master] Write ECG writelog: WriteLogItem(1554974194940,C,WriteOperation(x,+,1))
[2019-04-11T09:16:35.748][Master] Read ECG writelog
[2019-04-11T09:16:41.105][Master] Write ECG writelog: WriteLogItem(1554974200840,F,WriteOperation(y,+,1))
[2019-04-11T09:16:41.214][Master] Read ECG writelog
[2019-04-11T09:16:51.133][Master] Write ECG writelog: WriteLogItem(1554974210787,C,WriteOperation(y,+,1))
[2019-04-11T09:16:51.363][Master] Read ECG writelog
[2019-04-11T09:17:00.192][Master] Write ECG writelog: WriteLogItem(1554974220031,F,WriteOperation(z,+,1))
[2019-04-11T09:17:00.298][Master] Read ECG writelog
[2019-04-11T09:17:04.427][Master] Write ECG writelog: WriteLogItem(1554974224424,A,WriteOperation(z,+,1))
[2019-04-11T09:17:04.428][Master] Read ECG writelog
[2019-04-11T09:17:10.766][Master] Write ECG writelog: WriteLogItem(1554974230191,D,WriteOperation(y,+,1))
[2019-04-11T09:17:10.997][Master] Read ECG writelog
[2019-04-11T09:17:18.504][Master] Write ECG writelog: WriteLogItem(1554974238159,C,WriteOperation(y,+,1))
[2019-04-11T09:17:18.734][Master] Read ECG writelog
[2019-04-11T09:17:26.612][Master] Write ECG writelog: WriteLogItem(1554974246348,F,WriteOperation(z,+,1))
[2019-04-11T09:17:26.720][Master] Read ECG writelog
[2019-04-11T09:18:03.456][Master] Write ECG writelog: WriteLogItem(1554974283449,A,WriteOperation(x,+,1))
[2019-04-11T09:18:03.457][Master] Read ECG writelog
[2019-04-11T09:18:10.927][Master] Write ECG writelog: WriteLogItem(1554974290353,C,WriteOperation(z,+,1))
[2019-04-11T09:18:11.157][Master] Read ECG writelog
[2019-04-11T09:18:22.635][Master] Write ECG writelog: WriteLogItem(1554974302290,C,WriteOperation(x,+,1))
[2019-04-11T09:18:22.864][Master] Read ECG writelog
[2019-04-11T09:18:30.611][Master] Write ECG writelog: WriteLogItem(1554974310608,B,WriteOperation(x,+,1))
[2019-04-11T09:18:30.612][Master] Read ECG writelog
[2019-04-11T09:18:36.936][Master] Write ECG writelog: WriteLogItem(1554974316935,B,WriteOperation(z,+,1))
[2019-04-11T09:18:36.941][Master] Read ECG writelog
[2019-04-11T09:18:45.183][Master] Write ECG writelog: WriteLogItem(1554974324608,D,WriteOperation(z,+,1))
[2019-04-11T09:18:45.414][Master] Read ECG writelog
[2019-04-11T09:18:55.728][Master] Write ECG writelog: WriteLogItem(1554974335463,E,WriteOperation(x,+,1))
[2019-04-11T09:18:55.834][Master] Read ECG writelog
[2019-04-11T09:19:04.656][Master] Write ECG writelog: WriteLogItem(1554974344082,C,WriteOperation(z,+,1))
[2019-04-11T09:19:04.886][Master] Read ECG writelog
[2019-04-11T09:19:13.892][Master] Write ECG writelog: WriteLogItem(1554974353627,F,WriteOperation(y,+,1))
[2019-04-11T09:19:13.998][Master] Read ECG writelog
[2019-04-11T09:19:20.999][Master] Write ECG writelog: WriteLogItem(1554974360838,F,WriteOperation(x,+,1))
[2019-04-11T09:19:21.105][Master] Read ECG writelog
[2019-04-11T09:19:25.379][Master] Write ECG writelog: WriteLogItem(1554974365220,E,WriteOperation(z,+,1))
[2019-04-11T09:19:25.485][Master] Read ECG writelog
[2019-04-11T09:19:31.376][Master] Write ECG writelog: WriteLogItem(1554974371029,C,WriteOperation(x,+,1))
[2019-04-11T09:19:31.606][Master] Read ECG writelog
[2019-04-11T09:19:38.248][Master] Write ECG writelog: WriteLogItem(1554974377674,D,WriteOperation(x,+,1))
[2019-04-11T09:19:38.478][Master] Read ECG writelog
[2019-04-11T09:19:45.727][Master] Write ECG writelog: WriteLogItem(1554974385724,A,WriteOperation(x,+,1))
[2019-04-11T09:19:45.729][Master] Read ECG writelog
[2019-04-11T09:19:53.909][Master] Write ECG writelog: WriteLogItem(1554974393564,D,WriteOperation(z,+,1))
[2019-04-11T09:19:54.139][Master] Read ECG writelog
[2019-04-11T09:19:57.900][Master] Write ECG writelog: WriteLogItem(1554974397635,F,WriteOperation(x,+,1))
[2019-04-11T09:19:58.009][Master] Read ECG writelog
[2019-04-11T09:20:01.184][Master] Write ECG writelog: WriteLogItem(1554974401181,A,WriteOperation(x,+,1))
[2019-04-11T09:20:01.186][Master] Read ECG writelog
[2019-04-11T09:20:08.528][Master] Write ECG writelog: WriteLogItem(1554974408367,F,WriteOperation(y,+,1))
[2019-04-11T09:20:08.634][Master] Read ECG writelog
[2019-04-11T09:20:16.676][Master] Write ECG writelog: WriteLogItem(1554974416516,F,WriteOperation(x,+,1))
[2019-04-11T09:20:16.782][Master] Read ECG writelog
[2019-04-11T09:20:22.786][Master] Write ECG writelog: WriteLogItem(1554974422520,E,WriteOperation(y,+,1))
[2019-04-11T09:20:22.892][Master] Read ECG writelog
[2019-04-11T09:20:28.658][Master] Write ECG writelog: WriteLogItem(1554974428649,A,WriteOperation(y,+,1))
[2019-04-11T09:20:28.660][Master] Read ECG writelog
[2019-04-11T09:20:38.748][Master] Write ECG writelog: WriteLogItem(1554974438170,C,WriteOperation(z,+,1))
[2019-04-11T09:20:38.979][Master] Read ECG writelog
[2019-04-11T09:20:49.201][Master] Write ECG writelog: WriteLogItem(1554974449199,A,WriteOperation(y,+,1))
[2019-04-11T09:20:49.206][Master] Read ECG writelog
[2019-04-11T09:20:58.364][Master] Write ECG writelog: WriteLogItem(1554974458017,C,WriteOperation(y,+,1))
[2019-04-11T09:20:58.595][Master] Read ECG writelog
[2019-04-11T09:21:07.886][Master] Write ECG writelog: WriteLogItem(1554974467620,E,WriteOperation(y,+,1))
[2019-04-11T09:21:07.992][Master] Read ECG writelog
[2019-04-11T09:21:14.545][Master] Write ECG writelog: WriteLogItem(1554974474543,A,WriteOperation(y,+,1))
[2019-04-11T09:21:14.547][Master] Read ECG writelog
[2019-04-11T09:21:22.897][Master] Write ECG writelog: WriteLogItem(1554974482552,D,WriteOperation(y,+,1))
[2019-04-11T09:21:23.129][Master] Read ECG writelog
[2019-04-11T09:21:25.655][Master] Write ECG writelog: WriteLogItem(1554974485654,A,WriteOperation(x,+,1))
[2019-04-11T09:21:25.656][Master] Read ECG writelog
[2019-04-11T09:21:28.467][Master] Write ECG writelog: WriteLogItem(1554974488464,B,WriteOperation(y,+,1))
[2019-04-11T09:21:28.468][Master] Read ECG writelog
[2019-04-11T09:21:38.929][Master] Write ECG writelog: WriteLogItem(1554974498353,C,WriteOperation(x,+,1))
[2019-04-11T09:21:39.160][Master] Read ECG writelog
[2019-04-11T09:21:41.401][Master] Write ECG writelog: WriteLogItem(1554974501399,B,WriteOperation(x,+,1))
[2019-04-11T09:21:41.402][Master] Read ECG writelog
[2019-04-11T09:21:51.349][Master] Write ECG writelog: WriteLogItem(1554974510774,D,WriteOperation(y,+,1))
[2019-04-11T09:21:51.582][Master] Read ECG writelog
[2019-04-11T09:21:55.905][Master] Write ECG writelog: WriteLogItem(1554974515639,E,WriteOperation(y,+,1))
[2019-04-11T09:21:56.011][Master] Read ECG writelog
[2019-04-11T09:21:59.389][Master] Write ECG writelog: WriteLogItem(1554974519387,B,WriteOperation(x,+,1))
[2019-04-11T09:21:59.393][Master] Read ECG writelog
[2019-04-11T09:22:08.136][Master] Write ECG writelog: WriteLogItem(1554974527789,C,WriteOperation(z,+,1))
[2019-04-11T09:22:08.366][Master] Read ECG writelog
[2019-04-11T09:22:12][Master] Write ECG writelog: WriteLogItem(1554974531736,F,WriteOperation(z,+,1))
[2019-04-11T09:22:12.107][Master] Read ECG writelog
[2019-04-11T09:22:17.188][Master] Write ECG writelog: WriteLogItem(1554974537029,E,WriteOperation(y,+,1))
[2019-04-11T09:22:17.294][Master] Read ECG writelog
[2019-04-11T09:22:20.261][Master] Write ECG writelog: WriteLogItem(1554974540260,B,WriteOperation(z,+,1))
[2019-04-11T09:22:20.264][Master] Read ECG writelog
[2019-04-11T09:22:27.660][Master] Write ECG writelog: WriteLogItem(1554974547086,C,WriteOperation(x,+,1))
[2019-04-11T09:22:27.891][Master] Read ECG writelog
[2019-04-11T09:22:36.179][Master] Write ECG writelog: WriteLogItem(1554974556177,B,WriteOperation(y,+,1))
[2019-04-11T09:22:36.180][Master] Read ECG writelog
[2019-04-11T09:22:41.865][Master] Write ECG writelog: WriteLogItem(1554974561706,F,WriteOperation(y,+,1))
[2019-04-11T09:22:41.971][Master] Read ECG writelog
[2019-04-11T09:22:50.760][Master] Write ECG writelog: WriteLogItem(1554974570494,E,WriteOperation(x,+,1))
[2019-04-11T09:22:50.866][Master] Read ECG writelog
[2019-04-11T09:22:55.509][Master] Write ECG writelog: WriteLogItem(1554974575351,F,WriteOperation(z,+,1))
[2019-04-11T09:22:55.615][Master] Read ECG writelog
[2019-04-11T09:22:59.622][Master] Write ECG writelog: WriteLogItem(1554974579464,F,WriteOperation(x,+,1))
[2019-04-11T09:22:59.729][Master] Read ECG writelog
[2019-04-11T09:23:06.746][Master] Write ECG writelog: WriteLogItem(1554974586166,C,WriteOperation(x,+,1))
[2019-04-11T09:23:06.978][Master] Read ECG writelog
[2019-04-11T09:23:16.045][Master] Write ECG writelog: WriteLogItem(1554974595886,F,WriteOperation(x,+,1))
[2019-04-11T09:23:16.151][Master] Read ECG writelog
[2019-04-11T09:23:21.980][Master] Write ECG writelog: WriteLogItem(1554974601626,C,WriteOperation(z,+,1))
[2019-04-11T09:23:22.212][Master] Read ECG writelog
[2019-04-11T09:23:29.390][Master] Write ECG writelog: WriteLogItem(1554974609041,C,WriteOperation(x,+,1))
[2019-04-11T09:23:29.622][Master] Read ECG writelog
[2019-04-11T09:23:38.971][Master] Write ECG writelog: WriteLogItem(1554974618812,F,WriteOperation(x,+,1))
[2019-04-11T09:23:39.077][Master] Read ECG writelog
[2019-04-11T09:23:45.301][Master] Write ECG writelog: WriteLogItem(1554974625297,B,WriteOperation(z,+,1))
[2019-04-11T09:23:45.302][Master] Read ECG writelog
[2019-04-11T09:23:49.440][Master] Write ECG writelog: WriteLogItem(1554974629281,F,WriteOperation(y,+,1))
[2019-04-11T09:23:49.546][Master] Read ECG writelog
[2019-04-11T09:23:58.225][Master] Write ECG writelog: WriteLogItem(1554974637650,D,WriteOperation(y,+,1))
[2019-04-11T09:23:58.455][Master] Read ECG writelog
[2019-04-11T09:24:08.174][Master] Write ECG writelog: WriteLogItem(1554974648173,B,WriteOperation(x,+,1))
[2019-04-11T09:24:08.175][Master] Read ECG writelog
[2019-04-11T09:24:15.860][Master] Write ECG writelog: WriteLogItem(1554974655514,D,WriteOperation(z,+,1))
[2019-04-11T09:24:16.090][Master] Read ECG writelog
[2019-04-11T09:24:20.342][Master] Write ECG writelog: WriteLogItem(1554974660076,E,WriteOperation(z,+,1))
[2019-04-11T09:24:20.448][Master] Read ECG writelog
[2019-04-11T09:24:23.729][Master] Write ECG writelog: WriteLogItem(1554974663571,E,WriteOperation(z,+,1))
[2019-04-11T09:24:23.835][Master] Read ECG writelog
[2019-04-11T09:24:29.970][Master] Write ECG writelog: WriteLogItem(1554974669392,C,WriteOperation(x,+,1))
[2019-04-11T09:24:30.202][Master] Read ECG writelog
[2019-04-11T09:24:43.488][Master] Write ECG writelog: WriteLogItem(1554974683142,D,WriteOperation(z,+,1))
[2019-04-11T09:24:43.718][Master] Read ECG writelog
[2019-04-11T09:24:48.424][Master] Write ECG writelog: WriteLogItem(1554974688265,E,WriteOperation(x,+,1))
[2019-04-11T09:24:48.530][Master] Read ECG writelog
[2019-04-11T09:24:53.364][Master] Write ECG writelog: WriteLogItem(1554974693205,E,WriteOperation(x,+,1))
[2019-04-11T09:24:53.470][Master] Read ECG writelog
[2019-04-11T09:25:00.113][Master] Write ECG writelog: WriteLogItem(1554974700110,B,WriteOperation(z,+,1))
[2019-04-11T09:25:00.114][Master] Read ECG writelog
[2019-04-11T09:25:01.548][Master] Write ECG writelog: WriteLogItem(1554974701547,B,WriteOperation(x,+,1))
[2019-04-11T09:25:01.549][Master] Read ECG writelog
[2019-04-11T09:25:09.033][Master] Write ECG writelog: WriteLogItem(1554974708686,D,WriteOperation(y,+,1))
[2019-04-11T09:25:09.263][Master] Read ECG writelog
[2019-04-11T09:25:12.842][Master] Write ECG writelog: WriteLogItem(1554974712681,E,WriteOperation(z,+,1))
[2019-04-11T09:25:12.948][Master] Read ECG writelog
[2019-04-11T09:25:19.682][Master] Write ECG writelog: WriteLogItem(1554974719336,D,WriteOperation(y,+,1))
[2019-04-11T09:25:19.913][Master] Read ECG writelog
[2019-04-11T09:25:21.710][Master] Write ECG writelog: WriteLogItem(1554974721706,B,WriteOperation(z,+,1))
[2019-04-11T09:25:21.712][Master] Read ECG writelog
[2019-04-11T09:25:26.046][Master] Write ECG writelog: WriteLogItem(1554974725782,F,WriteOperation(y,+,1))
[2019-04-11T09:25:26.151][Master] Read ECG writelog
[2019-04-11T09:25:30.900][Master] Write ECG writelog: WriteLogItem(1554974730742,E,WriteOperation(y,+,1))
[2019-04-11T09:25:31.006][Master] Read ECG writelog
[2019-04-11T09:25:35.401][Master] Write ECG writelog: WriteLogItem(1554974735243,F,WriteOperation(y,+,1))
[2019-04-11T09:25:35.507][Master] Read ECG writelog
[2019-04-11T09:25:43.950][Master] Write ECG writelog: WriteLogItem(1554974743791,F,WriteOperation(y,+,1))
[2019-04-11T09:25:44.056][Master] Read ECG writelog
[2019-04-11T09:25:48.957][Master] Write ECG writelog: WriteLogItem(1554974748955,B,WriteOperation(y,+,1))
[2019-04-11T09:25:48.958][Master] Read ECG writelog
[2019-04-11T09:25:53.459][Master] Write ECG writelog: WriteLogItem(1554974753457,B,WriteOperation(x,+,1))
[2019-04-11T09:25:53.460][Master] Read ECG writelog
[2019-04-11T09:26:00.355][Master] Write ECG writelog: WriteLogItem(1554974760196,F,WriteOperation(y,+,1))
[2019-04-11T09:26:00.461][Master] Read ECG writelog
[2019-04-11T09:26:05.517][Master] Write ECG writelog: WriteLogItem(1554974765516,A,WriteOperation(x,+,1))
[2019-04-11T09:26:05.518][Master] Read ECG writelog
[2019-04-11T09:26:08.983][Master] Write ECG writelog: WriteLogItem(1554974768718,E,WriteOperation(x,+,1))
[2019-04-11T09:26:09.091][Master] Read ECG writelog
[2019-04-11T09:26:44.893][Master] Write ECG writelog: WriteLogItem(1554974804629,F,WriteOperation(x,+,1))
[2019-04-11T09:26:45.002][Master] Read ECG writelog
[2019-04-11T09:26:53.475][Master] Write ECG writelog: WriteLogItem(1554974813316,F,WriteOperation(y,+,1))
[2019-04-11T09:26:53.581][Master] Read ECG writelog
[2019-04-11T09:26:58.570][Master] Write ECG writelog: WriteLogItem(1554974818567,A,WriteOperation(z,+,1))
[2019-04-11T09:26:58.571][Master] Read ECG writelog
[2019-04-11T09:27:05.721][Master] Write ECG writelog: WriteLogItem(1554974825145,C,WriteOperation(y,+,1))
[2019-04-11T09:27:05.952][Master] Read ECG writelog
[2019-04-11T09:27:19.285][Master] Write ECG writelog: WriteLogItem(1554974838709,D,WriteOperation(x,+,1))
[2019-04-11T09:27:19.515][Master] Read ECG writelog
[2019-04-11T09:27:28.982][Master] Write ECG writelog: WriteLogItem(1554974848717,F,WriteOperation(x,+,1))
[2019-04-11T09:27:29.087][Master] Read ECG writelog
[2019-04-11T09:27:34.094][Master] Write ECG writelog: WriteLogItem(1554974854092,B,WriteOperation(y,+,1))
[2019-04-11T09:27:34.096][Master] Read ECG writelog
[2019-04-11T09:27:43.753][Master] Write ECG writelog: WriteLogItem(1554974863178,C,WriteOperation(z,+,1))
[2019-04-11T09:27:43.983][Master] Read ECG writelog
[2019-04-11T09:27:46.565][Master] Write ECG writelog: WriteLogItem(1554974866563,A,WriteOperation(y,+,1))
[2019-04-11T09:27:46.568][Master] Read ECG writelog
[2019-04-11T09:27:50.664][Master] Write ECG writelog: WriteLogItem(1554974870662,B,WriteOperation(y,+,1))
[2019-04-11T09:27:50.664][Master] Read ECG writelog
[2019-04-11T09:27:58.704][Master] Write ECG writelog: WriteLogItem(1554974878129,D,WriteOperation(x,+,1))
[2019-04-11T09:27:58.934][Master] Read ECG writelog
[2019-04-11T09:28:05.138][Master] Write ECG writelog: WriteLogItem(1554974885135,A,WriteOperation(y,+,1))
[2019-04-11T09:28:05.139][Master] Read ECG writelog
[2019-04-11T09:28:10.992][Master] Write ECG writelog: WriteLogItem(1554974890728,E,WriteOperation(y,+,1))
[2019-04-11T09:28:11.099][Master] Read ECG writelog
[2019-04-11T09:28:18.952][Master] Write ECG writelog: WriteLogItem(1554974898376,C,WriteOperation(y,+,1))
[2019-04-11T09:28:19.182][Master] Read ECG writelog
[2019-04-11T09:28:21.110][Master] Write ECG writelog: WriteLogItem(1554974901108,B,WriteOperation(y,+,1))
[2019-04-11T09:28:21.111][Master] Read ECG writelog
[2019-04-11T09:28:25.560][Master] Write ECG writelog: WriteLogItem(1554974905558,B,WriteOperation(z,+,1))
[2019-04-11T09:28:25.560][Master] Read ECG writelog
[2019-04-11T09:28:30.301][Master] Write ECG writelog: WriteLogItem(1554974910141,E,WriteOperation(x,+,1))
[2019-04-11T09:28:30.407][Master] Read ECG writelog
[2019-04-11T09:28:34.886][Master] Write ECG writelog: WriteLogItem(1554974914623,F,WriteOperation(x,+,1))
[2019-04-11T09:28:34.992][Master] Read ECG writelog
[2019-04-11T09:28:42.730][Master] Write ECG writelog: WriteLogItem(1554974922565,E,WriteOperation(y,+,1))
[2019-04-11T09:28:42.836][Master] Read ECG writelog
[2019-04-11T09:28:51.913][Master] Write ECG writelog: WriteLogItem(1554974931754,F,WriteOperation(y,+,1))
[2019-04-11T09:28:52.019][Master] Read ECG writelog
[2019-04-11T09:28:56.966][Master] Write ECG writelog: WriteLogItem(1554974936807,E,WriteOperation(z,+,1))
[2019-04-11T09:28:57.072][Master] Read ECG writelog
[2019-04-11T09:28:58.867][Master] Write ECG writelog: WriteLogItem(1554974938864,B,WriteOperation(x,+,1))
[2019-04-11T09:28:58.868][Master] Read ECG writelog
[2019-04-11T09:29:06.450][Master] Write ECG writelog: WriteLogItem(1554974946291,F,WriteOperation(y,+,1))
[2019-04-11T09:29:06.556][Master] Read ECG writelog
[2019-04-11T09:29:14.332][Master] Write ECG writelog: WriteLogItem(1554974953757,D,WriteOperation(z,+,1))
[2019-04-11T09:29:14.562][Master] Read ECG writelog
[2019-04-11T09:29:17.926][Master] Write ECG writelog: WriteLogItem(1554974957923,A,WriteOperation(x,+,1))
[2019-04-11T09:29:17.927][Master] Read ECG writelog
[2019-04-11T09:29:28.689][Master] Write ECG writelog: WriteLogItem(1554974968114,C,WriteOperation(x,+,1))
[2019-04-11T09:29:28.919][Master] Read ECG writelog
[2019-04-11T09:29:34.237][Master] Write ECG writelog: WriteLogItem(1554974974078,F,WriteOperation(z,+,1))
[2019-04-11T09:29:34.343][Master] Read ECG writelog
[2019-04-11T09:29:39.141][Master] Write ECG writelog: WriteLogItem(1554974978876,E,WriteOperation(z,+,1))
[2019-04-11T09:29:39.247][Master] Read ECG writelog
[2019-04-11T09:29:41.204][Master] Write ECG writelog: WriteLogItem(1554974981201,A,WriteOperation(x,+,1))
[2019-04-11T09:29:41.206][Master] Read ECG writelog
[2019-04-11T09:29:46.081][Master] Write ECG writelog: WriteLogItem(1554974985922,F,WriteOperation(y,+,1))
[2019-04-11T09:29:46.187][Master] Read ECG writelog
[2019-04-11T09:29:49.451][Master] Write ECG writelog: WriteLogItem(1554974989449,B,WriteOperation(y,+,1))
[2019-04-11T09:29:49.453][Master] Read ECG writelog
[2019-04-11T09:29:52.782][Master] Write ECG writelog: WriteLogItem(1554974992781,B,WriteOperation(z,+,1))
[2019-04-11T09:29:52.783][Master] Read ECG writelog
[2019-04-11T09:29:55.241][Master] Write ECG writelog: WriteLogItem(1554974995240,A,WriteOperation(z,+,1))
[2019-04-11T09:29:55.243][Master] Read ECG writelog
[2019-04-11T09:29:59.839][Master] Write ECG writelog: WriteLogItem(1554974999679,F,WriteOperation(z,+,1))
[2019-04-11T09:29:59.945][Master] Read ECG writelog
[2019-04-11T09:30:03.382][Master] Write ECG writelog: WriteLogItem(1554975003224,F,WriteOperation(x,+,1))
[2019-04-11T09:30:03.488][Master] Read ECG writelog
[2019-04-11T09:30:07.351][Master] Write ECG writelog: WriteLogItem(1554975007193,F,WriteOperation(z,+,1))
[2019-04-11T09:30:07.457][Master] Read ECG writelog
[2019-04-11T09:30:10.925][Master] Write ECG writelog: WriteLogItem(1554975010766,F,WriteOperation(z,+,1))
[2019-04-11T09:30:11.031][Master] Read ECG writelog
[2019-04-11T09:30:18.212][Master] Write ECG writelog: WriteLogItem(1554975017636,C,WriteOperation(z,+,1))
[2019-04-11T09:30:18.442][Master] Read ECG writelog
[2019-04-11T09:30:31.926][Master] Write ECG writelog: WriteLogItem(1554975031350,D,WriteOperation(x,+,1))
[2019-04-11T09:30:32.156][Master] Read ECG writelog
[2019-04-11T09:30:39.472][Master] Write ECG writelog: WriteLogItem(1554975039469,B,WriteOperation(y,+,1))
[2019-04-11T09:30:39.472][Master] Read ECG writelog
[2019-04-11T09:30:45.369][Master] Write ECG writelog: WriteLogItem(1554975045022,D,WriteOperation(y,+,1))
[2019-04-11T09:30:45.599][Master] Read ECG writelog
[2019-04-11T09:30:53.740][Master] Write ECG writelog: WriteLogItem(1554975053475,E,WriteOperation(z,+,1))
[2019-04-11T09:30:53.847][Master] Read ECG writelog
[2019-04-11T09:31:01.852][Master] Write ECG writelog: WriteLogItem(1554975061507,D,WriteOperation(x,+,1))
[2019-04-11T09:31:02.083][Master] Read ECG writelog
[2019-04-11T09:31:12.288][Master] Write ECG writelog: WriteLogItem(1554975071944,C,WriteOperation(x,+,1))
[2019-04-11T09:31:12.518][Master] Read ECG writelog
[2019-04-11T09:31:14.856][Master] Write ECG writelog: WriteLogItem(1554975074854,A,WriteOperation(x,+,1))
[2019-04-11T09:31:14.857][Master] Read ECG writelog
[2019-04-11T09:31:18.341][Master] Write ECG writelog: WriteLogItem(1554975078183,E,WriteOperation(x,+,1))
[2019-04-11T09:31:18.447][Master] Read ECG writelog
[2019-04-11T09:31:27.552][Master] Write ECG writelog: WriteLogItem(1554975087207,C,WriteOperation(y,+,1))
[2019-04-11T09:31:27.782][Master] Read ECG writelog
[2019-04-11T09:31:39.645][Master] Write ECG writelog: WriteLogItem(1554975099300,C,WriteOperation(x,+,1))
[2019-04-11T09:31:39.875][Master] Read ECG writelog
[2019-04-11T09:31:46.061][Master] Write ECG writelog: WriteLogItem(1554975106058,A,WriteOperation(x,+,1))
[2019-04-11T09:31:46.062][Master] Read ECG writelog
[2019-04-11T09:31:51.558][Master] Write ECG writelog: WriteLogItem(1554975111555,B,WriteOperation(y,+,1))
[2019-04-11T09:31:51.559][Master] Read ECG writelog
[2019-04-11T09:31:54.929][Master] Write ECG writelog: WriteLogItem(1554975114663,F,WriteOperation(z,+,1))
[2019-04-11T09:31:55.035][Master] Read ECG writelog
[2019-04-11T09:31:59.477][Master] Write ECG writelog: WriteLogItem(1554975119210,E,WriteOperation(z,+,1))
[2019-04-11T09:31:59.583][Master] Read ECG writelog
[2019-04-11T09:32:05.862][Master] Write ECG writelog: WriteLogItem(1554975125517,C,WriteOperation(y,+,1))
[2019-04-11T09:32:06.092][Master] Read ECG writelog
[2019-04-11T09:32:11.118][Master] Write ECG writelog: WriteLogItem(1554975130957,F,WriteOperation(x,+,1))
[2019-04-11T09:32:11.224][Master] Read ECG writelog
[2019-04-11T09:32:18.416][Master] Write ECG writelog: WriteLogItem(1554975138071,C,WriteOperation(y,+,1))
[2019-04-11T09:32:18.646][Master] Read ECG writelog
[2019-04-11T09:32:20.441][Master] Write ECG writelog: WriteLogItem(1554975140434,A,WriteOperation(z,+,1))
[2019-04-11T09:32:20.441][Master] Read ECG writelog
[2019-04-11T09:32:24.257][Master] Write ECG writelog: WriteLogItem(1554975144096,E,WriteOperation(z,+,1))
[2019-04-11T09:32:24.363][Master] Read ECG writelog
[2019-04-11T09:32:31.562][Master] Write ECG writelog: WriteLogItem(1554975151217,C,WriteOperation(x,+,1))
[2019-04-11T09:32:31.792][Master] Read ECG writelog
[2019-04-11T09:32:39.027][Master] Write ECG writelog: WriteLogItem(1554975158450,D,WriteOperation(y,+,1))
[2019-04-11T09:32:39.257][Master] Read ECG writelog
[2019-04-11T09:32:44.096][Master] Write ECG writelog: WriteLogItem(1554975163937,E,WriteOperation(y,+,1))
[2019-04-11T09:32:44.202][Master] Read ECG writelog
[2019-04-11T09:32:51.837][Master] Write ECG writelog: WriteLogItem(1554975171676,E,WriteOperation(z,+,1))
[2019-04-11T09:32:51.943][Master] Read ECG writelog
[2019-04-11T09:32:58.131][Master] Write ECG writelog: WriteLogItem(1554975177552,C,WriteOperation(z,+,1))
[2019-04-11T09:32:58.361][Master] Read ECG writelog
[2019-04-11T09:33:11.362][Master] Write ECG writelog: WriteLogItem(1554975191017,C,WriteOperation(x,+,1))
[2019-04-11T09:33:11.593][Master] Read ECG writelog
[2019-04-11T09:33:13.649][Master] Write ECG writelog: WriteLogItem(1554975193646,A,WriteOperation(z,+,1))
[2019-04-11T09:33:13.650][Master] Read ECG writelog
[2019-04-11T09:33:20.970][Master] Write ECG writelog: WriteLogItem(1554975200623,C,WriteOperation(y,+,1))
[2019-04-11T09:33:21.200][Master] Read ECG writelog
[2019-04-11T09:33:29.450][Master] Write ECG writelog: WriteLogItem(1554975208876,D,WriteOperation(z,+,1))
[2019-04-11T09:33:29.680][Master] Read ECG writelog
[2019-04-11T09:33:38.696][Master] Write ECG writelog: WriteLogItem(1554975218693,B,WriteOperation(x,+,1))
[2019-04-11T09:33:38.696][Master] Read ECG writelog
[2019-04-11T09:33:44.774][Master] Write ECG writelog: WriteLogItem(1554975224430,D,WriteOperation(z,+,1))
[2019-04-11T09:33:45.004][Master] Read ECG writelog
[2019-04-11T09:33:52.640][Master] Write ECG writelog: WriteLogItem(1554975232637,A,WriteOperation(z,+,1))
[2019-04-11T09:33:52.641][Master] Read ECG writelog
[2019-04-11T09:33:55.897][Master] Write ECG writelog: WriteLogItem(1554975235896,A,WriteOperation(y,+,1))
[2019-04-11T09:33:55.898][Master] Read ECG writelog
[2019-04-11T09:33:59.507][Master] Write ECG writelog: WriteLogItem(1554975239242,F,WriteOperation(z,+,1))
[2019-04-11T09:33:59.613][Master] Read ECG writelog
[2019-04-11T09:34:06.499][Master] Write ECG writelog: WriteLogItem(1554975246340,F,WriteOperation(z,+,1))
[2019-04-11T09:34:06.606][Master] Read ECG writelog
[2019-04-11T09:34:16.368][Master] Write ECG writelog: WriteLogItem(1554975255795,C,WriteOperation(x,+,1))
[2019-04-11T09:34:16.599][Master] Read ECG writelog
[2019-04-11T09:34:29.419][Master] Write ECG writelog: WriteLogItem(1554975268844,D,WriteOperation(y,+,1))
[2019-04-11T09:34:29.649][Master] Read ECG writelog
[2019-04-11T09:34:31.977][Master] Write ECG writelog: WriteLogItem(1554975271974,A,WriteOperation(z,+,1))
[2019-04-11T09:34:31.977][Master] Read ECG writelog
[2019-04-11T09:35:12.034][Master] Write ECG writelog: WriteLogItem(1554975311455,C,WriteOperation(y,+,1))
[2019-04-11T09:35:12.267][Master] Read ECG writelog
[2019-04-11T09:35:17.412][Master] Write ECG writelog: WriteLogItem(1554975317148,E,WriteOperation(z,+,1))
[2019-04-11T09:35:17.518][Master] Read ECG writelog
[2019-04-11T09:35:19.406][Master] Write ECG writelog: WriteLogItem(1554975319404,A,WriteOperation(y,+,1))
[2019-04-11T09:35:19.407][Master] Read ECG writelog
[2019-04-11T09:35:28.715][Master] Write ECG writelog: WriteLogItem(1554975328367,C,WriteOperation(y,+,1))
[2019-04-11T09:35:28.948][Master] Read ECG writelog
[2019-04-11T09:35:42.347][Master] Write ECG writelog: WriteLogItem(1554975341771,D,WriteOperation(z,+,1))
[2019-04-11T09:35:42.578][Master] Read ECG writelog
[2019-04-11T09:35:50.141][Master] Write ECG writelog: WriteLogItem(1554975349793,C,WriteOperation(x,+,1))
[2019-04-11T09:35:50.373][Master] Read ECG writelog
[2019-04-11T09:35:52.948][Master] Write ECG writelog: WriteLogItem(1554975352946,B,WriteOperation(x,+,1))
[2019-04-11T09:35:52.949][Master] Read ECG writelog
[2019-04-11T09:35:55.640][Master] Write ECG writelog: WriteLogItem(1554975355638,A,WriteOperation(y,+,1))
[2019-04-11T09:35:55.647][Master] Read ECG writelog
[2019-04-11T09:35:59.119][Master] Write ECG writelog: WriteLogItem(1554975358854,F,WriteOperation(x,+,1))
[2019-04-11T09:35:59.224][Master] Read ECG writelog
[2019-04-11T09:36:08.819][Master] Write ECG writelog: WriteLogItem(1554975368474,D,WriteOperation(z,+,1))
[2019-04-11T09:36:09.049][Master] Read ECG writelog
[2019-04-11T09:36:13.358][Master] Write ECG writelog: WriteLogItem(1554975373199,E,WriteOperation(z,+,1))
[2019-04-11T09:36:13.464][Master] Read ECG writelog
[2019-04-11T09:36:15.895][Master] Write ECG writelog: WriteLogItem(1554975375893,A,WriteOperation(y,+,1))
[2019-04-11T09:36:15.900][Master] Read ECG writelog
[2019-04-11T09:36:20.113][Master] Write ECG writelog: WriteLogItem(1554975379954,E,WriteOperation(y,+,1))
[2019-04-11T09:36:20.220][Master] Read ECG writelog
[2019-04-11T09:36:22.783][Master] Write ECG writelog: WriteLogItem(1554975382781,A,WriteOperation(z,+,1))
[2019-04-11T09:36:22.784][Master] Read ECG writelog
[2019-04-11T09:36:25.642][Master] Write ECG writelog: WriteLogItem(1554975385640,B,WriteOperation(y,+,1))
[2019-04-11T09:36:25.643][Master] Read ECG writelog
[2019-04-11T09:36:29.871][Master] Write ECG writelog: WriteLogItem(1554975389869,B,WriteOperation(z,+,1))
[2019-04-11T09:36:29.872][Master] Read ECG writelog
[2019-04-11T09:36:35.457][Master] Write ECG writelog: WriteLogItem(1554975395192,F,WriteOperation(z,+,1))
[2019-04-11T09:36:35.566][Master] Read ECG writelog
[2019-04-11T09:36:41.280][Master] Write ECG writelog: WriteLogItem(1554975401275,A,WriteOperation(x,+,1))
[2019-04-11T09:36:41.281][Master] Read ECG writelog
[2019-04-11T09:36:48.237][Master] Write ECG writelog: WriteLogItem(1554975407661,D,WriteOperation(y,+,1))
[2019-04-11T09:36:48.467][Master] Read ECG writelog
[2019-04-11T09:36:55.762][Master] Write ECG writelog: WriteLogItem(1554975415180,C,WriteOperation(y,+,1))
[2019-04-11T09:36:55.994][Master] Read ECG writelog
[2019-04-11T09:37:06.160][Master] Write ECG writelog: WriteLogItem(1554975425895,F,WriteOperation(y,+,1))
[2019-04-11T09:37:06.266][Master] Read ECG writelog
[2019-04-11T09:37:12.885][Master] Write ECG writelog: WriteLogItem(1554975432882,B,WriteOperation(x,+,1))
[2019-04-11T09:37:12.886][Master] Read ECG writelog
[2019-04-11T09:37:19.099][Master] Write ECG writelog: WriteLogItem(1554975438939,F,WriteOperation(x,+,1))
[2019-04-11T09:37:19.206][Master] Read ECG writelog
[2019-04-11T09:37:21.169][Master] Write ECG writelog: WriteLogItem(1554975441167,B,WriteOperation(y,+,1))
[2019-04-11T09:37:21.172][Master] Read ECG writelog
[2019-04-11T09:37:25.414][Master] Write ECG writelog: WriteLogItem(1554975445412,A,WriteOperation(x,+,1))
[2019-04-11T09:37:25.415][Master] Read ECG writelog
[2019-04-11T09:37:27.644][Master] Write ECG writelog: WriteLogItem(1554975447642,A,WriteOperation(x,+,1))
[2019-04-11T09:37:27.646][Master] Read ECG writelog
[2019-04-11T09:37:33.400][Master] Write ECG writelog: WriteLogItem(1554975453398,A,WriteOperation(z,+,1))
[2019-04-11T09:37:33.401][Master] Read ECG writelog
[2019-04-11T09:37:38.125][Master] Write ECG writelog: WriteLogItem(1554975457861,F,WriteOperation(x,+,1))
[2019-04-11T09:37:38.231][Master] Read ECG writelog
[2019-04-11T09:37:40.683][Master] Write ECG writelog: WriteLogItem(1554975460681,A,WriteOperation(y,+,1))
[2019-04-11T09:37:40.683][Master] Read ECG writelog
[2019-04-11T09:37:48.070][Master] Write ECG writelog: WriteLogItem(1554975467495,D,WriteOperation(x,+,1))
[2019-04-11T09:37:48.300][Master] Read ECG writelog
[2019-04-11T09:37:59.211][Master] Write ECG writelog: WriteLogItem(1554975478947,E,WriteOperation(x,+,1))
[2019-04-11T09:37:59.317][Master] Read ECG writelog
[2019-04-11T09:38:01.933][Master] Write ECG writelog: WriteLogItem(1554975481932,A,WriteOperation(y,+,1))
[2019-04-11T09:38:01.934][Master] Read ECG writelog
[2019-04-11T09:38:04.929][Master] Write ECG writelog: WriteLogItem(1554975484927,A,WriteOperation(x,+,1))
[2019-04-11T09:38:04.930][Master] Read ECG writelog
[2019-04-11T09:38:08.427][Master] Write ECG writelog: WriteLogItem(1554975488269,E,WriteOperation(z,+,1))
[2019-04-11T09:38:08.533][Master] Read ECG writelog
[2019-04-11T09:38:16.252][Master] Write ECG writelog: WriteLogItem(1554975495906,D,WriteOperation(z,+,1))
[2019-04-11T09:38:16.482][Master] Read ECG writelog
[2019-04-11T09:38:24.625][Master] Write ECG writelog: WriteLogItem(1554975504466,E,WriteOperation(z,+,1))
[2019-04-11T09:38:24.731][Master] Read ECG writelog
[2019-04-11T09:38:28.700][Master] Write ECG writelog: WriteLogItem(1554975508542,E,WriteOperation(z,+,1))
[2019-04-11T09:38:28.806][Master] Read ECG writelog
[2019-04-11T09:38:37.247][Master] Write ECG writelog: WriteLogItem(1554975516983,F,WriteOperation(y,+,1))
[2019-04-11T09:38:37.353][Master] Read ECG writelog
[2019-04-11T09:38:42.368][Master] Write ECG writelog: WriteLogItem(1554975522366,A,WriteOperation(x,+,1))
[2019-04-11T09:38:42.369][Master] Read ECG writelog
[2019-04-11T09:38:46.873][Master] Write ECG writelog: WriteLogItem(1554975526609,E,WriteOperation(x,+,1))
[2019-04-11T09:38:46.978][Master] Read ECG writelog
[2019-04-11T09:38:54.806][Master] Write ECG writelog: WriteLogItem(1554975534646,F,WriteOperation(z,+,1))
[2019-04-11T09:38:54.912][Master] Read ECG writelog
[2019-04-11T09:39:01.486][Master] Write ECG writelog: WriteLogItem(1554975540911,D,WriteOperation(x,+,1))
[2019-04-11T09:39:01.716][Master] Read ECG writelog
[2019-04-11T09:39:14.001][Master] Write ECG writelog: WriteLogItem(1554975553655,D,WriteOperation(z,+,1))
[2019-04-11T09:39:14.232][Master] Read ECG writelog
[2019-04-11T09:39:17.182][Master] Write ECG writelog: WriteLogItem(1554975557180,B,WriteOperation(z,+,1))
[2019-04-11T09:39:17.183][Master] Read ECG writelog
[2019-04-11T09:39:23.865][Master] Write ECG writelog: WriteLogItem(1554975563289,C,WriteOperation(z,+,1))
[2019-04-11T09:39:24.095][Master] Read ECG writelog
[2019-04-11T09:39:28.605][Master] Write ECG writelog: WriteLogItem(1554975568338,E,WriteOperation(x,+,1))
[2019-04-11T09:39:28.715][Master] Read ECG writelog
[2019-04-11T09:39:39.916][Master] Write ECG writelog: WriteLogItem(1554975579341,D,WriteOperation(x,+,1))
[2019-04-11T09:39:40.145][Master] Read ECG writelog
[2019-04-11T09:39:48.234][Master] Write ECG writelog: WriteLogItem(1554975588223,B,WriteOperation(x,+,1))
[2019-04-11T09:39:48.237][Master] Read ECG writelog
[2019-04-11T09:39:54.843][Master] Write ECG writelog: WriteLogItem(1554975594499,D,WriteOperation(z,+,1))
[2019-04-11T09:39:55.073][Master] Read ECG writelog
[2019-04-11T09:39:57.390][Master] Write ECG writelog: WriteLogItem(1554975597388,A,WriteOperation(z,+,1))
[2019-04-11T09:39:57.391][Master] Read ECG writelog
[2019-04-11T09:40:00.694][Master] Write ECG writelog: WriteLogItem(1554975600692,A,WriteOperation(y,+,1))
[2019-04-11T09:40:00.695][Master] Read ECG writelog
[2019-04-11T09:40:07.376][Master] Write ECG writelog: WriteLogItem(1554975607375,B,WriteOperation(y,+,1))
[2019-04-11T09:40:07.377][Master] Read ECG writelog
[2019-04-11T09:40:12.514][Master] Write ECG writelog: WriteLogItem(1554975612249,F,WriteOperation(y,+,1))
[2019-04-11T09:40:12.620][Master] Read ECG writelog
[2019-04-11T09:40:16.565][Master] Write ECG writelog: WriteLogItem(1554975616300,E,WriteOperation(y,+,1))
[2019-04-11T09:40:16.671][Master] Read ECG writelog
[2019-04-11T09:40:27.351][Master] Write ECG writelog: WriteLogItem(1554975626774,D,WriteOperation(x,+,1))
[2019-04-11T09:40:27.581][Master] Read ECG writelog
[2019-04-11T09:40:38.311][Master] Write ECG writelog: WriteLogItem(1554975638151,E,WriteOperation(z,+,1))
[2019-04-11T09:40:38.417][Master] Read ECG writelog
[2019-04-11T09:40:41.761][Master] Write ECG writelog: WriteLogItem(1554975641759,B,WriteOperation(y,+,1))
[2019-04-11T09:40:41.762][Master] Read ECG writelog
[2019-04-11T09:40:49.188][Master] Write ECG writelog: WriteLogItem(1554975648612,C,WriteOperation(x,+,1))
[2019-04-11T09:40:49.419][Master] Read ECG writelog
[2019-04-11T09:41:01.834][Master] Write ECG writelog: WriteLogItem(1554975661569,F,WriteOperation(z,+,1))
[2019-04-11T09:41:01.940][Master] Read ECG writelog
[2019-04-11T09:41:08.827][Master] Write ECG writelog: WriteLogItem(1554975668482,C,WriteOperation(x,+,1))
[2019-04-11T09:41:09.057][Master] Read ECG writelog
[2019-04-11T09:41:20.084][Master] Write ECG writelog: WriteLogItem(1554975679737,C,WriteOperation(z,+,1))
[2019-04-11T09:41:20.315][Master] Read ECG writelog
[2019-04-11T09:41:24.669][Master] Write ECG writelog: WriteLogItem(1554975684509,E,WriteOperation(y,+,1))
[2019-04-11T09:41:24.774][Master] Read ECG writelog
[2019-04-11T09:41:35.234][Master] Write ECG writelog: WriteLogItem(1554975694888,C,WriteOperation(y,+,1))
[2019-04-11T09:41:35.464][Master] Read ECG writelog
[2019-04-11T09:41:45.576][Master] Write ECG writelog: WriteLogItem(1554975705312,E,WriteOperation(y,+,1))
[2019-04-11T09:41:45.682][Master] Read ECG writelog
[2019-04-11T09:41:49.958][Master] Write ECG writelog: WriteLogItem(1554975709954,B,WriteOperation(y,+,1))
[2019-04-11T09:41:49.959][Master] Read ECG writelog
[2019-04-11T09:41:52.273][Master] Write ECG writelog: WriteLogItem(1554975712271,A,WriteOperation(x,+,1))
[2019-04-11T09:41:52.275][Master] Read ECG writelog
[2019-04-11T09:42:01.363][Master] Write ECG writelog: WriteLogItem(1554975720785,D,WriteOperation(z,+,1))
[2019-04-11T09:42:01.593][Master] Read ECG writelog
[2019-04-11T09:42:09.096][Master] Write ECG writelog: WriteLogItem(1554975728521,C,WriteOperation(x,+,1))
[2019-04-11T09:42:09.326][Master] Read ECG writelog
[2019-04-11T09:42:13.035][Master] Write ECG writelog: WriteLogItem(1554975732770,F,WriteOperation(z,+,1))
[2019-04-11T09:42:13.141][Master] Read ECG writelog
[2019-04-11T09:42:21.760][Master] Write ECG writelog: WriteLogItem(1554975741495,E,WriteOperation(x,+,1))
[2019-04-11T09:42:21.866][Master] Read ECG writelog
[2019-04-11T09:42:25.115][Master] Write ECG writelog: WriteLogItem(1554975745113,B,WriteOperation(y,+,1))
[2019-04-11T09:42:25.115][Master] Read ECG writelog
[2019-04-11T09:42:30.092][Master] Write ECG writelog: WriteLogItem(1554975749932,F,WriteOperation(x,+,1))
[2019-04-11T09:42:30.199][Master] Read ECG writelog
[2019-04-11T09:42:32.485][Master] Write ECG writelog: WriteLogItem(1554975752483,B,WriteOperation(z,+,1))
[2019-04-11T09:42:32.486][Master] Read ECG writelog
[2019-04-11T09:42:38.645][Master] Write ECG writelog: WriteLogItem(1554975758298,C,WriteOperation(z,+,1))
[2019-04-11T09:42:38.875][Master] Read ECG writelog
[2019-04-11T09:42:42.326][Master] Write ECG writelog: WriteLogItem(1554975762324,A,WriteOperation(x,+,1))
[2019-04-11T09:42:42.327][Master] Read ECG writelog
/home/sven/.sdkman/candidates/scala/current/bin/scala: line 21: 12986 Killed                  "$@"
