[2019-04-11T09:01:06.415][ReplicaC] Starting ReplicaC
[2019-04-11T09:01:06.417][ReplicaC] => Looking for ECG history
[2019-04-11T09:01:08.607][ReplicaC] => Binding TACT Replica to RMI
[2019-04-11T09:01:09.564][ReplicaC] Replica started on rmi://10.156.0.2/ReplicaC
--------------------------------------------------------------------------------------------

[2019-04-11T09:01:36.553][ReplicaC] Write key = z, value = 1
[2019-04-11T09:01:37.024][ReplicaC] Anti entropy session check
[2019-04-11T09:01:37.024][ReplicaC] => Updating errors
[2019-04-11T09:01:37.294][ReplicaC] => Check errors out of bound
[2019-04-11T09:01:37.294][ReplicaC] 	 => Numerical Error 1
[2019-04-11T09:01:37.294][ReplicaC] 	 => Order Error 1
[2019-04-11T09:01:37.294][ReplicaC] 	 => Staleness Error 7763 	 1554973297294

[2019-04-11T09:01:56.813][ReplicaC] Write key = x, value = 1
[2019-04-11T09:01:57.506][ReplicaC] Anti entropy session check
[2019-04-11T09:01:57.506][ReplicaC] => Updating errors
[2019-04-11T09:01:57.740][ReplicaC] => Check errors out of bound
[2019-04-11T09:01:57.741][ReplicaC] 	 => Numerical Error 2
[2019-04-11T09:01:57.741][ReplicaC] 	 => Order Error 1
[2019-04-11T09:01:57.741][ReplicaC] 	 => Staleness Error 32026 	 1554973317741

[2019-04-11T09:02:01.718][ReplicaC] Accept WriteLog
[2019-04-11T09:02:01.725][ReplicaC] -- Update with key = x, value = 1

[2019-04-11T09:02:13.324][ReplicaC] Write key = z, value = 1
[2019-04-11T09:02:13.788][ReplicaC] Anti entropy session check
[2019-04-11T09:02:13.789][ReplicaC] => Updating errors
[2019-04-11T09:02:14.023][ReplicaC] => Check errors out of bound
[2019-04-11T09:02:14.023][ReplicaC] 	 => Numerical Error 3
[2019-04-11T09:02:14.023][ReplicaC] 	 => Order Error 2
[2019-04-11T09:02:14.023][ReplicaC] 	 => Staleness Error 44528 	 1554973334023

[2019-04-11T09:02:19.740][ReplicaC] Accept WriteLog
[2019-04-11T09:02:19.740][ReplicaC] -- Update with key = z, value = 1
[2019-04-11T09:02:19.740][ReplicaC] -- Update with key = z, value = 1

[2019-04-11T09:02:22.694][ReplicaC] Accept WriteLog

[2019-04-11T09:02:24.745][ReplicaC] Accept WriteLog
[2019-04-11T09:02:24.745][ReplicaC] -- Update with key = y, value = 1

[2019-04-11T09:02:26.638][ReplicaC] Accept WriteLog
[2019-04-11T09:02:26.639][ReplicaC] -- Update with key = x, value = 1

[2019-04-11T09:02:33.995][ReplicaC] Write key = z, value = 1
[2019-04-11T09:02:34.459][ReplicaC] Anti entropy session check
[2019-04-11T09:02:34.459][ReplicaC] => Updating errors
[2019-04-11T09:02:34.694][ReplicaC] => Check errors out of bound
[2019-04-11T09:02:34.694][ReplicaC] 	 => Numerical Error 1
[2019-04-11T09:02:34.694][ReplicaC] 	 => Order Error 3
[2019-04-11T09:02:34.694][ReplicaC] 	 => Staleness Error 65198 	 1554973354694

[2019-04-11T09:02:52.908][ReplicaC] Write key = x, value = 1
[2019-04-11T09:02:53.372][ReplicaC] Anti entropy session check
[2019-04-11T09:02:53.373][ReplicaC] => Updating errors
[2019-04-11T09:02:53.619][ReplicaC] => Check errors out of bound
[2019-04-11T09:02:53.619][ReplicaC] 	 => Numerical Error 2
[2019-04-11T09:02:53.619][ReplicaC] 	 => Order Error 2
[2019-04-11T09:02:53.619][ReplicaC] 	 => Staleness Error 87893 	 1554973373619

[2019-04-11T09:02:59.902][ReplicaC] Write key = y, value = 1
[2019-04-11T09:03:00.365][ReplicaC] Anti entropy session check
[2019-04-11T09:03:00.366][ReplicaC] => Updating errors
[2019-04-11T09:03:00.598][ReplicaC] => Check errors out of bound
[2019-04-11T09:03:00.598][ReplicaC] 	 => Numerical Error 3
[2019-04-11T09:03:00.598][ReplicaC] 	 => Order Error 1
[2019-04-11T09:03:00.598][ReplicaC] 	 => Staleness Error 70621 	 1554973380598

[2019-04-11T09:03:15.096][ReplicaC] Accept WriteLog
[2019-04-11T09:03:15.096][ReplicaC] -- Update with key = x, value = 1

[2019-04-11T09:03:25.118][ReplicaC] Accept WriteLog
[2019-04-11T09:03:25.118][ReplicaC] -- Update with key = x, value = 1
[2019-04-11T09:03:25.118][ReplicaC] -- Update with key = x, value = 1

[2019-04-11T09:03:29.984][ReplicaC] Accept WriteLog
[2019-04-11T09:03:29.984][ReplicaC] -- Update with key = x, value = 1

[2019-04-11T09:03:32.963][ReplicaC] Accept WriteLog

[2019-04-11T09:03:35.428][ReplicaC] Accept WriteLog

[2019-04-11T09:04:01.921][ReplicaC] Accept WriteLog
[2019-04-11T09:04:01.921][ReplicaC] -- Update with key = z, value = 1

[2019-04-11T09:04:05.790][ReplicaC] Accept WriteLog
[2019-04-11T09:04:05.790][ReplicaC] -- Update with key = y, value = 1

[2019-04-11T09:04:13.074][ReplicaC] Accept WriteLog
[2019-04-11T09:04:13.075][ReplicaC] -- Update with key = z, value = 1

[2019-04-11T09:04:19.580][ReplicaC] Write key = z, value = 1
[2019-04-11T09:04:20.272][ReplicaC] Anti entropy session check
[2019-04-11T09:04:20.272][ReplicaC] => Updating errors
[2019-04-11T09:04:20.508][ReplicaC] => Check errors out of bound
[2019-04-11T09:04:20.508][ReplicaC] 	 => Numerical Error 7
[2019-04-11T09:04:20.508][ReplicaC] 	 => Order Error 4
[2019-04-11T09:04:20.509][ReplicaC] 	 => Staleness Error 171011 	 1554973460509

[2019-04-11T09:04:27.761][ReplicaC] Accept WriteLog
[2019-04-11T09:04:27.761][ReplicaC] -- Update with key = y, value = 1

[2019-04-11T09:04:33.104][ReplicaC] Accept WriteLog
[2019-04-11T09:04:33.105][ReplicaC] -- Update with key = x, value = 1

[2019-04-11T09:04:36.965][ReplicaC] Accept WriteLog
[2019-04-11T09:04:36.965][ReplicaC] -- Update with key = z, value = 1
[2019-04-11T09:04:36.965][ReplicaC] -- Update with key = z, value = 1
[2019-04-11T09:04:36.965][ReplicaC] -- Update with key = z, value = 1

[2019-04-11T09:04:39.022][ReplicaC] Accept WriteLog
[2019-04-11T09:04:39.022][ReplicaC] -- Update with key = y, value = 1

[2019-04-11T09:04:41.081][ReplicaC] Accept WriteLog

[2019-04-11T09:04:46.580][ReplicaC] Accept WriteLog
[2019-04-11T09:04:46.580][ReplicaC] -- Update with key = x, value = 1

[2019-04-11T09:04:53.792][ReplicaC] Accept WriteLog
[2019-04-11T09:04:53.793][ReplicaC] -- Update with key = x, value = 1
[2019-04-11T09:04:53.793][ReplicaC] -- Update with key = x, value = 1
[2019-04-11T09:04:53.793][ReplicaC] -- Update with key = x, value = 1

[2019-04-11T09:05:09.180][ReplicaC] Accept WriteLog
[2019-04-11T09:05:09.180][ReplicaC] -- Update with key = y, value = 1

[2019-04-11T09:05:21.345][ReplicaC] Accept WriteLog
[2019-04-11T09:05:21.345][ReplicaC] -- Update with key = x, value = 1

[2019-04-11T09:05:36.757][ReplicaC] Write key = y, value = 1
[2019-04-11T09:05:37.449][ReplicaC] Anti entropy session check
[2019-04-11T09:05:37.450][ReplicaC] => Updating errors
[2019-04-11T09:05:37.682][ReplicaC] => Check errors out of bound
[2019-04-11T09:05:37.682][ReplicaC] 	 => Numerical Error 5
[2019-04-11T09:05:37.682][ReplicaC] 	 => Order Error 2
[2019-04-11T09:05:37.682][ReplicaC] 	 => Staleness Error 227705 	 1554973537682
Start anti-entropy session with ReplicaA
Finished anti-entropy session with ReplicaA
Start anti-entropy session with ReplicaB
Finished anti-entropy session with ReplicaB
Start anti-entropy session with ReplicaD
Finished anti-entropy session with ReplicaD
Start anti-entropy session with ReplicaE
Finished anti-entropy session with ReplicaE
Start anti-entropy session with ReplicaF
Finished anti-entropy session with ReplicaF

[2019-04-11T09:05:51.844][ReplicaC] Accept WriteLog
[2019-04-11T09:05:51.844][ReplicaC] -- Update with key = x, value = 1

[2019-04-11T09:06:05.935][ReplicaC] Accept WriteLog
[2019-04-11T09:06:05.935][ReplicaC] -- Update with key = z, value = 1

[2019-04-11T09:06:18.343][ReplicaC] Write key = z, value = 1
[2019-04-11T09:06:18.804][ReplicaC] Anti entropy session check
[2019-04-11T09:06:18.804][ReplicaC] => Updating errors
[2019-04-11T09:06:19.036][ReplicaC] => Check errors out of bound
[2019-04-11T09:06:19.037][ReplicaC] 	 => Numerical Error 7
[2019-04-11T09:06:19.037][ReplicaC] 	 => Order Error 5
[2019-04-11T09:06:19.037][ReplicaC] 	 => Staleness Error 289543 	 1554973579037

[2019-04-11T09:06:25.820][ReplicaC] Accept WriteLog
[2019-04-11T09:06:25.820][ReplicaC] -- Update with key = x, value = 1

[2019-04-11T09:06:39.332][ReplicaC] Accept WriteLog
[2019-04-11T09:06:39.332][ReplicaC] -- Update with key = z, value = 1

[2019-04-11T09:06:43.368][ReplicaC] Accept WriteLog
[2019-04-11T09:06:43.368][ReplicaC] -- Update with key = z, value = 1

[2019-04-11T09:06:46.531][ReplicaC] Accept WriteLog

[2019-04-11T09:06:48.572][ReplicaC] Accept WriteLog

[2019-04-11T09:06:51.837][ReplicaC] Accept WriteLog
[2019-04-11T09:06:51.837][ReplicaC] -- Update with key = x, value = 1

[2019-04-11T09:06:57.286][ReplicaC] Accept WriteLog
[2019-04-11T09:06:57.286][ReplicaC] -- Update with key = x, value = 1
[2019-04-11T09:06:57.286][ReplicaC] -- Update with key = x, value = 1
[2019-04-11T09:06:57.286][ReplicaC] -- Update with key = x, value = 1

[2019-04-11T09:07:09.643][ReplicaC] Accept WriteLog
[2019-04-11T09:07:09.643][ReplicaC] -- Update with key = z, value = 1

[2019-04-11T09:07:23.425][ReplicaC] Accept WriteLog
[2019-04-11T09:07:23.427][ReplicaC] -- Update with key = y, value = 1
[2019-04-11T09:07:23.427][ReplicaC] -- Update with key = y, value = 1
[2019-04-11T09:07:23.427][ReplicaC] -- Update with key = y, value = 1
[2019-04-11T09:07:23.427][ReplicaC] -- Update with key = y, value = 1
[2019-04-11T09:07:23.427][ReplicaC] -- Update with key = y, value = 1

[2019-04-11T09:07:38.690][ReplicaC] Accept WriteLog
[2019-04-11T09:07:38.691][ReplicaC] -- Update with key = x, value = 1

[2019-04-11T09:07:50.459][ReplicaC] Accept WriteLog
[2019-04-11T09:07:50.459][ReplicaC] -- Update with key = x, value = 1

[2019-04-11T09:07:52.219][ReplicaC] Accept WriteLog

[2019-04-11T09:07:54.690][ReplicaC] Accept WriteLog

[2019-04-11T09:07:54.950][ReplicaC] Accept WriteLog
[2019-04-11T09:07:54.950][ReplicaC] -- Update with key = z, value = 1
[2019-04-11T09:07:54.950][ReplicaC] -- Update with key = z, value = 1
[2019-04-11T09:07:54.951][ReplicaC] -- Update with key = z, value = 1

[2019-04-11T09:07:57.163][ReplicaC] Accept WriteLog

[2019-04-11T09:08:04.562][ReplicaC] Accept WriteLog
[2019-04-11T09:08:04.562][ReplicaC] -- Update with key = x, value = 1

[2019-04-11T09:08:17.611][ReplicaC] Accept WriteLog
[2019-04-11T09:08:17.611][ReplicaC] -- Update with key = z, value = 1

[2019-04-11T09:08:39.070][ReplicaC] Accept WriteLog
[2019-04-11T09:08:39.070][ReplicaC] -- Update with key = y, value = 1
[2019-04-11T09:08:39.070][ReplicaC] -- Update with key = y, value = 1

[2019-04-11T09:08:47.332][ReplicaC] Accept WriteLog
[2019-04-11T09:08:47.333][ReplicaC] -- Update with key = x, value = 1

[2019-04-11T09:08:55.329][ReplicaC] Accept WriteLog
[2019-04-11T09:08:55.329][ReplicaC] -- Update with key = y, value = 1

[2019-04-11T09:09:01.937][ReplicaC] Accept WriteLog
[2019-04-11T09:09:01.937][ReplicaC] -- Update with key = y, value = 1

[2019-04-11T09:09:09.060][ReplicaC] Accept WriteLog
[2019-04-11T09:09:09.060][ReplicaC] -- Update with key = x, value = 1

[2019-04-11T09:09:22.316][ReplicaC] Read key = x
[2019-04-11T09:09:24.485][ReplicaC] Read key = y
[2019-04-11T09:09:26.640][ReplicaC] Read key = z
[2019-04-11T09:09:49.663][ReplicaC] Write key = x, value = 1
[2019-04-11T09:09:50.361][ReplicaC] Anti entropy session check
[2019-04-11T09:09:50.361][ReplicaC] => Updating errors
[2019-04-11T09:09:50.599][ReplicaC] => Check errors out of bound
[2019-04-11T09:09:50.599][ReplicaC] 	 => Numerical Error 1
[2019-04-11T09:09:50.599][ReplicaC] 	 => Order Error 3
[2019-04-11T09:09:50.599][ReplicaC] 	 => Staleness Error 504882 	 1554973790599
Start anti-entropy session with ReplicaA
Finished anti-entropy session with ReplicaA
Start anti-entropy session with ReplicaB
Finished anti-entropy session with ReplicaB
Start anti-entropy session with ReplicaD
Finished anti-entropy session with ReplicaD
Start anti-entropy session with ReplicaE
Finished anti-entropy session with ReplicaE
Start anti-entropy session with ReplicaF
Finished anti-entropy session with ReplicaF

[2019-04-11T09:10:00.610][ReplicaC] Accept WriteLog

[2019-04-11T09:10:03.203][ReplicaC] Accept WriteLog
[2019-04-11T09:10:03.204][ReplicaC] -- Update with key = z, value = 1
[2019-04-11T09:10:03.204][ReplicaC] -- Update with key = z, value = 1
[2019-04-11T09:10:03.204][ReplicaC] -- Update with key = z, value = 1
[2019-04-11T09:10:03.204][ReplicaC] -- Update with key = z, value = 1
[2019-04-11T09:10:03.204][ReplicaC] -- Update with key = z, value = 1
[2019-04-11T09:10:03.204][ReplicaC] -- Update with key = z, value = 1

[2019-04-11T09:10:05.673][ReplicaC] Accept WriteLog
[2019-04-11T09:10:05.673][ReplicaC] -- Update with key = y, value = 1
[2019-04-11T09:10:05.673][ReplicaC] -- Update with key = y, value = 1
[2019-04-11T09:10:05.673][ReplicaC] -- Update with key = y, value = 1

[2019-04-11T09:10:06.371][ReplicaC] Accept WriteLog
[2019-04-11T09:10:06.371][ReplicaC] -- Update with key = y, value = 1
[2019-04-11T09:10:06.371][ReplicaC] -- Update with key = y, value = 1

[2019-04-11T09:10:31.152][ReplicaC] Accept WriteLog
[2019-04-11T09:10:31.153][ReplicaC] -- Update with key = x, value = 1

[2019-04-11T09:10:35.840][ReplicaC] Accept WriteLog
[2019-04-11T09:10:35.840][ReplicaC] -- Update with key = x, value = 1
[2019-04-11T09:10:35.840][ReplicaC] -- Update with key = x, value = 1

[2019-04-11T09:10:44.484][ReplicaC] Accept WriteLog
[2019-04-11T09:10:44.484][ReplicaC] -- Update with key = x, value = 1

[2019-04-11T09:10:51.133][ReplicaC] Accept WriteLog
[2019-04-11T09:10:51.134][ReplicaC] -- Update with key = x, value = 1

[2019-04-11T09:10:58.933][ReplicaC] Accept WriteLog
[2019-04-11T09:10:58.934][ReplicaC] -- Update with key = x, value = 1

[2019-04-11T09:11:06.093][ReplicaC] Write key = z, value = 1
[2019-04-11T09:11:06.786][ReplicaC] Anti entropy session check
[2019-04-11T09:11:06.786][ReplicaC] => Updating errors
[2019-04-11T09:11:07.021][ReplicaC] => Check errors out of bound
[2019-04-11T09:11:07.021][ReplicaC] 	 => Numerical Error 2
[2019-04-11T09:11:07.021][ReplicaC] 	 => Order Error 6
[2019-04-11T09:11:07.021][ReplicaC] 	 => Staleness Error 577525 	 1554973867021

Start anti-entropy session with ReplicaA
Finished anti-entropy session with ReplicaA
Start anti-entropy session with ReplicaB
Finished anti-entropy session with ReplicaB
Start anti-entropy session with ReplicaD
Finished anti-entropy session with ReplicaD
Start anti-entropy session with ReplicaE
Finished anti-entropy session with ReplicaE
Start anti-entropy session with ReplicaF
Finished anti-entropy session with ReplicaF
Start anti-entropy session with ReplicaA
Finished anti-entropy session with ReplicaA
Start anti-entropy session with ReplicaB
Finished anti-entropy session with ReplicaB
Start anti-entropy session with ReplicaD
Finished anti-entropy session with ReplicaD
Start anti-entropy session with ReplicaE
Finished anti-entropy session with ReplicaE
Start anti-entropy session with ReplicaF
Finished anti-entropy session with ReplicaF
Start anti-entropy session with ReplicaA
Finished anti-entropy session with ReplicaA
Start anti-entropy session with ReplicaB
Finished anti-entropy session with ReplicaB
Start anti-entropy session with ReplicaD
Finished anti-entropy session with ReplicaD
Start anti-entropy session with ReplicaE
Finished anti-entropy session with ReplicaE
Start anti-entropy session with ReplicaF
Finished anti-entropy session with ReplicaF
[2019-04-11T09:11:26.158][ReplicaC] Accept WriteLog
[2019-04-11T09:11:26.158][ReplicaC] -- Update with key = x, value = 1

[2019-04-11T09:11:37.816][ReplicaC] Accept WriteLog
[2019-04-11T09:11:37.817][ReplicaC] -- Update with key = y, value = 1

[2019-04-11T09:11:52.413][ReplicaC] Accept WriteLog
[2019-04-11T09:11:52.413][ReplicaC] -- Update with key = y, value = 1

[2019-04-11T09:12:05.971][ReplicaC] Accept WriteLog
[2019-04-11T09:12:05.971][ReplicaC] -- Update with key = x, value = 1

[2019-04-11T09:12:13.327][ReplicaC] Write key = x, value = 1
[2019-04-11T09:12:14.028][ReplicaC] Anti entropy session check
[2019-04-11T09:12:14.028][ReplicaC] => Updating errors
[2019-04-11T09:12:14.266][ReplicaC] => Check errors out of bound
[2019-04-11T09:12:14.266][ReplicaC] 	 => Numerical Error 3
[2019-04-11T09:12:14.266][ReplicaC] 	 => Order Error 1
[2019-04-11T09:12:14.266][ReplicaC] 	 => Staleness Error 648548 	 1554973934266
Start anti-entropy session with ReplicaA
Finished anti-entropy session with ReplicaA
Start anti-entropy session with ReplicaB
Finished anti-entropy session with ReplicaB
Start anti-entropy session with ReplicaD
Finished anti-entropy session with ReplicaD
Start anti-entropy session with ReplicaE
Finished anti-entropy session with ReplicaE
Start anti-entropy session with ReplicaF
Finished anti-entropy session with ReplicaF

[2019-04-11T09:12:25.604][ReplicaC] Accept WriteLog
[2019-04-11T09:12:25.604][ReplicaC] -- Update with key = x, value = 1
[2019-04-11T09:12:25.605][ReplicaC] -- Update with key = x, value = 1

[2019-04-11T09:12:28.577][ReplicaC] Accept WriteLog
[2019-04-11T09:12:28.578][ReplicaC] -- Update with key = z, value = 1
[2019-04-11T09:12:28.578][ReplicaC] -- Update with key = z, value = 1
[2019-04-11T09:12:28.578][ReplicaC] -- Update with key = z, value = 1

[2019-04-11T09:12:31.040][ReplicaC] Accept WriteLog

[2019-04-11T09:12:37.175][ReplicaC] Accept WriteLog
[2019-04-11T09:12:37.175][ReplicaC] -- Update with key = x, value = 1
[2019-04-11T09:12:37.175][ReplicaC] -- Update with key = x, value = 1
[2019-04-11T09:12:37.175][ReplicaC] -- Update with key = x, value = 1

[2019-04-11T09:12:53.362][ReplicaC] Write key = x, value = 1
[2019-04-11T09:12:54.054][ReplicaC] Anti entropy session check
[2019-04-11T09:12:54.054][ReplicaC] => Updating errors
[2019-04-11T09:12:54.289][ReplicaC] => Check errors out of bound
[2019-04-11T09:12:54.289][ReplicaC] 	 => Numerical Error 0
[2019-04-11T09:12:54.290][ReplicaC] 	 => Order Error 1
[2019-04-11T09:12:54.290][ReplicaC] 	 => Staleness Error 688574 	 1554973974290

[2019-04-11T09:12:59.688][ReplicaC] Accept WriteLog
[2019-04-11T09:12:59.689][ReplicaC] -- Update with key = y, value = 1
[2019-04-11T09:12:59.689][ReplicaC] -- Update with key = y, value = 1
[2019-04-11T09:12:59.689][ReplicaC] -- Update with key = y, value = 1
[2019-04-11T09:12:59.689][ReplicaC] -- Update with key = y, value = 1
[2019-04-11T09:12:59.689][ReplicaC] -- Update with key = y, value = 1

[2019-04-11T09:13:24.183][ReplicaC] Write key = x, value = 1
[2019-04-11T09:13:24.874][ReplicaC] Anti entropy session check
[2019-04-11T09:13:24.874][ReplicaC] => Updating errors
[2019-04-11T09:13:25.108][ReplicaC] => Check errors out of bound
[2019-04-11T09:13:25.109][ReplicaC] 	 => Numerical Error 3
[2019-04-11T09:13:25.109][ReplicaC] 	 => Order Error 2
[2019-04-11T09:13:25.111][ReplicaC] 	 => Staleness Error 719394 	 1554974005111
Start anti-entropy session with ReplicaA
Finished anti-entropy session with ReplicaA
Start anti-entropy session with ReplicaB
Finished anti-entropy session with ReplicaB
Start anti-entropy session with ReplicaD
Finished anti-entropy session with ReplicaD
Start anti-entropy session with ReplicaE
Finished anti-entropy session with ReplicaE
Start anti-entropy session with ReplicaF
Finished anti-entropy session with ReplicaF

[2019-04-11T09:13:35.389][ReplicaC] Accept WriteLog

[2019-04-11T09:13:38.335][ReplicaC] Accept WriteLog
[2019-04-11T09:13:38.335][ReplicaC] -- Update with key = z, value = 1
[2019-04-11T09:13:38.335][ReplicaC] -- Update with key = z, value = 1

[2019-04-11T09:13:40.289][ReplicaC] Accept WriteLog
[2019-04-11T09:13:40.289][ReplicaC] -- Update with key = x, value = 1

[2019-04-11T09:13:40.718][ReplicaC] Accept WriteLog
[2019-04-11T09:13:40.719][ReplicaC] -- Update with key = y, value = 1

[2019-04-11T09:13:53.832][ReplicaC] Write key = y, value = 1
[2019-04-11T09:13:54.298][ReplicaC] Anti entropy session check
[2019-04-11T09:13:54.298][ReplicaC] => Updating errors
[2019-04-11T09:13:54.530][ReplicaC] => Check errors out of bound
[2019-04-11T09:13:54.530][ReplicaC] 	 => Numerical Error 5
[2019-04-11T09:13:54.530][ReplicaC] 	 => Order Error 1
[2019-04-11T09:13:54.530][ReplicaC] 	 => Staleness Error 724553 	 1554974034530
Start anti-entropy session with ReplicaA
Finished anti-entropy session with ReplicaA
Start anti-entropy session with ReplicaB
Finished anti-entropy session with ReplicaB
Start anti-entropy session with ReplicaD
Finished anti-entropy session with ReplicaD
Start anti-entropy session with ReplicaE
Finished anti-entropy session with ReplicaE
Start anti-entropy session with ReplicaF
Finished anti-entropy session with ReplicaF

[2019-04-11T09:14:18.843][ReplicaC] Accept WriteLog
[2019-04-11T09:14:18.843][ReplicaC] -- Update with key = x, value = 1

[2019-04-11T09:14:26.716][ReplicaC] Accept WriteLog
[2019-04-11T09:14:26.716][ReplicaC] -- Update with key = z, value = 1

[2019-04-11T09:14:34.159][ReplicaC] Accept WriteLog
[2019-04-11T09:14:34.159][ReplicaC] -- Update with key = x, value = 1

[2019-04-11T09:14:40.508][ReplicaC] Accept WriteLog
[2019-04-11T09:14:40.508][ReplicaC] -- Update with key = y, value = 1

[2019-04-11T09:14:43.487][ReplicaC] Accept WriteLog

[2019-04-11T09:14:45.954][ReplicaC] Accept WriteLog

[2019-04-11T09:14:48.414][ReplicaC] Accept WriteLog

[2019-04-11T09:14:55.391][ReplicaC] Accept WriteLog
[2019-04-11T09:14:55.391][ReplicaC] -- Update with key = x, value = 1

[2019-04-11T09:15:03.316][ReplicaC] Accept WriteLog
[2019-04-11T09:15:03.316][ReplicaC] -- Update with key = z, value = 1

[2019-04-11T09:15:10.319][ReplicaC] Accept WriteLog
[2019-04-11T09:15:10.319][ReplicaC] -- Update with key = z, value = 1

[2019-04-11T09:15:14.542][ReplicaC] Accept WriteLog
[2019-04-11T09:15:14.542][ReplicaC] -- Update with key = y, value = 1

[2019-04-11T09:15:26.301][ReplicaC] Accept WriteLog
[2019-04-11T09:15:26.301][ReplicaC] -- Update with key = y, value = 1

[2019-04-11T09:15:33.934][ReplicaC] Accept WriteLog
[2019-04-11T09:15:33.934][ReplicaC] -- Update with key = y, value = 1
[2019-04-11T09:15:33.934][ReplicaC] -- Update with key = y, value = 1

[2019-04-11T09:15:42.997][ReplicaC] Accept WriteLog
[2019-04-11T09:15:42.997][ReplicaC] -- Update with key = x, value = 1

[2019-04-11T09:15:50.802][ReplicaC] Accept WriteLog
[2019-04-11T09:15:50.803][ReplicaC] -- Update with key = x, value = 1

[2019-04-11T09:15:55.138][ReplicaC] Accept WriteLog
[2019-04-11T09:15:55.139][ReplicaC] -- Update with key = x, value = 1
[2019-04-11T09:15:55.139][ReplicaC] -- Update with key = x, value = 1
[2019-04-11T09:15:55.139][ReplicaC] -- Update with key = x, value = 1

[2019-04-11T09:16:03.571][ReplicaC] Write key = z, value = 1
[2019-04-11T09:16:04.261][ReplicaC] Anti entropy session check
[2019-04-11T09:16:04.261][ReplicaC] => Updating errors
[2019-04-11T09:16:04.493][ReplicaC] => Check errors out of bound
[2019-04-11T09:16:04.493][ReplicaC] 	 => Numerical Error 10
[2019-04-11T09:16:04.493][ReplicaC] 	 => Order Error 1
[2019-04-11T09:16:04.493][ReplicaC] 	 => Staleness Error 875000 	 1554974164493
Start anti-entropy session with ReplicaA
Finished anti-entropy session with ReplicaA
Start anti-entropy session with ReplicaB
Finished anti-entropy session with ReplicaB
Start anti-entropy session with ReplicaD
Finished anti-entropy session with ReplicaD
Start anti-entropy session with ReplicaE
Finished anti-entropy session with ReplicaE
Start anti-entropy session with ReplicaF
Finished anti-entropy session with ReplicaF

[2019-04-11T09:16:18.728][ReplicaC] Write key = z, value = 1
[2019-04-11T09:16:19.188][ReplicaC] Anti entropy session check
[2019-04-11T09:16:19.188][ReplicaC] => Updating errors
[2019-04-11T09:16:19.424][ReplicaC] => Check errors out of bound
[2019-04-11T09:16:19.424][ReplicaC] 	 => Numerical Error 11
[2019-04-11T09:16:19.424][ReplicaC] 	 => Order Error 1
[2019-04-11T09:16:19.424][ReplicaC] 	 => Staleness Error 889927 	 1554974179424
Start anti-entropy session with ReplicaA
Finished anti-entropy session with ReplicaA
Start anti-entropy session with ReplicaB
Finished anti-entropy session with ReplicaB
Start anti-entropy session with ReplicaD
Finished anti-entropy session with ReplicaD
Start anti-entropy session with ReplicaE
Finished anti-entropy session with ReplicaE
Start anti-entropy session with ReplicaF
Finished anti-entropy session with ReplicaF

[2019-04-11T09:16:34.940][ReplicaC] Write key = x, value = 1
[2019-04-11T09:16:35.630][ReplicaC] Anti entropy session check
[2019-04-11T09:16:35.630][ReplicaC] => Updating errors
[2019-04-11T09:16:35.865][ReplicaC] => Check errors out of bound
[2019-04-11T09:16:35.868][ReplicaC] 	 => Numerical Error 2
[2019-04-11T09:16:35.869][ReplicaC] 	 => Order Error 1
[2019-04-11T09:16:35.869][ReplicaC] 	 => Staleness Error 910151 	 1554974195869

[2019-04-11T09:16:43.401][ReplicaC] Accept WriteLog
[2019-04-11T09:16:43.401][ReplicaC] -- Update with key = y, value = 1

[2019-04-11T09:16:50.787][ReplicaC] Write key = y, value = 1
Start anti-entropy session with ReplicaA
[2019-04-11T09:16:51.248][ReplicaC] Anti entropy session check
[2019-04-11T09:16:51.248][ReplicaC] => Updating errors
[2019-04-11T09:16:51.479][ReplicaC] => Check errors out of bound
[2019-04-11T09:16:51.480][ReplicaC] 	 => Numerical Error 5
[2019-04-11T09:16:51.480][ReplicaC] 	 => Order Error 1
[2019-04-11T09:16:51.480][ReplicaC] 	 => Staleness Error 901503 	 1554974211480
Start anti-entropy session with ReplicaA
Finished anti-entropy session with ReplicaA
Start anti-entropy session with ReplicaB
Finished anti-entropy session with ReplicaA
Start anti-entropy session with ReplicaB
Finished anti-entropy session with ReplicaB
Start anti-entropy session with ReplicaD
Finished anti-entropy session with ReplicaD
Start anti-entropy session with ReplicaE
Finished anti-entropy session with ReplicaB
Start anti-entropy session with ReplicaD
Finished anti-entropy session with ReplicaD
Start anti-entropy session with ReplicaE
Finished anti-entropy session with ReplicaE
Start anti-entropy session with ReplicaF
Finished anti-entropy session with ReplicaE
Start anti-entropy session with ReplicaF
Finished anti-entropy session with ReplicaF
Start anti-entropy session with ReplicaA
Finished anti-entropy session with ReplicaF

Finished anti-entropy session with ReplicaA
Start anti-entropy session with ReplicaB
Finished anti-entropy session with ReplicaB
Start anti-entropy session with ReplicaD
Finished anti-entropy session with ReplicaD
Start anti-entropy session with ReplicaE
Finished anti-entropy session with ReplicaE
Start anti-entropy session with ReplicaF
Finished anti-entropy session with ReplicaF
Start anti-entropy session with ReplicaA
Finished anti-entropy session with ReplicaA
Start anti-entropy session with ReplicaB
Finished anti-entropy session with ReplicaB
Start anti-entropy session with ReplicaD
[2019-04-11T09:17:02.045][ReplicaC] Accept WriteLog
[2019-04-11T09:17:02.045][ReplicaC] -- Update with key = z, value = 1

Finished anti-entropy session with ReplicaD
Start anti-entropy session with ReplicaE
Finished anti-entropy session with ReplicaE
Start anti-entropy session with ReplicaF
Finished anti-entropy session with ReplicaF
[2019-04-11T09:17:18.159][ReplicaC] Write key = y, value = 1
[2019-04-11T09:17:18.620][ReplicaC] Anti entropy session check
[2019-04-11T09:17:18.620][ReplicaC] => Updating errors
[2019-04-11T09:17:18.861][ReplicaC] => Check errors out of bound
[2019-04-11T09:17:18.863][ReplicaC] 	 => Numerical Error 6
[2019-04-11T09:17:18.863][ReplicaC] 	 => Order Error 1
[2019-04-11T09:17:18.863][ReplicaC] 	 => Staleness Error 928875 	 1554974238863
Start anti-entropy session with ReplicaA
Finished anti-entropy session with ReplicaA
Start anti-entropy session with ReplicaB
Finished anti-entropy session with ReplicaB
Start anti-entropy session with ReplicaD
Finished anti-entropy session with ReplicaD
Start anti-entropy session with ReplicaE
Finished anti-entropy session with ReplicaE
Start anti-entropy session with ReplicaF
Finished anti-entropy session with ReplicaF

[2019-04-11T09:17:28.925][ReplicaC] Accept WriteLog
[2019-04-11T09:17:28.926][ReplicaC] -- Update with key = z, value = 1

[2019-04-11T09:17:41.063][ReplicaC] Read key = x
[2019-04-11T09:17:43.232][ReplicaC] Read key = y
[2019-04-11T09:17:45.413][ReplicaC] Read key = z
Start anti-entropy session with ReplicaA
Finished anti-entropy session with ReplicaA
Start anti-entropy session with ReplicaB
Finished anti-entropy session with ReplicaB
Start anti-entropy session with ReplicaD
Finished anti-entropy session with ReplicaD
Start anti-entropy session with ReplicaE
Finished anti-entropy session with ReplicaE
Start anti-entropy session with ReplicaF
Finished anti-entropy session with ReplicaF
Start anti-entropy session with ReplicaA
[2019-04-11T09:18:10.353][ReplicaC] Write key = z, value = 1
[2019-04-11T09:18:11.042][ReplicaC] Anti entropy session check
[2019-04-11T09:18:11.042][ReplicaC] => Updating errors
Finished anti-entropy session with ReplicaA
Start anti-entropy session with ReplicaB
[2019-04-11T09:18:11.276][ReplicaC] => Check errors out of bound
[2019-04-11T09:18:11.277][ReplicaC] 	 => Numerical Error 13
[2019-04-11T09:18:11.277][ReplicaC] 	 => Order Error 1
[2019-04-11T09:18:11.277][ReplicaC] 	 => Staleness Error 1001781 	 1554974291277
Start anti-entropy session with ReplicaA
Finished anti-entropy session with ReplicaB
Start anti-entropy session with ReplicaD
Finished anti-entropy session with ReplicaD
Start anti-entropy session with ReplicaE
Finished anti-entropy session with ReplicaA
Start anti-entropy session with ReplicaB
Finished anti-entropy session with ReplicaE
Start anti-entropy session with ReplicaF
Finished anti-entropy session with ReplicaF
Finished anti-entropy session with ReplicaB
Start anti-entropy session with ReplicaD
Start anti-entropy session with ReplicaA
Finished anti-entropy session with ReplicaD
Start anti-entropy session with ReplicaE
Finished anti-entropy session with ReplicaA
Start anti-entropy session with ReplicaB
Finished anti-entropy session with ReplicaE
Start anti-entropy session with ReplicaF
Finished anti-entropy session with ReplicaF

Finished anti-entropy session with ReplicaB
Start anti-entropy session with ReplicaD
Finished anti-entropy session with ReplicaD
Start anti-entropy session with ReplicaE
Finished anti-entropy session with ReplicaE
Start anti-entropy session with ReplicaF
Finished anti-entropy session with ReplicaF
[2019-04-11T09:18:22.290][ReplicaC] Write key = x, value = 1
[2019-04-11T09:18:22.749][ReplicaC] Anti entropy session check
[2019-04-11T09:18:22.750][ReplicaC] => Updating errors
[2019-04-11T09:18:22.984][ReplicaC] => Check errors out of bound
[2019-04-11T09:18:22.984][ReplicaC] 	 => Numerical Error 3
[2019-04-11T09:18:22.984][ReplicaC] 	 => Order Error 1
[2019-04-11T09:18:22.984][ReplicaC] 	 => Staleness Error 1017270 	 1554974302984
Start anti-entropy session with ReplicaA
Finished anti-entropy session with ReplicaA
Start anti-entropy session with ReplicaB
Finished anti-entropy session with ReplicaB
Start anti-entropy session with ReplicaD
Finished anti-entropy session with ReplicaD
Start anti-entropy session with ReplicaE
Finished anti-entropy session with ReplicaE
Start anti-entropy session with ReplicaF
Finished anti-entropy session with ReplicaF

[2019-04-11T09:18:31.666][ReplicaC] Accept WriteLog
[2019-04-11T09:18:31.666][ReplicaC] -- Update with key = x, value = 1
[2019-04-11T09:18:31.666][ReplicaC] -- Update with key = x, value = 1
[2019-04-11T09:18:31.666][ReplicaC] -- Update with key = x, value = 1

[2019-04-11T09:18:49.236][ReplicaC] Accept WriteLog
[2019-04-11T09:18:49.236][ReplicaC] -- Update with key = z, value = 1
[2019-04-11T09:18:49.236][ReplicaC] -- Update with key = z, value = 1

[2019-04-11T09:19:04.081][ReplicaC] Write key = z, value = 1
[2019-04-11T09:19:04.771][ReplicaC] Anti entropy session check
[2019-04-11T09:19:04.771][ReplicaC] => Updating errors
[2019-04-11T09:19:05.004][ReplicaC] => Check errors out of bound
[2019-04-11T09:19:05.005][ReplicaC] 	 => Numerical Error 13
[2019-04-11T09:19:05.005][ReplicaC] 	 => Order Error 1
[2019-04-11T09:19:05.005][ReplicaC] 	 => Staleness Error 1055510 	 1554974345005
Start anti-entropy session with ReplicaA
Finished anti-entropy session with ReplicaA
Start anti-entropy session with ReplicaB
Finished anti-entropy session with ReplicaB
Start anti-entropy session with ReplicaD
Finished anti-entropy session with ReplicaD
Start anti-entropy session with ReplicaE
Finished anti-entropy session with ReplicaE
Start anti-entropy session with ReplicaF
Finished anti-entropy session with ReplicaF

[2019-04-11T09:19:16.187][ReplicaC] Accept WriteLog
[2019-04-11T09:19:16.187][ReplicaC] -- Update with key = y, value = 1

[2019-04-11T09:19:18.673][ReplicaC] Accept WriteLog
[2019-04-11T09:19:18.674][ReplicaC] -- Update with key = z, value = 1
[2019-04-11T09:19:18.674][ReplicaC] -- Update with key = z, value = 1
[2019-04-11T09:19:18.674][ReplicaC] -- Update with key = z, value = 1
[2019-04-11T09:19:18.674][ReplicaC] -- Update with key = z, value = 1
[2019-04-11T09:19:18.674][ReplicaC] -- Update with key = z, value = 1

[2019-04-11T09:19:21.149][ReplicaC] Accept WriteLog
[2019-04-11T09:19:21.149][ReplicaC] -- Update with key = x, value = 1

[2019-04-11T09:19:23.181][ReplicaC] Accept WriteLog

[2019-04-11T09:19:31.029][ReplicaC] Write key = x, value = 1
[2019-04-11T09:19:31.492][ReplicaC] Anti entropy session check
[2019-04-11T09:19:31.492][ReplicaC] => Updating errors
[2019-04-11T09:19:31.725][ReplicaC] => Check errors out of bound
[2019-04-11T09:19:31.725][ReplicaC] 	 => Numerical Error 2
[2019-04-11T09:19:31.725][ReplicaC] 	 => Order Error 1
[2019-04-11T09:19:31.725][ReplicaC] 	 => Staleness Error 1086012 	 1554974371725

[2019-04-11T09:19:42.283][ReplicaC] Accept WriteLog
[2019-04-11T09:19:42.283][ReplicaC] -- Update with key = x, value = 1

[2019-04-11T09:19:46.316][ReplicaC] Accept WriteLog
[2019-04-11T09:19:46.318][ReplicaC] -- Update with key = x, value = 1

[2019-04-11T09:20:01.777][ReplicaC] Accept WriteLog
[2019-04-11T09:20:01.777][ReplicaC] -- Update with key = x, value = 1

[2019-04-11T09:20:10.937][ReplicaC] Accept WriteLog
[2019-04-11T09:20:10.938][ReplicaC] -- Update with key = y, value = 1

[2019-04-11T09:20:18.528][ReplicaC] Accept WriteLog
[2019-04-11T09:20:18.528][ReplicaC] -- Update with key = x, value = 1
[2019-04-11T09:20:18.529][ReplicaC] -- Update with key = x, value = 1
[2019-04-11T09:20:18.529][ReplicaC] -- Update with key = x, value = 1

[2019-04-11T09:20:25.768][ReplicaC] Accept WriteLog
[2019-04-11T09:20:25.769][ReplicaC] -- Update with key = y, value = 1

[2019-04-11T09:20:29.719][ReplicaC] Accept WriteLog
[2019-04-11T09:20:29.720][ReplicaC] -- Update with key = y, value = 1

[2019-04-11T09:20:38.170][ReplicaC] Write key = z, value = 1
[2019-04-11T09:20:38.863][ReplicaC] Anti entropy session check
[2019-04-11T09:20:38.863][ReplicaC] => Updating errors
[2019-04-11T09:20:39.100][ReplicaC] => Check errors out of bound
[2019-04-11T09:20:39.100][ReplicaC] 	 => Numerical Error 10
[2019-04-11T09:20:39.100][ReplicaC] 	 => Order Error 1
[2019-04-11T09:20:39.100][ReplicaC] 	 => Staleness Error 1149602 	 1554974439100
Start anti-entropy session with ReplicaA
Finished anti-entropy session with ReplicaA
Start anti-entropy session with ReplicaB
Finished anti-entropy session with ReplicaB
Start anti-entropy session with ReplicaD
Finished anti-entropy session with ReplicaD
Start anti-entropy session with ReplicaE
Finished anti-entropy session with ReplicaE
Start anti-entropy session with ReplicaF
Finished anti-entropy session with ReplicaF

[2019-04-11T09:20:49.794][ReplicaC] Accept WriteLog
[2019-04-11T09:20:49.794][ReplicaC] -- Update with key = y, value = 1

[2019-04-11T09:20:58.017][ReplicaC] Write key = y, value = 1
[2019-04-11T09:20:58.479][ReplicaC] Anti entropy session check
[2019-04-11T09:20:58.479][ReplicaC] => Updating errors
[2019-04-11T09:20:58.716][ReplicaC] => Check errors out of bound
[2019-04-11T09:20:58.716][ReplicaC] 	 => Numerical Error 6
[2019-04-11T09:20:58.716][ReplicaC] 	 => Order Error 1
[2019-04-11T09:20:58.716][ReplicaC] 	 => Staleness Error 1148734 	 1554974458716
Start anti-entropy session with ReplicaA
Finished anti-entropy session with ReplicaA
Start anti-entropy session with ReplicaB
Finished anti-entropy session with ReplicaB
Start anti-entropy session with ReplicaD
Finished anti-entropy session with ReplicaD
Start anti-entropy session with ReplicaE
Finished anti-entropy session with ReplicaE
Start anti-entropy session with ReplicaF
Finished anti-entropy session with ReplicaF

[2019-04-11T09:21:10.189][ReplicaC] Accept WriteLog
[2019-04-11T09:21:10.189][ReplicaC] -- Update with key = y, value = 1

[2019-04-11T09:21:15.364][ReplicaC] Accept WriteLog
[2019-04-11T09:21:15.366][ReplicaC] -- Update with key = y, value = 1

[2019-04-11T09:21:27.021][ReplicaC] Accept WriteLog
[2019-04-11T09:21:27.021][ReplicaC] -- Update with key = x, value = 1

[2019-04-11T09:21:29.289][ReplicaC] Accept WriteLog
[2019-04-11T09:21:29.289][ReplicaC] -- Update with key = y, value = 1
[2019-04-11T09:21:29.289][ReplicaC] -- Update with key = y, value = 1
[2019-04-11T09:21:29.289][ReplicaC] -- Update with key = y, value = 1
[2019-04-11T09:21:29.289][ReplicaC] -- Update with key = y, value = 1
[2019-04-11T09:21:29.289][ReplicaC] -- Update with key = y, value = 1

[2019-04-11T09:21:29.485][ReplicaC] Accept WriteLog
[2019-04-11T09:21:29.485][ReplicaC] -- Update with key = z, value = 1
[2019-04-11T09:21:29.485][ReplicaC] -- Update with key = z, value = 1
[2019-04-11T09:21:29.486][ReplicaC] -- Update with key = z, value = 1

[2019-04-11T09:21:31.943][ReplicaC] Accept WriteLog

[2019-04-11T09:21:38.353][ReplicaC] Write key = x, value = 1
[2019-04-11T09:21:39.045][ReplicaC] Anti entropy session check
[2019-04-11T09:21:39.045][ReplicaC] => Updating errors
[2019-04-11T09:21:39.281][ReplicaC] => Check errors out of bound
[2019-04-11T09:21:39.281][ReplicaC] 	 => Numerical Error 1
[2019-04-11T09:21:39.281][ReplicaC] 	 => Order Error 2
[2019-04-11T09:21:39.281][ReplicaC] 	 => Staleness Error 1213565 	 1554974499281

[2019-04-11T09:21:41.987][ReplicaC] Accept WriteLog
[2019-04-11T09:21:41.987][ReplicaC] -- Update with key = x, value = 1

[2019-04-11T09:22:00.439][ReplicaC] Accept WriteLog
[2019-04-11T09:22:00.439][ReplicaC] -- Update with key = x, value = 1

[2019-04-11T09:22:07.789][ReplicaC] Write key = z, value = 1
[2019-04-11T09:22:08.251][ReplicaC] Anti entropy session check
[2019-04-11T09:22:08.251][ReplicaC] => Updating errors
[2019-04-11T09:22:08.484][ReplicaC] => Check errors out of bound
[2019-04-11T09:22:08.484][ReplicaC] 	 => Numerical Error 7
[2019-04-11T09:22:08.484][ReplicaC] 	 => Order Error 1
[2019-04-11T09:22:08.484][ReplicaC] 	 => Staleness Error 1238990 	 1554974528484

[2019-04-11T09:22:27.085][ReplicaC] Write key = x, value = 1
[2019-04-11T09:22:27.776][ReplicaC] Anti entropy session check
[2019-04-11T09:22:27.776][ReplicaC] => Updating errors
[2019-04-11T09:22:28.010][ReplicaC] => Check errors out of bound
[2019-04-11T09:22:28.010][ReplicaC] 	 => Numerical Error 1
[2019-04-11T09:22:28.010][ReplicaC] 	 => Order Error 3
[2019-04-11T09:22:28.010][ReplicaC] 	 => Staleness Error 1262296 	 1554974548010
Start anti-entropy session with ReplicaA
Finished anti-entropy session with ReplicaA
Start anti-entropy session with ReplicaB
Finished anti-entropy session with ReplicaB
Start anti-entropy session with ReplicaD
Finished anti-entropy session with ReplicaD
Start anti-entropy session with ReplicaE
Finished anti-entropy session with ReplicaE
Start anti-entropy session with ReplicaF
Finished anti-entropy session with ReplicaF

[2019-04-11T09:22:33.695][ReplicaC] Accept WriteLog
[2019-04-11T09:22:33.695][ReplicaC] -- Update with key = z, value = 1
[2019-04-11T09:22:33.697][ReplicaC] -- Update with key = z, value = 1
[2019-04-11T09:22:33.697][ReplicaC] -- Update with key = z, value = 1
[2019-04-11T09:22:33.697][ReplicaC] -- Update with key = z, value = 1
[2019-04-11T09:22:33.698][ReplicaC] -- Update with key = z, value = 1
[2019-04-11T09:22:33.698][ReplicaC] -- Update with key = z, value = 1
[2019-04-11T09:22:33.698][ReplicaC] -- Update with key = z, value = 1

[2019-04-11T09:22:36.171][ReplicaC] Accept WriteLog

[2019-04-11T09:22:36.995][ReplicaC] Accept WriteLog
[2019-04-11T09:22:36.995][ReplicaC] -- Update with key = y, value = 1

[2019-04-11T09:22:38.195][ReplicaC] Accept WriteLog

[2019-04-11T09:22:45.155][ReplicaC] Accept WriteLog
[2019-04-11T09:22:45.155][ReplicaC] -- Update with key = y, value = 1

[2019-04-11T09:23:06.166][ReplicaC] Write key = x, value = 1
[2019-04-11T09:23:06.863][ReplicaC] Anti entropy session check
[2019-04-11T09:23:06.863][ReplicaC] => Updating errors
[2019-04-11T09:23:07.098][ReplicaC] => Check errors out of bound
[2019-04-11T09:23:07.098][ReplicaC] 	 => Numerical Error 3
[2019-04-11T09:23:07.098][ReplicaC] 	 => Order Error 1
[2019-04-11T09:23:07.098][ReplicaC] 	 => Staleness Error 1301384 	 1554974587098
Start anti-entropy session with ReplicaA
Finished anti-entropy session with ReplicaA
Start anti-entropy session with ReplicaB
Finished anti-entropy session with ReplicaB
Start anti-entropy session with ReplicaD
Finished anti-entropy session with ReplicaD
Start anti-entropy session with ReplicaE
Finished anti-entropy session with ReplicaE
Start anti-entropy session with ReplicaF
Finished anti-entropy session with ReplicaF

[2019-04-11T09:23:21.626][ReplicaC] Write key = z, value = 1
[2019-04-11T09:23:22.097][ReplicaC] Anti entropy session check
[2019-04-11T09:23:22.097][ReplicaC] => Updating errors
[2019-04-11T09:23:22.331][ReplicaC] => Check errors out of bound
[2019-04-11T09:23:22.331][ReplicaC] 	 => Numerical Error 3
[2019-04-11T09:23:22.331][ReplicaC] 	 => Order Error 2
[2019-04-11T09:23:22.331][ReplicaC] 	 => Staleness Error 1312836 	 1554974602331

[2019-04-11T09:23:29.041][ReplicaC] Write key = x, value = 1
[2019-04-11T09:23:29.507][ReplicaC] Anti entropy session check
[2019-04-11T09:23:29.507][ReplicaC] => Updating errors
[2019-04-11T09:23:29.744][ReplicaC] => Check errors out of bound
[2019-04-11T09:23:29.744][ReplicaC] 	 => Numerical Error 4
[2019-04-11T09:23:29.744][ReplicaC] 	 => Order Error 1
[2019-04-11T09:23:29.744][ReplicaC] 	 => Staleness Error 1324027 	 1554974609744
Start anti-entropy session with ReplicaA
Finished anti-entropy session with ReplicaA
Start anti-entropy session with ReplicaB
Finished anti-entropy session with ReplicaB
Start anti-entropy session with ReplicaD
Finished anti-entropy session with ReplicaD
Start anti-entropy session with ReplicaE
Finished anti-entropy session with ReplicaE
Start anti-entropy session with ReplicaF
Finished anti-entropy session with ReplicaF

[2019-04-11T09:23:41.270][ReplicaC] Accept WriteLog
[2019-04-11T09:23:41.270][ReplicaC] -- Update with key = x, value = 1
[2019-04-11T09:23:41.270][ReplicaC] -- Update with key = x, value = 1
[2019-04-11T09:23:41.270][ReplicaC] -- Update with key = x, value = 1

[2019-04-11T09:23:51.292][ReplicaC] Accept WriteLog
[2019-04-11T09:23:51.293][ReplicaC] -- Update with key = y, value = 1

[2019-04-11T09:24:03.649][ReplicaC] Accept WriteLog
[2019-04-11T09:24:03.649][ReplicaC] -- Update with key = y, value = 1
[2019-04-11T09:24:03.649][ReplicaC] -- Update with key = y, value = 1
[2019-04-11T09:24:03.653][ReplicaC] -- Update with key = y, value = 1
[2019-04-11T09:24:03.653][ReplicaC] -- Update with key = y, value = 1
[2019-04-11T09:24:03.653][ReplicaC] -- Update with key = y, value = 1

[2019-04-11T09:24:29.392][ReplicaC] Write key = x, value = 1
[2019-04-11T09:24:30.086][ReplicaC] Anti entropy session check
[2019-04-11T09:24:30.087][ReplicaC] => Updating errors
[2019-04-11T09:24:30.323][ReplicaC] => Check errors out of bound
[2019-04-11T09:24:30.324][ReplicaC] 	 => Numerical Error 3
[2019-04-11T09:24:30.324][ReplicaC] 	 => Order Error 1
[2019-04-11T09:24:30.324][ReplicaC] 	 => Staleness Error 1384607 	 1554974670324
Start anti-entropy session with ReplicaA
Finished anti-entropy session with ReplicaA
Start anti-entropy session with ReplicaB
Finished anti-entropy session with ReplicaB
Start anti-entropy session with ReplicaD
Finished anti-entropy session with ReplicaD
Start anti-entropy session with ReplicaE
Finished anti-entropy session with ReplicaE
Start anti-entropy session with ReplicaF
Finished anti-entropy session with ReplicaF

[2019-04-11T09:24:42.150][ReplicaC] Accept WriteLog

[2019-04-11T09:24:44.742][ReplicaC] Accept WriteLog
[2019-04-11T09:24:44.742][ReplicaC] -- Update with key = z, value = 1
[2019-04-11T09:24:44.742][ReplicaC] -- Update with key = z, value = 1

[2019-04-11T09:24:47.205][ReplicaC] Accept WriteLog

[2019-04-11T09:24:55.666][ReplicaC] Accept WriteLog
[2019-04-11T09:24:55.666][ReplicaC] -- Update with key = x, value = 1
[2019-04-11T09:24:55.666][ReplicaC] -- Update with key = x, value = 1
[2019-04-11T09:24:55.667][ReplicaC] -- Update with key = x, value = 1

[2019-04-11T09:25:37.700][ReplicaC] Accept WriteLog
[2019-04-11T09:25:37.700][ReplicaC] -- Update with key = y, value = 1
[2019-04-11T09:25:37.700][ReplicaC] -- Update with key = y, value = 1

[2019-04-11T09:25:45.806][ReplicaC] Accept WriteLog
[2019-04-11T09:25:45.806][ReplicaC] -- Update with key = y, value = 1

[2019-04-11T09:25:49.771][ReplicaC] Accept WriteLog
[2019-04-11T09:25:49.771][ReplicaC] -- Update with key = y, value = 1

[2019-04-11T09:25:54.045][ReplicaC] Accept WriteLog
[2019-04-11T09:25:54.045][ReplicaC] -- Update with key = x, value = 1
[2019-04-11T09:25:54.045][ReplicaC] -- Update with key = x, value = 1
[2019-04-11T09:25:54.045][ReplicaC] -- Update with key = x, value = 1

[2019-04-11T09:26:02.700][ReplicaC] Accept WriteLog
[2019-04-11T09:26:02.700][ReplicaC] -- Update with key = y, value = 1

[2019-04-11T09:26:20.708][ReplicaC] Read key = x
[2019-04-11T09:26:22.857][ReplicaC] Read key = y
[2019-04-11T09:26:25.017][ReplicaC] Read key = z
[2019-04-11T09:26:47.512][ReplicaC] Accept WriteLog
[2019-04-11T09:26:47.512][ReplicaC] -- Update with key = x, value = 1

[2019-04-11T09:26:48.947][ReplicaC] Accept WriteLog
[2019-04-11T09:26:48.947][ReplicaC] -- Update with key = z, value = 1
[2019-04-11T09:26:48.947][ReplicaC] -- Update with key = z, value = 1
[2019-04-11T09:26:48.947][ReplicaC] -- Update with key = z, value = 1

[2019-04-11T09:26:51.678][ReplicaC] Accept WriteLog

[2019-04-11T09:26:54.374][ReplicaC] Accept WriteLog

[2019-04-11T09:26:55.330][ReplicaC] Accept WriteLog
[2019-04-11T09:26:55.330][ReplicaC] -- Update with key = y, value = 1

[2019-04-11T09:27:05.145][ReplicaC] Write key = y, value = 1
[2019-04-11T09:27:05.836][ReplicaC] Anti entropy session check
[2019-04-11T09:27:05.837][ReplicaC] => Updating errors
[2019-04-11T09:27:06.068][ReplicaC] => Check errors out of bound
[2019-04-11T09:27:06.068][ReplicaC] 	 => Numerical Error 5
[2019-04-11T09:27:06.068][ReplicaC] 	 => Order Error 1
[2019-04-11T09:27:06.068][ReplicaC] 	 => Staleness Error 1516092 	 1554974826068
Start anti-entropy session with ReplicaA
Finished anti-entropy session with ReplicaA
Start anti-entropy session with ReplicaB
Finished anti-entropy session with ReplicaB
Start anti-entropy session with ReplicaD
Finished anti-entropy session with ReplicaD
Start anti-entropy session with ReplicaE
Finished anti-entropy session with ReplicaE
Start anti-entropy session with ReplicaF
Finished anti-entropy session with ReplicaF

[2019-04-11T09:27:23.550][ReplicaC] Accept WriteLog
[2019-04-11T09:27:23.550][ReplicaC] -- Update with key = x, value = 1

[2019-04-11T09:27:31.404][ReplicaC] Accept WriteLog
[2019-04-11T09:27:31.404][ReplicaC] -- Update with key = x, value = 1

[2019-04-11T09:27:34.911][ReplicaC] Accept WriteLog
[2019-04-11T09:27:34.911][ReplicaC] -- Update with key = y, value = 1

[2019-04-11T09:27:43.178][ReplicaC] Write key = z, value = 1
[2019-04-11T09:27:43.868][ReplicaC] Anti entropy session check
[2019-04-11T09:27:43.868][ReplicaC] => Updating errors
[2019-04-11T09:27:44.099][ReplicaC] => Check errors out of bound
[2019-04-11T09:27:44.099][ReplicaC] 	 => Numerical Error 7
[2019-04-11T09:27:44.099][ReplicaC] 	 => Order Error 3
[2019-04-11T09:27:44.099][ReplicaC] 	 => Staleness Error 1574607 	 1554974864099

[2019-04-11T09:27:47.377][ReplicaC] Accept WriteLog
[2019-04-11T09:27:47.377][ReplicaC] -- Update with key = y, value = 1

[2019-04-11T09:27:51.243][ReplicaC] Accept WriteLog
[2019-04-11T09:27:51.243][ReplicaC] -- Update with key = y, value = 1

[2019-04-11T09:28:00.544][ReplicaC] Accept WriteLog
[2019-04-11T09:28:00.544][ReplicaC] -- Update with key = x, value = 1

[2019-04-11T09:28:02.051][ReplicaC] Accept WriteLog

[2019-04-11T09:28:05.700][ReplicaC] Accept WriteLog
[2019-04-11T09:28:05.701][ReplicaC] -- Update with key = z, value = 1
[2019-04-11T09:28:05.702][ReplicaC] -- Update with key = z, value = 1
[2019-04-11T09:28:05.702][ReplicaC] -- Update with key = z, value = 1

[2019-04-11T09:28:05.721][ReplicaC] Accept WriteLog
[2019-04-11T09:28:05.721][ReplicaC] -- Update with key = y, value = 1

[2019-04-11T09:28:09.937][ReplicaC] Accept WriteLog
[2019-04-11T09:28:09.937][ReplicaC] -- Update with key = y, value = 1
[2019-04-11T09:28:09.937][ReplicaC] -- Update with key = y, value = 1

[2019-04-11T09:28:18.376][ReplicaC] Write key = y, value = 1
[2019-04-11T09:28:19.067][ReplicaC] Anti entropy session check
[2019-04-11T09:28:19.067][ReplicaC] => Updating errors
[2019-04-11T09:28:19.300][ReplicaC] => Check errors out of bound
[2019-04-11T09:28:19.301][ReplicaC] 	 => Numerical Error 4
[2019-04-11T09:28:19.301][ReplicaC] 	 => Order Error 1
[2019-04-11T09:28:19.301][ReplicaC] 	 => Staleness Error 1589322 	 1554974899301

[2019-04-11T09:28:21.927][ReplicaC] Accept WriteLog
[2019-04-11T09:28:21.929][ReplicaC] -- Update with key = y, value = 1

[2019-04-11T09:28:37.180][ReplicaC] Accept WriteLog
[2019-04-11T09:28:37.181][ReplicaC] -- Update with key = x, value = 1

[2019-04-11T09:28:46.033][ReplicaC] Accept WriteLog
[2019-04-11T09:28:46.033][ReplicaC] -- Update with key = y, value = 1
[2019-04-11T09:28:46.033][ReplicaC] -- Update with key = y, value = 1
[2019-04-11T09:28:46.033][ReplicaC] -- Update with key = y, value = 1
[2019-04-11T09:28:46.033][ReplicaC] -- Update with key = y, value = 1
[2019-04-11T09:28:46.033][ReplicaC] -- Update with key = y, value = 1

[2019-04-11T09:28:59.682][ReplicaC] Accept WriteLog
[2019-04-11T09:28:59.682][ReplicaC] -- Update with key = x, value = 1

[2019-04-11T09:29:13.356][ReplicaC] Accept WriteLog
[2019-04-11T09:29:13.356][ReplicaC] -- Update with key = x, value = 1
[2019-04-11T09:29:13.356][ReplicaC] -- Update with key = x, value = 1

[2019-04-11T09:29:15.817][ReplicaC] Accept WriteLog
[2019-04-11T09:29:15.817][ReplicaC] -- Update with key = z, value = 1
[2019-04-11T09:29:15.817][ReplicaC] -- Update with key = z, value = 1
[2019-04-11T09:29:15.817][ReplicaC] -- Update with key = z, value = 1
[2019-04-11T09:29:15.817][ReplicaC] -- Update with key = z, value = 1

[2019-04-11T09:29:18.280][ReplicaC] Accept WriteLog

[2019-04-11T09:29:18.972][ReplicaC] Accept WriteLog
[2019-04-11T09:29:18.973][ReplicaC] -- Update with key = x, value = 1
[2019-04-11T09:29:18.973][ReplicaC] -- Update with key = x, value = 1
[2019-04-11T09:29:18.973][ReplicaC] -- Update with key = x, value = 1

[2019-04-11T09:29:28.114][ReplicaC] Write key = x, value = 1
[2019-04-11T09:29:28.804][ReplicaC] Anti entropy session check
[2019-04-11T09:29:28.804][ReplicaC] => Updating errors
[2019-04-11T09:29:29.035][ReplicaC] => Check errors out of bound
[2019-04-11T09:29:29.035][ReplicaC] 	 => Numerical Error 0
[2019-04-11T09:29:29.035][ReplicaC] 	 => Order Error 1
[2019-04-11T09:29:29.035][ReplicaC] 	 => Staleness Error 1683324 	 1554974969035

[2019-04-11T09:30:17.636][ReplicaC] Write key = z, value = 1
[2019-04-11T09:30:18.327][ReplicaC] Anti entropy session check
[2019-04-11T09:30:18.328][ReplicaC] => Updating errors
[2019-04-11T09:30:18.559][ReplicaC] => Check errors out of bound
[2019-04-11T09:30:18.559][ReplicaC] 	 => Numerical Error 10
[2019-04-11T09:30:18.559][ReplicaC] 	 => Order Error 4
[2019-04-11T09:30:18.559][ReplicaC] 	 => Staleness Error 1729067 	 1554975018559
Start anti-entropy session with ReplicaA
Finished anti-entropy session with ReplicaA
Start anti-entropy session with ReplicaB
Finished anti-entropy session with ReplicaB
Start anti-entropy session with ReplicaD
Finished anti-entropy session with ReplicaD
Start anti-entropy session with ReplicaE
Finished anti-entropy session with ReplicaE
Start anti-entropy session with ReplicaF
Finished anti-entropy session with ReplicaF

[2019-04-11T09:30:35.954][ReplicaC] Accept WriteLog
[2019-04-11T09:30:35.954][ReplicaC] -- Update with key = x, value = 1

[2019-04-11T09:30:48.708][ReplicaC] Accept WriteLog
[2019-04-11T09:30:48.708][ReplicaC] -- Update with key = y, value = 1

[2019-04-11T09:31:05.194][ReplicaC] Accept WriteLog
[2019-04-11T09:31:05.194][ReplicaC] -- Update with key = x, value = 1

[2019-04-11T09:31:11.944][ReplicaC] Write key = x, value = 1
[2019-04-11T09:31:12.403][ReplicaC] Anti entropy session check
[2019-04-11T09:31:12.403][ReplicaC] => Updating errors
[2019-04-11T09:31:12.636][ReplicaC] => Check errors out of bound
[2019-04-11T09:31:12.636][ReplicaC] 	 => Numerical Error 2
[2019-04-11T09:31:12.636][ReplicaC] 	 => Order Error 2
[2019-04-11T09:31:12.636][ReplicaC] 	 => Staleness Error 1786923 	 1554975072636

[2019-04-11T09:31:20.641][ReplicaC] Accept WriteLog
[2019-04-11T09:31:20.641][ReplicaC] -- Update with key = x, value = 1

[2019-04-11T09:31:22.764][ReplicaC] Accept WriteLog
[2019-04-11T09:31:22.764][ReplicaC] -- Update with key = x, value = 1

[2019-04-11T09:31:26.131][ReplicaC] Accept WriteLog
[2019-04-11T09:31:26.131][ReplicaC] -- Update with key = z, value = 1
[2019-04-11T09:31:26.131][ReplicaC] -- Update with key = z, value = 1
[2019-04-11T09:31:26.131][ReplicaC] -- Update with key = z, value = 1
[2019-04-11T09:31:26.131][ReplicaC] -- Update with key = z, value = 1

[2019-04-11T09:31:27.207][ReplicaC] Write key = y, value = 1
[2019-04-11T09:31:27.667][ReplicaC] Anti entropy session check
[2019-04-11T09:31:27.667][ReplicaC] => Updating errors
[2019-04-11T09:31:27.900][ReplicaC] => Check errors out of bound
[2019-04-11T09:31:27.900][ReplicaC] 	 => Numerical Error 5
[2019-04-11T09:31:27.900][ReplicaC] 	 => Order Error 2
[2019-04-11T09:31:27.900][ReplicaC] 	 => Staleness Error 1777922 	 1554975087900
[2019-04-11T09:31:28.584][ReplicaC] Accept WriteLog
[2019-04-11T09:31:28.584][ReplicaC] -- Update with key = y, value = 1
[2019-04-11T09:31:28.584][ReplicaC] -- Update with key = y, value = 1
[2019-04-11T09:31:28.584][ReplicaC] -- Update with key = y, value = 1

Start anti-entropy session with ReplicaA
Finished anti-entropy session with ReplicaA
Start anti-entropy session with ReplicaB
Finished anti-entropy session with ReplicaB
Start anti-entropy session with ReplicaD
Finished anti-entropy session with ReplicaD
Start anti-entropy session with ReplicaE
Finished anti-entropy session with ReplicaE
Start anti-entropy session with ReplicaF
Finished anti-entropy session with ReplicaF

[2019-04-11T09:31:39.300][ReplicaC] Write key = x, value = 1
[2019-04-11T09:31:39.760][ReplicaC] Anti entropy session check
[2019-04-11T09:31:39.760][ReplicaC] => Updating errors
[2019-04-11T09:31:39.993][ReplicaC] => Check errors out of bound
[2019-04-11T09:31:39.993][ReplicaC] 	 => Numerical Error 2
[2019-04-11T09:31:39.993][ReplicaC] 	 => Order Error 3
[2019-04-11T09:31:39.993][ReplicaC] 	 => Staleness Error 1814280 	 1554975099993
Start anti-entropy session with ReplicaA
Finished anti-entropy session with ReplicaA
Start anti-entropy session with ReplicaB
Finished anti-entropy session with ReplicaB
Start anti-entropy session with ReplicaD
Finished anti-entropy session with ReplicaD
Start anti-entropy session with ReplicaE
Finished anti-entropy session with ReplicaE
Start anti-entropy session with ReplicaF
Finished anti-entropy session with ReplicaF

[2019-04-11T09:31:46.874][ReplicaC] Accept WriteLog
[2019-04-11T09:31:46.874][ReplicaC] -- Update with key = x, value = 1
[2019-04-11T09:31:46.874][ReplicaC] -- Update with key = x, value = 1
[2019-04-11T09:31:46.874][ReplicaC] -- Update with key = x, value = 1

[2019-04-11T09:32:05.517][ReplicaC] Write key = y, value = 1
[2019-04-11T09:32:05.977][ReplicaC] Anti entropy session check
[2019-04-11T09:32:05.977][ReplicaC] => Updating errors
[2019-04-11T09:32:06.208][ReplicaC] => Check errors out of bound
[2019-04-11T09:32:06.208][ReplicaC] 	 => Numerical Error 3
[2019-04-11T09:32:06.208][ReplicaC] 	 => Order Error 1
[2019-04-11T09:32:06.208][ReplicaC] 	 => Staleness Error 1816232 	 1554975126208

[2019-04-11T09:32:18.071][ReplicaC] Write key = y, value = 1
[2019-04-11T09:32:18.531][ReplicaC] Anti entropy session check
[2019-04-11T09:32:18.531][ReplicaC] => Updating errors
[2019-04-11T09:32:18.763][ReplicaC] => Check errors out of bound
[2019-04-11T09:32:18.763][ReplicaC] 	 => Numerical Error 3
[2019-04-11T09:32:18.763][ReplicaC] 	 => Order Error 2
[2019-04-11T09:32:18.763][ReplicaC] 	 => Staleness Error 1828786 	 1554975138763

[2019-04-11T09:32:31.217][ReplicaC] Write key = x, value = 1
[2019-04-11T09:32:31.677][ReplicaC] Anti entropy session check
[2019-04-11T09:32:31.677][ReplicaC] => Updating errors
[2019-04-11T09:32:32.137][ReplicaC] => Check errors out of bound
[2019-04-11T09:32:32.137][ReplicaC] 	 => Numerical Error 1
[2019-04-11T09:32:32.137][ReplicaC] 	 => Order Error 1
[2019-04-11T09:32:32.137][ReplicaC] 	 => Staleness Error 1866197 	 1554975152137

[2019-04-11T09:32:46.501][ReplicaC] Accept WriteLog
[2019-04-11T09:32:46.503][ReplicaC] -- Update with key = y, value = 1

[2019-04-11T09:32:57.552][ReplicaC] Write key = z, value = 1
[2019-04-11T09:32:58.246][ReplicaC] Anti entropy session check
[2019-04-11T09:32:58.246][ReplicaC] => Updating errors
[2019-04-11T09:32:58.707][ReplicaC] => Check errors out of bound
[2019-04-11T09:32:58.707][ReplicaC] 	 => Numerical Error 12
[2019-04-11T09:32:58.707][ReplicaC] 	 => Order Error 1
[2019-04-11T09:32:58.707][ReplicaC] 	 => Staleness Error 1888985 	 1554975178707
Start anti-entropy session with ReplicaA
Finished anti-entropy session with ReplicaA
Start anti-entropy session with ReplicaB
Finished anti-entropy session with ReplicaB
Start anti-entropy session with ReplicaD
Finished anti-entropy session with ReplicaD
Start anti-entropy session with ReplicaE
Finished anti-entropy session with ReplicaE
Start anti-entropy session with ReplicaF
Finished anti-entropy session with ReplicaF

[2019-04-11T09:33:11.017][ReplicaC] Write key = x, value = 1
[2019-04-11T09:33:11.478][ReplicaC] Anti entropy session check
[2019-04-11T09:33:11.478][ReplicaC] => Updating errors
[2019-04-11T09:33:11.938][ReplicaC] => Check errors out of bound
[2019-04-11T09:33:11.939][ReplicaC] 	 => Numerical Error 1
[2019-04-11T09:33:11.939][ReplicaC] 	 => Order Error 2
[2019-04-11T09:33:11.939][ReplicaC] 	 => Staleness Error 1905998 	 1554975191939

[2019-04-11T09:33:20.623][ReplicaC] Write key = y, value = 1
[2019-04-11T09:33:21.085][ReplicaC] Anti entropy session check
[2019-04-11T09:33:21.085][ReplicaC] => Updating errors
[2019-04-11T09:33:21.547][ReplicaC] => Check errors out of bound
[2019-04-11T09:33:21.547][ReplicaC] 	 => Numerical Error 4
[2019-04-11T09:33:21.547][ReplicaC] 	 => Order Error 3
[2019-04-11T09:33:21.547][ReplicaC] 	 => Staleness Error 1891340 	 1554975201547

[2019-04-11T09:33:30.322][ReplicaC] Accept WriteLog
[2019-04-11T09:33:30.322][ReplicaC] -- Update with key = z, value = 1
[2019-04-11T09:33:30.322][ReplicaC] -- Update with key = z, value = 1

[2019-04-11T09:33:33.476][ReplicaC] Accept WriteLog
[2019-04-11T09:33:33.476][ReplicaC] -- Update with key = y, value = 1
[2019-04-11T09:33:33.477][ReplicaC] -- Update with key = y, value = 1
[2019-04-11T09:33:33.477][ReplicaC] -- Update with key = y, value = 1

[2019-04-11T09:33:33.716][ReplicaC] Accept WriteLog
[2019-04-11T09:33:33.716][ReplicaC] -- Update with key = z, value = 1
[2019-04-11T09:33:33.716][ReplicaC] -- Update with key = z, value = 1

[2019-04-11T09:33:35.511][ReplicaC] Accept WriteLog

[2019-04-11T09:33:48.348][ReplicaC] Accept WriteLog
[2019-04-11T09:33:48.348][ReplicaC] -- Update with key = z, value = 1

[2019-04-11T09:34:01.908][ReplicaC] Accept WriteLog
[2019-04-11T09:34:01.909][ReplicaC] -- Update with key = z, value = 1
[2019-04-11T09:34:01.909][ReplicaC] -- Update with key = z, value = 1

[2019-04-11T09:34:08.464][ReplicaC] Accept WriteLog
[2019-04-11T09:34:08.465][ReplicaC] -- Update with key = z, value = 1

[2019-04-11T09:34:15.795][ReplicaC] Write key = x, value = 1
[2019-04-11T09:34:16.483][ReplicaC] Anti entropy session check
[2019-04-11T09:34:16.484][ReplicaC] => Updating errors
[2019-04-11T09:34:16.943][ReplicaC] => Check errors out of bound
[2019-04-11T09:34:16.943][ReplicaC] 	 => Numerical Error 2
[2019-04-11T09:34:16.943][ReplicaC] 	 => Order Error 3
[2019-04-11T09:34:16.943][ReplicaC] 	 => Staleness Error 1971004 	 1554975256943
Start anti-entropy session with ReplicaA
Finished anti-entropy session with ReplicaA
Start anti-entropy session with ReplicaB
Finished anti-entropy session with ReplicaB
Start anti-entropy session with ReplicaD
Finished anti-entropy session with ReplicaD
Start anti-entropy session with ReplicaE
Finished anti-entropy session with ReplicaE
Start anti-entropy session with ReplicaF
Finished anti-entropy session with ReplicaF

[2019-04-11T09:34:37.774][ReplicaC] Accept WriteLog
[2019-04-11T09:34:37.775][ReplicaC] -- Update with key = z, value = 1
[2019-04-11T09:34:37.775][ReplicaC] -- Update with key = z, value = 1
[2019-04-11T09:34:37.775][ReplicaC] -- Update with key = z, value = 1
[2019-04-11T09:34:37.775][ReplicaC] -- Update with key = z, value = 1
[2019-04-11T09:34:37.775][ReplicaC] -- Update with key = z, value = 1
[2019-04-11T09:34:37.775][ReplicaC] -- Update with key = z, value = 1

[2019-04-11T09:34:40.234][ReplicaC] Accept WriteLog

[2019-04-11T09:34:42.250][ReplicaC] Accept WriteLog
[2019-04-11T09:34:42.250][ReplicaC] -- Update with key = y, value = 1

[2019-04-11T09:34:44.629][ReplicaC] Read key = x
[2019-04-11T09:34:46.820][ReplicaC] Read key = y
[2019-04-11T09:34:49.022][ReplicaC] Read key = z
[2019-04-11T09:35:11.455][ReplicaC] Write key = y, value = 1
[2019-04-11T09:35:12.152][ReplicaC] Anti entropy session check
[2019-04-11T09:35:12.152][ReplicaC] => Updating errors
[2019-04-11T09:35:12.616][ReplicaC] => Check errors out of bound
[2019-04-11T09:35:12.616][ReplicaC] 	 => Numerical Error 2
[2019-04-11T09:35:12.616][ReplicaC] 	 => Order Error 4
[2019-04-11T09:35:12.616][ReplicaC] 	 => Staleness Error 2002407 	 1554975312616

[2019-04-11T09:35:20.449][ReplicaC] Accept WriteLog
[2019-04-11T09:35:20.449][ReplicaC] -- Update with key = y, value = 1

[2019-04-11T09:35:28.367][ReplicaC] Write key = y, value = 1
[2019-04-11T09:35:28.833][ReplicaC] Anti entropy session check
[2019-04-11T09:35:28.833][ReplicaC] => Updating errors
[2019-04-11T09:35:29.299][ReplicaC] => Check errors out of bound
[2019-04-11T09:35:29.299][ReplicaC] 	 => Numerical Error 2
[2019-04-11T09:35:29.299][ReplicaC] 	 => Order Error 5
[2019-04-11T09:35:29.299][ReplicaC] 	 => Staleness Error 2019088 	 1554975329299
Start anti-entropy session with ReplicaA
Finished anti-entropy session with ReplicaA
Start anti-entropy session with ReplicaB
Finished anti-entropy session with ReplicaB
Start anti-entropy session with ReplicaD
Finished anti-entropy session with ReplicaD
Start anti-entropy session with ReplicaE
Finished anti-entropy session with ReplicaE
Start anti-entropy session with ReplicaF
Finished anti-entropy session with ReplicaF

[2019-04-11T09:35:46.667][ReplicaC] Accept WriteLog
[2019-04-11T09:35:46.667][ReplicaC] -- Update with key = x, value = 1

[2019-04-11T09:35:49.249][ReplicaC] Accept WriteLog

[2019-04-11T09:35:49.793][ReplicaC] Write key = x, value = 1
[2019-04-11T09:35:50.258][ReplicaC] Anti entropy session check
[2019-04-11T09:35:50.259][ReplicaC] => Updating errors
[2019-04-11T09:35:50.723][ReplicaC] => Check errors out of bound
[2019-04-11T09:35:50.723][ReplicaC] 	 => Numerical Error 1
[2019-04-11T09:35:50.723][ReplicaC] 	 => Order Error 1
[2019-04-11T09:35:50.723][ReplicaC] 	 => Staleness Error 2064779 	 1554975350723

[2019-04-11T09:35:51.702][ReplicaC] Accept WriteLog

[2019-04-11T09:36:01.080][ReplicaC] Accept WriteLog
[2019-04-11T09:36:01.080][ReplicaC] -- Update with key = x, value = 1

[2019-04-11T09:36:26.454][ReplicaC] Accept WriteLog
[2019-04-11T09:36:26.454][ReplicaC] -- Update with key = y, value = 1

[2019-04-11T09:36:30.451][ReplicaC] Accept WriteLog
[2019-04-11T09:36:30.452][ReplicaC] -- Update with key = z, value = 1

[2019-04-11T09:36:38.446][ReplicaC] Accept WriteLog
[2019-04-11T09:36:38.450][ReplicaC] -- Update with key = z, value = 1

[2019-04-11T09:36:55.180][ReplicaC] Write key = y, value = 1
[2019-04-11T09:36:55.877][ReplicaC] Anti entropy session check
[2019-04-11T09:36:55.877][ReplicaC] => Updating errors
[2019-04-11T09:36:56.342][ReplicaC] => Check errors out of bound
[2019-04-11T09:36:56.342][ReplicaC] 	 => Numerical Error 6
[2019-04-11T09:36:56.342][ReplicaC] 	 => Order Error 1
[2019-04-11T09:36:56.342][ReplicaC] 	 => Staleness Error 2106132 	 1554975416342
Start anti-entropy session with ReplicaA
Finished anti-entropy session with ReplicaA
Start anti-entropy session with ReplicaB
Finished anti-entropy session with ReplicaB
Start anti-entropy session with ReplicaD
Finished anti-entropy session with ReplicaD
Start anti-entropy session with ReplicaE
Finished anti-entropy session with ReplicaE
Start anti-entropy session with ReplicaF
Finished anti-entropy session with ReplicaF

[2019-04-11T09:37:08.879][ReplicaC] Accept WriteLog
[2019-04-11T09:37:08.879][ReplicaC] -- Update with key = y, value = 1

[2019-04-11T09:37:13.710][ReplicaC] Accept WriteLog
[2019-04-11T09:37:13.710][ReplicaC] -- Update with key = x, value = 1
[2019-04-11T09:37:13.710][ReplicaC] -- Update with key = x, value = 1
[2019-04-11T09:37:13.710][ReplicaC] -- Update with key = x, value = 1

[2019-04-11T09:37:21.757][ReplicaC] Accept WriteLog
[2019-04-11T09:37:21.757][ReplicaC] -- Update with key = y, value = 1

[2019-04-11T09:37:28.455][ReplicaC] Accept WriteLog
[2019-04-11T09:37:28.455][ReplicaC] -- Update with key = x, value = 1
[2019-04-11T09:37:28.456][ReplicaC] -- Update with key = x, value = 1
[2019-04-11T09:37:28.456][ReplicaC] -- Update with key = x, value = 1

[2019-04-11T09:37:53.728][ReplicaC] Accept WriteLog
[2019-04-11T09:37:53.728][ReplicaC] -- Update with key = x, value = 1

[2019-04-11T09:37:55.126][ReplicaC] Accept WriteLog
[2019-04-11T09:37:55.126][ReplicaC] -- Update with key = x, value = 1
[2019-04-11T09:37:55.126][ReplicaC] -- Update with key = x, value = 1

[2019-04-11T09:37:57.704][ReplicaC] Accept WriteLog

[2019-04-11T09:38:00.153][ReplicaC] Accept WriteLog

[2019-04-11T09:38:19.826][ReplicaC] Accept WriteLog
[2019-04-11T09:38:19.826][ReplicaC] -- Update with key = z, value = 1
[2019-04-11T09:38:19.826][ReplicaC] -- Update with key = z, value = 1
[2019-04-11T09:38:19.826][ReplicaC] -- Update with key = z, value = 1

[2019-04-11T09:38:32.095][ReplicaC] Accept WriteLog
[2019-04-11T09:38:32.095][ReplicaC] -- Update with key = z, value = 1
[2019-04-11T09:38:32.095][ReplicaC] -- Update with key = z, value = 1
[2019-04-11T09:38:32.095][ReplicaC] -- Update with key = z, value = 1
[2019-04-11T09:38:32.095][ReplicaC] -- Update with key = z, value = 1
[2019-04-11T09:38:32.095][ReplicaC] -- Update with key = z, value = 1
[2019-04-11T09:38:32.095][ReplicaC] -- Update with key = z, value = 1
[2019-04-11T09:38:32.095][ReplicaC] -- Update with key = z, value = 1
[2019-04-11T09:38:32.095][ReplicaC] -- Update with key = z, value = 1
[2019-04-11T09:38:32.095][ReplicaC] -- Update with key = z, value = 1
[2019-04-11T09:38:32.095][ReplicaC] -- Update with key = z, value = 1

[2019-04-11T09:38:39.651][ReplicaC] Accept WriteLog
[2019-04-11T09:38:39.651][ReplicaC] -- Update with key = y, value = 1

[2019-04-11T09:38:48.833][ReplicaC] Accept WriteLog
[2019-04-11T09:38:48.833][ReplicaC] -- Update with key = x, value = 1
[2019-04-11T09:38:48.833][ReplicaC] -- Update with key = x, value = 1

[2019-04-11T09:39:03.146][ReplicaC] Accept WriteLog

[2019-04-11T09:39:05.600][ReplicaC] Accept WriteLog

[2019-04-11T09:39:05.743][ReplicaC] Accept WriteLog
[2019-04-11T09:39:05.744][ReplicaC] -- Update with key = x, value = 1

[2019-04-11T09:39:08.062][ReplicaC] Accept WriteLog
[2019-04-11T09:39:08.062][ReplicaC] -- Update with key = y, value = 1

[2019-04-11T09:39:23.289][ReplicaC] Write key = z, value = 1
[2019-04-11T09:39:23.980][ReplicaC] Anti entropy session check
[2019-04-11T09:39:23.980][ReplicaC] => Updating errors
[2019-04-11T09:39:24.441][ReplicaC] => Check errors out of bound
[2019-04-11T09:39:24.442][ReplicaC] 	 => Numerical Error 5
[2019-04-11T09:39:24.442][ReplicaC] 	 => Order Error 1
[2019-04-11T09:39:24.442][ReplicaC] 	 => Staleness Error 2274719 	 1554975564442

[2019-04-11T09:39:31.902][ReplicaC] Accept WriteLog
[2019-04-11T09:39:31.902][ReplicaC] -- Update with key = x, value = 1

[2019-04-11T09:39:44.172][ReplicaC] Accept WriteLog
[2019-04-11T09:39:44.172][ReplicaC] -- Update with key = x, value = 1

[2019-04-11T09:40:01.755][ReplicaC] Accept WriteLog
[2019-04-11T09:40:01.755][ReplicaC] -- Update with key = y, value = 1
[2019-04-11T09:40:01.756][ReplicaC] -- Update with key = y, value = 1
[2019-04-11T09:40:01.756][ReplicaC] -- Update with key = y, value = 1
[2019-04-11T09:40:01.756][ReplicaC] -- Update with key = y, value = 1
[2019-04-11T09:40:01.756][ReplicaC] -- Update with key = y, value = 1

[2019-04-11T09:40:19.078][ReplicaC] Accept WriteLog
[2019-04-11T09:40:19.078][ReplicaC] -- Update with key = y, value = 1

[2019-04-11T09:40:32.997][ReplicaC] Accept WriteLog
[2019-04-11T09:40:32.997][ReplicaC] -- Update with key = x, value = 1

[2019-04-11T09:40:48.612][ReplicaC] Write key = x, value = 1
[2019-04-11T09:40:49.304][ReplicaC] Anti entropy session check
[2019-04-11T09:40:49.304][ReplicaC] => Updating errors
[2019-04-11T09:40:49.766][ReplicaC] => Check errors out of bound
[2019-04-11T09:40:49.766][ReplicaC] 	 => Numerical Error 3
[2019-04-11T09:40:49.766][ReplicaC] 	 => Order Error 2
[2019-04-11T09:40:49.766][ReplicaC] 	 => Staleness Error 2363824 	 1554975649766
Start anti-entropy session with ReplicaA
Finished anti-entropy session with ReplicaA
Start anti-entropy session with ReplicaB
Finished anti-entropy session with ReplicaB
Start anti-entropy session with ReplicaD
Finished anti-entropy session with ReplicaD
Start anti-entropy session with ReplicaE
Finished anti-entropy session with ReplicaE
Start anti-entropy session with ReplicaF
Finished anti-entropy session with ReplicaF

[2019-04-11T09:41:08.482][ReplicaC] Write key = x, value = 1
[2019-04-11T09:41:08.942][ReplicaC] Anti entropy session check
[2019-04-11T09:41:08.942][ReplicaC] => Updating errors
[2019-04-11T09:41:09.403][ReplicaC] => Check errors out of bound
[2019-04-11T09:41:09.403][ReplicaC] 	 => Numerical Error 3
[2019-04-11T09:41:09.403][ReplicaC] 	 => Order Error 1
[2019-04-11T09:41:09.403][ReplicaC] 	 => Staleness Error 2383462 	 1554975669403
Start anti-entropy session with ReplicaA
Finished anti-entropy session with ReplicaA
Start anti-entropy session with ReplicaB
[2019-04-11T09:41:11.492][ReplicaC] Accept WriteLog

Finished anti-entropy session with ReplicaB
Start anti-entropy session with ReplicaD
Finished anti-entropy session with ReplicaD
Start anti-entropy session with ReplicaE
Finished anti-entropy session with ReplicaE
Start anti-entropy session with ReplicaF
Finished anti-entropy session with ReplicaF

[2019-04-11T09:41:14.074][ReplicaC] Accept WriteLog
[2019-04-11T09:41:14.074][ReplicaC] -- Update with key = z, value = 1
[2019-04-11T09:41:14.074][ReplicaC] -- Update with key = z, value = 1

[2019-04-11T09:41:16.549][ReplicaC] Accept WriteLog
[2019-04-11T09:41:16.549][ReplicaC] -- Update with key = y, value = 1

[2019-04-11T09:41:19.737][ReplicaC] Write key = z, value = 1
[2019-04-11T09:41:20.200][ReplicaC] Anti entropy session check
[2019-04-11T09:41:20.200][ReplicaC] => Updating errors
[2019-04-11T09:41:20.660][ReplicaC] => Check errors out of bound
[2019-04-11T09:41:20.660][ReplicaC] 	 => Numerical Error 7
[2019-04-11T09:41:20.660][ReplicaC] 	 => Order Error 2
[2019-04-11T09:41:20.660][ReplicaC] 	 => Staleness Error 2390939 	 1554975680660

[2019-04-11T09:41:27.069][ReplicaC] Accept WriteLog
[2019-04-11T09:41:27.069][ReplicaC] -- Update with key = y, value = 1

[2019-04-11T09:41:34.888][ReplicaC] Write key = y, value = 1
[2019-04-11T09:41:35.349][ReplicaC] Anti entropy session check
[2019-04-11T09:41:35.349][ReplicaC] => Updating errors
[2019-04-11T09:41:35.810][ReplicaC] => Check errors out of bound
[2019-04-11T09:41:35.810][ReplicaC] 	 => Numerical Error 5
[2019-04-11T09:41:35.810][ReplicaC] 	 => Order Error 1
[2019-04-11T09:41:35.810][ReplicaC] 	 => Staleness Error 2385604 	 1554975695810
Start anti-entropy session with ReplicaA
Finished anti-entropy session with ReplicaA
Start anti-entropy session with ReplicaB
Finished anti-entropy session with ReplicaB
Start anti-entropy session with ReplicaD
Finished anti-entropy session with ReplicaD
Start anti-entropy session with ReplicaE
Finished anti-entropy session with ReplicaE
Start anti-entropy session with ReplicaF
Finished anti-entropy session with ReplicaF

[2019-04-11T09:41:47.540][ReplicaC] Accept WriteLog
[2019-04-11T09:41:47.540][ReplicaC] -- Update with key = y, value = 1

[2019-04-11T09:41:53.090][ReplicaC] Accept WriteLog
[2019-04-11T09:41:53.090][ReplicaC] -- Update with key = x, value = 1
[2019-04-11T09:41:53.090][ReplicaC] -- Update with key = x, value = 1
[2019-04-11T09:41:53.090][ReplicaC] -- Update with key = x, value = 1

[2019-04-11T09:42:08.521][ReplicaC] Write key = x, value = 1
[2019-04-11T09:42:09.211][ReplicaC] Anti entropy session check
[2019-04-11T09:42:09.211][ReplicaC] => Updating errors
[2019-04-11T09:42:09.672][ReplicaC] => Check errors out of bound
[2019-04-11T09:42:09.672][ReplicaC] 	 => Numerical Error 1
[2019-04-11T09:42:09.672][ReplicaC] 	 => Order Error 1
[2019-04-11T09:42:09.672][ReplicaC] 	 => Staleness Error 2443731 	 1554975729672

[2019-04-11T09:42:16.073][ReplicaC] Accept WriteLog
[2019-04-11T09:42:16.073][ReplicaC] -- Update with key = z, value = 1

[2019-04-11T09:42:19.008][ReplicaC] Accept WriteLog
[2019-04-11T09:42:19.008][ReplicaC] -- Update with key = z, value = 1

[2019-04-11T09:42:21.919][ReplicaC] Accept WriteLog
[2019-04-11T09:42:21.920][ReplicaC] -- Update with key = y, value = 1
[2019-04-11T09:42:21.920][ReplicaC] -- Update with key = y, value = 1
[2019-04-11T09:42:21.920][ReplicaC] -- Update with key = y, value = 1

[2019-04-11T09:42:23.944][ReplicaC] Accept WriteLog
[2019-04-11T09:42:23.944][ReplicaC] -- Update with key = x, value = 1

[2019-04-11T09:42:38.298][ReplicaC] Write key = z, value = 1
[2019-04-11T09:42:38.760][ReplicaC] Anti entropy session check
[2019-04-11T09:42:38.760][ReplicaC] => Updating errors
[2019-04-11T09:42:39.221][ReplicaC] => Check errors out of bound
[2019-04-11T09:42:39.221][ReplicaC] 	 => Numerical Error 8
[2019-04-11T09:42:39.221][ReplicaC] 	 => Order Error 3
[2019-04-11T09:42:39.221][ReplicaC] 	 => Staleness Error 2469499 	 1554975759221

[2019-04-11T09:42:54.914][ReplicaC] Read key = x
[2019-04-11T09:42:57.108][ReplicaC] Read key = y
[2019-04-11T09:42:59.277][ReplicaC] Read key = z
/home/sven/.sdkman/candidates/scala/current/bin/scala: line 21:  5755 Killed                  "$@"
