Starting...
=> Created registry
=> Bind ECG history
RMI Registry started!
Use Crtl+C to stop the server
[2019-04-09T22:40:24.429][Master] Registered ReplicaA
[2019-04-09T22:40:24.541][Master] Registered //10.156.0.2/ReplicaA
[2019-04-09T22:40:24.765][Master] Registered ReplicaB
[2019-04-09T22:40:24.805][Master] Registered //10.156.0.2/ReplicaB
[2019-04-09T22:40:28.585][Master] Registered ReplicaC
[2019-04-09T22:40:29.547][Master] Registered //10.156.0.2/ReplicaC
[2019-04-09T22:40:32.265][Master] Registered ReplicaD
[2019-04-09T22:40:33.219][Master] Registered //10.156.0.2/ReplicaD
[2019-04-09T22:40:33.550][Master] Registered ReplicaE
[2019-04-09T22:40:34.008][Master] Registered //10.156.0.2/ReplicaE
[2019-04-09T22:40:35.845][Master] Registered ReplicaF
[2019-04-09T22:40:36.303][Master] Registered //10.156.0.2/ReplicaF
[2019-04-09T22:40:40.578][Master] Write ECG writelog: WriteLogItem(1554849640562,A,WriteOperation(x,+,1))
[2019-04-09T22:40:40.581][Master] Read ECG writelog
[2019-04-09T22:40:47.158][Master] Write ECG writelog: WriteLogItem(1554849646805,D,WriteOperation(z,+,1))
[2019-04-09T22:40:47.390][Master] Read ECG writelog
[2019-04-09T22:40:53.807][Master] Write ECG writelog: WriteLogItem(1554849653461,D,WriteOperation(z,+,1))
[2019-04-09T22:40:54.038][Master] Read ECG writelog
[2019-04-09T22:41:00.580][Master] Write ECG writelog: WriteLogItem(1554849659998,C,WriteOperation(y,+,1))
[2019-04-09T22:41:00.811][Master] Read ECG writelog
[2019-04-09T22:41:02.800][Master] Write ECG writelog: WriteLogItem(1554849662788,B,WriteOperation(x,+,1))
[2019-04-09T22:41:02.803][Master] Read ECG writelog
[2019-04-09T22:41:05.316][Master] Write ECG writelog: WriteLogItem(1554849665314,B,WriteOperation(x,+,1))
[2019-04-09T22:41:05.318][Master] Read ECG writelog
[2019-04-09T22:41:10.079][Master] Write ECG writelog: WriteLogItem(1554849669807,F,WriteOperation(y,+,1))
[2019-04-09T22:41:10.186][Master] Read ECG writelog
[2019-04-09T22:41:17.606][Master] Write ECG writelog: WriteLogItem(1554849677022,D,WriteOperation(x,+,1))
[2019-04-09T22:41:17.839][Master] Read ECG writelog
[2019-04-09T22:41:28.877][Master] Write ECG writelog: WriteLogItem(1554849688611,E,WriteOperation(y,+,1))
[2019-04-09T22:41:28.985][Master] Read ECG writelog
[2019-04-09T22:41:35.482][Master] Write ECG writelog: WriteLogItem(1554849695132,D,WriteOperation(y,+,1))
[2019-04-09T22:41:35.715][Master] Read ECG writelog
[2019-04-09T22:41:37.659][Master] Write ECG writelog: WriteLogItem(1554849697655,B,WriteOperation(x,+,1))
[2019-04-09T22:41:37.661][Master] Read ECG writelog
[2019-04-09T22:41:42.047][Master] Write ECG writelog: WriteLogItem(1554849702043,B,WriteOperation(y,+,1))
[2019-04-09T22:41:42.051][Master] Read ECG writelog
[2019-04-09T22:41:48.419][Master] Write ECG writelog: WriteLogItem(1554849707842,C,WriteOperation(z,+,1))
[2019-04-09T22:41:48.650][Master] Read ECG writelog
[2019-04-09T22:41:53.143][Master] Write ECG writelog: WriteLogItem(1554849712983,E,WriteOperation(y,+,1))
[2019-04-09T22:41:53.249][Master] Read ECG writelog
[2019-04-09T22:42:00.194][Master] Write ECG writelog: WriteLogItem(1554849719844,D,WriteOperation(z,+,1))
[2019-04-09T22:42:00.427][Master] Read ECG writelog
[2019-04-09T22:42:02.148][Master] Write ECG writelog: WriteLogItem(1554849722145,B,WriteOperation(z,+,1))
[2019-04-09T22:42:02.151][Master] Read ECG writelog
[2019-04-09T22:42:04.304][Master] Write ECG writelog: WriteLogItem(1554849724298,B,WriteOperation(y,+,1))
[2019-04-09T22:42:04.306][Master] Read ECG writelog
[2019-04-09T22:42:12.305][Master] Write ECG writelog: WriteLogItem(1554849731960,C,WriteOperation(y,+,1))
[2019-04-09T22:42:12.536][Master] Read ECG writelog
[2019-04-09T22:42:14.820][Master] Write ECG writelog: WriteLogItem(1554849734815,B,WriteOperation(x,+,1))
[2019-04-09T22:42:14.821][Master] Read ECG writelog
[2019-04-09T22:42:19.368][Master] Write ECG writelog: WriteLogItem(1554849739102,E,WriteOperation(y,+,1))
[2019-04-09T22:42:19.474][Master] Read ECG writelog
[2019-04-09T22:42:21.081][Master] Write ECG writelog: WriteLogItem(1554849741071,A,WriteOperation(x,+,1))
[2019-04-09T22:42:21.083][Master] Read ECG writelog
[2019-04-09T22:42:25.954][Master] Write ECG writelog: WriteLogItem(1554849745794,E,WriteOperation(y,+,1))
[2019-04-09T22:42:26.064][Master] Read ECG writelog
[2019-04-09T22:42:27.920][Master] Write ECG writelog: WriteLogItem(1554849747917,A,WriteOperation(y,+,1))
[2019-04-09T22:42:27.922][Master] Read ECG writelog
[2019-04-09T22:42:37.676][Master] Write ECG writelog: WriteLogItem(1554849757098,D,WriteOperation(y,+,1))
[2019-04-09T22:42:37.907][Master] Read ECG writelog
[2019-04-09T22:42:45.047][Master] Write ECG writelog: WriteLogItem(1554849765043,B,WriteOperation(y,+,1))
[2019-04-09T22:42:45.050][Master] Read ECG writelog
[2019-04-09T22:42:54.130][Master] Write ECG writelog: WriteLogItem(1554849773783,D,WriteOperation(z,+,1))
[2019-04-09T22:42:54.361][Master] Read ECG writelog
[2019-04-09T22:42:59.160][Master] Write ECG writelog: WriteLogItem(1554849778893,E,WriteOperation(x,+,1))
[2019-04-09T22:42:59.269][Master] Read ECG writelog
[2019-04-09T22:43:10.432][Master] Write ECG writelog: WriteLogItem(1554849789855,C,WriteOperation(z,+,1))
[2019-04-09T22:43:10.662][Master] Read ECG writelog
[2019-04-09T22:43:17.374][Master] Write ECG writelog: WriteLogItem(1554849797027,C,WriteOperation(y,+,1))
[2019-04-09T22:43:17.605][Master] Read ECG writelog
[2019-04-09T22:43:31.140][Master] Write ECG writelog: WriteLogItem(1554849810565,D,WriteOperation(x,+,1))
[2019-04-09T22:43:31.606][Master] Read ECG writelog
[2019-04-09T22:43:43.119][Master] Write ECG writelog: WriteLogItem(1554849822541,C,WriteOperation(x,+,1))
[2019-04-09T22:43:43.349][Master] Read ECG writelog
[2019-04-09T22:43:49.262][Master] Write ECG writelog: WriteLogItem(1554849829258,A,WriteOperation(z,+,1))
[2019-04-09T22:43:49.264][Master] Read ECG writelog
[2019-04-09T22:43:51.235][Master] Write ECG writelog: WriteLogItem(1554849831231,B,WriteOperation(y,+,1))
[2019-04-09T22:43:51.237][Master] Read ECG writelog
[2019-04-09T22:43:58.063][Master] Write ECG writelog: WriteLogItem(1554849837795,F,WriteOperation(y,+,1))
[2019-04-09T22:43:58.172][Master] Read ECG writelog
[2019-04-09T22:44:00.109][Master] Write ECG writelog: WriteLogItem(1554849840107,B,WriteOperation(z,+,1))
[2019-04-09T22:44:00.110][Master] Read ECG writelog
[2019-04-09T22:44:06.763][Master] Write ECG writelog: WriteLogItem(1554849846187,D,WriteOperation(z,+,1))
[2019-04-09T22:44:06.995][Master] Read ECG writelog
[2019-04-09T22:44:08.943][Master] Write ECG writelog: WriteLogItem(1554849848941,B,WriteOperation(x,+,1))
[2019-04-09T22:44:08.948][Master] Read ECG writelog
[2019-04-09T22:44:10.731][Master] Write ECG writelog: WriteLogItem(1554849850730,B,WriteOperation(x,+,1))
[2019-04-09T22:44:10.734][Master] Read ECG writelog
[2019-04-09T22:44:19.982][Master] Write ECG writelog: WriteLogItem(1554849859402,C,WriteOperation(x,+,1))
[2019-04-09T22:44:20.213][Master] Read ECG writelog
[2019-04-09T22:44:26.991][Master] Write ECG writelog: WriteLogItem(1554849866643,D,WriteOperation(y,+,1))
[2019-04-09T22:44:27.222][Master] Read ECG writelog
[2019-04-09T22:44:36.015][Master] Write ECG writelog: WriteLogItem(1554849875745,E,WriteOperation(z,+,1))
[2019-04-09T22:44:36.121][Master] Read ECG writelog
[2019-04-09T22:44:43.029][Master] Write ECG writelog: WriteLogItem(1554849882761,F,WriteOperation(x,+,1))
[2019-04-09T22:44:43.139][Master] Read ECG writelog
[2019-04-09T22:44:49.173][Master] Write ECG writelog: WriteLogItem(1554849889167,B,WriteOperation(x,+,1))
[2019-04-09T22:44:49.175][Master] Read ECG writelog
[2019-04-09T22:44:56.150][Master] Write ECG writelog: WriteLogItem(1554849895989,E,WriteOperation(y,+,1))
[2019-04-09T22:44:56.256][Master] Read ECG writelog
[2019-04-09T22:45:05.662][Master] Write ECG writelog: WriteLogItem(1554849905083,D,WriteOperation(y,+,1))
[2019-04-09T22:45:05.894][Master] Read ECG writelog
[2019-04-09T22:45:07.984][Master] Write ECG writelog: WriteLogItem(1554849907973,A,WriteOperation(x,+,1))
[2019-04-09T22:45:07.985][Master] Read ECG writelog
[2019-04-09T22:45:12.264][Master] Write ECG writelog: WriteLogItem(1554849912103,F,WriteOperation(x,+,1))
[2019-04-09T22:45:12.370][Master] Read ECG writelog
[2019-04-09T22:45:18.603][Master] Write ECG writelog: WriteLogItem(1554849918442,F,WriteOperation(y,+,1))
[2019-04-09T22:45:18.709][Master] Read ECG writelog
[2019-04-09T22:45:23.010][Master] Write ECG writelog: WriteLogItem(1554849922745,E,WriteOperation(x,+,1))
[2019-04-09T22:45:23.118][Master] Read ECG writelog
[2019-04-09T22:45:32.198][Master] Write ECG writelog: WriteLogItem(1554849931847,C,WriteOperation(z,+,1))
[2019-04-09T22:45:32.430][Master] Read ECG writelog
[2019-04-09T22:45:36.846][Master] Write ECG writelog: WriteLogItem(1554849936687,F,WriteOperation(y,+,1))
[2019-04-09T22:45:36.952][Master] Read ECG writelog
[2019-04-09T22:45:39.491][Master] Write ECG writelog: WriteLogItem(1554849939487,A,WriteOperation(y,+,1))
[2019-04-09T22:45:39.493][Master] Read ECG writelog
[2019-04-09T22:45:43.357][Master] Write ECG writelog: WriteLogItem(1554849943352,B,WriteOperation(y,+,1))
[2019-04-09T22:45:43.362][Master] Read ECG writelog
[2019-04-09T22:45:50.154][Master] Write ECG writelog: WriteLogItem(1554849949994,E,WriteOperation(y,+,1))
[2019-04-09T22:45:50.261][Master] Read ECG writelog
[2019-04-09T22:45:54.504][Master] Write ECG writelog: WriteLogItem(1554849954502,B,WriteOperation(x,+,1))
[2019-04-09T22:45:54.506][Master] Read ECG writelog
[2019-04-09T22:45:57.729][Master] Write ECG writelog: WriteLogItem(1554849957727,A,WriteOperation(y,+,1))
[2019-04-09T22:45:57.731][Master] Read ECG writelog
[2019-04-09T22:46:04.689][Master] Write ECG writelog: WriteLogItem(1554849964422,F,WriteOperation(z,+,1))
[2019-04-09T22:46:04.797][Master] Read ECG writelog
[2019-04-09T22:46:09.536][Master] Write ECG writelog: WriteLogItem(1554849969531,B,WriteOperation(z,+,1))
[2019-04-09T22:46:09.539][Master] Read ECG writelog
[2019-04-09T22:46:11.934][Master] Write ECG writelog: WriteLogItem(1554849971932,A,WriteOperation(z,+,1))
[2019-04-09T22:46:11.941][Master] Read ECG writelog
[2019-04-09T22:46:20.394][Master] Write ECG writelog: WriteLogItem(1554849979818,D,WriteOperation(y,+,1))
[2019-04-09T22:46:20.626][Master] Read ECG writelog
[2019-04-09T22:46:27.055][Master] Write ECG writelog: WriteLogItem(1554849986480,C,WriteOperation(x,+,1))
[2019-04-09T22:46:27.285][Master] Read ECG writelog
[2019-04-09T22:46:36.592][Master] Write ECG writelog: WriteLogItem(1554849996328,F,WriteOperation(x,+,1))
[2019-04-09T22:46:36.699][Master] Read ECG writelog
[2019-04-09T22:46:45.672][Master] Write ECG writelog: WriteLogItem(1554850005326,D,WriteOperation(x,+,1))
[2019-04-09T22:46:45.903][Master] Read ECG writelog
[2019-04-09T22:46:58.960][Master] Write ECG writelog: WriteLogItem(1554850018615,D,WriteOperation(x,+,1))
[2019-04-09T22:46:59.191][Master] Read ECG writelog
[2019-04-09T22:47:05.041][Master] Write ECG writelog: WriteLogItem(1554850025032,A,WriteOperation(x,+,1))
[2019-04-09T22:47:05.045][Master] Read ECG writelog
[2019-04-09T22:47:11.814][Master] Write ECG writelog: WriteLogItem(1554850031550,F,WriteOperation(y,+,1))
[2019-04-09T22:47:11.921][Master] Read ECG writelog
[2019-04-09T22:47:21.039][Master] Write ECG writelog: WriteLogItem(1554850040773,E,WriteOperation(z,+,1))
[2019-04-09T22:47:21.147][Master] Read ECG writelog
[2019-04-09T22:47:31.983][Master] Write ECG writelog: WriteLogItem(1554850051405,D,WriteOperation(y,+,1))
[2019-04-09T22:47:32.213][Master] Read ECG writelog
[2019-04-09T22:47:39.415][Master] Write ECG writelog: WriteLogItem(1554850059066,D,WriteOperation(x,+,1))
[2019-04-09T22:47:39.646][Master] Read ECG writelog
[2019-04-09T22:47:46.610][Master] Write ECG writelog: WriteLogItem(1554850066264,D,WriteOperation(z,+,1))
[2019-04-09T22:47:46.841][Master] Read ECG writelog
[2019-04-09T22:47:51.445][Master] Write ECG writelog: WriteLogItem(1554850071179,F,WriteOperation(z,+,1))
[2019-04-09T22:47:51.551][Master] Read ECG writelog
[2019-04-09T22:47:56.630][Master] Write ECG writelog: WriteLogItem(1554850076627,A,WriteOperation(z,+,1))
[2019-04-09T22:47:56.633][Master] Read ECG writelog
[2019-04-09T22:48:03.306][Master] Write ECG writelog: WriteLogItem(1554850083040,E,WriteOperation(x,+,1))
[2019-04-09T22:48:03.412][Master] Read ECG writelog
[2019-04-09T22:48:10.465][Master] Write ECG writelog: WriteLogItem(1554850089888,D,WriteOperation(x,+,1))
[2019-04-09T22:48:10.696][Master] Read ECG writelog
[2019-04-09T22:48:12.951][Master] Write ECG writelog: WriteLogItem(1554850092945,A,WriteOperation(x,+,1))
[2019-04-09T22:48:12.953][Master] Read ECG writelog
[2019-04-09T22:48:52.298][Master] Write ECG writelog: WriteLogItem(1554850132031,F,WriteOperation(x,+,1))
[2019-04-09T22:48:52.405][Master] Read ECG writelog
[2019-04-09T22:48:57.055][Master] Write ECG writelog: WriteLogItem(1554850137051,A,WriteOperation(y,+,1))
[2019-04-09T22:48:57.058][Master] Read ECG writelog
[2019-04-09T22:48:59.062][Master] Write ECG writelog: WriteLogItem(1554850139060,A,WriteOperation(x,+,1))
[2019-04-09T22:48:59.066][Master] Read ECG writelog
[2019-04-09T22:49:02.898][Master] Write ECG writelog: WriteLogItem(1554850142896,B,WriteOperation(x,+,1))
[2019-04-09T22:49:02.902][Master] Read ECG writelog
[2019-04-09T22:49:06.960][Master] Write ECG writelog: WriteLogItem(1554850146956,B,WriteOperation(z,+,1))
[2019-04-09T22:49:06.961][Master] Read ECG writelog
[2019-04-09T22:49:09.283][Master] Write ECG writelog: WriteLogItem(1554850149280,A,WriteOperation(y,+,1))
[2019-04-09T22:49:09.283][Master] Read ECG writelog
[2019-04-09T22:49:16.530][Master] Write ECG writelog: WriteLogItem(1554850155954,D,WriteOperation(x,+,1))
[2019-04-09T22:49:16.761][Master] Read ECG writelog
[2019-04-09T22:49:22.938][Master] Write ECG writelog: WriteLogItem(1554850162935,A,WriteOperation(y,+,1))
[2019-04-09T22:49:22.939][Master] Read ECG writelog
[2019-04-09T22:49:27.449][Master] Write ECG writelog: WriteLogItem(1554850167184,E,WriteOperation(y,+,1))
[2019-04-09T22:49:27.557][Master] Read ECG writelog
[2019-04-09T22:49:36.337][Master] Write ECG writelog: WriteLogItem(1554850175991,D,WriteOperation(x,+,1))
[2019-04-09T22:49:36.567][Master] Read ECG writelog
[2019-04-09T22:49:38.604][Master] Write ECG writelog: WriteLogItem(1554850178603,A,WriteOperation(x,+,1))
[2019-04-09T22:49:38.607][Master] Read ECG writelog
[2019-04-09T22:49:40.212][Master] Write ECG writelog: WriteLogItem(1554850180211,A,WriteOperation(x,+,1))
[2019-04-09T22:49:40.214][Master] Read ECG writelog
[2019-04-09T22:49:47.033][Master] Write ECG writelog: WriteLogItem(1554850186686,D,WriteOperation(x,+,1))
[2019-04-09T22:49:47.264][Master] Read ECG writelog
[2019-04-09T22:49:56.380][Master] Write ECG writelog: WriteLogItem(1554850196115,F,WriteOperation(y,+,1))
[2019-04-09T22:49:56.487][Master] Read ECG writelog
[2019-04-09T22:50:03.363][Master] Write ECG writelog: WriteLogItem(1554850203094,E,WriteOperation(z,+,1))
[2019-04-09T22:50:03.470][Master] Read ECG writelog
[2019-04-09T22:50:13.232][Master] Write ECG writelog: WriteLogItem(1554850212656,C,WriteOperation(y,+,1))
[2019-04-09T22:50:13.464][Master] Read ECG writelog
[2019-04-09T22:50:24.529][Master] Write ECG writelog: WriteLogItem(1554850224368,E,WriteOperation(y,+,1))
[2019-04-09T22:50:24.635][Master] Read ECG writelog
[2019-04-09T22:50:29.059][Master] Write ECG writelog: WriteLogItem(1554850229057,A,WriteOperation(z,+,1))
[2019-04-09T22:50:29.061][Master] Read ECG writelog
[2019-04-09T22:50:37.676][Master] Write ECG writelog: WriteLogItem(1554850237330,C,WriteOperation(z,+,1))
[2019-04-09T22:50:37.906][Master] Read ECG writelog
[2019-04-09T22:50:46.459][Master] Write ECG writelog: WriteLogItem(1554850246299,E,WriteOperation(x,+,1))
[2019-04-09T22:50:46.566][Master] Read ECG writelog
[2019-04-09T22:50:52.864][Master] Write ECG writelog: WriteLogItem(1554850252518,C,WriteOperation(z,+,1))
[2019-04-09T22:50:53.095][Master] Read ECG writelog
[2019-04-09T22:51:03.640][Master] Write ECG writelog: WriteLogItem(1554850263063,D,WriteOperation(y,+,1))
[2019-04-09T22:51:03.871][Master] Read ECG writelog
[2019-04-09T22:51:10.254][Master] Write ECG writelog: WriteLogItem(1554850269908,C,WriteOperation(z,+,1))
[2019-04-09T22:51:10.485][Master] Read ECG writelog
[2019-04-09T22:51:20.586][Master] Write ECG writelog: WriteLogItem(1554850280240,C,WriteOperation(x,+,1))
[2019-04-09T22:51:20.816][Master] Read ECG writelog
[2019-04-09T22:51:26.564][Master] Write ECG writelog: WriteLogItem(1554850286558,A,WriteOperation(z,+,1))
[2019-04-09T22:51:26.565][Master] Read ECG writelog
[2019-04-09T22:51:33.180][Master] Write ECG writelog: WriteLogItem(1554850292914,E,WriteOperation(x,+,1))
[2019-04-09T22:51:33.287][Master] Read ECG writelog
[2019-04-09T22:51:42.817][Master] Write ECG writelog: WriteLogItem(1554850302471,C,WriteOperation(z,+,1))
[2019-04-09T22:51:43.047][Master] Read ECG writelog
[2019-04-09T22:51:53.066][Master] Write ECG writelog: WriteLogItem(1554850312709,C,WriteOperation(z,+,1))
[2019-04-09T22:51:53.302][Master] Read ECG writelog
[2019-04-09T22:52:01.411][Master] Write ECG writelog: WriteLogItem(1554850321252,E,WriteOperation(y,+,1))
[2019-04-09T22:52:01.517][Master] Read ECG writelog
[2019-04-09T22:52:08.835][Master] Write ECG writelog: WriteLogItem(1554850328675,E,WriteOperation(y,+,1))
[2019-04-09T22:52:08.941][Master] Read ECG writelog
[2019-04-09T22:52:16.635][Master] Write ECG writelog: WriteLogItem(1554850336368,F,WriteOperation(x,+,1))
[2019-04-09T22:52:16.742][Master] Read ECG writelog
[2019-04-09T22:52:23.401][Master] Write ECG writelog: WriteLogItem(1554850342824,C,WriteOperation(z,+,1))
[2019-04-09T22:52:23.634][Master] Read ECG writelog
[2019-04-09T22:52:33.256][Master] Write ECG writelog: WriteLogItem(1554850353095,F,WriteOperation(y,+,1))
[2019-04-09T22:52:33.362][Master] Read ECG writelog
[2019-04-09T22:52:43.034][Master] Write ECG writelog: WriteLogItem(1554850362681,C,WriteOperation(y,+,1))
[2019-04-09T22:52:43.265][Master] Read ECG writelog
[2019-04-09T22:52:49.576][Master] Write ECG writelog: WriteLogItem(1554850369570,B,WriteOperation(x,+,1))
[2019-04-09T22:52:49.578][Master] Read ECG writelog
[2019-04-09T22:52:57.776][Master] Write ECG writelog: WriteLogItem(1554850377426,C,WriteOperation(z,+,1))
[2019-04-09T22:52:58.007][Master] Read ECG writelog
[2019-04-09T22:53:10.060][Master] Write ECG writelog: WriteLogItem(1554850389714,C,WriteOperation(z,+,1))
[2019-04-09T22:53:10.291][Master] Read ECG writelog
[2019-04-09T22:53:20.863][Master] Write ECG writelog: WriteLogItem(1554850400288,D,WriteOperation(x,+,1))
[2019-04-09T22:53:21.094][Master] Read ECG writelog
[2019-04-09T22:53:28.398][Master] Write ECG writelog: WriteLogItem(1554850408394,A,WriteOperation(x,+,1))
[2019-04-09T22:53:28.406][Master] Read ECG writelog
[2019-04-09T22:53:35.649][Master] Write ECG writelog: WriteLogItem(1554850415382,F,WriteOperation(y,+,1))
[2019-04-09T22:53:35.759][Master] Read ECG writelog
[2019-04-09T22:53:44.995][Master] Write ECG writelog: WriteLogItem(1554850424650,D,WriteOperation(y,+,1))
[2019-04-09T22:53:45.226][Master] Read ECG writelog
[2019-04-09T22:53:53.051][Master] Write ECG writelog: WriteLogItem(1554850433048,A,WriteOperation(z,+,1))
[2019-04-09T22:53:53.052][Master] Read ECG writelog
[2019-04-09T22:53:56.623][Master] Write ECG writelog: WriteLogItem(1554850436618,B,WriteOperation(z,+,1))
[2019-04-09T22:53:56.624][Master] Read ECG writelog
[2019-04-09T22:54:02.903][Master] Write ECG writelog: WriteLogItem(1554850442557,D,WriteOperation(z,+,1))
[2019-04-09T22:54:03.133][Master] Read ECG writelog
[2019-04-09T22:54:05.386][Master] Write ECG writelog: WriteLogItem(1554850445384,A,WriteOperation(z,+,1))
[2019-04-09T22:54:05.390][Master] Read ECG writelog
[2019-04-09T22:54:08.941][Master] Write ECG writelog: WriteLogItem(1554850448940,B,WriteOperation(y,+,1))
[2019-04-09T22:54:08.943][Master] Read ECG writelog
[2019-04-09T22:54:16.039][Master] Write ECG writelog: WriteLogItem(1554850455457,C,WriteOperation(z,+,1))
[2019-04-09T22:54:16.273][Master] Read ECG writelog
[2019-04-09T22:54:22.744][Master] Write ECG writelog: WriteLogItem(1554850462741,B,WriteOperation(z,+,1))
[2019-04-09T22:54:22.745][Master] Read ECG writelog
[2019-04-09T22:54:29.628][Master] Write ECG writelog: WriteLogItem(1554850469278,C,WriteOperation(x,+,1))
[2019-04-09T22:54:29.860][Master] Read ECG writelog
[2019-04-09T22:54:32.458][Master] Write ECG writelog: WriteLogItem(1554850472454,A,WriteOperation(y,+,1))
[2019-04-09T22:54:32.459][Master] Read ECG writelog
[2019-04-09T22:54:39.195][Master] Write ECG writelog: WriteLogItem(1554850478618,D,WriteOperation(y,+,1))
[2019-04-09T22:54:39.426][Master] Read ECG writelog
[2019-04-09T22:54:50.933][Master] Write ECG writelog: WriteLogItem(1554850490588,D,WriteOperation(x,+,1))
[2019-04-09T22:54:51.164][Master] Read ECG writelog
[2019-04-09T22:54:58.214][Master] Write ECG writelog: WriteLogItem(1554850497867,D,WriteOperation(y,+,1))
[2019-04-09T22:54:58.445][Master] Read ECG writelog
[2019-04-09T22:55:09.810][Master] Write ECG writelog: WriteLogItem(1554850509463,D,WriteOperation(x,+,1))
[2019-04-09T22:55:10.041][Master] Read ECG writelog
[2019-04-09T22:55:11.725][Master] Write ECG writelog: WriteLogItem(1554850511721,A,WriteOperation(x,+,1))
[2019-04-09T22:55:11.726][Master] Read ECG writelog
[2019-04-09T22:55:15.261][Master] Write ECG writelog: WriteLogItem(1554850515257,B,WriteOperation(x,+,1))
[2019-04-09T22:55:15.262][Master] Read ECG writelog
[2019-04-09T22:55:19.955][Master] Write ECG writelog: WriteLogItem(1554850519953,B,WriteOperation(z,+,1))
[2019-04-09T22:55:19.957][Master] Read ECG writelog
[2019-04-09T22:55:21.538][Master] Write ECG writelog: WriteLogItem(1554850521537,A,WriteOperation(y,+,1))
[2019-04-09T22:55:21.541][Master] Read ECG writelog
[2019-04-09T22:55:27.332][Master] Write ECG writelog: WriteLogItem(1554850527066,F,WriteOperation(z,+,1))
[2019-04-09T22:55:27.438][Master] Read ECG writelog
[2019-04-09T22:55:35.928][Master] Write ECG writelog: WriteLogItem(1554850535769,E,WriteOperation(y,+,1))
[2019-04-09T22:55:36.034][Master] Read ECG writelog
[2019-04-09T22:55:37.807][Master] Write ECG writelog: WriteLogItem(1554850537805,A,WriteOperation(x,+,1))
[2019-04-09T22:55:37.808][Master] Read ECG writelog
[2019-04-09T22:55:41.051][Master] Write ECG writelog: WriteLogItem(1554850541049,A,WriteOperation(x,+,1))
[2019-04-09T22:55:41.055][Master] Read ECG writelog
[2019-04-09T22:55:47.053][Master] Write ECG writelog: WriteLogItem(1554850546890,F,WriteOperation(x,+,1))
[2019-04-09T22:55:47.160][Master] Read ECG writelog
[2019-04-09T22:55:54.013][Master] Write ECG writelog: WriteLogItem(1554850553854,E,WriteOperation(x,+,1))
[2019-04-09T22:55:54.119][Master] Read ECG writelog
[2019-04-09T22:56:01.903][Master] Write ECG writelog: WriteLogItem(1554850561743,F,WriteOperation(z,+,1))
[2019-04-09T22:56:02.010][Master] Read ECG writelog
[2019-04-09T22:56:08.639][Master] Write ECG writelog: WriteLogItem(1554850568480,E,WriteOperation(y,+,1))
[2019-04-09T22:56:08.745][Master] Read ECG writelog
[2019-04-09T22:56:10.548][Master] Write ECG writelog: WriteLogItem(1554850570545,B,WriteOperation(y,+,1))
[2019-04-09T22:56:10.549][Master] Read ECG writelog
[2019-04-09T22:56:17.806][Master] Write ECG writelog: WriteLogItem(1554850577222,D,WriteOperation(z,+,1))
[2019-04-09T22:56:18.038][Master] Read ECG writelog
[2019-04-09T22:56:23.096][Master] Write ECG writelog: WriteLogItem(1554850582937,E,WriteOperation(y,+,1))
[2019-04-09T22:56:23.202][Master] Read ECG writelog
[2019-04-09T22:56:24.949][Master] Write ECG writelog: WriteLogItem(1554850584944,A,WriteOperation(y,+,1))
[2019-04-09T22:56:24.950][Master] Read ECG writelog
[2019-04-09T22:56:29.503][Master] Write ECG writelog: WriteLogItem(1554850589498,B,WriteOperation(y,+,1))
[2019-04-09T22:56:29.504][Master] Read ECG writelog
[2019-04-09T22:56:34.273][Master] Write ECG writelog: WriteLogItem(1554850594006,F,WriteOperation(y,+,1))
[2019-04-09T22:56:34.379][Master] Read ECG writelog
[2019-04-09T22:56:44.097][Master] Write ECG writelog: WriteLogItem(1554850603747,D,WriteOperation(x,+,1))
[2019-04-09T22:56:44.329][Master] Read ECG writelog
[2019-04-09T22:56:52.884][Master] Write ECG writelog: WriteLogItem(1554850612723,F,WriteOperation(y,+,1))
[2019-04-09T22:56:52.991][Master] Read ECG writelog
[2019-04-09T22:57:00.377][Master] Write ECG writelog: WriteLogItem(1554850620217,F,WriteOperation(z,+,1))
[2019-04-09T22:57:00.484][Master] Read ECG writelog
[2019-04-09T22:57:41.372][Master] Write ECG writelog: WriteLogItem(1554850660797,C,WriteOperation(z,+,1))
[2019-04-09T22:57:41.602][Master] Read ECG writelog
[2019-04-09T22:57:52.715][Master] Write ECG writelog: WriteLogItem(1554850672369,C,WriteOperation(z,+,1))
[2019-04-09T22:57:52.946][Master] Read ECG writelog
[2019-04-09T22:57:58.544][Master] Write ECG writelog: WriteLogItem(1554850678541,B,WriteOperation(x,+,1))
[2019-04-09T22:57:58.544][Master] Read ECG writelog
[2019-04-09T22:58:00.636][Master] Write ECG writelog: WriteLogItem(1554850680633,A,WriteOperation(x,+,1))
[2019-04-09T22:58:00.636][Master] Read ECG writelog
[2019-04-09T22:58:02.325][Master] Write ECG writelog: WriteLogItem(1554850682324,B,WriteOperation(y,+,1))
[2019-04-09T22:58:02.326][Master] Read ECG writelog
[2019-04-09T22:58:09.115][Master] Write ECG writelog: WriteLogItem(1554850688539,D,WriteOperation(z,+,1))
[2019-04-09T22:58:09.349][Master] Read ECG writelog
[2019-04-09T22:58:14.602][Master] Write ECG writelog: WriteLogItem(1554850694335,E,WriteOperation(x,+,1))
[2019-04-09T22:58:14.709][Master] Read ECG writelog
[2019-04-09T22:58:19.527][Master] Write ECG writelog: WriteLogItem(1554850699525,B,WriteOperation(z,+,1))
[2019-04-09T22:58:19.527][Master] Read ECG writelog
[2019-04-09T22:58:21.034][Master] Write ECG writelog: WriteLogItem(1554850701032,A,WriteOperation(x,+,1))
[2019-04-09T22:58:21.035][Master] Read ECG writelog
[2019-04-09T22:58:25.345][Master] Write ECG writelog: WriteLogItem(1554850705078,F,WriteOperation(y,+,1))
[2019-04-09T22:58:25.454][Master] Read ECG writelog
[2019-04-09T22:58:35.035][Master] Write ECG writelog: WriteLogItem(1554850714459,C,WriteOperation(z,+,1))
[2019-04-09T22:58:35.266][Master] Read ECG writelog
[2019-04-09T22:58:41.710][Master] Write ECG writelog: WriteLogItem(1554850721707,B,WriteOperation(x,+,1))
[2019-04-09T22:58:41.711][Master] Read ECG writelog
[2019-04-09T22:58:45.554][Master] Write ECG writelog: WriteLogItem(1554850725552,A,WriteOperation(y,+,1))
[2019-04-09T22:58:45.555][Master] Read ECG writelog
[2019-04-09T22:58:52.524][Master] Write ECG writelog: WriteLogItem(1554850732259,E,WriteOperation(z,+,1))
[2019-04-09T22:58:52.631][Master] Read ECG writelog
[2019-04-09T22:58:57.488][Master] Write ECG writelog: WriteLogItem(1554850737486,B,WriteOperation(z,+,1))
[2019-04-09T22:58:57.489][Master] Read ECG writelog
[2019-04-09T22:59:02.135][Master] Write ECG writelog: WriteLogItem(1554850741975,E,WriteOperation(y,+,1))
[2019-04-09T22:59:02.241][Master] Read ECG writelog
[2019-04-09T22:59:06.565][Master] Write ECG writelog: WriteLogItem(1554850746300,F,WriteOperation(x,+,1))
[2019-04-09T22:59:06.673][Master] Read ECG writelog
[2019-04-09T22:59:14.474][Master] Write ECG writelog: WriteLogItem(1554850754315,E,WriteOperation(z,+,1))
[2019-04-09T22:59:14.580][Master] Read ECG writelog
[2019-04-09T22:59:22.019][Master] Write ECG writelog: WriteLogItem(1554850761859,E,WriteOperation(y,+,1))
[2019-04-09T22:59:22.125][Master] Read ECG writelog
[2019-04-09T22:59:28.478][Master] Write ECG writelog: WriteLogItem(1554850768319,E,WriteOperation(x,+,1))
[2019-04-09T22:59:28.584][Master] Read ECG writelog
[2019-04-09T22:59:39.418][Master] Write ECG writelog: WriteLogItem(1554850778842,D,WriteOperation(z,+,1))
[2019-04-09T22:59:39.649][Master] Read ECG writelog
[2019-04-09T22:59:50.546][Master] Write ECG writelog: WriteLogItem(1554850790199,D,WriteOperation(y,+,1))
[2019-04-09T22:59:50.776][Master] Read ECG writelog
[2019-04-09T22:59:53.264][Master] Write ECG writelog: WriteLogItem(1554850793262,A,WriteOperation(x,+,1))
[2019-04-09T22:59:53.265][Master] Read ECG writelog
[2019-04-09T22:59:57.062][Master] Write ECG writelog: WriteLogItem(1554850797060,B,WriteOperation(z,+,1))
[2019-04-09T22:59:57.063][Master] Read ECG writelog
[2019-04-09T23:00:00.614][Master] Write ECG writelog: WriteLogItem(1554850800612,A,WriteOperation(x,+,1))
[2019-04-09T23:00:00.617][Master] Read ECG writelog
[2019-04-09T23:00:02.827][Master] Write ECG writelog: WriteLogItem(1554850802826,A,WriteOperation(x,+,1))
[2019-04-09T23:00:02.828][Master] Read ECG writelog
[2019-04-09T23:00:09.192][Master] Write ECG writelog: WriteLogItem(1554850808843,D,WriteOperation(z,+,1))
[2019-04-09T23:00:09.423][Master] Read ECG writelog
[2019-04-09T23:00:16.432][Master] Write ECG writelog: WriteLogItem(1554850815857,C,WriteOperation(z,+,1))
[2019-04-09T23:00:16.663][Master] Read ECG writelog
[2019-04-09T23:00:21.050][Master] Write ECG writelog: WriteLogItem(1554850820772,E,WriteOperation(z,+,1))
[2019-04-09T23:00:21.162][Master] Read ECG writelog
[2019-04-09T23:00:22.913][Master] Write ECG writelog: WriteLogItem(1554850822912,A,WriteOperation(z,+,1))
[2019-04-09T23:00:22.914][Master] Read ECG writelog
[2019-04-09T23:00:24.987][Master] Write ECG writelog: WriteLogItem(1554850824985,B,WriteOperation(y,+,1))
[2019-04-09T23:00:24.987][Master] Read ECG writelog
[2019-04-09T23:00:32.527][Master] Write ECG writelog: WriteLogItem(1554850832182,C,WriteOperation(y,+,1))
[2019-04-09T23:00:32.757][Master] Read ECG writelog
[2019-04-09T23:00:35.373][Master] Write ECG writelog: WriteLogItem(1554850835367,B,WriteOperation(z,+,1))
[2019-04-09T23:00:35.376][Master] Read ECG writelog
[2019-04-09T23:00:39.800][Master] Write ECG writelog: WriteLogItem(1554850839635,E,WriteOperation(y,+,1))
[2019-04-09T23:00:39.912][Master] Read ECG writelog
[2019-04-09T23:00:41.887][Master] Write ECG writelog: WriteLogItem(1554850841885,A,WriteOperation(y,+,1))
[2019-04-09T23:00:41.888][Master] Read ECG writelog
[2019-04-09T23:00:46.192][Master] Write ECG writelog: WriteLogItem(1554850846027,E,WriteOperation(y,+,1))
[2019-04-09T23:00:46.305][Master] Read ECG writelog
[2019-04-09T23:00:53.355][Master] Write ECG writelog: WriteLogItem(1554850852779,D,WriteOperation(y,+,1))
[2019-04-09T23:00:53.586][Master] Read ECG writelog
[2019-04-09T23:00:55.910][Master] Write ECG writelog: WriteLogItem(1554850855909,B,WriteOperation(y,+,1))
[2019-04-09T23:00:55.912][Master] Read ECG writelog
[2019-04-09T23:01:02.916][Master] Write ECG writelog: WriteLogItem(1554850862749,E,WriteOperation(y,+,1))
[2019-04-09T23:01:03.028][Master] Read ECG writelog
[2019-04-09T23:01:04.878][Master] Write ECG writelog: WriteLogItem(1554850864876,A,WriteOperation(y,+,1))
[2019-04-09T23:01:04.879][Master] Read ECG writelog
[2019-04-09T23:01:13.640][Master] Write ECG writelog: WriteLogItem(1554850873066,C,WriteOperation(x,+,1))
[2019-04-09T23:01:13.870][Master] Read ECG writelog
[2019-04-09T23:01:15.634][Master] Write ECG writelog: WriteLogItem(1554850875633,A,WriteOperation(z,+,1))
[2019-04-09T23:01:15.638][Master] Read ECG writelog
[2019-04-09T23:01:20.015][Master] Write ECG writelog: WriteLogItem(1554850879850,E,WriteOperation(z,+,1))
[2019-04-09T23:01:20.128][Master] Read ECG writelog
[2019-04-09T23:01:24.302][Master] Write ECG writelog: WriteLogItem(1554850884039,F,WriteOperation(y,+,1))
[2019-04-09T23:01:24.408][Master] Read ECG writelog
[2019-04-09T23:01:32.893][Master] Write ECG writelog: WriteLogItem(1554850892728,E,WriteOperation(z,+,1))
[2019-04-09T23:01:33.005][Master] Read ECG writelog
[2019-04-09T23:01:37.931][Master] Write ECG writelog: WriteLogItem(1554850897772,F,WriteOperation(x,+,1))
[2019-04-09T23:01:38.036][Master] Read ECG writelog
[2019-04-09T23:01:44.524][Master] Write ECG writelog: WriteLogItem(1554850904358,E,WriteOperation(x,+,1))
[2019-04-09T23:01:44.636][Master] Read ECG writelog
[2019-04-09T23:01:54.280][Master] Write ECG writelog: WriteLogItem(1554850913703,D,WriteOperation(y,+,1))
[2019-04-09T23:01:54.511][Master] Read ECG writelog
[2019-04-09T23:02:01.540][Master] Write ECG writelog: WriteLogItem(1554850920965,C,WriteOperation(z,+,1))
[2019-04-09T23:02:01.769][Master] Read ECG writelog
[2019-04-09T23:02:03.735][Master] Write ECG writelog: WriteLogItem(1554850923733,A,WriteOperation(z,+,1))
[2019-04-09T23:02:03.737][Master] Read ECG writelog
[2019-04-09T23:02:09.917][Master] Write ECG writelog: WriteLogItem(1554850929572,C,WriteOperation(z,+,1))
[2019-04-09T23:02:10.147][Master] Read ECG writelog
[2019-04-09T23:02:12.296][Master] Write ECG writelog: WriteLogItem(1554850932294,A,WriteOperation(y,+,1))
[2019-04-09T23:02:12.297][Master] Read ECG writelog
[2019-04-09T23:02:16.368][Master] Write ECG writelog: WriteLogItem(1554850936365,B,WriteOperation(y,+,1))
[2019-04-09T23:02:16.368][Master] Read ECG writelog
[2019-04-09T23:02:22.904][Master] Write ECG writelog: WriteLogItem(1554850942608,F,WriteOperation(z,+,1))
[2019-04-09T23:02:23.022][Master] Read ECG writelog
[2019-04-09T23:02:32.774][Master] Write ECG writelog: WriteLogItem(1554850952201,C,WriteOperation(x,+,1))
[2019-04-09T23:02:33.004][Master] Read ECG writelog
[2019-04-09T23:02:46.391][Master] Write ECG writelog: WriteLogItem(1554850965817,D,WriteOperation(x,+,1))
[2019-04-09T23:02:46.621][Master] Read ECG writelog
[2019-04-09T23:02:53.116][Master] Write ECG writelog: WriteLogItem(1554850972771,D,WriteOperation(x,+,1))
[2019-04-09T23:02:53.346][Master] Read ECG writelog
[2019-04-09T23:02:58.420][Master] Write ECG writelog: WriteLogItem(1554850978125,F,WriteOperation(y,+,1))
[2019-04-09T23:02:58.538][Master] Read ECG writelog
[2019-04-09T23:03:05.998][Master] Write ECG writelog: WriteLogItem(1554850985703,E,WriteOperation(z,+,1))
[2019-04-09T23:03:06.116][Master] Read ECG writelog
[2019-04-09T23:03:10.893][Master] Write ECG writelog: WriteLogItem(1554850990716,E,WriteOperation(z,+,1))
[2019-04-09T23:03:11.011][Master] Read ECG writelog
[2019-04-09T23:03:15.749][Master] Write ECG writelog: WriteLogItem(1554850995572,F,WriteOperation(x,+,1))
[2019-04-09T23:03:15.866][Master] Read ECG writelog
[2019-04-09T23:03:20.894][Master] Write ECG writelog: WriteLogItem(1554851000891,B,WriteOperation(y,+,1))
[2019-04-09T23:03:20.894][Master] Read ECG writelog
[2019-04-09T23:03:29.293][Master] Write ECG writelog: WriteLogItem(1554851008718,C,WriteOperation(y,+,1))
[2019-04-09T23:03:29.525][Master] Read ECG writelog
[2019-04-09T23:03:41.177][Master] Write ECG writelog: WriteLogItem(1554851020601,D,WriteOperation(y,+,1))
[2019-04-09T23:03:41.407][Master] Read ECG writelog
[2019-04-09T23:03:47.918][Master] Write ECG writelog: WriteLogItem(1554851027571,D,WriteOperation(z,+,1))
[2019-04-09T23:03:48.149][Master] Read ECG writelog
[2019-04-09T23:03:56.610][Master] Write ECG writelog: WriteLogItem(1554851036602,A,WriteOperation(x,+,1))
[2019-04-09T23:03:56.612][Master] Read ECG writelog
[2019-04-09T23:04:02.706][Master] Write ECG writelog: WriteLogItem(1554851042409,F,WriteOperation(z,+,1))
[2019-04-09T23:04:02.825][Master] Read ECG writelog
[2019-04-09T23:04:07.868][Master] Write ECG writelog: WriteLogItem(1554851047866,A,WriteOperation(x,+,1))
[2019-04-09T23:04:07.868][Master] Read ECG writelog
[2019-04-09T23:04:13.062][Master] Write ECG writelog: WriteLogItem(1554851052766,E,WriteOperation(z,+,1))
[2019-04-09T23:04:13.181][Master] Read ECG writelog
[2019-04-09T23:04:20.278][Master] Write ECG writelog: WriteLogItem(1554851059702,C,WriteOperation(y,+,1))
[2019-04-09T23:04:20.508][Master] Read ECG writelog
[2019-04-09T23:04:29.663][Master] Write ECG writelog: WriteLogItem(1554851069484,E,WriteOperation(y,+,1))
[2019-04-09T23:04:29.781][Master] Read ECG writelog
[2019-04-09T23:04:32.086][Master] Write ECG writelog: WriteLogItem(1554851072084,A,WriteOperation(y,+,1))
[2019-04-09T23:04:32.088][Master] Read ECG writelog
[2019-04-09T23:04:39.549][Master] Write ECG writelog: WriteLogItem(1554851079370,E,WriteOperation(y,+,1))
[2019-04-09T23:04:39.667][Master] Read ECG writelog
[2019-04-09T23:04:44.278][Master] Write ECG writelog: WriteLogItem(1554851084276,A,WriteOperation(x,+,1))
[2019-04-09T23:04:44.280][Master] Read ECG writelog
[2019-04-09T23:04:46.647][Master] Write ECG writelog: WriteLogItem(1554851086646,A,WriteOperation(z,+,1))
[2019-04-09T23:04:46.648][Master] Read ECG writelog
[2019-04-09T23:05:26.768][Master] Write ECG writelog: WriteLogItem(1554851126191,D,WriteOperation(z,+,1))
[2019-04-09T23:05:27][Master] Read ECG writelog
[2019-04-09T23:05:33.306][Master] Write ECG writelog: WriteLogItem(1554851133303,B,WriteOperation(x,+,1))
[2019-04-09T23:05:33.306][Master] Read ECG writelog
[2019-04-09T23:05:41.700][Master] Write ECG writelog: WriteLogItem(1554851141354,C,WriteOperation(z,+,1))
[2019-04-09T23:05:41.930][Master] Read ECG writelog
[2019-04-09T23:05:48.750][Master] Write ECG writelog: WriteLogItem(1554851148404,C,WriteOperation(y,+,1))
[2019-04-09T23:05:48.980][Master] Read ECG writelog
[2019-04-09T23:05:51.618][Master] Write ECG writelog: WriteLogItem(1554851151616,A,WriteOperation(x,+,1))
[2019-04-09T23:05:51.619][Master] Read ECG writelog
[2019-04-09T23:05:58.755][Master] Write ECG writelog: WriteLogItem(1554851158458,E,WriteOperation(x,+,1))
[2019-04-09T23:05:58.881][Master] Read ECG writelog
[2019-04-09T23:06:00.666][Master] Write ECG writelog: WriteLogItem(1554851160664,A,WriteOperation(x,+,1))
[2019-04-09T23:06:00.667][Master] Read ECG writelog
[2019-04-09T23:06:06.645][Master] Write ECG writelog: WriteLogItem(1554851166348,F,WriteOperation(x,+,1))
[2019-04-09T23:06:06.764][Master] Read ECG writelog
[2019-04-09T23:06:12.139][Master] Write ECG writelog: WriteLogItem(1554851172137,A,WriteOperation(y,+,1))
[2019-04-09T23:06:12.141][Master] Read ECG writelog
[2019-04-09T23:06:20.445][Master] Write ECG writelog: WriteLogItem(1554851179869,D,WriteOperation(z,+,1))
[2019-04-09T23:06:20.677][Master] Read ECG writelog
[2019-04-09T23:06:31.590][Master] Write ECG writelog: WriteLogItem(1554851191015,C,WriteOperation(z,+,1))
[2019-04-09T23:06:31.821][Master] Read ECG writelog
[2019-04-09T23:06:34.236][Master] Write ECG writelog: WriteLogItem(1554851194233,B,WriteOperation(z,+,1))
[2019-04-09T23:06:34.241][Master] Read ECG writelog
[2019-04-09T23:06:38.038][Master] Write ECG writelog: WriteLogItem(1554851198036,B,WriteOperation(x,+,1))
[2019-04-09T23:06:38.038][Master] Read ECG writelog
[2019-04-09T23:06:40.993][Master] Write ECG writelog: WriteLogItem(1554851200991,B,WriteOperation(x,+,1))
[2019-04-09T23:06:40.993][Master] Read ECG writelog
[2019-04-09T23:06:44.928][Master] Write ECG writelog: WriteLogItem(1554851204926,B,WriteOperation(x,+,1))
[2019-04-09T23:06:44.930][Master] Read ECG writelog
[2019-04-09T23:06:52.885][Master] Write ECG writelog: WriteLogItem(1554851212589,F,WriteOperation(y,+,1))
[2019-04-09T23:06:53.004][Master] Read ECG writelog
[2019-04-09T23:07:02.336][Master] Write ECG writelog: WriteLogItem(1554851222040,E,WriteOperation(y,+,1))
[2019-04-09T23:07:02.455][Master] Read ECG writelog
[2019-04-09T23:07:11.500][Master] Write ECG writelog: WriteLogItem(1554851231321,F,WriteOperation(y,+,1))
[2019-04-09T23:07:11.618][Master] Read ECG writelog
[2019-04-09T23:07:21.216][Master] Write ECG writelog: WriteLogItem(1554851240640,D,WriteOperation(x,+,1))
[2019-04-09T23:07:21.446][Master] Read ECG writelog
[2019-04-09T23:07:32.485][Master] Write ECG writelog: WriteLogItem(1554851252138,D,WriteOperation(x,+,1))
[2019-04-09T23:07:32.715][Master] Read ECG writelog
[2019-04-09T23:07:39.583][Master] Write ECG writelog: WriteLogItem(1554851259008,C,WriteOperation(z,+,1))
[2019-04-09T23:07:39.813][Master] Read ECG writelog
[2019-04-09T23:07:44.408][Master] Write ECG writelog: WriteLogItem(1554851264111,F,WriteOperation(x,+,1))
[2019-04-09T23:07:44.527][Master] Read ECG writelog
[2019-04-09T23:07:49.337][Master] Write ECG writelog: WriteLogItem(1554851269043,E,WriteOperation(z,+,1))
[2019-04-09T23:07:49.456][Master] Read ECG writelog
[2019-04-09T23:07:55.642][Master] Write ECG writelog: WriteLogItem(1554851275297,C,WriteOperation(z,+,1))
[2019-04-09T23:07:55.872][Master] Read ECG writelog
[2019-04-09T23:07:57.960][Master] Write ECG writelog: WriteLogItem(1554851277957,B,WriteOperation(z,+,1))
[2019-04-09T23:07:57.963][Master] Read ECG writelog
[2019-04-09T23:08:06.894][Master] Write ECG writelog: WriteLogItem(1554851286548,C,WriteOperation(x,+,1))
[2019-04-09T23:08:07.124][Master] Read ECG writelog
[2019-04-09T23:08:18.945][Master] Write ECG writelog: WriteLogItem(1554851298364,D,WriteOperation(x,+,1))
[2019-04-09T23:08:19.175][Master] Read ECG writelog
[2019-04-09T23:08:25.639][Master] Write ECG writelog: WriteLogItem(1554851305063,C,WriteOperation(x,+,1))
[2019-04-09T23:08:25.869][Master] Read ECG writelog
[2019-04-09T23:08:37.730][Master] Write ECG writelog: WriteLogItem(1554851317384,C,WriteOperation(x,+,1))
[2019-04-09T23:08:37.961][Master] Read ECG writelog
[2019-04-09T23:08:48.059][Master] Write ECG writelog: WriteLogItem(1554851327714,D,WriteOperation(x,+,1))
[2019-04-09T23:08:48.289][Master] Read ECG writelog
[2019-04-09T23:09:00.765][Master] Write ECG writelog: WriteLogItem(1554851340190,C,WriteOperation(y,+,1))
[2019-04-09T23:09:00.995][Master] Read ECG writelog
[2019-04-09T23:09:08.155][Master] Write ECG writelog: WriteLogItem(1554851347581,D,WriteOperation(y,+,1))
[2019-04-09T23:09:08.386][Master] Read ECG writelog
[2019-04-09T23:09:13.850][Master] Write ECG writelog: WriteLogItem(1554851353847,A,WriteOperation(z,+,1))
[2019-04-09T23:09:13.851][Master] Read ECG writelog
[2019-04-09T23:09:20.813][Master] Write ECG writelog: WriteLogItem(1554851360516,F,WriteOperation(x,+,1))
[2019-04-09T23:09:20.931][Master] Read ECG writelog
[2019-04-09T23:09:25.730][Master] Write ECG writelog: WriteLogItem(1554851365553,F,WriteOperation(y,+,1))
[2019-04-09T23:09:25.848][Master] Read ECG writelog
[2019-04-09T23:09:28.378][Master] Write ECG writelog: WriteLogItem(1554851368375,B,WriteOperation(z,+,1))
[2019-04-09T23:09:28.379][Master] Read ECG writelog
[2019-04-09T23:09:32.460][Master] Write ECG writelog: WriteLogItem(1554851372458,B,WriteOperation(z,+,1))
[2019-04-09T23:09:32.460][Master] Read ECG writelog
[2019-04-09T23:09:35.335][Master] Write ECG writelog: WriteLogItem(1554851375334,B,WriteOperation(x,+,1))
[2019-04-09T23:09:35.337][Master] Read ECG writelog
[2019-04-09T23:09:41.355][Master] Write ECG writelog: WriteLogItem(1554851381058,E,WriteOperation(x,+,1))
[2019-04-09T23:09:41.474][Master] Read ECG writelog
[2019-04-09T23:09:43.412][Master] Write ECG writelog: WriteLogItem(1554851383410,B,WriteOperation(z,+,1))
[2019-04-09T23:09:43.412][Master] Read ECG writelog
[2019-04-09T23:09:49.758][Master] Write ECG writelog: WriteLogItem(1554851389580,F,WriteOperation(y,+,1))
[2019-04-09T23:09:49.876][Master] Read ECG writelog
[2019-04-09T23:09:52.143][Master] Write ECG writelog: WriteLogItem(1554851392142,B,WriteOperation(z,+,1))
[2019-04-09T23:09:52.144][Master] Read ECG writelog
[2019-04-09T23:09:55.941][Master] Write ECG writelog: WriteLogItem(1554851395940,B,WriteOperation(z,+,1))
[2019-04-09T23:09:55.942][Master] Read ECG writelog
[2019-04-09T23:10:03.885][Master] Write ECG writelog: WriteLogItem(1554851403309,C,WriteOperation(y,+,1))
[2019-04-09T23:10:04.115][Master] Read ECG writelog
[2019-04-09T23:10:10.385][Master] Write ECG writelog: WriteLogItem(1554851410038,C,WriteOperation(y,+,1))
[2019-04-09T23:10:10.615][Master] Read ECG writelog
[2019-04-09T23:10:15.734][Master] Write ECG writelog: WriteLogItem(1554851415439,E,WriteOperation(x,+,1))
[2019-04-09T23:10:15.852][Master] Read ECG writelog
[2019-04-09T23:10:25.532][Master] Write ECG writelog: WriteLogItem(1554851425186,C,WriteOperation(x,+,1))
[2019-04-09T23:10:25.762][Master] Read ECG writelog
[2019-04-09T23:10:31.079][Master] Write ECG writelog: WriteLogItem(1554851430901,E,WriteOperation(z,+,1))
[2019-04-09T23:10:31.197][Master] Read ECG writelog
[2019-04-09T23:10:33.567][Master] Write ECG writelog: WriteLogItem(1554851433565,A,WriteOperation(z,+,1))
[2019-04-09T23:10:33.567][Master] Read ECG writelog
[2019-04-09T23:10:40.099][Master] Write ECG writelog: WriteLogItem(1554851439922,E,WriteOperation(y,+,1))
[2019-04-09T23:10:40.217][Master] Read ECG writelog
[2019-04-09T23:10:45.216][Master] Write ECG writelog: WriteLogItem(1554851445209,A,WriteOperation(z,+,1))
[2019-04-09T23:10:45.217][Master] Read ECG writelog
[2019-04-09T23:10:50.268][Master] Write ECG writelog: WriteLogItem(1554851450267,A,WriteOperation(x,+,1))
[2019-04-09T23:10:50.270][Master] Read ECG writelog
[2019-04-09T23:10:53.672][Master] Write ECG writelog: WriteLogItem(1554851453670,B,WriteOperation(y,+,1))
[2019-04-09T23:10:53.673][Master] Read ECG writelog
[2019-04-09T23:10:57.635][Master] Write ECG writelog: WriteLogItem(1554851457633,B,WriteOperation(y,+,1))
[2019-04-09T23:10:57.635][Master] Read ECG writelog
[2019-04-09T23:11:04.256][Master] Write ECG writelog: WriteLogItem(1554851463960,E,WriteOperation(x,+,1))
[2019-04-09T23:11:04.375][Master] Read ECG writelog
[2019-04-09T23:11:09.722][Master] Write ECG writelog: WriteLogItem(1554851469721,B,WriteOperation(x,+,1))
[2019-04-09T23:11:09.724][Master] Read ECG writelog
[2019-04-09T23:11:13.479][Master] Write ECG writelog: WriteLogItem(1554851473477,A,WriteOperation(x,+,1))
[2019-04-09T23:11:13.480][Master] Read ECG writelog
[2019-04-09T23:11:19.604][Master] Write ECG writelog: WriteLogItem(1554851479308,F,WriteOperation(z,+,1))
[2019-04-09T23:11:19.722][Master] Read ECG writelog
[2019-04-09T23:11:29.699][Master] Write ECG writelog: WriteLogItem(1554851489124,D,WriteOperation(y,+,1))
[2019-04-09T23:11:29.928][Master] Read ECG writelog
[2019-04-09T23:11:38.983][Master] Write ECG writelog: WriteLogItem(1554851498805,F,WriteOperation(y,+,1))
[2019-04-09T23:11:39.101][Master] Read ECG writelog
[2019-04-09T23:11:43.763][Master] Write ECG writelog: WriteLogItem(1554851503585,F,WriteOperation(y,+,1))
[2019-04-09T23:11:43.881][Master] Read ECG writelog
[2019-04-09T23:11:50.372][Master] Write ECG writelog: WriteLogItem(1554851510027,D,WriteOperation(x,+,1))
[2019-04-09T23:11:50.601][Master] Read ECG writelog
[2019-04-09T23:12:00.270][Master] Write ECG writelog: WriteLogItem(1554851520092,F,WriteOperation(z,+,1))
[2019-04-09T23:12:00.388][Master] Read ECG writelog
[2019-04-09T23:12:04.765][Master] Write ECG writelog: WriteLogItem(1554851524762,B,WriteOperation(x,+,1))
[2019-04-09T23:12:04.766][Master] Read ECG writelog
[2019-04-09T23:12:11.784][Master] Write ECG writelog: WriteLogItem(1554851531488,E,WriteOperation(x,+,1))
[2019-04-09T23:12:11.902][Master] Read ECG writelog
[2019-04-09T23:12:16.029][Master] Write ECG writelog: WriteLogItem(1554851536027,B,WriteOperation(y,+,1))
[2019-04-09T23:12:16.029][Master] Read ECG writelog
[2019-04-09T23:12:21.549][Master] Write ECG writelog: WriteLogItem(1554851541372,E,WriteOperation(y,+,1))
[2019-04-09T23:12:21.667][Master] Read ECG writelog
[2019-04-09T23:12:31.132][Master] Write ECG writelog: WriteLogItem(1554851550557,D,WriteOperation(z,+,1))
[2019-04-09T23:12:31.361][Master] Read ECG writelog
[2019-04-09T23:12:43.339][Master] Write ECG writelog: WriteLogItem(1554851562765,C,WriteOperation(x,+,1))
[2019-04-09T23:12:43.570][Master] Read ECG writelog
[2019-04-09T23:12:50.847][Master] Write ECG writelog: WriteLogItem(1554851570503,D,WriteOperation(z,+,1))
[2019-04-09T23:12:51.077][Master] Read ECG writelog
[2019-04-09T23:12:58.005][Master] Write ECG writelog: WriteLogItem(1554851578003,A,WriteOperation(z,+,1))
[2019-04-09T23:12:58.006][Master] Read ECG writelog
[2019-04-09T23:13:05.261][Master] Write ECG writelog: WriteLogItem(1554851584966,F,WriteOperation(z,+,1))
[2019-04-09T23:13:05.379][Master] Read ECG writelog
[2019-04-09T23:13:14.126][Master] Write ECG writelog: WriteLogItem(1554851593949,F,WriteOperation(y,+,1))
[2019-04-09T23:13:14.244][Master] Read ECG writelog
[2019-04-09T23:13:19.059][Master] Write ECG writelog: WriteLogItem(1554851599056,B,WriteOperation(x,+,1))
[2019-04-09T23:13:19.060][Master] Read ECG writelog
[2019-04-09T23:13:27.726][Master] Write ECG writelog: WriteLogItem(1554851607151,C,WriteOperation(z,+,1))
[2019-04-09T23:13:27.956][Master] Read ECG writelog
[2019-04-09T23:14:02.994][Master] Write ECG writelog: WriteLogItem(1554851642993,B,WriteOperation(x,+,1))
[2019-04-09T23:14:02.995][Master] Read ECG writelog
[2019-04-09T23:14:09.522][Master] Write ECG writelog: WriteLogItem(1554851649225,F,WriteOperation(y,+,1))
[2019-04-09T23:14:09.641][Master] Read ECG writelog
[2019-04-09T23:14:14.723][Master] Write ECG writelog: WriteLogItem(1554851654545,F,WriteOperation(z,+,1))
[2019-04-09T23:14:14.842][Master] Read ECG writelog
[2019-04-09T23:14:20.485][Master] Write ECG writelog: WriteLogItem(1554851660481,A,WriteOperation(z,+,1))
[2019-04-09T23:14:20.486][Master] Read ECG writelog
[2019-04-09T23:14:27.524][Master] Write ECG writelog: WriteLogItem(1554851667346,F,WriteOperation(z,+,1))
[2019-04-09T23:14:27.643][Master] Read ECG writelog
[2019-04-09T23:14:36.739][Master] Write ECG writelog: WriteLogItem(1554851676164,C,WriteOperation(x,+,1))
[2019-04-09T23:14:36.969][Master] Read ECG writelog
[2019-04-09T23:14:48.283][Master] Write ECG writelog: WriteLogItem(1554851687936,C,WriteOperation(x,+,1))
[2019-04-09T23:14:48.512][Master] Read ECG writelog
[2019-04-09T23:14:51.155][Master] Write ECG writelog: WriteLogItem(1554851691153,B,WriteOperation(z,+,1))
[2019-04-09T23:14:51.155][Master] Read ECG writelog
[2019-04-09T23:14:58.101][Master] Write ECG writelog: WriteLogItem(1554851697806,F,WriteOperation(y,+,1))
[2019-04-09T23:14:58.221][Master] Read ECG writelog
[2019-04-09T23:15:00.688][Master] Write ECG writelog: WriteLogItem(1554851700685,A,WriteOperation(z,+,1))
[2019-04-09T23:15:00.689][Master] Read ECG writelog
[2019-04-09T23:15:05.028][Master] Write ECG writelog: WriteLogItem(1554851705025,A,WriteOperation(x,+,1))
[2019-04-09T23:15:05.029][Master] Read ECG writelog
[2019-04-09T23:15:08.658][Master] Write ECG writelog: WriteLogItem(1554851708656,A,WriteOperation(y,+,1))
[2019-04-09T23:15:08.658][Master] Read ECG writelog
[2019-04-09T23:15:17.802][Master] Write ECG writelog: WriteLogItem(1554851717228,D,WriteOperation(y,+,1))
[2019-04-09T23:15:18.031][Master] Read ECG writelog
[2019-04-09T23:15:30.487][Master] Write ECG writelog: WriteLogItem(1554851730142,C,WriteOperation(z,+,1))
[2019-04-09T23:15:30.717][Master] Read ECG writelog
[2019-04-09T23:15:32.678][Master] Write ECG writelog: WriteLogItem(1554851732677,A,WriteOperation(y,+,1))
[2019-04-09T23:15:32.679][Master] Read ECG writelog
[2019-04-09T23:15:38.479][Master] Write ECG writelog: WriteLogItem(1554851738301,E,WriteOperation(x,+,1))
[2019-04-09T23:15:38.598][Master] Read ECG writelog
[2019-04-09T23:15:44.908][Master] Write ECG writelog: WriteLogItem(1554851744904,B,WriteOperation(z,+,1))
[2019-04-09T23:15:44.909][Master] Read ECG writelog
[2019-04-09T23:15:49.656][Master] Write ECG writelog: WriteLogItem(1554851749655,B,WriteOperation(y,+,1))
[2019-04-09T23:15:49.658][Master] Read ECG writelog
[2019-04-09T23:15:57.196][Master] Write ECG writelog: WriteLogItem(1554851756851,C,WriteOperation(x,+,1))
[2019-04-09T23:15:57.427][Master] Read ECG writelog
[2019-04-09T23:16:02.974][Master] Write ECG writelog: WriteLogItem(1554851762678,F,WriteOperation(z,+,1))
[2019-04-09T23:16:03.093][Master] Read ECG writelog
[2019-04-09T23:16:12.677][Master] Write ECG writelog: WriteLogItem(1554851772331,C,WriteOperation(y,+,1))
[2019-04-09T23:16:12.907][Master] Read ECG writelog
[2019-04-09T23:16:24.093][Master] Write ECG writelog: WriteLogItem(1554851783796,E,WriteOperation(z,+,1))
[2019-04-09T23:16:24.212][Master] Read ECG writelog
[2019-04-09T23:16:26.243][Master] Write ECG writelog: WriteLogItem(1554851786240,A,WriteOperation(x,+,1))
[2019-04-09T23:16:26.244][Master] Read ECG writelog
[2019-04-09T23:16:29.981][Master] Write ECG writelog: WriteLogItem(1554851789980,A,WriteOperation(z,+,1))
[2019-04-09T23:16:29.988][Master] Read ECG writelog
[2019-04-09T23:16:38.014][Master] Write ECG writelog: WriteLogItem(1554851797439,D,WriteOperation(z,+,1))
[2019-04-09T23:16:38.245][Master] Read ECG writelog
[2019-04-09T23:16:45.100][Master] Write ECG writelog: WriteLogItem(1554851805097,B,WriteOperation(y,+,1))
[2019-04-09T23:16:45.101][Master] Read ECG writelog
[2019-04-09T23:16:49.671][Master] Write ECG writelog: WriteLogItem(1554851809376,F,WriteOperation(z,+,1))
[2019-04-09T23:16:49.788][Master] Read ECG writelog
[2019-04-09T23:16:57.229][Master] Write ECG writelog: WriteLogItem(1554851817053,F,WriteOperation(y,+,1))
[2019-04-09T23:16:57.347][Master] Read ECG writelog
[2019-04-09T23:17:04.612][Master] Write ECG writelog: WriteLogItem(1554851824266,D,WriteOperation(y,+,1))
[2019-04-09T23:17:04.843][Master] Read ECG writelog
[2019-04-09T23:17:07.427][Master] Write ECG writelog: WriteLogItem(1554851827424,A,WriteOperation(y,+,1))
[2019-04-09T23:17:07.428][Master] Read ECG writelog
[2019-04-09T23:17:11.581][Master] Write ECG writelog: WriteLogItem(1554851831580,A,WriteOperation(x,+,1))
[2019-04-09T23:17:11.582][Master] Read ECG writelog
[2019-04-09T23:17:19.141][Master] Write ECG writelog: WriteLogItem(1554851838796,D,WriteOperation(z,+,1))
[2019-04-09T23:17:19.372][Master] Read ECG writelog
[2019-04-09T23:17:28.528][Master] Write ECG writelog: WriteLogItem(1554851848232,E,WriteOperation(x,+,1))
[2019-04-09T23:17:28.646][Master] Read ECG writelog
[2019-04-09T23:17:36.116][Master] Write ECG writelog: WriteLogItem(1554851855820,F,WriteOperation(x,+,1))
[2019-04-09T23:17:36.235][Master] Read ECG writelog
[2019-04-09T23:17:42.222][Master] Write ECG writelog: WriteLogItem(1554851862220,B,WriteOperation(y,+,1))
[2019-04-09T23:17:42.223][Master] Read ECG writelog
[2019-04-09T23:17:44.736][Master] Write ECG writelog: WriteLogItem(1554851864734,A,WriteOperation(y,+,1))
[2019-04-09T23:17:44.737][Master] Read ECG writelog
[2019-04-09T23:17:51.659][Master] Write ECG writelog: WriteLogItem(1554851871480,F,WriteOperation(z,+,1))
[2019-04-09T23:17:51.777][Master] Read ECG writelog
[2019-04-09T23:17:58.667][Master] Write ECG writelog: WriteLogItem(1554851878488,F,WriteOperation(x,+,1))
[2019-04-09T23:17:58.786][Master] Read ECG writelog
[2019-04-09T23:18:06.034][Master] Write ECG writelog: WriteLogItem(1554851885461,D,WriteOperation(y,+,1))
[2019-04-09T23:18:06.264][Master] Read ECG writelog
[2019-04-09T23:18:17.962][Master] Write ECG writelog: WriteLogItem(1554851897387,C,WriteOperation(x,+,1))
[2019-04-09T23:18:18.192][Master] Read ECG writelog
[2019-04-09T23:18:25.363][Master] Write ECG writelog: WriteLogItem(1554851905360,B,WriteOperation(x,+,1))
[2019-04-09T23:18:25.364][Master] Read ECG writelog
[2019-04-09T23:18:27.356][Master] Write ECG writelog: WriteLogItem(1554851907355,B,WriteOperation(y,+,1))
[2019-04-09T23:18:27.357][Master] Read ECG writelog
[2019-04-09T23:18:29.526][Master] Write ECG writelog: WriteLogItem(1554851909525,A,WriteOperation(z,+,1))
[2019-04-09T23:18:29.528][Master] Read ECG writelog
[2019-04-09T23:18:38.601][Master] Write ECG writelog: WriteLogItem(1554851918257,C,WriteOperation(x,+,1))
[2019-04-09T23:18:38.830][Master] Read ECG writelog
[2019-04-09T23:18:41.044][Master] Write ECG writelog: WriteLogItem(1554851921042,B,WriteOperation(x,+,1))
[2019-04-09T23:18:41.045][Master] Read ECG writelog
[2019-04-09T23:18:43.038][Master] Write ECG writelog: WriteLogItem(1554851923037,B,WriteOperation(y,+,1))
[2019-04-09T23:18:43.039][Master] Read ECG writelog
[2019-04-09T23:18:45.207][Master] Write ECG writelog: WriteLogItem(1554851925206,B,WriteOperation(z,+,1))
[2019-04-09T23:18:45.208][Master] Read ECG writelog
[2019-04-09T23:18:51.581][Master] Write ECG writelog: WriteLogItem(1554851931285,F,WriteOperation(z,+,1))
[2019-04-09T23:18:51.703][Master] Read ECG writelog
[2019-04-09T23:18:56.967][Master] Write ECG writelog: WriteLogItem(1554851936965,B,WriteOperation(z,+,1))
[2019-04-09T23:18:56.968][Master] Read ECG writelog
[2019-04-09T23:19:02.640][Master] Write ECG writelog: WriteLogItem(1554851942344,E,WriteOperation(y,+,1))
[2019-04-09T23:19:02.758][Master] Read ECG writelog
[2019-04-09T23:19:12.827][Master] Write ECG writelog: WriteLogItem(1554851952253,C,WriteOperation(x,+,1))
[2019-04-09T23:19:13.057][Master] Read ECG writelog
[2019-04-09T23:19:20.323][Master] Write ECG writelog: WriteLogItem(1554851960320,A,WriteOperation(z,+,1))
[2019-04-09T23:19:20.324][Master] Read ECG writelog
[2019-04-09T23:19:24.951][Master] Write ECG writelog: WriteLogItem(1554851964949,B,WriteOperation(x,+,1))
[2019-04-09T23:19:24.953][Master] Read ECG writelog
[2019-04-09T23:19:31.619][Master] Write ECG writelog: WriteLogItem(1554851971322,F,WriteOperation(x,+,1))
[2019-04-09T23:19:31.737][Master] Read ECG writelog
[2019-04-09T23:19:34.124][Master] Write ECG writelog: WriteLogItem(1554851974123,A,WriteOperation(z,+,1))
[2019-04-09T23:19:34.125][Master] Read ECG writelog
[2019-04-09T23:19:36.975][Master] Write ECG writelog: WriteLogItem(1554851976974,B,WriteOperation(y,+,1))
[2019-04-09T23:19:36.976][Master] Read ECG writelog
[2019-04-09T23:19:41.502][Master] Write ECG writelog: WriteLogItem(1554851981501,B,WriteOperation(y,+,1))
[2019-04-09T23:19:41.503][Master] Read ECG writelog
[2019-04-09T23:19:45.587][Master] Write ECG writelog: WriteLogItem(1554851985409,F,WriteOperation(z,+,1))
[2019-04-09T23:19:45.705][Master] Read ECG writelog
[2019-04-09T23:19:55.125][Master] Write ECG writelog: WriteLogItem(1554851994549,D,WriteOperation(z,+,1))
[2019-04-09T23:19:55.355][Master] Read ECG writelog
[2019-04-09T23:20:06.663][Master] Write ECG writelog: WriteLogItem(1554852006317,D,WriteOperation(z,+,1))
[2019-04-09T23:20:06.893][Master] Read ECG writelog
[2019-04-09T23:20:12.400][Master] Write ECG writelog: WriteLogItem(1554852012398,B,WriteOperation(z,+,1))
[2019-04-09T23:20:12.401][Master] Read ECG writelog
[2019-04-09T23:20:19.495][Master] Write ECG writelog: WriteLogItem(1554852019198,F,WriteOperation(y,+,1))
[2019-04-09T23:20:19.614][Master] Read ECG writelog
[2019-04-09T23:20:26.267][Master] Write ECG writelog: WriteLogItem(1554852025692,D,WriteOperation(x,+,1))
[2019-04-09T23:20:26.497][Master] Read ECG writelog
[2019-04-09T23:20:32.996][Master] Write ECG writelog: WriteLogItem(1554852032651,D,WriteOperation(z,+,1))
[2019-04-09T23:20:33.226][Master] Read ECG writelog
[2019-04-09T23:20:43.349][Master] Write ECG writelog: WriteLogItem(1554852043171,E,WriteOperation(y,+,1))
[2019-04-09T23:20:43.467][Master] Read ECG writelog
[2019-04-09T23:20:47.846][Master] Write ECG writelog: WriteLogItem(1554852047844,A,WriteOperation(z,+,1))
[2019-04-09T23:20:47.847][Master] Read ECG writelog
[2019-04-09T23:20:54.171][Master] Write ECG writelog: WriteLogItem(1554852053993,E,WriteOperation(x,+,1))
[2019-04-09T23:20:54.289][Master] Read ECG writelog
[2019-04-09T23:21:00.968][Master] Write ECG writelog: WriteLogItem(1554852060966,B,WriteOperation(y,+,1))
[2019-04-09T23:21:00.969][Master] Read ECG writelog
[2019-04-09T23:21:02.833][Master] Write ECG writelog: WriteLogItem(1554852062832,A,WriteOperation(x,+,1))
[2019-04-09T23:21:02.834][Master] Read ECG writelog
[2019-04-09T23:21:10.572][Master] Write ECG writelog: WriteLogItem(1554852069996,C,WriteOperation(x,+,1))
[2019-04-09T23:21:10.805][Master] Read ECG writelog
[2019-04-09T23:21:20.988][Master] Write ECG writelog: WriteLogItem(1554852080694,E,WriteOperation(x,+,1))
[2019-04-09T23:21:21.106][Master] Read ECG writelog
[2019-04-09T23:21:26.090][Master] Write ECG writelog: WriteLogItem(1554852086088,B,WriteOperation(y,+,1))
[2019-04-09T23:21:26.091][Master] Read ECG writelog
[2019-04-09T23:21:30.933][Master] Write ECG writelog: WriteLogItem(1554852090637,F,WriteOperation(y,+,1))
[2019-04-09T23:21:31.051][Master] Read ECG writelog
[2019-04-09T23:21:36.026][Master] Write ECG writelog: WriteLogItem(1554852096024,A,WriteOperation(y,+,1))
[2019-04-09T23:21:36.027][Master] Read ECG writelog
[2019-04-09T23:21:40.023][Master] Write ECG writelog: WriteLogItem(1554852099846,F,WriteOperation(x,+,1))
[2019-04-09T23:21:40.142][Master] Read ECG writelog
/home/sven/.sdkman/candidates/scala/current/bin/scala: line 21: 19943 Killed                  "$@"
