Initialize experiment
=> Setup instance-01
=> Setup instance-02
=> Setup instance-03

Start master and replicas
=> Start master on instance-01
=> Start Replica A on instance-01
=> Start Replica B on instance-01
=> Start Replica C on instance-02
=> Start Replica D on instance-02
=> Start Replica E on instance-03
=> Start Replica F on instance-03

Random reads and writes
(1/20) ReplicaA: [2019-04-09T22:40:40.681][Client] Write key = x and value = 1 in 266ms
(2/20) ReplicaD: [2019-04-09T22:40:47.551][Client] Write key = z and value = 1 in 1816ms
(3/20) ReplicaD: [2019-04-09T22:40:54.170][Client] Write key = z and value = 1 in 1762ms
(4/20) ReplicaC: [2019-04-09T22:41:00.971][Client] Write key = y and value = 1 in 2026ms
(5/20) ReplicaB: [2019-04-09T22:41:02.868][Client] Write key = x and value = 1 in 236ms
(6/20) ReplicaB: [2019-04-09T22:41:05.345][Client] Write key = x and value = 1 in 193ms
(7/20) ReplicaF: [2019-04-09T22:41:10.293][Client] Write key = y and value = 1 in 1042ms
(8/20) ReplicaD: [2019-04-09T22:41:24.166][Client] Write key = x and value = 1 in 8185ms
(9/20) ReplicaE: [2019-04-09T22:41:29.092][Client] Write key = y and value = 1 in 1049ms
(10/20) ReplicaD: [2019-04-09T22:41:35.849][Client] Write key = y and value = 1 in 1765ms
(11/20) ReplicaB: [2019-04-09T22:41:40.463][Client] Write key = x and value = 1 in 2940ms
(12/20) ReplicaB: [2019-04-09T22:41:42.071][Client] Write key = y and value = 1 in 165ms
(13/20) ReplicaC: [2019-04-09T22:41:48.782][Client] Write key = z and value = 1 in 1997ms
(14/20) ReplicaE: [2019-04-09T22:41:53.322][Client] Write key = y and value = 1 in 892ms
(15/20) ReplicaD: [2019-04-09T22:42:00.562][Client] Write key = z and value = 1 in 1788ms
(16/20) ReplicaB: [2019-04-09T22:42:02.182][Client] Write key = z and value = 1 in 168ms
(17/20) ReplicaB: [2019-04-09T22:42:05.707][Client] Write key = y and value = 1 in 1542ms
(18/20) ReplicaC: [2019-04-09T22:42:12.668][Client] Write key = y and value = 1 in 1763ms
(19/20) ReplicaB: [2019-04-09T22:42:14.842][Client] Write key = x and value = 1 in 164ms
(20/20) ReplicaE: [2019-04-09T22:42:19.546][Client] Write key = y and value = 1 in 996ms
(21/20) ReplicaA: [2019-04-09T22:42:21.104][Client] Write key = x and value = 1 in 165ms
(22/20) ReplicaE: [2019-04-09T22:42:26.134][Client] Write key = y and value = 1 in 897ms
(23/20) ReplicaA: [2019-04-09T22:42:30.719][Client] Write key = y and value = 1 in 2928ms
(24/20) ReplicaD: [2019-04-09T22:42:42.515][Client] Write key = y and value = 1 in 6465ms
(25/20) ReplicaB: [2019-04-09T22:42:47.125][Client] Write key = y and value = 1 in 2208ms
(26/20) ReplicaD: [2019-04-09T22:42:54.493][Client] Write key = z and value = 1 in 1773ms
(27/20) ReplicaE: [2019-04-09T22:43:03.427][Client] Write key = x and value = 1 in 5085ms
(28/20) ReplicaC: [2019-04-09T22:43:10.796][Client] Write key = z and value = 1 in 1984ms
(29/20) ReplicaC: [2019-04-09T22:43:23.902][Client] Write key = y and value = 1 in 7922ms
(30/20) ReplicaD: [2019-04-09T22:43:36.208][Client] Write key = x and value = 1 in 6714ms
(31/20) ReplicaC: [2019-04-09T22:43:46.996][Client] Write key = x and value = 1 in 5509ms
(32/20) ReplicaA: [2019-04-09T22:43:49.288][Client] Write key = z and value = 1 in 185ms
(33/20) ReplicaB: [2019-04-09T22:43:53.332][Client] Write key = y and value = 1 in 2237ms
(34/20) ReplicaF: [2019-04-09T22:43:58.245][Client] Write key = y and value = 1 in 1000ms
(35/20) ReplicaB: [2019-04-09T22:44:00.130][Client] Write key = z and value = 1 in 160ms
(36/20) ReplicaD: [2019-04-09T22:44:07.128][Client] Write key = z and value = 1 in 1998ms
(37/20) ReplicaB: [2019-04-09T22:44:08.967][Client] Write key = x and value = 1 in 167ms
(38/20) ReplicaB: [2019-04-09T22:44:12.799][Client] Write key = x and value = 1 in 2198ms
(39/20) ReplicaC: [2019-04-09T22:44:20.346][Client] Write key = x and value = 1 in 2000ms
(40/20) ReplicaD: [2019-04-09T22:44:31.829][Client] Write key = y and value = 1 in 6227ms
(41/20) ReplicaE: [2019-04-09T22:44:38.893][Client] Write key = z and value = 1 in 3688ms
(42/20) ReplicaF: [2019-04-09T22:44:47.447][Client] Write key = x and value = 1 in 5234ms
(43/20) ReplicaB: [2019-04-09T22:44:51.935][Client] Write key = x and value = 1 in 2897ms
(44/20) ReplicaE: [2019-04-09T22:44:58.936][Client] Write key = y and value = 1 in 3495ms
(45/20) ReplicaD: [2019-04-09T22:45:06.032][Client] Write key = y and value = 1 in 1998ms
(46/20) ReplicaA: [2019-04-09T22:45:08.015][Client] Write key = x and value = 1 in 167ms
(47/20) ReplicaF: [2019-04-09T22:45:14.557][Client] Write key = x and value = 1 in 2992ms
(48/20) ReplicaF: [2019-04-09T22:45:18.784][Client] Write key = y and value = 1 in 877ms
(49/20) ReplicaE: [2019-04-09T22:45:25.875][Client] Write key = x and value = 1 in 3670ms
(50/20) ReplicaC: [2019-04-09T22:45:32.562][Client] Write key = z and value = 1 in 1764ms
(51/20) ReplicaF: [2019-04-09T22:45:37.023][Client] Write key = y and value = 1 in 875ms
(52/20) ReplicaA: [2019-04-09T22:45:41.564][Client] Write key = y and value = 1 in 2221ms
(53/20) ReplicaB: [2019-04-09T22:45:45.420][Client] Write key = y and value = 1 in 2208ms
(54/20) ReplicaE: [2019-04-09T22:45:52.921][Client] Write key = y and value = 1 in 3472ms
(55/20) ReplicaB: [2019-04-09T22:45:55.894][Client] Write key = x and value = 1 in 1524ms
(56/20) ReplicaA: [2019-04-09T22:45:59.803][Client] Write key = y and value = 1 in 2198ms
(57/20) ReplicaF: [2019-04-09T22:46:07.561][Client] Write key = z and value = 1 in 3680ms
(58/20) ReplicaB: [2019-04-09T22:46:09.560][Client] Write key = z and value = 1 in 173ms
(59/20) ReplicaA: [2019-04-09T22:46:13.336][Client] Write key = z and value = 1 in 1559ms
(60/20) ReplicaD: [2019-04-09T22:46:20.772][Client] Write key = y and value = 1 in 2005ms
(61/20) ReplicaC: [2019-04-09T22:46:31.894][Client] Write key = x and value = 1 in 6465ms
(62/20) ReplicaF: [2019-04-09T22:46:39.454][Client] Write key = x and value = 1 in 3659ms
(63/20) ReplicaD: [2019-04-09T22:46:52.140][Client] Write key = x and value = 1 in 7869ms
(64/20) ReplicaD: [2019-04-09T22:47:02.862][Client] Write key = x and value = 1 in 5291ms
(65/20) ReplicaA: [2019-04-09T22:47:07.805][Client] Write key = x and value = 1 in 2903ms
(66/20) ReplicaF: [2019-04-09T22:47:16.047][Client] Write key = y and value = 1 in 5047ms
(67/20) ReplicaE: [2019-04-09T22:47:24.913][Client] Write key = z and value = 1 in 4681ms
(68/20) ReplicaD: [2019-04-09T22:47:32.345][Client] Write key = y and value = 1 in 1999ms
(69/20) ReplicaD: [2019-04-09T22:47:39.782][Client] Write key = x and value = 1 in 1766ms
(70/20) ReplicaD: [2019-04-09T22:47:46.972][Client] Write key = z and value = 1 in 1769ms
(71/20) ReplicaF: [2019-04-09T22:47:54.317][Client] Write key = z and value = 1 in 3691ms
(72/20) ReplicaA: [2019-04-09T22:47:58.701][Client] Write key = z and value = 1 in 2206ms
(73/20) ReplicaE: [2019-04-09T22:48:03.484][Client] Write key = x and value = 1 in 998ms
(74/20) ReplicaD: [2019-04-09T22:48:10.830][Client] Write key = x and value = 1 in 1985ms
(75/20) ReplicaA: [2019-04-09T22:48:15.022][Client] Write key = x and value = 1 in 2223ms

Fetch Master results:
[2019-04-09T22:48:17.361][Master] x = 28
[2019-04-09T22:48:17.363][Master] y = 28
[2019-04-09T22:48:17.364][Master] z = 19

Results:
=> Replica A
[2019-04-09T22:48:18.956][Client] Read key = x and value = 25 in 164ms
[2019-04-09T22:48:20.014][Client] Read key = y and value = 25 in 151ms
[2019-04-09T22:48:21.039][Client] Read key = z and value = 7 in 146ms
=> Replica B
[2019-04-09T22:48:22.404][Client] Read key = x and value = 25 in 144ms
[2019-04-09T22:48:23.436][Client] Read key = y and value = 25 in 159ms
[2019-04-09T22:48:24.442][Client] Read key = z and value = 10 in 138ms
=> Replica C
[2019-04-09T22:48:27.045][Client] Read key = x and value = 25 in 1287ms
[2019-04-09T22:48:29.254][Client] Read key = y and value = 25 in 1291ms
[2019-04-09T22:48:31.453][Client] Read key = z and value = 10 in 1288ms
=> Replica D
[2019-04-09T22:48:33.984][Client] Read key = x and value = 27 in 1280ms
[2019-04-09T22:48:36.134][Client] Read key = y and value = 28 in 1283ms
[2019-04-09T22:48:38.276][Client] Read key = z and value = 13 in 1286ms
=> Replica E
[2019-04-09T22:48:40.225][Client] Read key = x and value = 26 in 666ms
[2019-04-09T22:48:41.768][Client] Read key = y and value = 25 in 658ms
[2019-04-09T22:48:43.302][Client] Read key = z and value = 7 in 655ms
=> Replica F
[2019-04-09T22:48:45.262][Client] Read key = x and value = 25 in 668ms
[2019-04-09T22:48:46.808][Client] Read key = y and value = 25 in 659ms
[2019-04-09T22:48:48.361][Client] Read key = z and value = 7 in 662ms
(1/20) ReplicaF: [2019-04-09T22:48:55.169][Client] Write key = x and value = 1 in 3691ms
(2/20) ReplicaA: [2019-04-09T22:48:57.080][Client] Write key = y and value = 1 in 154ms
(3/20) ReplicaA: [2019-04-09T22:49:01.123][Client] Write key = x and value = 1 in 2192ms
(4/20) ReplicaB: [2019-04-09T22:49:04.957][Client] Write key = x and value = 1 in 2198ms
(5/20) ReplicaB: [2019-04-09T22:49:06.980][Client] Write key = z and value = 1 in 142ms
(6/20) ReplicaA: [2019-04-09T22:49:09.301][Client] Write key = y and value = 1 in 148ms
(7/20) ReplicaD: [2019-04-09T22:49:21.379][Client] Write key = x and value = 1 in 6477ms
(8/20) ReplicaA: [2019-04-09T22:49:22.970][Client] Write key = y and value = 1 in 156ms
(9/20) ReplicaE: [2019-04-09T22:49:30.316][Client] Write key = y and value = 1 in 3678ms
(10/20) ReplicaD: [2019-04-09T22:49:36.701][Client] Write key = x and value = 1 in 1756ms
(11/20) ReplicaA: [2019-04-09T22:49:38.631][Client] Write key = x and value = 1 in 156ms
(12/20) ReplicaA: [2019-04-09T22:49:40.230][Client] Write key = x and value = 1 in 149ms
(13/20) ReplicaD: [2019-04-09T22:49:51.647][Client] Write key = x and value = 1 in 5997ms
(14/20) ReplicaF: [2019-04-09T22:49:59.236][Client] Write key = y and value = 1 in 3671ms
(15/20) ReplicaE: [2019-04-09T22:50:06.225][Client] Write key = z and value = 1 in 3686ms
(16/20) ReplicaC: [2019-04-09T22:50:19.697][Client] Write key = y and value = 1 in 8090ms
(17/20) ReplicaE: [2019-04-09T22:50:27.281][Client] Write key = y and value = 1 in 3454ms
(18/20) ReplicaA: [2019-04-09T22:50:31.118][Client] Write key = z and value = 1 in 2192ms
(19/20) ReplicaC: [2019-04-09T22:50:41.559][Client] Write key = z and value = 1 in 5267ms
(20/20) ReplicaE: [2019-04-09T22:50:46.639][Client] Write key = x and value = 1 in 895ms
(21/20) ReplicaC: [2019-04-09T22:50:56.743][Client] Write key = z and value = 1 in 5283ms
(22/20) ReplicaD: [2019-04-09T22:51:04.001][Client] Write key = y and value = 1 in 1990ms
(23/20) ReplicaC: [2019-04-09T22:51:14.121][Client] Write key = z and value = 1 in 5258ms
(24/20) ReplicaC: [2019-04-09T22:51:24.465][Client] Write key = x and value = 1 in 5270ms
(25/20) ReplicaA: [2019-04-09T22:51:28.627][Client] Write key = z and value = 1 in 2209ms
(26/20) ReplicaE: [2019-04-09T22:51:36.045][Client] Write key = x and value = 1 in 3687ms
(27/20) ReplicaC: [2019-04-09T22:51:46.685][Client] Write key = z and value = 1 in 5265ms
(28/20) ReplicaC: [2019-04-09T22:51:56.947][Client] Write key = z and value = 1 in 5282ms
(29/20) ReplicaE: [2019-04-09T22:52:04.151][Client] Write key = y and value = 1 in 3435ms
(30/20) ReplicaE: [2019-04-09T22:52:12.105][Client] Write key = y and value = 1 in 3972ms
(31/20) ReplicaF: [2019-04-09T22:52:16.819][Client] Write key = x and value = 1 in 987ms
(32/20) ReplicaC: [2019-04-09T22:52:28.229][Client] Write key = z and value = 1 in 6461ms
(33/20) ReplicaF: [2019-04-09T22:52:36.111][Client] Write key = y and value = 1 in 3569ms
(34/20) ReplicaC: [2019-04-09T22:52:47.631][Client] Write key = y and value = 1 in 6004ms
(35/20) ReplicaB: [2019-04-09T22:52:51.622][Client] Write key = x and value = 1 in 2183ms
(36/20) ReplicaC: [2019-04-09T22:53:03.998][Client] Write key = z and value = 1 in 7618ms
(37/20) ReplicaC: [2019-04-09T22:53:13.937][Client] Write key = z and value = 1 in 5272ms
(38/20) ReplicaD: [2019-04-09T22:53:25.826][Client] Write key = x and value = 1 in 6590ms
(39/20) ReplicaA: [2019-04-09T22:53:31.169][Client] Write key = x and value = 1 in 2945ms
(40/20) ReplicaF: [2019-04-09T22:53:38.511][Client] Write key = y and value = 1 in 3683ms
(41/20) ReplicaD: [2019-04-09T22:53:50.991][Client] Write key = y and value = 1 in 7388ms
(42/20) ReplicaA: [2019-04-09T22:53:54.454][Client] Write key = z and value = 1 in 1549ms
(43/20) ReplicaB: [2019-04-09T22:53:56.641][Client] Write key = z and value = 1 in 154ms
(44/20) ReplicaD: [2019-04-09T22:54:03.266][Client] Write key = z and value = 1 in 1762ms
(45/20) ReplicaA: [2019-04-09T22:54:06.770][Client] Write key = z and value = 1 in 1517ms
(46/20) ReplicaB: [2019-04-09T22:54:08.962][Client] Write key = y and value = 1 in 154ms
(47/20) ReplicaC: [2019-04-09T22:54:20.859][Client] Write key = z and value = 1 in 6452ms
(48/20) ReplicaB: [2019-04-09T22:54:22.762][Client] Write key = z and value = 1 in 158ms
(49/20) ReplicaC: [2019-04-09T22:54:29.996][Client] Write key = x and value = 1 in 1770ms
(50/20) ReplicaA: [2019-04-09T22:54:32.486][Client] Write key = y and value = 1 in 159ms
(51/20) ReplicaD: [2019-04-09T22:54:44.028][Client] Write key = y and value = 1 in 6465ms
(52/20) ReplicaD: [2019-04-09T22:54:51.309][Client] Write key = x and value = 1 in 1756ms
(53/20) ReplicaD: [2019-04-09T22:55:02.802][Client] Write key = y and value = 1 in 5989ms
(54/20) ReplicaD: [2019-04-09T22:55:10.172][Client] Write key = x and value = 1 in 1764ms
(55/20) ReplicaA: [2019-04-09T22:55:13.780][Client] Write key = x and value = 1 in 2190ms
(56/20) ReplicaB: [2019-04-09T22:55:18.003][Client] Write key = x and value = 1 in 2874ms
(57/20) ReplicaB: [2019-04-09T22:55:19.974][Client] Write key = z and value = 1 in 151ms
(58/20) ReplicaA: [2019-04-09T22:55:22.923][Client] Write key = y and value = 1 in 1530ms
(59/20) ReplicaF: [2019-04-09T22:55:31.545][Client] Write key = z and value = 1 in 5029ms
(60/20) ReplicaE: [2019-04-09T22:55:36.107][Client] Write key = y and value = 1 in 897ms
(61/20) ReplicaA: [2019-04-09T22:55:39.195][Client] Write key = x and value = 1 in 1512ms
(62/20) ReplicaA: [2019-04-09T22:55:42.437][Client] Write key = x and value = 1 in 1524ms
(63/20) ReplicaF: [2019-04-09T22:55:49.135][Client] Write key = x and value = 1 in 2779ms
(64/20) ReplicaE: [2019-04-09T22:55:57.173][Client] Write key = x and value = 1 in 3857ms
(65/20) ReplicaF: [2019-04-09T22:56:04.194][Client] Write key = z and value = 1 in 2996ms
(66/20) ReplicaE: [2019-04-09T22:56:08.813][Client] Write key = y and value = 1 in 873ms
(67/20) ReplicaB: [2019-04-09T22:56:10.566][Client] Write key = y and value = 1 in 148ms
(68/20) ReplicaD: [2019-04-09T22:56:18.171][Client] Write key = z and value = 1 in 2005ms
(69/20) ReplicaE: [2019-04-09T22:56:23.281][Client] Write key = y and value = 1 in 881ms
(70/20) ReplicaA: [2019-04-09T22:56:27.005][Client] Write key = y and value = 1 in 2189ms
(71/20) ReplicaB: [2019-04-09T22:56:29.530][Client] Write key = y and value = 1 in 168ms
(72/20) ReplicaF: [2019-04-09T22:56:37.121][Client] Write key = y and value = 1 in 3656ms
(73/20) ReplicaD: [2019-04-09T22:56:48.921][Client] Write key = x and value = 1 in 6220ms
(74/20) ReplicaF: [2019-04-09T22:56:55.626][Client] Write key = y and value = 1 in 3441ms
(75/20) ReplicaF: [2019-04-09T22:57:02.649][Client] Write key = z and value = 1 in 2976ms

Fetch Master results:
[2019-04-09T22:57:04.714][Master] x = 53
[2019-04-09T22:57:04.716][Master] y = 55
[2019-04-09T22:57:04.716][Master] z = 42

Results:
=> Replica A
[2019-04-09T22:57:06.113][Client] Read key = x and value = 52 in 141ms
[2019-04-09T22:57:07.112][Client] Read key = y and value = 49 in 142ms
[2019-04-09T22:57:08.101][Client] Read key = z and value = 27 in 139ms
=> Replica B
[2019-04-09T22:57:09.449][Client] Read key = x and value = 52 in 142ms
[2019-04-09T22:57:10.439][Client] Read key = y and value = 52 in 145ms
[2019-04-09T22:57:11.428][Client] Read key = z and value = 34 in 139ms
=> Replica C
[2019-04-09T22:57:13.973][Client] Read key = x and value = 53 in 1310ms
[2019-04-09T22:57:16.095][Client] Read key = y and value = 49 in 1272ms
[2019-04-09T22:57:18.237][Client] Read key = z and value = 27 in 1285ms
=> Replica D
[2019-04-09T22:57:20.759][Client] Read key = x and value = 52 in 1284ms
[2019-04-09T22:57:22.919][Client] Read key = y and value = 49 in 1278ms
[2019-04-09T22:57:25.067][Client] Read key = z and value = 35 in 1286ms
=> Replica E
[2019-04-09T22:57:26.981][Client] Read key = x and value = 52 in 656ms
[2019-04-09T22:57:28.510][Client] Read key = y and value = 52 in 661ms
[2019-04-09T22:57:30.038][Client] Read key = z and value = 27 in 656ms
=> Replica F
[2019-04-09T22:57:31.984][Client] Read key = x and value = 52 in 654ms
[2019-04-09T22:57:33.520][Client] Read key = y and value = 49 in 659ms
[2019-04-09T22:57:35.055][Client] Read key = z and value = 27 in 656ms
(1/20) ReplicaC: [2019-04-09T22:57:46.189][Client] Write key = z and value = 1 in 6463ms
(2/20) ReplicaC: [2019-04-09T22:57:56.578][Client] Write key = z and value = 1 in 5269ms
(3/20) ReplicaB: [2019-04-09T22:57:58.559][Client] Write key = x and value = 1 in 148ms
(4/20) ReplicaA: [2019-04-09T22:58:00.650][Client] Write key = x and value = 1 in 149ms
(5/20) ReplicaB: [2019-04-09T22:58:02.344][Client] Write key = y and value = 1 in 153ms
(6/20) ReplicaD: [2019-04-09T22:58:09.478][Client] Write key = z and value = 1 in 1994ms
(7/20) ReplicaE: [2019-04-09T22:58:17.456][Client] Write key = x and value = 1 in 3659ms
(8/20) ReplicaB: [2019-04-09T22:58:19.555][Client] Write key = z and value = 1 in 153ms
(9/20) ReplicaA: [2019-04-09T22:58:21.058][Client] Write key = x and value = 1 in 165ms
(10/20) ReplicaF: [2019-04-09T22:58:28.192][Client] Write key = y and value = 1 in 3653ms
(11/20) ReplicaC: [2019-04-09T22:58:39.850][Client] Write key = z and value = 1 in 6461ms
(12/20) ReplicaB: [2019-04-09T22:58:43.770][Client] Write key = x and value = 1 in 2205ms
(13/20) ReplicaA: [2019-04-09T22:58:48.285][Client] Write key = y and value = 1 in 2856ms
(14/20) ReplicaE: [2019-04-09T22:58:55.383][Client] Write key = z and value = 1 in 3661ms
(15/20) ReplicaB: [2019-04-09T22:58:57.515][Client] Write key = z and value = 1 in 167ms
(16/20) ReplicaE: [2019-04-09T22:59:02.321][Client] Write key = y and value = 1 in 880ms
(17/20) ReplicaF: [2019-04-09T22:59:09.415][Client] Write key = x and value = 1 in 3653ms
(18/20) ReplicaE: [2019-04-09T22:59:17.295][Client] Write key = z and value = 1 in 3555ms
(19/20) ReplicaE: [2019-04-09T22:59:24.159][Client] Write key = y and value = 1 in 2845ms
(20/20) ReplicaE: [2019-04-09T22:59:32.450][Client] Write key = x and value = 1 in 4677ms
(21/20) ReplicaD: [2019-04-09T22:59:44.254][Client] Write key = z and value = 1 in 6462ms
(22/20) ReplicaD: [2019-04-09T22:59:50.924][Client] Write key = y and value = 1 in 1763ms
(23/20) ReplicaA: [2019-04-09T22:59:55.362][Client] Write key = x and value = 1 in 2258ms
(24/20) ReplicaB: [2019-04-09T22:59:59.152][Client] Write key = z and value = 1 in 2234ms
(25/20) ReplicaA: [2019-04-09T23:00:00.636][Client] Write key = x and value = 1 in 161ms
(26/20) ReplicaA: [2019-04-09T23:00:02.841][Client] Write key = x and value = 1 in 150ms
(27/20) ReplicaD: [2019-04-09T23:00:09.554][Client] Write key = z and value = 1 in 1760ms
(28/20) ReplicaC: [2019-04-09T23:00:16.800][Client] Write key = z and value = 1 in 1997ms
(29/20) ReplicaE: [2019-04-09T23:00:21.248][Client] Write key = z and value = 1 in 1019ms
(30/20) ReplicaA: [2019-04-09T23:00:22.929][Client] Write key = z and value = 1 in 166ms
(31/20) ReplicaB: [2019-04-09T23:00:26.392][Client] Write key = y and value = 1 in 1538ms
(32/20) ReplicaC: [2019-04-09T23:00:32.893][Client] Write key = y and value = 1 in 1757ms
(33/20) ReplicaB: [2019-04-09T23:00:35.399][Client] Write key = z and value = 1 in 165ms
(34/20) ReplicaE: [2019-04-09T23:00:39.985][Client] Write key = y and value = 1 in 895ms
(35/20) ReplicaA: [2019-04-09T23:00:41.903][Client] Write key = y and value = 1 in 163ms
(36/20) ReplicaE: [2019-04-09T23:00:46.378][Client] Write key = y and value = 1 in 896ms
(37/20) ReplicaD: [2019-04-09T23:00:53.724][Client] Write key = y and value = 1 in 1989ms
(38/20) ReplicaB: [2019-04-09T23:00:58.637][Client] Write key = y and value = 1 in 2870ms
(39/20) ReplicaE: [2019-04-09T23:01:03.107][Client] Write key = y and value = 1 in 908ms
(40/20) ReplicaA: [2019-04-09T23:01:06.957][Client] Write key = y and value = 1 in 2217ms
(41/20) ReplicaC: [2019-04-09T23:01:14.012][Client] Write key = x and value = 1 in 2004ms
(42/20) ReplicaA: [2019-04-09T23:01:15.651][Client] Write key = z and value = 1 in 137ms
(43/20) ReplicaE: [2019-04-09T23:01:20.202][Client] Write key = z and value = 1 in 905ms
(44/20) ReplicaF: [2019-04-09T23:01:28.539][Client] Write key = y and value = 1 in 5041ms
(45/20) ReplicaE: [2019-04-09T23:01:33.080][Client] Write key = z and value = 1 in 893ms
(46/20) ReplicaF: [2019-04-09T23:01:40.224][Client] Write key = x and value = 1 in 3021ms
(47/20) ReplicaE: [2019-04-09T23:01:47.458][Client] Write key = x and value = 1 in 3636ms
(48/20) ReplicaD: [2019-04-09T23:01:54.646][Client] Write key = y and value = 1 in 2002ms
(49/20) ReplicaC: [2019-04-09T23:02:01.902][Client] Write key = z and value = 1 in 1990ms
(50/20) ReplicaA: [2019-04-09T23:02:03.752][Client] Write key = z and value = 1 in 148ms
(51/20) ReplicaC: [2019-04-09T23:02:10.288][Client] Write key = z and value = 1 in 1764ms
(52/20) ReplicaA: [2019-04-09T23:02:14.373][Client] Write key = y and value = 1 in 2219ms
(53/20) ReplicaB: [2019-04-09T23:02:18.455][Client] Write key = y and value = 1 in 2221ms
(54/20) ReplicaF: [2019-04-09T23:02:25.998][Client] Write key = z and value = 1 in 3981ms
(55/20) ReplicaC: [2019-04-09T23:02:39.229][Client] Write key = x and value = 1 in 8070ms
(56/20) ReplicaD: [2019-04-09T23:02:46.751][Client] Write key = x and value = 1 in 1984ms
(57/20) ReplicaD: [2019-04-09T23:02:53.479][Client] Write key = x and value = 1 in 1770ms
(58/20) ReplicaF: [2019-04-09T23:03:01.518][Client] Write key = y and value = 1 in 3977ms
(59/20) ReplicaE: [2019-04-09T23:03:06.189][Client] Write key = z and value = 1 in 1069ms
(60/20) ReplicaE: [2019-04-09T23:03:11.086][Client] Write key = z and value = 1 in 953ms
(61/20) ReplicaF: [2019-04-09T23:03:18.719][Client] Write key = x and value = 1 in 3739ms
(62/20) ReplicaB: [2019-04-09T23:03:23.019][Client] Write key = y and value = 1 in 2257ms
(63/20) ReplicaC: [2019-04-09T23:03:34.100][Client] Write key = y and value = 1 in 6421ms
(64/20) ReplicaD: [2019-04-09T23:03:41.538][Client] Write key = y and value = 1 in 1983ms
(65/20) ReplicaD: [2019-04-09T23:03:54.355][Client] Write key = z and value = 1 in 7832ms
(66/20) ReplicaA: [2019-04-09T23:03:58.030][Client] Write key = x and value = 1 in 1560ms
(67/20) ReplicaF: [2019-04-09T23:04:05.797][Client] Write key = z and value = 1 in 3994ms
(68/20) ReplicaA: [2019-04-09T23:04:07.883][Client] Write key = x and value = 1 in 148ms
(69/20) ReplicaE: [2019-04-09T23:04:13.255][Client] Write key = z and value = 1 in 1093ms
(70/20) ReplicaC: [2019-04-09T23:04:25.097][Client] Write key = y and value = 1 in 6442ms
(71/20) ReplicaE: [2019-04-09T23:04:29.856][Client] Write key = y and value = 1 in 964ms
(72/20) ReplicaA: [2019-04-09T23:04:34.921][Client] Write key = y and value = 1 in 2962ms
(73/20) ReplicaE: [2019-04-09T23:04:42.150][Client] Write key = y and value = 1 in 3377ms
(74/20) ReplicaA: [2019-04-09T23:04:44.299][Client] Write key = x and value = 1 in 163ms
(75/20) ReplicaA: [2019-04-09T23:04:48.072][Client] Write key = z and value = 1 in 1563ms

Fetch Master results:
[2019-04-09T23:04:49.545][Master] x = 73
[2019-04-09T23:04:49.546][Master] y = 82
[2019-04-09T23:04:49.547][Master] z = 70

Results:
=> Replica A
[2019-04-09T23:04:50.985][Client] Read key = x and value = 71 in 148ms
[2019-04-09T23:04:52.016][Client] Read key = y and value = 78 in 157ms
[2019-04-09T23:04:53.039][Client] Read key = z and value = 60 in 146ms
=> Replica B
[2019-04-09T23:04:54.460][Client] Read key = x and value = 69 in 145ms
[2019-04-09T23:04:55.495][Client] Read key = y and value = 78 in 145ms
[2019-04-09T23:04:56.521][Client] Read key = z and value = 61 in 151ms
=> Replica C
[2019-04-09T23:04:59.082][Client] Read key = x and value = 69 in 1278ms
[2019-04-09T23:05:01.242][Client] Read key = y and value = 78 in 1277ms
[2019-04-09T23:05:03.437][Client] Read key = z and value = 63 in 1282ms
=> Replica D
[2019-04-09T23:05:05.956][Client] Read key = x and value = 71 in 1285ms
[2019-04-09T23:05:08.124][Client] Read key = y and value = 82 in 1277ms
[2019-04-09T23:05:10.267][Client] Read key = z and value = 60 in 1278ms
=> Replica E
[2019-04-09T23:05:12.240][Client] Read key = x and value = 69 in 725ms
[2019-04-09T23:05:13.846][Client] Read key = y and value = 78 in 743ms
[2019-04-09T23:05:15.443][Client] Read key = z and value = 66 in 714ms
=> Replica F
[2019-04-09T23:05:17.431][Client] Read key = x and value = 69 in 717ms
[2019-04-09T23:05:19.033][Client] Read key = y and value = 78 in 714ms
[2019-04-09T23:05:20.623][Client] Read key = z and value = 60 in 718ms
(1/20) ReplicaD: [2019-04-09T23:05:31.600][Client] Write key = z and value = 1 in 6460ms
(2/20) ReplicaB: [2019-04-09T23:05:35.439][Client] Write key = x and value = 1 in 2272ms
(3/20) ReplicaC: [2019-04-09T23:05:42.059][Client] Write key = z and value = 1 in 1760ms
(4/20) ReplicaC: [2019-04-09T23:05:49.109][Client] Write key = y and value = 1 in 1762ms
(5/20) ReplicaA: [2019-04-09T23:05:53.737][Client] Write key = x and value = 1 in 2254ms
(6/20) ReplicaE: [2019-04-09T23:05:58.956][Client] Write key = x and value = 1 in 1078ms
(7/20) ReplicaA: [2019-04-09T23:06:02.082][Client] Write key = x and value = 1 in 1544ms
(8/20) ReplicaF: [2019-04-09T23:06:09.743][Client] Write key = x and value = 1 in 3979ms
(9/20) ReplicaA: [2019-04-09T23:06:13.567][Client] Write key = y and value = 1 in 1577ms
(10/20) ReplicaD: [2019-04-09T23:06:25.253][Client] Write key = z and value = 1 in 6440ms
(11/20) ReplicaC: [2019-04-09T23:06:31.950][Client] Write key = z and value = 1 in 1991ms
(12/20) ReplicaB: [2019-04-09T23:06:36.359][Client] Write key = z and value = 1 in 2256ms
(13/20) ReplicaB: [2019-04-09T23:06:39.461][Client] Write key = x and value = 1 in 1543ms
(14/20) ReplicaB: [2019-04-09T23:06:42.417][Client] Write key = x and value = 1 in 1550ms
(15/20) ReplicaB: [2019-04-09T23:06:47.766][Client] Write key = x and value = 1 in 2974ms
(16/20) ReplicaF: [2019-04-09T23:06:57.447][Client] Write key = y and value = 1 in 5442ms
(17/20) ReplicaE: [2019-04-09T23:07:06.879][Client] Write key = y and value = 1 in 5433ms
(18/20) ReplicaF: [2019-04-09T23:07:13.976][Client] Write key = y and value = 1 in 3246ms
(19/20) ReplicaD: [2019-04-09T23:07:26.018][Client] Write key = x and value = 1 in 6422ms
(20/20) ReplicaD: [2019-04-09T23:07:32.845][Client] Write key = x and value = 1 in 1761ms
(21/20) ReplicaC: [2019-04-09T23:07:39.942][Client] Write key = z and value = 1 in 1993ms
(22/20) ReplicaF: [2019-04-09T23:07:44.601][Client] Write key = x and value = 1 in 1107ms
(23/20) ReplicaE: [2019-04-09T23:07:49.532][Client] Write key = z and value = 1 in 1089ms
(24/20) ReplicaC: [2019-04-09T23:07:56.002][Client] Write key = z and value = 1 in 1763ms
(25/20) ReplicaB: [2019-04-09T23:08:00.089][Client] Write key = z and value = 1 in 2255ms
(26/20) ReplicaC: [2019-04-09T23:08:11.971][Client] Write key = x and value = 1 in 6493ms
(27/20) ReplicaD: [2019-04-09T23:08:19.306][Client] Write key = x and value = 1 in 2006ms
(28/20) ReplicaC: [2019-04-09T23:08:31.342][Client] Write key = x and value = 1 in 7327ms
(29/20) ReplicaC: [2019-04-09T23:08:41.594][Client] Write key = x and value = 1 in 5261ms
(30/20) ReplicaD: [2019-04-09T23:08:54.498][Client] Write key = x and value = 1 in 7832ms
(31/20) ReplicaC: [2019-04-09T23:09:01.126][Client] Write key = y and value = 1 in 1994ms
(32/20) ReplicaD: [2019-04-09T23:09:12.020][Client] Write key = y and value = 1 in 5492ms
(33/20) ReplicaA: [2019-04-09T23:09:15.969][Client] Write key = z and value = 1 in 2249ms
(34/20) ReplicaF: [2019-04-09T23:09:21.006][Client] Write key = x and value = 1 in 1092ms
(35/20) ReplicaF: [2019-04-09T23:09:25.927][Client] Write key = y and value = 1 in 968ms
(36/20) ReplicaB: [2019-04-09T23:09:30.509][Client] Write key = z and value = 1 in 2261ms
(37/20) ReplicaB: [2019-04-09T23:09:33.884][Client] Write key = z and value = 1 in 1548ms
(38/20) ReplicaB: [2019-04-09T23:09:36.763][Client] Write key = x and value = 1 in 1558ms
(39/20) ReplicaE: [2019-04-09T23:09:41.550][Client] Write key = x and value = 1 in 1096ms
(40/20) ReplicaB: [2019-04-09T23:09:44.836][Client] Write key = z and value = 1 in 1557ms
(41/20) ReplicaF: [2019-04-09T23:09:49.948][Client] Write key = y and value = 1 in 956ms
(42/20) ReplicaB: [2019-04-09T23:09:53.567][Client] Write key = z and value = 1 in 1557ms
(43/20) ReplicaB: [2019-04-09T23:09:57.361][Client] Write key = z and value = 1 in 1542ms
(44/20) ReplicaC: [2019-04-09T23:10:04.248][Client] Write key = y and value = 1 in 2004ms
(45/20) ReplicaC: [2019-04-09T23:10:10.745][Client] Write key = y and value = 1 in 1757ms
(46/20) ReplicaE: [2019-04-09T23:10:18.824][Client] Write key = x and value = 1 in 3984ms
(47/20) ReplicaC: [2019-04-09T23:10:25.892][Client] Write key = x and value = 1 in 1759ms
(48/20) ReplicaE: [2019-04-09T23:10:31.276][Client] Write key = z and value = 1 in 965ms
(49/20) ReplicaA: [2019-04-09T23:10:35.685][Client] Write key = z and value = 1 in 2258ms
(50/20) ReplicaE: [2019-04-09T23:10:43.064][Client] Write key = y and value = 1 in 3742ms
(51/20) ReplicaA: [2019-04-09T23:10:48.048][Client] Write key = z and value = 1 in 2981ms
(52/20) ReplicaA: [2019-04-09T23:10:51.696][Client] Write key = x and value = 1 in 1563ms
(53/20) ReplicaB: [2019-04-09T23:10:56.043][Client] Write key = y and value = 1 in 2516ms
(54/20) ReplicaB: [2019-04-09T23:10:59.764][Client] Write key = y and value = 1 in 2266ms
(55/20) ReplicaE: [2019-04-09T23:11:07.345][Client] Write key = x and value = 1 in 3972ms
(56/20) ReplicaB: [2019-04-09T23:11:11.142][Client] Write key = x and value = 1 in 1550ms
(57/20) ReplicaA: [2019-04-09T23:11:14.902][Client] Write key = x and value = 1 in 1561ms
(58/20) ReplicaF: [2019-04-09T23:11:22.810][Client] Write key = z and value = 1 in 4091ms
(59/20) ReplicaD: [2019-04-09T23:11:34.747][Client] Write key = y and value = 1 in 6672ms
(60/20) ReplicaF: [2019-04-09T23:11:39.294][Client] Write key = y and value = 1 in 1085ms
(61/20) ReplicaF: [2019-04-09T23:11:44.072][Client] Write key = y and value = 1 in 1076ms
(62/20) ReplicaD: [2019-04-09T23:11:55.172][Client] Write key = x and value = 1 in 6201ms
(63/20) ReplicaF: [2019-04-09T23:12:02.995][Client] Write key = z and value = 1 in 3492ms
(64/20) ReplicaB: [2019-04-09T23:12:06.900][Client] Write key = x and value = 1 in 2261ms
(65/20) ReplicaE: [2019-04-09T23:12:14.489][Client] Write key = x and value = 1 in 3595ms
(66/20) ReplicaB: [2019-04-09T23:12:17.455][Client] Write key = y and value = 1 in 1554ms
(67/20) ReplicaE: [2019-04-09T23:12:24.154][Client] Write key = y and value = 1 in 3372ms
(68/20) ReplicaD: [2019-04-09T23:12:36.171][Client] Write key = z and value = 1 in 6683ms
(69/20) ReplicaC: [2019-04-09T23:12:43.928][Client] Write key = x and value = 1 in 2218ms
(70/20) ReplicaD: [2019-04-09T23:12:55.660][Client] Write key = z and value = 1 in 6205ms
(71/20) ReplicaA: [2019-04-09T23:13:00.124][Client] Write key = z and value = 1 in 2248ms
(72/20) ReplicaF: [2019-04-09T23:13:09.576][Client] Write key = z and value = 1 in 5210ms
(73/20) ReplicaF: [2019-04-09T23:13:16.721][Client] Write key = y and value = 1 in 3368ms
(74/20) ReplicaB: [2019-04-09T23:13:21.176][Client] Write key = x and value = 1 in 2242ms
(75/20) ReplicaC: [2019-04-09T23:13:28.317][Client] Write key = z and value = 1 in 2225ms

Fetch Master results:
[2019-04-09T23:13:30.508][Master] x = 103
[2019-04-09T23:13:30.510][Master] y = 102
[2019-04-09T23:13:30.510][Master] z = 95

Results:
=> Replica A
[2019-04-09T23:13:31.873][Client] Read key = x and value = 99 in 136ms
[2019-04-09T23:13:32.889][Client] Read key = y and value = 98 in 159ms
[2019-04-09T23:13:33.981][Client] Read key = z and value = 79 in 154ms
=> Replica B
[2019-04-09T23:13:35.453][Client] Read key = x and value = 99 in 161ms
[2019-04-09T23:13:36.509][Client] Read key = y and value = 98 in 138ms
[2019-04-09T23:13:37.499][Client] Read key = z and value = 79 in 137ms
=> Replica C
[2019-04-09T23:13:40.068][Client] Read key = x and value = 101 in 1269ms
[2019-04-09T23:13:42.200][Client] Read key = y and value = 102 in 1277ms
[2019-04-09T23:13:44.331][Client] Read key = z and value = 87 in 1284ms
=> Replica D
[2019-04-09T23:13:46.800][Client] Read key = x and value = 99 in 1270ms
[2019-04-09T23:13:48.954][Client] Read key = y and value = 98 in 1283ms
[2019-04-09T23:13:51.110][Client] Read key = z and value = 79 in 1277ms
=> Replica E
[2019-04-09T23:13:53.038][Client] Read key = x and value = 99 in 728ms
[2019-04-09T23:13:54.630][Client] Read key = y and value = 98 in 719ms
[2019-04-09T23:13:56.267][Client] Read key = z and value = 87 in 731ms
=> Replica F
[2019-04-09T23:13:58.309][Client] Read key = x and value = 101 in 726ms
[2019-04-09T23:13:59.966][Client] Read key = y and value = 98 in 727ms
[2019-04-09T23:14:01.567][Client] Read key = z and value = 79 in 723ms
(1/20) ReplicaB: [2019-04-09T23:14:05.114][Client] Write key = x and value = 1 in 2241ms
(2/20) ReplicaF: [2019-04-09T23:14:09.833][Client] Write key = y and value = 1 in 1203ms
(3/20) ReplicaF: [2019-04-09T23:14:17.933][Client] Write key = z and value = 1 in 3981ms
(4/20) ReplicaA: [2019-04-09T23:14:22.615][Client] Write key = z and value = 1 in 2274ms
(5/20) ReplicaF: [2019-04-09T23:14:30.135][Client] Write key = z and value = 1 in 3390ms
(6/20) ReplicaC: [2019-04-09T23:14:41.781][Client] Write key = x and value = 1 in 6658ms
(7/20) ReplicaC: [2019-04-09T23:14:48.872][Client] Write key = x and value = 1 in 1980ms
(8/20) ReplicaB: [2019-04-09T23:14:53.274][Client] Write key = z and value = 1 in 2258ms
(9/20) ReplicaF: [2019-04-09T23:14:58.411][Client] Write key = y and value = 1 in 1194ms
(10/20) ReplicaA: [2019-04-09T23:15:02.803][Client] Write key = z and value = 1 in 2261ms
(11/20) ReplicaA: [2019-04-09T23:15:06.462][Client] Write key = x and value = 1 in 1560ms
(12/20) ReplicaA: [2019-04-09T23:15:11.015][Client] Write key = y and value = 1 in 2481ms
(13/20) ReplicaD: [2019-04-09T23:15:24.468][Client] Write key = y and value = 1 in 8282ms
(14/20) ReplicaC: [2019-04-09T23:15:31.076][Client] Write key = z and value = 1 in 1990ms
(15/20) ReplicaA: [2019-04-09T23:15:34.338][Client] Write key = y and value = 1 in 1782ms
(16/20) ReplicaE: [2019-04-09T23:15:43.133][Client] Write key = x and value = 1 in 5425ms
(17/20) ReplicaB: [2019-04-09T23:15:47.727][Client] Write key = z and value = 1 in 2946ms
(18/20) ReplicaB: [2019-04-09T23:15:51.076][Client] Write key = y and value = 1 in 1547ms
(19/20) ReplicaC: [2019-04-09T23:15:57.785][Client] Write key = x and value = 1 in 1979ms
(20/20) ReplicaF: [2019-04-09T23:16:06.186][Client] Write key = z and value = 1 in 4108ms
(21/20) ReplicaC: [2019-04-09T23:16:19.342][Client] Write key = y and value = 1 in 8064ms
(22/20) ReplicaE: [2019-04-09T23:16:24.404][Client] Write key = z and value = 1 in 1198ms
(23/20) ReplicaA: [2019-04-09T23:16:28.359][Client] Write key = x and value = 1 in 2255ms
(24/20) ReplicaA: [2019-04-09T23:16:31.405][Client] Write key = z and value = 1 in 1566ms
(25/20) ReplicaD: [2019-04-09T23:16:43.052][Client] Write key = z and value = 1 in 6666ms
(26/20) ReplicaB: [2019-04-09T23:16:45.117][Client] Write key = y and value = 1 in 156ms
(27/20) ReplicaF: [2019-04-09T23:16:52.863][Client] Write key = z and value = 1 in 4079ms
(28/20) ReplicaF: [2019-04-09T23:16:57.537][Client] Write key = y and value = 1 in 1082ms
(29/20) ReplicaD: [2019-04-09T23:17:05.203][Client] Write key = y and value = 1 in 1990ms
(30/20) ReplicaA: [2019-04-09T23:17:09.541][Client] Write key = y and value = 1 in 2246ms
(31/20) ReplicaA: [2019-04-09T23:17:12.999][Client] Write key = x and value = 1 in 1551ms
(32/20) ReplicaD: [2019-04-09T23:17:24.189][Client] Write key = z and value = 1 in 6448ms
(33/20) ReplicaE: [2019-04-09T23:17:31.727][Client] Write key = x and value = 1 in 4082ms
(34/20) ReplicaF: [2019-04-09T23:17:40.435][Client] Write key = x and value = 1 in 5208ms
(35/20) ReplicaB: [2019-04-09T23:17:42.239][Client] Write key = y and value = 1 in 159ms
(36/20) ReplicaA: [2019-04-09T23:17:46.854][Client] Write key = y and value = 1 in 2254ms
(37/20) ReplicaF: [2019-04-09T23:17:54.375][Client] Write key = z and value = 1 in 3488ms
(38/20) ReplicaF: [2019-04-09T23:17:58.977][Client] Write key = x and value = 1 in 1085ms
(39/20) ReplicaD: [2019-04-09T23:18:11.080][Client] Write key = y and value = 1 in 6661ms
(40/20) ReplicaC: [2019-04-09T23:18:23.004][Client] Write key = x and value = 1 in 6684ms
(41/20) ReplicaB: [2019-04-09T23:18:25.378][Client] Write key = x and value = 1 in 160ms
(42/20) ReplicaB: [2019-04-09T23:18:27.371][Client] Write key = y and value = 1 in 142ms
(43/20) ReplicaA: [2019-04-09T23:18:31.646][Client] Write key = z and value = 1 in 2251ms
(44/20) ReplicaC: [2019-04-09T23:18:39.189][Client] Write key = x and value = 1 in 1993ms
(45/20) ReplicaB: [2019-04-09T23:18:41.060][Client] Write key = x and value = 1 in 143ms
(46/20) ReplicaB: [2019-04-09T23:18:43.055][Client] Write key = y and value = 1 in 150ms
(47/20) ReplicaB: [2019-04-09T23:18:47.327][Client] Write key = z and value = 1 in 2266ms
(48/20) ReplicaF: [2019-04-09T23:18:54.787][Client] Write key = z and value = 1 in 4093ms
(49/20) ReplicaB: [2019-04-09T23:18:58.390][Client] Write key = z and value = 1 in 1555ms
(50/20) ReplicaE: [2019-04-09T23:19:05.868][Client] Write key = y and value = 1 in 4109ms
(51/20) ReplicaC: [2019-04-09T23:19:17.888][Client] Write key = x and value = 1 in 6696ms
(52/20) ReplicaA: [2019-04-09T23:19:23.144][Client] Write key = z and value = 1 in 2955ms
(53/20) ReplicaB: [2019-04-09T23:19:27.198][Client] Write key = x and value = 1 in 2393ms
(54/20) ReplicaF: [2019-04-09T23:19:31.929][Client] Write key = x and value = 1 in 1205ms
(55/20) ReplicaA: [2019-04-09T23:19:35.540][Client] Write key = z and value = 1 in 1547ms
(56/20) ReplicaB: [2019-04-09T23:19:39.318][Client] Write key = y and value = 1 in 2466ms
(57/20) ReplicaB: [2019-04-09T23:19:41.516][Client] Write key = y and value = 1 in 140ms
(58/20) ReplicaF: [2019-04-09T23:19:48.792][Client] Write key = z and value = 1 in 3986ms
(59/20) ReplicaD: [2019-04-09T23:20:00.178][Client] Write key = z and value = 1 in 6693ms
(60/20) ReplicaD: [2019-04-09T23:20:10.802][Client] Write key = z and value = 1 in 5534ms
(61/20) ReplicaB: [2019-04-09T23:20:14.519][Client] Write key = z and value = 1 in 2248ms
(62/20) ReplicaF: [2019-04-09T23:20:19.805][Client] Write key = y and value = 1 in 1211ms
(63/20) ReplicaD: [2019-04-09T23:20:26.857][Client] Write key = x and value = 1 in 2225ms
(64/20) ReplicaD: [2019-04-09T23:20:39.149][Client] Write key = z and value = 1 in 7551ms
(65/20) ReplicaE: [2019-04-09T23:20:46.070][Client] Write key = y and value = 1 in 3501ms
(66/20) ReplicaA: [2019-04-09T23:20:49.967][Client] Write key = z and value = 1 in 2241ms
(67/20) ReplicaE: [2019-04-09T23:20:58.713][Client] Write key = x and value = 1 in 5309ms
(68/20) ReplicaB: [2019-04-09T23:21:00.986][Client] Write key = y and value = 1 in 158ms
(69/20) ReplicaA: [2019-04-09T23:21:04.253][Client] Write key = x and value = 1 in 1565ms
(70/20) ReplicaC: [2019-04-09T23:21:15.616][Client] Write key = x and value = 1 in 6667ms
(71/20) ReplicaE: [2019-04-09T23:21:23.705][Client] Write key = x and value = 1 in 3619ms
(72/20) ReplicaB: [2019-04-09T23:21:26.109][Client] Write key = y and value = 1 in 151ms
(73/20) ReplicaF: [2019-04-09T23:21:34.132][Client] Write key = y and value = 1 in 4092ms
(74/20) ReplicaA: [2019-04-09T23:21:36.042][Client] Write key = y and value = 1 in 151ms
(75/20) ReplicaF: [2019-04-09T23:21:42.616][Client] Write key = x and value = 1 in 3362ms

Fetch Master results:
[2019-04-09T23:21:44.629][Master] x = 127
[2019-04-09T23:21:44.630][Master] y = 127
[2019-04-09T23:21:44.631][Master] z = 121

Results:
=> Replica A
[2019-04-09T23:21:46.061][Client] Read key = x and value = 126 in 144ms
[2019-04-09T23:21:47.088][Client] Read key = y and value = 124 in 155ms
[2019-04-09T23:21:48.128][Client] Read key = z and value = 103 in 140ms
=> Replica B
[2019-04-09T23:21:49.546][Client] Read key = x and value = 126 in 139ms
[2019-04-09T23:21:50.551][Client] Read key = y and value = 126 in 147ms
[2019-04-09T23:21:51.593][Client] Read key = z and value = 103 in 154ms
=> Replica C
[2019-04-09T23:21:54.174][Client] Read key = x and value = 126 in 1279ms
[2019-04-09T23:21:56.330][Client] Read key = y and value = 123 in 1286ms
[2019-04-09T23:21:58.489][Client] Read key = z and value = 112 in 1278ms
=> Replica D
[2019-04-09T23:22:01.053][Client] Read key = x and value = 127 in 1284ms
[2019-04-09T23:22:03.197][Client] Read key = y and value = 123 in 1277ms
[2019-04-09T23:22:05.362][Client] Read key = z and value = 103 in 1287ms
=> Replica E
[2019-04-09T23:22:07.362][Client] Read key = x and value = 126 in 720ms
[2019-04-09T23:22:09.003][Client] Read key = y and value = 123 in 743ms
[2019-04-09T23:22:10.753][Client] Read key = z and value = 112 in 747ms
=> Replica F
[2019-04-09T23:22:12.914][Client] Read key = x and value = 126 in 737ms
[2019-04-09T23:22:14.644][Client] Read key = y and value = 123 in 740ms
[2019-04-09T23:22:16.268][Client] Read key = z and value = 103 in 727ms
Stop the master and all the replicas...
Fetching logs...
=> Remove old logs
=> Obtain new logs

Done!
