Starting...
=> Created registry
=> Bind ECG history
RMI Registry started!
Use Crtl+C to stop the server
[2019-04-09T21:58:56.983][Master] Registered ReplicaA
[2019-04-09T21:58:57.104][Master] Registered //10.156.0.2/ReplicaA
[2019-04-09T21:58:57.337][Master] Registered ReplicaB
[2019-04-09T21:58:57.379][Master] Registered //10.156.0.2/ReplicaB
[2019-04-09T21:59:01.286][Master] Registered ReplicaC
[2019-04-09T21:59:02.244][Master] Registered //10.156.0.2/ReplicaC
[2019-04-09T21:59:05.028][Master] Registered ReplicaD
[2019-04-09T21:59:05.986][Master] Registered //10.156.0.2/ReplicaD
[2019-04-09T21:59:06.273][Master] Registered ReplicaE
[2019-04-09T21:59:06.731][Master] Registered //10.156.0.2/ReplicaE
[2019-04-09T21:59:08.626][Master] Registered ReplicaF
[2019-04-09T21:59:09.086][Master] Registered //10.156.0.2/ReplicaF
[2019-04-09T21:59:13.343][Master] Write ECG writelog: WriteLogItem(1554847153326,B,WriteOperation(y,+,1))
[2019-04-09T21:59:13.345][Master] Read ECG writelog
[2019-04-09T21:59:19.604][Master] Write ECG writelog: WriteLogItem(1554847159250,C,WriteOperation(z,+,1))
[2019-04-09T21:59:19.836][Master] Read ECG writelog
[2019-04-09T21:59:22.246][Master] Write ECG writelog: WriteLogItem(1554847162238,A,WriteOperation(z,+,1))
[2019-04-09T21:59:22.248][Master] Read ECG writelog
[2019-04-09T21:59:23.815][Master] Write ECG writelog: WriteLogItem(1554847163813,A,WriteOperation(z,+,1))
[2019-04-09T21:59:23.819][Master] Read ECG writelog
[2019-04-09T21:59:30.264][Master] Write ECG writelog: WriteLogItem(1554847169910,D,WriteOperation(z,+,1))
[2019-04-09T21:59:30.496][Master] Read ECG writelog
[2019-04-09T21:59:32.833][Master] Write ECG writelog: WriteLogItem(1554847172830,B,WriteOperation(x,+,1))
[2019-04-09T21:59:32.835][Master] Read ECG writelog
[2019-04-09T21:59:34.473][Master] Write ECG writelog: WriteLogItem(1554847174468,B,WriteOperation(y,+,1))
[2019-04-09T21:59:34.479][Master] Read ECG writelog
[2019-04-09T21:59:36.849][Master] Write ECG writelog: WriteLogItem(1554847176846,B,WriteOperation(z,+,1))
[2019-04-09T21:59:36.853][Master] Read ECG writelog
[2019-04-09T21:59:43.819][Master] Write ECG writelog: WriteLogItem(1554847183471,C,WriteOperation(x,+,1))
[2019-04-09T21:59:44.050][Master] Read ECG writelog
[2019-04-09T21:59:50.918][Master] Write ECG writelog: WriteLogItem(1554847190342,D,WriteOperation(z,+,1))
[2019-04-09T21:59:51.150][Master] Read ECG writelog
[2019-04-09T21:59:53.334][Master] Write ECG writelog: WriteLogItem(1554847193322,A,WriteOperation(y,+,1))
[2019-04-09T21:59:53.336][Master] Read ECG writelog
[2019-04-09T21:59:59.371][Master] Write ECG writelog: WriteLogItem(1554847199025,C,WriteOperation(z,+,1))
[2019-04-09T21:59:59.603][Master] Read ECG writelog
[2019-04-09T22:00:06.658][Master] Write ECG writelog: WriteLogItem(1554847206311,D,WriteOperation(y,+,1))
[2019-04-09T22:00:06.889][Master] Read ECG writelog
[2019-04-09T22:00:14.127][Master] Write ECG writelog: WriteLogItem(1554847213779,D,WriteOperation(y,+,1))
[2019-04-09T22:00:14.358][Master] Read ECG writelog
[2019-04-09T22:00:21.073][Master] Write ECG writelog: WriteLogItem(1554847220727,D,WriteOperation(y,+,1))
[2019-04-09T22:00:21.305][Master] Read ECG writelog
[2019-04-09T22:00:23.919][Master] Write ECG writelog: WriteLogItem(1554847223915,A,WriteOperation(y,+,1))
[2019-04-09T22:00:23.921][Master] Read ECG writelog
[2019-04-09T22:00:33.837][Master] Write ECG writelog: WriteLogItem(1554847233258,C,WriteOperation(x,+,1))
[2019-04-09T22:00:34.068][Master] Read ECG writelog
[2019-04-09T22:00:40.547][Master] Write ECG writelog: WriteLogItem(1554847240199,C,WriteOperation(x,+,1))
[2019-04-09T22:00:40.778][Master] Read ECG writelog
[2019-04-09T22:00:48.844][Master] Write ECG writelog: WriteLogItem(1554847248840,B,WriteOperation(y,+,1))
[2019-04-09T22:00:48.846][Master] Read ECG writelog
[2019-04-09T22:00:51.210][Master] Write ECG writelog: WriteLogItem(1554847251207,A,WriteOperation(z,+,1))
[2019-04-09T22:00:51.213][Master] Read ECG writelog
[2019-04-09T22:00:57.915][Master] Write ECG writelog: WriteLogItem(1554847257337,D,WriteOperation(z,+,1))
[2019-04-09T22:00:58.148][Master] Read ECG writelog
[2019-04-09T22:01:00.627][Master] Write ECG writelog: WriteLogItem(1554847260623,B,WriteOperation(z,+,1))
[2019-04-09T22:01:00.629][Master] Read ECG writelog
[2019-04-09T22:01:03][Master] Write ECG writelog: WriteLogItem(1554847262994,A,WriteOperation(y,+,1))
[2019-04-09T22:01:03.001][Master] Read ECG writelog
[2019-04-09T22:01:07.232][Master] Write ECG writelog: WriteLogItem(1554847267226,A,WriteOperation(x,+,1))
[2019-04-09T22:01:07.234][Master] Read ECG writelog
[2019-04-09T22:01:13.329][Master] Write ECG writelog: WriteLogItem(1554847272982,D,WriteOperation(x,+,1))
[2019-04-09T22:01:13.560][Master] Read ECG writelog
[2019-04-09T22:01:20.712][Master] Write ECG writelog: WriteLogItem(1554847280134,C,WriteOperation(y,+,1))
[2019-04-09T22:01:20.943][Master] Read ECG writelog
[2019-04-09T22:01:32.356][Master] Write ECG writelog: WriteLogItem(1554847292008,C,WriteOperation(x,+,1))
[2019-04-09T22:01:32.587][Master] Read ECG writelog
[2019-04-09T22:01:38.622][Master] Write ECG writelog: WriteLogItem(1554847298619,A,WriteOperation(x,+,1))
[2019-04-09T22:01:38.624][Master] Read ECG writelog
[2019-04-09T22:01:44.760][Master] Write ECG writelog: WriteLogItem(1554847304414,C,WriteOperation(x,+,1))
[2019-04-09T22:01:44.992][Master] Read ECG writelog
[2019-04-09T22:01:54.597][Master] Write ECG writelog: WriteLogItem(1554847314250,C,WriteOperation(z,+,1))
[2019-04-09T22:01:54.828][Master] Read ECG writelog
[2019-04-09T22:02:01.855][Master] Write ECG writelog: WriteLogItem(1554847321508,C,WriteOperation(y,+,1))
[2019-04-09T22:02:02.086][Master] Read ECG writelog
[2019-04-09T22:02:12.298][Master] Write ECG writelog: WriteLogItem(1554847331951,C,WriteOperation(x,+,1))
[2019-04-09T22:02:12.529][Master] Read ECG writelog
[2019-04-09T22:02:18.454][Master] Write ECG writelog: WriteLogItem(1554847338450,B,WriteOperation(x,+,1))
[2019-04-09T22:02:18.457][Master] Read ECG writelog
[2019-04-09T22:02:27.777][Master] Write ECG writelog: WriteLogItem(1554847347431,C,WriteOperation(z,+,1))
[2019-04-09T22:02:28.010][Master] Read ECG writelog
[2019-04-09T22:02:35.257][Master] Write ECG writelog: WriteLogItem(1554847354909,C,WriteOperation(z,+,1))
[2019-04-09T22:02:35.488][Master] Read ECG writelog
[2019-04-09T22:02:37.268][Master] Write ECG writelog: WriteLogItem(1554847357261,B,WriteOperation(x,+,1))
[2019-04-09T22:02:37.269][Master] Read ECG writelog
[2019-04-09T22:02:45.126][Master] Write ECG writelog: WriteLogItem(1554847364548,D,WriteOperation(x,+,1))
[2019-04-09T22:02:45.358][Master] Read ECG writelog
[2019-04-09T22:02:47.396][Master] Write ECG writelog: WriteLogItem(1554847367394,B,WriteOperation(y,+,1))
[2019-04-09T22:02:47.397][Master] Read ECG writelog
[2019-04-09T22:02:49.624][Master] Write ECG writelog: WriteLogItem(1554847369619,B,WriteOperation(y,+,1))
[2019-04-09T22:02:49.627][Master] Read ECG writelog
[2019-04-09T22:02:52.810][Master] Write ECG writelog: WriteLogItem(1554847372807,A,WriteOperation(y,+,1))
[2019-04-09T22:02:52.813][Master] Read ECG writelog
[2019-04-09T22:02:59.497][Master] Write ECG writelog: WriteLogItem(1554847378915,C,WriteOperation(z,+,1))
[2019-04-09T22:02:59.727][Master] Read ECG writelog
[2019-04-09T22:03:06.911][Master] Write ECG writelog: WriteLogItem(1554847386563,C,WriteOperation(x,+,1))
[2019-04-09T22:03:07.142][Master] Read ECG writelog
[2019-04-09T22:03:15.357][Master] Write ECG writelog: WriteLogItem(1554847395353,B,WriteOperation(y,+,1))
[2019-04-09T22:03:15.358][Master] Read ECG writelog
[2019-04-09T22:03:17.502][Master] Write ECG writelog: WriteLogItem(1554847397500,B,WriteOperation(z,+,1))
[2019-04-09T22:03:17.504][Master] Read ECG writelog
[2019-04-09T22:03:21.088][Master] Write ECG writelog: WriteLogItem(1554847401085,B,WriteOperation(z,+,1))
[2019-04-09T22:03:21.089][Master] Read ECG writelog
[2019-04-09T22:03:24.267][Master] Write ECG writelog: WriteLogItem(1554847404264,B,WriteOperation(z,+,1))
[2019-04-09T22:03:24.268][Master] Read ECG writelog
[2019-04-09T22:03:33.674][Master] Write ECG writelog: WriteLogItem(1554847413097,D,WriteOperation(x,+,1))
[2019-04-09T22:03:33.905][Master] Read ECG writelog
[2019-04-09T22:03:46.850][Master] Write ECG writelog: WriteLogItem(1554847426503,D,WriteOperation(y,+,1))
[2019-04-09T22:03:47.081][Master] Read ECG writelog
[2019-04-09T22:03:49.204][Master] Write ECG writelog: WriteLogItem(1554847429202,B,WriteOperation(x,+,1))
[2019-04-09T22:03:49.205][Master] Read ECG writelog
[2019-04-09T22:03:51.051][Master] Write ECG writelog: WriteLogItem(1554847431045,A,WriteOperation(x,+,1))
[2019-04-09T22:03:51.053][Master] Read ECG writelog
[2019-04-09T22:03:55.202][Master] Write ECG writelog: WriteLogItem(1554847435200,A,WriteOperation(x,+,1))
[2019-04-09T22:03:55.204][Master] Read ECG writelog
[2019-04-09T22:03:57.190][Master] Write ECG writelog: WriteLogItem(1554847437188,B,WriteOperation(y,+,1))
[2019-04-09T22:03:57.192][Master] Read ECG writelog
[2019-04-09T22:04:05.584][Master] Write ECG writelog: WriteLogItem(1554847445239,D,WriteOperation(y,+,1))
[2019-04-09T22:04:05.815][Master] Read ECG writelog
[2019-04-09T22:04:12.467][Master] Write ECG writelog: WriteLogItem(1554847452465,A,WriteOperation(z,+,1))
[2019-04-09T22:04:12.472][Master] Read ECG writelog
[2019-04-09T22:04:14.724][Master] Write ECG writelog: WriteLogItem(1554847454722,B,WriteOperation(x,+,1))
[2019-04-09T22:04:14.726][Master] Read ECG writelog
[2019-04-09T22:04:21.112][Master] Write ECG writelog: WriteLogItem(1554847460536,C,WriteOperation(y,+,1))
[2019-04-09T22:04:21.345][Master] Read ECG writelog
[2019-04-09T22:04:27.891][Master] Write ECG writelog: WriteLogItem(1554847467544,C,WriteOperation(y,+,1))
[2019-04-09T22:04:28.122][Master] Read ECG writelog
[2019-04-09T22:04:30.400][Master] Write ECG writelog: WriteLogItem(1554847470398,A,WriteOperation(x,+,1))
[2019-04-09T22:04:30.406][Master] Read ECG writelog
[2019-04-09T22:04:32.191][Master] Write ECG writelog: WriteLogItem(1554847472189,A,WriteOperation(x,+,1))
[2019-04-09T22:04:32.192][Master] Read ECG writelog
[2019-04-09T22:04:41.037][Master] Write ECG writelog: WriteLogItem(1554847480461,D,WriteOperation(x,+,1))
[2019-04-09T22:04:41.268][Master] Read ECG writelog
[2019-04-09T22:04:43.265][Master] Write ECG writelog: WriteLogItem(1554847483263,A,WriteOperation(x,+,1))
[2019-04-09T22:04:43.268][Master] Read ECG writelog
[2019-04-09T22:04:52.088][Master] Write ECG writelog: WriteLogItem(1554847491511,C,WriteOperation(x,+,1))
[2019-04-09T22:04:52.319][Master] Read ECG writelog
[2019-04-09T22:04:58.564][Master] Write ECG writelog: WriteLogItem(1554847498561,A,WriteOperation(x,+,1))
[2019-04-09T22:04:58.565][Master] Read ECG writelog
[2019-04-09T22:05:02.451][Master] Write ECG writelog: WriteLogItem(1554847502446,B,WriteOperation(x,+,1))
[2019-04-09T22:05:02.453][Master] Read ECG writelog
[2019-04-09T22:05:06.734][Master] Write ECG writelog: WriteLogItem(1554847506732,A,WriteOperation(x,+,1))
[2019-04-09T22:05:06.735][Master] Read ECG writelog
[2019-04-09T22:05:13.594][Master] Write ECG writelog: WriteLogItem(1554847513019,D,WriteOperation(z,+,1))
[2019-04-09T22:05:13.824][Master] Read ECG writelog
[2019-04-09T22:05:24.712][Master] Write ECG writelog: WriteLogItem(1554847524367,D,WriteOperation(y,+,1))
[2019-04-09T22:05:24.942][Master] Read ECG writelog
[2019-04-09T22:05:31.972][Master] Write ECG writelog: WriteLogItem(1554847531396,C,WriteOperation(y,+,1))
[2019-04-09T22:05:32.204][Master] Read ECG writelog
[2019-04-09T22:05:38.961][Master] Write ECG writelog: WriteLogItem(1554847538614,D,WriteOperation(y,+,1))
[2019-04-09T22:05:39.193][Master] Read ECG writelog
[2019-04-09T22:05:46.088][Master] Write ECG writelog: WriteLogItem(1554847545742,C,WriteOperation(x,+,1))
[2019-04-09T22:05:46.319][Master] Read ECG writelog
[2019-04-09T22:05:52.946][Master] Write ECG writelog: WriteLogItem(1554847552600,D,WriteOperation(y,+,1))
[2019-04-09T22:05:53.177][Master] Read ECG writelog
[2019-04-09T22:05:59.720][Master] Write ECG writelog: WriteLogItem(1554847559374,D,WriteOperation(y,+,1))
[2019-04-09T22:05:59.951][Master] Read ECG writelog
[2019-04-09T22:06:02.426][Master] Write ECG writelog: WriteLogItem(1554847562423,B,WriteOperation(y,+,1))
[2019-04-09T22:06:02.428][Master] Read ECG writelog
[2019-04-09T22:06:10.764][Master] Write ECG writelog: WriteLogItem(1554847570188,C,WriteOperation(x,+,1))
[2019-04-09T22:06:10.996][Master] Read ECG writelog
[2019-04-09T22:06:13.599][Master] Write ECG writelog: WriteLogItem(1554847573596,A,WriteOperation(z,+,1))
[2019-04-09T22:06:13.600][Master] Read ECG writelog
[2019-04-09T22:06:49.168][Master] Write ECG writelog: WriteLogItem(1554847609166,B,WriteOperation(x,+,1))
[2019-04-09T22:06:49.170][Master] Read ECG writelog
[2019-04-09T22:06:58.453][Master] Write ECG writelog: WriteLogItem(1554847617877,C,WriteOperation(z,+,1))
[2019-04-09T22:06:58.684][Master] Read ECG writelog
[2019-04-09T22:07:05.708][Master] Write ECG writelog: WriteLogItem(1554847625130,D,WriteOperation(z,+,1))
[2019-04-09T22:07:05.939][Master] Read ECG writelog
[2019-04-09T22:07:18.694][Master] Write ECG writelog: WriteLogItem(1554847638348,D,WriteOperation(z,+,1))
[2019-04-09T22:07:18.926][Master] Read ECG writelog
[2019-04-09T22:07:29.628][Master] Write ECG writelog: WriteLogItem(1554847649054,C,WriteOperation(x,+,1))
[2019-04-09T22:07:29.858][Master] Read ECG writelog
[2019-04-09T22:07:36.385][Master] Write ECG writelog: WriteLogItem(1554847656381,A,WriteOperation(z,+,1))
[2019-04-09T22:07:36.386][Master] Read ECG writelog
[2019-04-09T22:07:42.557][Master] Write ECG writelog: WriteLogItem(1554847661981,D,WriteOperation(x,+,1))
[2019-04-09T22:07:42.789][Master] Read ECG writelog
[2019-04-09T22:07:49.505][Master] Write ECG writelog: WriteLogItem(1554847669159,C,WriteOperation(y,+,1))
[2019-04-09T22:07:49.735][Master] Read ECG writelog
[2019-04-09T22:08:00.445][Master] Write ECG writelog: WriteLogItem(1554847680099,D,WriteOperation(y,+,1))
[2019-04-09T22:08:00.676][Master] Read ECG writelog
[2019-04-09T22:08:11.393][Master] Write ECG writelog: WriteLogItem(1554847691048,C,WriteOperation(x,+,1))
[2019-04-09T22:08:11.623][Master] Read ECG writelog
[2019-04-09T22:08:21.454][Master] Write ECG writelog: WriteLogItem(1554847701108,D,WriteOperation(y,+,1))
[2019-04-09T22:08:21.685][Master] Read ECG writelog
[2019-04-09T22:08:23.718][Master] Write ECG writelog: WriteLogItem(1554847703716,B,WriteOperation(x,+,1))
[2019-04-09T22:08:23.719][Master] Read ECG writelog
[2019-04-09T22:08:32.331][Master] Write ECG writelog: WriteLogItem(1554847711752,C,WriteOperation(z,+,1))
[2019-04-09T22:08:32.562][Master] Read ECG writelog
[2019-04-09T22:08:34.822][Master] Write ECG writelog: WriteLogItem(1554847714820,A,WriteOperation(y,+,1))
[2019-04-09T22:08:34.825][Master] Read ECG writelog
[2019-04-09T22:08:41.633][Master] Write ECG writelog: WriteLogItem(1554847721284,C,WriteOperation(y,+,1))
[2019-04-09T22:08:41.865][Master] Read ECG writelog
[2019-04-09T22:08:44.577][Master] Write ECG writelog: WriteLogItem(1554847724575,B,WriteOperation(z,+,1))
[2019-04-09T22:08:44.578][Master] Read ECG writelog
[2019-04-09T22:08:52.576][Master] Write ECG writelog: WriteLogItem(1554847732001,D,WriteOperation(z,+,1))
[2019-04-09T22:08:52.808][Master] Read ECG writelog
[2019-04-09T22:08:59.782][Master] Write ECG writelog: WriteLogItem(1554847739780,A,WriteOperation(y,+,1))
[2019-04-09T22:08:59.785][Master] Read ECG writelog
[2019-04-09T22:09:06.203][Master] Write ECG writelog: WriteLogItem(1554847745858,D,WriteOperation(x,+,1))
[2019-04-09T22:09:06.433][Master] Read ECG writelog
[2019-04-09T22:09:11.841][Master] Write ECG writelog: WriteLogItem(1554847751839,A,WriteOperation(x,+,1))
[2019-04-09T22:09:11.843][Master] Read ECG writelog
[2019-04-09T22:09:14.045][Master] Write ECG writelog: WriteLogItem(1554847754043,B,WriteOperation(y,+,1))
[2019-04-09T22:09:14.050][Master] Read ECG writelog
[2019-04-09T22:09:17.649][Master] Write ECG writelog: WriteLogItem(1554847757648,B,WriteOperation(x,+,1))
[2019-04-09T22:09:17.651][Master] Read ECG writelog
[2019-04-09T22:09:19.220][Master] Write ECG writelog: WriteLogItem(1554847759217,B,WriteOperation(z,+,1))
[2019-04-09T22:09:19.225][Master] Read ECG writelog
[2019-04-09T22:09:28.948][Master] Write ECG writelog: WriteLogItem(1554847768371,C,WriteOperation(z,+,1))
[2019-04-09T22:09:29.179][Master] Read ECG writelog
[2019-04-09T22:09:31.237][Master] Write ECG writelog: WriteLogItem(1554847771235,B,WriteOperation(y,+,1))
[2019-04-09T22:09:31.239][Master] Read ECG writelog
[2019-04-09T22:09:34.520][Master] Write ECG writelog: WriteLogItem(1554847774519,B,WriteOperation(z,+,1))
[2019-04-09T22:09:34.522][Master] Read ECG writelog
[2019-04-09T22:09:37.398][Master] Write ECG writelog: WriteLogItem(1554847777396,A,WriteOperation(x,+,1))
[2019-04-09T22:09:37.400][Master] Read ECG writelog
[2019-04-09T22:09:41.125][Master] Write ECG writelog: WriteLogItem(1554847781123,B,WriteOperation(x,+,1))
[2019-04-09T22:09:41.129][Master] Read ECG writelog
[2019-04-09T22:09:47.580][Master] Write ECG writelog: WriteLogItem(1554847787004,D,WriteOperation(z,+,1))
[2019-04-09T22:09:47.810][Master] Read ECG writelog
[2019-04-09T22:09:58.902][Master] Write ECG writelog: WriteLogItem(1554847798552,C,WriteOperation(x,+,1))
[2019-04-09T22:09:59.133][Master] Read ECG writelog
[2019-04-09T22:10:06.114][Master] Write ECG writelog: WriteLogItem(1554847805769,D,WriteOperation(z,+,1))
[2019-04-09T22:10:06.345][Master] Read ECG writelog
[2019-04-09T22:10:16.962][Master] Write ECG writelog: WriteLogItem(1554847816386,C,WriteOperation(x,+,1))
[2019-04-09T22:10:17.193][Master] Read ECG writelog
[2019-04-09T22:10:23.763][Master] Write ECG writelog: WriteLogItem(1554847823417,C,WriteOperation(z,+,1))
[2019-04-09T22:10:23.994][Master] Read ECG writelog
[2019-04-09T22:10:36.831][Master] Write ECG writelog: WriteLogItem(1554847836487,C,WriteOperation(z,+,1))
[2019-04-09T22:10:37.062][Master] Read ECG writelog
[2019-04-09T22:10:43.687][Master] Write ECG writelog: WriteLogItem(1554847843340,C,WriteOperation(z,+,1))
[2019-04-09T22:10:43.917][Master] Read ECG writelog
[2019-04-09T22:10:46.386][Master] Write ECG writelog: WriteLogItem(1554847846383,B,WriteOperation(z,+,1))
[2019-04-09T22:10:46.387][Master] Read ECG writelog
[2019-04-09T22:10:53.150][Master] Write ECG writelog: WriteLogItem(1554847852804,C,WriteOperation(z,+,1))
[2019-04-09T22:10:53.380][Master] Read ECG writelog
[2019-04-09T22:10:56.044][Master] Write ECG writelog: WriteLogItem(1554847856042,B,WriteOperation(x,+,1))
[2019-04-09T22:10:56.051][Master] Read ECG writelog
[2019-04-09T22:11:00.464][Master] Write ECG writelog: WriteLogItem(1554847860461,A,WriteOperation(x,+,1))
[2019-04-09T22:11:00.465][Master] Read ECG writelog
[2019-04-09T22:11:06.844][Master] Write ECG writelog: WriteLogItem(1554847866268,D,WriteOperation(x,+,1))
[2019-04-09T22:11:07.075][Master] Read ECG writelog
[2019-04-09T22:11:19.746][Master] Write ECG writelog: WriteLogItem(1554847879172,C,WriteOperation(z,+,1))
[2019-04-09T22:11:19.977][Master] Read ECG writelog
[2019-04-09T22:11:26.692][Master] Write ECG writelog: WriteLogItem(1554847886346,D,WriteOperation(x,+,1))
[2019-04-09T22:11:26.922][Master] Read ECG writelog
[2019-04-09T22:11:32.568][Master] Write ECG writelog: WriteLogItem(1554847892565,A,WriteOperation(x,+,1))
[2019-04-09T22:11:32.571][Master] Read ECG writelog
[2019-04-09T22:11:39.184][Master] Write ECG writelog: WriteLogItem(1554847898837,D,WriteOperation(y,+,1))
[2019-04-09T22:11:39.414][Master] Read ECG writelog
[2019-04-09T22:11:46.546][Master] Write ECG writelog: WriteLogItem(1554847906199,C,WriteOperation(z,+,1))
[2019-04-09T22:11:46.776][Master] Read ECG writelog
[2019-04-09T22:11:49.266][Master] Write ECG writelog: WriteLogItem(1554847909261,B,WriteOperation(z,+,1))
[2019-04-09T22:11:49.267][Master] Read ECG writelog
[2019-04-09T22:11:53.761][Master] Write ECG writelog: WriteLogItem(1554847913760,B,WriteOperation(x,+,1))
[2019-04-09T22:11:53.763][Master] Read ECG writelog
[2019-04-09T22:11:57.640][Master] Write ECG writelog: WriteLogItem(1554847917639,A,WriteOperation(y,+,1))
[2019-04-09T22:11:57.641][Master] Read ECG writelog
[2019-04-09T22:11:59.822][Master] Write ECG writelog: WriteLogItem(1554847919821,A,WriteOperation(y,+,1))
[2019-04-09T22:11:59.824][Master] Read ECG writelog
[2019-04-09T22:12:09.082][Master] Write ECG writelog: WriteLogItem(1554847928507,D,WriteOperation(x,+,1))
[2019-04-09T22:12:09.312][Master] Read ECG writelog
[2019-04-09T22:12:15.387][Master] Write ECG writelog: WriteLogItem(1554847935380,A,WriteOperation(z,+,1))
[2019-04-09T22:12:15.388][Master] Read ECG writelog
[2019-04-09T22:12:17.441][Master] Write ECG writelog: WriteLogItem(1554847937440,A,WriteOperation(y,+,1))
[2019-04-09T22:12:17.443][Master] Read ECG writelog
[2019-04-09T22:12:23.952][Master] Write ECG writelog: WriteLogItem(1554847943375,C,WriteOperation(x,+,1))
[2019-04-09T22:12:24.184][Master] Read ECG writelog
[2019-04-09T22:12:35.289][Master] Write ECG writelog: WriteLogItem(1554847954942,C,WriteOperation(y,+,1))
[2019-04-09T22:12:35.520][Master] Read ECG writelog
[2019-04-09T22:12:42.929][Master] Write ECG writelog: WriteLogItem(1554847962353,D,WriteOperation(z,+,1))
[2019-04-09T22:12:43.160][Master] Read ECG writelog
[2019-04-09T22:12:49.979][Master] Write ECG writelog: WriteLogItem(1554847969977,A,WriteOperation(z,+,1))
[2019-04-09T22:12:49.981][Master] Read ECG writelog
[2019-04-09T22:12:52.095][Master] Write ECG writelog: WriteLogItem(1554847972094,A,WriteOperation(z,+,1))
[2019-04-09T22:12:52.097][Master] Read ECG writelog
[2019-04-09T22:12:54.239][Master] Write ECG writelog: WriteLogItem(1554847974237,B,WriteOperation(y,+,1))
[2019-04-09T22:12:54.240][Master] Read ECG writelog
[2019-04-09T22:13:03.174][Master] Write ECG writelog: WriteLogItem(1554847982598,C,WriteOperation(y,+,1))
[2019-04-09T22:13:03.405][Master] Read ECG writelog
[2019-04-09T22:13:05.351][Master] Write ECG writelog: WriteLogItem(1554847985349,B,WriteOperation(x,+,1))
[2019-04-09T22:13:05.352][Master] Read ECG writelog
[2019-04-09T22:13:07.349][Master] Write ECG writelog: WriteLogItem(1554847987345,A,WriteOperation(z,+,1))
[2019-04-09T22:13:07.350][Master] Read ECG writelog
[2019-04-09T22:13:16.547][Master] Write ECG writelog: WriteLogItem(1554847996202,C,WriteOperation(z,+,1))
[2019-04-09T22:13:16.778][Master] Read ECG writelog
[2019-04-09T22:13:19.440][Master] Write ECG writelog: WriteLogItem(1554847999437,B,WriteOperation(x,+,1))
[2019-04-09T22:13:19.442][Master] Read ECG writelog
[2019-04-09T22:13:26.003][Master] Write ECG writelog: WriteLogItem(1554848005426,D,WriteOperation(z,+,1))
[2019-04-09T22:13:26.234][Master] Read ECG writelog
[2019-04-09T22:13:33.268][Master] Write ECG writelog: WriteLogItem(1554848012922,D,WriteOperation(x,+,1))
[2019-04-09T22:13:33.499][Master] Read ECG writelog
[2019-04-09T22:13:40.310][Master] Write ECG writelog: WriteLogItem(1554848020307,A,WriteOperation(x,+,1))
[2019-04-09T22:13:40.311][Master] Read ECG writelog
[2019-04-09T22:13:49.359][Master] Write ECG writelog: WriteLogItem(1554848028784,C,WriteOperation(y,+,1))
[2019-04-09T22:13:49.590][Master] Read ECG writelog
[2019-04-09T22:13:51.807][Master] Write ECG writelog: WriteLogItem(1554848031804,B,WriteOperation(y,+,1))
[2019-04-09T22:13:51.808][Master] Read ECG writelog
[2019-04-09T22:14:00.524][Master] Write ECG writelog: WriteLogItem(1554848039945,D,WriteOperation(y,+,1))
[2019-04-09T22:14:00.757][Master] Read ECG writelog
[2019-04-09T22:14:07.568][Master] Write ECG writelog: WriteLogItem(1554848047566,B,WriteOperation(x,+,1))
[2019-04-09T22:14:07.570][Master] Read ECG writelog
[2019-04-09T22:14:12.158][Master] Write ECG writelog: WriteLogItem(1554848052154,A,WriteOperation(y,+,1))
[2019-04-09T22:14:12.159][Master] Read ECG writelog
[2019-04-09T22:14:18.403][Master] Write ECG writelog: WriteLogItem(1554848058054,D,WriteOperation(x,+,1))
[2019-04-09T22:14:18.635][Master] Read ECG writelog
[2019-04-09T22:14:25.811][Master] Write ECG writelog: WriteLogItem(1554848065232,C,WriteOperation(y,+,1))
[2019-04-09T22:14:26.041][Master] Read ECG writelog
[2019-04-09T22:14:36.744][Master] Write ECG writelog: WriteLogItem(1554848076395,D,WriteOperation(x,+,1))
[2019-04-09T22:14:36.976][Master] Read ECG writelog
[2019-04-09T22:14:38.779][Master] Write ECG writelog: WriteLogItem(1554848078776,B,WriteOperation(y,+,1))
[2019-04-09T22:14:38.780][Master] Read ECG writelog
[2019-04-09T22:15:13.289][Master] Write ECG writelog: WriteLogItem(1554848113287,B,WriteOperation(y,+,1))
[2019-04-09T22:15:13.290][Master] Read ECG writelog
[2019-04-09T22:15:19.860][Master] Write ECG writelog: WriteLogItem(1554848119280,D,WriteOperation(x,+,1))
[2019-04-09T22:15:20.093][Master] Read ECG writelog
[2019-04-09T22:15:26.315][Master] Write ECG writelog: WriteLogItem(1554848126313,B,WriteOperation(x,+,1))
[2019-04-09T22:15:26.316][Master] Read ECG writelog
[2019-04-09T22:15:28.652][Master] Write ECG writelog: WriteLogItem(1554848128651,B,WriteOperation(z,+,1))
[2019-04-09T22:15:28.653][Master] Read ECG writelog
[2019-04-09T22:15:35.870][Master] Write ECG writelog: WriteLogItem(1554848135296,C,WriteOperation(y,+,1))
[2019-04-09T22:15:36.102][Master] Read ECG writelog
[2019-04-09T22:15:42.269][Master] Write ECG writelog: WriteLogItem(1554848141924,C,WriteOperation(x,+,1))
[2019-04-09T22:15:42.499][Master] Read ECG writelog
[2019-04-09T22:15:45.198][Master] Write ECG writelog: WriteLogItem(1554848145196,B,WriteOperation(z,+,1))
[2019-04-09T22:15:45.199][Master] Read ECG writelog
[2019-04-09T22:15:51.606][Master] Write ECG writelog: WriteLogItem(1554848151261,C,WriteOperation(x,+,1))
[2019-04-09T22:15:51.835][Master] Read ECG writelog
[2019-04-09T22:15:59.207][Master] Write ECG writelog: WriteLogItem(1554848158861,C,WriteOperation(y,+,1))
[2019-04-09T22:15:59.436][Master] Read ECG writelog
[2019-04-09T22:16:06.002][Master] Write ECG writelog: WriteLogItem(1554848165422,D,WriteOperation(y,+,1))
[2019-04-09T22:16:06.235][Master] Read ECG writelog
[2019-04-09T22:16:12.449][Master] Write ECG writelog: WriteLogItem(1554848172447,B,WriteOperation(z,+,1))
[2019-04-09T22:16:12.453][Master] Read ECG writelog
[2019-04-09T22:16:18.944][Master] Write ECG writelog: WriteLogItem(1554848178596,D,WriteOperation(x,+,1))
[2019-04-09T22:16:19.176][Master] Read ECG writelog
[2019-04-09T22:16:26.073][Master] Write ECG writelog: WriteLogItem(1554848186071,B,WriteOperation(y,+,1))
[2019-04-09T22:16:26.074][Master] Read ECG writelog
[2019-04-09T22:16:27.671][Master] Write ECG writelog: WriteLogItem(1554848187669,A,WriteOperation(x,+,1))
[2019-04-09T22:16:27.671][Master] Read ECG writelog
[2019-04-09T22:16:31.683][Master] Write ECG writelog: WriteLogItem(1554848191682,B,WriteOperation(x,+,1))
[2019-04-09T22:16:31.684][Master] Read ECG writelog
[2019-04-09T22:16:37.931][Master] Write ECG writelog: WriteLogItem(1554848197352,C,WriteOperation(x,+,1))
[2019-04-09T22:16:38.164][Master] Read ECG writelog
[2019-04-09T22:16:44.432][Master] Write ECG writelog: WriteLogItem(1554848204431,A,WriteOperation(x,+,1))
[2019-04-09T22:16:44.433][Master] Read ECG writelog
[2019-04-09T22:16:46.778][Master] Write ECG writelog: WriteLogItem(1554848206776,B,WriteOperation(z,+,1))
[2019-04-09T22:16:46.784][Master] Read ECG writelog
[2019-04-09T22:16:48.856][Master] Write ECG writelog: WriteLogItem(1554848208854,B,WriteOperation(y,+,1))
[2019-04-09T22:16:48.857][Master] Read ECG writelog
[2019-04-09T22:16:55.544][Master] Write ECG writelog: WriteLogItem(1554848214969,D,WriteOperation(x,+,1))
[2019-04-09T22:16:55.774][Master] Read ECG writelog
[2019-04-09T22:17:07.263][Master] Write ECG writelog: WriteLogItem(1554848226918,D,WriteOperation(x,+,1))
[2019-04-09T22:17:07.494][Master] Read ECG writelog
[2019-04-09T22:17:13.405][Master] Write ECG writelog: WriteLogItem(1554848233402,B,WriteOperation(x,+,1))
[2019-04-09T22:17:13.405][Master] Read ECG writelog
[2019-04-09T22:17:17.550][Master] Write ECG writelog: WriteLogItem(1554848237548,B,WriteOperation(z,+,1))
[2019-04-09T22:17:17.552][Master] Read ECG writelog
[2019-04-09T22:17:23.772][Master] Write ECG writelog: WriteLogItem(1554848243196,C,WriteOperation(x,+,1))
[2019-04-09T22:17:24.002][Master] Read ECG writelog
[2019-04-09T22:17:26.431][Master] Write ECG writelog: WriteLogItem(1554848246430,B,WriteOperation(y,+,1))
[2019-04-09T22:17:26.432][Master] Read ECG writelog
[2019-04-09T22:17:30.092][Master] Write ECG writelog: WriteLogItem(1554848250091,B,WriteOperation(x,+,1))
[2019-04-09T22:17:30.093][Master] Read ECG writelog
[2019-04-09T22:17:36.690][Master] Write ECG writelog: WriteLogItem(1554848256116,D,WriteOperation(x,+,1))
[2019-04-09T22:17:36.921][Master] Read ECG writelog
[2019-04-09T22:17:47.732][Master] Write ECG writelog: WriteLogItem(1554848267385,C,WriteOperation(x,+,1))
[2019-04-09T22:17:47.963][Master] Read ECG writelog
[2019-04-09T22:17:49.779][Master] Write ECG writelog: WriteLogItem(1554848269777,B,WriteOperation(x,+,1))
[2019-04-09T22:17:49.779][Master] Read ECG writelog
[2019-04-09T22:17:57.942][Master] Write ECG writelog: WriteLogItem(1554848277595,C,WriteOperation(z,+,1))
[2019-04-09T22:17:58.172][Master] Read ECG writelog
[2019-04-09T22:18:04.831][Master] Write ECG writelog: WriteLogItem(1554848284485,C,WriteOperation(x,+,1))
[2019-04-09T22:18:05.062][Master] Read ECG writelog
[2019-04-09T22:18:17.940][Master] Write ECG writelog: WriteLogItem(1554848297593,C,WriteOperation(z,+,1))
[2019-04-09T22:18:18.170][Master] Read ECG writelog
[2019-04-09T22:18:20.210][Master] Write ECG writelog: WriteLogItem(1554848300208,B,WriteOperation(x,+,1))
[2019-04-09T22:18:20.211][Master] Read ECG writelog
[2019-04-09T22:18:22.480][Master] Write ECG writelog: WriteLogItem(1554848302478,B,WriteOperation(y,+,1))
[2019-04-09T22:18:22.483][Master] Read ECG writelog
[2019-04-09T22:18:28.696][Master] Write ECG writelog: WriteLogItem(1554848308119,D,WriteOperation(x,+,1))
[2019-04-09T22:18:28.929][Master] Read ECG writelog
[2019-04-09T22:18:35.233][Master] Write ECG writelog: WriteLogItem(1554848314887,C,WriteOperation(z,+,1))
[2019-04-09T22:18:35.464][Master] Read ECG writelog
[2019-04-09T22:18:42.092][Master] Write ECG writelog: WriteLogItem(1554848321746,D,WriteOperation(z,+,1))
[2019-04-09T22:18:42.323][Master] Read ECG writelog
[2019-04-09T22:18:48.659][Master] Write ECG writelog: WriteLogItem(1554848328658,B,WriteOperation(z,+,1))
[2019-04-09T22:18:48.661][Master] Read ECG writelog
[2019-04-09T22:18:55.820][Master] Write ECG writelog: WriteLogItem(1554848335245,C,WriteOperation(y,+,1))
[2019-04-09T22:18:56.050][Master] Read ECG writelog
[2019-04-09T22:18:57.860][Master] Write ECG writelog: WriteLogItem(1554848337858,B,WriteOperation(x,+,1))
[2019-04-09T22:18:57.860][Master] Read ECG writelog
[2019-04-09T22:19:04.135][Master] Write ECG writelog: WriteLogItem(1554848343559,D,WriteOperation(y,+,1))
[2019-04-09T22:19:04.366][Master] Read ECG writelog
[2019-04-09T22:19:10.810][Master] Write ECG writelog: WriteLogItem(1554848350808,B,WriteOperation(z,+,1))
[2019-04-09T22:19:10.813][Master] Read ECG writelog
[2019-04-09T22:19:17.526][Master] Write ECG writelog: WriteLogItem(1554848357180,D,WriteOperation(z,+,1))
[2019-04-09T22:19:17.756][Master] Read ECG writelog
[2019-04-09T22:19:27.748][Master] Write ECG writelog: WriteLogItem(1554848367402,D,WriteOperation(x,+,1))
[2019-04-09T22:19:27.978][Master] Read ECG writelog
[2019-04-09T22:19:34.002][Master] Write ECG writelog: WriteLogItem(1554848374001,B,WriteOperation(z,+,1))
[2019-04-09T22:19:34.003][Master] Read ECG writelog
[2019-04-09T22:19:35.909][Master] Write ECG writelog: WriteLogItem(1554848375907,A,WriteOperation(z,+,1))
[2019-04-09T22:19:35.910][Master] Read ECG writelog
[2019-04-09T22:19:44.765][Master] Write ECG writelog: WriteLogItem(1554848384418,D,WriteOperation(x,+,1))
[2019-04-09T22:19:44.995][Master] Read ECG writelog
[2019-04-09T22:19:55.272][Master] Write ECG writelog: WriteLogItem(1554848394696,C,WriteOperation(x,+,1))
[2019-04-09T22:19:55.502][Master] Read ECG writelog
[2019-04-09T22:20:01.725][Master] Write ECG writelog: WriteLogItem(1554848401723,B,WriteOperation(x,+,1))
[2019-04-09T22:20:01.726][Master] Read ECG writelog
[2019-04-09T22:20:11.322][Master] Write ECG writelog: WriteLogItem(1554848410746,D,WriteOperation(x,+,1))
[2019-04-09T22:20:11.553][Master] Read ECG writelog
[2019-04-09T22:20:18.144][Master] Write ECG writelog: WriteLogItem(1554848417797,C,WriteOperation(x,+,1))
[2019-04-09T22:20:18.376][Master] Read ECG writelog
[2019-04-09T22:20:25.115][Master] Write ECG writelog: WriteLogItem(1554848424768,C,WriteOperation(z,+,1))
[2019-04-09T22:20:25.344][Master] Read ECG writelog
[2019-04-09T22:20:31.495][Master] Write ECG writelog: WriteLogItem(1554848431493,B,WriteOperation(z,+,1))
[2019-04-09T22:20:31.496][Master] Read ECG writelog
[2019-04-09T22:20:33.409][Master] Write ECG writelog: WriteLogItem(1554848433407,A,WriteOperation(x,+,1))
[2019-04-09T22:20:33.410][Master] Read ECG writelog
[2019-04-09T22:20:35.371][Master] Write ECG writelog: WriteLogItem(1554848435369,B,WriteOperation(y,+,1))
[2019-04-09T22:20:35.372][Master] Read ECG writelog
[2019-04-09T22:20:43.777][Master] Write ECG writelog: WriteLogItem(1554848443205,D,WriteOperation(y,+,1))
[2019-04-09T22:20:44.007][Master] Read ECG writelog
[2019-04-09T22:20:56.522][Master] Write ECG writelog: WriteLogItem(1554848456177,D,WriteOperation(z,+,1))
[2019-04-09T22:20:56.751][Master] Read ECG writelog
[2019-04-09T22:21:03.193][Master] Write ECG writelog: WriteLogItem(1554848462848,D,WriteOperation(z,+,1))
[2019-04-09T22:21:03.423][Master] Read ECG writelog
[2019-04-09T22:21:05.469][Master] Write ECG writelog: WriteLogItem(1554848465467,A,WriteOperation(y,+,1))
[2019-04-09T22:21:05.470][Master] Read ECG writelog
[2019-04-09T22:21:07.754][Master] Write ECG writelog: WriteLogItem(1554848467751,A,WriteOperation(y,+,1))
[2019-04-09T22:21:07.755][Master] Read ECG writelog
[2019-04-09T22:21:14.429][Master] Write ECG writelog: WriteLogItem(1554848473853,C,WriteOperation(x,+,1))
[2019-04-09T22:21:14.659][Master] Read ECG writelog
[2019-04-09T22:21:26.049][Master] Write ECG writelog: WriteLogItem(1554848485704,D,WriteOperation(z,+,1))
[2019-04-09T22:21:26.278][Master] Read ECG writelog
[2019-04-09T22:21:28.789][Master] Write ECG writelog: WriteLogItem(1554848488785,A,WriteOperation(x,+,1))
[2019-04-09T22:21:28.791][Master] Read ECG writelog
[2019-04-09T22:21:32.375][Master] Write ECG writelog: WriteLogItem(1554848492373,B,WriteOperation(x,+,1))
[2019-04-09T22:21:32.376][Master] Read ECG writelog
[2019-04-09T22:21:34.334][Master] Write ECG writelog: WriteLogItem(1554848494333,A,WriteOperation(x,+,1))
[2019-04-09T22:21:34.335][Master] Read ECG writelog
[2019-04-09T22:21:36.591][Master] Write ECG writelog: WriteLogItem(1554848496588,A,WriteOperation(x,+,1))
[2019-04-09T22:21:36.593][Master] Read ECG writelog
[2019-04-09T22:21:38.616][Master] Write ECG writelog: WriteLogItem(1554848498615,A,WriteOperation(x,+,1))
[2019-04-09T22:21:38.617][Master] Read ECG writelog
[2019-04-09T22:21:43.356][Master] Write ECG writelog: WriteLogItem(1554848503355,A,WriteOperation(z,+,1))
[2019-04-09T22:21:43.357][Master] Read ECG writelog
[2019-04-09T22:21:51.484][Master] Write ECG writelog: WriteLogItem(1554848510909,D,WriteOperation(y,+,1))
[2019-04-09T22:21:51.714][Master] Read ECG writelog
[2019-04-09T22:21:58.210][Master] Write ECG writelog: WriteLogItem(1554848518208,A,WriteOperation(y,+,1))
[2019-04-09T22:21:58.210][Master] Read ECG writelog
[2019-04-09T22:22:02.038][Master] Write ECG writelog: WriteLogItem(1554848522036,B,WriteOperation(y,+,1))
[2019-04-09T22:22:02.039][Master] Read ECG writelog
[2019-04-09T22:22:03.892][Master] Write ECG writelog: WriteLogItem(1554848523891,B,WriteOperation(x,+,1))
[2019-04-09T22:22:03.893][Master] Read ECG writelog
[2019-04-09T22:22:10.587][Master] Write ECG writelog: WriteLogItem(1554848530010,C,WriteOperation(z,+,1))
[2019-04-09T22:22:10.818][Master] Read ECG writelog
[2019-04-09T22:22:17.465][Master] Write ECG writelog: WriteLogItem(1554848537463,A,WriteOperation(x,+,1))
[2019-04-09T22:22:17.467][Master] Read ECG writelog
[2019-04-09T22:22:21.086][Master] Write ECG writelog: WriteLogItem(1554848541084,A,WriteOperation(y,+,1))
[2019-04-09T22:22:21.086][Master] Read ECG writelog
[2019-04-09T22:22:59.591][Master] Write ECG writelog: WriteLogItem(1554848579015,D,WriteOperation(y,+,1))
[2019-04-09T22:22:59.822][Master] Read ECG writelog
[2019-04-09T22:23:06.881][Master] Write ECG writelog: WriteLogItem(1554848586879,A,WriteOperation(x,+,1))
[2019-04-09T22:23:06.882][Master] Read ECG writelog
[2019-04-09T22:23:15.719][Master] Write ECG writelog: WriteLogItem(1554848595144,C,WriteOperation(x,+,1))
[2019-04-09T22:23:15.949][Master] Read ECG writelog
[2019-04-09T22:23:24.097][Master] Write ECG writelog: WriteLogItem(1554848604095,A,WriteOperation(x,+,1))
[2019-04-09T22:23:24.098][Master] Read ECG writelog
[2019-04-09T22:23:33.035][Master] Write ECG writelog: WriteLogItem(1554848612461,D,WriteOperation(y,+,1))
[2019-04-09T22:23:33.266][Master] Read ECG writelog
[2019-04-09T22:23:39.562][Master] Write ECG writelog: WriteLogItem(1554848619559,B,WriteOperation(y,+,1))
[2019-04-09T22:23:39.563][Master] Read ECG writelog
[2019-04-09T22:23:46.462][Master] Write ECG writelog: WriteLogItem(1554848625887,C,WriteOperation(z,+,1))
[2019-04-09T22:23:46.693][Master] Read ECG writelog
[2019-04-09T22:23:57.260][Master] Write ECG writelog: WriteLogItem(1554848636914,D,WriteOperation(z,+,1))
[2019-04-09T22:23:57.491][Master] Read ECG writelog
[2019-04-09T22:24:03.970][Master] Write ECG writelog: WriteLogItem(1554848643625,C,WriteOperation(y,+,1))
[2019-04-09T22:24:04.201][Master] Read ECG writelog
[2019-04-09T22:24:11.108][Master] Write ECG writelog: WriteLogItem(1554848650762,C,WriteOperation(z,+,1))
[2019-04-09T22:24:11.339][Master] Read ECG writelog
[2019-04-09T22:24:17.695][Master] Write ECG writelog: WriteLogItem(1554848657692,A,WriteOperation(z,+,1))
[2019-04-09T22:24:17.696][Master] Read ECG writelog
[2019-04-09T22:24:21.865][Master] Write ECG writelog: WriteLogItem(1554848661864,A,WriteOperation(y,+,1))
[2019-04-09T22:24:21.866][Master] Read ECG writelog
[2019-04-09T22:24:25.450][Master] Write ECG writelog: WriteLogItem(1554848665448,B,WriteOperation(y,+,1))
[2019-04-09T22:24:25.451][Master] Read ECG writelog
[2019-04-09T22:24:27.518][Master] Write ECG writelog: WriteLogItem(1554848667517,A,WriteOperation(x,+,1))
[2019-04-09T22:24:27.519][Master] Read ECG writelog
[2019-04-09T22:24:36.613][Master] Write ECG writelog: WriteLogItem(1554848676041,D,WriteOperation(z,+,1))
[2019-04-09T22:24:36.843][Master] Read ECG writelog
[2019-04-09T22:24:39.159][Master] Write ECG writelog: WriteLogItem(1554848679157,A,WriteOperation(z,+,1))
[2019-04-09T22:24:39.160][Master] Read ECG writelog
[2019-04-09T22:24:46.524][Master] Write ECG writelog: WriteLogItem(1554848686179,D,WriteOperation(y,+,1))
[2019-04-09T22:24:46.753][Master] Read ECG writelog
[2019-04-09T22:24:58.521][Master] Write ECG writelog: WriteLogItem(1554848697946,C,WriteOperation(z,+,1))
[2019-04-09T22:24:58.752][Master] Read ECG writelog
[2019-04-09T22:25:05.026][Master] Write ECG writelog: WriteLogItem(1554848705024,B,WriteOperation(x,+,1))
[2019-04-09T22:25:05.027][Master] Read ECG writelog
[2019-04-09T22:25:08.660][Master] Write ECG writelog: WriteLogItem(1554848708658,A,WriteOperation(x,+,1))
[2019-04-09T22:25:08.660][Master] Read ECG writelog
[2019-04-09T22:25:10.213][Master] Write ECG writelog: WriteLogItem(1554848710211,A,WriteOperation(y,+,1))
[2019-04-09T22:25:10.213][Master] Read ECG writelog
[2019-04-09T22:25:18.882][Master] Write ECG writelog: WriteLogItem(1554848718536,C,WriteOperation(x,+,1))
[2019-04-09T22:25:19.112][Master] Read ECG writelog
[2019-04-09T22:25:26.496][Master] Write ECG writelog: WriteLogItem(1554848725919,D,WriteOperation(x,+,1))
[2019-04-09T22:25:26.726][Master] Read ECG writelog
[2019-04-09T22:25:28.828][Master] Write ECG writelog: WriteLogItem(1554848728826,A,WriteOperation(y,+,1))
[2019-04-09T22:25:28.829][Master] Read ECG writelog
[2019-04-09T22:25:36.918][Master] Write ECG writelog: WriteLogItem(1554848736571,C,WriteOperation(y,+,1))
[2019-04-09T22:25:37.148][Master] Read ECG writelog
[2019-04-09T22:25:48.901][Master] Write ECG writelog: WriteLogItem(1554848748555,C,WriteOperation(x,+,1))
[2019-04-09T22:25:49.131][Master] Read ECG writelog
[2019-04-09T22:25:54.268][Master] Write ECG writelog: WriteLogItem(1554848754262,A,WriteOperation(y,+,1))
[2019-04-09T22:25:54.269][Master] Read ECG writelog
[2019-04-09T22:26:01.096][Master] Write ECG writelog: WriteLogItem(1554848760522,D,WriteOperation(z,+,1))
[2019-04-09T22:26:01.326][Master] Read ECG writelog
[2019-04-09T22:26:03.096][Master] Write ECG writelog: WriteLogItem(1554848763094,B,WriteOperation(x,+,1))
[2019-04-09T22:26:03.098][Master] Read ECG writelog
[2019-04-09T22:26:07.376][Master] Write ECG writelog: WriteLogItem(1554848767375,B,WriteOperation(z,+,1))
[2019-04-09T22:26:07.377][Master] Read ECG writelog
[2019-04-09T22:26:15.941][Master] Write ECG writelog: WriteLogItem(1554848775596,D,WriteOperation(z,+,1))
[2019-04-09T22:26:16.171][Master] Read ECG writelog
[2019-04-09T22:26:22.814][Master] Write ECG writelog: WriteLogItem(1554848782468,D,WriteOperation(z,+,1))
[2019-04-09T22:26:23.044][Master] Read ECG writelog
[2019-04-09T22:26:24.933][Master] Write ECG writelog: WriteLogItem(1554848784932,B,WriteOperation(x,+,1))
[2019-04-09T22:26:24.934][Master] Read ECG writelog
[2019-04-09T22:26:29.870][Master] Write ECG writelog: WriteLogItem(1554848789869,B,WriteOperation(y,+,1))
[2019-04-09T22:26:29.871][Master] Read ECG writelog
[2019-04-09T22:26:31.987][Master] Write ECG writelog: WriteLogItem(1554848791984,A,WriteOperation(y,+,1))
[2019-04-09T22:26:31.988][Master] Read ECG writelog
[2019-04-09T22:26:33.436][Master] Write ECG writelog: WriteLogItem(1554848793435,A,WriteOperation(y,+,1))
[2019-04-09T22:26:33.437][Master] Read ECG writelog
[2019-04-09T22:26:35.147][Master] Write ECG writelog: WriteLogItem(1554848795145,A,WriteOperation(y,+,1))
[2019-04-09T22:26:35.153][Master] Read ECG writelog
[2019-04-09T22:26:37.057][Master] Write ECG writelog: WriteLogItem(1554848797056,A,WriteOperation(y,+,1))
[2019-04-09T22:26:37.059][Master] Read ECG writelog
[2019-04-09T22:26:45.943][Master] Write ECG writelog: WriteLogItem(1554848805369,C,WriteOperation(x,+,1))
[2019-04-09T22:26:46.173][Master] Read ECG writelog
[2019-04-09T22:26:57.115][Master] Write ECG writelog: WriteLogItem(1554848816770,C,WriteOperation(z,+,1))
[2019-04-09T22:26:57.345][Master] Read ECG writelog
[2019-04-09T22:27:04.131][Master] Write ECG writelog: WriteLogItem(1554848823555,D,WriteOperation(z,+,1))
[2019-04-09T22:27:04.362][Master] Read ECG writelog
[2019-04-09T22:27:10.747][Master] Write ECG writelog: WriteLogItem(1554848830402,C,WriteOperation(x,+,1))
[2019-04-09T22:27:10.977][Master] Read ECG writelog
[2019-04-09T22:27:18.283][Master] Write ECG writelog: WriteLogItem(1554848838280,A,WriteOperation(y,+,1))
[2019-04-09T22:27:18.283][Master] Read ECG writelog
[2019-04-09T22:27:24.670][Master] Write ECG writelog: WriteLogItem(1554848844325,C,WriteOperation(z,+,1))
[2019-04-09T22:27:24.900][Master] Read ECG writelog
[2019-04-09T22:27:27.346][Master] Write ECG writelog: WriteLogItem(1554848847343,A,WriteOperation(z,+,1))
[2019-04-09T22:27:27.348][Master] Read ECG writelog
[2019-04-09T22:27:31.661][Master] Write ECG writelog: WriteLogItem(1554848851659,A,WriteOperation(z,+,1))
[2019-04-09T22:27:31.661][Master] Read ECG writelog
[2019-04-09T22:27:39.633][Master] Write ECG writelog: WriteLogItem(1554848859289,C,WriteOperation(x,+,1))
[2019-04-09T22:27:39.863][Master] Read ECG writelog
[2019-04-09T22:27:50.418][Master] Write ECG writelog: WriteLogItem(1554848869844,D,WriteOperation(y,+,1))
[2019-04-09T22:27:50.648][Master] Read ECG writelog
[2019-04-09T22:28:02.947][Master] Write ECG writelog: WriteLogItem(1554848882603,D,WriteOperation(x,+,1))
[2019-04-09T22:28:03.178][Master] Read ECG writelog
[2019-04-09T22:28:08.155][Master] Write ECG writelog: WriteLogItem(1554848888151,A,WriteOperation(y,+,1))
[2019-04-09T22:28:08.156][Master] Read ECG writelog
[2019-04-09T22:28:14.729][Master] Write ECG writelog: WriteLogItem(1554848894383,D,WriteOperation(y,+,1))
[2019-04-09T22:28:14.959][Master] Read ECG writelog
[2019-04-09T22:28:24.149][Master] Write ECG writelog: WriteLogItem(1554848903804,D,WriteOperation(x,+,1))
[2019-04-09T22:28:24.379][Master] Read ECG writelog
[2019-04-09T22:28:27.037][Master] Write ECG writelog: WriteLogItem(1554848907035,A,WriteOperation(x,+,1))
[2019-04-09T22:28:27.037][Master] Read ECG writelog
[2019-04-09T22:28:33.481][Master] Write ECG writelog: WriteLogItem(1554848912905,C,WriteOperation(y,+,1))
[2019-04-09T22:28:33.711][Master] Read ECG writelog
[2019-04-09T22:28:45.123][Master] Write ECG writelog: WriteLogItem(1554848924778,D,WriteOperation(y,+,1))
[2019-04-09T22:28:45.352][Master] Read ECG writelog
[2019-04-09T22:28:56.504][Master] Write ECG writelog: WriteLogItem(1554848936158,C,WriteOperation(z,+,1))
[2019-04-09T22:28:56.734][Master] Read ECG writelog
[2019-04-09T22:28:59.021][Master] Write ECG writelog: WriteLogItem(1554848939019,B,WriteOperation(y,+,1))
[2019-04-09T22:28:59.024][Master] Read ECG writelog
[2019-04-09T22:29:07.972][Master] Write ECG writelog: WriteLogItem(1554848947628,D,WriteOperation(x,+,1))
[2019-04-09T22:29:08.202][Master] Read ECG writelog
[2019-04-09T22:29:10.455][Master] Write ECG writelog: WriteLogItem(1554848950453,A,WriteOperation(z,+,1))
[2019-04-09T22:29:10.456][Master] Read ECG writelog
[2019-04-09T22:29:15.075][Master] Write ECG writelog: WriteLogItem(1554848955074,A,WriteOperation(y,+,1))
[2019-04-09T22:29:15.076][Master] Read ECG writelog
[2019-04-09T22:29:22.234][Master] Write ECG writelog: WriteLogItem(1554848961658,C,WriteOperation(z,+,1))
[2019-04-09T22:29:22.464][Master] Read ECG writelog
[2019-04-09T22:29:28.958][Master] Write ECG writelog: WriteLogItem(1554848968611,C,WriteOperation(x,+,1))
[2019-04-09T22:29:29.188][Master] Read ECG writelog
[2019-04-09T22:29:36.303][Master] Write ECG writelog: WriteLogItem(1554848976301,A,WriteOperation(x,+,1))
[2019-04-09T22:29:36.304][Master] Read ECG writelog
[2019-04-09T22:29:39.794][Master] Write ECG writelog: WriteLogItem(1554848979793,B,WriteOperation(z,+,1))
[2019-04-09T22:29:39.795][Master] Read ECG writelog
[2019-04-09T22:29:49.673][Master] Write ECG writelog: WriteLogItem(1554848989090,D,WriteOperation(z,+,1))
[2019-04-09T22:29:49.905][Master] Read ECG writelog
[2019-04-09T22:29:56.457][Master] Write ECG writelog: WriteLogItem(1554848996455,B,WriteOperation(y,+,1))
[2019-04-09T22:29:56.458][Master] Read ECG writelog
[2019-04-09T22:30:02.968][Master] Write ECG writelog: WriteLogItem(1554849002618,D,WriteOperation(x,+,1))
[2019-04-09T22:30:03.200][Master] Read ECG writelog
[2019-04-09T22:30:14.030][Master] Write ECG writelog: WriteLogItem(1554849013454,C,WriteOperation(y,+,1))
[2019-04-09T22:30:14.261][Master] Read ECG writelog
[2019-04-09T22:30:21.826][Master] Write ECG writelog: WriteLogItem(1554849021251,D,WriteOperation(y,+,1))
[2019-04-09T22:30:22.057][Master] Read ECG writelog
[2019-04-09T22:30:33.870][Master] Write ECG writelog: WriteLogItem(1554849033525,C,WriteOperation(z,+,1))
[2019-04-09T22:30:34.100][Master] Read ECG writelog
[2019-04-09T22:30:40.637][Master] Write ECG writelog: WriteLogItem(1554849040291,D,WriteOperation(z,+,1))
[2019-04-09T22:30:40.867][Master] Read ECG writelog
[2019-04-09T22:30:43.600][Master] Write ECG writelog: WriteLogItem(1554849043592,A,WriteOperation(z,+,1))
[2019-04-09T22:30:43.601][Master] Read ECG writelog
[2019-04-09T22:30:45.535][Master] Write ECG writelog: WriteLogItem(1554849045533,A,WriteOperation(x,+,1))
[2019-04-09T22:30:45.540][Master] Read ECG writelog
[2019-04-09T22:30:47.475][Master] Write ECG writelog: WriteLogItem(1554849047472,B,WriteOperation(x,+,1))
[2019-04-09T22:30:47.476][Master] Read ECG writelog
[2019-04-09T22:30:49.590][Master] Write ECG writelog: WriteLogItem(1554849049588,B,WriteOperation(y,+,1))
[2019-04-09T22:30:49.591][Master] Read ECG writelog
[2019-04-09T22:31:28.572][Master] Write ECG writelog: WriteLogItem(1554849087996,C,WriteOperation(x,+,1))
[2019-04-09T22:31:28.802][Master] Read ECG writelog
[2019-04-09T22:31:31.125][Master] Write ECG writelog: WriteLogItem(1554849091122,A,WriteOperation(z,+,1))
[2019-04-09T22:31:31.125][Master] Read ECG writelog
[2019-04-09T22:31:37.395][Master] Write ECG writelog: WriteLogItem(1554849097049,C,WriteOperation(z,+,1))
[2019-04-09T22:31:37.625][Master] Read ECG writelog
[2019-04-09T22:31:45.276][Master] Write ECG writelog: WriteLogItem(1554849104700,D,WriteOperation(x,+,1))
[2019-04-09T22:31:45.507][Master] Read ECG writelog
[2019-04-09T22:31:52.535][Master] Write ECG writelog: WriteLogItem(1554849112532,B,WriteOperation(x,+,1))
[2019-04-09T22:31:52.536][Master] Read ECG writelog
[2019-04-09T22:31:54.101][Master] Write ECG writelog: WriteLogItem(1554849114100,A,WriteOperation(y,+,1))
[2019-04-09T22:31:54.102][Master] Read ECG writelog
[2019-04-09T22:32:00.827][Master] Write ECG writelog: WriteLogItem(1554849120251,C,WriteOperation(z,+,1))
[2019-04-09T22:32:01.057][Master] Read ECG writelog
[2019-04-09T22:32:07.889][Master] Write ECG writelog: WriteLogItem(1554849127543,C,WriteOperation(y,+,1))
[2019-04-09T22:32:08.119][Master] Read ECG writelog
[2019-04-09T22:32:14.941][Master] Write ECG writelog: WriteLogItem(1554849134939,B,WriteOperation(y,+,1))
[2019-04-09T22:32:14.942][Master] Read ECG writelog
[2019-04-09T22:32:17.280][Master] Write ECG writelog: WriteLogItem(1554849137277,A,WriteOperation(y,+,1))
[2019-04-09T22:32:17.281][Master] Read ECG writelog
[2019-04-09T22:32:21.538][Master] Write ECG writelog: WriteLogItem(1554849141537,B,WriteOperation(y,+,1))
[2019-04-09T22:32:21.539][Master] Read ECG writelog
[2019-04-09T22:32:23.988][Master] Write ECG writelog: WriteLogItem(1554849143987,A,WriteOperation(x,+,1))
[2019-04-09T22:32:23.989][Master] Read ECG writelog
[2019-04-09T22:32:31.748][Master] Write ECG writelog: WriteLogItem(1554849151172,D,WriteOperation(y,+,1))
[2019-04-09T22:32:31.978][Master] Read ECG writelog
[2019-04-09T22:32:34.218][Master] Write ECG writelog: WriteLogItem(1554849154216,B,WriteOperation(z,+,1))
[2019-04-09T22:32:34.219][Master] Read ECG writelog
[2019-04-09T22:32:43.002][Master] Write ECG writelog: WriteLogItem(1554849162655,D,WriteOperation(z,+,1))
[2019-04-09T22:32:43.233][Master] Read ECG writelog
[2019-04-09T22:32:50.533][Master] Write ECG writelog: WriteLogItem(1554849169957,C,WriteOperation(y,+,1))
[2019-04-09T22:32:50.763][Master] Read ECG writelog
[2019-04-09T22:33:04.239][Master] Write ECG writelog: WriteLogItem(1554849183664,D,WriteOperation(y,+,1))
[2019-04-09T22:33:04.469][Master] Read ECG writelog
[2019-04-09T22:33:07.027][Master] Write ECG writelog: WriteLogItem(1554849187025,A,WriteOperation(y,+,1))
[2019-04-09T22:33:07.028][Master] Read ECG writelog
[2019-04-09T22:33:15.245][Master] Write ECG writelog: WriteLogItem(1554849194899,C,WriteOperation(x,+,1))
[2019-04-09T22:33:15.475][Master] Read ECG writelog
[2019-04-09T22:33:17.991][Master] Write ECG writelog: WriteLogItem(1554849197989,B,WriteOperation(y,+,1))
[2019-04-09T22:33:17.994][Master] Read ECG writelog
[2019-04-09T22:33:26.832][Master] Write ECG writelog: WriteLogItem(1554849206486,C,WriteOperation(x,+,1))
[2019-04-09T22:33:27.062][Master] Read ECG writelog
[2019-04-09T22:33:38.385][Master] Write ECG writelog: WriteLogItem(1554849218041,C,WriteOperation(y,+,1))
[2019-04-09T22:33:38.616][Master] Read ECG writelog
[2019-04-09T22:33:45.483][Master] Write ECG writelog: WriteLogItem(1554849224907,D,WriteOperation(y,+,1))
[2019-04-09T22:33:45.713][Master] Read ECG writelog
[2019-04-09T22:33:53.028][Master] Write ECG writelog: WriteLogItem(1554849232683,C,WriteOperation(z,+,1))
[2019-04-09T22:33:53.259][Master] Read ECG writelog
[2019-04-09T22:33:55.834][Master] Write ECG writelog: WriteLogItem(1554849235832,A,WriteOperation(y,+,1))
[2019-04-09T22:33:55.835][Master] Read ECG writelog
[2019-04-09T22:34:02.274][Master] Write ECG writelog: WriteLogItem(1554849241929,C,WriteOperation(z,+,1))
[2019-04-09T22:34:02.504][Master] Read ECG writelog
[2019-04-09T22:34:09.840][Master] Write ECG writelog: WriteLogItem(1554849249495,D,WriteOperation(x,+,1))
[2019-04-09T22:34:10.070][Master] Read ECG writelog
[2019-04-09T22:34:12.934][Master] Write ECG writelog: WriteLogItem(1554849252933,A,WriteOperation(y,+,1))
[2019-04-09T22:34:12.935][Master] Read ECG writelog
[2019-04-09T22:34:14.763][Master] Write ECG writelog: WriteLogItem(1554849254762,A,WriteOperation(x,+,1))
[2019-04-09T22:34:14.764][Master] Read ECG writelog
[2019-04-09T22:34:23.820][Master] Write ECG writelog: WriteLogItem(1554849263242,C,WriteOperation(y,+,1))
[2019-04-09T22:34:24.052][Master] Read ECG writelog
[2019-04-09T22:34:35.748][Master] Write ECG writelog: WriteLogItem(1554849275401,C,WriteOperation(x,+,1))
[2019-04-09T22:34:35.980][Master] Read ECG writelog
[2019-04-09T22:34:47.031][Master] Write ECG writelog: WriteLogItem(1554849286456,D,WriteOperation(x,+,1))
[2019-04-09T22:34:47.261][Master] Read ECG writelog
[2019-04-09T22:34:50.119][Master] Write ECG writelog: WriteLogItem(1554849290117,B,WriteOperation(z,+,1))
[2019-04-09T22:34:50.120][Master] Read ECG writelog
[2019-04-09T22:34:54.349][Master] Write ECG writelog: WriteLogItem(1554849294347,A,WriteOperation(z,+,1))
[2019-04-09T22:34:54.350][Master] Read ECG writelog
[2019-04-09T22:34:58.102][Master] Write ECG writelog: WriteLogItem(1554849298100,A,WriteOperation(z,+,1))
[2019-04-09T22:34:58.106][Master] Read ECG writelog
[2019-04-09T22:35:01.324][Master] Write ECG writelog: WriteLogItem(1554849301323,B,WriteOperation(x,+,1))
[2019-04-09T22:35:01.325][Master] Read ECG writelog
[2019-04-09T22:35:04.487][Master] Write ECG writelog: WriteLogItem(1554849304486,B,WriteOperation(x,+,1))
[2019-04-09T22:35:04.488][Master] Read ECG writelog
[2019-04-09T22:35:06.711][Master] Write ECG writelog: WriteLogItem(1554849306709,B,WriteOperation(y,+,1))
[2019-04-09T22:35:06.711][Master] Read ECG writelog
[2019-04-09T22:35:14.685][Master] Write ECG writelog: WriteLogItem(1554849314109,C,WriteOperation(y,+,1))
[2019-04-09T22:35:14.915][Master] Read ECG writelog
[2019-04-09T22:35:26.108][Master] Write ECG writelog: WriteLogItem(1554849325762,C,WriteOperation(x,+,1))
[2019-04-09T22:35:26.338][Master] Read ECG writelog
[2019-04-09T22:35:37.181][Master] Write ECG writelog: WriteLogItem(1554849336835,C,WriteOperation(x,+,1))
[2019-04-09T22:35:37.411][Master] Read ECG writelog
[2019-04-09T22:35:46.929][Master] Write ECG writelog: WriteLogItem(1554849346584,C,WriteOperation(y,+,1))
[2019-04-09T22:35:47.159][Master] Read ECG writelog
[2019-04-09T22:36:00.447][Master] Write ECG writelog: WriteLogItem(1554849359870,D,WriteOperation(z,+,1))
[2019-04-09T22:36:00.677][Master] Read ECG writelog
[2019-04-09T22:36:07.605][Master] Write ECG writelog: WriteLogItem(1554849367259,C,WriteOperation(z,+,1))
[2019-04-09T22:36:07.835][Master] Read ECG writelog
[2019-04-09T22:36:18.329][Master] Write ECG writelog: WriteLogItem(1554849377981,D,WriteOperation(y,+,1))
[2019-04-09T22:36:18.559][Master] Read ECG writelog
[2019-04-09T22:36:21.311][Master] Write ECG writelog: WriteLogItem(1554849381308,B,WriteOperation(y,+,1))
[2019-04-09T22:36:21.313][Master] Read ECG writelog
[2019-04-09T22:36:29.540][Master] Write ECG writelog: WriteLogItem(1554849389193,C,WriteOperation(x,+,1))
[2019-04-09T22:36:29.770][Master] Read ECG writelog
[2019-04-09T22:36:35.782][Master] Write ECG writelog: WriteLogItem(1554849395779,A,WriteOperation(x,+,1))
[2019-04-09T22:36:35.782][Master] Read ECG writelog
[2019-04-09T22:36:44.347][Master] Write ECG writelog: WriteLogItem(1554849404000,C,WriteOperation(x,+,1))
[2019-04-09T22:36:44.577][Master] Read ECG writelog
[2019-04-09T22:36:55.447][Master] Write ECG writelog: WriteLogItem(1554849414873,D,WriteOperation(z,+,1))
[2019-04-09T22:36:55.677][Master] Read ECG writelog
[2019-04-09T22:36:58.085][Master] Write ECG writelog: WriteLogItem(1554849418083,A,WriteOperation(z,+,1))
[2019-04-09T22:36:58.086][Master] Read ECG writelog
[2019-04-09T22:37:04.749][Master] Write ECG writelog: WriteLogItem(1554849424405,D,WriteOperation(y,+,1))
[2019-04-09T22:37:04.979][Master] Read ECG writelog
[2019-04-09T22:37:16.735][Master] Write ECG writelog: WriteLogItem(1554849436159,C,WriteOperation(z,+,1))
[2019-04-09T22:37:16.965][Master] Read ECG writelog
[2019-04-09T22:37:24.180][Master] Write ECG writelog: WriteLogItem(1554849443833,C,WriteOperation(y,+,1))
[2019-04-09T22:37:24.409][Master] Read ECG writelog
[2019-04-09T22:37:26.978][Master] Write ECG writelog: WriteLogItem(1554849446976,B,WriteOperation(y,+,1))
[2019-04-09T22:37:26.979][Master] Read ECG writelog
[2019-04-09T22:37:33.624][Master] Write ECG writelog: WriteLogItem(1554849453048,D,WriteOperation(z,+,1))
[2019-04-09T22:37:33.854][Master] Read ECG writelog
[2019-04-09T22:37:35.884][Master] Write ECG writelog: WriteLogItem(1554849455881,A,WriteOperation(x,+,1))
[2019-04-09T22:37:35.885][Master] Read ECG writelog
[2019-04-09T22:37:39.502][Master] Write ECG writelog: WriteLogItem(1554849459501,B,WriteOperation(y,+,1))
[2019-04-09T22:37:39.503][Master] Read ECG writelog
[2019-04-09T22:37:46.513][Master] Write ECG writelog: WriteLogItem(1554849466166,C,WriteOperation(y,+,1))
[2019-04-09T22:37:46.744][Master] Read ECG writelog
[2019-04-09T22:37:53.789][Master] Write ECG writelog: WriteLogItem(1554849473443,C,WriteOperation(y,+,1))
[2019-04-09T22:37:54.019][Master] Read ECG writelog
[2019-04-09T22:37:56.570][Master] Write ECG writelog: WriteLogItem(1554849476567,A,WriteOperation(z,+,1))
[2019-04-09T22:37:56.571][Master] Read ECG writelog
[2019-04-09T22:37:58.348][Master] Write ECG writelog: WriteLogItem(1554849478346,B,WriteOperation(y,+,1))
[2019-04-09T22:37:58.349][Master] Read ECG writelog
[2019-04-09T22:38:06.779][Master] Write ECG writelog: WriteLogItem(1554849486434,C,WriteOperation(z,+,1))
[2019-04-09T22:38:07.009][Master] Read ECG writelog
[2019-04-09T22:38:09.095][Master] Write ECG writelog: WriteLogItem(1554849489094,B,WriteOperation(x,+,1))
[2019-04-09T22:38:09.096][Master] Read ECG writelog
[2019-04-09T22:38:15.797][Master] Write ECG writelog: WriteLogItem(1554849495451,C,WriteOperation(y,+,1))
[2019-04-09T22:38:16.027][Master] Read ECG writelog
[2019-04-09T22:38:18.436][Master] Write ECG writelog: WriteLogItem(1554849498431,B,WriteOperation(z,+,1))
[2019-04-09T22:38:18.436][Master] Read ECG writelog
[2019-04-09T22:38:20.650][Master] Write ECG writelog: WriteLogItem(1554849500649,A,WriteOperation(x,+,1))
[2019-04-09T22:38:20.651][Master] Read ECG writelog
[2019-04-09T22:38:29.126][Master] Write ECG writelog: WriteLogItem(1554849508550,D,WriteOperation(z,+,1))
[2019-04-09T22:38:29.356][Master] Read ECG writelog
[2019-04-09T22:38:31.535][Master] Write ECG writelog: WriteLogItem(1554849511533,A,WriteOperation(z,+,1))
[2019-04-09T22:38:31.536][Master] Read ECG writelog
[2019-04-09T22:38:38.529][Master] Write ECG writelog: WriteLogItem(1554849518183,D,WriteOperation(y,+,1))
[2019-04-09T22:38:38.760][Master] Read ECG writelog
[2019-04-09T22:38:47.029][Master] Write ECG writelog: WriteLogItem(1554849527027,B,WriteOperation(y,+,1))
[2019-04-09T22:38:47.029][Master] Read ECG writelog
[2019-04-09T22:38:55.735][Master] Write ECG writelog: WriteLogItem(1554849535388,D,WriteOperation(z,+,1))
[2019-04-09T22:38:55.965][Master] Read ECG writelog
[2019-04-09T22:38:58.335][Master] Write ECG writelog: WriteLogItem(1554849538334,B,WriteOperation(x,+,1))
[2019-04-09T22:38:58.336][Master] Read ECG writelog
[2019-04-09T22:39:01.235][Master] Write ECG writelog: WriteLogItem(1554849541234,A,WriteOperation(x,+,1))
[2019-04-09T22:39:01.236][Master] Read ECG writelog
[2019-04-09T22:39:02.914][Master] Write ECG writelog: WriteLogItem(1554849542913,A,WriteOperation(z,+,1))
[2019-04-09T22:39:02.915][Master] Read ECG writelog
/home/sven/.sdkman/candidates/scala/current/bin/scala: line 21:  6906 Killed                  "$@"
