Initialize experiment
=> Setup instance-01
=> Setup instance-02
=> Setup instance-03

Start master and replicas
=> Start master on instance-01
=> Start Replica A on instance-01
=> Start Replica B on instance-01
=> Start Replica C on instance-02
=> Start Replica D on instance-02
=> Start Replica E on instance-03
=> Start Replica F on instance-03

Random reads and writes
(1/20) ReplicaB: [2019-04-09T21:59:13.430][Client] Write key = y and value = 1 in 249ms
(2/20) ReplicaC: [2019-04-09T21:59:20.002][Client] Write key = z and value = 1 in 1813ms
(3/20) ReplicaA: [2019-04-09T21:59:22.314][Client] Write key = z and value = 1 in 222ms
(4/20) ReplicaA: [2019-04-09T21:59:23.853][Client] Write key = z and value = 1 in 172ms
(5/20) ReplicaD: [2019-04-09T21:59:30.656][Client] Write key = z and value = 1 in 1821ms
(6/20) ReplicaB: [2019-04-09T21:59:32.861][Client] Write key = x and value = 1 in 159ms
(7/20) ReplicaB: [2019-04-09T21:59:34.496][Client] Write key = y and value = 1 in 164ms
(8/20) ReplicaB: [2019-04-09T21:59:36.873][Client] Write key = z and value = 1 in 153ms
(9/20) ReplicaC: [2019-04-09T21:59:44.184][Client] Write key = x and value = 1 in 1769ms
(10/20) ReplicaD: [2019-04-09T21:59:51.283][Client] Write key = z and value = 1 in 1992ms
(11/20) ReplicaA: [2019-04-09T21:59:53.358][Client] Write key = y and value = 1 in 189ms
(12/20) ReplicaC: [2019-04-09T21:59:59.735][Client] Write key = z and value = 1 in 1760ms
(13/20) ReplicaD: [2019-04-09T22:00:07.021][Client] Write key = y and value = 1 in 1773ms
(14/20) ReplicaD: [2019-04-09T22:00:14.494][Client] Write key = y and value = 1 in 1774ms
(15/20) ReplicaD: [2019-04-09T22:00:21.440][Client] Write key = y and value = 1 in 1774ms
(16/20) ReplicaA: [2019-04-09T22:00:26.805][Client] Write key = y and value = 1 in 3033ms
(17/20) ReplicaC: [2019-04-09T22:00:34.201][Client] Write key = x and value = 1 in 2003ms
(18/20) ReplicaC: [2019-04-09T22:00:47.111][Client] Write key = x and value = 1 in 7968ms
(19/20) ReplicaB: [2019-04-09T22:00:48.866][Client] Write key = y and value = 1 in 153ms
(20/20) ReplicaA: [2019-04-09T22:00:51.233][Client] Write key = z and value = 1 in 171ms
(21/20) ReplicaD: [2019-04-09T22:00:58.283][Client] Write key = z and value = 1 in 2007ms
(22/20) ReplicaB: [2019-04-09T22:01:00.646][Client] Write key = z and value = 1 in 162ms
(23/20) ReplicaA: [2019-04-09T22:01:05.082][Client] Write key = y and value = 1 in 2227ms
(24/20) ReplicaA: [2019-04-09T22:01:07.254][Client] Write key = x and value = 1 in 172ms
(25/20) ReplicaD: [2019-04-09T22:01:13.699][Client] Write key = x and value = 1 in 1786ms
(26/20) ReplicaC: [2019-04-09T22:01:25.561][Client] Write key = y and value = 1 in 6477ms
(27/20) ReplicaC: [2019-04-09T22:01:36.245][Client] Write key = x and value = 1 in 5293ms
(28/20) ReplicaA: [2019-04-09T22:01:38.646][Client] Write key = x and value = 1 in 167ms
(29/20) ReplicaC: [2019-04-09T22:01:48.640][Client] Write key = x and value = 1 in 5289ms
(30/20) ReplicaC: [2019-04-09T22:01:54.966][Client] Write key = z and value = 1 in 1768ms
(31/20) ReplicaC: [2019-04-09T22:02:05.741][Client] Write key = y and value = 1 in 5292ms
(32/20) ReplicaC: [2019-04-09T22:02:16.197][Client] Write key = x and value = 1 in 5314ms
(33/20) ReplicaB: [2019-04-09T22:02:21.298][Client] Write key = x and value = 1 in 3002ms
(34/20) ReplicaC: [2019-04-09T22:02:28.142][Client] Write key = z and value = 1 in 1771ms
(35/20) ReplicaC: [2019-04-09T22:02:35.629][Client] Write key = z and value = 1 in 1772ms
(36/20) ReplicaB: [2019-04-09T22:02:38.672][Client] Write key = x and value = 1 in 1544ms
(37/20) ReplicaD: [2019-04-09T22:02:45.494][Client] Write key = x and value = 1 in 1997ms
(38/20) ReplicaB: [2019-04-09T22:02:47.429][Client] Write key = y and value = 1 in 168ms
(39/20) ReplicaB: [2019-04-09T22:02:51.032][Client] Write key = y and value = 1 in 1547ms
(40/20) ReplicaA: [2019-04-09T22:02:52.834][Client] Write key = y and value = 1 in 157ms
(41/20) ReplicaC: [2019-04-09T22:02:59.863][Client] Write key = z and value = 1 in 2001ms
(42/20) ReplicaC: [2019-04-09T22:03:13.387][Client] Write key = x and value = 1 in 7874ms
(43/20) ReplicaB: [2019-04-09T22:03:15.377][Client] Write key = y and value = 1 in 162ms
(44/20) ReplicaB: [2019-04-09T22:03:19.350][Client] Write key = z and value = 1 in 1989ms
(45/20) ReplicaB: [2019-04-09T22:03:22.482][Client] Write key = z and value = 1 in 1544ms
(46/20) ReplicaB: [2019-04-09T22:03:26.576][Client] Write key = z and value = 1 in 2452ms
(47/20) ReplicaD: [2019-04-09T22:03:40.231][Client] Write key = x and value = 1 in 8197ms
(48/20) ReplicaD: [2019-04-09T22:03:47.214][Client] Write key = y and value = 1 in 1758ms
(49/20) ReplicaB: [2019-04-09T22:03:49.226][Client] Write key = x and value = 1 in 161ms
(50/20) ReplicaA: [2019-04-09T22:03:53.143][Client] Write key = x and value = 1 in 2232ms
(51/20) ReplicaA: [2019-04-09T22:03:55.233][Client] Write key = x and value = 1 in 168ms
(52/20) ReplicaB: [2019-04-09T22:03:59.256][Client] Write key = y and value = 1 in 2223ms
(53/20) ReplicaD: [2019-04-09T22:04:10.293][Client] Write key = y and value = 1 in 6111ms
(54/20) ReplicaA: [2019-04-09T22:04:12.489][Client] Write key = z and value = 1 in 163ms
(55/20) ReplicaB: [2019-04-09T22:04:14.747][Client] Write key = x and value = 1 in 157ms
(56/20) ReplicaC: [2019-04-09T22:04:21.483][Client] Write key = y and value = 1 in 2005ms
(57/20) ReplicaC: [2019-04-09T22:04:28.257][Client] Write key = y and value = 1 in 1769ms
(58/20) ReplicaA: [2019-04-09T22:04:30.424][Client] Write key = x and value = 1 in 156ms
(59/20) ReplicaA: [2019-04-09T22:04:34.390][Client] Write key = x and value = 1 in 2340ms
(60/20) ReplicaD: [2019-04-09T22:04:41.402][Client] Write key = x and value = 1 in 2001ms
(61/20) ReplicaA: [2019-04-09T22:04:45.804][Client] Write key = x and value = 1 in 2687ms
(62/20) ReplicaC: [2019-04-09T22:04:56.918][Client] Write key = x and value = 1 in 6464ms
(63/20) ReplicaA: [2019-04-09T22:04:59.950][Client] Write key = x and value = 1 in 1532ms
(64/20) ReplicaB: [2019-04-09T22:05:04.527][Client] Write key = x and value = 1 in 2240ms
(65/20) ReplicaA: [2019-04-09T22:05:06.750][Client] Write key = x and value = 1 in 157ms
(66/20) ReplicaD: [2019-04-09T22:05:18.432][Client] Write key = z and value = 1 in 6477ms
(67/20) ReplicaD: [2019-04-09T22:05:25.073][Client] Write key = y and value = 1 in 1752ms
(68/20) ReplicaC: [2019-04-09T22:05:32.346][Client] Write key = y and value = 1 in 2010ms
(69/20) ReplicaD: [2019-04-09T22:05:39.326][Client] Write key = y and value = 1 in 1783ms
(70/20) ReplicaC: [2019-04-09T22:05:46.450][Client] Write key = x and value = 1 in 1755ms
(71/20) ReplicaD: [2019-04-09T22:05:53.313][Client] Write key = y and value = 1 in 1763ms
(72/20) ReplicaD: [2019-04-09T22:06:00.083][Client] Write key = y and value = 1 in 1759ms
(73/20) ReplicaB: [2019-04-09T22:06:04.494][Client] Write key = y and value = 1 in 2195ms
(74/20) ReplicaC: [2019-04-09T22:06:11.130][Client] Write key = x and value = 1 in 1994ms
(75/20) ReplicaA: [2019-04-09T22:06:13.620][Client] Write key = z and value = 1 in 160ms

Fetch Master results:
[2019-04-09T22:06:15.756][Master] x = 29
[2019-04-09T22:06:15.758][Master] y = 26
[2019-04-09T22:06:15.759][Master] z = 20

Results:
=> Replica A
[2019-04-09T22:06:17.185][Client] Read key = x and value = 26 in 153ms
[2019-04-09T22:06:18.267][Client] Read key = y and value = 19 in 154ms
[2019-04-09T22:06:19.344][Client] Read key = z and value = 14 in 158ms
=> Replica B
[2019-04-09T22:06:20.877][Client] Read key = x and value = 25 in 158ms
[2019-04-09T22:06:21.955][Client] Read key = y and value = 18 in 165ms
[2019-04-09T22:06:23.063][Client] Read key = z and value = 9 in 164ms
=> Replica C
[2019-04-09T22:06:25.687][Client] Read key = x and value = 27 in 1308ms
[2019-04-09T22:06:27.885][Client] Read key = y and value = 21 in 1288ms
[2019-04-09T22:06:30.044][Client] Read key = z and value = 15 in 1279ms
=> Replica D
[2019-04-09T22:06:32.713][Client] Read key = x and value = 26 in 1300ms
[2019-04-09T22:06:35.004][Client] Read key = y and value = 22 in 1295ms
[2019-04-09T22:06:37.350][Client] Read key = z and value = 9 in 1317ms
=> Replica E
[2019-04-09T22:06:39.421][Client] Read key = x and value = 25 in 691ms
[2019-04-09T22:06:41.081][Client] Read key = y and value = 18 in 667ms
[2019-04-09T22:06:42.651][Client] Read key = z and value = 9 in 664ms
=> Replica F
[2019-04-09T22:06:44.602][Client] Read key = x and value = 25 in 668ms
[2019-04-09T22:06:46.182][Client] Read key = y and value = 18 in 664ms
[2019-04-09T22:06:47.747][Client] Read key = z and value = 9 in 669ms
(1/20) ReplicaB: [2019-04-09T22:06:51.239][Client] Write key = x and value = 1 in 2207ms
(2/20) ReplicaC: [2019-04-09T22:06:58.815][Client] Write key = z and value = 1 in 1998ms
(3/20) ReplicaD: [2019-04-09T22:07:12.040][Client] Write key = z and value = 1 in 7959ms
(4/20) ReplicaD: [2019-04-09T22:07:22.567][Client] Write key = z and value = 1 in 5278ms
(5/20) ReplicaC: [2019-04-09T22:07:34.475][Client] Write key = x and value = 1 in 6489ms
(6/20) ReplicaA: [2019-04-09T22:07:36.415][Client] Write key = z and value = 1 in 162ms
(7/20) ReplicaD: [2019-04-09T22:07:42.924][Client] Write key = x and value = 1 in 2002ms
(8/20) ReplicaC: [2019-04-09T22:07:54.108][Client] Write key = y and value = 1 in 6004ms
(9/20) ReplicaD: [2019-04-09T22:08:05.285][Client] Write key = y and value = 1 in 6228ms
(10/20) ReplicaC: [2019-04-09T22:08:15.271][Client] Write key = x and value = 1 in 5269ms
(11/20) ReplicaD: [2019-04-09T22:08:21.819][Client] Write key = y and value = 1 in 1759ms
(12/20) ReplicaB: [2019-04-09T22:08:25.774][Client] Write key = x and value = 1 in 2188ms
(13/20) ReplicaC: [2019-04-09T22:08:32.694][Client] Write key = z and value = 1 in 1986ms
(14/20) ReplicaA: [2019-04-09T22:08:34.844][Client] Write key = y and value = 1 in 153ms
(15/20) ReplicaC: [2019-04-09T22:08:41.996][Client] Write key = y and value = 1 in 1759ms
(16/20) ReplicaB: [2019-04-09T22:08:46.193][Client] Write key = z and value = 1 in 1749ms
(17/20) ReplicaD: [2019-04-09T22:08:57.391][Client] Write key = z and value = 1 in 6436ms
(18/20) ReplicaA: [2019-04-09T22:08:59.802][Client] Write key = y and value = 1 in 152ms
(19/20) ReplicaD: [2019-04-09T22:09:10.074][Client] Write key = x and value = 1 in 5270ms
(20/20) ReplicaA: [2019-04-09T22:09:11.860][Client] Write key = x and value = 1 in 164ms
(21/20) ReplicaB: [2019-04-09T22:09:16.104][Client] Write key = y and value = 1 in 2192ms
(22/20) ReplicaB: [2019-04-09T22:09:17.668][Client] Write key = x and value = 1 in 152ms
(23/20) ReplicaB: [2019-04-09T22:09:21.985][Client] Write key = z and value = 1 in 2909ms
(24/20) ReplicaC: [2019-04-09T22:09:29.313][Client] Write key = z and value = 1 in 1991ms
(25/20) ReplicaB: [2019-04-09T22:09:32.623][Client] Write key = y and value = 1 in 1515ms
(26/20) ReplicaB: [2019-04-09T22:09:35.906][Client] Write key = z and value = 1 in 1526ms
(27/20) ReplicaA: [2019-04-09T22:09:39.351][Client] Write key = x and value = 1 in 2088ms
(28/20) ReplicaB: [2019-04-09T22:09:41.149][Client] Write key = x and value = 1 in 166ms
(29/20) ReplicaD: [2019-04-09T22:09:52.399][Client] Write key = z and value = 1 in 6444ms
(30/20) ReplicaC: [2019-04-09T22:09:59.266][Client] Write key = x and value = 1 in 1758ms
(31/20) ReplicaD: [2019-04-09T22:10:10.710][Client] Write key = z and value = 1 in 5998ms
(32/20) ReplicaC: [2019-04-09T22:10:17.332][Client] Write key = x and value = 1 in 1991ms
(33/20) ReplicaC: [2019-04-09T22:10:30.239][Client] Write key = z and value = 1 in 7884ms
(34/20) ReplicaC: [2019-04-09T22:10:37.202][Client] Write key = z and value = 1 in 1761ms
(35/20) ReplicaC: [2019-04-09T22:10:44.063][Client] Write key = z and value = 1 in 1786ms
(36/20) ReplicaB: [2019-04-09T22:10:46.413][Client] Write key = z and value = 1 in 169ms
(37/20) ReplicaC: [2019-04-09T22:10:53.513][Client] Write key = z and value = 1 in 1795ms
(38/20) ReplicaB: [2019-04-09T22:10:58.108][Client] Write key = x and value = 1 in 2208ms
(39/20) ReplicaA: [2019-04-09T22:11:00.481][Client] Write key = x and value = 1 in 156ms
(40/20) ReplicaD: [2019-04-09T22:11:12.632][Client] Write key = x and value = 1 in 7411ms
(41/20) ReplicaC: [2019-04-09T22:11:20.109][Client] Write key = z and value = 1 in 1985ms
(42/20) ReplicaD: [2019-04-09T22:11:30.793][Client] Write key = x and value = 1 in 5495ms
(43/20) ReplicaA: [2019-04-09T22:11:32.595][Client] Write key = x and value = 1 in 168ms
(44/20) ReplicaD: [2019-04-09T22:11:39.553][Client] Write key = y and value = 1 in 1758ms
(45/20) ReplicaC: [2019-04-09T22:11:46.920][Client] Write key = z and value = 1 in 1756ms
(46/20) ReplicaB: [2019-04-09T22:11:51.332][Client] Write key = z and value = 1 in 2218ms
(47/20) ReplicaB: [2019-04-09T22:11:55.143][Client] Write key = x and value = 1 in 1524ms
(48/20) ReplicaA: [2019-04-09T22:11:57.656][Client] Write key = y and value = 1 in 161ms
(49/20) ReplicaA: [2019-04-09T22:12:01.883][Client] Write key = y and value = 1 in 2192ms
(50/20) ReplicaD: [2019-04-09T22:12:13.679][Client] Write key = x and value = 1 in 6223ms
(51/20) ReplicaA: [2019-04-09T22:12:15.406][Client] Write key = z and value = 1 in 174ms
(52/20) ReplicaA: [2019-04-09T22:12:17.470][Client] Write key = y and value = 1 in 164ms
(53/20) ReplicaC: [2019-04-09T22:12:28.780][Client] Write key = x and value = 1 in 6452ms
(54/20) ReplicaC: [2019-04-09T22:12:35.655][Client] Write key = y and value = 1 in 1766ms
(55/20) ReplicaD: [2019-04-09T22:12:47.755][Client] Write key = z and value = 1 in 6470ms
(56/20) ReplicaA: [2019-04-09T22:12:49.996][Client] Write key = z and value = 1 in 158ms
(57/20) ReplicaA: [2019-04-09T22:12:52.123][Client] Write key = z and value = 1 in 159ms
(58/20) ReplicaB: [2019-04-09T22:12:56.292][Client] Write key = y and value = 1 in 2185ms
(59/20) ReplicaC: [2019-04-09T22:13:03.535][Client] Write key = y and value = 1 in 1991ms
(60/20) ReplicaB: [2019-04-09T22:13:05.382][Client] Write key = x and value = 1 in 177ms
(61/20) ReplicaA: [2019-04-09T22:13:10.351][Client] Write key = z and value = 1 in 3153ms
(62/20) ReplicaC: [2019-04-09T22:13:16.913][Client] Write key = z and value = 1 in 1766ms
(63/20) ReplicaB: [2019-04-09T22:13:19.456][Client] Write key = x and value = 1 in 160ms
(64/20) ReplicaD: [2019-04-09T22:13:26.375][Client] Write key = z and value = 1 in 1995ms
(65/20) ReplicaD: [2019-04-09T22:13:38.088][Client] Write key = x and value = 1 in 6217ms
(66/20) ReplicaA: [2019-04-09T22:13:42.380][Client] Write key = x and value = 1 in 2209ms
(67/20) ReplicaC: [2019-04-09T22:13:49.719][Client] Write key = y and value = 1 in 1987ms
(68/20) ReplicaB: [2019-04-09T22:13:53.852][Client] Write key = y and value = 1 in 2187ms
(69/20) ReplicaD: [2019-04-09T22:14:05.127][Client] Write key = y and value = 1 in 6228ms
(70/20) ReplicaB: [2019-04-09T22:14:10.075][Client] Write key = x and value = 1 in 2653ms
(71/20) ReplicaA: [2019-04-09T22:14:12.176][Client] Write key = y and value = 1 in 154ms
(72/20) ReplicaD: [2019-04-09T22:14:18.769][Client] Write key = x and value = 1 in 1763ms
(73/20) ReplicaC: [2019-04-09T22:14:30.630][Client] Write key = y and value = 1 in 6448ms
(74/20) ReplicaD: [2019-04-09T22:14:37.115][Client] Write key = x and value = 1 in 1760ms
(75/20) ReplicaB: [2019-04-09T22:14:38.794][Client] Write key = y and value = 1 in 156ms

Fetch Master results:
[2019-04-09T22:14:40.546][Master] x = 56
[2019-04-09T22:14:40.547][Master] y = 47
[2019-04-09T22:14:40.548][Master] z = 47

Results:
=> Replica A
[2019-04-09T22:14:41.994][Client] Read key = x and value = 54 in 151ms
[2019-04-09T22:14:43.033][Client] Read key = y and value = 46 in 155ms
[2019-04-09T22:14:44.082][Client] Read key = z and value = 40 in 151ms
=> Replica B
[2019-04-09T22:14:45.539][Client] Read key = x and value = 54 in 145ms
[2019-04-09T22:14:46.600][Client] Read key = y and value = 45 in 146ms
[2019-04-09T22:14:47.625][Client] Read key = z and value = 40 in 144ms
=> Replica C
[2019-04-09T22:14:50.198][Client] Read key = x and value = 54 in 1294ms
[2019-04-09T22:14:52.446][Client] Read key = y and value = 44 in 1293ms
[2019-04-09T22:14:54.664][Client] Read key = z and value = 46 in 1293ms
=> Replica D
[2019-04-09T22:14:57.257][Client] Read key = x and value = 56 in 1290ms
[2019-04-09T22:14:59.492][Client] Read key = y and value = 44 in 1293ms
[2019-04-09T22:15:01.723][Client] Read key = z and value = 41 in 1281ms
=> Replica E
[2019-04-09T22:15:03.664][Client] Read key = x and value = 54 in 662ms
[2019-04-09T22:15:05.203][Client] Read key = y and value = 44 in 660ms
[2019-04-09T22:15:06.732][Client] Read key = z and value = 40 in 662ms
=> Replica F
[2019-04-09T22:15:08.689][Client] Read key = x and value = 54 in 658ms
[2019-04-09T22:15:10.230][Client] Read key = y and value = 44 in 664ms
[2019-04-09T22:15:11.839][Client] Read key = z and value = 40 in 655ms
(1/20) ReplicaB: [2019-04-09T22:15:13.308][Client] Write key = y and value = 1 in 162ms
(2/20) ReplicaD: [2019-04-09T22:15:24.684][Client] Write key = x and value = 1 in 6452ms
(3/20) ReplicaB: [2019-04-09T22:15:26.338][Client] Write key = x and value = 1 in 157ms
(4/20) ReplicaB: [2019-04-09T22:15:28.676][Client] Write key = z and value = 1 in 159ms
(5/20) ReplicaC: [2019-04-09T22:15:36.232][Client] Write key = y and value = 1 in 1988ms
(6/20) ReplicaC: [2019-04-09T22:15:42.630][Client] Write key = x and value = 1 in 1759ms
(7/20) ReplicaB: [2019-04-09T22:15:45.219][Client] Write key = z and value = 1 in 155ms
(8/20) ReplicaC: [2019-04-09T22:15:51.975][Client] Write key = x and value = 1 in 1754ms
(9/20) ReplicaC: [2019-04-09T22:15:59.570][Client] Write key = y and value = 1 in 1776ms
(10/20) ReplicaD: [2019-04-09T22:16:10.836][Client] Write key = y and value = 1 in 6481ms
(11/20) ReplicaB: [2019-04-09T22:16:12.471][Client] Write key = z and value = 1 in 157ms
(12/20) ReplicaD: [2019-04-09T22:16:24.253][Client] Write key = x and value = 1 in 6708ms
(13/20) ReplicaB: [2019-04-09T22:16:26.089][Client] Write key = y and value = 1 in 149ms
(14/20) ReplicaA: [2019-04-09T22:16:29.733][Client] Write key = x and value = 1 in 2187ms
(15/20) ReplicaB: [2019-04-09T22:16:31.711][Client] Write key = x and value = 1 in 154ms
(16/20) ReplicaC: [2019-04-09T22:16:42.754][Client] Write key = x and value = 1 in 6451ms
(17/20) ReplicaA: [2019-04-09T22:16:44.456][Client] Write key = x and value = 1 in 158ms
(18/20) ReplicaB: [2019-04-09T22:16:46.799][Client] Write key = z and value = 1 in 159ms
(19/20) ReplicaB: [2019-04-09T22:16:48.871][Client] Write key = y and value = 1 in 141ms
(20/20) ReplicaD: [2019-04-09T22:17:00.357][Client] Write key = x and value = 1 in 6442ms
(21/20) ReplicaD: [2019-04-09T22:17:11.130][Client] Write key = x and value = 1 in 5263ms
(22/20) ReplicaB: [2019-04-09T22:17:15.457][Client] Write key = x and value = 1 in 2189ms
(23/20) ReplicaB: [2019-04-09T22:17:17.566][Client] Write key = z and value = 1 in 145ms
(24/20) ReplicaC: [2019-04-09T22:17:24.136][Client] Write key = x and value = 1 in 1988ms
(25/20) ReplicaB: [2019-04-09T22:17:27.803][Client] Write key = y and value = 1 in 1503ms
(26/20) ReplicaB: [2019-04-09T22:17:30.109][Client] Write key = x and value = 1 in 152ms
(27/20) ReplicaD: [2019-04-09T22:17:41.496][Client] Write key = x and value = 1 in 6425ms
(28/20) ReplicaC: [2019-04-09T22:17:48.094][Client] Write key = x and value = 1 in 1775ms
(29/20) ReplicaB: [2019-04-09T22:17:51.826][Client] Write key = x and value = 1 in 2180ms
(30/20) ReplicaC: [2019-04-09T22:17:58.302][Client] Write key = z and value = 1 in 1753ms
(31/20) ReplicaC: [2019-04-09T22:18:11.156][Client] Write key = x and value = 1 in 7727ms
(32/20) ReplicaC: [2019-04-09T22:18:18.299][Client] Write key = z and value = 1 in 1760ms
(33/20) ReplicaB: [2019-04-09T22:18:20.228][Client] Write key = x and value = 1 in 155ms
(34/20) ReplicaB: [2019-04-09T22:18:22.501][Client] Write key = y and value = 1 in 160ms
(35/20) ReplicaD: [2019-04-09T22:18:29.061][Client] Write key = x and value = 1 in 1997ms
(36/20) ReplicaC: [2019-04-09T22:18:35.596][Client] Write key = z and value = 1 in 1757ms
(37/20) ReplicaD: [2019-04-09T22:18:46.903][Client] Write key = z and value = 1 in 6205ms
(38/20) ReplicaB: [2019-04-09T22:18:48.678][Client] Write key = z and value = 1 in 150ms
(39/20) ReplicaC: [2019-04-09T22:18:56.183][Client] Write key = y and value = 1 in 1990ms
(40/20) ReplicaB: [2019-04-09T22:18:57.874][Client] Write key = x and value = 1 in 149ms
(41/20) ReplicaD: [2019-04-09T22:19:08.726][Client] Write key = y and value = 1 in 6213ms
(42/20) ReplicaB: [2019-04-09T22:19:10.831][Client] Write key = z and value = 1 in 160ms
(43/20) ReplicaD: [2019-04-09T22:19:21.390][Client] Write key = z and value = 1 in 5268ms
(44/20) ReplicaD: [2019-04-09T22:19:31.621][Client] Write key = x and value = 1 in 5266ms
(45/20) ReplicaB: [2019-04-09T22:19:34.019][Client] Write key = z and value = 1 in 158ms
(46/20) ReplicaA: [2019-04-09T22:19:37.975][Client] Write key = z and value = 1 in 2204ms
(47/20) ReplicaD: [2019-04-09T22:19:48.632][Client] Write key = x and value = 1 in 5269ms
(48/20) ReplicaC: [2019-04-09T22:20:00.085][Client] Write key = x and value = 1 in 6435ms
(49/20) ReplicaB: [2019-04-09T22:20:04.450][Client] Write key = x and value = 1 in 2859ms
(50/20) ReplicaD: [2019-04-09T22:20:11.684][Client] Write key = x and value = 1 in 2005ms
(51/20) ReplicaC: [2019-04-09T22:20:18.507][Client] Write key = x and value = 1 in 1760ms
(52/20) ReplicaC: [2019-04-09T22:20:29.721][Client] Write key = z and value = 1 in 6001ms
(53/20) ReplicaB: [2019-04-09T22:20:31.511][Client] Write key = z and value = 1 in 158ms
(54/20) ReplicaA: [2019-04-09T22:20:33.424][Client] Write key = x and value = 1 in 146ms
(55/20) ReplicaB: [2019-04-09T22:20:37.426][Client] Write key = y and value = 1 in 2195ms
(56/20) ReplicaD: [2019-04-09T22:20:50.239][Client] Write key = y and value = 1 in 8084ms
(57/20) ReplicaD: [2019-04-09T22:20:56.882][Client] Write key = z and value = 1 in 1751ms
(58/20) ReplicaD: [2019-04-09T22:21:03.553][Client] Write key = z and value = 1 in 1763ms
(59/20) ReplicaA: [2019-04-09T22:21:05.490][Client] Write key = y and value = 1 in 160ms
(60/20) ReplicaA: [2019-04-09T22:21:07.775][Client] Write key = y and value = 1 in 156ms
(61/20) ReplicaC: [2019-04-09T22:21:19.242][Client] Write key = x and value = 1 in 6464ms
(62/20) ReplicaD: [2019-04-09T22:21:26.408][Client] Write key = z and value = 1 in 1752ms
(63/20) ReplicaA: [2019-04-09T22:21:30.851][Client] Write key = x and value = 1 in 2200ms
(64/20) ReplicaB: [2019-04-09T22:21:32.390][Client] Write key = x and value = 1 in 152ms
(65/20) ReplicaA: [2019-04-09T22:21:34.357][Client] Write key = x and value = 1 in 166ms
(66/20) ReplicaA: [2019-04-09T22:21:36.607][Client] Write key = x and value = 1 in 150ms
(67/20) ReplicaA: [2019-04-09T22:21:41.351][Client] Write key = x and value = 1 in 2868ms
(68/20) ReplicaA: [2019-04-09T22:21:44.729][Client] Write key = z and value = 1 in 1508ms
(69/20) ReplicaD: [2019-04-09T22:21:56.311][Client] Write key = y and value = 1 in 6467ms
(70/20) ReplicaA: [2019-04-09T22:21:59.590][Client] Write key = y and value = 1 in 1511ms
(71/20) ReplicaB: [2019-04-09T22:22:02.054][Client] Write key = y and value = 1 in 145ms
(72/20) ReplicaB: [2019-04-09T22:22:03.908][Client] Write key = x and value = 1 in 152ms
(73/20) ReplicaC: [2019-04-09T22:22:15.405][Client] Write key = z and value = 1 in 6443ms
(74/20) ReplicaA: [2019-04-09T22:22:18.845][Client] Write key = x and value = 1 in 1539ms
(75/20) ReplicaA: [2019-04-09T22:22:21.103][Client] Write key = y and value = 1 in 158ms

Fetch Master results:
[2019-04-09T22:22:22.685][Master] x = 92
[2019-04-09T22:22:22.686][Master] y = 65
[2019-04-09T22:22:22.687][Master] z = 68

Results:
=> Replica A
[2019-04-09T22:22:24.102][Client] Read key = x and value = 89 in 152ms
[2019-04-09T22:22:25.174][Client] Read key = y and value = 61 in 165ms
[2019-04-09T22:22:26.305][Client] Read key = z and value = 56 in 145ms
=> Replica B
[2019-04-09T22:22:27.660][Client] Read key = x and value = 91 in 148ms
[2019-04-09T22:22:28.689][Client] Read key = y and value = 61 in 147ms
[2019-04-09T22:22:29.741][Client] Read key = z and value = 65 in 149ms
=> Replica C
[2019-04-09T22:22:32.304][Client] Read key = x and value = 89 in 1292ms
[2019-04-09T22:22:34.473][Client] Read key = y and value = 63 in 1281ms
[2019-04-09T22:22:36.635][Client] Read key = z and value = 56 in 1280ms
=> Replica D
[2019-04-09T22:22:39.198][Client] Read key = x and value = 90 in 1278ms
[2019-04-09T22:22:41.323][Client] Read key = y and value = 60 in 1276ms
[2019-04-09T22:22:43.470][Client] Read key = z and value = 59 in 1279ms
=> Replica E
[2019-04-09T22:22:45.366][Client] Read key = x and value = 89 in 661ms
[2019-04-09T22:22:46.889][Client] Read key = y and value = 60 in 664ms
[2019-04-09T22:22:48.416][Client] Read key = z and value = 56 in 658ms
=> Replica F
[2019-04-09T22:22:50.286][Client] Read key = x and value = 89 in 655ms
[2019-04-09T22:22:51.803][Client] Read key = y and value = 60 in 655ms
[2019-04-09T22:22:53.343][Client] Read key = z and value = 56 in 657ms
(1/20) ReplicaD: [2019-04-09T22:23:04.396][Client] Write key = y and value = 1 in 6456ms
(2/20) ReplicaA: [2019-04-09T22:23:08.925][Client] Write key = x and value = 1 in 2164ms
(3/20) ReplicaC: [2019-04-09T22:23:22.164][Client] Write key = x and value = 1 in 8067ms
(4/20) ReplicaA: [2019-04-09T22:23:26.145][Client] Write key = x and value = 1 in 2179ms
(5/20) ReplicaD: [2019-04-09T22:23:37.850][Client] Write key = y and value = 1 in 6441ms
(6/20) ReplicaB: [2019-04-09T22:23:39.580][Client] Write key = y and value = 1 in 146ms
(7/20) ReplicaC: [2019-04-09T22:23:50.574][Client] Write key = z and value = 1 in 5751ms
(8/20) ReplicaD: [2019-04-09T22:23:57.622][Client] Write key = z and value = 1 in 1759ms
(9/20) ReplicaC: [2019-04-09T22:24:04.332][Client] Write key = y and value = 1 in 1763ms
(10/20) ReplicaC: [2019-04-09T22:24:15.711][Client] Write key = z and value = 1 in 6007ms
(11/20) ReplicaA: [2019-04-09T22:24:19.742][Client] Write key = z and value = 1 in 2192ms
(12/20) ReplicaA: [2019-04-09T22:24:23.240][Client] Write key = y and value = 1 in 1513ms
(13/20) ReplicaB: [2019-04-09T22:24:25.467][Client] Write key = y and value = 1 in 160ms
(14/20) ReplicaA: [2019-04-09T22:24:30.256][Client] Write key = x and value = 1 in 2881ms
(15/20) ReplicaD: [2019-04-09T22:24:36.973][Client] Write key = z and value = 1 in 1983ms
(16/20) ReplicaA: [2019-04-09T22:24:40.541][Client] Write key = z and value = 1 in 1523ms
(17/20) ReplicaD: [2019-04-09T22:24:51.329][Client] Write key = y and value = 1 in 6189ms
(18/20) ReplicaC: [2019-04-09T22:25:03.334][Client] Write key = z and value = 1 in 6433ms
(19/20) ReplicaB: [2019-04-09T22:25:06.390][Client] Write key = x and value = 1 in 1497ms
(20/20) ReplicaA: [2019-04-09T22:25:08.679][Client] Write key = x and value = 1 in 169ms
(21/20) ReplicaA: [2019-04-09T22:25:12.263][Client] Write key = y and value = 1 in 2187ms
(22/20) ReplicaC: [2019-04-09T22:25:19.242][Client] Write key = x and value = 1 in 1751ms
(23/20) ReplicaD: [2019-04-09T22:25:26.857][Client] Write key = x and value = 1 in 1990ms
(24/20) ReplicaA: [2019-04-09T22:25:30.871][Client] Write key = y and value = 1 in 2171ms
(25/20) ReplicaC: [2019-04-09T22:25:41.764][Client] Write key = y and value = 1 in 6244ms
(26/20) ReplicaC: [2019-04-09T22:25:52.331][Client] Write key = x and value = 1 in 4829ms
(27/20) ReplicaA: [2019-04-09T22:25:54.286][Client] Write key = y and value = 1 in 157ms
(28/20) ReplicaD: [2019-04-09T22:26:01.456][Client] Write key = z and value = 1 in 1990ms
(29/20) ReplicaB: [2019-04-09T22:26:05.142][Client] Write key = x and value = 1 in 2191ms
(30/20) ReplicaB: [2019-04-09T22:26:08.981][Client] Write key = z and value = 1 in 1753ms
(31/20) ReplicaD: [2019-04-09T22:26:16.302][Client] Write key = z and value = 1 in 1753ms
(32/20) ReplicaD: [2019-04-09T22:26:23.179][Client] Write key = z and value = 1 in 1775ms
(33/20) ReplicaB: [2019-04-09T22:26:27.458][Client] Write key = x and value = 1 in 2677ms
(34/20) ReplicaB: [2019-04-09T22:26:29.885][Client] Write key = y and value = 1 in 133ms
(35/20) ReplicaA: [2019-04-09T22:26:32.002][Client] Write key = y and value = 1 in 140ms
(36/20) ReplicaA: [2019-04-09T22:26:33.451][Client] Write key = y and value = 1 in 146ms
(37/20) ReplicaA: [2019-04-09T22:26:35.168][Client] Write key = y and value = 1 in 176ms
(38/20) ReplicaA: [2019-04-09T22:26:39.107][Client] Write key = y and value = 1 in 2188ms
(39/20) ReplicaC: [2019-04-09T22:26:50.759][Client] Write key = x and value = 1 in 6435ms
(40/20) ReplicaC: [2019-04-09T22:26:57.475][Client] Write key = z and value = 1 in 1756ms
(41/20) ReplicaD: [2019-04-09T22:27:04.492][Client] Write key = z and value = 1 in 1989ms
(42/20) ReplicaC: [2019-04-09T22:27:16.283][Client] Write key = x and value = 1 in 6935ms
(43/20) ReplicaA: [2019-04-09T22:27:18.301][Client] Write key = y and value = 1 in 147ms
(44/20) ReplicaC: [2019-04-09T22:27:25.032][Client] Write key = z and value = 1 in 1771ms
(45/20) ReplicaA: [2019-04-09T22:27:29.399][Client] Write key = z and value = 1 in 2203ms
(46/20) ReplicaA: [2019-04-09T22:27:33.030][Client] Write key = z and value = 1 in 1499ms
(47/20) ReplicaC: [2019-04-09T22:27:43.960][Client] Write key = x and value = 1 in 5728ms
(48/20) ReplicaD: [2019-04-09T22:27:56.429][Client] Write key = y and value = 1 in 7635ms
(49/20) ReplicaD: [2019-04-09T22:28:06.388][Client] Write key = x and value = 1 in 4847ms
(50/20) ReplicaA: [2019-04-09T22:28:08.171][Client] Write key = y and value = 1 in 163ms
(51/20) ReplicaD: [2019-04-09T22:28:18.149][Client] Write key = y and value = 1 in 4826ms
(52/20) ReplicaD: [2019-04-09T22:28:24.509][Client] Write key = x and value = 1 in 1767ms
(53/20) ReplicaA: [2019-04-09T22:28:27.052][Client] Write key = x and value = 1 in 142ms
(54/20) ReplicaC: [2019-04-09T22:28:38.287][Client] Write key = y and value = 1 in 6442ms
(55/20) ReplicaD: [2019-04-09T22:28:49.933][Client] Write key = y and value = 1 in 6202ms
(56/20) ReplicaC: [2019-04-09T22:28:57.093][Client] Write key = z and value = 1 in 1982ms
(57/20) ReplicaB: [2019-04-09T22:29:01.074][Client] Write key = y and value = 1 in 2186ms
(58/20) ReplicaD: [2019-04-09T22:29:08.560][Client] Write key = x and value = 1 in 1979ms
(59/20) ReplicaA: [2019-04-09T22:29:13.180][Client] Write key = z and value = 1 in 2856ms
(60/20) ReplicaA: [2019-04-09T22:29:15.090][Client] Write key = y and value = 1 in 144ms
(61/20) ReplicaC: [2019-04-09T22:29:22.824][Client] Write key = z and value = 1 in 2222ms
(62/20) ReplicaC: [2019-04-09T22:29:34.017][Client] Write key = x and value = 1 in 6455ms
(63/20) ReplicaA: [2019-04-09T22:29:37.673][Client] Write key = x and value = 1 in 1510ms
(64/20) ReplicaB: [2019-04-09T22:29:41.832][Client] Write key = z and value = 1 in 2177ms
(65/20) ReplicaD: [2019-04-09T22:29:54.719][Client] Write key = z and value = 1 in 6669ms
(66/20) ReplicaB: [2019-04-09T22:29:56.472][Client] Write key = y and value = 1 in 142ms
(67/20) ReplicaD: [2019-04-09T22:30:07.074][Client] Write key = x and value = 1 in 5505ms
(68/20) ReplicaC: [2019-04-09T22:30:14.619][Client] Write key = y and value = 1 in 2215ms
(69/20) ReplicaD: [2019-04-09T22:30:26.902][Client] Write key = y and value = 1 in 6700ms
(70/20) ReplicaC: [2019-04-09T22:30:34.460][Client] Write key = z and value = 1 in 1988ms
(71/20) ReplicaD: [2019-04-09T22:30:41.226][Client] Write key = z and value = 1 in 1983ms
(72/20) ReplicaA: [2019-04-09T22:30:43.621][Client] Write key = z and value = 1 in 177ms
(73/20) ReplicaA: [2019-04-09T22:30:45.562][Client] Write key = x and value = 1 in 176ms
(74/20) ReplicaB: [2019-04-09T22:30:47.494][Client] Write key = x and value = 1 in 166ms
(75/20) ReplicaB: [2019-04-09T22:30:49.606][Client] Write key = y and value = 1 in 145ms

Fetch Master results:
[2019-04-09T22:30:51.547][Master] x = 115
[2019-04-09T22:30:51.549][Master] y = 93
[2019-04-09T22:30:51.549][Master] z = 92

Results:
=> Replica A
[2019-04-09T22:30:52.990][Client] Read key = x and value = 114 in 138ms
[2019-04-09T22:30:54.035][Client] Read key = y and value = 90 in 140ms
[2019-04-09T22:30:55.065][Client] Read key = z and value = 86 in 148ms
=> Replica B
[2019-04-09T22:30:56.489][Client] Read key = x and value = 114 in 144ms
[2019-04-09T22:30:57.522][Client] Read key = y and value = 89 in 140ms
[2019-04-09T22:30:58.524][Client] Read key = z and value = 85 in 143ms
=> Replica C
[2019-04-09T22:31:01.106][Client] Read key = x and value = 113 in 1282ms
[2019-04-09T22:31:03.264][Client] Read key = y and value = 88 in 1279ms
[2019-04-09T22:31:05.427][Client] Read key = z and value = 90 in 1281ms
=> Replica D
[2019-04-09T22:31:07.977][Client] Read key = x and value = 113 in 1288ms
[2019-04-09T22:31:10.166][Client] Read key = y and value = 87 in 1293ms
[2019-04-09T22:31:12.347][Client] Read key = z and value = 86 in 1283ms
=> Replica E
[2019-04-09T22:31:14.309][Client] Read key = x and value = 113 in 654ms
[2019-04-09T22:31:15.849][Client] Read key = y and value = 87 in 662ms
[2019-04-09T22:31:17.373][Client] Read key = z and value = 85 in 660ms
=> Replica F
[2019-04-09T22:31:19.342][Client] Read key = x and value = 113 in 659ms
[2019-04-09T22:31:20.880][Client] Read key = y and value = 87 in 660ms
[2019-04-09T22:31:22.415][Client] Read key = z and value = 85 in 674ms
(1/20) ReplicaC: [2019-04-09T22:31:29.161][Client] Write key = x and value = 1 in 2213ms
(2/20) ReplicaA: [2019-04-09T22:31:31.140][Client] Write key = z and value = 1 in 158ms
(3/20) ReplicaC: [2019-04-09T22:31:37.985][Client] Write key = z and value = 1 in 2003ms
(4/20) ReplicaD: [2019-04-09T22:31:51.014][Client] Write key = x and value = 1 in 7359ms
(5/20) ReplicaB: [2019-04-09T22:31:52.551][Client] Write key = x and value = 1 in 157ms
(6/20) ReplicaA: [2019-04-09T22:31:54.117][Client] Write key = y and value = 1 in 143ms
(7/20) ReplicaC: [2019-04-09T22:32:01.416][Client] Write key = z and value = 1 in 2218ms
(8/20) ReplicaC: [2019-04-09T22:32:12.942][Client] Write key = y and value = 1 in 6454ms
(9/20) ReplicaB: [2019-04-09T22:32:14.956][Client] Write key = y and value = 1 in 152ms
(10/20) ReplicaA: [2019-04-09T22:32:19.331][Client] Write key = y and value = 1 in 2188ms
(11/20) ReplicaB: [2019-04-09T22:32:21.553][Client] Write key = y and value = 1 in 159ms
(12/20) ReplicaA: [2019-04-09T22:32:25.359][Client] Write key = x and value = 1 in 1513ms
(13/20) ReplicaD: [2019-04-09T22:32:32.338][Client] Write key = y and value = 1 in 2214ms
(14/20) ReplicaB: [2019-04-09T22:32:36.268][Client] Write key = z and value = 1 in 2197ms
(15/20) ReplicaD: [2019-04-09T22:32:43.593][Client] Write key = z and value = 1 in 1983ms
(16/20) ReplicaC: [2019-04-09T22:32:57.208][Client] Write key = y and value = 1 in 8296ms
(17/20) ReplicaD: [2019-04-09T22:33:04.829][Client] Write key = y and value = 1 in 2206ms
(18/20) ReplicaA: [2019-04-09T22:33:09.071][Client] Write key = y and value = 1 in 2182ms
(19/20) ReplicaC: [2019-04-09T22:33:15.835][Client] Write key = x and value = 1 in 1993ms
(20/20) ReplicaB: [2019-04-09T22:33:20.736][Client] Write key = y and value = 1 in 2888ms
(21/20) ReplicaC: [2019-04-09T22:33:31.867][Client] Write key = x and value = 1 in 6425ms
(22/20) ReplicaC: [2019-04-09T22:33:38.973][Client] Write key = y and value = 1 in 1982ms
(23/20) ReplicaD: [2019-04-09T22:33:46.073][Client] Write key = y and value = 1 in 2213ms
(24/20) ReplicaC: [2019-04-09T22:33:53.618][Client] Write key = z and value = 1 in 1975ms
(25/20) ReplicaA: [2019-04-09T22:33:55.850][Client] Write key = y and value = 1 in 170ms
(26/20) ReplicaC: [2019-04-09T22:34:02.864][Client] Write key = z and value = 1 in 1981ms
(27/20) ReplicaD: [2019-04-09T22:34:10.429][Client] Write key = x and value = 1 in 1984ms
(28/20) ReplicaA: [2019-04-09T22:34:12.950][Client] Write key = y and value = 1 in 143ms
(29/20) ReplicaA: [2019-04-09T22:34:17.490][Client] Write key = x and value = 1 in 2854ms
(30/20) ReplicaC: [2019-04-09T22:34:28.864][Client] Write key = y and value = 1 in 6684ms
(31/20) ReplicaC: [2019-04-09T22:34:39.847][Client] Write key = x and value = 1 in 5495ms
(32/20) ReplicaD: [2019-04-09T22:34:47.619][Client] Write key = x and value = 1 in 2219ms
(33/20) ReplicaB: [2019-04-09T22:34:52.163][Client] Write key = z and value = 1 in 2197ms
(34/20) ReplicaA: [2019-04-09T22:34:56.403][Client] Write key = z and value = 1 in 2201ms
(35/20) ReplicaA: [2019-04-09T22:34:59.486][Client] Write key = z and value = 1 in 1520ms
(36/20) ReplicaB: [2019-04-09T22:35:02.710][Client] Write key = x and value = 1 in 1526ms
(37/20) ReplicaB: [2019-04-09T22:35:04.503][Client] Write key = x and value = 1 in 143ms
(38/20) ReplicaB: [2019-04-09T22:35:08.078][Client] Write key = y and value = 1 in 1500ms
(39/20) ReplicaC: [2019-04-09T22:35:19.729][Client] Write key = y and value = 1 in 6667ms
(40/20) ReplicaC: [2019-04-09T22:35:30.202][Client] Write key = x and value = 1 in 5481ms
(41/20) ReplicaC: [2019-04-09T22:35:40.825][Client] Write key = x and value = 1 in 5042ms
(42/20) ReplicaC: [2019-04-09T22:35:53.386][Client] Write key = y and value = 1 in 7869ms
(43/20) ReplicaD: [2019-04-09T22:36:01.038][Client] Write key = z and value = 1 in 2214ms
(44/20) ReplicaC: [2019-04-09T22:36:11.711][Client] Write key = z and value = 1 in 5505ms
(45/20) ReplicaD: [2019-04-09T22:36:18.922][Client] Write key = y and value = 1 in 1986ms
(46/20) ReplicaB: [2019-04-09T22:36:23.352][Client] Write key = y and value = 1 in 2184ms
(47/20) ReplicaC: [2019-04-09T22:36:33.641][Client] Write key = x and value = 1 in 5501ms
(48/20) ReplicaA: [2019-04-09T22:36:37.833][Client] Write key = x and value = 1 in 2180ms
(49/20) ReplicaC: [2019-04-09T22:36:48.451][Client] Write key = x and value = 1 in 5497ms
(50/20) ReplicaD: [2019-04-09T22:36:56.035][Client] Write key = z and value = 1 in 2218ms
(51/20) ReplicaA: [2019-04-09T22:36:58.106][Client] Write key = z and value = 1 in 163ms
(52/20) ReplicaD: [2019-04-09T22:37:09.790][Client] Write key = y and value = 1 in 6436ms
(53/20) ReplicaC: [2019-04-09T22:37:17.324][Client] Write key = z and value = 1 in 2213ms
(54/20) ReplicaC: [2019-04-09T22:37:24.767][Client] Write key = y and value = 1 in 1978ms
(55/20) ReplicaB: [2019-04-09T22:37:26.996][Client] Write key = y and value = 1 in 142ms
(56/20) ReplicaD: [2019-04-09T22:37:34.223][Client] Write key = z and value = 1 in 2222ms
(57/20) ReplicaA: [2019-04-09T22:37:37.932][Client] Write key = x and value = 1 in 2185ms
(58/20) ReplicaB: [2019-04-09T22:37:39.518][Client] Write key = y and value = 1 in 140ms
(59/20) ReplicaC: [2019-04-09T22:37:47.105][Client] Write key = y and value = 1 in 1986ms
(60/20) ReplicaC: [2019-04-09T22:37:54.381][Client] Write key = y and value = 1 in 1991ms
(61/20) ReplicaA: [2019-04-09T22:37:56.597][Client] Write key = z and value = 1 in 147ms
(62/20) ReplicaB: [2019-04-09T22:38:00.394][Client] Write key = y and value = 1 in 2175ms
(63/20) ReplicaC: [2019-04-09T22:38:07.380][Client] Write key = z and value = 1 in 1988ms
(64/20) ReplicaB: [2019-04-09T22:38:09.112][Client] Write key = x and value = 1 in 145ms
(65/20) ReplicaC: [2019-04-09T22:38:16.388][Client] Write key = y and value = 1 in 1986ms
(66/20) ReplicaB: [2019-04-09T22:38:18.450][Client] Write key = z and value = 1 in 159ms
(67/20) ReplicaA: [2019-04-09T22:38:22.803][Client] Write key = x and value = 1 in 2289ms
(68/20) ReplicaD: [2019-04-09T22:38:29.715][Client] Write key = z and value = 1 in 2213ms
(69/20) ReplicaA: [2019-04-09T22:38:31.550][Client] Write key = z and value = 1 in 141ms
(70/20) ReplicaD: [2019-04-09T22:38:45.211][Client] Write key = y and value = 1 in 8079ms
(71/20) ReplicaB: [2019-04-09T22:38:49.778][Client] Write key = y and value = 1 in 2869ms
(72/20) ReplicaD: [2019-04-09T22:38:56.335][Client] Write key = z and value = 1 in 1993ms
(73/20) ReplicaB: [2019-04-09T22:38:59.712][Client] Write key = x and value = 1 in 1507ms
(74/20) ReplicaA: [2019-04-09T22:39:01.251][Client] Write key = x and value = 1 in 142ms
(75/20) ReplicaA: [2019-04-09T22:39:05.434][Client] Write key = z and value = 1 in 2647ms

Fetch Master results:
[2019-04-09T22:39:07.137][Master] x = 137
[2019-04-09T22:39:07.139][Master] y = 123
[2019-04-09T22:39:07.140][Master] z = 115

Results:
=> Replica A
[2019-04-09T22:39:08.536][Client] Read key = x and value = 135 in 141ms
[2019-04-09T22:39:09.551][Client] Read key = y and value = 119 in 141ms
[2019-04-09T22:39:10.583][Client] Read key = z and value = 105 in 140ms
=> Replica B
[2019-04-09T22:39:11.987][Client] Read key = x and value = 134 in 134ms
[2019-04-09T22:39:13.012][Client] Read key = y and value = 117 in 140ms
[2019-04-09T22:39:14.024][Client] Read key = z and value = 106 in 139ms
=> Replica C
[2019-04-09T22:39:16.525][Client] Read key = x and value = 134 in 1275ms
[2019-04-09T22:39:18.702][Client] Read key = y and value = 121 in 1284ms
[2019-04-09T22:39:20.911][Client] Read key = z and value = 107 in 1286ms
=> Replica D
[2019-04-09T22:39:23.521][Client] Read key = x and value = 136 in 1283ms
[2019-04-09T22:39:25.669][Client] Read key = y and value = 117 in 1279ms
[2019-04-09T22:39:27.831][Client] Read key = z and value = 112 in 1280ms
=> Replica E
[2019-04-09T22:39:29.738][Client] Read key = x and value = 134 in 666ms
[2019-04-09T22:39:31.286][Client] Read key = y and value = 117 in 656ms
[2019-04-09T22:39:32.805][Client] Read key = z and value = 105 in 659ms
=> Replica F
[2019-04-09T22:39:34.740][Client] Read key = x and value = 134 in 664ms
[2019-04-09T22:39:36.263][Client] Read key = y and value = 117 in 659ms
[2019-04-09T22:39:37.789][Client] Read key = z and value = 105 in 657ms
Stop the master and all the replicas...
Fetching logs...
=> Remove old logs
=> Obtain new logs

Done!
