[2019-04-09T21:59:07.618][ReplicaF] Starting ReplicaF
[2019-04-09T21:59:07.620][ReplicaF] => Looking for ECG history
[2019-04-09T21:59:08.679][ReplicaF] => Binding TACT Replica to RMI
[2019-04-09T21:59:09.139][ReplicaF] Replica started on rmi://10.156.0.2/ReplicaF
--------------------------------------------------------------------------------------------

[2019-04-09T22:00:26.729][ReplicaF] Accept WriteLog
WriteLogItem(1554847193322,A,WriteOperation(y,+,1))[2019-04-09T22:00:26.735][ReplicaF] -- Update with key y, value = 1
WriteLogItem(1554847223915,A,WriteOperation(y,+,1))[2019-04-09T22:00:26.735][ReplicaF] -- Update with key y, value = 1

[2019-04-09T22:00:47.027][ReplicaF] Accept WriteLog
WriteLogItem(1554847183471,C,WriteOperation(x,+,1))[2019-04-09T22:00:47.027][ReplicaF] -- Update with key x, value = 1
WriteLogItem(1554847233258,C,WriteOperation(x,+,1))[2019-04-09T22:00:47.027][ReplicaF] -- Update with key x, value = 1
WriteLogItem(1554847240199,C,WriteOperation(x,+,1))[2019-04-09T22:00:47.028][ReplicaF] -- Update with key x, value = 1

[2019-04-09T22:01:05.015][ReplicaF] Accept WriteLog
WriteLogItem(1554847262994,A,WriteOperation(y,+,1))[2019-04-09T22:01:05.016][ReplicaF] -- Update with key y, value = 1

[2019-04-09T22:01:25.483][ReplicaF] Accept WriteLog
WriteLogItem(1554847280134,C,WriteOperation(y,+,1))[2019-04-09T22:01:25.483][ReplicaF] -- Update with key y, value = 1

[2019-04-09T22:01:36.166][ReplicaF] Accept WriteLog
WriteLogItem(1554847292008,C,WriteOperation(x,+,1))[2019-04-09T22:01:36.166][ReplicaF] -- Update with key x, value = 1

[2019-04-09T22:01:48.564][ReplicaF] Accept WriteLog
WriteLogItem(1554847304414,C,WriteOperation(x,+,1))[2019-04-09T22:01:48.564][ReplicaF] -- Update with key x, value = 1

[2019-04-09T22:02:05.662][ReplicaF] Accept WriteLog
WriteLogItem(1554847321508,C,WriteOperation(y,+,1))[2019-04-09T22:02:05.663][ReplicaF] -- Update with key y, value = 1

[2019-04-09T22:02:16.119][ReplicaF] Accept WriteLog
WriteLogItem(1554847331951,C,WriteOperation(x,+,1))[2019-04-09T22:02:16.119][ReplicaF] -- Update with key x, value = 1

[2019-04-09T22:02:21.228][ReplicaF] Accept WriteLog
WriteLogItem(1554847172830,B,WriteOperation(x,+,1))[2019-04-09T22:02:21.228][ReplicaF] -- Update with key x, value = 1
WriteLogItem(1554847338450,B,WriteOperation(x,+,1))[2019-04-09T22:02:21.229][ReplicaF] -- Update with key x, value = 1

[2019-04-09T22:02:38.603][ReplicaF] Accept WriteLog
WriteLogItem(1554847357261,B,WriteOperation(x,+,1))[2019-04-09T22:02:38.603][ReplicaF] -- Update with key x, value = 1

[2019-04-09T22:02:50.963][ReplicaF] Accept WriteLog
WriteLogItem(1554847153325,B,WriteOperation(y,+,1))[2019-04-09T22:02:50.964][ReplicaF] -- Update with key y, value = 1
WriteLogItem(1554847174468,B,WriteOperation(y,+,1))[2019-04-09T22:02:50.964][ReplicaF] -- Update with key y, value = 1
WriteLogItem(1554847248840,B,WriteOperation(y,+,1))[2019-04-09T22:02:50.964][ReplicaF] -- Update with key y, value = 1
WriteLogItem(1554847367394,B,WriteOperation(y,+,1))[2019-04-09T22:02:50.964][ReplicaF] -- Update with key y, value = 1
WriteLogItem(1554847369619,B,WriteOperation(y,+,1))[2019-04-09T22:02:50.964][ReplicaF] -- Update with key y, value = 1

[2019-04-09T22:03:13.304][ReplicaF] Accept WriteLog
WriteLogItem(1554847386563,C,WriteOperation(x,+,1))[2019-04-09T22:03:13.308][ReplicaF] -- Update with key x, value = 1

[2019-04-09T22:03:19.279][ReplicaF] Accept WriteLog
WriteLogItem(1554847176846,B,WriteOperation(z,+,1))[2019-04-09T22:03:19.279][ReplicaF] -- Update with key z, value = 1
WriteLogItem(1554847260623,B,WriteOperation(z,+,1))[2019-04-09T22:03:19.279][ReplicaF] -- Update with key z, value = 1
WriteLogItem(1554847397500,B,WriteOperation(z,+,1))[2019-04-09T22:03:19.279][ReplicaF] -- Update with key z, value = 1

[2019-04-09T22:03:22.414][ReplicaF] Accept WriteLog
WriteLogItem(1554847401085,B,WriteOperation(z,+,1))[2019-04-09T22:03:22.415][ReplicaF] -- Update with key z, value = 1

[2019-04-09T22:03:26.506][ReplicaF] Accept WriteLog
WriteLogItem(1554847404264,B,WriteOperation(z,+,1))[2019-04-09T22:03:26.507][ReplicaF] -- Update with key z, value = 1

[2019-04-09T22:03:40.146][ReplicaF] Accept WriteLog
WriteLogItem(1554847272982,D,WriteOperation(x,+,1))[2019-04-09T22:03:40.146][ReplicaF] -- Update with key x, value = 1
WriteLogItem(1554847364548,D,WriteOperation(x,+,1))[2019-04-09T22:03:40.146][ReplicaF] -- Update with key x, value = 1
WriteLogItem(1554847413097,D,WriteOperation(x,+,1))[2019-04-09T22:03:40.147][ReplicaF] -- Update with key x, value = 1

[2019-04-09T22:03:53.072][ReplicaF] Accept WriteLog
WriteLogItem(1554847267226,A,WriteOperation(x,+,1))[2019-04-09T22:03:53.072][ReplicaF] -- Update with key x, value = 1
WriteLogItem(1554847298619,A,WriteOperation(x,+,1))[2019-04-09T22:03:53.072][ReplicaF] -- Update with key x, value = 1
WriteLogItem(1554847431045,A,WriteOperation(x,+,1))[2019-04-09T22:03:53.072][ReplicaF] -- Update with key x, value = 1

[2019-04-09T22:03:59.188][ReplicaF] Accept WriteLog
WriteLogItem(1554847395353,B,WriteOperation(y,+,1))[2019-04-09T22:03:59.189][ReplicaF] -- Update with key y, value = 1
WriteLogItem(1554847437188,B,WriteOperation(y,+,1))[2019-04-09T22:03:59.189][ReplicaF] -- Update with key y, value = 1

[2019-04-09T22:04:10.212][ReplicaF] Accept WriteLog
WriteLogItem(1554847206311,D,WriteOperation(y,+,1))[2019-04-09T22:04:10.212][ReplicaF] -- Update with key y, value = 1
WriteLogItem(1554847213779,D,WriteOperation(y,+,1))[2019-04-09T22:04:10.212][ReplicaF] -- Update with key y, value = 1
WriteLogItem(1554847220727,D,WriteOperation(y,+,1))[2019-04-09T22:04:10.212][ReplicaF] -- Update with key y, value = 1
WriteLogItem(1554847426503,D,WriteOperation(y,+,1))[2019-04-09T22:04:10.212][ReplicaF] -- Update with key y, value = 1
WriteLogItem(1554847445239,D,WriteOperation(y,+,1))[2019-04-09T22:04:10.212][ReplicaF] -- Update with key y, value = 1

[2019-04-09T22:04:34.321][ReplicaF] Accept WriteLog
WriteLogItem(1554847435200,A,WriteOperation(x,+,1))[2019-04-09T22:04:34.321][ReplicaF] -- Update with key x, value = 1
WriteLogItem(1554847470398,A,WriteOperation(x,+,1))[2019-04-09T22:04:34.321][ReplicaF] -- Update with key x, value = 1
WriteLogItem(1554847472189,A,WriteOperation(x,+,1))[2019-04-09T22:04:34.321][ReplicaF] -- Update with key x, value = 1

[2019-04-09T22:04:45.736][ReplicaF] Accept WriteLog
WriteLogItem(1554847483263,A,WriteOperation(x,+,1))[2019-04-09T22:04:45.736][ReplicaF] -- Update with key x, value = 1

[2019-04-09T22:04:56.841][ReplicaF] Accept WriteLog
WriteLogItem(1554847491511,C,WriteOperation(x,+,1))[2019-04-09T22:04:56.841][ReplicaF] -- Update with key x, value = 1

[2019-04-09T22:04:59.881][ReplicaF] Accept WriteLog
WriteLogItem(1554847498561,A,WriteOperation(x,+,1))[2019-04-09T22:04:59.882][ReplicaF] -- Update with key x, value = 1

[2019-04-09T22:05:04.457][ReplicaF] Accept WriteLog
WriteLogItem(1554847429201,B,WriteOperation(x,+,1))[2019-04-09T22:05:04.457][ReplicaF] -- Update with key x, value = 1
WriteLogItem(1554847454722,B,WriteOperation(x,+,1))[2019-04-09T22:05:04.457][ReplicaF] -- Update with key x, value = 1
WriteLogItem(1554847502446,B,WriteOperation(x,+,1))[2019-04-09T22:05:04.457][ReplicaF] -- Update with key x, value = 1

[2019-04-09T22:05:18.354][ReplicaF] Accept WriteLog
WriteLogItem(1554847169909,D,WriteOperation(z,+,1))[2019-04-09T22:05:18.355][ReplicaF] -- Update with key z, value = 1
WriteLogItem(1554847190342,D,WriteOperation(z,+,1))[2019-04-09T22:05:18.355][ReplicaF] -- Update with key z, value = 1
WriteLogItem(1554847257337,D,WriteOperation(z,+,1))[2019-04-09T22:05:18.355][ReplicaF] -- Update with key z, value = 1
WriteLogItem(1554847513019,D,WriteOperation(z,+,1))[2019-04-09T22:05:18.355][ReplicaF] -- Update with key z, value = 1

[2019-04-09T22:06:04.420][ReplicaF] Accept WriteLog
WriteLogItem(1554847562423,B,WriteOperation(y,+,1))[2019-04-09T22:06:04.421][ReplicaF] -- Update with key y, value = 1

[2019-04-09T22:06:44.534][ReplicaF] Read key = x
[2019-04-09T22:06:46.116][ReplicaF] Read key = y
[2019-04-09T22:06:47.680][ReplicaF] Read key = z
[2019-04-09T22:06:51.167][ReplicaF] Accept WriteLog
WriteLogItem(1554847609166,B,WriteOperation(x,+,1))[2019-04-09T22:06:51.169][ReplicaF] -- Update with key x, value = 1

[2019-04-09T22:07:11.961][ReplicaF] Accept WriteLog
WriteLogItem(1554847625130,D,WriteOperation(z,+,1))[2019-04-09T22:07:11.961][ReplicaF] -- Update with key z, value = 1

[2019-04-09T22:07:22.488][ReplicaF] Accept WriteLog
WriteLogItem(1554847638348,D,WriteOperation(z,+,1))[2019-04-09T22:07:22.488][ReplicaF] -- Update with key z, value = 1

[2019-04-09T22:07:34.397][ReplicaF] Accept WriteLog
WriteLogItem(1554847545741,C,WriteOperation(x,+,1))[2019-04-09T22:07:34.397][ReplicaF] -- Update with key x, value = 1
WriteLogItem(1554847570188,C,WriteOperation(x,+,1))[2019-04-09T22:07:34.397][ReplicaF] -- Update with key x, value = 1
WriteLogItem(1554847649054,C,WriteOperation(x,+,1))[2019-04-09T22:07:34.398][ReplicaF] -- Update with key x, value = 1

[2019-04-09T22:07:54.030][ReplicaF] Accept WriteLog
WriteLogItem(1554847460536,C,WriteOperation(y,+,1))[2019-04-09T22:07:54.030][ReplicaF] -- Update with key y, value = 1
WriteLogItem(1554847467544,C,WriteOperation(y,+,1))[2019-04-09T22:07:54.030][ReplicaF] -- Update with key y, value = 1
WriteLogItem(1554847531396,C,WriteOperation(y,+,1))[2019-04-09T22:07:54.031][ReplicaF] -- Update with key y, value = 1
WriteLogItem(1554847669159,C,WriteOperation(y,+,1))[2019-04-09T22:07:54.031][ReplicaF] -- Update with key y, value = 1

[2019-04-09T22:08:05.194][ReplicaF] Accept WriteLog
WriteLogItem(1554847524367,D,WriteOperation(y,+,1))[2019-04-09T22:08:05.195][ReplicaF] -- Update with key y, value = 1
WriteLogItem(1554847538614,D,WriteOperation(y,+,1))[2019-04-09T22:08:05.195][ReplicaF] -- Update with key y, value = 1
WriteLogItem(1554847552600,D,WriteOperation(y,+,1))[2019-04-09T22:08:05.195][ReplicaF] -- Update with key y, value = 1
WriteLogItem(1554847559374,D,WriteOperation(y,+,1))[2019-04-09T22:08:05.195][ReplicaF] -- Update with key y, value = 1
WriteLogItem(1554847680099,D,WriteOperation(y,+,1))[2019-04-09T22:08:05.195][ReplicaF] -- Update with key y, value = 1

[2019-04-09T22:08:15.190][ReplicaF] Accept WriteLog
WriteLogItem(1554847691048,C,WriteOperation(x,+,1))[2019-04-09T22:08:15.190][ReplicaF] -- Update with key x, value = 1

[2019-04-09T22:08:25.707][ReplicaF] Accept WriteLog
WriteLogItem(1554847703716,B,WriteOperation(x,+,1))[2019-04-09T22:08:25.707][ReplicaF] -- Update with key x, value = 1

[2019-04-09T22:08:46.124][ReplicaF] Accept WriteLog
WriteLogItem(1554847724574,B,WriteOperation(z,+,1))[2019-04-09T22:08:46.125][ReplicaF] -- Update with key z, value = 1

[2019-04-09T22:08:57.313][ReplicaF] Accept WriteLog
WriteLogItem(1554847732001,D,WriteOperation(z,+,1))[2019-04-09T22:08:57.314][ReplicaF] -- Update with key z, value = 1

[2019-04-09T22:09:09.996][ReplicaF] Accept WriteLog
WriteLogItem(1554847480460,D,WriteOperation(x,+,1))[2019-04-09T22:09:09.996][ReplicaF] -- Update with key x, value = 1
WriteLogItem(1554847661981,D,WriteOperation(x,+,1))[2019-04-09T22:09:09.996][ReplicaF] -- Update with key x, value = 1
WriteLogItem(1554847745858,D,WriteOperation(x,+,1))[2019-04-09T22:09:09.997][ReplicaF] -- Update with key x, value = 1

[2019-04-09T22:09:16.037][ReplicaF] Accept WriteLog
WriteLogItem(1554847754043,B,WriteOperation(y,+,1))[2019-04-09T22:09:16.037][ReplicaF] -- Update with key y, value = 1

[2019-04-09T22:09:21.917][ReplicaF] Accept WriteLog
WriteLogItem(1554847759217,B,WriteOperation(z,+,1))[2019-04-09T22:09:21.918][ReplicaF] -- Update with key z, value = 1

[2019-04-09T22:09:32.554][ReplicaF] Accept WriteLog
WriteLogItem(1554847771235,B,WriteOperation(y,+,1))[2019-04-09T22:09:32.554][ReplicaF] -- Update with key y, value = 1

[2019-04-09T22:09:35.839][ReplicaF] Accept WriteLog
WriteLogItem(1554847774519,B,WriteOperation(z,+,1))[2019-04-09T22:09:35.839][ReplicaF] -- Update with key z, value = 1

[2019-04-09T22:09:39.284][ReplicaF] Accept WriteLog
WriteLogItem(1554847506732,A,WriteOperation(x,+,1))[2019-04-09T22:09:39.284][ReplicaF] -- Update with key x, value = 1
WriteLogItem(1554847751839,A,WriteOperation(x,+,1))[2019-04-09T22:09:39.284][ReplicaF] -- Update with key x, value = 1
WriteLogItem(1554847777396,A,WriteOperation(x,+,1))[2019-04-09T22:09:39.284][ReplicaF] -- Update with key x, value = 1

[2019-04-09T22:09:52.322][ReplicaF] Accept WriteLog
WriteLogItem(1554847787004,D,WriteOperation(z,+,1))[2019-04-09T22:09:52.322][ReplicaF] -- Update with key z, value = 1

[2019-04-09T22:10:10.632][ReplicaF] Accept WriteLog
WriteLogItem(1554847805769,D,WriteOperation(z,+,1))[2019-04-09T22:10:10.632][ReplicaF] -- Update with key z, value = 1

[2019-04-09T22:10:30.159][ReplicaF] Accept WriteLog
WriteLogItem(1554847159249,C,WriteOperation(z,+,1))[2019-04-09T22:10:30.160][ReplicaF] -- Update with key z, value = 1
WriteLogItem(1554847199025,C,WriteOperation(z,+,1))[2019-04-09T22:10:30.161][ReplicaF] -- Update with key z, value = 1
WriteLogItem(1554847314250,C,WriteOperation(z,+,1))[2019-04-09T22:10:30.162][ReplicaF] -- Update with key z, value = 1
WriteLogItem(1554847347431,C,WriteOperation(z,+,1))[2019-04-09T22:10:30.162][ReplicaF] -- Update with key z, value = 1
WriteLogItem(1554847354909,C,WriteOperation(z,+,1))[2019-04-09T22:10:30.162][ReplicaF] -- Update with key z, value = 1
WriteLogItem(1554847378915,C,WriteOperation(z,+,1))[2019-04-09T22:10:30.162][ReplicaF] -- Update with key z, value = 1
WriteLogItem(1554847617877,C,WriteOperation(z,+,1))[2019-04-09T22:10:30.163][ReplicaF] -- Update with key z, value = 1
WriteLogItem(1554847711752,C,WriteOperation(z,+,1))[2019-04-09T22:10:30.163][ReplicaF] -- Update with key z, value = 1
WriteLogItem(1554847768371,C,WriteOperation(z,+,1))[2019-04-09T22:10:30.163][ReplicaF] -- Update with key z, value = 1
WriteLogItem(1554847823417,C,WriteOperation(z,+,1))[2019-04-09T22:10:30.163][ReplicaF] -- Update with key z, value = 1

[2019-04-09T22:10:58.040][ReplicaF] Accept WriteLog
WriteLogItem(1554847757648,B,WriteOperation(x,+,1))[2019-04-09T22:10:58.040][ReplicaF] -- Update with key x, value = 1
WriteLogItem(1554847781123,B,WriteOperation(x,+,1))[2019-04-09T22:10:58.040][ReplicaF] -- Update with key x, value = 1
WriteLogItem(1554847856042,B,WriteOperation(x,+,1))[2019-04-09T22:10:58.042][ReplicaF] -- Update with key x, value = 1

[2019-04-09T22:11:12.554][ReplicaF] Accept WriteLog
WriteLogItem(1554847866268,D,WriteOperation(x,+,1))[2019-04-09T22:11:12.554][ReplicaF] -- Update with key x, value = 1

[2019-04-09T22:11:30.716][ReplicaF] Accept WriteLog
WriteLogItem(1554847886346,D,WriteOperation(x,+,1))[2019-04-09T22:11:30.717][ReplicaF] -- Update with key x, value = 1

[2019-04-09T22:11:51.262][ReplicaF] Accept WriteLog
WriteLogItem(1554847846383,B,WriteOperation(z,+,1))[2019-04-09T22:11:51.262][ReplicaF] -- Update with key z, value = 1
WriteLogItem(1554847909261,B,WriteOperation(z,+,1))[2019-04-09T22:11:51.262][ReplicaF] -- Update with key z, value = 1

[2019-04-09T22:11:55.073][ReplicaF] Accept WriteLog
WriteLogItem(1554847913760,B,WriteOperation(x,+,1))[2019-04-09T22:11:55.073][ReplicaF] -- Update with key x, value = 1

[2019-04-09T22:12:01.816][ReplicaF] Accept WriteLog
WriteLogItem(1554847372807,A,WriteOperation(y,+,1))[2019-04-09T22:12:01.816][ReplicaF] -- Update with key y, value = 1
WriteLogItem(1554847714820,A,WriteOperation(y,+,1))[2019-04-09T22:12:01.816][ReplicaF] -- Update with key y, value = 1
WriteLogItem(1554847739780,A,WriteOperation(y,+,1))[2019-04-09T22:12:01.816][ReplicaF] -- Update with key y, value = 1
WriteLogItem(1554847917639,A,WriteOperation(y,+,1))[2019-04-09T22:12:01.816][ReplicaF] -- Update with key y, value = 1
WriteLogItem(1554847919821,A,WriteOperation(y,+,1))[2019-04-09T22:12:01.816][ReplicaF] -- Update with key y, value = 1

[2019-04-09T22:12:13.602][ReplicaF] Accept WriteLog
WriteLogItem(1554847928507,D,WriteOperation(x,+,1))[2019-04-09T22:12:13.602][ReplicaF] -- Update with key x, value = 1

[2019-04-09T22:12:28.702][ReplicaF] Accept WriteLog
WriteLogItem(1554847798552,C,WriteOperation(x,+,1))[2019-04-09T22:12:28.702][ReplicaF] -- Update with key x, value = 1
WriteLogItem(1554847816386,C,WriteOperation(x,+,1))[2019-04-09T22:12:28.703][ReplicaF] -- Update with key x, value = 1
WriteLogItem(1554847943375,C,WriteOperation(x,+,1))[2019-04-09T22:12:28.703][ReplicaF] -- Update with key x, value = 1

[2019-04-09T22:12:47.674][ReplicaF] Accept WriteLog
WriteLogItem(1554847962353,D,WriteOperation(z,+,1))[2019-04-09T22:12:47.675][ReplicaF] -- Update with key z, value = 1

[2019-04-09T22:12:56.224][ReplicaF] Accept WriteLog
WriteLogItem(1554847974237,B,WriteOperation(y,+,1))[2019-04-09T22:12:56.225][ReplicaF] -- Update with key y, value = 1

[2019-04-09T22:13:10.280][ReplicaF] Accept WriteLog
WriteLogItem(1554847162237,A,WriteOperation(z,+,1))[2019-04-09T22:13:10.281][ReplicaF] -- Update with key z, value = 1
WriteLogItem(1554847163813,A,WriteOperation(z,+,1))[2019-04-09T22:13:10.281][ReplicaF] -- Update with key z, value = 1
WriteLogItem(1554847251207,A,WriteOperation(z,+,1))[2019-04-09T22:13:10.281][ReplicaF] -- Update with key z, value = 1
WriteLogItem(1554847452465,A,WriteOperation(z,+,1))[2019-04-09T22:13:10.281][ReplicaF] -- Update with key z, value = 1
WriteLogItem(1554847573595,A,WriteOperation(z,+,1))[2019-04-09T22:13:10.281][ReplicaF] -- Update with key z, value = 1
WriteLogItem(1554847656381,A,WriteOperation(z,+,1))[2019-04-09T22:13:10.281][ReplicaF] -- Update with key z, value = 1
WriteLogItem(1554847935380,A,WriteOperation(z,+,1))[2019-04-09T22:13:10.281][ReplicaF] -- Update with key z, value = 1
WriteLogItem(1554847969977,A,WriteOperation(z,+,1))[2019-04-09T22:13:10.281][ReplicaF] -- Update with key z, value = 1
WriteLogItem(1554847972094,A,WriteOperation(z,+,1))[2019-04-09T22:13:10.281][ReplicaF] -- Update with key z, value = 1
WriteLogItem(1554847987345,A,WriteOperation(z,+,1))[2019-04-09T22:13:10.282][ReplicaF] -- Update with key z, value = 1

[2019-04-09T22:13:38.009][ReplicaF] Accept WriteLog
WriteLogItem(1554848012922,D,WriteOperation(x,+,1))[2019-04-09T22:13:38.009][ReplicaF] -- Update with key x, value = 1

[2019-04-09T22:13:42.312][ReplicaF] Accept WriteLog
WriteLogItem(1554847860461,A,WriteOperation(x,+,1))[2019-04-09T22:13:42.313][ReplicaF] -- Update with key x, value = 1
WriteLogItem(1554847892565,A,WriteOperation(x,+,1))[2019-04-09T22:13:42.313][ReplicaF] -- Update with key x, value = 1
WriteLogItem(1554848020307,A,WriteOperation(x,+,1))[2019-04-09T22:13:42.313][ReplicaF] -- Update with key x, value = 1

[2019-04-09T22:13:53.784][ReplicaF] Accept WriteLog
WriteLogItem(1554848031804,B,WriteOperation(y,+,1))[2019-04-09T22:13:53.784][ReplicaF] -- Update with key y, value = 1

[2019-04-09T22:14:05.047][ReplicaF] Accept WriteLog
WriteLogItem(1554847701108,D,WriteOperation(y,+,1))[2019-04-09T22:14:05.049][ReplicaF] -- Update with key y, value = 1
WriteLogItem(1554847898837,D,WriteOperation(y,+,1))[2019-04-09T22:14:05.049][ReplicaF] -- Update with key y, value = 1
WriteLogItem(1554848039945,D,WriteOperation(y,+,1))[2019-04-09T22:14:05.050][ReplicaF] -- Update with key y, value = 1

[2019-04-09T22:14:10.008][ReplicaF] Accept WriteLog
WriteLogItem(1554847985349,B,WriteOperation(x,+,1))[2019-04-09T22:14:10.008][ReplicaF] -- Update with key x, value = 1
WriteLogItem(1554847999437,B,WriteOperation(x,+,1))[2019-04-09T22:14:10.008][ReplicaF] -- Update with key x, value = 1
WriteLogItem(1554848047566,B,WriteOperation(x,+,1))[2019-04-09T22:14:10.008][ReplicaF] -- Update with key x, value = 1

[2019-04-09T22:14:30.552][ReplicaF] Accept WriteLog
WriteLogItem(1554847721284,C,WriteOperation(y,+,1))[2019-04-09T22:14:30.552][ReplicaF] -- Update with key y, value = 1
WriteLogItem(1554847954942,C,WriteOperation(y,+,1))[2019-04-09T22:14:30.552][ReplicaF] -- Update with key y, value = 1
WriteLogItem(1554847982598,C,WriteOperation(y,+,1))[2019-04-09T22:14:30.552][ReplicaF] -- Update with key y, value = 1
WriteLogItem(1554848028784,C,WriteOperation(y,+,1))[2019-04-09T22:14:30.552][ReplicaF] -- Update with key y, value = 1
WriteLogItem(1554848065232,C,WriteOperation(y,+,1))[2019-04-09T22:14:30.552][ReplicaF] -- Update with key y, value = 1

[2019-04-09T22:15:08.623][ReplicaF] Read key = x
[2019-04-09T22:15:10.163][ReplicaF] Read key = y
[2019-04-09T22:15:11.774][ReplicaF] Read key = z
[2019-04-09T22:15:24.606][ReplicaF] Accept WriteLog
WriteLogItem(1554848058054,D,WriteOperation(x,+,1))[2019-04-09T22:15:24.606][ReplicaF] -- Update with key x, value = 1
WriteLogItem(1554848076395,D,WriteOperation(x,+,1))[2019-04-09T22:15:24.606][ReplicaF] -- Update with key x, value = 1
WriteLogItem(1554848119280,D,WriteOperation(x,+,1))[2019-04-09T22:15:24.606][ReplicaF] -- Update with key x, value = 1

[2019-04-09T22:16:10.759][ReplicaF] Accept WriteLog
WriteLogItem(1554848165421,D,WriteOperation(y,+,1))[2019-04-09T22:16:10.759][ReplicaF] -- Update with key y, value = 1

[2019-04-09T22:16:24.176][ReplicaF] Accept WriteLog
WriteLogItem(1554848178596,D,WriteOperation(x,+,1))[2019-04-09T22:16:24.177][ReplicaF] -- Update with key x, value = 1

[2019-04-09T22:16:29.666][ReplicaF] Accept WriteLog
WriteLogItem(1554848187669,A,WriteOperation(x,+,1))[2019-04-09T22:16:29.666][ReplicaF] -- Update with key x, value = 1

[2019-04-09T22:16:42.676][ReplicaF] Accept WriteLog
WriteLogItem(1554848141924,C,WriteOperation(x,+,1))[2019-04-09T22:16:42.676][ReplicaF] -- Update with key x, value = 1
WriteLogItem(1554848151261,C,WriteOperation(x,+,1))[2019-04-09T22:16:42.676][ReplicaF] -- Update with key x, value = 1
WriteLogItem(1554848197352,C,WriteOperation(x,+,1))[2019-04-09T22:16:42.676][ReplicaF] -- Update with key x, value = 1

[2019-04-09T22:17:00.280][ReplicaF] Accept WriteLog
WriteLogItem(1554848214969,D,WriteOperation(x,+,1))[2019-04-09T22:17:00.280][ReplicaF] -- Update with key x, value = 1

[2019-04-09T22:17:11.052][ReplicaF] Accept WriteLog
WriteLogItem(1554848226918,D,WriteOperation(x,+,1))[2019-04-09T22:17:11.052][ReplicaF] -- Update with key x, value = 1

[2019-04-09T22:17:15.391][ReplicaF] Accept WriteLog
WriteLogItem(1554848126313,B,WriteOperation(x,+,1))[2019-04-09T22:17:15.391][ReplicaF] -- Update with key x, value = 1
WriteLogItem(1554848191682,B,WriteOperation(x,+,1))[2019-04-09T22:17:15.391][ReplicaF] -- Update with key x, value = 1
WriteLogItem(1554848233402,B,WriteOperation(x,+,1))[2019-04-09T22:17:15.392][ReplicaF] -- Update with key x, value = 1

[2019-04-09T22:17:27.737][ReplicaF] Accept WriteLog
WriteLogItem(1554848078776,B,WriteOperation(y,+,1))[2019-04-09T22:17:27.738][ReplicaF] -- Update with key y, value = 1
WriteLogItem(1554848113287,B,WriteOperation(y,+,1))[2019-04-09T22:17:27.738][ReplicaF] -- Update with key y, value = 1
WriteLogItem(1554848186071,B,WriteOperation(y,+,1))[2019-04-09T22:17:27.738][ReplicaF] -- Update with key y, value = 1
WriteLogItem(1554848208854,B,WriteOperation(y,+,1))[2019-04-09T22:17:27.738][ReplicaF] -- Update with key y, value = 1
WriteLogItem(1554848246429,B,WriteOperation(y,+,1))[2019-04-09T22:17:27.738][ReplicaF] -- Update with key y, value = 1

[2019-04-09T22:17:41.419][ReplicaF] Accept WriteLog
WriteLogItem(1554848256116,D,WriteOperation(x,+,1))[2019-04-09T22:17:41.419][ReplicaF] -- Update with key x, value = 1

[2019-04-09T22:17:51.759][ReplicaF] Accept WriteLog
WriteLogItem(1554848250091,B,WriteOperation(x,+,1))[2019-04-09T22:17:51.759][ReplicaF] -- Update with key x, value = 1
WriteLogItem(1554848269777,B,WriteOperation(x,+,1))[2019-04-09T22:17:51.759][ReplicaF] -- Update with key x, value = 1

[2019-04-09T22:18:11.077][ReplicaF] Accept WriteLog
WriteLogItem(1554848243196,C,WriteOperation(x,+,1))[2019-04-09T22:18:11.078][ReplicaF] -- Update with key x, value = 1
WriteLogItem(1554848267385,C,WriteOperation(x,+,1))[2019-04-09T22:18:11.078][ReplicaF] -- Update with key x, value = 1
WriteLogItem(1554848284485,C,WriteOperation(x,+,1))[2019-04-09T22:18:11.078][ReplicaF] -- Update with key x, value = 1

[2019-04-09T22:18:46.825][ReplicaF] Accept WriteLog
WriteLogItem(1554848005426,D,WriteOperation(z,+,1))[2019-04-09T22:18:46.826][ReplicaF] -- Update with key z, value = 1
WriteLogItem(1554848321746,D,WriteOperation(z,+,1))[2019-04-09T22:18:46.826][ReplicaF] -- Update with key z, value = 1

[2019-04-09T22:19:08.647][ReplicaF] Accept WriteLog
WriteLogItem(1554848343559,D,WriteOperation(y,+,1))[2019-04-09T22:19:08.648][ReplicaF] -- Update with key y, value = 1

[2019-04-09T22:19:21.314][ReplicaF] Accept WriteLog
WriteLogItem(1554848357180,D,WriteOperation(z,+,1))[2019-04-09T22:19:21.314][ReplicaF] -- Update with key z, value = 1

[2019-04-09T22:19:31.543][ReplicaF] Accept WriteLog
WriteLogItem(1554848308119,D,WriteOperation(x,+,1))[2019-04-09T22:19:31.543][ReplicaF] -- Update with key x, value = 1
WriteLogItem(1554848367402,D,WriteOperation(x,+,1))[2019-04-09T22:19:31.543][ReplicaF] -- Update with key x, value = 1

[2019-04-09T22:19:37.908][ReplicaF] Accept WriteLog
WriteLogItem(1554848375906,A,WriteOperation(z,+,1))[2019-04-09T22:19:37.908][ReplicaF] -- Update with key z, value = 1

[2019-04-09T22:19:48.555][ReplicaF] Accept WriteLog
WriteLogItem(1554848384418,D,WriteOperation(x,+,1))[2019-04-09T22:19:48.555][ReplicaF] -- Update with key x, value = 1

[2019-04-09T22:20:00.008][ReplicaF] Accept WriteLog
WriteLogItem(1554848394696,C,WriteOperation(x,+,1))[2019-04-09T22:20:00.008][ReplicaF] -- Update with key x, value = 1

[2019-04-09T22:20:04.382][ReplicaF] Accept WriteLog
WriteLogItem(1554848300208,B,WriteOperation(x,+,1))[2019-04-09T22:20:04.382][ReplicaF] -- Update with key x, value = 1
WriteLogItem(1554848337858,B,WriteOperation(x,+,1))[2019-04-09T22:20:04.382][ReplicaF] -- Update with key x, value = 1
WriteLogItem(1554848401723,B,WriteOperation(x,+,1))[2019-04-09T22:20:04.382][ReplicaF] -- Update with key x, value = 1

[2019-04-09T22:20:29.640][ReplicaF] Accept WriteLog
WriteLogItem(1554847836487,C,WriteOperation(z,+,1))[2019-04-09T22:20:29.640][ReplicaF] -- Update with key z, value = 1
WriteLogItem(1554847843340,C,WriteOperation(z,+,1))[2019-04-09T22:20:29.640][ReplicaF] -- Update with key z, value = 1
WriteLogItem(1554847852804,C,WriteOperation(z,+,1))[2019-04-09T22:20:29.640][ReplicaF] -- Update with key z, value = 1
WriteLogItem(1554847879171,C,WriteOperation(z,+,1))[2019-04-09T22:20:29.640][ReplicaF] -- Update with key z, value = 1
WriteLogItem(1554847906199,C,WriteOperation(z,+,1))[2019-04-09T22:20:29.640][ReplicaF] -- Update with key z, value = 1
WriteLogItem(1554847996202,C,WriteOperation(z,+,1))[2019-04-09T22:20:29.641][ReplicaF] -- Update with key z, value = 1
WriteLogItem(1554848277595,C,WriteOperation(z,+,1))[2019-04-09T22:20:29.641][ReplicaF] -- Update with key z, value = 1
WriteLogItem(1554848297593,C,WriteOperation(z,+,1))[2019-04-09T22:20:29.641][ReplicaF] -- Update with key z, value = 1
WriteLogItem(1554848314887,C,WriteOperation(z,+,1))[2019-04-09T22:20:29.641][ReplicaF] -- Update with key z, value = 1
WriteLogItem(1554848424768,C,WriteOperation(z,+,1))[2019-04-09T22:20:29.641][ReplicaF] -- Update with key z, value = 1

[2019-04-09T22:20:37.359][ReplicaF] Accept WriteLog
WriteLogItem(1554848302478,B,WriteOperation(y,+,1))[2019-04-09T22:20:37.359][ReplicaF] -- Update with key y, value = 1
WriteLogItem(1554848435369,B,WriteOperation(y,+,1))[2019-04-09T22:20:37.359][ReplicaF] -- Update with key y, value = 1

[2019-04-09T22:20:50.158][ReplicaF] Accept WriteLog
WriteLogItem(1554848443205,D,WriteOperation(y,+,1))[2019-04-09T22:20:50.159][ReplicaF] -- Update with key y, value = 1

[2019-04-09T22:21:19.164][ReplicaF] Accept WriteLog
WriteLogItem(1554848417797,C,WriteOperation(x,+,1))[2019-04-09T22:21:19.164][ReplicaF] -- Update with key x, value = 1
WriteLogItem(1554848473853,C,WriteOperation(x,+,1))[2019-04-09T22:21:19.164][ReplicaF] -- Update with key x, value = 1

[2019-04-09T22:21:30.778][ReplicaF] Accept WriteLog
WriteLogItem(1554848204431,A,WriteOperation(x,+,1))[2019-04-09T22:21:30.782][ReplicaF] -- Update with key x, value = 1
WriteLogItem(1554848433407,A,WriteOperation(x,+,1))[2019-04-09T22:21:30.782][ReplicaF] -- Update with key x, value = 1
WriteLogItem(1554848488785,A,WriteOperation(x,+,1))[2019-04-09T22:21:30.782][ReplicaF] -- Update with key x, value = 1

[2019-04-09T22:21:41.285][ReplicaF] Accept WriteLog
WriteLogItem(1554848494333,A,WriteOperation(x,+,1))[2019-04-09T22:21:41.285][ReplicaF] -- Update with key x, value = 1
WriteLogItem(1554848496588,A,WriteOperation(x,+,1))[2019-04-09T22:21:41.285][ReplicaF] -- Update with key x, value = 1
WriteLogItem(1554848498615,A,WriteOperation(x,+,1))[2019-04-09T22:21:41.285][ReplicaF] -- Update with key x, value = 1

[2019-04-09T22:21:44.663][ReplicaF] Accept WriteLog
WriteLogItem(1554848503355,A,WriteOperation(z,+,1))[2019-04-09T22:21:44.663][ReplicaF] -- Update with key z, value = 1

[2019-04-09T22:21:56.234][ReplicaF] Accept WriteLog
WriteLogItem(1554848510909,D,WriteOperation(y,+,1))[2019-04-09T22:21:56.234][ReplicaF] -- Update with key y, value = 1

[2019-04-09T22:21:59.523][ReplicaF] Accept WriteLog
WriteLogItem(1554847937440,A,WriteOperation(y,+,1))[2019-04-09T22:21:59.523][ReplicaF] -- Update with key y, value = 1
WriteLogItem(1554848052154,A,WriteOperation(y,+,1))[2019-04-09T22:21:59.523][ReplicaF] -- Update with key y, value = 1
WriteLogItem(1554848465467,A,WriteOperation(y,+,1))[2019-04-09T22:21:59.523][ReplicaF] -- Update with key y, value = 1
WriteLogItem(1554848467751,A,WriteOperation(y,+,1))[2019-04-09T22:21:59.523][ReplicaF] -- Update with key y, value = 1
WriteLogItem(1554848518208,A,WriteOperation(y,+,1))[2019-04-09T22:21:59.523][ReplicaF] -- Update with key y, value = 1

[2019-04-09T22:22:15.327][ReplicaF] Accept WriteLog
WriteLogItem(1554848530010,C,WriteOperation(z,+,1))[2019-04-09T22:22:15.327][ReplicaF] -- Update with key z, value = 1

[2019-04-09T22:22:18.778][ReplicaF] Accept WriteLog
WriteLogItem(1554848537463,A,WriteOperation(x,+,1))[2019-04-09T22:22:18.778][ReplicaF] -- Update with key x, value = 1

[2019-04-09T22:22:50.218][ReplicaF] Read key = x
[2019-04-09T22:22:51.737][ReplicaF] Read key = y
[2019-04-09T22:22:53.277][ReplicaF] Read key = z
[2019-04-09T22:23:04.319][ReplicaF] Accept WriteLog
WriteLogItem(1554848579015,D,WriteOperation(y,+,1))[2019-04-09T22:23:04.319][ReplicaF] -- Update with key y, value = 1

[2019-04-09T22:23:08.859][ReplicaF] Accept WriteLog
WriteLogItem(1554848586879,A,WriteOperation(x,+,1))[2019-04-09T22:23:08.859][ReplicaF] -- Update with key x, value = 1

[2019-04-09T22:23:22.088][ReplicaF] Accept WriteLog
WriteLogItem(1554848595144,C,WriteOperation(x,+,1))[2019-04-09T22:23:22.088][ReplicaF] -- Update with key x, value = 1

[2019-04-09T22:23:26.079][ReplicaF] Accept WriteLog
WriteLogItem(1554848604095,A,WriteOperation(x,+,1))[2019-04-09T22:23:26.079][ReplicaF] -- Update with key x, value = 1

[2019-04-09T22:23:37.771][ReplicaF] Accept WriteLog
WriteLogItem(1554848612461,D,WriteOperation(y,+,1))[2019-04-09T22:23:37.771][ReplicaF] -- Update with key y, value = 1

[2019-04-09T22:23:50.495][ReplicaF] Accept WriteLog
WriteLogItem(1554848625887,C,WriteOperation(z,+,1))[2019-04-09T22:23:50.495][ReplicaF] -- Update with key z, value = 1

[2019-04-09T22:24:15.633][ReplicaF] Accept WriteLog
WriteLogItem(1554848650762,C,WriteOperation(z,+,1))[2019-04-09T22:24:15.634][ReplicaF] -- Update with key z, value = 1

[2019-04-09T22:24:19.675][ReplicaF] Accept WriteLog
WriteLogItem(1554848657692,A,WriteOperation(z,+,1))[2019-04-09T22:24:19.676][ReplicaF] -- Update with key z, value = 1

[2019-04-09T22:24:23.172][ReplicaF] Accept WriteLog
WriteLogItem(1554848541084,A,WriteOperation(y,+,1))[2019-04-09T22:24:23.173][ReplicaF] -- Update with key y, value = 1
WriteLogItem(1554848661864,A,WriteOperation(y,+,1))[2019-04-09T22:24:23.173][ReplicaF] -- Update with key y, value = 1

[2019-04-09T22:24:30.188][ReplicaF] Accept WriteLog
WriteLogItem(1554848667517,A,WriteOperation(x,+,1))[2019-04-09T22:24:30.188][ReplicaF] -- Update with key x, value = 1

[2019-04-09T22:24:40.473][ReplicaF] Accept WriteLog
WriteLogItem(1554848679157,A,WriteOperation(z,+,1))[2019-04-09T22:24:40.474][ReplicaF] -- Update with key z, value = 1

[2019-04-09T22:24:51.248][ReplicaF] Accept WriteLog
WriteLogItem(1554848686179,D,WriteOperation(y,+,1))[2019-04-09T22:24:51.248][ReplicaF] -- Update with key y, value = 1

[2019-04-09T22:25:03.256][ReplicaF] Accept WriteLog
WriteLogItem(1554848697946,C,WriteOperation(z,+,1))[2019-04-09T22:25:03.257][ReplicaF] -- Update with key z, value = 1

[2019-04-09T22:25:06.324][ReplicaF] Accept WriteLog
WriteLogItem(1554848492373,B,WriteOperation(x,+,1))[2019-04-09T22:25:06.324][ReplicaF] -- Update with key x, value = 1
WriteLogItem(1554848523891,B,WriteOperation(x,+,1))[2019-04-09T22:25:06.324][ReplicaF] -- Update with key x, value = 1
WriteLogItem(1554848705024,B,WriteOperation(x,+,1))[2019-04-09T22:25:06.324][ReplicaF] -- Update with key x, value = 1

[2019-04-09T22:25:12.196][ReplicaF] Accept WriteLog
WriteLogItem(1554848710211,A,WriteOperation(y,+,1))[2019-04-09T22:25:12.196][ReplicaF] -- Update with key y, value = 1

[2019-04-09T22:25:30.803][ReplicaF] Accept WriteLog
WriteLogItem(1554848728826,A,WriteOperation(y,+,1))[2019-04-09T22:25:30.803][ReplicaF] -- Update with key y, value = 1

[2019-04-09T22:25:41.685][ReplicaF] Accept WriteLog
WriteLogItem(1554848135296,C,WriteOperation(y,+,1))[2019-04-09T22:25:41.686][ReplicaF] -- Update with key y, value = 1
WriteLogItem(1554848158861,C,WriteOperation(y,+,1))[2019-04-09T22:25:41.686][ReplicaF] -- Update with key y, value = 1
WriteLogItem(1554848335245,C,WriteOperation(y,+,1))[2019-04-09T22:25:41.686][ReplicaF] -- Update with key y, value = 1
WriteLogItem(1554848643625,C,WriteOperation(y,+,1))[2019-04-09T22:25:41.686][ReplicaF] -- Update with key y, value = 1
WriteLogItem(1554848736571,C,WriteOperation(y,+,1))[2019-04-09T22:25:41.686][ReplicaF] -- Update with key y, value = 1

[2019-04-09T22:25:52.253][ReplicaF] Accept WriteLog
WriteLogItem(1554848718536,C,WriteOperation(x,+,1))[2019-04-09T22:25:52.254][ReplicaF] -- Update with key x, value = 1
WriteLogItem(1554848748555,C,WriteOperation(x,+,1))[2019-04-09T22:25:52.254][ReplicaF] -- Update with key x, value = 1

[2019-04-09T22:26:05.075][ReplicaF] Accept WriteLog
WriteLogItem(1554848763094,B,WriteOperation(x,+,1))[2019-04-09T22:26:05.075][ReplicaF] -- Update with key x, value = 1

[2019-04-09T22:26:08.912][ReplicaF] Accept WriteLog
WriteLogItem(1554848128651,B,WriteOperation(z,+,1))[2019-04-09T22:26:08.912][ReplicaF] -- Update with key z, value = 1
WriteLogItem(1554848145196,B,WriteOperation(z,+,1))[2019-04-09T22:26:08.912][ReplicaF] -- Update with key z, value = 1
WriteLogItem(1554848172447,B,WriteOperation(z,+,1))[2019-04-09T22:26:08.912][ReplicaF] -- Update with key z, value = 1
WriteLogItem(1554848206776,B,WriteOperation(z,+,1))[2019-04-09T22:26:08.912][ReplicaF] -- Update with key z, value = 1
WriteLogItem(1554848237548,B,WriteOperation(z,+,1))[2019-04-09T22:26:08.912][ReplicaF] -- Update with key z, value = 1
WriteLogItem(1554848328658,B,WriteOperation(z,+,1))[2019-04-09T22:26:08.913][ReplicaF] -- Update with key z, value = 1
WriteLogItem(1554848350808,B,WriteOperation(z,+,1))[2019-04-09T22:26:08.913][ReplicaF] -- Update with key z, value = 1
WriteLogItem(1554848374001,B,WriteOperation(z,+,1))[2019-04-09T22:26:08.913][ReplicaF] -- Update with key z, value = 1
WriteLogItem(1554848431493,B,WriteOperation(z,+,1))[2019-04-09T22:26:08.913][ReplicaF] -- Update with key z, value = 1
WriteLogItem(1554848767375,B,WriteOperation(z,+,1))[2019-04-09T22:26:08.913][ReplicaF] -- Update with key z, value = 1

[2019-04-09T22:26:27.390][ReplicaF] Accept WriteLog
WriteLogItem(1554848784932,B,WriteOperation(x,+,1))[2019-04-09T22:26:27.391][ReplicaF] -- Update with key x, value = 1

[2019-04-09T22:26:39.041][ReplicaF] Accept WriteLog
WriteLogItem(1554848754262,A,WriteOperation(y,+,1))[2019-04-09T22:26:39.041][ReplicaF] -- Update with key y, value = 1
WriteLogItem(1554848791984,A,WriteOperation(y,+,1))[2019-04-09T22:26:39.041][ReplicaF] -- Update with key y, value = 1
WriteLogItem(1554848793435,A,WriteOperation(y,+,1))[2019-04-09T22:26:39.041][ReplicaF] -- Update with key y, value = 1
WriteLogItem(1554848795145,A,WriteOperation(y,+,1))[2019-04-09T22:26:39.041][ReplicaF] -- Update with key y, value = 1
WriteLogItem(1554848797056,A,WriteOperation(y,+,1))[2019-04-09T22:26:39.041][ReplicaF] -- Update with key y, value = 1

[2019-04-09T22:26:50.681][ReplicaF] Accept WriteLog
WriteLogItem(1554848805369,C,WriteOperation(x,+,1))[2019-04-09T22:26:50.682][ReplicaF] -- Update with key x, value = 1

[2019-04-09T22:27:16.206][ReplicaF] Accept WriteLog
WriteLogItem(1554848830402,C,WriteOperation(x,+,1))[2019-04-09T22:27:16.206][ReplicaF] -- Update with key x, value = 1

[2019-04-09T22:27:29.330][ReplicaF] Accept WriteLog
WriteLogItem(1554848847343,A,WriteOperation(z,+,1))[2019-04-09T22:27:29.331][ReplicaF] -- Update with key z, value = 1

[2019-04-09T22:27:32.962][ReplicaF] Accept WriteLog
WriteLogItem(1554848851659,A,WriteOperation(z,+,1))[2019-04-09T22:27:32.962][ReplicaF] -- Update with key z, value = 1

[2019-04-09T22:27:43.884][ReplicaF] Accept WriteLog
WriteLogItem(1554848859289,C,WriteOperation(x,+,1))[2019-04-09T22:27:43.884][ReplicaF] -- Update with key x, value = 1

[2019-04-09T22:27:56.350][ReplicaF] Accept WriteLog
WriteLogItem(1554848869844,D,WriteOperation(y,+,1))[2019-04-09T22:27:56.351][ReplicaF] -- Update with key y, value = 1

[2019-04-09T22:28:06.310][ReplicaF] Accept WriteLog
WriteLogItem(1554848410746,D,WriteOperation(x,+,1))[2019-04-09T22:28:06.310][ReplicaF] -- Update with key x, value = 1
WriteLogItem(1554848725919,D,WriteOperation(x,+,1))[2019-04-09T22:28:06.310][ReplicaF] -- Update with key x, value = 1
WriteLogItem(1554848882603,D,WriteOperation(x,+,1))[2019-04-09T22:28:06.310][ReplicaF] -- Update with key x, value = 1

[2019-04-09T22:28:18.071][ReplicaF] Accept WriteLog
WriteLogItem(1554848894383,D,WriteOperation(y,+,1))[2019-04-09T22:28:18.071][ReplicaF] -- Update with key y, value = 1

[2019-04-09T22:28:38.210][ReplicaF] Accept WriteLog
WriteLogItem(1554848912905,C,WriteOperation(y,+,1))[2019-04-09T22:28:38.210][ReplicaF] -- Update with key y, value = 1

[2019-04-09T22:28:49.854][ReplicaF] Accept WriteLog
WriteLogItem(1554848924778,D,WriteOperation(y,+,1))[2019-04-09T22:28:49.855][ReplicaF] -- Update with key y, value = 1

[2019-04-09T22:29:01.007][ReplicaF] Accept WriteLog
WriteLogItem(1554848522036,B,WriteOperation(y,+,1))[2019-04-09T22:29:01.007][ReplicaF] -- Update with key y, value = 1
WriteLogItem(1554848619559,B,WriteOperation(y,+,1))[2019-04-09T22:29:01.007][ReplicaF] -- Update with key y, value = 1
WriteLogItem(1554848665448,B,WriteOperation(y,+,1))[2019-04-09T22:29:01.007][ReplicaF] -- Update with key y, value = 1
WriteLogItem(1554848789869,B,WriteOperation(y,+,1))[2019-04-09T22:29:01.007][ReplicaF] -- Update with key y, value = 1
WriteLogItem(1554848939019,B,WriteOperation(y,+,1))[2019-04-09T22:29:01.007][ReplicaF] -- Update with key y, value = 1

[2019-04-09T22:29:13.114][ReplicaF] Accept WriteLog
WriteLogItem(1554848950453,A,WriteOperation(z,+,1))[2019-04-09T22:29:13.114][ReplicaF] -- Update with key z, value = 1

[2019-04-09T22:29:33.940][ReplicaF] Accept WriteLog
WriteLogItem(1554848968611,C,WriteOperation(x,+,1))[2019-04-09T22:29:33.940][ReplicaF] -- Update with key x, value = 1

[2019-04-09T22:29:37.607][ReplicaF] Accept WriteLog
WriteLogItem(1554848708657,A,WriteOperation(x,+,1))[2019-04-09T22:29:37.607][ReplicaF] -- Update with key x, value = 1
WriteLogItem(1554848907035,A,WriteOperation(x,+,1))[2019-04-09T22:29:37.607][ReplicaF] -- Update with key x, value = 1
WriteLogItem(1554848976301,A,WriteOperation(x,+,1))[2019-04-09T22:29:37.607][ReplicaF] -- Update with key x, value = 1

[2019-04-09T22:29:41.766][ReplicaF] Accept WriteLog
WriteLogItem(1554848979793,B,WriteOperation(z,+,1))[2019-04-09T22:29:41.766][ReplicaF] -- Update with key z, value = 1

[2019-04-09T22:29:54.641][ReplicaF] Accept WriteLog
WriteLogItem(1554848456177,D,WriteOperation(z,+,1))[2019-04-09T22:29:54.642][ReplicaF] -- Update with key z, value = 1
WriteLogItem(1554848462848,D,WriteOperation(z,+,1))[2019-04-09T22:29:54.642][ReplicaF] -- Update with key z, value = 1
WriteLogItem(1554848485704,D,WriteOperation(z,+,1))[2019-04-09T22:29:54.642][ReplicaF] -- Update with key z, value = 1
WriteLogItem(1554848636914,D,WriteOperation(z,+,1))[2019-04-09T22:29:54.642][ReplicaF] -- Update with key z, value = 1
WriteLogItem(1554848676041,D,WriteOperation(z,+,1))[2019-04-09T22:29:54.642][ReplicaF] -- Update with key z, value = 1
WriteLogItem(1554848760522,D,WriteOperation(z,+,1))[2019-04-09T22:29:54.642][ReplicaF] -- Update with key z, value = 1
WriteLogItem(1554848775596,D,WriteOperation(z,+,1))[2019-04-09T22:29:54.642][ReplicaF] -- Update with key z, value = 1
WriteLogItem(1554848782468,D,WriteOperation(z,+,1))[2019-04-09T22:29:54.642][ReplicaF] -- Update with key z, value = 1
WriteLogItem(1554848823555,D,WriteOperation(z,+,1))[2019-04-09T22:29:54.642][ReplicaF] -- Update with key z, value = 1
WriteLogItem(1554848989090,D,WriteOperation(z,+,1))[2019-04-09T22:29:54.642][ReplicaF] -- Update with key z, value = 1

[2019-04-09T22:30:06.996][ReplicaF] Accept WriteLog
WriteLogItem(1554848903804,D,WriteOperation(x,+,1))[2019-04-09T22:30:06.996][ReplicaF] -- Update with key x, value = 1
WriteLogItem(1554848947628,D,WriteOperation(x,+,1))[2019-04-09T22:30:06.996][ReplicaF] -- Update with key x, value = 1
WriteLogItem(1554849002618,D,WriteOperation(x,+,1))[2019-04-09T22:30:06.996][ReplicaF] -- Update with key x, value = 1

[2019-04-09T22:30:26.825][ReplicaF] Accept WriteLog
WriteLogItem(1554849021251,D,WriteOperation(y,+,1))[2019-04-09T22:30:26.825][ReplicaF] -- Update with key y, value = 1

[2019-04-09T22:31:19.276][ReplicaF] Read key = x
[2019-04-09T22:31:20.812][ReplicaF] Read key = y
[2019-04-09T22:31:22.344][ReplicaF] Read key = z
[2019-04-09T22:31:50.937][ReplicaF] Accept WriteLog
WriteLogItem(1554849104700,D,WriteOperation(x,+,1))[2019-04-09T22:31:50.938][ReplicaF] -- Update with key x, value = 1

[2019-04-09T22:32:12.864][ReplicaF] Accept WriteLog
WriteLogItem(1554849013454,C,WriteOperation(y,+,1))[2019-04-09T22:32:12.864][ReplicaF] -- Update with key y, value = 1
WriteLogItem(1554849127543,C,WriteOperation(y,+,1))[2019-04-09T22:32:12.864][ReplicaF] -- Update with key y, value = 1

[2019-04-09T22:32:19.262][ReplicaF] Accept WriteLog
WriteLogItem(1554848838280,A,WriteOperation(y,+,1))[2019-04-09T22:32:19.262][ReplicaF] -- Update with key y, value = 1
WriteLogItem(1554848888151,A,WriteOperation(y,+,1))[2019-04-09T22:32:19.262][ReplicaF] -- Update with key y, value = 1
WriteLogItem(1554848955074,A,WriteOperation(y,+,1))[2019-04-09T22:32:19.262][ReplicaF] -- Update with key y, value = 1
WriteLogItem(1554849114100,A,WriteOperation(y,+,1))[2019-04-09T22:32:19.262][ReplicaF] -- Update with key y, value = 1
WriteLogItem(1554849137277,A,WriteOperation(y,+,1))[2019-04-09T22:32:19.262][ReplicaF] -- Update with key y, value = 1

[2019-04-09T22:32:25.293][ReplicaF] Accept WriteLog
WriteLogItem(1554849045533,A,WriteOperation(x,+,1))[2019-04-09T22:32:25.293][ReplicaF] -- Update with key x, value = 1
WriteLogItem(1554849143987,A,WriteOperation(x,+,1))[2019-04-09T22:32:25.293][ReplicaF] -- Update with key x, value = 1

[2019-04-09T22:32:36.200][ReplicaF] Accept WriteLog
WriteLogItem(1554849154216,B,WriteOperation(z,+,1))[2019-04-09T22:32:36.200][ReplicaF] -- Update with key z, value = 1

[2019-04-09T22:32:57.130][ReplicaF] Accept WriteLog
WriteLogItem(1554849169957,C,WriteOperation(y,+,1))[2019-04-09T22:32:57.130][ReplicaF] -- Update with key y, value = 1

[2019-04-09T22:33:09.003][ReplicaF] Accept WriteLog
WriteLogItem(1554849187025,A,WriteOperation(y,+,1))[2019-04-09T22:33:09.003][ReplicaF] -- Update with key y, value = 1

[2019-04-09T22:33:20.667][ReplicaF] Accept WriteLog
WriteLogItem(1554848996455,B,WriteOperation(y,+,1))[2019-04-09T22:33:20.668][ReplicaF] -- Update with key y, value = 1
WriteLogItem(1554849049588,B,WriteOperation(y,+,1))[2019-04-09T22:33:20.668][ReplicaF] -- Update with key y, value = 1
WriteLogItem(1554849134939,B,WriteOperation(y,+,1))[2019-04-09T22:33:20.668][ReplicaF] -- Update with key y, value = 1
WriteLogItem(1554849141537,B,WriteOperation(y,+,1))[2019-04-09T22:33:20.668][ReplicaF] -- Update with key y, value = 1
WriteLogItem(1554849197989,B,WriteOperation(y,+,1))[2019-04-09T22:33:20.669][ReplicaF] -- Update with key y, value = 1

[2019-04-09T22:33:31.788][ReplicaF] Accept WriteLog
WriteLogItem(1554849087996,C,WriteOperation(x,+,1))[2019-04-09T22:33:31.788][ReplicaF] -- Update with key x, value = 1
WriteLogItem(1554849194899,C,WriteOperation(x,+,1))[2019-04-09T22:33:31.789][ReplicaF] -- Update with key x, value = 1
WriteLogItem(1554849206486,C,WriteOperation(x,+,1))[2019-04-09T22:33:31.789][ReplicaF] -- Update with key x, value = 1

[2019-04-09T22:34:17.421][ReplicaF] Accept WriteLog
WriteLogItem(1554849254762,A,WriteOperation(x,+,1))[2019-04-09T22:34:17.422][ReplicaF] -- Update with key x, value = 1

[2019-04-09T22:34:28.787][ReplicaF] Accept WriteLog
WriteLogItem(1554849218041,C,WriteOperation(y,+,1))[2019-04-09T22:34:28.787][ReplicaF] -- Update with key y, value = 1
WriteLogItem(1554849263242,C,WriteOperation(y,+,1))[2019-04-09T22:34:28.787][ReplicaF] -- Update with key y, value = 1

[2019-04-09T22:34:39.770][ReplicaF] Accept WriteLog
WriteLogItem(1554849275401,C,WriteOperation(x,+,1))[2019-04-09T22:34:39.770][ReplicaF] -- Update with key x, value = 1

[2019-04-09T22:34:52.096][ReplicaF] Accept WriteLog
WriteLogItem(1554849290117,B,WriteOperation(z,+,1))[2019-04-09T22:34:52.096][ReplicaF] -- Update with key z, value = 1

[2019-04-09T22:34:56.336][ReplicaF] Accept WriteLog
WriteLogItem(1554849043592,A,WriteOperation(z,+,1))[2019-04-09T22:34:56.336][ReplicaF] -- Update with key z, value = 1
WriteLogItem(1554849091122,A,WriteOperation(z,+,1))[2019-04-09T22:34:56.336][ReplicaF] -- Update with key z, value = 1
WriteLogItem(1554849294347,A,WriteOperation(z,+,1))[2019-04-09T22:34:56.337][ReplicaF] -- Update with key z, value = 1

[2019-04-09T22:34:59.417][ReplicaF] Accept WriteLog
WriteLogItem(1554849298100,A,WriteOperation(z,+,1))[2019-04-09T22:34:59.418][ReplicaF] -- Update with key z, value = 1

[2019-04-09T22:35:02.635][ReplicaF] Accept WriteLog
WriteLogItem(1554849047472,B,WriteOperation(x,+,1))[2019-04-09T22:35:02.635][ReplicaF] -- Update with key x, value = 1
WriteLogItem(1554849112532,B,WriteOperation(x,+,1))[2019-04-09T22:35:02.636][ReplicaF] -- Update with key x, value = 1
WriteLogItem(1554849301323,B,WriteOperation(x,+,1))[2019-04-09T22:35:02.636][ReplicaF] -- Update with key x, value = 1

[2019-04-09T22:35:08.011][ReplicaF] Accept WriteLog
WriteLogItem(1554849306709,B,WriteOperation(y,+,1))[2019-04-09T22:35:08.011][ReplicaF] -- Update with key y, value = 1

[2019-04-09T22:35:19.651][ReplicaF] Accept WriteLog
WriteLogItem(1554849314109,C,WriteOperation(y,+,1))[2019-04-09T22:35:19.651][ReplicaF] -- Update with key y, value = 1

[2019-04-09T22:35:30.125][ReplicaF] Accept WriteLog
WriteLogItem(1554849325762,C,WriteOperation(x,+,1))[2019-04-09T22:35:30.125][ReplicaF] -- Update with key x, value = 1

[2019-04-09T22:35:40.748][ReplicaF] Accept WriteLog
WriteLogItem(1554849336835,C,WriteOperation(x,+,1))[2019-04-09T22:35:40.748][ReplicaF] -- Update with key x, value = 1

[2019-04-09T22:35:53.308][ReplicaF] Accept WriteLog
WriteLogItem(1554849346583,C,WriteOperation(y,+,1))[2019-04-09T22:35:53.309][ReplicaF] -- Update with key y, value = 1

[2019-04-09T22:36:11.634][ReplicaF] Accept WriteLog
WriteLogItem(1554848816770,C,WriteOperation(z,+,1))[2019-04-09T22:36:11.634][ReplicaF] -- Update with key z, value = 1
WriteLogItem(1554848844325,C,WriteOperation(z,+,1))[2019-04-09T22:36:11.634][ReplicaF] -- Update with key z, value = 1
WriteLogItem(1554848936158,C,WriteOperation(z,+,1))[2019-04-09T22:36:11.634][ReplicaF] -- Update with key z, value = 1
WriteLogItem(1554848961658,C,WriteOperation(z,+,1))[2019-04-09T22:36:11.634][ReplicaF] -- Update with key z, value = 1
WriteLogItem(1554849033525,C,WriteOperation(z,+,1))[2019-04-09T22:36:11.634][ReplicaF] -- Update with key z, value = 1
WriteLogItem(1554849097049,C,WriteOperation(z,+,1))[2019-04-09T22:36:11.634][ReplicaF] -- Update with key z, value = 1
WriteLogItem(1554849120251,C,WriteOperation(z,+,1))[2019-04-09T22:36:11.634][ReplicaF] -- Update with key z, value = 1
WriteLogItem(1554849232683,C,WriteOperation(z,+,1))[2019-04-09T22:36:11.634][ReplicaF] -- Update with key z, value = 1
WriteLogItem(1554849241929,C,WriteOperation(z,+,1))[2019-04-09T22:36:11.634][ReplicaF] -- Update with key z, value = 1
WriteLogItem(1554849367259,C,WriteOperation(z,+,1))[2019-04-09T22:36:11.634][ReplicaF] -- Update with key z, value = 1

[2019-04-09T22:36:23.285][ReplicaF] Accept WriteLog
WriteLogItem(1554849381308,B,WriteOperation(y,+,1))[2019-04-09T22:36:23.285][ReplicaF] -- Update with key y, value = 1

[2019-04-09T22:36:33.562][ReplicaF] Accept WriteLog
WriteLogItem(1554849389193,C,WriteOperation(x,+,1))[2019-04-09T22:36:33.562][ReplicaF] -- Update with key x, value = 1

[2019-04-09T22:36:37.767][ReplicaF] Accept WriteLog
WriteLogItem(1554849395779,A,WriteOperation(x,+,1))[2019-04-09T22:36:37.767][ReplicaF] -- Update with key x, value = 1

[2019-04-09T22:36:48.372][ReplicaF] Accept WriteLog
WriteLogItem(1554849404000,C,WriteOperation(x,+,1))[2019-04-09T22:36:48.372][ReplicaF] -- Update with key x, value = 1

[2019-04-09T22:37:09.713][ReplicaF] Accept WriteLog
WriteLogItem(1554849151172,D,WriteOperation(y,+,1))[2019-04-09T22:37:09.713][ReplicaF] -- Update with key y, value = 1
WriteLogItem(1554849183664,D,WriteOperation(y,+,1))[2019-04-09T22:37:09.713][ReplicaF] -- Update with key y, value = 1
WriteLogItem(1554849224907,D,WriteOperation(y,+,1))[2019-04-09T22:37:09.713][ReplicaF] -- Update with key y, value = 1
WriteLogItem(1554849377981,D,WriteOperation(y,+,1))[2019-04-09T22:37:09.713][ReplicaF] -- Update with key y, value = 1
WriteLogItem(1554849424405,D,WriteOperation(y,+,1))[2019-04-09T22:37:09.713][ReplicaF] -- Update with key y, value = 1

[2019-04-09T22:37:37.866][ReplicaF] Accept WriteLog
WriteLogItem(1554849455881,A,WriteOperation(x,+,1))[2019-04-09T22:37:37.866][ReplicaF] -- Update with key x, value = 1

[2019-04-09T22:38:00.327][ReplicaF] Accept WriteLog
WriteLogItem(1554849446976,B,WriteOperation(y,+,1))[2019-04-09T22:38:00.328][ReplicaF] -- Update with key y, value = 1
WriteLogItem(1554849459501,B,WriteOperation(y,+,1))[2019-04-09T22:38:00.328][ReplicaF] -- Update with key y, value = 1
WriteLogItem(1554849478346,B,WriteOperation(y,+,1))[2019-04-09T22:38:00.328][ReplicaF] -- Update with key y, value = 1

[2019-04-09T22:38:22.737][ReplicaF] Accept WriteLog
WriteLogItem(1554849500649,A,WriteOperation(x,+,1))[2019-04-09T22:38:22.737][ReplicaF] -- Update with key x, value = 1

[2019-04-09T22:38:45.132][ReplicaF] Accept WriteLog
WriteLogItem(1554849518183,D,WriteOperation(y,+,1))[2019-04-09T22:38:45.134][ReplicaF] -- Update with key y, value = 1

[2019-04-09T22:38:49.701][ReplicaF] Accept WriteLog
WriteLogItem(1554849527027,B,WriteOperation(y,+,1))[2019-04-09T22:38:49.701][ReplicaF] -- Update with key y, value = 1

[2019-04-09T22:38:59.645][ReplicaF] Accept WriteLog
WriteLogItem(1554849304486,B,WriteOperation(x,+,1))[2019-04-09T22:38:59.645][ReplicaF] -- Update with key x, value = 1
WriteLogItem(1554849489094,B,WriteOperation(x,+,1))[2019-04-09T22:38:59.645][ReplicaF] -- Update with key x, value = 1
WriteLogItem(1554849538334,B,WriteOperation(x,+,1))[2019-04-09T22:38:59.645][ReplicaF] -- Update with key x, value = 1

[2019-04-09T22:39:05.366][ReplicaF] Accept WriteLog
WriteLogItem(1554849418083,A,WriteOperation(z,+,1))[2019-04-09T22:39:05.366][ReplicaF] -- Update with key z, value = 1
WriteLogItem(1554849476567,A,WriteOperation(z,+,1))[2019-04-09T22:39:05.367][ReplicaF] -- Update with key z, value = 1
WriteLogItem(1554849511533,A,WriteOperation(z,+,1))[2019-04-09T22:39:05.367][ReplicaF] -- Update with key z, value = 1
WriteLogItem(1554849542913,A,WriteOperation(z,+,1))[2019-04-09T22:39:05.367][ReplicaF] -- Update with key z, value = 1

[2019-04-09T22:39:34.672][ReplicaF] Read key = x
[2019-04-09T22:39:36.197][ReplicaF] Read key = y
[2019-04-09T22:39:37.722][ReplicaF] Read key = z
/home/sven/.sdkman/candidates/scala/current/bin/scala: line 21: 21805 Killed                  "$@"
