[2019-04-09T21:59:05.255][ReplicaE] Starting ReplicaE
[2019-04-09T21:59:05.257][ReplicaE] => Looking for ECG history
[2019-04-09T21:59:06.328][ReplicaE] => Binding TACT Replica to RMI
[2019-04-09T21:59:06.785][ReplicaE] Replica started on rmi://10.156.0.2/ReplicaE
--------------------------------------------------------------------------------------------

[2019-04-09T22:00:26.278][ReplicaE] Accept WriteLog
WriteLogItem(1554847193322,A,WriteOperation(y,+,1))[2019-04-09T22:00:26.283][ReplicaE] -- Update with key y, value = 1
WriteLogItem(1554847223915,A,WriteOperation(y,+,1))[2019-04-09T22:00:26.284][ReplicaE] -- Update with key y, value = 1

[2019-04-09T22:00:46.283][ReplicaE] Accept WriteLog
WriteLogItem(1554847183471,C,WriteOperation(x,+,1))[2019-04-09T22:00:46.283][ReplicaE] -- Update with key x, value = 1
WriteLogItem(1554847233258,C,WriteOperation(x,+,1))[2019-04-09T22:00:46.283][ReplicaE] -- Update with key x, value = 1
WriteLogItem(1554847240199,C,WriteOperation(x,+,1))[2019-04-09T22:00:46.284][ReplicaE] -- Update with key x, value = 1

[2019-04-09T22:01:04.695][ReplicaE] Accept WriteLog
WriteLogItem(1554847262994,A,WriteOperation(y,+,1))[2019-04-09T22:01:04.695][ReplicaE] -- Update with key y, value = 1

[2019-04-09T22:01:24.863][ReplicaE] Accept WriteLog
WriteLogItem(1554847280134,C,WriteOperation(y,+,1))[2019-04-09T22:01:24.864][ReplicaE] -- Update with key y, value = 1

[2019-04-09T22:01:35.680][ReplicaE] Accept WriteLog
WriteLogItem(1554847292008,C,WriteOperation(x,+,1))[2019-04-09T22:01:35.680][ReplicaE] -- Update with key x, value = 1

[2019-04-09T22:01:48.079][ReplicaE] Accept WriteLog
WriteLogItem(1554847304414,C,WriteOperation(x,+,1))[2019-04-09T22:01:48.079][ReplicaE] -- Update with key x, value = 1

[2019-04-09T22:02:05.176][ReplicaE] Accept WriteLog
WriteLogItem(1554847321508,C,WriteOperation(y,+,1))[2019-04-09T22:02:05.177][ReplicaE] -- Update with key y, value = 1

[2019-04-09T22:02:15.632][ReplicaE] Accept WriteLog
WriteLogItem(1554847331951,C,WriteOperation(x,+,1))[2019-04-09T22:02:15.633][ReplicaE] -- Update with key x, value = 1

[2019-04-09T22:02:20.783][ReplicaE] Accept WriteLog
WriteLogItem(1554847172830,B,WriteOperation(x,+,1))[2019-04-09T22:02:20.785][ReplicaE] -- Update with key x, value = 1
WriteLogItem(1554847338450,B,WriteOperation(x,+,1))[2019-04-09T22:02:20.785][ReplicaE] -- Update with key x, value = 1

[2019-04-09T22:02:38.385][ReplicaE] Accept WriteLog
WriteLogItem(1554847357261,B,WriteOperation(x,+,1))[2019-04-09T22:02:38.386][ReplicaE] -- Update with key x, value = 1

[2019-04-09T22:02:50.741][ReplicaE] Accept WriteLog
WriteLogItem(1554847153325,B,WriteOperation(y,+,1))[2019-04-09T22:02:50.741][ReplicaE] -- Update with key y, value = 1
WriteLogItem(1554847174468,B,WriteOperation(y,+,1))[2019-04-09T22:02:50.741][ReplicaE] -- Update with key y, value = 1
WriteLogItem(1554847248840,B,WriteOperation(y,+,1))[2019-04-09T22:02:50.741][ReplicaE] -- Update with key y, value = 1
WriteLogItem(1554847367394,B,WriteOperation(y,+,1))[2019-04-09T22:02:50.741][ReplicaE] -- Update with key y, value = 1
WriteLogItem(1554847369619,B,WriteOperation(y,+,1))[2019-04-09T22:02:50.741][ReplicaE] -- Update with key y, value = 1

[2019-04-09T22:03:12.561][ReplicaE] Accept WriteLog
WriteLogItem(1554847386563,C,WriteOperation(x,+,1))[2019-04-09T22:03:12.564][ReplicaE] -- Update with key x, value = 1

[2019-04-09T22:03:18.956][ReplicaE] Accept WriteLog
WriteLogItem(1554847176846,B,WriteOperation(z,+,1))[2019-04-09T22:03:18.957][ReplicaE] -- Update with key z, value = 1
WriteLogItem(1554847260623,B,WriteOperation(z,+,1))[2019-04-09T22:03:18.957][ReplicaE] -- Update with key z, value = 1
WriteLogItem(1554847397500,B,WriteOperation(z,+,1))[2019-04-09T22:03:18.957][ReplicaE] -- Update with key z, value = 1

[2019-04-09T22:03:22.195][ReplicaE] Accept WriteLog
WriteLogItem(1554847401085,B,WriteOperation(z,+,1))[2019-04-09T22:03:22.196][ReplicaE] -- Update with key z, value = 1

[2019-04-09T22:03:26.073][ReplicaE] Accept WriteLog
WriteLogItem(1554847404264,B,WriteOperation(z,+,1))[2019-04-09T22:03:26.074][ReplicaE] -- Update with key z, value = 1

[2019-04-09T22:03:39.398][ReplicaE] Accept WriteLog
WriteLogItem(1554847272982,D,WriteOperation(x,+,1))[2019-04-09T22:03:39.398][ReplicaE] -- Update with key x, value = 1
WriteLogItem(1554847364548,D,WriteOperation(x,+,1))[2019-04-09T22:03:39.399][ReplicaE] -- Update with key x, value = 1
WriteLogItem(1554847413097,D,WriteOperation(x,+,1))[2019-04-09T22:03:39.399][ReplicaE] -- Update with key x, value = 1

[2019-04-09T22:03:52.749][ReplicaE] Accept WriteLog
WriteLogItem(1554847267226,A,WriteOperation(x,+,1))[2019-04-09T22:03:52.749][ReplicaE] -- Update with key x, value = 1
WriteLogItem(1554847298619,A,WriteOperation(x,+,1))[2019-04-09T22:03:52.749][ReplicaE] -- Update with key x, value = 1
WriteLogItem(1554847431045,A,WriteOperation(x,+,1))[2019-04-09T22:03:52.749][ReplicaE] -- Update with key x, value = 1

[2019-04-09T22:03:58.866][ReplicaE] Accept WriteLog
WriteLogItem(1554847395353,B,WriteOperation(y,+,1))[2019-04-09T22:03:58.866][ReplicaE] -- Update with key y, value = 1
WriteLogItem(1554847437188,B,WriteOperation(y,+,1))[2019-04-09T22:03:58.866][ReplicaE] -- Update with key y, value = 1

[2019-04-09T22:04:09.726][ReplicaE] Accept WriteLog
WriteLogItem(1554847206311,D,WriteOperation(y,+,1))[2019-04-09T22:04:09.726][ReplicaE] -- Update with key y, value = 1
WriteLogItem(1554847213779,D,WriteOperation(y,+,1))[2019-04-09T22:04:09.726][ReplicaE] -- Update with key y, value = 1
WriteLogItem(1554847220727,D,WriteOperation(y,+,1))[2019-04-09T22:04:09.726][ReplicaE] -- Update with key y, value = 1
WriteLogItem(1554847426503,D,WriteOperation(y,+,1))[2019-04-09T22:04:09.726][ReplicaE] -- Update with key y, value = 1
WriteLogItem(1554847445239,D,WriteOperation(y,+,1))[2019-04-09T22:04:09.726][ReplicaE] -- Update with key y, value = 1

[2019-04-09T22:04:33.880][ReplicaE] Accept WriteLog
WriteLogItem(1554847435200,A,WriteOperation(x,+,1))[2019-04-09T22:04:33.880][ReplicaE] -- Update with key x, value = 1
WriteLogItem(1554847470398,A,WriteOperation(x,+,1))[2019-04-09T22:04:33.880][ReplicaE] -- Update with key x, value = 1
WriteLogItem(1554847472189,A,WriteOperation(x,+,1))[2019-04-09T22:04:33.880][ReplicaE] -- Update with key x, value = 1

[2019-04-09T22:04:45.523][ReplicaE] Accept WriteLog
WriteLogItem(1554847483263,A,WriteOperation(x,+,1))[2019-04-09T22:04:45.523][ReplicaE] -- Update with key x, value = 1

[2019-04-09T22:04:56.226][ReplicaE] Accept WriteLog
WriteLogItem(1554847491511,C,WriteOperation(x,+,1))[2019-04-09T22:04:56.227][ReplicaE] -- Update with key x, value = 1

[2019-04-09T22:04:59.667][ReplicaE] Accept WriteLog
WriteLogItem(1554847498561,A,WriteOperation(x,+,1))[2019-04-09T22:04:59.667][ReplicaE] -- Update with key x, value = 1

[2019-04-09T22:05:04.131][ReplicaE] Accept WriteLog
WriteLogItem(1554847429201,B,WriteOperation(x,+,1))[2019-04-09T22:05:04.131][ReplicaE] -- Update with key x, value = 1
WriteLogItem(1554847454722,B,WriteOperation(x,+,1))[2019-04-09T22:05:04.131][ReplicaE] -- Update with key x, value = 1
WriteLogItem(1554847502446,B,WriteOperation(x,+,1))[2019-04-09T22:05:04.131][ReplicaE] -- Update with key x, value = 1

[2019-04-09T22:05:17.732][ReplicaE] Accept WriteLog
WriteLogItem(1554847169909,D,WriteOperation(z,+,1))[2019-04-09T22:05:17.733][ReplicaE] -- Update with key z, value = 1
WriteLogItem(1554847190342,D,WriteOperation(z,+,1))[2019-04-09T22:05:17.733][ReplicaE] -- Update with key z, value = 1
WriteLogItem(1554847257337,D,WriteOperation(z,+,1))[2019-04-09T22:05:17.733][ReplicaE] -- Update with key z, value = 1
WriteLogItem(1554847513019,D,WriteOperation(z,+,1))[2019-04-09T22:05:17.733][ReplicaE] -- Update with key z, value = 1

[2019-04-09T22:06:04.096][ReplicaE] Accept WriteLog
WriteLogItem(1554847562423,B,WriteOperation(y,+,1))[2019-04-09T22:06:04.097][ReplicaE] -- Update with key y, value = 1

[2019-04-09T22:06:39.350][ReplicaE] Read key = x
[2019-04-09T22:06:41.016][ReplicaE] Read key = y
[2019-04-09T22:06:42.586][ReplicaE] Read key = z
[2019-04-09T22:06:50.843][ReplicaE] Accept WriteLog
WriteLogItem(1554847609166,B,WriteOperation(x,+,1))[2019-04-09T22:06:50.844][ReplicaE] -- Update with key x, value = 1

[2019-04-09T22:07:11.348][ReplicaE] Accept WriteLog
WriteLogItem(1554847625130,D,WriteOperation(z,+,1))[2019-04-09T22:07:11.348][ReplicaE] -- Update with key z, value = 1

[2019-04-09T22:07:22.003][ReplicaE] Accept WriteLog
WriteLogItem(1554847638348,D,WriteOperation(z,+,1))[2019-04-09T22:07:22.003][ReplicaE] -- Update with key z, value = 1

[2019-04-09T22:07:33.781][ReplicaE] Accept WriteLog
WriteLogItem(1554847545741,C,WriteOperation(x,+,1))[2019-04-09T22:07:33.781][ReplicaE] -- Update with key x, value = 1
WriteLogItem(1554847570188,C,WriteOperation(x,+,1))[2019-04-09T22:07:33.781][ReplicaE] -- Update with key x, value = 1
WriteLogItem(1554847649054,C,WriteOperation(x,+,1))[2019-04-09T22:07:33.781][ReplicaE] -- Update with key x, value = 1

[2019-04-09T22:07:53.415][ReplicaE] Accept WriteLog
WriteLogItem(1554847460536,C,WriteOperation(y,+,1))[2019-04-09T22:07:53.416][ReplicaE] -- Update with key y, value = 1
WriteLogItem(1554847467544,C,WriteOperation(y,+,1))[2019-04-09T22:07:53.416][ReplicaE] -- Update with key y, value = 1
WriteLogItem(1554847531396,C,WriteOperation(y,+,1))[2019-04-09T22:07:53.417][ReplicaE] -- Update with key y, value = 1
WriteLogItem(1554847669159,C,WriteOperation(y,+,1))[2019-04-09T22:07:53.417][ReplicaE] -- Update with key y, value = 1

[2019-04-09T22:08:04.576][ReplicaE] Accept WriteLog
WriteLogItem(1554847524367,D,WriteOperation(y,+,1))[2019-04-09T22:08:04.577][ReplicaE] -- Update with key y, value = 1
WriteLogItem(1554847538614,D,WriteOperation(y,+,1))[2019-04-09T22:08:04.577][ReplicaE] -- Update with key y, value = 1
WriteLogItem(1554847552600,D,WriteOperation(y,+,1))[2019-04-09T22:08:04.578][ReplicaE] -- Update with key y, value = 1
WriteLogItem(1554847559374,D,WriteOperation(y,+,1))[2019-04-09T22:08:04.578][ReplicaE] -- Update with key y, value = 1
WriteLogItem(1554847680099,D,WriteOperation(y,+,1))[2019-04-09T22:08:04.578][ReplicaE] -- Update with key y, value = 1

[2019-04-09T22:08:14.705][ReplicaE] Accept WriteLog
WriteLogItem(1554847691048,C,WriteOperation(x,+,1))[2019-04-09T22:08:14.706][ReplicaE] -- Update with key x, value = 1

[2019-04-09T22:08:25.387][ReplicaE] Accept WriteLog
WriteLogItem(1554847703716,B,WriteOperation(x,+,1))[2019-04-09T22:08:25.387][ReplicaE] -- Update with key x, value = 1

[2019-04-09T22:08:45.911][ReplicaE] Accept WriteLog
WriteLogItem(1554847724574,B,WriteOperation(z,+,1))[2019-04-09T22:08:45.911][ReplicaE] -- Update with key z, value = 1

[2019-04-09T22:08:56.700][ReplicaE] Accept WriteLog
WriteLogItem(1554847732001,D,WriteOperation(z,+,1))[2019-04-09T22:08:56.701][ReplicaE] -- Update with key z, value = 1

[2019-04-09T22:09:09.512][ReplicaE] Accept WriteLog
WriteLogItem(1554847480460,D,WriteOperation(x,+,1))[2019-04-09T22:09:09.512][ReplicaE] -- Update with key x, value = 1
WriteLogItem(1554847661981,D,WriteOperation(x,+,1))[2019-04-09T22:09:09.512][ReplicaE] -- Update with key x, value = 1
WriteLogItem(1554847745858,D,WriteOperation(x,+,1))[2019-04-09T22:09:09.512][ReplicaE] -- Update with key x, value = 1

[2019-04-09T22:09:15.716][ReplicaE] Accept WriteLog
WriteLogItem(1554847754043,B,WriteOperation(y,+,1))[2019-04-09T22:09:15.717][ReplicaE] -- Update with key y, value = 1

[2019-04-09T22:09:21.486][ReplicaE] Accept WriteLog
WriteLogItem(1554847759217,B,WriteOperation(z,+,1))[2019-04-09T22:09:21.488][ReplicaE] -- Update with key z, value = 1

[2019-04-09T22:09:32.338][ReplicaE] Accept WriteLog
WriteLogItem(1554847771235,B,WriteOperation(y,+,1))[2019-04-09T22:09:32.338][ReplicaE] -- Update with key y, value = 1

[2019-04-09T22:09:35.624][ReplicaE] Accept WriteLog
WriteLogItem(1554847774519,B,WriteOperation(z,+,1))[2019-04-09T22:09:35.625][ReplicaE] -- Update with key z, value = 1

[2019-04-09T22:09:39.068][ReplicaE] Accept WriteLog
WriteLogItem(1554847506732,A,WriteOperation(x,+,1))[2019-04-09T22:09:39.068][ReplicaE] -- Update with key x, value = 1
WriteLogItem(1554847751839,A,WriteOperation(x,+,1))[2019-04-09T22:09:39.068][ReplicaE] -- Update with key x, value = 1
WriteLogItem(1554847777396,A,WriteOperation(x,+,1))[2019-04-09T22:09:39.069][ReplicaE] -- Update with key x, value = 1

[2019-04-09T22:09:51.710][ReplicaE] Accept WriteLog
WriteLogItem(1554847787004,D,WriteOperation(z,+,1))[2019-04-09T22:09:51.710][ReplicaE] -- Update with key z, value = 1

[2019-04-09T22:10:10.018][ReplicaE] Accept WriteLog
WriteLogItem(1554847805769,D,WriteOperation(z,+,1))[2019-04-09T22:10:10.018][ReplicaE] -- Update with key z, value = 1

[2019-04-09T22:10:29.419][ReplicaE] Accept WriteLog
WriteLogItem(1554847159249,C,WriteOperation(z,+,1))[2019-04-09T22:10:29.419][ReplicaE] -- Update with key z, value = 1
WriteLogItem(1554847199025,C,WriteOperation(z,+,1))[2019-04-09T22:10:29.419][ReplicaE] -- Update with key z, value = 1
WriteLogItem(1554847314250,C,WriteOperation(z,+,1))[2019-04-09T22:10:29.419][ReplicaE] -- Update with key z, value = 1
WriteLogItem(1554847347431,C,WriteOperation(z,+,1))[2019-04-09T22:10:29.419][ReplicaE] -- Update with key z, value = 1
WriteLogItem(1554847354909,C,WriteOperation(z,+,1))[2019-04-09T22:10:29.419][ReplicaE] -- Update with key z, value = 1
WriteLogItem(1554847378915,C,WriteOperation(z,+,1))[2019-04-09T22:10:29.419][ReplicaE] -- Update with key z, value = 1
WriteLogItem(1554847617877,C,WriteOperation(z,+,1))[2019-04-09T22:10:29.419][ReplicaE] -- Update with key z, value = 1
WriteLogItem(1554847711752,C,WriteOperation(z,+,1))[2019-04-09T22:10:29.419][ReplicaE] -- Update with key z, value = 1
WriteLogItem(1554847768371,C,WriteOperation(z,+,1))[2019-04-09T22:10:29.420][ReplicaE] -- Update with key z, value = 1
WriteLogItem(1554847823417,C,WriteOperation(z,+,1))[2019-04-09T22:10:29.420][ReplicaE] -- Update with key z, value = 1

[2019-04-09T22:10:57.718][ReplicaE] Accept WriteLog
WriteLogItem(1554847757648,B,WriteOperation(x,+,1))[2019-04-09T22:10:57.718][ReplicaE] -- Update with key x, value = 1
WriteLogItem(1554847781123,B,WriteOperation(x,+,1))[2019-04-09T22:10:57.718][ReplicaE] -- Update with key x, value = 1
WriteLogItem(1554847856042,B,WriteOperation(x,+,1))[2019-04-09T22:10:57.718][ReplicaE] -- Update with key x, value = 1

[2019-04-09T22:11:11.804][ReplicaE] Accept WriteLog
WriteLogItem(1554847866268,D,WriteOperation(x,+,1))[2019-04-09T22:11:11.804][ReplicaE] -- Update with key x, value = 1

[2019-04-09T22:11:30.232][ReplicaE] Accept WriteLog
WriteLogItem(1554847886346,D,WriteOperation(x,+,1))[2019-04-09T22:11:30.232][ReplicaE] -- Update with key x, value = 1

[2019-04-09T22:11:50.940][ReplicaE] Accept WriteLog
WriteLogItem(1554847846383,B,WriteOperation(z,+,1))[2019-04-09T22:11:50.940][ReplicaE] -- Update with key z, value = 1
WriteLogItem(1554847909261,B,WriteOperation(z,+,1))[2019-04-09T22:11:50.941][ReplicaE] -- Update with key z, value = 1

[2019-04-09T22:11:54.859][ReplicaE] Accept WriteLog
WriteLogItem(1554847913760,B,WriteOperation(x,+,1))[2019-04-09T22:11:54.859][ReplicaE] -- Update with key x, value = 1

[2019-04-09T22:12:01.495][ReplicaE] Accept WriteLog
WriteLogItem(1554847372807,A,WriteOperation(y,+,1))[2019-04-09T22:12:01.495][ReplicaE] -- Update with key y, value = 1
WriteLogItem(1554847714820,A,WriteOperation(y,+,1))[2019-04-09T22:12:01.495][ReplicaE] -- Update with key y, value = 1
WriteLogItem(1554847739780,A,WriteOperation(y,+,1))[2019-04-09T22:12:01.495][ReplicaE] -- Update with key y, value = 1
WriteLogItem(1554847917639,A,WriteOperation(y,+,1))[2019-04-09T22:12:01.495][ReplicaE] -- Update with key y, value = 1
WriteLogItem(1554847919821,A,WriteOperation(y,+,1))[2019-04-09T22:12:01.495][ReplicaE] -- Update with key y, value = 1

[2019-04-09T22:12:12.983][ReplicaE] Accept WriteLog
WriteLogItem(1554847928507,D,WriteOperation(x,+,1))[2019-04-09T22:12:12.984][ReplicaE] -- Update with key x, value = 1

[2019-04-09T22:12:28.089][ReplicaE] Accept WriteLog
WriteLogItem(1554847798552,C,WriteOperation(x,+,1))[2019-04-09T22:12:28.090][ReplicaE] -- Update with key x, value = 1
WriteLogItem(1554847816386,C,WriteOperation(x,+,1))[2019-04-09T22:12:28.090][ReplicaE] -- Update with key x, value = 1
WriteLogItem(1554847943375,C,WriteOperation(x,+,1))[2019-04-09T22:12:28.090][ReplicaE] -- Update with key x, value = 1

[2019-04-09T22:12:47.062][ReplicaE] Accept WriteLog
WriteLogItem(1554847962353,D,WriteOperation(z,+,1))[2019-04-09T22:12:47.063][ReplicaE] -- Update with key z, value = 1

[2019-04-09T22:12:55.900][ReplicaE] Accept WriteLog
WriteLogItem(1554847974237,B,WriteOperation(y,+,1))[2019-04-09T22:12:55.900][ReplicaE] -- Update with key y, value = 1

[2019-04-09T22:13:09.845][ReplicaE] Accept WriteLog
WriteLogItem(1554847162237,A,WriteOperation(z,+,1))[2019-04-09T22:13:09.846][ReplicaE] -- Update with key z, value = 1
WriteLogItem(1554847163813,A,WriteOperation(z,+,1))[2019-04-09T22:13:09.846][ReplicaE] -- Update with key z, value = 1
WriteLogItem(1554847251207,A,WriteOperation(z,+,1))[2019-04-09T22:13:09.846][ReplicaE] -- Update with key z, value = 1
WriteLogItem(1554847452465,A,WriteOperation(z,+,1))[2019-04-09T22:13:09.846][ReplicaE] -- Update with key z, value = 1
WriteLogItem(1554847573595,A,WriteOperation(z,+,1))[2019-04-09T22:13:09.846][ReplicaE] -- Update with key z, value = 1
WriteLogItem(1554847656381,A,WriteOperation(z,+,1))[2019-04-09T22:13:09.846][ReplicaE] -- Update with key z, value = 1
WriteLogItem(1554847935380,A,WriteOperation(z,+,1))[2019-04-09T22:13:09.846][ReplicaE] -- Update with key z, value = 1
WriteLogItem(1554847969977,A,WriteOperation(z,+,1))[2019-04-09T22:13:09.846][ReplicaE] -- Update with key z, value = 1
WriteLogItem(1554847972094,A,WriteOperation(z,+,1))[2019-04-09T22:13:09.846][ReplicaE] -- Update with key z, value = 1
WriteLogItem(1554847987345,A,WriteOperation(z,+,1))[2019-04-09T22:13:09.846][ReplicaE] -- Update with key z, value = 1

[2019-04-09T22:13:37.398][ReplicaE] Accept WriteLog
WriteLogItem(1554848012922,D,WriteOperation(x,+,1))[2019-04-09T22:13:37.398][ReplicaE] -- Update with key x, value = 1

[2019-04-09T22:13:41.988][ReplicaE] Accept WriteLog
WriteLogItem(1554847860461,A,WriteOperation(x,+,1))[2019-04-09T22:13:41.988][ReplicaE] -- Update with key x, value = 1
WriteLogItem(1554847892565,A,WriteOperation(x,+,1))[2019-04-09T22:13:41.988][ReplicaE] -- Update with key x, value = 1
WriteLogItem(1554848020307,A,WriteOperation(x,+,1))[2019-04-09T22:13:41.988][ReplicaE] -- Update with key x, value = 1

[2019-04-09T22:13:53.464][ReplicaE] Accept WriteLog
WriteLogItem(1554848031804,B,WriteOperation(y,+,1))[2019-04-09T22:13:53.465][ReplicaE] -- Update with key y, value = 1

[2019-04-09T22:14:04.435][ReplicaE] Accept WriteLog
WriteLogItem(1554847701108,D,WriteOperation(y,+,1))[2019-04-09T22:14:04.435][ReplicaE] -- Update with key y, value = 1
WriteLogItem(1554847898837,D,WriteOperation(y,+,1))[2019-04-09T22:14:04.436][ReplicaE] -- Update with key y, value = 1
WriteLogItem(1554848039945,D,WriteOperation(y,+,1))[2019-04-09T22:14:04.436][ReplicaE] -- Update with key y, value = 1

[2019-04-09T22:14:09.581][ReplicaE] Accept WriteLog
WriteLogItem(1554847985349,B,WriteOperation(x,+,1))[2019-04-09T22:14:09.581][ReplicaE] -- Update with key x, value = 1
WriteLogItem(1554847999437,B,WriteOperation(x,+,1))[2019-04-09T22:14:09.581][ReplicaE] -- Update with key x, value = 1
WriteLogItem(1554848047566,B,WriteOperation(x,+,1))[2019-04-09T22:14:09.581][ReplicaE] -- Update with key x, value = 1

[2019-04-09T22:14:29.940][ReplicaE] Accept WriteLog
WriteLogItem(1554847721284,C,WriteOperation(y,+,1))[2019-04-09T22:14:29.940][ReplicaE] -- Update with key y, value = 1
WriteLogItem(1554847954942,C,WriteOperation(y,+,1))[2019-04-09T22:14:29.941][ReplicaE] -- Update with key y, value = 1
WriteLogItem(1554847982598,C,WriteOperation(y,+,1))[2019-04-09T22:14:29.941][ReplicaE] -- Update with key y, value = 1
WriteLogItem(1554848028784,C,WriteOperation(y,+,1))[2019-04-09T22:14:29.941][ReplicaE] -- Update with key y, value = 1
WriteLogItem(1554848065232,C,WriteOperation(y,+,1))[2019-04-09T22:14:29.941][ReplicaE] -- Update with key y, value = 1

[2019-04-09T22:15:03.598][ReplicaE] Read key = x
[2019-04-09T22:15:05.137][ReplicaE] Read key = y
[2019-04-09T22:15:06.666][ReplicaE] Read key = z
[2019-04-09T22:15:23.995][ReplicaE] Accept WriteLog
WriteLogItem(1554848058054,D,WriteOperation(x,+,1))[2019-04-09T22:15:23.996][ReplicaE] -- Update with key x, value = 1
WriteLogItem(1554848076395,D,WriteOperation(x,+,1))[2019-04-09T22:15:23.996][ReplicaE] -- Update with key x, value = 1
WriteLogItem(1554848119280,D,WriteOperation(x,+,1))[2019-04-09T22:15:23.996][ReplicaE] -- Update with key x, value = 1

[2019-04-09T22:16:10.142][ReplicaE] Accept WriteLog
WriteLogItem(1554848165421,D,WriteOperation(y,+,1))[2019-04-09T22:16:10.142][ReplicaE] -- Update with key y, value = 1

[2019-04-09T22:16:23.438][ReplicaE] Accept WriteLog
WriteLogItem(1554848178596,D,WriteOperation(x,+,1))[2019-04-09T22:16:23.438][ReplicaE] -- Update with key x, value = 1

[2019-04-09T22:16:29.343][ReplicaE] Accept WriteLog
WriteLogItem(1554848187669,A,WriteOperation(x,+,1))[2019-04-09T22:16:29.343][ReplicaE] -- Update with key x, value = 1

[2019-04-09T22:16:42.064][ReplicaE] Accept WriteLog
WriteLogItem(1554848141924,C,WriteOperation(x,+,1))[2019-04-09T22:16:42.064][ReplicaE] -- Update with key x, value = 1
WriteLogItem(1554848151261,C,WriteOperation(x,+,1))[2019-04-09T22:16:42.064][ReplicaE] -- Update with key x, value = 1
WriteLogItem(1554848197352,C,WriteOperation(x,+,1))[2019-04-09T22:16:42.064][ReplicaE] -- Update with key x, value = 1

[2019-04-09T22:16:59.668][ReplicaE] Accept WriteLog
WriteLogItem(1554848214969,D,WriteOperation(x,+,1))[2019-04-09T22:16:59.669][ReplicaE] -- Update with key x, value = 1

[2019-04-09T22:17:10.568][ReplicaE] Accept WriteLog
WriteLogItem(1554848226918,D,WriteOperation(x,+,1))[2019-04-09T22:17:10.568][ReplicaE] -- Update with key x, value = 1

[2019-04-09T22:17:15.071][ReplicaE] Accept WriteLog
WriteLogItem(1554848126313,B,WriteOperation(x,+,1))[2019-04-09T22:17:15.072][ReplicaE] -- Update with key x, value = 1
WriteLogItem(1554848191682,B,WriteOperation(x,+,1))[2019-04-09T22:17:15.072][ReplicaE] -- Update with key x, value = 1
WriteLogItem(1554848233402,B,WriteOperation(x,+,1))[2019-04-09T22:17:15.074][ReplicaE] -- Update with key x, value = 1

[2019-04-09T22:17:27.524][ReplicaE] Accept WriteLog
WriteLogItem(1554848078776,B,WriteOperation(y,+,1))[2019-04-09T22:17:27.524][ReplicaE] -- Update with key y, value = 1
WriteLogItem(1554848113287,B,WriteOperation(y,+,1))[2019-04-09T22:17:27.524][ReplicaE] -- Update with key y, value = 1
WriteLogItem(1554848186071,B,WriteOperation(y,+,1))[2019-04-09T22:17:27.525][ReplicaE] -- Update with key y, value = 1
WriteLogItem(1554848208854,B,WriteOperation(y,+,1))[2019-04-09T22:17:27.525][ReplicaE] -- Update with key y, value = 1
WriteLogItem(1554848246429,B,WriteOperation(y,+,1))[2019-04-09T22:17:27.525][ReplicaE] -- Update with key y, value = 1

[2019-04-09T22:17:40.809][ReplicaE] Accept WriteLog
WriteLogItem(1554848256116,D,WriteOperation(x,+,1))[2019-04-09T22:17:40.810][ReplicaE] -- Update with key x, value = 1

[2019-04-09T22:17:51.440][ReplicaE] Accept WriteLog
WriteLogItem(1554848250091,B,WriteOperation(x,+,1))[2019-04-09T22:17:51.440][ReplicaE] -- Update with key x, value = 1
WriteLogItem(1554848269777,B,WriteOperation(x,+,1))[2019-04-09T22:17:51.440][ReplicaE] -- Update with key x, value = 1

[2019-04-09T22:18:10.466][ReplicaE] Accept WriteLog
WriteLogItem(1554848243196,C,WriteOperation(x,+,1))[2019-04-09T22:18:10.466][ReplicaE] -- Update with key x, value = 1
WriteLogItem(1554848267385,C,WriteOperation(x,+,1))[2019-04-09T22:18:10.466][ReplicaE] -- Update with key x, value = 1
WriteLogItem(1554848284485,C,WriteOperation(x,+,1))[2019-04-09T22:18:10.466][ReplicaE] -- Update with key x, value = 1

[2019-04-09T22:18:46.215][ReplicaE] Accept WriteLog
WriteLogItem(1554848005426,D,WriteOperation(z,+,1))[2019-04-09T22:18:46.215][ReplicaE] -- Update with key z, value = 1
WriteLogItem(1554848321746,D,WriteOperation(z,+,1))[2019-04-09T22:18:46.215][ReplicaE] -- Update with key z, value = 1

[2019-04-09T22:19:08.036][ReplicaE] Accept WriteLog
WriteLogItem(1554848343559,D,WriteOperation(y,+,1))[2019-04-09T22:19:08.036][ReplicaE] -- Update with key y, value = 1

[2019-04-09T22:19:20.829][ReplicaE] Accept WriteLog
WriteLogItem(1554848357180,D,WriteOperation(z,+,1))[2019-04-09T22:19:20.829][ReplicaE] -- Update with key z, value = 1

[2019-04-09T22:19:31.053][ReplicaE] Accept WriteLog
WriteLogItem(1554848308119,D,WriteOperation(x,+,1))[2019-04-09T22:19:31.053][ReplicaE] -- Update with key x, value = 1
WriteLogItem(1554848367402,D,WriteOperation(x,+,1))[2019-04-09T22:19:31.053][ReplicaE] -- Update with key x, value = 1

[2019-04-09T22:19:37.578][ReplicaE] Accept WriteLog
WriteLogItem(1554848375906,A,WriteOperation(z,+,1))[2019-04-09T22:19:37.578][ReplicaE] -- Update with key z, value = 1

[2019-04-09T22:19:48.070][ReplicaE] Accept WriteLog
WriteLogItem(1554848384418,D,WriteOperation(x,+,1))[2019-04-09T22:19:48.071][ReplicaE] -- Update with key x, value = 1

[2019-04-09T22:19:59.398][ReplicaE] Accept WriteLog
WriteLogItem(1554848394696,C,WriteOperation(x,+,1))[2019-04-09T22:19:59.398][ReplicaE] -- Update with key x, value = 1

[2019-04-09T22:20:03.954][ReplicaE] Accept WriteLog
WriteLogItem(1554848300208,B,WriteOperation(x,+,1))[2019-04-09T22:20:03.954][ReplicaE] -- Update with key x, value = 1
WriteLogItem(1554848337858,B,WriteOperation(x,+,1))[2019-04-09T22:20:03.954][ReplicaE] -- Update with key x, value = 1
WriteLogItem(1554848401723,B,WriteOperation(x,+,1))[2019-04-09T22:20:03.954][ReplicaE] -- Update with key x, value = 1

[2019-04-09T22:20:29.027][ReplicaE] Accept WriteLog
WriteLogItem(1554847836487,C,WriteOperation(z,+,1))[2019-04-09T22:20:29.027][ReplicaE] -- Update with key z, value = 1
WriteLogItem(1554847843340,C,WriteOperation(z,+,1))[2019-04-09T22:20:29.027][ReplicaE] -- Update with key z, value = 1
WriteLogItem(1554847852804,C,WriteOperation(z,+,1))[2019-04-09T22:20:29.027][ReplicaE] -- Update with key z, value = 1
WriteLogItem(1554847879171,C,WriteOperation(z,+,1))[2019-04-09T22:20:29.027][ReplicaE] -- Update with key z, value = 1
WriteLogItem(1554847906199,C,WriteOperation(z,+,1))[2019-04-09T22:20:29.027][ReplicaE] -- Update with key z, value = 1
WriteLogItem(1554847996202,C,WriteOperation(z,+,1))[2019-04-09T22:20:29.027][ReplicaE] -- Update with key z, value = 1
WriteLogItem(1554848277595,C,WriteOperation(z,+,1))[2019-04-09T22:20:29.027][ReplicaE] -- Update with key z, value = 1
WriteLogItem(1554848297593,C,WriteOperation(z,+,1))[2019-04-09T22:20:29.027][ReplicaE] -- Update with key z, value = 1
WriteLogItem(1554848314887,C,WriteOperation(z,+,1))[2019-04-09T22:20:29.027][ReplicaE] -- Update with key z, value = 1
WriteLogItem(1554848424768,C,WriteOperation(z,+,1))[2019-04-09T22:20:29.027][ReplicaE] -- Update with key z, value = 1

[2019-04-09T22:20:37.040][ReplicaE] Accept WriteLog
WriteLogItem(1554848302478,B,WriteOperation(y,+,1))[2019-04-09T22:20:37.041][ReplicaE] -- Update with key y, value = 1
WriteLogItem(1554848435369,B,WriteOperation(y,+,1))[2019-04-09T22:20:37.041][ReplicaE] -- Update with key y, value = 1

[2019-04-09T22:20:49.417][ReplicaE] Accept WriteLog
WriteLogItem(1554848443205,D,WriteOperation(y,+,1))[2019-04-09T22:20:49.418][ReplicaE] -- Update with key y, value = 1

[2019-04-09T22:21:18.553][ReplicaE] Accept WriteLog
WriteLogItem(1554848417797,C,WriteOperation(x,+,1))[2019-04-09T22:21:18.553][ReplicaE] -- Update with key x, value = 1
WriteLogItem(1554848473853,C,WriteOperation(x,+,1))[2019-04-09T22:21:18.553][ReplicaE] -- Update with key x, value = 1

[2019-04-09T22:21:30.455][ReplicaE] Accept WriteLog
WriteLogItem(1554848204431,A,WriteOperation(x,+,1))[2019-04-09T22:21:30.455][ReplicaE] -- Update with key x, value = 1
WriteLogItem(1554848433407,A,WriteOperation(x,+,1))[2019-04-09T22:21:30.455][ReplicaE] -- Update with key x, value = 1
WriteLogItem(1554848488785,A,WriteOperation(x,+,1))[2019-04-09T22:21:30.455][ReplicaE] -- Update with key x, value = 1

[2019-04-09T22:21:40.854][ReplicaE] Accept WriteLog
WriteLogItem(1554848494333,A,WriteOperation(x,+,1))[2019-04-09T22:21:40.855][ReplicaE] -- Update with key x, value = 1
WriteLogItem(1554848496588,A,WriteOperation(x,+,1))[2019-04-09T22:21:40.855][ReplicaE] -- Update with key x, value = 1
WriteLogItem(1554848498615,A,WriteOperation(x,+,1))[2019-04-09T22:21:40.855][ReplicaE] -- Update with key x, value = 1

[2019-04-09T22:21:44.449][ReplicaE] Accept WriteLog
WriteLogItem(1554848503355,A,WriteOperation(z,+,1))[2019-04-09T22:21:44.450][ReplicaE] -- Update with key z, value = 1

[2019-04-09T22:21:55.622][ReplicaE] Accept WriteLog
WriteLogItem(1554848510909,D,WriteOperation(y,+,1))[2019-04-09T22:21:55.622][ReplicaE] -- Update with key y, value = 1

[2019-04-09T22:21:59.306][ReplicaE] Accept WriteLog
WriteLogItem(1554847937440,A,WriteOperation(y,+,1))[2019-04-09T22:21:59.306][ReplicaE] -- Update with key y, value = 1
WriteLogItem(1554848052154,A,WriteOperation(y,+,1))[2019-04-09T22:21:59.306][ReplicaE] -- Update with key y, value = 1
WriteLogItem(1554848465467,A,WriteOperation(y,+,1))[2019-04-09T22:21:59.306][ReplicaE] -- Update with key y, value = 1
WriteLogItem(1554848467751,A,WriteOperation(y,+,1))[2019-04-09T22:21:59.306][ReplicaE] -- Update with key y, value = 1
WriteLogItem(1554848518208,A,WriteOperation(y,+,1))[2019-04-09T22:21:59.306][ReplicaE] -- Update with key y, value = 1

[2019-04-09T22:22:14.717][ReplicaE] Accept WriteLog
WriteLogItem(1554848530010,C,WriteOperation(z,+,1))[2019-04-09T22:22:14.717][ReplicaE] -- Update with key z, value = 1

[2019-04-09T22:22:18.564][ReplicaE] Accept WriteLog
WriteLogItem(1554848537463,A,WriteOperation(x,+,1))[2019-04-09T22:22:18.564][ReplicaE] -- Update with key x, value = 1

[2019-04-09T22:22:45.300][ReplicaE] Read key = x
[2019-04-09T22:22:46.823][ReplicaE] Read key = y
[2019-04-09T22:22:48.350][ReplicaE] Read key = z
[2019-04-09T22:23:03.710][ReplicaE] Accept WriteLog
WriteLogItem(1554848579015,D,WriteOperation(y,+,1))[2019-04-09T22:23:03.710][ReplicaE] -- Update with key y, value = 1

[2019-04-09T22:23:08.541][ReplicaE] Accept WriteLog
WriteLogItem(1554848586879,A,WriteOperation(x,+,1))[2019-04-09T22:23:08.541][ReplicaE] -- Update with key x, value = 1

[2019-04-09T22:23:21.350][ReplicaE] Accept WriteLog
WriteLogItem(1554848595144,C,WriteOperation(x,+,1))[2019-04-09T22:23:21.351][ReplicaE] -- Update with key x, value = 1

[2019-04-09T22:23:25.760][ReplicaE] Accept WriteLog
WriteLogItem(1554848604095,A,WriteOperation(x,+,1))[2019-04-09T22:23:25.760][ReplicaE] -- Update with key x, value = 1

[2019-04-09T22:23:37.159][ReplicaE] Accept WriteLog
WriteLogItem(1554848612461,D,WriteOperation(y,+,1))[2019-04-09T22:23:37.159][ReplicaE] -- Update with key y, value = 1

[2019-04-09T22:23:50.008][ReplicaE] Accept WriteLog
WriteLogItem(1554848625887,C,WriteOperation(z,+,1))[2019-04-09T22:23:50.008][ReplicaE] -- Update with key z, value = 1

[2019-04-09T22:24:15.021][ReplicaE] Accept WriteLog
WriteLogItem(1554848650762,C,WriteOperation(z,+,1))[2019-04-09T22:24:15.021][ReplicaE] -- Update with key z, value = 1

[2019-04-09T22:24:19.354][ReplicaE] Accept WriteLog
WriteLogItem(1554848657692,A,WriteOperation(z,+,1))[2019-04-09T22:24:19.354][ReplicaE] -- Update with key z, value = 1

[2019-04-09T22:24:22.958][ReplicaE] Accept WriteLog
WriteLogItem(1554848541084,A,WriteOperation(y,+,1))[2019-04-09T22:24:22.959][ReplicaE] -- Update with key y, value = 1
WriteLogItem(1554848661864,A,WriteOperation(y,+,1))[2019-04-09T22:24:22.959][ReplicaE] -- Update with key y, value = 1

[2019-04-09T22:24:29.763][ReplicaE] Accept WriteLog
WriteLogItem(1554848667517,A,WriteOperation(x,+,1))[2019-04-09T22:24:29.763][ReplicaE] -- Update with key x, value = 1

[2019-04-09T22:24:40.260][ReplicaE] Accept WriteLog
WriteLogItem(1554848679157,A,WriteOperation(z,+,1))[2019-04-09T22:24:40.260][ReplicaE] -- Update with key z, value = 1

[2019-04-09T22:24:50.638][ReplicaE] Accept WriteLog
WriteLogItem(1554848686179,D,WriteOperation(y,+,1))[2019-04-09T22:24:50.638][ReplicaE] -- Update with key y, value = 1

[2019-04-09T22:25:02.643][ReplicaE] Accept WriteLog
WriteLogItem(1554848697946,C,WriteOperation(z,+,1))[2019-04-09T22:25:02.643][ReplicaE] -- Update with key z, value = 1

[2019-04-09T22:25:06.111][ReplicaE] Accept WriteLog
WriteLogItem(1554848492373,B,WriteOperation(x,+,1))[2019-04-09T22:25:06.111][ReplicaE] -- Update with key x, value = 1
WriteLogItem(1554848523891,B,WriteOperation(x,+,1))[2019-04-09T22:25:06.111][ReplicaE] -- Update with key x, value = 1
WriteLogItem(1554848705024,B,WriteOperation(x,+,1))[2019-04-09T22:25:06.111][ReplicaE] -- Update with key x, value = 1

[2019-04-09T22:25:11.876][ReplicaE] Accept WriteLog
WriteLogItem(1554848710211,A,WriteOperation(y,+,1))[2019-04-09T22:25:11.877][ReplicaE] -- Update with key y, value = 1

[2019-04-09T22:25:30.483][ReplicaE] Accept WriteLog
WriteLogItem(1554848728826,A,WriteOperation(y,+,1))[2019-04-09T22:25:30.483][ReplicaE] -- Update with key y, value = 1

[2019-04-09T22:25:41.072][ReplicaE] Accept WriteLog
WriteLogItem(1554848135296,C,WriteOperation(y,+,1))[2019-04-09T22:25:41.072][ReplicaE] -- Update with key y, value = 1
WriteLogItem(1554848158861,C,WriteOperation(y,+,1))[2019-04-09T22:25:41.072][ReplicaE] -- Update with key y, value = 1
WriteLogItem(1554848335245,C,WriteOperation(y,+,1))[2019-04-09T22:25:41.072][ReplicaE] -- Update with key y, value = 1
WriteLogItem(1554848643625,C,WriteOperation(y,+,1))[2019-04-09T22:25:41.072][ReplicaE] -- Update with key y, value = 1
WriteLogItem(1554848736571,C,WriteOperation(y,+,1))[2019-04-09T22:25:41.072][ReplicaE] -- Update with key y, value = 1

[2019-04-09T22:25:51.766][ReplicaE] Accept WriteLog
WriteLogItem(1554848718536,C,WriteOperation(x,+,1))[2019-04-09T22:25:51.766][ReplicaE] -- Update with key x, value = 1
WriteLogItem(1554848748555,C,WriteOperation(x,+,1))[2019-04-09T22:25:51.766][ReplicaE] -- Update with key x, value = 1

[2019-04-09T22:26:04.757][ReplicaE] Accept WriteLog
WriteLogItem(1554848763094,B,WriteOperation(x,+,1))[2019-04-09T22:26:04.757][ReplicaE] -- Update with key x, value = 1

[2019-04-09T22:26:08.476][ReplicaE] Accept WriteLog
WriteLogItem(1554848128651,B,WriteOperation(z,+,1))[2019-04-09T22:26:08.476][ReplicaE] -- Update with key z, value = 1
WriteLogItem(1554848145196,B,WriteOperation(z,+,1))[2019-04-09T22:26:08.476][ReplicaE] -- Update with key z, value = 1
WriteLogItem(1554848172447,B,WriteOperation(z,+,1))[2019-04-09T22:26:08.476][ReplicaE] -- Update with key z, value = 1
WriteLogItem(1554848206776,B,WriteOperation(z,+,1))[2019-04-09T22:26:08.476][ReplicaE] -- Update with key z, value = 1
WriteLogItem(1554848237548,B,WriteOperation(z,+,1))[2019-04-09T22:26:08.476][ReplicaE] -- Update with key z, value = 1
WriteLogItem(1554848328658,B,WriteOperation(z,+,1))[2019-04-09T22:26:08.477][ReplicaE] -- Update with key z, value = 1
WriteLogItem(1554848350808,B,WriteOperation(z,+,1))[2019-04-09T22:26:08.477][ReplicaE] -- Update with key z, value = 1
WriteLogItem(1554848374001,B,WriteOperation(z,+,1))[2019-04-09T22:26:08.477][ReplicaE] -- Update with key z, value = 1
WriteLogItem(1554848431493,B,WriteOperation(z,+,1))[2019-04-09T22:26:08.477][ReplicaE] -- Update with key z, value = 1
WriteLogItem(1554848767375,B,WriteOperation(z,+,1))[2019-04-09T22:26:08.477][ReplicaE] -- Update with key z, value = 1

[2019-04-09T22:26:27.172][ReplicaE] Accept WriteLog
WriteLogItem(1554848784932,B,WriteOperation(x,+,1))[2019-04-09T22:26:27.173][ReplicaE] -- Update with key x, value = 1

[2019-04-09T22:26:38.715][ReplicaE] Accept WriteLog
WriteLogItem(1554848754262,A,WriteOperation(y,+,1))[2019-04-09T22:26:38.716][ReplicaE] -- Update with key y, value = 1
WriteLogItem(1554848791984,A,WriteOperation(y,+,1))[2019-04-09T22:26:38.716][ReplicaE] -- Update with key y, value = 1
WriteLogItem(1554848793435,A,WriteOperation(y,+,1))[2019-04-09T22:26:38.716][ReplicaE] -- Update with key y, value = 1
WriteLogItem(1554848795145,A,WriteOperation(y,+,1))[2019-04-09T22:26:38.716][ReplicaE] -- Update with key y, value = 1
WriteLogItem(1554848797056,A,WriteOperation(y,+,1))[2019-04-09T22:26:38.716][ReplicaE] -- Update with key y, value = 1

[2019-04-09T22:26:50.071][ReplicaE] Accept WriteLog
WriteLogItem(1554848805369,C,WriteOperation(x,+,1))[2019-04-09T22:26:50.071][ReplicaE] -- Update with key x, value = 1

[2019-04-09T22:27:15.468][ReplicaE] Accept WriteLog
WriteLogItem(1554848830402,C,WriteOperation(x,+,1))[2019-04-09T22:27:15.468][ReplicaE] -- Update with key x, value = 1

[2019-04-09T22:27:29.010][ReplicaE] Accept WriteLog
WriteLogItem(1554848847343,A,WriteOperation(z,+,1))[2019-04-09T22:27:29.010][ReplicaE] -- Update with key z, value = 1

[2019-04-09T22:27:32.748][ReplicaE] Accept WriteLog
WriteLogItem(1554848851659,A,WriteOperation(z,+,1))[2019-04-09T22:27:32.748][ReplicaE] -- Update with key z, value = 1

[2019-04-09T22:27:43.395][ReplicaE] Accept WriteLog
WriteLogItem(1554848859289,C,WriteOperation(x,+,1))[2019-04-09T22:27:43.395][ReplicaE] -- Update with key x, value = 1

[2019-04-09T22:27:55.609][ReplicaE] Accept WriteLog
WriteLogItem(1554848869844,D,WriteOperation(y,+,1))[2019-04-09T22:27:55.610][ReplicaE] -- Update with key y, value = 1

[2019-04-09T22:28:05.824][ReplicaE] Accept WriteLog
WriteLogItem(1554848410746,D,WriteOperation(x,+,1))[2019-04-09T22:28:05.824][ReplicaE] -- Update with key x, value = 1
WriteLogItem(1554848725919,D,WriteOperation(x,+,1))[2019-04-09T22:28:05.824][ReplicaE] -- Update with key x, value = 1
WriteLogItem(1554848882603,D,WriteOperation(x,+,1))[2019-04-09T22:28:05.824][ReplicaE] -- Update with key x, value = 1

[2019-04-09T22:28:17.585][ReplicaE] Accept WriteLog
WriteLogItem(1554848894383,D,WriteOperation(y,+,1))[2019-04-09T22:28:17.586][ReplicaE] -- Update with key y, value = 1

[2019-04-09T22:28:37.600][ReplicaE] Accept WriteLog
WriteLogItem(1554848912905,C,WriteOperation(y,+,1))[2019-04-09T22:28:37.600][ReplicaE] -- Update with key y, value = 1

[2019-04-09T22:28:49.244][ReplicaE] Accept WriteLog
WriteLogItem(1554848924778,D,WriteOperation(y,+,1))[2019-04-09T22:28:49.244][ReplicaE] -- Update with key y, value = 1

[2019-04-09T22:29:00.682][ReplicaE] Accept WriteLog
WriteLogItem(1554848522036,B,WriteOperation(y,+,1))[2019-04-09T22:29:00.682][ReplicaE] -- Update with key y, value = 1
WriteLogItem(1554848619559,B,WriteOperation(y,+,1))[2019-04-09T22:29:00.682][ReplicaE] -- Update with key y, value = 1
WriteLogItem(1554848665448,B,WriteOperation(y,+,1))[2019-04-09T22:29:00.682][ReplicaE] -- Update with key y, value = 1
WriteLogItem(1554848789869,B,WriteOperation(y,+,1))[2019-04-09T22:29:00.682][ReplicaE] -- Update with key y, value = 1
WriteLogItem(1554848939019,B,WriteOperation(y,+,1))[2019-04-09T22:29:00.682][ReplicaE] -- Update with key y, value = 1

[2019-04-09T22:29:12.685][ReplicaE] Accept WriteLog
WriteLogItem(1554848950453,A,WriteOperation(z,+,1))[2019-04-09T22:29:12.686][ReplicaE] -- Update with key z, value = 1

[2019-04-09T22:29:33.328][ReplicaE] Accept WriteLog
WriteLogItem(1554848968611,C,WriteOperation(x,+,1))[2019-04-09T22:29:33.328][ReplicaE] -- Update with key x, value = 1

[2019-04-09T22:29:37.394][ReplicaE] Accept WriteLog
WriteLogItem(1554848708657,A,WriteOperation(x,+,1))[2019-04-09T22:29:37.395][ReplicaE] -- Update with key x, value = 1
WriteLogItem(1554848907035,A,WriteOperation(x,+,1))[2019-04-09T22:29:37.395][ReplicaE] -- Update with key x, value = 1
WriteLogItem(1554848976301,A,WriteOperation(x,+,1))[2019-04-09T22:29:37.395][ReplicaE] -- Update with key x, value = 1

[2019-04-09T22:29:41.448][ReplicaE] Accept WriteLog
WriteLogItem(1554848979793,B,WriteOperation(z,+,1))[2019-04-09T22:29:41.448][ReplicaE] -- Update with key z, value = 1

[2019-04-09T22:29:54.029][ReplicaE] Accept WriteLog
WriteLogItem(1554848456177,D,WriteOperation(z,+,1))[2019-04-09T22:29:54.029][ReplicaE] -- Update with key z, value = 1
WriteLogItem(1554848462848,D,WriteOperation(z,+,1))[2019-04-09T22:29:54.029][ReplicaE] -- Update with key z, value = 1
WriteLogItem(1554848485704,D,WriteOperation(z,+,1))[2019-04-09T22:29:54.029][ReplicaE] -- Update with key z, value = 1
WriteLogItem(1554848636914,D,WriteOperation(z,+,1))[2019-04-09T22:29:54.029][ReplicaE] -- Update with key z, value = 1
WriteLogItem(1554848676041,D,WriteOperation(z,+,1))[2019-04-09T22:29:54.029][ReplicaE] -- Update with key z, value = 1
WriteLogItem(1554848760522,D,WriteOperation(z,+,1))[2019-04-09T22:29:54.029][ReplicaE] -- Update with key z, value = 1
WriteLogItem(1554848775596,D,WriteOperation(z,+,1))[2019-04-09T22:29:54.029][ReplicaE] -- Update with key z, value = 1
WriteLogItem(1554848782468,D,WriteOperation(z,+,1))[2019-04-09T22:29:54.029][ReplicaE] -- Update with key z, value = 1
WriteLogItem(1554848823555,D,WriteOperation(z,+,1))[2019-04-09T22:29:54.029][ReplicaE] -- Update with key z, value = 1
WriteLogItem(1554848989090,D,WriteOperation(z,+,1))[2019-04-09T22:29:54.029][ReplicaE] -- Update with key z, value = 1

[2019-04-09T22:30:06.511][ReplicaE] Accept WriteLog
WriteLogItem(1554848903804,D,WriteOperation(x,+,1))[2019-04-09T22:30:06.511][ReplicaE] -- Update with key x, value = 1
WriteLogItem(1554848947628,D,WriteOperation(x,+,1))[2019-04-09T22:30:06.511][ReplicaE] -- Update with key x, value = 1
WriteLogItem(1554849002618,D,WriteOperation(x,+,1))[2019-04-09T22:30:06.511][ReplicaE] -- Update with key x, value = 1

[2019-04-09T22:30:26.087][ReplicaE] Accept WriteLog
WriteLogItem(1554849021251,D,WriteOperation(y,+,1))[2019-04-09T22:30:26.087][ReplicaE] -- Update with key y, value = 1

[2019-04-09T22:31:14.242][ReplicaE] Read key = x
[2019-04-09T22:31:15.783][ReplicaE] Read key = y
[2019-04-09T22:31:17.307][ReplicaE] Read key = z
[2019-04-09T22:31:50.326][ReplicaE] Accept WriteLog
WriteLogItem(1554849104700,D,WriteOperation(x,+,1))[2019-04-09T22:31:50.326][ReplicaE] -- Update with key x, value = 1

[2019-04-09T22:32:12.251][ReplicaE] Accept WriteLog
WriteLogItem(1554849013454,C,WriteOperation(y,+,1))[2019-04-09T22:32:12.251][ReplicaE] -- Update with key y, value = 1
WriteLogItem(1554849127543,C,WriteOperation(y,+,1))[2019-04-09T22:32:12.251][ReplicaE] -- Update with key y, value = 1

[2019-04-09T22:32:18.941][ReplicaE] Accept WriteLog
WriteLogItem(1554848838280,A,WriteOperation(y,+,1))[2019-04-09T22:32:18.941][ReplicaE] -- Update with key y, value = 1
WriteLogItem(1554848888151,A,WriteOperation(y,+,1))[2019-04-09T22:32:18.941][ReplicaE] -- Update with key y, value = 1
WriteLogItem(1554848955074,A,WriteOperation(y,+,1))[2019-04-09T22:32:18.941][ReplicaE] -- Update with key y, value = 1
WriteLogItem(1554849114100,A,WriteOperation(y,+,1))[2019-04-09T22:32:18.941][ReplicaE] -- Update with key y, value = 1
WriteLogItem(1554849137277,A,WriteOperation(y,+,1))[2019-04-09T22:32:18.941][ReplicaE] -- Update with key y, value = 1

[2019-04-09T22:32:25.080][ReplicaE] Accept WriteLog
WriteLogItem(1554849045533,A,WriteOperation(x,+,1))[2019-04-09T22:32:25.080][ReplicaE] -- Update with key x, value = 1
WriteLogItem(1554849143987,A,WriteOperation(x,+,1))[2019-04-09T22:32:25.080][ReplicaE] -- Update with key x, value = 1

[2019-04-09T22:32:35.881][ReplicaE] Accept WriteLog
WriteLogItem(1554849154216,B,WriteOperation(z,+,1))[2019-04-09T22:32:35.881][ReplicaE] -- Update with key z, value = 1

[2019-04-09T22:32:56.393][ReplicaE] Accept WriteLog
WriteLogItem(1554849169957,C,WriteOperation(y,+,1))[2019-04-09T22:32:56.393][ReplicaE] -- Update with key y, value = 1

[2019-04-09T22:33:08.685][ReplicaE] Accept WriteLog
WriteLogItem(1554849187025,A,WriteOperation(y,+,1))[2019-04-09T22:33:08.686][ReplicaE] -- Update with key y, value = 1

[2019-04-09T22:33:20.235][ReplicaE] Accept WriteLog
WriteLogItem(1554848996455,B,WriteOperation(y,+,1))[2019-04-09T22:33:20.236][ReplicaE] -- Update with key y, value = 1
WriteLogItem(1554849049588,B,WriteOperation(y,+,1))[2019-04-09T22:33:20.236][ReplicaE] -- Update with key y, value = 1
WriteLogItem(1554849134939,B,WriteOperation(y,+,1))[2019-04-09T22:33:20.236][ReplicaE] -- Update with key y, value = 1
WriteLogItem(1554849141537,B,WriteOperation(y,+,1))[2019-04-09T22:33:20.236][ReplicaE] -- Update with key y, value = 1
WriteLogItem(1554849197989,B,WriteOperation(y,+,1))[2019-04-09T22:33:20.237][ReplicaE] -- Update with key y, value = 1

[2019-04-09T22:33:31.178][ReplicaE] Accept WriteLog
WriteLogItem(1554849087996,C,WriteOperation(x,+,1))[2019-04-09T22:33:31.178][ReplicaE] -- Update with key x, value = 1
WriteLogItem(1554849194899,C,WriteOperation(x,+,1))[2019-04-09T22:33:31.179][ReplicaE] -- Update with key x, value = 1
WriteLogItem(1554849206486,C,WriteOperation(x,+,1))[2019-04-09T22:33:31.179][ReplicaE] -- Update with key x, value = 1

[2019-04-09T22:34:16.995][ReplicaE] Accept WriteLog
WriteLogItem(1554849254762,A,WriteOperation(x,+,1))[2019-04-09T22:34:16.995][ReplicaE] -- Update with key x, value = 1

[2019-04-09T22:34:28.176][ReplicaE] Accept WriteLog
WriteLogItem(1554849218041,C,WriteOperation(y,+,1))[2019-04-09T22:34:28.176][ReplicaE] -- Update with key y, value = 1
WriteLogItem(1554849263242,C,WriteOperation(y,+,1))[2019-04-09T22:34:28.176][ReplicaE] -- Update with key y, value = 1

[2019-04-09T22:34:39.285][ReplicaE] Accept WriteLog
WriteLogItem(1554849275401,C,WriteOperation(x,+,1))[2019-04-09T22:34:39.285][ReplicaE] -- Update with key x, value = 1

[2019-04-09T22:34:51.777][ReplicaE] Accept WriteLog
WriteLogItem(1554849290117,B,WriteOperation(z,+,1))[2019-04-09T22:34:51.778][ReplicaE] -- Update with key z, value = 1

[2019-04-09T22:34:56.014][ReplicaE] Accept WriteLog
WriteLogItem(1554849043592,A,WriteOperation(z,+,1))[2019-04-09T22:34:56.015][ReplicaE] -- Update with key z, value = 1
WriteLogItem(1554849091122,A,WriteOperation(z,+,1))[2019-04-09T22:34:56.015][ReplicaE] -- Update with key z, value = 1
WriteLogItem(1554849294347,A,WriteOperation(z,+,1))[2019-04-09T22:34:56.015][ReplicaE] -- Update with key z, value = 1

[2019-04-09T22:34:59.203][ReplicaE] Accept WriteLog
WriteLogItem(1554849298100,A,WriteOperation(z,+,1))[2019-04-09T22:34:59.203][ReplicaE] -- Update with key z, value = 1

[2019-04-09T22:35:02.419][ReplicaE] Accept WriteLog
WriteLogItem(1554849047472,B,WriteOperation(x,+,1))[2019-04-09T22:35:02.419][ReplicaE] -- Update with key x, value = 1
WriteLogItem(1554849112532,B,WriteOperation(x,+,1))[2019-04-09T22:35:02.419][ReplicaE] -- Update with key x, value = 1
WriteLogItem(1554849301323,B,WriteOperation(x,+,1))[2019-04-09T22:35:02.419][ReplicaE] -- Update with key x, value = 1

[2019-04-09T22:35:07.798][ReplicaE] Accept WriteLog
WriteLogItem(1554849306709,B,WriteOperation(y,+,1))[2019-04-09T22:35:07.799][ReplicaE] -- Update with key y, value = 1

[2019-04-09T22:35:19.039][ReplicaE] Accept WriteLog
WriteLogItem(1554849314109,C,WriteOperation(y,+,1))[2019-04-09T22:35:19.040][ReplicaE] -- Update with key y, value = 1

[2019-04-09T22:35:29.640][ReplicaE] Accept WriteLog
WriteLogItem(1554849325762,C,WriteOperation(x,+,1))[2019-04-09T22:35:29.640][ReplicaE] -- Update with key x, value = 1

[2019-04-09T22:35:40.257][ReplicaE] Accept WriteLog
WriteLogItem(1554849336835,C,WriteOperation(x,+,1))[2019-04-09T22:35:40.258][ReplicaE] -- Update with key x, value = 1

[2019-04-09T22:35:52.568][ReplicaE] Accept WriteLog
WriteLogItem(1554849346583,C,WriteOperation(y,+,1))[2019-04-09T22:35:52.568][ReplicaE] -- Update with key y, value = 1

[2019-04-09T22:36:11.149][ReplicaE] Accept WriteLog
WriteLogItem(1554848816770,C,WriteOperation(z,+,1))[2019-04-09T22:36:11.150][ReplicaE] -- Update with key z, value = 1
WriteLogItem(1554848844325,C,WriteOperation(z,+,1))[2019-04-09T22:36:11.150][ReplicaE] -- Update with key z, value = 1
WriteLogItem(1554848936158,C,WriteOperation(z,+,1))[2019-04-09T22:36:11.150][ReplicaE] -- Update with key z, value = 1
WriteLogItem(1554848961658,C,WriteOperation(z,+,1))[2019-04-09T22:36:11.150][ReplicaE] -- Update with key z, value = 1
WriteLogItem(1554849033525,C,WriteOperation(z,+,1))[2019-04-09T22:36:11.150][ReplicaE] -- Update with key z, value = 1
WriteLogItem(1554849097049,C,WriteOperation(z,+,1))[2019-04-09T22:36:11.150][ReplicaE] -- Update with key z, value = 1
WriteLogItem(1554849120251,C,WriteOperation(z,+,1))[2019-04-09T22:36:11.150][ReplicaE] -- Update with key z, value = 1
WriteLogItem(1554849232683,C,WriteOperation(z,+,1))[2019-04-09T22:36:11.150][ReplicaE] -- Update with key z, value = 1
WriteLogItem(1554849241929,C,WriteOperation(z,+,1))[2019-04-09T22:36:11.150][ReplicaE] -- Update with key z, value = 1
WriteLogItem(1554849367259,C,WriteOperation(z,+,1))[2019-04-09T22:36:11.150][ReplicaE] -- Update with key z, value = 1

[2019-04-09T22:36:22.966][ReplicaE] Accept WriteLog
WriteLogItem(1554849381308,B,WriteOperation(y,+,1))[2019-04-09T22:36:22.966][ReplicaE] -- Update with key y, value = 1

[2019-04-09T22:36:33.077][ReplicaE] Accept WriteLog
WriteLogItem(1554849389193,C,WriteOperation(x,+,1))[2019-04-09T22:36:33.077][ReplicaE] -- Update with key x, value = 1

[2019-04-09T22:36:37.446][ReplicaE] Accept WriteLog
WriteLogItem(1554849395779,A,WriteOperation(x,+,1))[2019-04-09T22:36:37.446][ReplicaE] -- Update with key x, value = 1

[2019-04-09T22:36:47.883][ReplicaE] Accept WriteLog
WriteLogItem(1554849404000,C,WriteOperation(x,+,1))[2019-04-09T22:36:47.883][ReplicaE] -- Update with key x, value = 1

[2019-04-09T22:37:09.100][ReplicaE] Accept WriteLog
WriteLogItem(1554849151172,D,WriteOperation(y,+,1))[2019-04-09T22:37:09.100][ReplicaE] -- Update with key y, value = 1
WriteLogItem(1554849183664,D,WriteOperation(y,+,1))[2019-04-09T22:37:09.101][ReplicaE] -- Update with key y, value = 1
WriteLogItem(1554849224907,D,WriteOperation(y,+,1))[2019-04-09T22:37:09.101][ReplicaE] -- Update with key y, value = 1
WriteLogItem(1554849377981,D,WriteOperation(y,+,1))[2019-04-09T22:37:09.101][ReplicaE] -- Update with key y, value = 1
WriteLogItem(1554849424405,D,WriteOperation(y,+,1))[2019-04-09T22:37:09.101][ReplicaE] -- Update with key y, value = 1

[2019-04-09T22:37:37.548][ReplicaE] Accept WriteLog
WriteLogItem(1554849455881,A,WriteOperation(x,+,1))[2019-04-09T22:37:37.549][ReplicaE] -- Update with key x, value = 1

[2019-04-09T22:38:00.004][ReplicaE] Accept WriteLog
WriteLogItem(1554849446976,B,WriteOperation(y,+,1))[2019-04-09T22:38:00.004][ReplicaE] -- Update with key y, value = 1
WriteLogItem(1554849459501,B,WriteOperation(y,+,1))[2019-04-09T22:38:00.004][ReplicaE] -- Update with key y, value = 1
WriteLogItem(1554849478346,B,WriteOperation(y,+,1))[2019-04-09T22:38:00.004][ReplicaE] -- Update with key y, value = 1

[2019-04-09T22:38:22.313][ReplicaE] Accept WriteLog
WriteLogItem(1554849500649,A,WriteOperation(x,+,1))[2019-04-09T22:38:22.313][ReplicaE] -- Update with key x, value = 1

[2019-04-09T22:38:44.394][ReplicaE] Accept WriteLog
WriteLogItem(1554849518183,D,WriteOperation(y,+,1))[2019-04-09T22:38:44.394][ReplicaE] -- Update with key y, value = 1

[2019-04-09T22:38:49.272][ReplicaE] Accept WriteLog
WriteLogItem(1554849527027,B,WriteOperation(y,+,1))[2019-04-09T22:38:49.273][ReplicaE] -- Update with key y, value = 1

[2019-04-09T22:38:59.432][ReplicaE] Accept WriteLog
WriteLogItem(1554849304486,B,WriteOperation(x,+,1))[2019-04-09T22:38:59.432][ReplicaE] -- Update with key x, value = 1
WriteLogItem(1554849489094,B,WriteOperation(x,+,1))[2019-04-09T22:38:59.432][ReplicaE] -- Update with key x, value = 1
WriteLogItem(1554849538334,B,WriteOperation(x,+,1))[2019-04-09T22:38:59.432][ReplicaE] -- Update with key x, value = 1

[2019-04-09T22:39:05.049][ReplicaE] Accept WriteLog
WriteLogItem(1554849418083,A,WriteOperation(z,+,1))[2019-04-09T22:39:05.049][ReplicaE] -- Update with key z, value = 1
WriteLogItem(1554849476567,A,WriteOperation(z,+,1))[2019-04-09T22:39:05.049][ReplicaE] -- Update with key z, value = 1
WriteLogItem(1554849511533,A,WriteOperation(z,+,1))[2019-04-09T22:39:05.049][ReplicaE] -- Update with key z, value = 1
WriteLogItem(1554849542913,A,WriteOperation(z,+,1))[2019-04-09T22:39:05.049][ReplicaE] -- Update with key z, value = 1

[2019-04-09T22:39:29.671][ReplicaE] Read key = x
[2019-04-09T22:39:31.220][ReplicaE] Read key = y
[2019-04-09T22:39:32.739][ReplicaE] Read key = z
/home/sven/.sdkman/candidates/scala/current/bin/scala: line 21: 21754 Killed                  "$@"
