Starting...
=> Created registry
=> Bind ECG history
RMI Registry started!
Use Crtl+C to stop the server
[2019-04-08T10:48:27.466][Master] Registered ReplicaA
[2019-04-08T10:48:27.523][Master] Registered //10.156.0.2/ReplicaA
[2019-04-08T10:48:32.013][Master] Registered ReplicaB
[2019-04-08T10:48:32.327][Master] Registered ReplicaC
[2019-04-08T10:48:32.788][Master] Registered //10.156.0.2/ReplicaC
[2019-04-08T10:48:32.973][Master] Registered //10.156.0.2/ReplicaB
[2019-04-08T10:48:36.829][Master] Read ECG writelog
[2019-04-08T10:48:36.930][Master] Write ECG writelog: WriteLogItem(1554720516915,A,WriteOperation(y,+,1))
[2019-04-08T10:48:39.869][Master] Read ECG writelog
[2019-04-08T10:48:40.013][Master] Write ECG writelog: WriteLogItem(1554720519959,C,WriteOperation(x,+,1))
[2019-04-08T10:48:43.286][Master] Read ECG writelog
[2019-04-08T10:48:45.149][Master] Read ECG writelog
[2019-04-08T10:48:46.994][Master] Read ECG writelog
[2019-04-08T10:48:49.412][Master] Read ECG writelog
[2019-04-08T10:48:49.423][Master] Write ECG writelog: WriteLogItem(1554720529420,A,WriteOperation(x,+,1))
[2019-04-08T10:48:51.254][Master] Read ECG writelog
[2019-04-08T10:48:54.801][Master] Read ECG writelog
[2019-04-08T10:48:58.381][Master] Read ECG writelog
[2019-04-08T10:48:58.616][Master] Write ECG writelog: WriteLogItem(1554720538500,B,WriteOperation(y,+,1))
[2019-04-08T10:49:00.834][Master] Read ECG writelog
[2019-04-08T10:49:03.828][Master] Read ECG writelog
[2019-04-08T10:49:03.939][Master] Write ECG writelog: WriteLogItem(1554720543884,C,WriteOperation(y,+,1))
[2019-04-08T10:49:06.283][Master] Read ECG writelog
[2019-04-08T10:49:08.530][Master] Read ECG writelog
[2019-04-08T10:49:08.645][Master] Write ECG writelog: WriteLogItem(1554720548586,C,WriteOperation(x,+,1))
[2019-04-08T10:49:11.501][Master] Read ECG writelog
[2019-04-08T10:49:13.211][Master] Read ECG writelog
[2019-04-08T10:49:16.726][Master] Read ECG writelog
[2019-04-08T10:49:20.086][Master] Read ECG writelog
[2019-04-08T10:49:23.025][Master] Read ECG writelog
[2019-04-08T10:49:23.139][Master] Write ECG writelog: WriteLogItem(1554720563085,C,WriteOperation(y,+,1))
[2019-04-08T10:49:25.538][Master] Read ECG writelog
[2019-04-08T10:49:25.548][Master] Write ECG writelog: WriteLogItem(1554720565542,A,WriteOperation(z,+,1))
[2019-04-08T10:49:28.005][Master] Read ECG writelog
[2019-04-08T10:49:28.120][Master] Write ECG writelog: WriteLogItem(1554720568065,C,WriteOperation(y,+,1))
[2019-04-08T10:49:31.759][Master] Read ECG writelog
[2019-04-08T10:49:31.995][Master] Write ECG writelog: WriteLogItem(1554720571878,B,WriteOperation(x,+,1))
[2019-04-08T10:49:35.202][Master] Read ECG writelog
[2019-04-08T10:49:38.266][Master] Read ECG writelog
[2019-04-08T10:49:38.379][Master] Write ECG writelog: WriteLogItem(1554720578321,C,WriteOperation(y,+,1))
[2019-04-08T10:49:40.934][Master] Read ECG writelog
[2019-04-08T10:49:44.045][Master] Read ECG writelog
[2019-04-08T10:49:44.160][Master] Write ECG writelog: WriteLogItem(1554720584105,C,WriteOperation(y,+,1))
[2019-04-08T10:49:46.045][Master] Read ECG writelog
[2019-04-08T10:49:46.051][Master] Write ECG writelog: WriteLogItem(1554720586049,A,WriteOperation(z,+,1))
[2019-04-08T10:49:47.741][Master] Read ECG writelog
[2019-04-08T10:49:47.752][Master] Write ECG writelog: WriteLogItem(1554720587744,A,WriteOperation(z,+,1))
[2019-04-08T10:49:50.269][Master] Read ECG writelog
[2019-04-08T10:49:50.378][Master] Write ECG writelog: WriteLogItem(1554720590324,C,WriteOperation(y,+,1))
[2019-04-08T10:49:53.993][Master] Read ECG writelog
[2019-04-08T10:49:57.809][Master] Read ECG writelog
[2019-04-08T10:49:58.053][Master] Write ECG writelog: WriteLogItem(1554720597933,B,WriteOperation(x,+,1))
[2019-04-08T10:50:01.444][Master] Read ECG writelog
[2019-04-08T10:50:01.686][Master] Write ECG writelog: WriteLogItem(1554720601570,B,WriteOperation(x,+,1))
[2019-04-08T10:50:05.313][Master] Read ECG writelog
[2019-04-08T10:50:08.621][Master] Read ECG writelog
[2019-04-08T10:50:10.180][Master] Read ECG writelog
[2019-04-08T10:50:10.188][Master] Write ECG writelog: WriteLogItem(1554720610182,A,WriteOperation(y,+,1))
[2019-04-08T10:50:13.735][Master] Read ECG writelog
[2019-04-08T10:50:15.718][Master] Read ECG writelog
[2019-04-08T10:50:19.223][Master] Read ECG writelog
[2019-04-08T10:50:19.460][Master] Write ECG writelog: WriteLogItem(1554720619344,B,WriteOperation(x,+,1))
[2019-04-08T10:50:22.668][Master] Read ECG writelog
[2019-04-08T10:50:22.904][Master] Write ECG writelog: WriteLogItem(1554720622787,B,WriteOperation(x,+,1))
[2019-04-08T10:50:26.176][Master] Read ECG writelog
[2019-04-08T10:50:28.395][Master] Read ECG writelog
[2019-04-08T10:50:30.648][Master] Read ECG writelog
[2019-04-08T10:50:30.653][Master] Write ECG writelog: WriteLogItem(1554720630650,A,WriteOperation(x,+,1))
[2019-04-08T10:50:32.668][Master] Read ECG writelog
[2019-04-08T10:50:35.579][Master] Read ECG writelog
[2019-04-08T10:50:35.688][Master] Write ECG writelog: WriteLogItem(1554720635634,C,WriteOperation(y,+,1))
[2019-04-08T10:50:37.348][Master] Read ECG writelog
[2019-04-08T10:50:37.357][Master] Write ECG writelog: WriteLogItem(1554720637355,A,WriteOperation(x,+,1))
[2019-04-08T10:50:40.220][Master] Read ECG writelog
[2019-04-08T10:50:41.739][Master] Read ECG writelog
[2019-04-08T10:50:41.743][Master] Write ECG writelog: WriteLogItem(1554720641742,A,WriteOperation(z,+,1))
[2019-04-08T10:50:43.823][Master] Read ECG writelog
[2019-04-08T10:50:47.811][Master] Read ECG writelog
[2019-04-08T10:50:50.922][Master] Read ECG writelog
[2019-04-08T10:50:53.271][Master] Read ECG writelog
[2019-04-08T10:50:55.415][Master] Read ECG writelog
[2019-04-08T10:50:55.421][Master] Write ECG writelog: WriteLogItem(1554720655420,A,WriteOperation(z,+,1))
[2019-04-08T10:50:57.299][Master] Read ECG writelog
[2019-04-08T10:51:01.478][Master] Read ECG writelog
[2019-04-08T10:51:05.175][Master] Read ECG writelog
[2019-04-08T10:51:08.267][Master] Read ECG writelog
[2019-04-08T10:51:11.240][Master] Read ECG writelog
[2019-04-08T10:51:11.350][Master] Write ECG writelog: WriteLogItem(1554720671296,C,WriteOperation(z,+,1))
[2019-04-08T10:51:14.981][Master] Read ECG writelog
[2019-04-08T10:51:16.802][Master] Read ECG writelog
[2019-04-08T10:51:20.936][Master] Read ECG writelog
[2019-04-08T10:51:23.734][Master] Read ECG writelog
[2019-04-08T10:51:23.845][Master] Write ECG writelog: WriteLogItem(1554720683791,C,WriteOperation(z,+,1))
[2019-04-08T10:51:26.490][Master] Read ECG writelog
[2019-04-08T10:51:28.374][Master] Read ECG writelog
[2019-04-08T10:51:30.856][Master] Read ECG writelog
[2019-04-08T10:51:33.172][Master] Read ECG writelog
[2019-04-08T10:51:33.280][Master] Write ECG writelog: WriteLogItem(1554720693226,C,WriteOperation(y,+,1))
[2019-04-08T10:51:36.346][Master] Read ECG writelog
[2019-04-08T10:51:39.926][Master] Read ECG writelog
[2019-04-08T10:51:42.464][Master] Read ECG writelog
[2019-04-08T10:51:44.303][Master] Read ECG writelog
[2019-04-08T10:51:44.308][Master] Write ECG writelog: WriteLogItem(1554720704307,A,WriteOperation(z,+,1))
[2019-04-08T10:51:46.227][Master] Read ECG writelog
[2019-04-08T10:51:46.230][Master] Write ECG writelog: WriteLogItem(1554720706229,A,WriteOperation(y,+,1))
[2019-04-08T10:51:47.829][Master] Read ECG writelog
[2019-04-08T10:51:47.836][Master] Write ECG writelog: WriteLogItem(1554720707831,A,WriteOperation(y,+,1))
[2019-04-08T10:51:51.282][Master] Read ECG writelog
[2019-04-08T10:51:54.356][Master] Read ECG writelog
[2019-04-08T10:51:57.335][Master] Read ECG writelog
[2019-04-08T10:52:01.139][Master] Read ECG writelog
[2019-04-08T10:52:03.479][Master] Read ECG writelog
[2019-04-08T10:52:06.614][Master] Read ECG writelog
[2019-04-08T10:52:09.237][Master] Read ECG writelog
[2019-04-08T10:52:12.038][Master] Read ECG writelog
[2019-04-08T10:52:14.274][Master] Read ECG writelog
[2019-04-08T10:52:14.278][Master] Write ECG writelog: WriteLogItem(1554720734277,A,WriteOperation(y,+,1))
[2019-04-08T10:52:17.945][Master] Read ECG writelog
[2019-04-08T10:52:21.684][Master] Read ECG writelog
[2019-04-08T10:52:24.658][Master] Read ECG writelog
[2019-04-08T10:52:26.258][Master] Read ECG writelog
[2019-04-08T10:52:26.262][Master] Write ECG writelog: WriteLogItem(1554720746261,A,WriteOperation(z,+,1))
[2019-04-08T10:52:29.415][Master] Read ECG writelog
[2019-04-08T10:52:29.651][Master] Write ECG writelog: WriteLogItem(1554720749534,B,WriteOperation(z,+,1))
[2019-04-08T10:52:32.287][Master] Read ECG writelog
[2019-04-08T10:52:35.391][Master] Read ECG writelog
[2019-04-08T10:52:37.648][Master] Read ECG writelog
[2019-04-08T10:52:41.885][Master] Read ECG writelog
[2019-04-08T10:52:42.118][Master] Write ECG writelog: WriteLogItem(1554720762002,B,WriteOperation(x,+,1))
[2019-04-08T10:52:44.628][Master] Read ECG writelog
[2019-04-08T10:52:47.551][Master] Read ECG writelog
[2019-04-08T10:52:47.664][Master] Write ECG writelog: WriteLogItem(1554720767606,C,WriteOperation(z,+,1))
[2019-04-08T10:52:50.424][Master] Read ECG writelog
[2019-04-08T10:52:50.533][Master] Write ECG writelog: WriteLogItem(1554720770479,C,WriteOperation(z,+,1))
[2019-04-08T10:52:52.427][Master] Read ECG writelog
[2019-04-08T10:52:54.929][Master] Read ECG writelog
[2019-04-08T10:52:55.046][Master] Write ECG writelog: WriteLogItem(1554720774991,C,WriteOperation(z,+,1))
[2019-04-08T10:52:57.660][Master] Read ECG writelog
[2019-04-08T10:53:01.366][Master] Read ECG writelog
[2019-04-08T10:53:03.002][Master] Read ECG writelog
[2019-04-08T10:53:06.235][Master] Read ECG writelog
[2019-04-08T10:53:06.472][Master] Write ECG writelog: WriteLogItem(1554720786356,B,WriteOperation(z,+,1))
[2019-04-08T10:53:10.115][Master] Read ECG writelog
[2019-04-08T10:53:10.348][Master] Write ECG writelog: WriteLogItem(1554720790231,B,WriteOperation(z,+,1))
[2019-04-08T10:53:13.111][Master] Read ECG writelog
[2019-04-08T10:53:13.222][Master] Write ECG writelog: WriteLogItem(1554720793168,C,WriteOperation(z,+,1))
[2019-04-08T10:53:15.082][Master] Read ECG writelog
[2019-04-08T10:53:17.578][Master] Read ECG writelog
[2019-04-08T10:53:19.100][Master] Read ECG writelog
[2019-04-08T10:53:20.635][Master] Read ECG writelog
[2019-04-08T10:53:26.984][Master] Read ECG writelog
[2019-04-08T10:53:29.350][Master] Read ECG writelog
[2019-04-08T10:53:31.600][Master] Read ECG writelog
[2019-04-08T10:53:35.006][Master] Read ECG writelog
[2019-04-08T10:53:36.616][Master] Read ECG writelog
[2019-04-08T10:53:38.174][Master] Read ECG writelog
/home/sven/.sdkman/candidates/scala/current/bin/scala: line 21:  1221 Killed                  "$@"
