[2019-04-08T10:48:31.307][ReplicaC] Starting ReplicaC
[2019-04-08T10:48:31.309][ReplicaC] => Looking for ECG history
[2019-04-08T10:48:32.380][ReplicaC] => Binding TACT Replica to RMI
[2019-04-08T10:48:32.841][ReplicaC] Replica started on rmi://10.156.0.2/ReplicaC
[2019-04-08T10:48:39.709][ReplicaC] Write key = x, value = 1
[2019-04-08T10:48:39.710][ReplicaC] Anti entropy session check
[2019-04-08T10:48:39.710][ReplicaC] => Updating errors
[2019-04-08T10:48:39.958][ReplicaC] => Check errors out of bound
[2019-04-08T10:48:39.959][ReplicaC] => Numerical Error 7
[2019-04-08T10:48:39.959][ReplicaC] => Order Error 9
[2019-04-08T10:48:39.959][ReplicaC] => Staleness Error 931
[2019-04-08T10:49:03.561][ReplicaC] Write key = y, value = 1
[2019-04-08T10:49:03.561][ReplicaC] Anti entropy session check
[2019-04-08T10:49:03.561][ReplicaC] => Updating errors
[2019-04-08T10:49:03.884][ReplicaC] => Check errors out of bound
[2019-04-08T10:49:03.884][ReplicaC] => Numerical Error 93
[2019-04-08T10:49:03.884][ReplicaC] => Order Error 8
[2019-04-08T10:49:03.884][ReplicaC] => Staleness Error 551
[2019-04-08T10:49:06.122][ReplicaC] Read key = x
[2019-04-08T10:49:06.123][ReplicaC] Anti entropy session check
[2019-04-08T10:49:06.123][ReplicaC] => Updating errors
[2019-04-08T10:49:06.339][ReplicaC] => Check errors out of bound
[2019-04-08T10:49:06.339][ReplicaC] => Numerical Error 7
[2019-04-08T10:49:06.339][ReplicaC] => Order Error 9
[2019-04-08T10:49:06.339][ReplicaC] => Staleness Error 931
[2019-04-08T10:49:08.369][ReplicaC] Write key = x, value = 1
[2019-04-08T10:49:08.369][ReplicaC] Anti entropy session check
[2019-04-08T10:49:08.370][ReplicaC] => Updating errors
[2019-04-08T10:49:08.585][ReplicaC] => Check errors out of bound
[2019-04-08T10:49:08.585][ReplicaC] => Numerical Error 7
[2019-04-08T10:49:08.586][ReplicaC] => Order Error 9
[2019-04-08T10:49:08.586][ReplicaC] => Staleness Error 931
[2019-04-08T10:49:11.341][ReplicaC] Read key = x
[2019-04-08T10:49:11.341][ReplicaC] Anti entropy session check
[2019-04-08T10:49:11.341][ReplicaC] => Updating errors
[2019-04-08T10:49:11.558][ReplicaC] => Check errors out of bound
[2019-04-08T10:49:11.558][ReplicaC] => Numerical Error 7
[2019-04-08T10:49:11.558][ReplicaC] => Order Error 9
[2019-04-08T10:49:11.558][ReplicaC] => Staleness Error 931
[2019-04-08T10:49:22.864][ReplicaC] Write key = y, value = 1
[2019-04-08T10:49:22.865][ReplicaC] Anti entropy session check
[2019-04-08T10:49:22.865][ReplicaC] => Updating errors
[2019-04-08T10:49:23.082][ReplicaC] => Check errors out of bound
[2019-04-08T10:49:23.082][ReplicaC] => Numerical Error 93
[2019-04-08T10:49:23.082][ReplicaC] => Order Error 8
[2019-04-08T10:49:23.085][ReplicaC] => Staleness Error 551
[2019-04-08T10:49:27.845][ReplicaC] Write key = y, value = 1
[2019-04-08T10:49:27.845][ReplicaC] Anti entropy session check
[2019-04-08T10:49:27.845][ReplicaC] => Updating errors
[2019-04-08T10:49:28.063][ReplicaC] => Check errors out of bound
[2019-04-08T10:49:28.065][ReplicaC] => Numerical Error 93
[2019-04-08T10:49:28.065][ReplicaC] => Order Error 8
[2019-04-08T10:49:28.065][ReplicaC] => Staleness Error 551
[2019-04-08T10:49:38.105][ReplicaC] Write key = y, value = 1
[2019-04-08T10:49:38.106][ReplicaC] Anti entropy session check
[2019-04-08T10:49:38.106][ReplicaC] => Updating errors
[2019-04-08T10:49:38.321][ReplicaC] => Check errors out of bound
[2019-04-08T10:49:38.321][ReplicaC] => Numerical Error 93
[2019-04-08T10:49:38.321][ReplicaC] => Order Error 8
[2019-04-08T10:49:38.321][ReplicaC] => Staleness Error 551
[2019-04-08T10:49:40.773][ReplicaC] Read key = y
[2019-04-08T10:49:40.773][ReplicaC] Anti entropy session check
[2019-04-08T10:49:40.773][ReplicaC] => Updating errors
[2019-04-08T10:49:40.995][ReplicaC] => Check errors out of bound
[2019-04-08T10:49:40.995][ReplicaC] => Numerical Error 93
[2019-04-08T10:49:40.995][ReplicaC] => Order Error 8
[2019-04-08T10:49:40.995][ReplicaC] => Staleness Error 551
[2019-04-08T10:49:43.884][ReplicaC] Write key = y, value = 1
[2019-04-08T10:49:43.885][ReplicaC] Anti entropy session check
[2019-04-08T10:49:43.885][ReplicaC] => Updating errors
[2019-04-08T10:49:44.105][ReplicaC] => Check errors out of bound
[2019-04-08T10:49:44.105][ReplicaC] => Numerical Error 93
[2019-04-08T10:49:44.105][ReplicaC] => Order Error 8
[2019-04-08T10:49:44.105][ReplicaC] => Staleness Error 551
[2019-04-08T10:49:50.108][ReplicaC] Write key = y, value = 1
[2019-04-08T10:49:50.108][ReplicaC] Anti entropy session check
[2019-04-08T10:49:50.108][ReplicaC] => Updating errors
[2019-04-08T10:49:50.324][ReplicaC] => Check errors out of bound
[2019-04-08T10:49:50.324][ReplicaC] => Numerical Error 93
[2019-04-08T10:49:50.324][ReplicaC] => Order Error 8
[2019-04-08T10:49:50.324][ReplicaC] => Staleness Error 551
[2019-04-08T10:50:25.909][ReplicaC] Read key = y
[2019-04-08T10:50:25.909][ReplicaC] Anti entropy session check
[2019-04-08T10:50:25.909][ReplicaC] => Updating errors
[2019-04-08T10:50:26.234][ReplicaC] => Check errors out of bound
[2019-04-08T10:50:26.234][ReplicaC] => Numerical Error 93
[2019-04-08T10:50:26.234][ReplicaC] => Order Error 8
[2019-04-08T10:50:26.234][ReplicaC] => Staleness Error 551
[2019-04-08T10:50:35.416][ReplicaC] Write key = y, value = 1
[2019-04-08T10:50:35.417][ReplicaC] Anti entropy session check
[2019-04-08T10:50:35.417][ReplicaC] => Updating errors
[2019-04-08T10:50:35.634][ReplicaC] => Check errors out of bound
[2019-04-08T10:50:35.634][ReplicaC] => Numerical Error 93
[2019-04-08T10:50:35.634][ReplicaC] => Order Error 8
[2019-04-08T10:50:35.634][ReplicaC] => Staleness Error 551
[2019-04-08T10:50:40.060][ReplicaC] Read key = z
[2019-04-08T10:50:40.061][ReplicaC] Anti entropy session check
[2019-04-08T10:50:40.061][ReplicaC] => Updating errors
[2019-04-08T10:50:40.279][ReplicaC] => Check errors out of bound
[2019-04-08T10:50:40.279][ReplicaC] => Numerical Error 71
[2019-04-08T10:50:40.279][ReplicaC] => Order Error 8
[2019-04-08T10:50:40.279][ReplicaC] => Staleness Error 2
[2019-04-08T10:50:43.664][ReplicaC] Write key = x, value = 1
[2019-04-08T10:50:43.664][ReplicaC] Anti entropy session check
[2019-04-08T10:50:43.664][ReplicaC] => Updating errors
[2019-04-08T10:50:43.878][ReplicaC] => Check errors out of bound
[2019-04-08T10:50:43.878][ReplicaC] Start anti-entropy session
[2019-04-08T10:50:53.111][ReplicaC] Read key = z
[2019-04-08T10:50:53.111][ReplicaC] Anti entropy session check
[2019-04-08T10:50:53.111][ReplicaC] => Updating errors
[2019-04-08T10:50:53.334][ReplicaC] => Check errors out of bound
[2019-04-08T10:50:53.334][ReplicaC] => Numerical Error 71
[2019-04-08T10:50:53.334][ReplicaC] => Order Error 8
[2019-04-08T10:50:53.334][ReplicaC] => Staleness Error 2
[2019-04-08T10:51:11.078][ReplicaC] Write key = z, value = 1
[2019-04-08T10:51:11.078][ReplicaC] Anti entropy session check
[2019-04-08T10:51:11.079][ReplicaC] => Updating errors
[2019-04-08T10:51:11.296][ReplicaC] => Check errors out of bound
[2019-04-08T10:51:11.296][ReplicaC] => Numerical Error 71
[2019-04-08T10:51:11.296][ReplicaC] => Order Error 8
[2019-04-08T10:51:11.296][ReplicaC] => Staleness Error 2
[2019-04-08T10:51:23.572][ReplicaC] Write key = z, value = 1
[2019-04-08T10:51:23.572][ReplicaC] Anti entropy session check
[2019-04-08T10:51:23.574][ReplicaC] => Updating errors
[2019-04-08T10:51:23.789][ReplicaC] => Check errors out of bound
[2019-04-08T10:51:23.790][ReplicaC] => Numerical Error 71
[2019-04-08T10:51:23.790][ReplicaC] => Order Error 8
[2019-04-08T10:51:23.791][ReplicaC] => Staleness Error 2
[2019-04-08T10:51:26.331][ReplicaC] Read key = z
[2019-04-08T10:51:26.331][ReplicaC] Anti entropy session check
[2019-04-08T10:51:26.331][ReplicaC] => Updating errors
[2019-04-08T10:51:26.547][ReplicaC] => Check errors out of bound
[2019-04-08T10:51:26.547][ReplicaC] => Numerical Error 71
[2019-04-08T10:51:26.547][ReplicaC] => Order Error 8
[2019-04-08T10:51:26.547][ReplicaC] => Staleness Error 2
[2019-04-08T10:51:30.696][ReplicaC] Read key = y
[2019-04-08T10:51:30.696][ReplicaC] Anti entropy session check
[2019-04-08T10:51:30.696][ReplicaC] => Updating errors
[2019-04-08T10:51:30.911][ReplicaC] => Check errors out of bound
[2019-04-08T10:51:30.911][ReplicaC] => Numerical Error 93
[2019-04-08T10:51:30.911][ReplicaC] => Order Error 8
[2019-04-08T10:51:30.911][ReplicaC] => Staleness Error 551
[2019-04-08T10:51:33.012][ReplicaC] Write key = y, value = 1
[2019-04-08T10:51:33.012][ReplicaC] Anti entropy session check
[2019-04-08T10:51:33.013][ReplicaC] => Updating errors
[2019-04-08T10:51:33.226][ReplicaC] => Check errors out of bound
[2019-04-08T10:51:33.226][ReplicaC] => Numerical Error 93
[2019-04-08T10:51:33.226][ReplicaC] => Order Error 8
[2019-04-08T10:51:33.226][ReplicaC] => Staleness Error 551
[2019-04-08T10:51:36.185][ReplicaC] Read key = x
[2019-04-08T10:51:36.187][ReplicaC] Anti entropy session check
[2019-04-08T10:51:36.187][ReplicaC] => Updating errors
[2019-04-08T10:51:36.402][ReplicaC] => Check errors out of bound
[2019-04-08T10:51:36.402][ReplicaC] Start anti-entropy session
[2019-04-08T10:51:42.303][ReplicaC] Read key = y
[2019-04-08T10:51:42.304][ReplicaC] Anti entropy session check
[2019-04-08T10:51:42.304][ReplicaC] => Updating errors
[2019-04-08T10:51:42.527][ReplicaC] => Check errors out of bound
[2019-04-08T10:51:42.527][ReplicaC] => Numerical Error 93
[2019-04-08T10:51:42.527][ReplicaC] => Order Error 8
[2019-04-08T10:51:42.527][ReplicaC] => Staleness Error 551
[2019-04-08T10:52:03.319][ReplicaC] Read key = y
[2019-04-08T10:52:03.319][ReplicaC] Anti entropy session check
[2019-04-08T10:52:03.319][ReplicaC] => Updating errors
[2019-04-08T10:52:03.537][ReplicaC] => Check errors out of bound
[2019-04-08T10:52:03.537][ReplicaC] => Numerical Error 93
[2019-04-08T10:52:03.537][ReplicaC] => Order Error 8
[2019-04-08T10:52:03.537][ReplicaC] => Staleness Error 551
[2019-04-08T10:52:09.077][ReplicaC] Read key = x
[2019-04-08T10:52:09.077][ReplicaC] Anti entropy session check
[2019-04-08T10:52:09.077][ReplicaC] => Updating errors
[2019-04-08T10:52:09.293][ReplicaC] => Check errors out of bound
[2019-04-08T10:52:09.293][ReplicaC] Start anti-entropy session
[2019-04-08T10:52:11.878][ReplicaC] Write key = x, value = 1
[2019-04-08T10:52:11.878][ReplicaC] Anti entropy session check
[2019-04-08T10:52:11.878][ReplicaC] => Updating errors
[2019-04-08T10:52:12.092][ReplicaC] => Check errors out of bound
[2019-04-08T10:52:12.093][ReplicaC] Start anti-entropy session
[2019-04-08T10:52:24.498][ReplicaC] Read key = y
[2019-04-08T10:52:24.499][ReplicaC] Anti entropy session check
[2019-04-08T10:52:24.499][ReplicaC] => Updating errors
[2019-04-08T10:52:24.712][ReplicaC] => Check errors out of bound
[2019-04-08T10:52:24.713][ReplicaC] => Numerical Error 93
[2019-04-08T10:52:24.713][ReplicaC] => Order Error 8
[2019-04-08T10:52:24.713][ReplicaC] => Staleness Error 551
[2019-04-08T10:52:35.231][ReplicaC] Read key = y
[2019-04-08T10:52:35.232][ReplicaC] Anti entropy session check
[2019-04-08T10:52:35.232][ReplicaC] => Updating errors
[2019-04-08T10:52:35.446][ReplicaC] => Check errors out of bound
[2019-04-08T10:52:35.446][ReplicaC] => Numerical Error 93
[2019-04-08T10:52:35.446][ReplicaC] => Order Error 8
[2019-04-08T10:52:35.446][ReplicaC] => Staleness Error 551
[2019-04-08T10:52:47.388][ReplicaC] Write key = z, value = 1
[2019-04-08T10:52:47.388][ReplicaC] Anti entropy session check
[2019-04-08T10:52:47.388][ReplicaC] => Updating errors
[2019-04-08T10:52:47.606][ReplicaC] => Check errors out of bound
[2019-04-08T10:52:47.606][ReplicaC] => Numerical Error 71
[2019-04-08T10:52:47.606][ReplicaC] => Order Error 8
[2019-04-08T10:52:47.606][ReplicaC] => Staleness Error 2
[2019-04-08T10:52:50.265][ReplicaC] Write key = z, value = 1
[2019-04-08T10:52:50.266][ReplicaC] Anti entropy session check
[2019-04-08T10:52:50.266][ReplicaC] => Updating errors
[2019-04-08T10:52:50.479][ReplicaC] => Check errors out of bound
[2019-04-08T10:52:50.479][ReplicaC] => Numerical Error 71
[2019-04-08T10:52:50.479][ReplicaC] => Order Error 8
[2019-04-08T10:52:50.479][ReplicaC] => Staleness Error 2
[2019-04-08T10:52:54.770][ReplicaC] Write key = z, value = 1
[2019-04-08T10:52:54.771][ReplicaC] Anti entropy session check
[2019-04-08T10:52:54.771][ReplicaC] => Updating errors
[2019-04-08T10:52:54.990][ReplicaC] => Check errors out of bound
[2019-04-08T10:52:54.990][ReplicaC] => Numerical Error 71
[2019-04-08T10:52:54.990][ReplicaC] => Order Error 8
[2019-04-08T10:52:54.990][ReplicaC] => Staleness Error 2
[2019-04-08T10:52:57.501][ReplicaC] Read key = y
[2019-04-08T10:52:57.501][ReplicaC] Anti entropy session check
[2019-04-08T10:52:57.501][ReplicaC] => Updating errors
[2019-04-08T10:52:57.715][ReplicaC] => Check errors out of bound
[2019-04-08T10:52:57.715][ReplicaC] => Numerical Error 93
[2019-04-08T10:52:57.715][ReplicaC] => Order Error 8
[2019-04-08T10:52:57.715][ReplicaC] => Staleness Error 551
[2019-04-08T10:53:12.950][ReplicaC] Write key = z, value = 1
[2019-04-08T10:53:12.950][ReplicaC] Anti entropy session check
[2019-04-08T10:53:12.950][ReplicaC] => Updating errors
[2019-04-08T10:53:13.168][ReplicaC] => Check errors out of bound
[2019-04-08T10:53:13.168][ReplicaC] => Numerical Error 71
[2019-04-08T10:53:13.168][ReplicaC] => Order Error 8
[2019-04-08T10:53:13.168][ReplicaC] => Staleness Error 2
[2019-04-08T10:53:34.847][ReplicaC] Read key = x
[2019-04-08T10:53:34.847][ReplicaC] Anti entropy session check
[2019-04-08T10:53:34.847][ReplicaC] => Updating errors
[2019-04-08T10:53:35.064][ReplicaC] => Check errors out of bound
[2019-04-08T10:53:35.064][ReplicaC] Start anti-entropy session
[2019-04-08T10:53:36.457][ReplicaC] Read key = y
[2019-04-08T10:53:36.457][ReplicaC] Anti entropy session check
[2019-04-08T10:53:36.457][ReplicaC] => Updating errors
[2019-04-08T10:53:36.673][ReplicaC] => Check errors out of bound
[2019-04-08T10:53:36.673][ReplicaC] => Numerical Error 93
[2019-04-08T10:53:36.673][ReplicaC] => Order Error 8
[2019-04-08T10:53:36.673][ReplicaC] => Staleness Error 551
[2019-04-08T10:53:38.015][ReplicaC] Read key = z
[2019-04-08T10:53:38.015][ReplicaC] Anti entropy session check
[2019-04-08T10:53:38.015][ReplicaC] => Updating errors
[2019-04-08T10:53:38.228][ReplicaC] => Check errors out of bound
[2019-04-08T10:53:38.228][ReplicaC] => Numerical Error 71
[2019-04-08T10:53:38.228][ReplicaC] => Order Error 8
[2019-04-08T10:53:38.228][ReplicaC] => Staleness Error 2
/home/sven/.sdkman/candidates/scala/current/bin/scala: line 21: 19886 Killed                  "$@"
