Starting...
=> Created registry
=> Bind ECG history
RMI Registry started!
Use Crtl+C to stop the server
[2019-04-09T21:40:19.258][Master] Registered ReplicaA
[2019-04-09T21:40:19.369][Master] Registered //10.156.0.2/ReplicaA
[2019-04-09T21:40:19.582][Master] Registered ReplicaB
[2019-04-09T21:40:19.621][Master] Registered //10.156.0.2/ReplicaB
[2019-04-09T21:40:23.570][Master] Registered ReplicaC
[2019-04-09T21:40:24.539][Master] Registered //10.156.0.2/ReplicaC
[2019-04-09T21:40:27.032][Master] Registered ReplicaD
[2019-04-09T21:40:27.996][Master] Registered //10.156.0.2/ReplicaD
[2019-04-09T21:40:28.318][Master] Registered ReplicaE
[2019-04-09T21:40:28.775][Master] Registered //10.156.0.2/ReplicaE
[2019-04-09T21:40:30.464][Master] Registered ReplicaF
[2019-04-09T21:40:30.927][Master] Registered //10.156.0.2/ReplicaF
[2019-04-09T21:40:35.235][Master] Write ECG writelog: WriteLogItem(1554846035215,B,WriteOperation(y,+,1))
[2019-04-09T21:40:35.238][Master] Read ECG writelog
[2019-04-09T21:40:37.860][Master] Write ECG writelog: WriteLogItem(1554846037850,A,WriteOperation(y,+,1))
[2019-04-09T21:40:37.863][Master] Read ECG writelog
[2019-04-09T21:40:40.136][Master] Write ECG writelog: WriteLogItem(1554846040134,A,WriteOperation(x,+,1))
[2019-04-09T21:40:40.139][Master] Read ECG writelog
[2019-04-09T21:40:42.454][Master] Write ECG writelog: WriteLogItem(1554846042452,A,WriteOperation(x,+,1))
[2019-04-09T21:40:42.457][Master] Read ECG writelog
[2019-04-09T21:40:44.214][Master] Write ECG writelog: WriteLogItem(1554846044212,B,WriteOperation(x,+,1))
[2019-04-09T21:40:44.216][Master] Read ECG writelog
[2019-04-09T21:40:46.276][Master] Write ECG writelog: WriteLogItem(1554846046274,A,WriteOperation(x,+,1))
[2019-04-09T21:40:46.278][Master] Read ECG writelog
[2019-04-09T21:40:48.561][Master] Write ECG writelog: WriteLogItem(1554846048558,A,WriteOperation(y,+,1))
[2019-04-09T21:40:48.566][Master] Read ECG writelog
[2019-04-09T21:40:50.737][Master] Write ECG writelog: WriteLogItem(1554846050735,B,WriteOperation(y,+,1))
[2019-04-09T21:40:50.744][Master] Read ECG writelog
[2019-04-09T21:40:52.449][Master] Write ECG writelog: WriteLogItem(1554846052445,A,WriteOperation(z,+,1))
[2019-04-09T21:40:52.450][Master] Read ECG writelog
[2019-04-09T21:40:54.236][Master] Write ECG writelog: WriteLogItem(1554846054233,A,WriteOperation(z,+,1))
[2019-04-09T21:40:54.243][Master] Read ECG writelog
[2019-04-09T21:40:56.114][Master] Write ECG writelog: WriteLogItem(1554846056112,A,WriteOperation(x,+,1))
[2019-04-09T21:40:56.116][Master] Read ECG writelog
[2019-04-09T21:41:00.775][Master] Write ECG writelog: WriteLogItem(1554846060773,B,WriteOperation(y,+,1))
[2019-04-09T21:41:00.780][Master] Read ECG writelog
[2019-04-09T21:41:02.752][Master] Write ECG writelog: WriteLogItem(1554846062749,B,WriteOperation(z,+,1))
[2019-04-09T21:41:02.754][Master] Read ECG writelog
[2019-04-09T21:41:04.393][Master] Write ECG writelog: WriteLogItem(1554846064389,B,WriteOperation(y,+,1))
[2019-04-09T21:41:04.396][Master] Read ECG writelog
[2019-04-09T21:41:06.507][Master] Write ECG writelog: WriteLogItem(1554846066500,A,WriteOperation(z,+,1))
[2019-04-09T21:41:06.509][Master] Read ECG writelog
[2019-04-09T21:41:08.087][Master] Write ECG writelog: WriteLogItem(1554846068079,A,WriteOperation(z,+,1))
[2019-04-09T21:41:08.089][Master] Read ECG writelog
[2019-04-09T21:41:10.466][Master] Write ECG writelog: WriteLogItem(1554846070464,B,WriteOperation(y,+,1))
[2019-04-09T21:41:10.468][Master] Read ECG writelog
[2019-04-09T21:41:14.995][Master] Write ECG writelog: WriteLogItem(1554846074989,B,WriteOperation(y,+,1))
[2019-04-09T21:41:14.997][Master] Read ECG writelog
[2019-04-09T21:41:17.032][Master] Write ECG writelog: WriteLogItem(1554846077025,B,WriteOperation(z,+,1))
[2019-04-09T21:41:17.033][Master] Read ECG writelog
[2019-04-09T21:41:19.394][Master] Write ECG writelog: WriteLogItem(1554846079388,A,WriteOperation(x,+,1))
[2019-04-09T21:41:19.396][Master] Read ECG writelog
[2019-04-09T21:41:21.260][Master] Write ECG writelog: WriteLogItem(1554846081258,A,WriteOperation(y,+,1))
[2019-04-09T21:41:21.262][Master] Read ECG writelog
[2019-04-09T21:41:22.804][Master] Write ECG writelog: WriteLogItem(1554846082801,A,WriteOperation(x,+,1))
[2019-04-09T21:41:22.806][Master] Read ECG writelog
[2019-04-09T21:41:25.044][Master] Write ECG writelog: WriteLogItem(1554846085036,B,WriteOperation(x,+,1))
[2019-04-09T21:41:25.045][Master] Read ECG writelog
[2019-04-09T21:41:27.265][Master] Write ECG writelog: WriteLogItem(1554846087263,A,WriteOperation(x,+,1))
[2019-04-09T21:41:27.267][Master] Read ECG writelog
[2019-04-09T21:41:31.422][Master] Write ECG writelog: WriteLogItem(1554846091420,A,WriteOperation(z,+,1))
[2019-04-09T21:41:31.424][Master] Read ECG writelog
[2019-04-09T21:41:33.831][Master] Write ECG writelog: WriteLogItem(1554846093823,A,WriteOperation(y,+,1))
[2019-04-09T21:41:33.834][Master] Read ECG writelog
[2019-04-09T21:41:36.174][Master] Write ECG writelog: WriteLogItem(1554846096173,B,WriteOperation(x,+,1))
[2019-04-09T21:41:36.176][Master] Read ECG writelog
[2019-04-09T21:41:39.387][Master] Write ECG writelog: WriteLogItem(1554846099386,A,WriteOperation(x,+,1))
[2019-04-09T21:41:39.390][Master] Read ECG writelog
[2019-04-09T21:41:41.727][Master] Write ECG writelog: WriteLogItem(1554846101725,A,WriteOperation(x,+,1))
[2019-04-09T21:41:41.729][Master] Read ECG writelog
[2019-04-09T21:41:44.137][Master] Write ECG writelog: WriteLogItem(1554846104134,A,WriteOperation(x,+,1))
[2019-04-09T21:41:44.139][Master] Read ECG writelog
[2019-04-09T21:41:47.834][Master] Write ECG writelog: WriteLogItem(1554846107832,B,WriteOperation(y,+,1))
[2019-04-09T21:41:47.836][Master] Read ECG writelog
[2019-04-09T21:41:49.600][Master] Write ECG writelog: WriteLogItem(1554846109598,B,WriteOperation(y,+,1))
[2019-04-09T21:41:49.602][Master] Read ECG writelog
[2019-04-09T21:41:51.930][Master] Write ECG writelog: WriteLogItem(1554846111928,A,WriteOperation(z,+,1))
[2019-04-09T21:41:51.933][Master] Read ECG writelog
[2019-04-09T21:41:53.912][Master] Write ECG writelog: WriteLogItem(1554846113910,A,WriteOperation(x,+,1))
[2019-04-09T21:41:53.916][Master] Read ECG writelog
[2019-04-09T21:41:56.342][Master] Write ECG writelog: WriteLogItem(1554846116340,A,WriteOperation(x,+,1))
[2019-04-09T21:41:56.344][Master] Read ECG writelog
[2019-04-09T21:41:58.350][Master] Write ECG writelog: WriteLogItem(1554846118348,B,WriteOperation(y,+,1))
[2019-04-09T21:41:58.354][Master] Read ECG writelog
[2019-04-09T21:42:00.758][Master] Write ECG writelog: WriteLogItem(1554846120756,B,WriteOperation(y,+,1))
[2019-04-09T21:42:00.760][Master] Read ECG writelog
[2019-04-09T21:42:04.797][Master] Write ECG writelog: WriteLogItem(1554846124795,B,WriteOperation(y,+,1))
[2019-04-09T21:42:04.799][Master] Read ECG writelog
[2019-04-09T21:42:07.151][Master] Write ECG writelog: WriteLogItem(1554846127149,B,WriteOperation(z,+,1))
[2019-04-09T21:42:07.154][Master] Read ECG writelog
[2019-04-09T21:42:09.043][Master] Write ECG writelog: WriteLogItem(1554846129041,B,WriteOperation(x,+,1))
[2019-04-09T21:42:09.045][Master] Read ECG writelog
[2019-04-09T21:42:10.570][Master] Write ECG writelog: WriteLogItem(1554846130568,A,WriteOperation(x,+,1))
[2019-04-09T21:42:10.571][Master] Read ECG writelog
[2019-04-09T21:42:14.799][Master] Write ECG writelog: WriteLogItem(1554846134797,A,WriteOperation(y,+,1))
[2019-04-09T21:42:14.801][Master] Read ECG writelog
[2019-04-09T21:42:18.990][Master] Write ECG writelog: WriteLogItem(1554846138987,A,WriteOperation(y,+,1))
[2019-04-09T21:42:18.991][Master] Read ECG writelog
[2019-04-09T21:42:20.465][Master] Write ECG writelog: WriteLogItem(1554846140462,A,WriteOperation(x,+,1))
[2019-04-09T21:42:20.466][Master] Read ECG writelog
[2019-04-09T21:42:22.053][Master] Write ECG writelog: WriteLogItem(1554846142052,B,WriteOperation(y,+,1))
[2019-04-09T21:42:22.056][Master] Read ECG writelog
[2019-04-09T21:42:23.706][Master] Write ECG writelog: WriteLogItem(1554846143705,A,WriteOperation(x,+,1))
[2019-04-09T21:42:23.708][Master] Read ECG writelog
[2019-04-09T21:42:25.408][Master] Write ECG writelog: WriteLogItem(1554846145405,B,WriteOperation(z,+,1))
[2019-04-09T21:42:25.411][Master] Read ECG writelog
[2019-04-09T21:42:27.291][Master] Write ECG writelog: WriteLogItem(1554846147289,B,WriteOperation(x,+,1))
[2019-04-09T21:42:27.292][Master] Read ECG writelog
[2019-04-09T21:42:28.956][Master] Write ECG writelog: WriteLogItem(1554846148952,A,WriteOperation(z,+,1))
[2019-04-09T21:42:28.958][Master] Read ECG writelog
[2019-04-09T21:42:30.487][Master] Write ECG writelog: WriteLogItem(1554846150486,B,WriteOperation(x,+,1))
[2019-04-09T21:42:30.489][Master] Read ECG writelog
[2019-04-09T21:42:34.611][Master] Write ECG writelog: WriteLogItem(1554846154610,B,WriteOperation(x,+,1))
[2019-04-09T21:42:34.613][Master] Read ECG writelog
[2019-04-09T21:42:36.682][Master] Write ECG writelog: WriteLogItem(1554846156679,A,WriteOperation(z,+,1))
[2019-04-09T21:42:36.684][Master] Read ECG writelog
[2019-04-09T21:42:38.990][Master] Write ECG writelog: WriteLogItem(1554846158988,B,WriteOperation(y,+,1))
[2019-04-09T21:42:38.991][Master] Read ECG writelog
[2019-04-09T21:42:40.486][Master] Write ECG writelog: WriteLogItem(1554846160485,A,WriteOperation(z,+,1))
[2019-04-09T21:42:40.488][Master] Read ECG writelog
[2019-04-09T21:42:42.198][Master] Write ECG writelog: WriteLogItem(1554846162196,A,WriteOperation(y,+,1))
[2019-04-09T21:42:42.200][Master] Read ECG writelog
[2019-04-09T21:42:43.671][Master] Write ECG writelog: WriteLogItem(1554846163669,B,WriteOperation(y,+,1))
[2019-04-09T21:42:43.673][Master] Read ECG writelog
[2019-04-09T21:42:45.795][Master] Write ECG writelog: WriteLogItem(1554846165793,B,WriteOperation(y,+,1))
[2019-04-09T21:42:45.798][Master] Read ECG writelog
[2019-04-09T21:42:49.372][Master] Write ECG writelog: WriteLogItem(1554846169371,A,WriteOperation(x,+,1))
[2019-04-09T21:42:49.375][Master] Read ECG writelog
[2019-04-09T21:42:53.361][Master] Write ECG writelog: WriteLogItem(1554846173360,B,WriteOperation(x,+,1))
[2019-04-09T21:42:53.362][Master] Read ECG writelog
[2019-04-09T21:42:55.049][Master] Write ECG writelog: WriteLogItem(1554846175047,A,WriteOperation(z,+,1))
[2019-04-09T21:42:55.050][Master] Read ECG writelog
[2019-04-09T21:42:56.569][Master] Write ECG writelog: WriteLogItem(1554846176568,A,WriteOperation(x,+,1))
[2019-04-09T21:42:56.574][Master] Read ECG writelog
[2019-04-09T21:42:58.767][Master] Write ECG writelog: WriteLogItem(1554846178764,B,WriteOperation(z,+,1))
[2019-04-09T21:42:58.769][Master] Read ECG writelog
[2019-04-09T21:43:02.319][Master] Write ECG writelog: WriteLogItem(1554846182318,A,WriteOperation(y,+,1))
[2019-04-09T21:43:02.325][Master] Read ECG writelog
[2019-04-09T21:43:04.082][Master] Write ECG writelog: WriteLogItem(1554846184081,A,WriteOperation(x,+,1))
[2019-04-09T21:43:04.084][Master] Read ECG writelog
[2019-04-09T21:43:06.006][Master] Write ECG writelog: WriteLogItem(1554846186005,A,WriteOperation(x,+,1))
[2019-04-09T21:43:06.007][Master] Read ECG writelog
[2019-04-09T21:43:09.766][Master] Write ECG writelog: WriteLogItem(1554846189764,A,WriteOperation(x,+,1))
[2019-04-09T21:43:09.767][Master] Read ECG writelog
[2019-04-09T21:43:12.153][Master] Write ECG writelog: WriteLogItem(1554846192151,B,WriteOperation(x,+,1))
[2019-04-09T21:43:12.155][Master] Read ECG writelog
[2019-04-09T21:43:15.214][Master] Write ECG writelog: WriteLogItem(1554846195213,B,WriteOperation(z,+,1))
[2019-04-09T21:43:15.216][Master] Read ECG writelog
[2019-04-09T21:43:18.341][Master] Write ECG writelog: WriteLogItem(1554846198337,A,WriteOperation(x,+,1))
[2019-04-09T21:43:18.343][Master] Read ECG writelog
[2019-04-09T21:43:20.218][Master] Write ECG writelog: WriteLogItem(1554846200216,B,WriteOperation(z,+,1))
[2019-04-09T21:43:20.221][Master] Read ECG writelog
[2019-04-09T21:43:23.121][Master] Write ECG writelog: WriteLogItem(1554846203119,A,WriteOperation(x,+,1))
[2019-04-09T21:43:23.125][Master] Read ECG writelog
[2019-04-09T21:43:27.606][Master] Write ECG writelog: WriteLogItem(1554846207603,B,WriteOperation(y,+,1))
[2019-04-09T21:43:27.610][Master] Read ECG writelog
[2019-04-09T21:43:29.781][Master] Write ECG writelog: WriteLogItem(1554846209780,B,WriteOperation(x,+,1))
[2019-04-09T21:43:29.782][Master] Read ECG writelog
[2019-04-09T21:43:31.523][Master] Write ECG writelog: WriteLogItem(1554846211522,A,WriteOperation(y,+,1))
[2019-04-09T21:43:31.525][Master] Read ECG writelog
[2019-04-09T21:43:33.866][Master] Write ECG writelog: WriteLogItem(1554846213865,B,WriteOperation(x,+,1))
[2019-04-09T21:43:33.868][Master] Read ECG writelog
[2019-04-09T21:44:08.203][Master] Write ECG writelog: WriteLogItem(1554846248201,B,WriteOperation(x,+,1))
[2019-04-09T21:44:08.209][Master] Read ECG writelog
[2019-04-09T21:44:12.430][Master] Write ECG writelog: WriteLogItem(1554846252428,B,WriteOperation(y,+,1))
[2019-04-09T21:44:12.432][Master] Read ECG writelog
[2019-04-09T21:44:14.512][Master] Write ECG writelog: WriteLogItem(1554846254510,A,WriteOperation(z,+,1))
[2019-04-09T21:44:14.515][Master] Read ECG writelog
[2019-04-09T21:44:16.298][Master] Write ECG writelog: WriteLogItem(1554846256296,B,WriteOperation(y,+,1))
[2019-04-09T21:44:16.302][Master] Read ECG writelog
[2019-04-09T21:44:18.598][Master] Write ECG writelog: WriteLogItem(1554846258597,B,WriteOperation(y,+,1))
[2019-04-09T21:44:18.599][Master] Read ECG writelog
[2019-04-09T21:44:20.125][Master] Write ECG writelog: WriteLogItem(1554846260124,A,WriteOperation(x,+,1))
[2019-04-09T21:44:20.127][Master] Read ECG writelog
[2019-04-09T21:44:22.441][Master] Write ECG writelog: WriteLogItem(1554846262440,B,WriteOperation(z,+,1))
[2019-04-09T21:44:22.444][Master] Read ECG writelog
[2019-04-09T21:44:26.323][Master] Write ECG writelog: WriteLogItem(1554846266321,B,WriteOperation(x,+,1))
[2019-04-09T21:44:26.327][Master] Read ECG writelog
[2019-04-09T21:44:27.949][Master] Write ECG writelog: WriteLogItem(1554846267947,B,WriteOperation(z,+,1))
[2019-04-09T21:44:27.952][Master] Read ECG writelog
[2019-04-09T21:44:31.486][Master] Write ECG writelog: WriteLogItem(1554846271484,A,WriteOperation(y,+,1))
[2019-04-09T21:44:31.489][Master] Read ECG writelog
[2019-04-09T21:44:35.614][Master] Write ECG writelog: WriteLogItem(1554846275613,B,WriteOperation(z,+,1))
[2019-04-09T21:44:35.617][Master] Read ECG writelog
[2019-04-09T21:44:40.536][Master] Write ECG writelog: WriteLogItem(1554846280532,A,WriteOperation(z,+,1))
[2019-04-09T21:44:40.540][Master] Read ECG writelog
[2019-04-09T21:44:44.257][Master] Write ECG writelog: WriteLogItem(1554846284255,A,WriteOperation(z,+,1))
[2019-04-09T21:44:44.259][Master] Read ECG writelog
[2019-04-09T21:44:46.795][Master] Write ECG writelog: WriteLogItem(1554846286794,A,WriteOperation(y,+,1))
[2019-04-09T21:44:46.796][Master] Read ECG writelog
[2019-04-09T21:44:48.521][Master] Write ECG writelog: WriteLogItem(1554846288520,B,WriteOperation(z,+,1))
[2019-04-09T21:44:48.524][Master] Read ECG writelog
[2019-04-09T21:44:50.688][Master] Write ECG writelog: WriteLogItem(1554846290686,B,WriteOperation(x,+,1))
[2019-04-09T21:44:50.689][Master] Read ECG writelog
[2019-04-09T21:44:52.787][Master] Write ECG writelog: WriteLogItem(1554846292786,B,WriteOperation(x,+,1))
[2019-04-09T21:44:52.793][Master] Read ECG writelog
[2019-04-09T21:44:56.304][Master] Write ECG writelog: WriteLogItem(1554846296303,A,WriteOperation(x,+,1))
[2019-04-09T21:44:56.306][Master] Read ECG writelog
[2019-04-09T21:44:58.133][Master] Write ECG writelog: WriteLogItem(1554846298129,B,WriteOperation(x,+,1))
[2019-04-09T21:44:58.134][Master] Read ECG writelog
[2019-04-09T21:45:00.102][Master] Write ECG writelog: WriteLogItem(1554846300101,A,WriteOperation(x,+,1))
[2019-04-09T21:45:00.103][Master] Read ECG writelog
[2019-04-09T21:45:04.172][Master] Write ECG writelog: WriteLogItem(1554846304146,B,WriteOperation(x,+,1))
[2019-04-09T21:45:04.180][Master] Read ECG writelog
[2019-04-09T21:45:06.132][Master] Write ECG writelog: WriteLogItem(1554846306131,A,WriteOperation(z,+,1))
[2019-04-09T21:45:06.134][Master] Read ECG writelog
[2019-04-09T21:45:08.300][Master] Write ECG writelog: WriteLogItem(1554846308297,A,WriteOperation(x,+,1))
[2019-04-09T21:45:08.301][Master] Read ECG writelog
[2019-04-09T21:45:10.077][Master] Write ECG writelog: WriteLogItem(1554846310075,B,WriteOperation(z,+,1))
[2019-04-09T21:45:10.080][Master] Read ECG writelog
[2019-04-09T21:45:11.835][Master] Write ECG writelog: WriteLogItem(1554846311833,A,WriteOperation(x,+,1))
[2019-04-09T21:45:11.839][Master] Read ECG writelog
[2019-04-09T21:45:13.416][Master] Write ECG writelog: WriteLogItem(1554846313413,B,WriteOperation(z,+,1))
[2019-04-09T21:45:13.417][Master] Read ECG writelog
[2019-04-09T21:45:15.398][Master] Write ECG writelog: WriteLogItem(1554846315397,B,WriteOperation(x,+,1))
[2019-04-09T21:45:15.400][Master] Read ECG writelog
[2019-04-09T21:45:18.838][Master] Write ECG writelog: WriteLogItem(1554846318837,B,WriteOperation(z,+,1))
[2019-04-09T21:45:18.843][Master] Read ECG writelog
[2019-04-09T21:45:21.231][Master] Write ECG writelog: WriteLogItem(1554846321229,A,WriteOperation(y,+,1))
[2019-04-09T21:45:21.235][Master] Read ECG writelog
[2019-04-09T21:45:23.138][Master] Write ECG writelog: WriteLogItem(1554846323136,A,WriteOperation(z,+,1))
[2019-04-09T21:45:23.139][Master] Read ECG writelog
[2019-04-09T21:45:25.422][Master] Write ECG writelog: WriteLogItem(1554846325419,A,WriteOperation(y,+,1))
[2019-04-09T21:45:25.424][Master] Read ECG writelog
[2019-04-09T21:45:27.605][Master] Write ECG writelog: WriteLogItem(1554846327603,B,WriteOperation(x,+,1))
[2019-04-09T21:45:27.606][Master] Read ECG writelog
[2019-04-09T21:45:29.266][Master] Write ECG writelog: WriteLogItem(1554846329265,B,WriteOperation(z,+,1))
[2019-04-09T21:45:29.268][Master] Read ECG writelog
[2019-04-09T21:45:31.584][Master] Write ECG writelog: WriteLogItem(1554846331582,B,WriteOperation(z,+,1))
[2019-04-09T21:45:31.585][Master] Read ECG writelog
[2019-04-09T21:45:33.222][Master] Write ECG writelog: WriteLogItem(1554846333220,B,WriteOperation(x,+,1))
[2019-04-09T21:45:33.223][Master] Read ECG writelog
[2019-04-09T21:45:34.902][Master] Write ECG writelog: WriteLogItem(1554846334900,B,WriteOperation(y,+,1))
[2019-04-09T21:45:34.903][Master] Read ECG writelog
[2019-04-09T21:45:38.449][Master] Write ECG writelog: WriteLogItem(1554846338448,B,WriteOperation(z,+,1))
[2019-04-09T21:45:38.450][Master] Read ECG writelog
[2019-04-09T21:45:40.474][Master] Write ECG writelog: WriteLogItem(1554846340472,B,WriteOperation(z,+,1))
[2019-04-09T21:45:40.477][Master] Read ECG writelog
[2019-04-09T21:45:42.613][Master] Write ECG writelog: WriteLogItem(1554846342609,A,WriteOperation(x,+,1))
[2019-04-09T21:45:42.616][Master] Read ECG writelog
[2019-04-09T21:45:46.641][Master] Write ECG writelog: WriteLogItem(1554846346638,B,WriteOperation(z,+,1))
[2019-04-09T21:45:46.646][Master] Read ECG writelog
[2019-04-09T21:45:48.714][Master] Write ECG writelog: WriteLogItem(1554846348712,B,WriteOperation(y,+,1))
[2019-04-09T21:45:48.715][Master] Read ECG writelog
[2019-04-09T21:45:50.841][Master] Write ECG writelog: WriteLogItem(1554846350839,A,WriteOperation(y,+,1))
[2019-04-09T21:45:50.842][Master] Read ECG writelog
[2019-04-09T21:45:52.406][Master] Write ECG writelog: WriteLogItem(1554846352405,B,WriteOperation(y,+,1))
[2019-04-09T21:45:52.407][Master] Read ECG writelog
[2019-04-09T21:45:54.004][Master] Write ECG writelog: WriteLogItem(1554846354003,B,WriteOperation(z,+,1))
[2019-04-09T21:45:54.006][Master] Read ECG writelog
[2019-04-09T21:45:58.085][Master] Write ECG writelog: WriteLogItem(1554846358084,B,WriteOperation(y,+,1))
[2019-04-09T21:45:58.092][Master] Read ECG writelog
[2019-04-09T21:45:59.867][Master] Write ECG writelog: WriteLogItem(1554846359866,A,WriteOperation(y,+,1))
[2019-04-09T21:45:59.870][Master] Read ECG writelog
[2019-04-09T21:46:03.786][Master] Write ECG writelog: WriteLogItem(1554846363784,A,WriteOperation(z,+,1))
[2019-04-09T21:46:03.787][Master] Read ECG writelog
[2019-04-09T21:46:05.349][Master] Write ECG writelog: WriteLogItem(1554846365348,B,WriteOperation(y,+,1))
[2019-04-09T21:46:05.351][Master] Read ECG writelog
[2019-04-09T21:46:07.154][Master] Write ECG writelog: WriteLogItem(1554846367153,B,WriteOperation(z,+,1))
[2019-04-09T21:46:07.157][Master] Read ECG writelog
[2019-04-09T21:46:08.954][Master] Write ECG writelog: WriteLogItem(1554846368952,A,WriteOperation(z,+,1))
[2019-04-09T21:46:08.956][Master] Read ECG writelog
[2019-04-09T21:46:10.836][Master] Write ECG writelog: WriteLogItem(1554846370835,B,WriteOperation(y,+,1))
[2019-04-09T21:46:10.838][Master] Read ECG writelog
[2019-04-09T21:46:14.465][Master] Write ECG writelog: WriteLogItem(1554846374463,B,WriteOperation(x,+,1))
[2019-04-09T21:46:14.465][Master] Read ECG writelog
[2019-04-09T21:46:18.428][Master] Write ECG writelog: WriteLogItem(1554846378427,B,WriteOperation(y,+,1))
[2019-04-09T21:46:18.430][Master] Read ECG writelog
[2019-04-09T21:46:20.166][Master] Write ECG writelog: WriteLogItem(1554846380163,A,WriteOperation(y,+,1))
[2019-04-09T21:46:20.167][Master] Read ECG writelog
[2019-04-09T21:46:22.091][Master] Write ECG writelog: WriteLogItem(1554846382089,A,WriteOperation(x,+,1))
[2019-04-09T21:46:22.095][Master] Read ECG writelog
[2019-04-09T21:46:24.215][Master] Write ECG writelog: WriteLogItem(1554846384213,B,WriteOperation(x,+,1))
[2019-04-09T21:46:24.216][Master] Read ECG writelog
[2019-04-09T21:46:25.786][Master] Write ECG writelog: WriteLogItem(1554846385782,B,WriteOperation(y,+,1))
[2019-04-09T21:46:25.788][Master] Read ECG writelog
[2019-04-09T21:46:28.078][Master] Write ECG writelog: WriteLogItem(1554846388075,A,WriteOperation(x,+,1))
[2019-04-09T21:46:28.079][Master] Read ECG writelog
[2019-04-09T21:46:29.711][Master] Write ECG writelog: WriteLogItem(1554846389710,A,WriteOperation(z,+,1))
[2019-04-09T21:46:29.712][Master] Read ECG writelog
[2019-04-09T21:46:31.738][Master] Write ECG writelog: WriteLogItem(1554846391737,A,WriteOperation(z,+,1))
[2019-04-09T21:46:31.739][Master] Read ECG writelog
[2019-04-09T21:46:33.344][Master] Write ECG writelog: WriteLogItem(1554846393342,B,WriteOperation(z,+,1))
[2019-04-09T21:46:33.345][Master] Read ECG writelog
[2019-04-09T21:46:35.128][Master] Write ECG writelog: WriteLogItem(1554846395126,B,WriteOperation(z,+,1))
[2019-04-09T21:46:35.131][Master] Read ECG writelog
[2019-04-09T21:46:36.633][Master] Write ECG writelog: WriteLogItem(1554846396631,B,WriteOperation(y,+,1))
[2019-04-09T21:46:36.634][Master] Read ECG writelog
[2019-04-09T21:46:38.991][Master] Write ECG writelog: WriteLogItem(1554846398989,A,WriteOperation(y,+,1))
[2019-04-09T21:46:38.992][Master] Read ECG writelog
[2019-04-09T21:46:40.906][Master] Write ECG writelog: WriteLogItem(1554846400904,A,WriteOperation(x,+,1))
[2019-04-09T21:46:40.907][Master] Read ECG writelog
[2019-04-09T21:46:44.959][Master] Write ECG writelog: WriteLogItem(1554846404958,B,WriteOperation(y,+,1))
[2019-04-09T21:46:44.960][Master] Read ECG writelog
[2019-04-09T21:46:46.593][Master] Write ECG writelog: WriteLogItem(1554846406592,B,WriteOperation(z,+,1))
[2019-04-09T21:46:46.594][Master] Read ECG writelog
[2019-04-09T21:46:48.070][Master] Write ECG writelog: WriteLogItem(1554846408069,A,WriteOperation(x,+,1))
[2019-04-09T21:46:48.072][Master] Read ECG writelog
[2019-04-09T21:46:49.590][Master] Write ECG writelog: WriteLogItem(1554846409588,A,WriteOperation(x,+,1))
[2019-04-09T21:46:49.591][Master] Read ECG writelog
[2019-04-09T21:46:51.165][Master] Write ECG writelog: WriteLogItem(1554846411164,B,WriteOperation(x,+,1))
[2019-04-09T21:46:51.166][Master] Read ECG writelog
[2019-04-09T21:46:52.730][Master] Write ECG writelog: WriteLogItem(1554846412729,B,WriteOperation(y,+,1))
[2019-04-09T21:46:52.732][Master] Read ECG writelog
[2019-04-09T21:46:57.138][Master] Write ECG writelog: WriteLogItem(1554846417136,A,WriteOperation(x,+,1))
[2019-04-09T21:46:57.142][Master] Read ECG writelog
[2019-04-09T21:47:01.202][Master] Write ECG writelog: WriteLogItem(1554846421199,A,WriteOperation(z,+,1))
[2019-04-09T21:47:01.204][Master] Read ECG writelog
[2019-04-09T21:47:03.231][Master] Write ECG writelog: WriteLogItem(1554846423229,B,WriteOperation(y,+,1))
[2019-04-09T21:47:03.232][Master] Read ECG writelog
[2019-04-09T21:47:05.525][Master] Write ECG writelog: WriteLogItem(1554846425523,A,WriteOperation(x,+,1))
[2019-04-09T21:47:05.526][Master] Read ECG writelog
[2019-04-09T21:47:39.410][Master] Write ECG writelog: WriteLogItem(1554846459408,A,WriteOperation(z,+,1))
[2019-04-09T21:47:39.411][Master] Read ECG writelog
[2019-04-09T21:47:41.115][Master] Write ECG writelog: WriteLogItem(1554846461114,A,WriteOperation(y,+,1))
[2019-04-09T21:47:41.117][Master] Read ECG writelog
[2019-04-09T21:47:43.284][Master] Write ECG writelog: WriteLogItem(1554846463281,B,WriteOperation(y,+,1))
[2019-04-09T21:47:43.284][Master] Read ECG writelog
[2019-04-09T21:47:45.052][Master] Write ECG writelog: WriteLogItem(1554846465050,A,WriteOperation(x,+,1))
[2019-04-09T21:47:45.052][Master] Read ECG writelog
[2019-04-09T21:47:46.806][Master] Write ECG writelog: WriteLogItem(1554846466805,A,WriteOperation(x,+,1))
[2019-04-09T21:47:46.807][Master] Read ECG writelog
[2019-04-09T21:47:50.589][Master] Write ECG writelog: WriteLogItem(1554846470587,B,WriteOperation(z,+,1))
[2019-04-09T21:47:50.595][Master] Read ECG writelog
[2019-04-09T21:47:52.928][Master] Write ECG writelog: WriteLogItem(1554846472927,B,WriteOperation(z,+,1))
[2019-04-09T21:47:52.934][Master] Read ECG writelog
[2019-04-09T21:47:54.726][Master] Write ECG writelog: WriteLogItem(1554846474725,A,WriteOperation(y,+,1))
[2019-04-09T21:47:54.727][Master] Read ECG writelog
[2019-04-09T21:47:56.849][Master] Write ECG writelog: WriteLogItem(1554846476847,A,WriteOperation(x,+,1))
[2019-04-09T21:47:56.851][Master] Read ECG writelog
[2019-04-09T21:47:58.721][Master] Write ECG writelog: WriteLogItem(1554846478720,A,WriteOperation(z,+,1))
[2019-04-09T21:47:58.723][Master] Read ECG writelog
[2019-04-09T21:48:02.362][Master] Write ECG writelog: WriteLogItem(1554846482361,A,WriteOperation(y,+,1))
[2019-04-09T21:48:02.363][Master] Read ECG writelog
[2019-04-09T21:48:05.669][Master] Write ECG writelog: WriteLogItem(1554846485668,B,WriteOperation(z,+,1))
[2019-04-09T21:48:05.670][Master] Read ECG writelog
[2019-04-09T21:48:07.503][Master] Write ECG writelog: WriteLogItem(1554846487502,A,WriteOperation(y,+,1))
[2019-04-09T21:48:07.505][Master] Read ECG writelog
[2019-04-09T21:48:09.633][Master] Write ECG writelog: WriteLogItem(1554846489632,B,WriteOperation(z,+,1))
[2019-04-09T21:48:09.634][Master] Read ECG writelog
[2019-04-09T21:48:11.529][Master] Write ECG writelog: WriteLogItem(1554846491527,B,WriteOperation(z,+,1))
[2019-04-09T21:48:11.529][Master] Read ECG writelog
[2019-04-09T21:48:13.065][Master] Write ECG writelog: WriteLogItem(1554846493063,A,WriteOperation(z,+,1))
[2019-04-09T21:48:13.067][Master] Read ECG writelog
[2019-04-09T21:48:14.984][Master] Write ECG writelog: WriteLogItem(1554846494983,B,WriteOperation(x,+,1))
[2019-04-09T21:48:14.985][Master] Read ECG writelog
[2019-04-09T21:48:19.278][Master] Write ECG writelog: WriteLogItem(1554846499276,A,WriteOperation(z,+,1))
[2019-04-09T21:48:19.284][Master] Read ECG writelog
[2019-04-09T21:48:21.466][Master] Write ECG writelog: WriteLogItem(1554846501464,A,WriteOperation(y,+,1))
[2019-04-09T21:48:21.471][Master] Read ECG writelog
[2019-04-09T21:48:23.484][Master] Write ECG writelog: WriteLogItem(1554846503483,B,WriteOperation(x,+,1))
[2019-04-09T21:48:23.485][Master] Read ECG writelog
[2019-04-09T21:48:25.078][Master] Write ECG writelog: WriteLogItem(1554846505077,B,WriteOperation(y,+,1))
[2019-04-09T21:48:25.080][Master] Read ECG writelog
[2019-04-09T21:48:26.585][Master] Write ECG writelog: WriteLogItem(1554846506583,A,WriteOperation(x,+,1))
[2019-04-09T21:48:26.586][Master] Read ECG writelog
[2019-04-09T21:48:28.539][Master] Write ECG writelog: WriteLogItem(1554846508538,B,WriteOperation(y,+,1))
[2019-04-09T21:48:28.540][Master] Read ECG writelog
[2019-04-09T21:48:31.030][Master] Write ECG writelog: WriteLogItem(1554846511028,A,WriteOperation(y,+,1))
[2019-04-09T21:48:31.031][Master] Read ECG writelog
[2019-04-09T21:48:32.601][Master] Write ECG writelog: WriteLogItem(1554846512600,A,WriteOperation(z,+,1))
[2019-04-09T21:48:32.602][Master] Read ECG writelog
[2019-04-09T21:48:34.389][Master] Write ECG writelog: WriteLogItem(1554846514388,A,WriteOperation(x,+,1))
[2019-04-09T21:48:34.390][Master] Read ECG writelog
[2019-04-09T21:48:38.867][Master] Write ECG writelog: WriteLogItem(1554846518865,B,WriteOperation(x,+,1))
[2019-04-09T21:48:38.869][Master] Read ECG writelog
[2019-04-09T21:48:41.113][Master] Write ECG writelog: WriteLogItem(1554846521112,A,WriteOperation(y,+,1))
[2019-04-09T21:48:41.120][Master] Read ECG writelog
[2019-04-09T21:48:43.631][Master] Write ECG writelog: WriteLogItem(1554846523630,B,WriteOperation(y,+,1))
[2019-04-09T21:48:43.632][Master] Read ECG writelog
[2019-04-09T21:48:47.769][Master] Write ECG writelog: WriteLogItem(1554846527768,B,WriteOperation(y,+,1))
[2019-04-09T21:48:47.770][Master] Read ECG writelog
[2019-04-09T21:48:49.987][Master] Write ECG writelog: WriteLogItem(1554846529986,A,WriteOperation(z,+,1))
[2019-04-09T21:48:49.989][Master] Read ECG writelog
[2019-04-09T21:48:51.809][Master] Write ECG writelog: WriteLogItem(1554846531807,B,WriteOperation(x,+,1))
[2019-04-09T21:48:51.810][Master] Read ECG writelog
[2019-04-09T21:48:56.938][Master] Write ECG writelog: WriteLogItem(1554846536937,B,WriteOperation(z,+,1))
[2019-04-09T21:48:56.940][Master] Read ECG writelog
[2019-04-09T21:49:00.142][Master] Write ECG writelog: WriteLogItem(1554846540141,B,WriteOperation(z,+,1))
[2019-04-09T21:49:00.145][Master] Read ECG writelog
[2019-04-09T21:49:01.750][Master] Write ECG writelog: WriteLogItem(1554846541749,A,WriteOperation(z,+,1))
[2019-04-09T21:49:01.752][Master] Read ECG writelog
[2019-04-09T21:49:03.560][Master] Write ECG writelog: WriteLogItem(1554846543559,B,WriteOperation(z,+,1))
[2019-04-09T21:49:03.562][Master] Read ECG writelog
[2019-04-09T21:49:05.834][Master] Write ECG writelog: WriteLogItem(1554846545833,A,WriteOperation(y,+,1))
[2019-04-09T21:49:05.835][Master] Read ECG writelog
[2019-04-09T21:49:09.924][Master] Write ECG writelog: WriteLogItem(1554846549923,A,WriteOperation(z,+,1))
[2019-04-09T21:49:09.928][Master] Read ECG writelog
[2019-04-09T21:49:12.215][Master] Write ECG writelog: WriteLogItem(1554846552213,A,WriteOperation(z,+,1))
[2019-04-09T21:49:12.217][Master] Read ECG writelog
[2019-04-09T21:49:13.843][Master] Write ECG writelog: WriteLogItem(1554846553842,A,WriteOperation(x,+,1))
[2019-04-09T21:49:13.845][Master] Read ECG writelog
[2019-04-09T21:49:16.608][Master] Write ECG writelog: WriteLogItem(1554846556603,B,WriteOperation(x,+,1))
[2019-04-09T21:49:16.609][Master] Read ECG writelog
[2019-04-09T21:49:18.727][Master] Write ECG writelog: WriteLogItem(1554846558721,B,WriteOperation(x,+,1))
[2019-04-09T21:49:18.730][Master] Read ECG writelog
[2019-04-09T21:49:20.628][Master] Write ECG writelog: WriteLogItem(1554846560626,A,WriteOperation(y,+,1))
[2019-04-09T21:49:20.629][Master] Read ECG writelog
[2019-04-09T21:49:22.086][Master] Write ECG writelog: WriteLogItem(1554846562085,B,WriteOperation(y,+,1))
[2019-04-09T21:49:22.087][Master] Read ECG writelog
[2019-04-09T21:49:24.321][Master] Write ECG writelog: WriteLogItem(1554846564319,A,WriteOperation(x,+,1))
[2019-04-09T21:49:24.322][Master] Read ECG writelog
[2019-04-09T21:49:26.495][Master] Write ECG writelog: WriteLogItem(1554846566493,A,WriteOperation(z,+,1))
[2019-04-09T21:49:26.495][Master] Read ECG writelog
[2019-04-09T21:49:28.776][Master] Write ECG writelog: WriteLogItem(1554846568775,A,WriteOperation(z,+,1))
[2019-04-09T21:49:28.777][Master] Read ECG writelog
[2019-04-09T21:49:30.591][Master] Write ECG writelog: WriteLogItem(1554846570590,A,WriteOperation(y,+,1))
[2019-04-09T21:49:30.592][Master] Read ECG writelog
[2019-04-09T21:49:32.515][Master] Write ECG writelog: WriteLogItem(1554846572514,A,WriteOperation(x,+,1))
[2019-04-09T21:49:32.516][Master] Read ECG writelog
[2019-04-09T21:49:37.013][Master] Write ECG writelog: WriteLogItem(1554846577011,B,WriteOperation(y,+,1))
[2019-04-09T21:49:37.015][Master] Read ECG writelog
[2019-04-09T21:49:38.560][Master] Write ECG writelog: WriteLogItem(1554846578558,A,WriteOperation(y,+,1))
[2019-04-09T21:49:38.561][Master] Read ECG writelog
[2019-04-09T21:49:40.906][Master] Write ECG writelog: WriteLogItem(1554846580904,B,WriteOperation(y,+,1))
[2019-04-09T21:49:40.906][Master] Read ECG writelog
[2019-04-09T21:49:43.225][Master] Write ECG writelog: WriteLogItem(1554846583223,B,WriteOperation(z,+,1))
[2019-04-09T21:49:43.226][Master] Read ECG writelog
[2019-04-09T21:49:45.153][Master] Write ECG writelog: WriteLogItem(1554846585152,A,WriteOperation(x,+,1))
[2019-04-09T21:49:45.154][Master] Read ECG writelog
[2019-04-09T21:49:47.108][Master] Write ECG writelog: WriteLogItem(1554846587106,A,WriteOperation(z,+,1))
[2019-04-09T21:49:47.109][Master] Read ECG writelog
[2019-04-09T21:49:50.156][Master] Write ECG writelog: WriteLogItem(1554846590155,B,WriteOperation(x,+,1))
[2019-04-09T21:49:50.157][Master] Read ECG writelog
[2019-04-09T21:49:53.778][Master] Write ECG writelog: WriteLogItem(1554846593777,B,WriteOperation(y,+,1))
[2019-04-09T21:49:53.779][Master] Read ECG writelog
[2019-04-09T21:49:56.679][Master] Write ECG writelog: WriteLogItem(1554846596678,B,WriteOperation(x,+,1))
[2019-04-09T21:49:56.680][Master] Read ECG writelog
[2019-04-09T21:49:58.888][Master] Write ECG writelog: WriteLogItem(1554846598887,A,WriteOperation(x,+,1))
[2019-04-09T21:49:58.889][Master] Read ECG writelog
[2019-04-09T21:50:00.808][Master] Write ECG writelog: WriteLogItem(1554846600806,B,WriteOperation(x,+,1))
[2019-04-09T21:50:00.808][Master] Read ECG writelog
[2019-04-09T21:50:02.562][Master] Write ECG writelog: WriteLogItem(1554846602561,B,WriteOperation(z,+,1))
[2019-04-09T21:50:02.563][Master] Read ECG writelog
[2019-04-09T21:50:04.183][Master] Write ECG writelog: WriteLogItem(1554846604182,A,WriteOperation(y,+,1))
[2019-04-09T21:50:04.184][Master] Read ECG writelog
[2019-04-09T21:50:06.029][Master] Write ECG writelog: WriteLogItem(1554846606027,A,WriteOperation(y,+,1))
[2019-04-09T21:50:06.030][Master] Read ECG writelog
[2019-04-09T21:50:09.666][Master] Write ECG writelog: WriteLogItem(1554846609664,B,WriteOperation(x,+,1))
[2019-04-09T21:50:09.668][Master] Read ECG writelog
[2019-04-09T21:50:12.771][Master] Write ECG writelog: WriteLogItem(1554846612770,B,WriteOperation(x,+,1))
[2019-04-09T21:50:12.772][Master] Read ECG writelog
[2019-04-09T21:50:14.497][Master] Write ECG writelog: WriteLogItem(1554846614495,A,WriteOperation(x,+,1))
[2019-04-09T21:50:14.498][Master] Read ECG writelog
[2019-04-09T21:50:18.116][Master] Write ECG writelog: WriteLogItem(1554846618115,B,WriteOperation(y,+,1))
[2019-04-09T21:50:18.117][Master] Read ECG writelog
[2019-04-09T21:50:20.408][Master] Write ECG writelog: WriteLogItem(1554846620406,B,WriteOperation(x,+,1))
[2019-04-09T21:50:20.409][Master] Read ECG writelog
[2019-04-09T21:50:22.373][Master] Write ECG writelog: WriteLogItem(1554846622372,A,WriteOperation(z,+,1))
[2019-04-09T21:50:22.374][Master] Read ECG writelog
[2019-04-09T21:50:23.900][Master] Write ECG writelog: WriteLogItem(1554846623899,A,WriteOperation(x,+,1))
[2019-04-09T21:50:23.901][Master] Read ECG writelog
[2019-04-09T21:50:26.202][Master] Write ECG writelog: WriteLogItem(1554846626200,B,WriteOperation(x,+,1))
[2019-04-09T21:50:26.203][Master] Read ECG writelog
[2019-04-09T21:50:31.048][Master] Write ECG writelog: WriteLogItem(1554846631047,B,WriteOperation(z,+,1))
[2019-04-09T21:50:31.050][Master] Read ECG writelog
[2019-04-09T21:50:33.505][Master] Write ECG writelog: WriteLogItem(1554846633504,A,WriteOperation(z,+,1))
[2019-04-09T21:50:33.507][Master] Read ECG writelog
[2019-04-09T21:50:35.846][Master] Write ECG writelog: WriteLogItem(1554846635845,B,WriteOperation(x,+,1))
[2019-04-09T21:50:35.847][Master] Read ECG writelog
[2019-04-09T21:50:38.118][Master] Write ECG writelog: WriteLogItem(1554846638116,A,WriteOperation(y,+,1))
[2019-04-09T21:50:38.119][Master] Read ECG writelog
[2019-04-09T21:51:13.747][Master] Write ECG writelog: WriteLogItem(1554846673745,B,WriteOperation(y,+,1))
[2019-04-09T21:51:13.749][Master] Read ECG writelog
[2019-04-09T21:51:15.471][Master] Write ECG writelog: WriteLogItem(1554846675470,B,WriteOperation(y,+,1))
[2019-04-09T21:51:15.472][Master] Read ECG writelog
[2019-04-09T21:51:17.572][Master] Write ECG writelog: WriteLogItem(1554846677570,B,WriteOperation(y,+,1))
[2019-04-09T21:51:17.573][Master] Read ECG writelog
[2019-04-09T21:51:19.985][Master] Write ECG writelog: WriteLogItem(1554846679983,B,WriteOperation(y,+,1))
[2019-04-09T21:51:19.986][Master] Read ECG writelog
[2019-04-09T21:51:23.905][Master] Write ECG writelog: WriteLogItem(1554846683903,A,WriteOperation(x,+,1))
[2019-04-09T21:51:23.905][Master] Read ECG writelog
[2019-04-09T21:51:26.037][Master] Write ECG writelog: WriteLogItem(1554846686036,B,WriteOperation(x,+,1))
[2019-04-09T21:51:26.041][Master] Read ECG writelog
[2019-04-09T21:51:28.070][Master] Write ECG writelog: WriteLogItem(1554846688068,B,WriteOperation(y,+,1))
[2019-04-09T21:51:28.070][Master] Read ECG writelog
[2019-04-09T21:51:30.517][Master] Write ECG writelog: WriteLogItem(1554846690516,B,WriteOperation(x,+,1))
[2019-04-09T21:51:30.518][Master] Read ECG writelog
[2019-04-09T21:51:34.235][Master] Write ECG writelog: WriteLogItem(1554846694233,A,WriteOperation(y,+,1))
[2019-04-09T21:51:34.236][Master] Read ECG writelog
[2019-04-09T21:51:36.620][Master] Write ECG writelog: WriteLogItem(1554846696619,A,WriteOperation(z,+,1))
[2019-04-09T21:51:36.621][Master] Read ECG writelog
[2019-04-09T21:51:38.935][Master] Write ECG writelog: WriteLogItem(1554846698934,A,WriteOperation(y,+,1))
[2019-04-09T21:51:38.936][Master] Read ECG writelog
[2019-04-09T21:51:40.957][Master] Write ECG writelog: WriteLogItem(1554846700956,A,WriteOperation(z,+,1))
[2019-04-09T21:51:40.958][Master] Read ECG writelog
[2019-04-09T21:51:43.341][Master] Write ECG writelog: WriteLogItem(1554846703339,B,WriteOperation(z,+,1))
[2019-04-09T21:51:43.342][Master] Read ECG writelog
[2019-04-09T21:51:44.859][Master] Write ECG writelog: WriteLogItem(1554846704858,B,WriteOperation(z,+,1))
[2019-04-09T21:51:44.860][Master] Read ECG writelog
[2019-04-09T21:51:47.147][Master] Write ECG writelog: WriteLogItem(1554846707146,B,WriteOperation(y,+,1))
[2019-04-09T21:51:47.148][Master] Read ECG writelog
[2019-04-09T21:51:49.547][Master] Write ECG writelog: WriteLogItem(1554846709546,A,WriteOperation(z,+,1))
[2019-04-09T21:51:49.548][Master] Read ECG writelog
[2019-04-09T21:51:51.177][Master] Write ECG writelog: WriteLogItem(1554846711176,B,WriteOperation(y,+,1))
[2019-04-09T21:51:51.179][Master] Read ECG writelog
[2019-04-09T21:51:53.551][Master] Write ECG writelog: WriteLogItem(1554846713550,A,WriteOperation(z,+,1))
[2019-04-09T21:51:53.552][Master] Read ECG writelog
[2019-04-09T21:51:55.800][Master] Write ECG writelog: WriteLogItem(1554846715799,B,WriteOperation(y,+,1))
[2019-04-09T21:51:55.802][Master] Read ECG writelog
[2019-04-09T21:51:57.605][Master] Write ECG writelog: WriteLogItem(1554846717604,B,WriteOperation(y,+,1))
[2019-04-09T21:51:57.606][Master] Read ECG writelog
[2019-04-09T21:52:01.221][Master] Write ECG writelog: WriteLogItem(1554846721220,B,WriteOperation(x,+,1))
[2019-04-09T21:52:01.222][Master] Read ECG writelog
[2019-04-09T21:52:03.077][Master] Write ECG writelog: WriteLogItem(1554846723074,B,WriteOperation(x,+,1))
[2019-04-09T21:52:03.078][Master] Read ECG writelog
[2019-04-09T21:52:04.819][Master] Write ECG writelog: WriteLogItem(1554846724818,B,WriteOperation(z,+,1))
[2019-04-09T21:52:04.820][Master] Read ECG writelog
[2019-04-09T21:52:06.513][Master] Write ECG writelog: WriteLogItem(1554846726511,A,WriteOperation(x,+,1))
[2019-04-09T21:52:06.513][Master] Read ECG writelog
[2019-04-09T21:52:10.953][Master] Write ECG writelog: WriteLogItem(1554846730952,A,WriteOperation(x,+,1))
[2019-04-09T21:52:10.954][Master] Read ECG writelog
[2019-04-09T21:52:12.520][Master] Write ECG writelog: WriteLogItem(1554846732518,A,WriteOperation(x,+,1))
[2019-04-09T21:52:12.522][Master] Read ECG writelog
[2019-04-09T21:52:14.224][Master] Write ECG writelog: WriteLogItem(1554846734219,B,WriteOperation(z,+,1))
[2019-04-09T21:52:14.225][Master] Read ECG writelog
[2019-04-09T21:52:16.106][Master] Write ECG writelog: WriteLogItem(1554846736105,A,WriteOperation(z,+,1))
[2019-04-09T21:52:16.107][Master] Read ECG writelog
[2019-04-09T21:52:17.786][Master] Write ECG writelog: WriteLogItem(1554846737784,A,WriteOperation(y,+,1))
[2019-04-09T21:52:17.787][Master] Read ECG writelog
[2019-04-09T21:52:19.673][Master] Write ECG writelog: WriteLogItem(1554846739671,A,WriteOperation(y,+,1))
[2019-04-09T21:52:19.675][Master] Read ECG writelog
[2019-04-09T21:52:23.148][Master] Write ECG writelog: WriteLogItem(1554846743146,A,WriteOperation(y,+,1))
[2019-04-09T21:52:23.155][Master] Read ECG writelog
[2019-04-09T21:52:24.709][Master] Write ECG writelog: WriteLogItem(1554846744708,A,WriteOperation(x,+,1))
[2019-04-09T21:52:24.710][Master] Read ECG writelog
[2019-04-09T21:52:28.462][Master] Write ECG writelog: WriteLogItem(1554846748461,B,WriteOperation(x,+,1))
[2019-04-09T21:52:28.463][Master] Read ECG writelog
[2019-04-09T21:52:32.433][Master] Write ECG writelog: WriteLogItem(1554846752431,A,WriteOperation(y,+,1))
[2019-04-09T21:52:32.433][Master] Read ECG writelog
[2019-04-09T21:52:34.710][Master] Write ECG writelog: WriteLogItem(1554846754709,A,WriteOperation(x,+,1))
[2019-04-09T21:52:34.711][Master] Read ECG writelog
[2019-04-09T21:52:36.846][Master] Write ECG writelog: WriteLogItem(1554846756845,A,WriteOperation(z,+,1))
[2019-04-09T21:52:36.847][Master] Read ECG writelog
[2019-04-09T21:52:39.020][Master] Write ECG writelog: WriteLogItem(1554846759019,A,WriteOperation(z,+,1))
[2019-04-09T21:52:39.021][Master] Read ECG writelog
[2019-04-09T21:52:40.747][Master] Write ECG writelog: WriteLogItem(1554846760746,B,WriteOperation(z,+,1))
[2019-04-09T21:52:40.748][Master] Read ECG writelog
[2019-04-09T21:52:44.018][Master] Write ECG writelog: WriteLogItem(1554846764017,B,WriteOperation(z,+,1))
[2019-04-09T21:52:44.019][Master] Read ECG writelog
[2019-04-09T21:52:46.028][Master] Write ECG writelog: WriteLogItem(1554846766027,A,WriteOperation(x,+,1))
[2019-04-09T21:52:46.029][Master] Read ECG writelog
[2019-04-09T21:52:48.020][Master] Write ECG writelog: WriteLogItem(1554846768019,A,WriteOperation(z,+,1))
[2019-04-09T21:52:48.021][Master] Read ECG writelog
[2019-04-09T21:52:51.317][Master] Write ECG writelog: WriteLogItem(1554846771316,A,WriteOperation(x,+,1))
[2019-04-09T21:52:51.322][Master] Read ECG writelog
[2019-04-09T21:52:55.922][Master] Write ECG writelog: WriteLogItem(1554846775921,A,WriteOperation(x,+,1))
[2019-04-09T21:52:55.925][Master] Read ECG writelog
[2019-04-09T21:52:58.418][Master] Write ECG writelog: WriteLogItem(1554846778417,A,WriteOperation(y,+,1))
[2019-04-09T21:52:58.419][Master] Read ECG writelog
[2019-04-09T21:53:00.529][Master] Write ECG writelog: WriteLogItem(1554846780528,A,WriteOperation(y,+,1))
[2019-04-09T21:53:00.530][Master] Read ECG writelog
[2019-04-09T21:53:02.583][Master] Write ECG writelog: WriteLogItem(1554846782581,B,WriteOperation(x,+,1))
[2019-04-09T21:53:02.587][Master] Read ECG writelog
[2019-04-09T21:53:04.294][Master] Write ECG writelog: WriteLogItem(1554846784293,B,WriteOperation(y,+,1))
[2019-04-09T21:53:04.296][Master] Read ECG writelog
[2019-04-09T21:53:06.080][Master] Write ECG writelog: WriteLogItem(1554846786079,B,WriteOperation(y,+,1))
[2019-04-09T21:53:06.081][Master] Read ECG writelog
[2019-04-09T21:53:08.137][Master] Write ECG writelog: WriteLogItem(1554846788136,B,WriteOperation(z,+,1))
[2019-04-09T21:53:08.139][Master] Read ECG writelog
[2019-04-09T21:53:09.820][Master] Write ECG writelog: WriteLogItem(1554846789819,A,WriteOperation(y,+,1))
[2019-04-09T21:53:09.821][Master] Read ECG writelog
[2019-04-09T21:53:13.070][Master] Write ECG writelog: WriteLogItem(1554846793069,A,WriteOperation(x,+,1))
[2019-04-09T21:53:13.071][Master] Read ECG writelog
[2019-04-09T21:53:14.682][Master] Write ECG writelog: WriteLogItem(1554846794681,B,WriteOperation(z,+,1))
[2019-04-09T21:53:14.683][Master] Read ECG writelog
[2019-04-09T21:53:16.620][Master] Write ECG writelog: WriteLogItem(1554846796615,B,WriteOperation(z,+,1))
[2019-04-09T21:53:16.620][Master] Read ECG writelog
[2019-04-09T21:53:18.295][Master] Write ECG writelog: WriteLogItem(1554846798288,B,WriteOperation(z,+,1))
[2019-04-09T21:53:18.296][Master] Read ECG writelog
[2019-04-09T21:53:20.038][Master] Write ECG writelog: WriteLogItem(1554846800036,B,WriteOperation(y,+,1))
[2019-04-09T21:53:20.039][Master] Read ECG writelog
[2019-04-09T21:53:22.392][Master] Write ECG writelog: WriteLogItem(1554846802390,A,WriteOperation(y,+,1))
[2019-04-09T21:53:22.392][Master] Read ECG writelog
[2019-04-09T21:53:24.650][Master] Write ECG writelog: WriteLogItem(1554846804649,B,WriteOperation(y,+,1))
[2019-04-09T21:53:24.651][Master] Read ECG writelog
[2019-04-09T21:53:26.095][Master] Write ECG writelog: WriteLogItem(1554846806093,A,WriteOperation(x,+,1))
[2019-04-09T21:53:26.096][Master] Read ECG writelog
[2019-04-09T21:53:29.522][Master] Write ECG writelog: WriteLogItem(1554846809521,A,WriteOperation(z,+,1))
[2019-04-09T21:53:29.523][Master] Read ECG writelog
[2019-04-09T21:53:31.058][Master] Write ECG writelog: WriteLogItem(1554846811055,B,WriteOperation(z,+,1))
[2019-04-09T21:53:31.074][Master] Read ECG writelog
[2019-04-09T21:53:33.082][Master] Write ECG writelog: WriteLogItem(1554846813076,A,WriteOperation(y,+,1))
[2019-04-09T21:53:33.083][Master] Read ECG writelog
[2019-04-09T21:53:35.232][Master] Write ECG writelog: WriteLogItem(1554846815231,A,WriteOperation(y,+,1))
[2019-04-09T21:53:35.233][Master] Read ECG writelog
[2019-04-09T21:53:37.672][Master] Write ECG writelog: WriteLogItem(1554846817671,A,WriteOperation(x,+,1))
[2019-04-09T21:53:37.673][Master] Read ECG writelog
[2019-04-09T21:53:39.263][Master] Write ECG writelog: WriteLogItem(1554846819262,B,WriteOperation(z,+,1))
[2019-04-09T21:53:39.264][Master] Read ECG writelog
[2019-04-09T21:53:41.539][Master] Write ECG writelog: WriteLogItem(1554846821538,B,WriteOperation(x,+,1))
[2019-04-09T21:53:41.540][Master] Read ECG writelog
[2019-04-09T21:53:43.940][Master] Write ECG writelog: WriteLogItem(1554846823939,A,WriteOperation(y,+,1))
[2019-04-09T21:53:43.941][Master] Read ECG writelog
[2019-04-09T21:53:45.935][Master] Write ECG writelog: WriteLogItem(1554846825934,B,WriteOperation(y,+,1))
[2019-04-09T21:53:45.937][Master] Read ECG writelog
[2019-04-09T21:53:50.076][Master] Write ECG writelog: WriteLogItem(1554846830074,A,WriteOperation(z,+,1))
[2019-04-09T21:53:50.077][Master] Read ECG writelog
[2019-04-09T21:53:51.799][Master] Write ECG writelog: WriteLogItem(1554846831798,B,WriteOperation(y,+,1))
[2019-04-09T21:53:51.800][Master] Read ECG writelog
[2019-04-09T21:53:53.527][Master] Write ECG writelog: WriteLogItem(1554846833526,A,WriteOperation(y,+,1))
[2019-04-09T21:53:53.528][Master] Read ECG writelog
[2019-04-09T21:53:57.221][Master] Write ECG writelog: WriteLogItem(1554846837220,B,WriteOperation(y,+,1))
[2019-04-09T21:53:57.222][Master] Read ECG writelog
[2019-04-09T21:53:59.120][Master] Write ECG writelog: WriteLogItem(1554846839118,A,WriteOperation(z,+,1))
[2019-04-09T21:53:59.120][Master] Read ECG writelog
[2019-04-09T21:54:01.149][Master] Write ECG writelog: WriteLogItem(1554846841148,B,WriteOperation(z,+,1))
[2019-04-09T21:54:01.154][Master] Read ECG writelog
[2019-04-09T21:54:03.549][Master] Write ECG writelog: WriteLogItem(1554846843548,A,WriteOperation(y,+,1))
[2019-04-09T21:54:03.550][Master] Read ECG writelog
[2019-04-09T21:54:05.859][Master] Write ECG writelog: WriteLogItem(1554846845858,A,WriteOperation(y,+,1))
[2019-04-09T21:54:05.860][Master] Read ECG writelog
[2019-04-09T21:54:40.417][Master] Write ECG writelog: WriteLogItem(1554846880415,A,WriteOperation(z,+,1))
[2019-04-09T21:54:40.417][Master] Read ECG writelog
[2019-04-09T21:54:42.012][Master] Write ECG writelog: WriteLogItem(1554846882009,B,WriteOperation(x,+,1))
[2019-04-09T21:54:42.017][Master] Read ECG writelog
[2019-04-09T21:54:45.899][Master] Write ECG writelog: WriteLogItem(1554846885897,A,WriteOperation(x,+,1))
[2019-04-09T21:54:45.900][Master] Read ECG writelog
[2019-04-09T21:54:47.688][Master] Write ECG writelog: WriteLogItem(1554846887687,A,WriteOperation(y,+,1))
[2019-04-09T21:54:47.690][Master] Read ECG writelog
[2019-04-09T21:54:49.481][Master] Write ECG writelog: WriteLogItem(1554846889480,A,WriteOperation(y,+,1))
[2019-04-09T21:54:49.482][Master] Read ECG writelog
[2019-04-09T21:54:51.522][Master] Write ECG writelog: WriteLogItem(1554846891521,B,WriteOperation(z,+,1))
[2019-04-09T21:54:51.523][Master] Read ECG writelog
[2019-04-09T21:54:53.786][Master] Write ECG writelog: WriteLogItem(1554846893785,B,WriteOperation(y,+,1))
[2019-04-09T21:54:53.787][Master] Read ECG writelog
[2019-04-09T21:54:55.711][Master] Write ECG writelog: WriteLogItem(1554846895709,B,WriteOperation(x,+,1))
[2019-04-09T21:54:55.711][Master] Read ECG writelog
[2019-04-09T21:54:57.406][Master] Write ECG writelog: WriteLogItem(1554846897405,B,WriteOperation(x,+,1))
[2019-04-09T21:54:57.407][Master] Read ECG writelog
[2019-04-09T21:54:59.579][Master] Write ECG writelog: WriteLogItem(1554846899578,B,WriteOperation(x,+,1))
[2019-04-09T21:54:59.580][Master] Read ECG writelog
[2019-04-09T21:55:04.492][Master] Write ECG writelog: WriteLogItem(1554846904491,B,WriteOperation(y,+,1))
[2019-04-09T21:55:04.493][Master] Read ECG writelog
[2019-04-09T21:55:06.383][Master] Write ECG writelog: WriteLogItem(1554846906381,A,WriteOperation(y,+,1))
[2019-04-09T21:55:06.383][Master] Read ECG writelog
[2019-04-09T21:55:11.053][Master] Write ECG writelog: WriteLogItem(1554846911052,A,WriteOperation(y,+,1))
[2019-04-09T21:55:11.056][Master] Read ECG writelog
[2019-04-09T21:55:13.174][Master] Write ECG writelog: WriteLogItem(1554846913172,B,WriteOperation(z,+,1))
[2019-04-09T21:55:13.175][Master] Read ECG writelog
[2019-04-09T21:55:16.341][Master] Write ECG writelog: WriteLogItem(1554846916340,A,WriteOperation(y,+,1))
[2019-04-09T21:55:16.342][Master] Read ECG writelog
[2019-04-09T21:55:18.700][Master] Write ECG writelog: WriteLogItem(1554846918699,A,WriteOperation(z,+,1))
[2019-04-09T21:55:18.701][Master] Read ECG writelog
[2019-04-09T21:55:20.270][Master] Write ECG writelog: WriteLogItem(1554846920269,A,WriteOperation(z,+,1))
[2019-04-09T21:55:20.271][Master] Read ECG writelog
[2019-04-09T21:55:22.141][Master] Write ECG writelog: WriteLogItem(1554846922140,B,WriteOperation(x,+,1))
[2019-04-09T21:55:22.142][Master] Read ECG writelog
[2019-04-09T21:55:24.022][Master] Write ECG writelog: WriteLogItem(1554846924021,B,WriteOperation(x,+,1))
[2019-04-09T21:55:24.023][Master] Read ECG writelog
[2019-04-09T21:55:26.419][Master] Write ECG writelog: WriteLogItem(1554846926418,A,WriteOperation(x,+,1))
[2019-04-09T21:55:26.420][Master] Read ECG writelog
[2019-04-09T21:55:30.156][Master] Write ECG writelog: WriteLogItem(1554846930155,B,WriteOperation(z,+,1))
[2019-04-09T21:55:30.157][Master] Read ECG writelog
[2019-04-09T21:55:32.416][Master] Write ECG writelog: WriteLogItem(1554846932415,B,WriteOperation(z,+,1))
[2019-04-09T21:55:32.417][Master] Read ECG writelog
[2019-04-09T21:55:34.058][Master] Write ECG writelog: WriteLogItem(1554846934057,B,WriteOperation(x,+,1))
[2019-04-09T21:55:34.059][Master] Read ECG writelog
[2019-04-09T21:55:37.893][Master] Write ECG writelog: WriteLogItem(1554846937892,A,WriteOperation(z,+,1))
[2019-04-09T21:55:37.899][Master] Read ECG writelog
[2019-04-09T21:55:39.701][Master] Write ECG writelog: WriteLogItem(1554846939700,B,WriteOperation(y,+,1))
[2019-04-09T21:55:39.702][Master] Read ECG writelog
[2019-04-09T21:55:42.866][Master] Write ECG writelog: WriteLogItem(1554846942865,A,WriteOperation(x,+,1))
[2019-04-09T21:55:42.867][Master] Read ECG writelog
[2019-04-09T21:55:45.072][Master] Write ECG writelog: WriteLogItem(1554846945071,B,WriteOperation(x,+,1))
[2019-04-09T21:55:45.073][Master] Read ECG writelog
[2019-04-09T21:55:47.490][Master] Write ECG writelog: WriteLogItem(1554846947489,B,WriteOperation(y,+,1))
[2019-04-09T21:55:47.491][Master] Read ECG writelog
[2019-04-09T21:55:49.367][Master] Write ECG writelog: WriteLogItem(1554846949366,B,WriteOperation(y,+,1))
[2019-04-09T21:55:49.368][Master] Read ECG writelog
[2019-04-09T21:55:51.257][Master] Write ECG writelog: WriteLogItem(1554846951255,A,WriteOperation(y,+,1))
[2019-04-09T21:55:51.258][Master] Read ECG writelog
[2019-04-09T21:55:53.061][Master] Write ECG writelog: WriteLogItem(1554846953060,B,WriteOperation(y,+,1))
[2019-04-09T21:55:53.062][Master] Read ECG writelog
[2019-04-09T21:55:54.672][Master] Write ECG writelog: WriteLogItem(1554846954670,A,WriteOperation(x,+,1))
[2019-04-09T21:55:54.672][Master] Read ECG writelog
[2019-04-09T21:55:56.916][Master] Write ECG writelog: WriteLogItem(1554846956915,A,WriteOperation(z,+,1))
[2019-04-09T21:55:56.917][Master] Read ECG writelog
[2019-04-09T21:55:59.014][Master] Write ECG writelog: WriteLogItem(1554846959013,A,WriteOperation(z,+,1))
[2019-04-09T21:55:59.018][Master] Read ECG writelog
[2019-04-09T21:56:01.120][Master] Write ECG writelog: WriteLogItem(1554846961114,B,WriteOperation(x,+,1))
[2019-04-09T21:56:01.121][Master] Read ECG writelog
[2019-04-09T21:56:03.358][Master] Write ECG writelog: WriteLogItem(1554846963356,A,WriteOperation(x,+,1))
[2019-04-09T21:56:03.358][Master] Read ECG writelog
[2019-04-09T21:56:07.887][Master] Write ECG writelog: WriteLogItem(1554846967886,A,WriteOperation(y,+,1))
[2019-04-09T21:56:07.889][Master] Read ECG writelog
[2019-04-09T21:56:09.705][Master] Write ECG writelog: WriteLogItem(1554846969704,B,WriteOperation(x,+,1))
[2019-04-09T21:56:09.706][Master] Read ECG writelog
[2019-04-09T21:56:14.398][Master] Write ECG writelog: WriteLogItem(1554846974396,A,WriteOperation(z,+,1))
[2019-04-09T21:56:14.403][Master] Read ECG writelog
[2019-04-09T21:56:18.907][Master] Write ECG writelog: WriteLogItem(1554846978906,A,WriteOperation(x,+,1))
[2019-04-09T21:56:18.908][Master] Read ECG writelog
[2019-04-09T21:56:21.194][Master] Write ECG writelog: WriteLogItem(1554846981192,B,WriteOperation(z,+,1))
[2019-04-09T21:56:21.194][Master] Read ECG writelog
[2019-04-09T21:56:22.914][Master] Write ECG writelog: WriteLogItem(1554846982913,A,WriteOperation(y,+,1))
[2019-04-09T21:56:22.915][Master] Read ECG writelog
[2019-04-09T21:56:26.482][Master] Write ECG writelog: WriteLogItem(1554846986481,A,WriteOperation(x,+,1))
[2019-04-09T21:56:26.483][Master] Read ECG writelog
[2019-04-09T21:56:28.451][Master] Write ECG writelog: WriteLogItem(1554846988450,B,WriteOperation(z,+,1))
[2019-04-09T21:56:28.453][Master] Read ECG writelog
[2019-04-09T21:56:30.101][Master] Write ECG writelog: WriteLogItem(1554846990100,B,WriteOperation(x,+,1))
[2019-04-09T21:56:30.102][Master] Read ECG writelog
[2019-04-09T21:56:32.598][Master] Write ECG writelog: WriteLogItem(1554846992596,A,WriteOperation(y,+,1))
[2019-04-09T21:56:32.598][Master] Read ECG writelog
[2019-04-09T21:56:34.169][Master] Write ECG writelog: WriteLogItem(1554846994168,A,WriteOperation(z,+,1))
[2019-04-09T21:56:34.170][Master] Read ECG writelog
[2019-04-09T21:56:36.395][Master] Write ECG writelog: WriteLogItem(1554846996394,B,WriteOperation(y,+,1))
[2019-04-09T21:56:36.396][Master] Read ECG writelog
[2019-04-09T21:56:38.668][Master] Write ECG writelog: WriteLogItem(1554846998666,B,WriteOperation(y,+,1))
[2019-04-09T21:56:38.669][Master] Read ECG writelog
[2019-04-09T21:56:41.779][Master] Write ECG writelog: WriteLogItem(1554847001778,B,WriteOperation(y,+,1))
[2019-04-09T21:56:41.780][Master] Read ECG writelog
[2019-04-09T21:56:43.873][Master] Write ECG writelog: WriteLogItem(1554847003872,A,WriteOperation(y,+,1))
[2019-04-09T21:56:43.874][Master] Read ECG writelog
[2019-04-09T21:56:46.178][Master] Write ECG writelog: WriteLogItem(1554847006177,B,WriteOperation(y,+,1))
[2019-04-09T21:56:46.179][Master] Read ECG writelog
[2019-04-09T21:56:48.170][Master] Write ECG writelog: WriteLogItem(1554847008169,B,WriteOperation(x,+,1))
[2019-04-09T21:56:48.171][Master] Read ECG writelog
[2019-04-09T21:56:50.529][Master] Write ECG writelog: WriteLogItem(1554847010527,B,WriteOperation(y,+,1))
[2019-04-09T21:56:50.530][Master] Read ECG writelog
[2019-04-09T21:56:52.085][Master] Write ECG writelog: WriteLogItem(1554847012084,B,WriteOperation(z,+,1))
[2019-04-09T21:56:52.086][Master] Read ECG writelog
[2019-04-09T21:56:54.471][Master] Write ECG writelog: WriteLogItem(1554847014469,B,WriteOperation(y,+,1))
[2019-04-09T21:56:54.471][Master] Read ECG writelog
[2019-04-09T21:56:56.148][Master] Write ECG writelog: WriteLogItem(1554847016147,B,WriteOperation(x,+,1))
[2019-04-09T21:56:56.149][Master] Read ECG writelog
[2019-04-09T21:57:00.581][Master] Write ECG writelog: WriteLogItem(1554847020580,B,WriteOperation(x,+,1))
[2019-04-09T21:57:00.582][Master] Read ECG writelog
[2019-04-09T21:57:02.637][Master] Write ECG writelog: WriteLogItem(1554847022636,A,WriteOperation(y,+,1))
[2019-04-09T21:57:02.638][Master] Read ECG writelog
[2019-04-09T21:57:04.874][Master] Write ECG writelog: WriteLogItem(1554847024872,A,WriteOperation(z,+,1))
[2019-04-09T21:57:04.875][Master] Read ECG writelog
[2019-04-09T21:57:07.254][Master] Write ECG writelog: WriteLogItem(1554847027253,B,WriteOperation(y,+,1))
[2019-04-09T21:57:07.257][Master] Read ECG writelog
[2019-04-09T21:57:11.868][Master] Write ECG writelog: WriteLogItem(1554847031867,A,WriteOperation(y,+,1))
[2019-04-09T21:57:11.869][Master] Read ECG writelog
[2019-04-09T21:57:13.852][Master] Write ECG writelog: WriteLogItem(1554847033851,B,WriteOperation(y,+,1))
[2019-04-09T21:57:13.854][Master] Read ECG writelog
[2019-04-09T21:57:15.700][Master] Write ECG writelog: WriteLogItem(1554847035699,A,WriteOperation(x,+,1))
[2019-04-09T21:57:15.701][Master] Read ECG writelog
[2019-04-09T21:57:19.870][Master] Write ECG writelog: WriteLogItem(1554847039869,B,WriteOperation(y,+,1))
[2019-04-09T21:57:19.871][Master] Read ECG writelog
[2019-04-09T21:57:21.538][Master] Write ECG writelog: WriteLogItem(1554847041537,B,WriteOperation(z,+,1))
[2019-04-09T21:57:21.539][Master] Read ECG writelog
[2019-04-09T21:57:23.430][Master] Write ECG writelog: WriteLogItem(1554847043429,A,WriteOperation(z,+,1))
[2019-04-09T21:57:23.431][Master] Read ECG writelog
[2019-04-09T21:57:25.159][Master] Write ECG writelog: WriteLogItem(1554847045158,B,WriteOperation(x,+,1))
[2019-04-09T21:57:25.160][Master] Read ECG writelog
[2019-04-09T21:57:27.461][Master] Write ECG writelog: WriteLogItem(1554847047460,B,WriteOperation(z,+,1))
[2019-04-09T21:57:27.462][Master] Read ECG writelog
[2019-04-09T21:57:29.616][Master] Write ECG writelog: WriteLogItem(1554847049615,A,WriteOperation(x,+,1))
[2019-04-09T21:57:29.618][Master] Read ECG writelog
[2019-04-09T21:57:31.242][Master] Write ECG writelog: WriteLogItem(1554847051241,A,WriteOperation(x,+,1))
[2019-04-09T21:57:31.247][Master] Read ECG writelog
[2019-04-09T21:57:33.122][Master] Write ECG writelog: WriteLogItem(1554847053120,A,WriteOperation(y,+,1))
[2019-04-09T21:57:33.122][Master] Read ECG writelog
[2019-04-09T21:57:37.257][Master] Write ECG writelog: WriteLogItem(1554847057256,A,WriteOperation(z,+,1))
[2019-04-09T21:57:37.258][Master] Read ECG writelog
[2019-04-09T21:57:39.243][Master] Write ECG writelog: WriteLogItem(1554847059239,A,WriteOperation(z,+,1))
[2019-04-09T21:57:39.248][Master] Read ECG writelog
[2019-04-09T21:57:41.257][Master] Write ECG writelog: WriteLogItem(1554847061256,B,WriteOperation(z,+,1))
[2019-04-09T21:57:41.258][Master] Read ECG writelog
/home/sven/.sdkman/candidates/scala/current/bin/scala: line 21: 17140 Killed                  "$@"
