[2019-04-09T21:40:24.951][ReplicaD] Starting ReplicaD
[2019-04-09T21:40:24.953][ReplicaD] => Looking for ECG history
[2019-04-09T21:40:27.147][ReplicaD] => Binding TACT Replica to RMI
[2019-04-09T21:40:28.111][ReplicaD] Replica started on rmi://10.156.0.2/ReplicaD
--------------------------------------------------------------------------------------------

[2019-04-09T21:40:57.948][ReplicaD] Accept WriteLog
WriteLogItem(1554846040134,A,WriteOperation(x,+,1))[2019-04-09T21:40:57.954][ReplicaD] -- Update with key x, value = 1
WriteLogItem(1554846042452,A,WriteOperation(x,+,1))[2019-04-09T21:40:57.954][ReplicaD] -- Update with key x, value = 1
WriteLogItem(1554846046274,A,WriteOperation(x,+,1))[2019-04-09T21:40:57.954][ReplicaD] -- Update with key x, value = 1
WriteLogItem(1554846056112,A,WriteOperation(x,+,1))[2019-04-09T21:40:57.954][ReplicaD] -- Update with key x, value = 1

[2019-04-09T21:41:12.298][ReplicaD] Accept WriteLog
WriteLogItem(1554846035214,B,WriteOperation(y,+,1))[2019-04-09T21:41:12.298][ReplicaD] -- Update with key y, value = 1
WriteLogItem(1554846050735,B,WriteOperation(y,+,1))[2019-04-09T21:41:12.299][ReplicaD] -- Update with key y, value = 1
WriteLogItem(1554846060773,B,WriteOperation(y,+,1))[2019-04-09T21:41:12.299][ReplicaD] -- Update with key y, value = 1
WriteLogItem(1554846064389,B,WriteOperation(y,+,1))[2019-04-09T21:41:12.299][ReplicaD] -- Update with key y, value = 1
WriteLogItem(1554846070464,B,WriteOperation(y,+,1))[2019-04-09T21:41:12.299][ReplicaD] -- Update with key y, value = 1

[2019-04-09T21:41:28.568][ReplicaD] Accept WriteLog
WriteLogItem(1554846079388,A,WriteOperation(x,+,1))[2019-04-09T21:41:28.568][ReplicaD] -- Update with key x, value = 1
WriteLogItem(1554846082801,A,WriteOperation(x,+,1))[2019-04-09T21:41:28.568][ReplicaD] -- Update with key x, value = 1
WriteLogItem(1554846087263,A,WriteOperation(x,+,1))[2019-04-09T21:41:28.568][ReplicaD] -- Update with key x, value = 1

[2019-04-09T21:41:37.010][ReplicaD] Accept WriteLog
WriteLogItem(1554846044212,B,WriteOperation(x,+,1))[2019-04-09T21:41:37.011][ReplicaD] -- Update with key x, value = 1
WriteLogItem(1554846085036,B,WriteOperation(x,+,1))[2019-04-09T21:41:37.011][ReplicaD] -- Update with key x, value = 1
WriteLogItem(1554846096173,B,WriteOperation(x,+,1))[2019-04-09T21:41:37.011][ReplicaD] -- Update with key x, value = 1

[2019-04-09T21:41:45.433][ReplicaD] Accept WriteLog
WriteLogItem(1554846099386,A,WriteOperation(x,+,1))[2019-04-09T21:41:45.434][ReplicaD] -- Update with key x, value = 1
WriteLogItem(1554846101725,A,WriteOperation(x,+,1))[2019-04-09T21:41:45.434][ReplicaD] -- Update with key x, value = 1
WriteLogItem(1554846104134,A,WriteOperation(x,+,1))[2019-04-09T21:41:45.434][ReplicaD] -- Update with key x, value = 1

[2019-04-09T21:42:02.059][ReplicaD] Accept WriteLog
WriteLogItem(1554846074989,B,WriteOperation(y,+,1))[2019-04-09T21:42:02.059][ReplicaD] -- Update with key y, value = 1
WriteLogItem(1554846107832,B,WriteOperation(y,+,1))[2019-04-09T21:42:02.060][ReplicaD] -- Update with key y, value = 1
WriteLogItem(1554846109598,B,WriteOperation(y,+,1))[2019-04-09T21:42:02.061][ReplicaD] -- Update with key y, value = 1
WriteLogItem(1554846118348,B,WriteOperation(y,+,1))[2019-04-09T21:42:02.061][ReplicaD] -- Update with key y, value = 1
WriteLogItem(1554846120756,B,WriteOperation(y,+,1))[2019-04-09T21:42:02.061][ReplicaD] -- Update with key y, value = 1

[2019-04-09T21:42:11.867][ReplicaD] Accept WriteLog
WriteLogItem(1554846113910,A,WriteOperation(x,+,1))[2019-04-09T21:42:11.867][ReplicaD] -- Update with key x, value = 1
WriteLogItem(1554846116340,A,WriteOperation(x,+,1))[2019-04-09T21:42:11.868][ReplicaD] -- Update with key x, value = 1
WriteLogItem(1554846130568,A,WriteOperation(x,+,1))[2019-04-09T21:42:11.868][ReplicaD] -- Update with key x, value = 1

[2019-04-09T21:42:16.101][ReplicaD] Accept WriteLog
WriteLogItem(1554846037849,A,WriteOperation(y,+,1))[2019-04-09T21:42:16.102][ReplicaD] -- Update with key y, value = 1
WriteLogItem(1554846048558,A,WriteOperation(y,+,1))[2019-04-09T21:42:16.102][ReplicaD] -- Update with key y, value = 1
WriteLogItem(1554846081258,A,WriteOperation(y,+,1))[2019-04-09T21:42:16.102][ReplicaD] -- Update with key y, value = 1
WriteLogItem(1554846093823,A,WriteOperation(y,+,1))[2019-04-09T21:42:16.102][ReplicaD] -- Update with key y, value = 1
WriteLogItem(1554846134797,A,WriteOperation(y,+,1))[2019-04-09T21:42:16.102][ReplicaD] -- Update with key y, value = 1

[2019-04-09T21:42:32.048][ReplicaD] Accept WriteLog
WriteLogItem(1554846129041,B,WriteOperation(x,+,1))[2019-04-09T21:42:32.049][ReplicaD] -- Update with key x, value = 1
WriteLogItem(1554846147289,B,WriteOperation(x,+,1))[2019-04-09T21:42:32.050][ReplicaD] -- Update with key x, value = 1
WriteLogItem(1554846150486,B,WriteOperation(x,+,1))[2019-04-09T21:42:32.050][ReplicaD] -- Update with key x, value = 1

[2019-04-09T21:42:46.630][ReplicaD] Accept WriteLog
WriteLogItem(1554846124795,B,WriteOperation(y,+,1))[2019-04-09T21:42:46.630][ReplicaD] -- Update with key y, value = 1
WriteLogItem(1554846142052,B,WriteOperation(y,+,1))[2019-04-09T21:42:46.630][ReplicaD] -- Update with key y, value = 1
WriteLogItem(1554846158988,B,WriteOperation(y,+,1))[2019-04-09T21:42:46.630][ReplicaD] -- Update with key y, value = 1
WriteLogItem(1554846163669,B,WriteOperation(y,+,1))[2019-04-09T21:42:46.631][ReplicaD] -- Update with key y, value = 1
WriteLogItem(1554846165793,B,WriteOperation(y,+,1))[2019-04-09T21:42:46.631][ReplicaD] -- Update with key y, value = 1

[2019-04-09T21:42:50.665][ReplicaD] Accept WriteLog
WriteLogItem(1554846140462,A,WriteOperation(x,+,1))[2019-04-09T21:42:50.665][ReplicaD] -- Update with key x, value = 1
WriteLogItem(1554846143705,A,WriteOperation(x,+,1))[2019-04-09T21:42:50.665][ReplicaD] -- Update with key x, value = 1
WriteLogItem(1554846169371,A,WriteOperation(x,+,1))[2019-04-09T21:42:50.665][ReplicaD] -- Update with key x, value = 1

[2019-04-09T21:42:59.611][ReplicaD] Accept WriteLog
WriteLogItem(1554846062749,B,WriteOperation(z,+,1))[2019-04-09T21:42:59.612][ReplicaD] -- Update with key z, value = 1
WriteLogItem(1554846077025,B,WriteOperation(z,+,1))[2019-04-09T21:42:59.612][ReplicaD] -- Update with key z, value = 1
WriteLogItem(1554846127149,B,WriteOperation(z,+,1))[2019-04-09T21:42:59.612][ReplicaD] -- Update with key z, value = 1
WriteLogItem(1554846145405,B,WriteOperation(z,+,1))[2019-04-09T21:42:59.612][ReplicaD] -- Update with key z, value = 1
WriteLogItem(1554846178764,B,WriteOperation(z,+,1))[2019-04-09T21:42:59.612][ReplicaD] -- Update with key z, value = 1

[2019-04-09T21:43:07.296][ReplicaD] Accept WriteLog
WriteLogItem(1554846176568,A,WriteOperation(x,+,1))[2019-04-09T21:43:07.297][ReplicaD] -- Update with key x, value = 1
WriteLogItem(1554846184080,A,WriteOperation(x,+,1))[2019-04-09T21:43:07.297][ReplicaD] -- Update with key x, value = 1
WriteLogItem(1554846186005,A,WriteOperation(x,+,1))[2019-04-09T21:43:07.297][ReplicaD] -- Update with key x, value = 1

[2019-04-09T21:43:12.984][ReplicaD] Accept WriteLog
WriteLogItem(1554846154610,B,WriteOperation(x,+,1))[2019-04-09T21:43:12.984][ReplicaD] -- Update with key x, value = 1
WriteLogItem(1554846173360,B,WriteOperation(x,+,1))[2019-04-09T21:43:12.984][ReplicaD] -- Update with key x, value = 1
WriteLogItem(1554846192151,B,WriteOperation(x,+,1))[2019-04-09T21:43:12.984][ReplicaD] -- Update with key x, value = 1

[2019-04-09T21:43:16.040][ReplicaD] Accept WriteLog
WriteLogItem(1554846195213,B,WriteOperation(z,+,1))[2019-04-09T21:43:16.040][ReplicaD] -- Update with key z, value = 1

[2019-04-09T21:43:21.047][ReplicaD] Accept WriteLog
WriteLogItem(1554846200216,B,WriteOperation(z,+,1))[2019-04-09T21:43:21.047][ReplicaD] -- Update with key z, value = 1

[2019-04-09T21:43:24.405][ReplicaD] Accept WriteLog
WriteLogItem(1554846189764,A,WriteOperation(x,+,1))[2019-04-09T21:43:24.405][ReplicaD] -- Update with key x, value = 1
WriteLogItem(1554846198337,A,WriteOperation(x,+,1))[2019-04-09T21:43:24.405][ReplicaD] -- Update with key x, value = 1
WriteLogItem(1554846203119,A,WriteOperation(x,+,1))[2019-04-09T21:43:24.405][ReplicaD] -- Update with key x, value = 1

[2019-04-09T21:43:52.094][ReplicaD] Read key = x
[2019-04-09T21:43:54.305][ReplicaD] Read key = y
[2019-04-09T21:43:56.496][ReplicaD] Read key = z
[2019-04-09T21:44:09.494][ReplicaD] Accept WriteLog
WriteLogItem(1554846209780,B,WriteOperation(x,+,1))[2019-04-09T21:44:09.494][ReplicaD] -- Update with key x, value = 1
WriteLogItem(1554846213865,B,WriteOperation(x,+,1))[2019-04-09T21:44:09.494][ReplicaD] -- Update with key x, value = 1
WriteLogItem(1554846248201,B,WriteOperation(x,+,1))[2019-04-09T21:44:09.494][ReplicaD] -- Update with key x, value = 1

[2019-04-09T21:44:23.270][ReplicaD] Accept WriteLog
WriteLogItem(1554846262440,B,WriteOperation(z,+,1))[2019-04-09T21:44:23.270][ReplicaD] -- Update with key z, value = 1

[2019-04-09T21:44:28.773][ReplicaD] Accept WriteLog
WriteLogItem(1554846267946,B,WriteOperation(z,+,1))[2019-04-09T21:44:28.774][ReplicaD] -- Update with key z, value = 1

[2019-04-09T21:44:32.783][ReplicaD] Accept WriteLog
WriteLogItem(1554846138987,A,WriteOperation(y,+,1))[2019-04-09T21:44:32.783][ReplicaD] -- Update with key y, value = 1
WriteLogItem(1554846162196,A,WriteOperation(y,+,1))[2019-04-09T21:44:32.783][ReplicaD] -- Update with key y, value = 1
WriteLogItem(1554846182318,A,WriteOperation(y,+,1))[2019-04-09T21:44:32.783][ReplicaD] -- Update with key y, value = 1
WriteLogItem(1554846211522,A,WriteOperation(y,+,1))[2019-04-09T21:44:32.783][ReplicaD] -- Update with key y, value = 1
WriteLogItem(1554846271484,A,WriteOperation(y,+,1))[2019-04-09T21:44:32.783][ReplicaD] -- Update with key y, value = 1

[2019-04-09T21:44:37.389][ReplicaD] Accept WriteLog
WriteLogItem(1554846275613,B,WriteOperation(z,+,1))[2019-04-09T21:44:37.389][ReplicaD] -- Update with key z, value = 1

[2019-04-09T21:44:41.371][ReplicaD] Accept WriteLog
WriteLogItem(1554846052445,A,WriteOperation(z,+,1))[2019-04-09T21:44:41.372][ReplicaD] -- Update with key z, value = 1
WriteLogItem(1554846054233,A,WriteOperation(z,+,1))[2019-04-09T21:44:41.372][ReplicaD] -- Update with key z, value = 1
WriteLogItem(1554846066500,A,WriteOperation(z,+,1))[2019-04-09T21:44:41.372][ReplicaD] -- Update with key z, value = 1
WriteLogItem(1554846068079,A,WriteOperation(z,+,1))[2019-04-09T21:44:41.372][ReplicaD] -- Update with key z, value = 1
WriteLogItem(1554846091420,A,WriteOperation(z,+,1))[2019-04-09T21:44:41.372][ReplicaD] -- Update with key z, value = 1
WriteLogItem(1554846111928,A,WriteOperation(z,+,1))[2019-04-09T21:44:41.372][ReplicaD] -- Update with key z, value = 1
WriteLogItem(1554846148951,A,WriteOperation(z,+,1))[2019-04-09T21:44:41.372][ReplicaD] -- Update with key z, value = 1
WriteLogItem(1554846156679,A,WriteOperation(z,+,1))[2019-04-09T21:44:41.372][ReplicaD] -- Update with key z, value = 1
WriteLogItem(1554846160485,A,WriteOperation(z,+,1))[2019-04-09T21:44:41.372][ReplicaD] -- Update with key z, value = 1
WriteLogItem(1554846175047,A,WriteOperation(z,+,1))[2019-04-09T21:44:41.373][ReplicaD] -- Update with key z, value = 1
WriteLogItem(1554846254510,A,WriteOperation(z,+,1))[2019-04-09T21:44:41.373][ReplicaD] -- Update with key z, value = 1
WriteLogItem(1554846280532,A,WriteOperation(z,+,1))[2019-04-09T21:44:41.373][ReplicaD] -- Update with key z, value = 1

[2019-04-09T21:44:53.619][ReplicaD] Accept WriteLog
WriteLogItem(1554846266321,B,WriteOperation(x,+,1))[2019-04-09T21:44:53.619][ReplicaD] -- Update with key x, value = 1
WriteLogItem(1554846290686,B,WriteOperation(x,+,1))[2019-04-09T21:44:53.619][ReplicaD] -- Update with key x, value = 1
WriteLogItem(1554846292786,B,WriteOperation(x,+,1))[2019-04-09T21:44:53.619][ReplicaD] -- Update with key x, value = 1

[2019-04-09T21:45:01.404][ReplicaD] Accept WriteLog
WriteLogItem(1554846260124,A,WriteOperation(x,+,1))[2019-04-09T21:45:01.404][ReplicaD] -- Update with key x, value = 1
WriteLogItem(1554846296303,A,WriteOperation(x,+,1))[2019-04-09T21:45:01.405][ReplicaD] -- Update with key x, value = 1
WriteLogItem(1554846300101,A,WriteOperation(x,+,1))[2019-04-09T21:45:01.405][ReplicaD] -- Update with key x, value = 1

[2019-04-09T21:45:16.229][ReplicaD] Accept WriteLog
WriteLogItem(1554846298129,B,WriteOperation(x,+,1))[2019-04-09T21:45:16.229][ReplicaD] -- Update with key x, value = 1
WriteLogItem(1554846304146,B,WriteOperation(x,+,1))[2019-04-09T21:45:16.229][ReplicaD] -- Update with key x, value = 1
WriteLogItem(1554846315397,B,WriteOperation(x,+,1))[2019-04-09T21:45:16.230][ReplicaD] -- Update with key x, value = 1

[2019-04-09T21:45:35.731][ReplicaD] Accept WriteLog
WriteLogItem(1554846207603,B,WriteOperation(y,+,1))[2019-04-09T21:45:35.731][ReplicaD] -- Update with key y, value = 1
WriteLogItem(1554846252428,B,WriteOperation(y,+,1))[2019-04-09T21:45:35.731][ReplicaD] -- Update with key y, value = 1
WriteLogItem(1554846256296,B,WriteOperation(y,+,1))[2019-04-09T21:45:35.731][ReplicaD] -- Update with key y, value = 1
WriteLogItem(1554846258597,B,WriteOperation(y,+,1))[2019-04-09T21:45:35.731][ReplicaD] -- Update with key y, value = 1
WriteLogItem(1554846334900,B,WriteOperation(y,+,1))[2019-04-09T21:45:35.731][ReplicaD] -- Update with key y, value = 1

[2019-04-09T21:45:43.913][ReplicaD] Accept WriteLog
WriteLogItem(1554846308297,A,WriteOperation(x,+,1))[2019-04-09T21:45:43.913][ReplicaD] -- Update with key x, value = 1
WriteLogItem(1554846311833,A,WriteOperation(x,+,1))[2019-04-09T21:45:43.913][ReplicaD] -- Update with key x, value = 1
WriteLogItem(1554846342609,A,WriteOperation(x,+,1))[2019-04-09T21:45:43.913][ReplicaD] -- Update with key x, value = 1

[2019-04-09T21:45:55.285][ReplicaD] Accept WriteLog
WriteLogItem(1554846288520,B,WriteOperation(z,+,1))[2019-04-09T21:45:55.286][ReplicaD] -- Update with key z, value = 1
WriteLogItem(1554846310075,B,WriteOperation(z,+,1))[2019-04-09T21:45:55.286][ReplicaD] -- Update with key z, value = 1
WriteLogItem(1554846313413,B,WriteOperation(z,+,1))[2019-04-09T21:45:55.286][ReplicaD] -- Update with key z, value = 1
WriteLogItem(1554846318837,B,WriteOperation(z,+,1))[2019-04-09T21:45:55.286][ReplicaD] -- Update with key z, value = 1
WriteLogItem(1554846329265,B,WriteOperation(z,+,1))[2019-04-09T21:45:55.286][ReplicaD] -- Update with key z, value = 1
WriteLogItem(1554846331582,B,WriteOperation(z,+,1))[2019-04-09T21:45:55.286][ReplicaD] -- Update with key z, value = 1
WriteLogItem(1554846338448,B,WriteOperation(z,+,1))[2019-04-09T21:45:55.286][ReplicaD] -- Update with key z, value = 1
WriteLogItem(1554846340472,B,WriteOperation(z,+,1))[2019-04-09T21:45:55.287][ReplicaD] -- Update with key z, value = 1
WriteLogItem(1554846346638,B,WriteOperation(z,+,1))[2019-04-09T21:45:55.287][ReplicaD] -- Update with key z, value = 1
WriteLogItem(1554846354003,B,WriteOperation(z,+,1))[2019-04-09T21:45:55.287][ReplicaD] -- Update with key z, value = 1

[2019-04-09T21:46:00.923][ReplicaD] Accept WriteLog
WriteLogItem(1554846286794,A,WriteOperation(y,+,1))[2019-04-09T21:46:00.923][ReplicaD] -- Update with key y, value = 1
WriteLogItem(1554846321229,A,WriteOperation(y,+,1))[2019-04-09T21:46:00.923][ReplicaD] -- Update with key y, value = 1
WriteLogItem(1554846325419,A,WriteOperation(y,+,1))[2019-04-09T21:46:00.923][ReplicaD] -- Update with key y, value = 1
WriteLogItem(1554846350839,A,WriteOperation(y,+,1))[2019-04-09T21:46:00.923][ReplicaD] -- Update with key y, value = 1
WriteLogItem(1554846359866,A,WriteOperation(y,+,1))[2019-04-09T21:46:00.923][ReplicaD] -- Update with key y, value = 1

[2019-04-09T21:46:12.120][ReplicaD] Accept WriteLog
WriteLogItem(1554846348712,B,WriteOperation(y,+,1))[2019-04-09T21:46:12.120][ReplicaD] -- Update with key y, value = 1
WriteLogItem(1554846352405,B,WriteOperation(y,+,1))[2019-04-09T21:46:12.120][ReplicaD] -- Update with key y, value = 1
WriteLogItem(1554846358084,B,WriteOperation(y,+,1))[2019-04-09T21:46:12.120][ReplicaD] -- Update with key y, value = 1
WriteLogItem(1554846365348,B,WriteOperation(y,+,1))[2019-04-09T21:46:12.120][ReplicaD] -- Update with key y, value = 1
WriteLogItem(1554846370835,B,WriteOperation(y,+,1))[2019-04-09T21:46:12.120][ReplicaD] -- Update with key y, value = 1

[2019-04-09T21:46:16.209][ReplicaD] Accept WriteLog
WriteLogItem(1554846327603,B,WriteOperation(x,+,1))[2019-04-09T21:46:16.209][ReplicaD] -- Update with key x, value = 1
WriteLogItem(1554846333220,B,WriteOperation(x,+,1))[2019-04-09T21:46:16.209][ReplicaD] -- Update with key x, value = 1
WriteLogItem(1554846374463,B,WriteOperation(x,+,1))[2019-04-09T21:46:16.210][ReplicaD] -- Update with key x, value = 1

[2019-04-09T21:46:42.190][ReplicaD] Accept WriteLog
WriteLogItem(1554846382089,A,WriteOperation(x,+,1))[2019-04-09T21:46:42.190][ReplicaD] -- Update with key x, value = 1
WriteLogItem(1554846388075,A,WriteOperation(x,+,1))[2019-04-09T21:46:42.190][ReplicaD] -- Update with key x, value = 1
WriteLogItem(1554846400904,A,WriteOperation(x,+,1))[2019-04-09T21:46:42.190][ReplicaD] -- Update with key x, value = 1

[2019-04-09T21:46:54.017][ReplicaD] Accept WriteLog
WriteLogItem(1554846378427,B,WriteOperation(y,+,1))[2019-04-09T21:46:54.018][ReplicaD] -- Update with key y, value = 1
WriteLogItem(1554846385782,B,WriteOperation(y,+,1))[2019-04-09T21:46:54.018][ReplicaD] -- Update with key y, value = 1
WriteLogItem(1554846396631,B,WriteOperation(y,+,1))[2019-04-09T21:46:54.018][ReplicaD] -- Update with key y, value = 1
WriteLogItem(1554846404958,B,WriteOperation(y,+,1))[2019-04-09T21:46:54.018][ReplicaD] -- Update with key y, value = 1
WriteLogItem(1554846412729,B,WriteOperation(y,+,1))[2019-04-09T21:46:54.018][ReplicaD] -- Update with key y, value = 1

[2019-04-09T21:46:58.658][ReplicaD] Accept WriteLog
WriteLogItem(1554846408069,A,WriteOperation(x,+,1))[2019-04-09T21:46:58.659][ReplicaD] -- Update with key x, value = 1
WriteLogItem(1554846409588,A,WriteOperation(x,+,1))[2019-04-09T21:46:58.662][ReplicaD] -- Update with key x, value = 1
WriteLogItem(1554846417136,A,WriteOperation(x,+,1))[2019-04-09T21:46:58.662][ReplicaD] -- Update with key x, value = 1

[2019-04-09T21:47:23.433][ReplicaD] Read key = x
[2019-04-09T21:47:25.607][ReplicaD] Read key = y
[2019-04-09T21:47:27.785][ReplicaD] Read key = z
[2019-04-09T21:47:48.105][ReplicaD] Accept WriteLog
WriteLogItem(1554846425523,A,WriteOperation(x,+,1))[2019-04-09T21:47:48.106][ReplicaD] -- Update with key x, value = 1
WriteLogItem(1554846465050,A,WriteOperation(x,+,1))[2019-04-09T21:47:48.106][ReplicaD] -- Update with key x, value = 1
WriteLogItem(1554846466805,A,WriteOperation(x,+,1))[2019-04-09T21:47:48.106][ReplicaD] -- Update with key x, value = 1

[2019-04-09T21:47:59.553][ReplicaD] Accept WriteLog
WriteLogItem(1554846284255,A,WriteOperation(z,+,1))[2019-04-09T21:47:59.554][ReplicaD] -- Update with key z, value = 1
WriteLogItem(1554846306131,A,WriteOperation(z,+,1))[2019-04-09T21:47:59.554][ReplicaD] -- Update with key z, value = 1
WriteLogItem(1554846323136,A,WriteOperation(z,+,1))[2019-04-09T21:47:59.554][ReplicaD] -- Update with key z, value = 1
WriteLogItem(1554846363784,A,WriteOperation(z,+,1))[2019-04-09T21:47:59.554][ReplicaD] -- Update with key z, value = 1
WriteLogItem(1554846368952,A,WriteOperation(z,+,1))[2019-04-09T21:47:59.554][ReplicaD] -- Update with key z, value = 1
WriteLogItem(1554846389710,A,WriteOperation(z,+,1))[2019-04-09T21:47:59.554][ReplicaD] -- Update with key z, value = 1
WriteLogItem(1554846391737,A,WriteOperation(z,+,1))[2019-04-09T21:47:59.554][ReplicaD] -- Update with key z, value = 1
WriteLogItem(1554846421199,A,WriteOperation(z,+,1))[2019-04-09T21:47:59.555][ReplicaD] -- Update with key z, value = 1
WriteLogItem(1554846459408,A,WriteOperation(z,+,1))[2019-04-09T21:47:59.555][ReplicaD] -- Update with key z, value = 1
WriteLogItem(1554846478720,A,WriteOperation(z,+,1))[2019-04-09T21:47:59.555][ReplicaD] -- Update with key z, value = 1

[2019-04-09T21:48:03.192][ReplicaD] Accept WriteLog
WriteLogItem(1554846380163,A,WriteOperation(y,+,1))[2019-04-09T21:48:03.192][ReplicaD] -- Update with key y, value = 1
WriteLogItem(1554846398989,A,WriteOperation(y,+,1))[2019-04-09T21:48:03.192][ReplicaD] -- Update with key y, value = 1
WriteLogItem(1554846461114,A,WriteOperation(y,+,1))[2019-04-09T21:48:03.193][ReplicaD] -- Update with key y, value = 1
WriteLogItem(1554846474725,A,WriteOperation(y,+,1))[2019-04-09T21:48:03.193][ReplicaD] -- Update with key y, value = 1
WriteLogItem(1554846482361,A,WriteOperation(y,+,1))[2019-04-09T21:48:03.193][ReplicaD] -- Update with key y, value = 1

[2019-04-09T21:48:16.264][ReplicaD] Accept WriteLog
WriteLogItem(1554846384213,B,WriteOperation(x,+,1))[2019-04-09T21:48:16.265][ReplicaD] -- Update with key x, value = 1
WriteLogItem(1554846411164,B,WriteOperation(x,+,1))[2019-04-09T21:48:16.265][ReplicaD] -- Update with key x, value = 1
WriteLogItem(1554846494983,B,WriteOperation(x,+,1))[2019-04-09T21:48:16.265][ReplicaD] -- Update with key x, value = 1

[2019-04-09T21:48:35.667][ReplicaD] Accept WriteLog
WriteLogItem(1554846476847,A,WriteOperation(x,+,1))[2019-04-09T21:48:35.667][ReplicaD] -- Update with key x, value = 1
WriteLogItem(1554846506583,A,WriteOperation(x,+,1))[2019-04-09T21:48:35.667][ReplicaD] -- Update with key x, value = 1
WriteLogItem(1554846514388,A,WriteOperation(x,+,1))[2019-04-09T21:48:35.667][ReplicaD] -- Update with key x, value = 1

[2019-04-09T21:48:44.909][ReplicaD] Accept WriteLog
WriteLogItem(1554846423229,B,WriteOperation(y,+,1))[2019-04-09T21:48:44.909][ReplicaD] -- Update with key y, value = 1
WriteLogItem(1554846463281,B,WriteOperation(y,+,1))[2019-04-09T21:48:44.909][ReplicaD] -- Update with key y, value = 1
WriteLogItem(1554846505077,B,WriteOperation(y,+,1))[2019-04-09T21:48:44.909][ReplicaD] -- Update with key y, value = 1
WriteLogItem(1554846508538,B,WriteOperation(y,+,1))[2019-04-09T21:48:44.909][ReplicaD] -- Update with key y, value = 1
WriteLogItem(1554846523630,B,WriteOperation(y,+,1))[2019-04-09T21:48:44.910][ReplicaD] -- Update with key y, value = 1

[2019-04-09T21:48:53.562][ReplicaD] Accept WriteLog
WriteLogItem(1554846503483,B,WriteOperation(x,+,1))[2019-04-09T21:48:53.566][ReplicaD] -- Update with key x, value = 1
WriteLogItem(1554846518865,B,WriteOperation(x,+,1))[2019-04-09T21:48:53.566][ReplicaD] -- Update with key x, value = 1
WriteLogItem(1554846531807,B,WriteOperation(x,+,1))[2019-04-09T21:48:53.566][ReplicaD] -- Update with key x, value = 1

[2019-04-09T21:48:57.761][ReplicaD] Accept WriteLog
WriteLogItem(1554846367153,B,WriteOperation(z,+,1))[2019-04-09T21:48:57.763][ReplicaD] -- Update with key z, value = 1
WriteLogItem(1554846393342,B,WriteOperation(z,+,1))[2019-04-09T21:48:57.764][ReplicaD] -- Update with key z, value = 1
WriteLogItem(1554846395126,B,WriteOperation(z,+,1))[2019-04-09T21:48:57.764][ReplicaD] -- Update with key z, value = 1
WriteLogItem(1554846406592,B,WriteOperation(z,+,1))[2019-04-09T21:48:57.764][ReplicaD] -- Update with key z, value = 1
WriteLogItem(1554846470587,B,WriteOperation(z,+,1))[2019-04-09T21:48:57.765][ReplicaD] -- Update with key z, value = 1
WriteLogItem(1554846472927,B,WriteOperation(z,+,1))[2019-04-09T21:48:57.765][ReplicaD] -- Update with key z, value = 1
WriteLogItem(1554846485668,B,WriteOperation(z,+,1))[2019-04-09T21:48:57.766][ReplicaD] -- Update with key z, value = 1
WriteLogItem(1554846489632,B,WriteOperation(z,+,1))[2019-04-09T21:48:57.767][ReplicaD] -- Update with key z, value = 1
WriteLogItem(1554846491527,B,WriteOperation(z,+,1))[2019-04-09T21:48:57.767][ReplicaD] -- Update with key z, value = 1
WriteLogItem(1554846536937,B,WriteOperation(z,+,1))[2019-04-09T21:48:57.767][ReplicaD] -- Update with key z, value = 1

[2019-04-09T21:49:07.120][ReplicaD] Accept WriteLog
WriteLogItem(1554846487502,A,WriteOperation(y,+,1))[2019-04-09T21:49:07.121][ReplicaD] -- Update with key y, value = 1
WriteLogItem(1554846501464,A,WriteOperation(y,+,1))[2019-04-09T21:49:07.121][ReplicaD] -- Update with key y, value = 1
WriteLogItem(1554846511028,A,WriteOperation(y,+,1))[2019-04-09T21:49:07.121][ReplicaD] -- Update with key y, value = 1
WriteLogItem(1554846521112,A,WriteOperation(y,+,1))[2019-04-09T21:49:07.121][ReplicaD] -- Update with key y, value = 1
WriteLogItem(1554846545833,A,WriteOperation(y,+,1))[2019-04-09T21:49:07.121][ReplicaD] -- Update with key y, value = 1

[2019-04-09T21:49:34.267][ReplicaD] Accept WriteLog
WriteLogItem(1554846553842,A,WriteOperation(x,+,1))[2019-04-09T21:49:34.267][ReplicaD] -- Update with key x, value = 1
WriteLogItem(1554846564319,A,WriteOperation(x,+,1))[2019-04-09T21:49:34.267][ReplicaD] -- Update with key x, value = 1
WriteLogItem(1554846572514,A,WriteOperation(x,+,1))[2019-04-09T21:49:34.268][ReplicaD] -- Update with key x, value = 1

[2019-04-09T21:49:47.931][ReplicaD] Accept WriteLog
WriteLogItem(1554846493063,A,WriteOperation(z,+,1))[2019-04-09T21:49:47.931][ReplicaD] -- Update with key z, value = 1
WriteLogItem(1554846499276,A,WriteOperation(z,+,1))[2019-04-09T21:49:47.931][ReplicaD] -- Update with key z, value = 1
WriteLogItem(1554846512600,A,WriteOperation(z,+,1))[2019-04-09T21:49:47.931][ReplicaD] -- Update with key z, value = 1
WriteLogItem(1554846529986,A,WriteOperation(z,+,1))[2019-04-09T21:49:47.932][ReplicaD] -- Update with key z, value = 1
WriteLogItem(1554846541749,A,WriteOperation(z,+,1))[2019-04-09T21:49:47.932][ReplicaD] -- Update with key z, value = 1
WriteLogItem(1554846549923,A,WriteOperation(z,+,1))[2019-04-09T21:49:47.932][ReplicaD] -- Update with key z, value = 1
WriteLogItem(1554846552213,A,WriteOperation(z,+,1))[2019-04-09T21:49:47.932][ReplicaD] -- Update with key z, value = 1
WriteLogItem(1554846566493,A,WriteOperation(z,+,1))[2019-04-09T21:49:47.932][ReplicaD] -- Update with key z, value = 1
WriteLogItem(1554846568775,A,WriteOperation(z,+,1))[2019-04-09T21:49:47.932][ReplicaD] -- Update with key z, value = 1
WriteLogItem(1554846587106,A,WriteOperation(z,+,1))[2019-04-09T21:49:47.932][ReplicaD] -- Update with key z, value = 1

[2019-04-09T21:49:51.449][ReplicaD] Accept WriteLog
WriteLogItem(1554846556603,B,WriteOperation(x,+,1))[2019-04-09T21:49:51.449][ReplicaD] -- Update with key x, value = 1
WriteLogItem(1554846558721,B,WriteOperation(x,+,1))[2019-04-09T21:49:51.449][ReplicaD] -- Update with key x, value = 1
WriteLogItem(1554846590155,B,WriteOperation(x,+,1))[2019-04-09T21:49:51.449][ReplicaD] -- Update with key x, value = 1

[2019-04-09T21:49:54.608][ReplicaD] Accept WriteLog
WriteLogItem(1554846527768,B,WriteOperation(y,+,1))[2019-04-09T21:49:54.608][ReplicaD] -- Update with key y, value = 1
WriteLogItem(1554846562085,B,WriteOperation(y,+,1))[2019-04-09T21:49:54.608][ReplicaD] -- Update with key y, value = 1
WriteLogItem(1554846577011,B,WriteOperation(y,+,1))[2019-04-09T21:49:54.608][ReplicaD] -- Update with key y, value = 1
WriteLogItem(1554846580904,B,WriteOperation(y,+,1))[2019-04-09T21:49:54.608][ReplicaD] -- Update with key y, value = 1
WriteLogItem(1554846593777,B,WriteOperation(y,+,1))[2019-04-09T21:49:54.608][ReplicaD] -- Update with key y, value = 1

[2019-04-09T21:50:07.321][ReplicaD] Accept WriteLog
WriteLogItem(1554846560626,A,WriteOperation(y,+,1))[2019-04-09T21:50:07.322][ReplicaD] -- Update with key y, value = 1
WriteLogItem(1554846570590,A,WriteOperation(y,+,1))[2019-04-09T21:50:07.322][ReplicaD] -- Update with key y, value = 1
WriteLogItem(1554846578558,A,WriteOperation(y,+,1))[2019-04-09T21:50:07.322][ReplicaD] -- Update with key y, value = 1
WriteLogItem(1554846604182,A,WriteOperation(y,+,1))[2019-04-09T21:50:07.322][ReplicaD] -- Update with key y, value = 1
WriteLogItem(1554846606027,A,WriteOperation(y,+,1))[2019-04-09T21:50:07.322][ReplicaD] -- Update with key y, value = 1

[2019-04-09T21:50:10.493][ReplicaD] Accept WriteLog
WriteLogItem(1554846596678,B,WriteOperation(x,+,1))[2019-04-09T21:50:10.493][ReplicaD] -- Update with key x, value = 1
WriteLogItem(1554846600806,B,WriteOperation(x,+,1))[2019-04-09T21:50:10.493][ReplicaD] -- Update with key x, value = 1
WriteLogItem(1554846609664,B,WriteOperation(x,+,1))[2019-04-09T21:50:10.493][ReplicaD] -- Update with key x, value = 1

[2019-04-09T21:50:15.315][ReplicaD] Accept WriteLog
WriteLogItem(1554846585152,A,WriteOperation(x,+,1))[2019-04-09T21:50:15.316][ReplicaD] -- Update with key x, value = 1
WriteLogItem(1554846598887,A,WriteOperation(x,+,1))[2019-04-09T21:50:15.316][ReplicaD] -- Update with key x, value = 1
WriteLogItem(1554846614495,A,WriteOperation(x,+,1))[2019-04-09T21:50:15.316][ReplicaD] -- Update with key x, value = 1

[2019-04-09T21:50:27.953][ReplicaD] Accept WriteLog
WriteLogItem(1554846612770,B,WriteOperation(x,+,1))[2019-04-09T21:50:27.953][ReplicaD] -- Update with key x, value = 1
WriteLogItem(1554846620406,B,WriteOperation(x,+,1))[2019-04-09T21:50:27.953][ReplicaD] -- Update with key x, value = 1
WriteLogItem(1554846626200,B,WriteOperation(x,+,1))[2019-04-09T21:50:27.953][ReplicaD] -- Update with key x, value = 1

[2019-04-09T21:50:57.475][ReplicaD] Read key = x
[2019-04-09T21:50:59.768][ReplicaD] Read key = y
[2019-04-09T21:51:02.108][ReplicaD] Read key = z
[2019-04-09T21:51:21.263][ReplicaD] Accept WriteLog
WriteLogItem(1554846618115,B,WriteOperation(y,+,1))[2019-04-09T21:51:21.264][ReplicaD] -- Update with key y, value = 1
WriteLogItem(1554846673745,B,WriteOperation(y,+,1))[2019-04-09T21:51:21.264][ReplicaD] -- Update with key y, value = 1
WriteLogItem(1554846675470,B,WriteOperation(y,+,1))[2019-04-09T21:51:21.264][ReplicaD] -- Update with key y, value = 1
WriteLogItem(1554846677570,B,WriteOperation(y,+,1))[2019-04-09T21:51:21.264][ReplicaD] -- Update with key y, value = 1
WriteLogItem(1554846679983,B,WriteOperation(y,+,1))[2019-04-09T21:51:21.264][ReplicaD] -- Update with key y, value = 1

[2019-04-09T21:51:31.332][ReplicaD] Accept WriteLog
WriteLogItem(1554846635845,B,WriteOperation(x,+,1))[2019-04-09T21:51:31.332][ReplicaD] -- Update with key x, value = 1
WriteLogItem(1554846686036,B,WriteOperation(x,+,1))[2019-04-09T21:51:31.332][ReplicaD] -- Update with key x, value = 1
WriteLogItem(1554846690516,B,WriteOperation(x,+,1))[2019-04-09T21:51:31.333][ReplicaD] -- Update with key x, value = 1

[2019-04-09T21:51:58.889][ReplicaD] Accept WriteLog
WriteLogItem(1554846688068,B,WriteOperation(y,+,1))[2019-04-09T21:51:58.890][ReplicaD] -- Update with key y, value = 1
WriteLogItem(1554846707146,B,WriteOperation(y,+,1))[2019-04-09T21:51:58.891][ReplicaD] -- Update with key y, value = 1
WriteLogItem(1554846711176,B,WriteOperation(y,+,1))[2019-04-09T21:51:58.891][ReplicaD] -- Update with key y, value = 1
WriteLogItem(1554846715799,B,WriteOperation(y,+,1))[2019-04-09T21:51:58.892][ReplicaD] -- Update with key y, value = 1
WriteLogItem(1554846717604,B,WriteOperation(y,+,1))[2019-04-09T21:51:58.892][ReplicaD] -- Update with key y, value = 1

[2019-04-09T21:52:08.265][ReplicaD] Accept WriteLog
WriteLogItem(1554846623899,A,WriteOperation(x,+,1))[2019-04-09T21:52:08.265][ReplicaD] -- Update with key x, value = 1
WriteLogItem(1554846683902,A,WriteOperation(x,+,1))[2019-04-09T21:52:08.265][ReplicaD] -- Update with key x, value = 1
WriteLogItem(1554846726511,A,WriteOperation(x,+,1))[2019-04-09T21:52:08.265][ReplicaD] -- Update with key x, value = 1

[2019-04-09T21:52:20.498][ReplicaD] Accept WriteLog
WriteLogItem(1554846638116,A,WriteOperation(y,+,1))[2019-04-09T21:52:20.498][ReplicaD] -- Update with key y, value = 1
WriteLogItem(1554846694233,A,WriteOperation(y,+,1))[2019-04-09T21:52:20.498][ReplicaD] -- Update with key y, value = 1
WriteLogItem(1554846698934,A,WriteOperation(y,+,1))[2019-04-09T21:52:20.498][ReplicaD] -- Update with key y, value = 1
WriteLogItem(1554846737784,A,WriteOperation(y,+,1))[2019-04-09T21:52:20.498][ReplicaD] -- Update with key y, value = 1
WriteLogItem(1554846739671,A,WriteOperation(y,+,1))[2019-04-09T21:52:20.498][ReplicaD] -- Update with key y, value = 1

[2019-04-09T21:52:25.523][ReplicaD] Accept WriteLog
WriteLogItem(1554846730952,A,WriteOperation(x,+,1))[2019-04-09T21:52:25.524][ReplicaD] -- Update with key x, value = 1
WriteLogItem(1554846732518,A,WriteOperation(x,+,1))[2019-04-09T21:52:25.524][ReplicaD] -- Update with key x, value = 1
WriteLogItem(1554846744708,A,WriteOperation(x,+,1))[2019-04-09T21:52:25.524][ReplicaD] -- Update with key x, value = 1

[2019-04-09T21:52:29.753][ReplicaD] Accept WriteLog
WriteLogItem(1554846721220,B,WriteOperation(x,+,1))[2019-04-09T21:52:29.753][ReplicaD] -- Update with key x, value = 1
WriteLogItem(1554846723074,B,WriteOperation(x,+,1))[2019-04-09T21:52:29.753][ReplicaD] -- Update with key x, value = 1
WriteLogItem(1554846748461,B,WriteOperation(x,+,1))[2019-04-09T21:52:29.753][ReplicaD] -- Update with key x, value = 1

[2019-04-09T21:52:42.031][ReplicaD] Accept WriteLog
WriteLogItem(1554846540141,B,WriteOperation(z,+,1))[2019-04-09T21:52:42.031][ReplicaD] -- Update with key z, value = 1
WriteLogItem(1554846543559,B,WriteOperation(z,+,1))[2019-04-09T21:52:42.031][ReplicaD] -- Update with key z, value = 1
WriteLogItem(1554846583223,B,WriteOperation(z,+,1))[2019-04-09T21:52:42.031][ReplicaD] -- Update with key z, value = 1
WriteLogItem(1554846602561,B,WriteOperation(z,+,1))[2019-04-09T21:52:42.031][ReplicaD] -- Update with key z, value = 1
WriteLogItem(1554846631047,B,WriteOperation(z,+,1))[2019-04-09T21:52:42.031][ReplicaD] -- Update with key z, value = 1
WriteLogItem(1554846703339,B,WriteOperation(z,+,1))[2019-04-09T21:52:42.031][ReplicaD] -- Update with key z, value = 1
WriteLogItem(1554846704858,B,WriteOperation(z,+,1))[2019-04-09T21:52:42.031][ReplicaD] -- Update with key z, value = 1
WriteLogItem(1554846724818,B,WriteOperation(z,+,1))[2019-04-09T21:52:42.031][ReplicaD] -- Update with key z, value = 1
WriteLogItem(1554846734219,B,WriteOperation(z,+,1))[2019-04-09T21:52:42.031][ReplicaD] -- Update with key z, value = 1
WriteLogItem(1554846760746,B,WriteOperation(z,+,1))[2019-04-09T21:52:42.031][ReplicaD] -- Update with key z, value = 1

[2019-04-09T21:52:48.836][ReplicaD] Accept WriteLog
WriteLogItem(1554846622372,A,WriteOperation(z,+,1))[2019-04-09T21:52:48.837][ReplicaD] -- Update with key z, value = 1
WriteLogItem(1554846633504,A,WriteOperation(z,+,1))[2019-04-09T21:52:48.837][ReplicaD] -- Update with key z, value = 1
WriteLogItem(1554846696619,A,WriteOperation(z,+,1))[2019-04-09T21:52:48.837][ReplicaD] -- Update with key z, value = 1
WriteLogItem(1554846700956,A,WriteOperation(z,+,1))[2019-04-09T21:52:48.837][ReplicaD] -- Update with key z, value = 1
WriteLogItem(1554846709546,A,WriteOperation(z,+,1))[2019-04-09T21:52:48.837][ReplicaD] -- Update with key z, value = 1
WriteLogItem(1554846713550,A,WriteOperation(z,+,1))[2019-04-09T21:52:48.837][ReplicaD] -- Update with key z, value = 1
WriteLogItem(1554846736105,A,WriteOperation(z,+,1))[2019-04-09T21:52:48.837][ReplicaD] -- Update with key z, value = 1
WriteLogItem(1554846756845,A,WriteOperation(z,+,1))[2019-04-09T21:52:48.837][ReplicaD] -- Update with key z, value = 1
WriteLogItem(1554846759019,A,WriteOperation(z,+,1))[2019-04-09T21:52:48.837][ReplicaD] -- Update with key z, value = 1
WriteLogItem(1554846768019,A,WriteOperation(z,+,1))[2019-04-09T21:52:48.837][ReplicaD] -- Update with key z, value = 1

[2019-04-09T21:52:53.080][ReplicaD] Accept WriteLog
WriteLogItem(1554846754709,A,WriteOperation(x,+,1))[2019-04-09T21:52:53.080][ReplicaD] -- Update with key x, value = 1
WriteLogItem(1554846766027,A,WriteOperation(x,+,1))[2019-04-09T21:52:53.080][ReplicaD] -- Update with key x, value = 1
WriteLogItem(1554846771316,A,WriteOperation(x,+,1))[2019-04-09T21:52:53.081][ReplicaD] -- Update with key x, value = 1

[2019-04-09T21:53:10.638][ReplicaD] Accept WriteLog
WriteLogItem(1554846743146,A,WriteOperation(y,+,1))[2019-04-09T21:53:10.638][ReplicaD] -- Update with key y, value = 1
WriteLogItem(1554846752431,A,WriteOperation(y,+,1))[2019-04-09T21:53:10.638][ReplicaD] -- Update with key y, value = 1
WriteLogItem(1554846778417,A,WriteOperation(y,+,1))[2019-04-09T21:53:10.638][ReplicaD] -- Update with key y, value = 1
WriteLogItem(1554846780528,A,WriteOperation(y,+,1))[2019-04-09T21:53:10.638][ReplicaD] -- Update with key y, value = 1
WriteLogItem(1554846789819,A,WriteOperation(y,+,1))[2019-04-09T21:53:10.638][ReplicaD] -- Update with key y, value = 1

[2019-04-09T21:53:26.915][ReplicaD] Accept WriteLog
WriteLogItem(1554846775920,A,WriteOperation(x,+,1))[2019-04-09T21:53:26.915][ReplicaD] -- Update with key x, value = 1
WriteLogItem(1554846793069,A,WriteOperation(x,+,1))[2019-04-09T21:53:26.915][ReplicaD] -- Update with key x, value = 1
WriteLogItem(1554846806093,A,WriteOperation(x,+,1))[2019-04-09T21:53:26.915][ReplicaD] -- Update with key x, value = 1

[2019-04-09T21:53:47.214][ReplicaD] Accept WriteLog
WriteLogItem(1554846784293,B,WriteOperation(y,+,1))[2019-04-09T21:53:47.215][ReplicaD] -- Update with key y, value = 1
WriteLogItem(1554846786079,B,WriteOperation(y,+,1))[2019-04-09T21:53:47.215][ReplicaD] -- Update with key y, value = 1
WriteLogItem(1554846800036,B,WriteOperation(y,+,1))[2019-04-09T21:53:47.215][ReplicaD] -- Update with key y, value = 1
WriteLogItem(1554846804649,B,WriteOperation(y,+,1))[2019-04-09T21:53:47.215][ReplicaD] -- Update with key y, value = 1
WriteLogItem(1554846825934,B,WriteOperation(y,+,1))[2019-04-09T21:53:47.215][ReplicaD] -- Update with key y, value = 1

[2019-04-09T21:53:54.803][ReplicaD] Accept WriteLog
WriteLogItem(1554846802390,A,WriteOperation(y,+,1))[2019-04-09T21:53:54.803][ReplicaD] -- Update with key y, value = 1
WriteLogItem(1554846813076,A,WriteOperation(y,+,1))[2019-04-09T21:53:54.803][ReplicaD] -- Update with key y, value = 1
WriteLogItem(1554846815231,A,WriteOperation(y,+,1))[2019-04-09T21:53:54.803][ReplicaD] -- Update with key y, value = 1
WriteLogItem(1554846823939,A,WriteOperation(y,+,1))[2019-04-09T21:53:54.803][ReplicaD] -- Update with key y, value = 1
WriteLogItem(1554846833526,A,WriteOperation(y,+,1))[2019-04-09T21:53:54.804][ReplicaD] -- Update with key y, value = 1

[2019-04-09T21:54:24.256][ReplicaD] Read key = x
[2019-04-09T21:54:26.435][ReplicaD] Read key = y
[2019-04-09T21:54:28.601][ReplicaD] Read key = z
[2019-04-09T21:54:43.300][ReplicaD] Accept WriteLog
WriteLogItem(1554846782581,B,WriteOperation(x,+,1))[2019-04-09T21:54:43.301][ReplicaD] -- Update with key x, value = 1
WriteLogItem(1554846821538,B,WriteOperation(x,+,1))[2019-04-09T21:54:43.301][ReplicaD] -- Update with key x, value = 1
WriteLogItem(1554846882009,B,WriteOperation(x,+,1))[2019-04-09T21:54:43.301][ReplicaD] -- Update with key x, value = 1

[2019-04-09T21:55:01.323][ReplicaD] Accept WriteLog
WriteLogItem(1554846895709,B,WriteOperation(x,+,1))[2019-04-09T21:55:01.324][ReplicaD] -- Update with key x, value = 1
WriteLogItem(1554846897405,B,WriteOperation(x,+,1))[2019-04-09T21:55:01.325][ReplicaD] -- Update with key x, value = 1
WriteLogItem(1554846899578,B,WriteOperation(x,+,1))[2019-04-09T21:55:01.326][ReplicaD] -- Update with key x, value = 1

[2019-04-09T21:55:08.138][ReplicaD] Accept WriteLog
WriteLogItem(1554846843548,A,WriteOperation(y,+,1))[2019-04-09T21:55:08.138][ReplicaD] -- Update with key y, value = 1
WriteLogItem(1554846845858,A,WriteOperation(y,+,1))[2019-04-09T21:55:08.138][ReplicaD] -- Update with key y, value = 1
WriteLogItem(1554846887687,A,WriteOperation(y,+,1))[2019-04-09T21:55:08.138][ReplicaD] -- Update with key y, value = 1
WriteLogItem(1554846889480,A,WriteOperation(y,+,1))[2019-04-09T21:55:08.138][ReplicaD] -- Update with key y, value = 1
WriteLogItem(1554846906381,A,WriteOperation(y,+,1))[2019-04-09T21:55:08.138][ReplicaD] -- Update with key y, value = 1

[2019-04-09T21:55:14.003][ReplicaD] Accept WriteLog
WriteLogItem(1554846764017,B,WriteOperation(z,+,1))[2019-04-09T21:55:14.003][ReplicaD] -- Update with key z, value = 1
WriteLogItem(1554846788136,B,WriteOperation(z,+,1))[2019-04-09T21:55:14.003][ReplicaD] -- Update with key z, value = 1
WriteLogItem(1554846794681,B,WriteOperation(z,+,1))[2019-04-09T21:55:14.003][ReplicaD] -- Update with key z, value = 1
WriteLogItem(1554846796615,B,WriteOperation(z,+,1))[2019-04-09T21:55:14.004][ReplicaD] -- Update with key z, value = 1
WriteLogItem(1554846798288,B,WriteOperation(z,+,1))[2019-04-09T21:55:14.004][ReplicaD] -- Update with key z, value = 1
WriteLogItem(1554846811055,B,WriteOperation(z,+,1))[2019-04-09T21:55:14.004][ReplicaD] -- Update with key z, value = 1
WriteLogItem(1554846819262,B,WriteOperation(z,+,1))[2019-04-09T21:55:14.004][ReplicaD] -- Update with key z, value = 1
WriteLogItem(1554846841148,B,WriteOperation(z,+,1))[2019-04-09T21:55:14.004][ReplicaD] -- Update with key z, value = 1
WriteLogItem(1554846891521,B,WriteOperation(z,+,1))[2019-04-09T21:55:14.004][ReplicaD] -- Update with key z, value = 1
WriteLogItem(1554846913172,B,WriteOperation(z,+,1))[2019-04-09T21:55:14.004][ReplicaD] -- Update with key z, value = 1

[2019-04-09T21:55:27.240][ReplicaD] Accept WriteLog
WriteLogItem(1554846817671,A,WriteOperation(x,+,1))[2019-04-09T21:55:27.240][ReplicaD] -- Update with key x, value = 1
WriteLogItem(1554846885897,A,WriteOperation(x,+,1))[2019-04-09T21:55:27.240][ReplicaD] -- Update with key x, value = 1
WriteLogItem(1554846926418,A,WriteOperation(x,+,1))[2019-04-09T21:55:27.240][ReplicaD] -- Update with key x, value = 1

[2019-04-09T21:55:35.341][ReplicaD] Accept WriteLog
WriteLogItem(1554846922140,B,WriteOperation(x,+,1))[2019-04-09T21:55:35.341][ReplicaD] -- Update with key x, value = 1
WriteLogItem(1554846924021,B,WriteOperation(x,+,1))[2019-04-09T21:55:35.341][ReplicaD] -- Update with key x, value = 1
WriteLogItem(1554846934057,B,WriteOperation(x,+,1))[2019-04-09T21:55:35.341][ReplicaD] -- Update with key x, value = 1

[2019-04-09T21:55:40.520][ReplicaD] Accept WriteLog
WriteLogItem(1554846831798,B,WriteOperation(y,+,1))[2019-04-09T21:55:40.521][ReplicaD] -- Update with key y, value = 1
WriteLogItem(1554846837220,B,WriteOperation(y,+,1))[2019-04-09T21:55:40.521][ReplicaD] -- Update with key y, value = 1
WriteLogItem(1554846893785,B,WriteOperation(y,+,1))[2019-04-09T21:55:40.521][ReplicaD] -- Update with key y, value = 1
WriteLogItem(1554846904491,B,WriteOperation(y,+,1))[2019-04-09T21:55:40.521][ReplicaD] -- Update with key y, value = 1
WriteLogItem(1554846939700,B,WriteOperation(y,+,1))[2019-04-09T21:55:40.521][ReplicaD] -- Update with key y, value = 1

[2019-04-09T21:56:04.636][ReplicaD] Accept WriteLog
WriteLogItem(1554846942865,A,WriteOperation(x,+,1))[2019-04-09T21:56:04.636][ReplicaD] -- Update with key x, value = 1
WriteLogItem(1554846954670,A,WriteOperation(x,+,1))[2019-04-09T21:56:04.636][ReplicaD] -- Update with key x, value = 1
WriteLogItem(1554846963356,A,WriteOperation(x,+,1))[2019-04-09T21:56:04.636][ReplicaD] -- Update with key x, value = 1

[2019-04-09T21:56:11.457][ReplicaD] Accept WriteLog
WriteLogItem(1554846945071,B,WriteOperation(x,+,1))[2019-04-09T21:56:11.458][ReplicaD] -- Update with key x, value = 1
WriteLogItem(1554846961114,B,WriteOperation(x,+,1))[2019-04-09T21:56:11.458][ReplicaD] -- Update with key x, value = 1
WriteLogItem(1554846969704,B,WriteOperation(x,+,1))[2019-04-09T21:56:11.458][ReplicaD] -- Update with key x, value = 1

[2019-04-09T21:56:15.693][ReplicaD] Accept WriteLog
WriteLogItem(1554846809521,A,WriteOperation(z,+,1))[2019-04-09T21:56:15.695][ReplicaD] -- Update with key z, value = 1
WriteLogItem(1554846830074,A,WriteOperation(z,+,1))[2019-04-09T21:56:15.695][ReplicaD] -- Update with key z, value = 1
WriteLogItem(1554846839118,A,WriteOperation(z,+,1))[2019-04-09T21:56:15.695][ReplicaD] -- Update with key z, value = 1
WriteLogItem(1554846880415,A,WriteOperation(z,+,1))[2019-04-09T21:56:15.695][ReplicaD] -- Update with key z, value = 1
WriteLogItem(1554846918699,A,WriteOperation(z,+,1))[2019-04-09T21:56:15.695][ReplicaD] -- Update with key z, value = 1
WriteLogItem(1554846920269,A,WriteOperation(z,+,1))[2019-04-09T21:56:15.695][ReplicaD] -- Update with key z, value = 1
WriteLogItem(1554846937892,A,WriteOperation(z,+,1))[2019-04-09T21:56:15.695][ReplicaD] -- Update with key z, value = 1
WriteLogItem(1554846956915,A,WriteOperation(z,+,1))[2019-04-09T21:56:15.695][ReplicaD] -- Update with key z, value = 1
WriteLogItem(1554846959013,A,WriteOperation(z,+,1))[2019-04-09T21:56:15.696][ReplicaD] -- Update with key z, value = 1
WriteLogItem(1554846974396,A,WriteOperation(z,+,1))[2019-04-09T21:56:15.696][ReplicaD] -- Update with key z, value = 1

[2019-04-09T21:56:24.200][ReplicaD] Accept WriteLog
WriteLogItem(1554846911052,A,WriteOperation(y,+,1))[2019-04-09T21:56:24.200][ReplicaD] -- Update with key y, value = 1
WriteLogItem(1554846916340,A,WriteOperation(y,+,1))[2019-04-09T21:56:24.200][ReplicaD] -- Update with key y, value = 1
WriteLogItem(1554846951255,A,WriteOperation(y,+,1))[2019-04-09T21:56:24.200][ReplicaD] -- Update with key y, value = 1
WriteLogItem(1554846967886,A,WriteOperation(y,+,1))[2019-04-09T21:56:24.200][ReplicaD] -- Update with key y, value = 1
WriteLogItem(1554846982913,A,WriteOperation(y,+,1))[2019-04-09T21:56:24.200][ReplicaD] -- Update with key y, value = 1

[2019-04-09T21:56:39.483][ReplicaD] Accept WriteLog
WriteLogItem(1554846947489,B,WriteOperation(y,+,1))[2019-04-09T21:56:39.483][ReplicaD] -- Update with key y, value = 1
WriteLogItem(1554846949366,B,WriteOperation(y,+,1))[2019-04-09T21:56:39.483][ReplicaD] -- Update with key y, value = 1
WriteLogItem(1554846953060,B,WriteOperation(y,+,1))[2019-04-09T21:56:39.483][ReplicaD] -- Update with key y, value = 1
WriteLogItem(1554846996394,B,WriteOperation(y,+,1))[2019-04-09T21:56:39.483][ReplicaD] -- Update with key y, value = 1
WriteLogItem(1554846998666,B,WriteOperation(y,+,1))[2019-04-09T21:56:39.483][ReplicaD] -- Update with key y, value = 1

[2019-04-09T21:56:57.422][ReplicaD] Accept WriteLog
WriteLogItem(1554846990100,B,WriteOperation(x,+,1))[2019-04-09T21:56:57.422][ReplicaD] -- Update with key x, value = 1
WriteLogItem(1554847008169,B,WriteOperation(x,+,1))[2019-04-09T21:56:57.422][ReplicaD] -- Update with key x, value = 1
WriteLogItem(1554847016147,B,WriteOperation(x,+,1))[2019-04-09T21:56:57.422][ReplicaD] -- Update with key x, value = 1

[2019-04-09T21:57:08.538][ReplicaD] Accept WriteLog
WriteLogItem(1554847001778,B,WriteOperation(y,+,1))[2019-04-09T21:57:08.538][ReplicaD] -- Update with key y, value = 1
WriteLogItem(1554847006177,B,WriteOperation(y,+,1))[2019-04-09T21:57:08.538][ReplicaD] -- Update with key y, value = 1
WriteLogItem(1554847010527,B,WriteOperation(y,+,1))[2019-04-09T21:57:08.538][ReplicaD] -- Update with key y, value = 1
WriteLogItem(1554847014469,B,WriteOperation(y,+,1))[2019-04-09T21:57:08.538][ReplicaD] -- Update with key y, value = 1
WriteLogItem(1554847027253,B,WriteOperation(y,+,1))[2019-04-09T21:57:08.538][ReplicaD] -- Update with key y, value = 1

[2019-04-09T21:57:16.981][ReplicaD] Accept WriteLog
WriteLogItem(1554846978906,A,WriteOperation(x,+,1))[2019-04-09T21:57:16.981][ReplicaD] -- Update with key x, value = 1
WriteLogItem(1554846986481,A,WriteOperation(x,+,1))[2019-04-09T21:57:16.981][ReplicaD] -- Update with key x, value = 1
WriteLogItem(1554847035699,A,WriteOperation(x,+,1))[2019-04-09T21:57:16.981][ReplicaD] -- Update with key x, value = 1

[2019-04-09T21:57:34.395][ReplicaD] Accept WriteLog
WriteLogItem(1554846992596,A,WriteOperation(y,+,1))[2019-04-09T21:57:34.395][ReplicaD] -- Update with key y, value = 1
WriteLogItem(1554847003872,A,WriteOperation(y,+,1))[2019-04-09T21:57:34.395][ReplicaD] -- Update with key y, value = 1
WriteLogItem(1554847022636,A,WriteOperation(y,+,1))[2019-04-09T21:57:34.395][ReplicaD] -- Update with key y, value = 1
WriteLogItem(1554847031867,A,WriteOperation(y,+,1))[2019-04-09T21:57:34.395][ReplicaD] -- Update with key y, value = 1
WriteLogItem(1554847053120,A,WriteOperation(y,+,1))[2019-04-09T21:57:34.395][ReplicaD] -- Update with key y, value = 1

[2019-04-09T21:57:59.416][ReplicaD] Read key = x
[2019-04-09T21:58:01.647][ReplicaD] Read key = y
[2019-04-09T21:58:03.832][ReplicaD] Read key = z
/home/sven/.sdkman/candidates/scala/current/bin/scala: line 21: 20053 Killed                  "$@"
