[2019-04-09T21:40:21.490][ReplicaC] Starting ReplicaC
[2019-04-09T21:40:21.491][ReplicaC] => Looking for ECG history
[2019-04-09T21:40:23.686][ReplicaC] => Binding TACT Replica to RMI
[2019-04-09T21:40:24.654][ReplicaC] Replica started on rmi://10.156.0.2/ReplicaC
--------------------------------------------------------------------------------------------

[2019-04-09T21:40:57.002][ReplicaC] Accept WriteLog
WriteLogItem(1554846040134,A,WriteOperation(x,+,1))[2019-04-09T21:40:57.008][ReplicaC] -- Update with key x, value = 1
WriteLogItem(1554846042452,A,WriteOperation(x,+,1))[2019-04-09T21:40:57.009][ReplicaC] -- Update with key x, value = 1
WriteLogItem(1554846046274,A,WriteOperation(x,+,1))[2019-04-09T21:40:57.009][ReplicaC] -- Update with key x, value = 1
WriteLogItem(1554846056112,A,WriteOperation(x,+,1))[2019-04-09T21:40:57.009][ReplicaC] -- Update with key x, value = 1

[2019-04-09T21:41:11.359][ReplicaC] Accept WriteLog
WriteLogItem(1554846035214,B,WriteOperation(y,+,1))[2019-04-09T21:41:11.360][ReplicaC] -- Update with key y, value = 1
WriteLogItem(1554846050735,B,WriteOperation(y,+,1))[2019-04-09T21:41:11.360][ReplicaC] -- Update with key y, value = 1
WriteLogItem(1554846060773,B,WriteOperation(y,+,1))[2019-04-09T21:41:11.360][ReplicaC] -- Update with key y, value = 1
WriteLogItem(1554846064389,B,WriteOperation(y,+,1))[2019-04-09T21:41:11.360][ReplicaC] -- Update with key y, value = 1
WriteLogItem(1554846070464,B,WriteOperation(y,+,1))[2019-04-09T21:41:11.361][ReplicaC] -- Update with key y, value = 1

[2019-04-09T21:41:27.870][ReplicaC] Accept WriteLog
WriteLogItem(1554846079388,A,WriteOperation(x,+,1))[2019-04-09T21:41:27.870][ReplicaC] -- Update with key x, value = 1
WriteLogItem(1554846082801,A,WriteOperation(x,+,1))[2019-04-09T21:41:27.871][ReplicaC] -- Update with key x, value = 1
WriteLogItem(1554846087263,A,WriteOperation(x,+,1))[2019-04-09T21:41:27.871][ReplicaC] -- Update with key x, value = 1

[2019-04-09T21:41:36.543][ReplicaC] Accept WriteLog
WriteLogItem(1554846044212,B,WriteOperation(x,+,1))[2019-04-09T21:41:36.543][ReplicaC] -- Update with key x, value = 1
WriteLogItem(1554846085036,B,WriteOperation(x,+,1))[2019-04-09T21:41:36.543][ReplicaC] -- Update with key x, value = 1
WriteLogItem(1554846096173,B,WriteOperation(x,+,1))[2019-04-09T21:41:36.544][ReplicaC] -- Update with key x, value = 1

[2019-04-09T21:41:44.734][ReplicaC] Accept WriteLog
WriteLogItem(1554846099386,A,WriteOperation(x,+,1))[2019-04-09T21:41:44.734][ReplicaC] -- Update with key x, value = 1
WriteLogItem(1554846101725,A,WriteOperation(x,+,1))[2019-04-09T21:41:44.734][ReplicaC] -- Update with key x, value = 1
WriteLogItem(1554846104134,A,WriteOperation(x,+,1))[2019-04-09T21:41:44.734][ReplicaC] -- Update with key x, value = 1

[2019-04-09T21:42:01.360][ReplicaC] Accept WriteLog
WriteLogItem(1554846074989,B,WriteOperation(y,+,1))[2019-04-09T21:42:01.361][ReplicaC] -- Update with key y, value = 1
WriteLogItem(1554846107832,B,WriteOperation(y,+,1))[2019-04-09T21:42:01.361][ReplicaC] -- Update with key y, value = 1
WriteLogItem(1554846109598,B,WriteOperation(y,+,1))[2019-04-09T21:42:01.361][ReplicaC] -- Update with key y, value = 1
WriteLogItem(1554846118348,B,WriteOperation(y,+,1))[2019-04-09T21:42:01.361][ReplicaC] -- Update with key y, value = 1
WriteLogItem(1554846120756,B,WriteOperation(y,+,1))[2019-04-09T21:42:01.361][ReplicaC] -- Update with key y, value = 1

[2019-04-09T21:42:11.162][ReplicaC] Accept WriteLog
WriteLogItem(1554846113910,A,WriteOperation(x,+,1))[2019-04-09T21:42:11.162][ReplicaC] -- Update with key x, value = 1
WriteLogItem(1554846116340,A,WriteOperation(x,+,1))[2019-04-09T21:42:11.162][ReplicaC] -- Update with key x, value = 1
WriteLogItem(1554846130568,A,WriteOperation(x,+,1))[2019-04-09T21:42:11.162][ReplicaC] -- Update with key x, value = 1

[2019-04-09T21:42:15.637][ReplicaC] Accept WriteLog
WriteLogItem(1554846037849,A,WriteOperation(y,+,1))[2019-04-09T21:42:15.637][ReplicaC] -- Update with key y, value = 1
WriteLogItem(1554846048558,A,WriteOperation(y,+,1))[2019-04-09T21:42:15.637][ReplicaC] -- Update with key y, value = 1
WriteLogItem(1554846081258,A,WriteOperation(y,+,1))[2019-04-09T21:42:15.638][ReplicaC] -- Update with key y, value = 1
WriteLogItem(1554846093823,A,WriteOperation(y,+,1))[2019-04-09T21:42:15.638][ReplicaC] -- Update with key y, value = 1
WriteLogItem(1554846134797,A,WriteOperation(y,+,1))[2019-04-09T21:42:15.638][ReplicaC] -- Update with key y, value = 1

[2019-04-09T21:42:31.087][ReplicaC] Accept WriteLog
WriteLogItem(1554846129041,B,WriteOperation(x,+,1))[2019-04-09T21:42:31.087][ReplicaC] -- Update with key x, value = 1
WriteLogItem(1554846147289,B,WriteOperation(x,+,1))[2019-04-09T21:42:31.087][ReplicaC] -- Update with key x, value = 1
WriteLogItem(1554846150486,B,WriteOperation(x,+,1))[2019-04-09T21:42:31.088][ReplicaC] -- Update with key x, value = 1

[2019-04-09T21:42:46.162][ReplicaC] Accept WriteLog
WriteLogItem(1554846124795,B,WriteOperation(y,+,1))[2019-04-09T21:42:46.163][ReplicaC] -- Update with key y, value = 1
WriteLogItem(1554846142052,B,WriteOperation(y,+,1))[2019-04-09T21:42:46.163][ReplicaC] -- Update with key y, value = 1
WriteLogItem(1554846158988,B,WriteOperation(y,+,1))[2019-04-09T21:42:46.163][ReplicaC] -- Update with key y, value = 1
WriteLogItem(1554846163669,B,WriteOperation(y,+,1))[2019-04-09T21:42:46.163][ReplicaC] -- Update with key y, value = 1
WriteLogItem(1554846165793,B,WriteOperation(y,+,1))[2019-04-09T21:42:46.163][ReplicaC] -- Update with key y, value = 1

[2019-04-09T21:42:49.967][ReplicaC] Accept WriteLog
WriteLogItem(1554846140462,A,WriteOperation(x,+,1))[2019-04-09T21:42:49.968][ReplicaC] -- Update with key x, value = 1
WriteLogItem(1554846143705,A,WriteOperation(x,+,1))[2019-04-09T21:42:49.968][ReplicaC] -- Update with key x, value = 1
WriteLogItem(1554846169371,A,WriteOperation(x,+,1))[2019-04-09T21:42:49.968][ReplicaC] -- Update with key x, value = 1

[2019-04-09T21:42:59.138][ReplicaC] Accept WriteLog
WriteLogItem(1554846062749,B,WriteOperation(z,+,1))[2019-04-09T21:42:59.139][ReplicaC] -- Update with key z, value = 1
WriteLogItem(1554846077025,B,WriteOperation(z,+,1))[2019-04-09T21:42:59.139][ReplicaC] -- Update with key z, value = 1
WriteLogItem(1554846127149,B,WriteOperation(z,+,1))[2019-04-09T21:42:59.139][ReplicaC] -- Update with key z, value = 1
WriteLogItem(1554846145405,B,WriteOperation(z,+,1))[2019-04-09T21:42:59.139][ReplicaC] -- Update with key z, value = 1
WriteLogItem(1554846178764,B,WriteOperation(z,+,1))[2019-04-09T21:42:59.139][ReplicaC] -- Update with key z, value = 1

[2019-04-09T21:43:06.596][ReplicaC] Accept WriteLog
WriteLogItem(1554846176568,A,WriteOperation(x,+,1))[2019-04-09T21:43:06.597][ReplicaC] -- Update with key x, value = 1
WriteLogItem(1554846184080,A,WriteOperation(x,+,1))[2019-04-09T21:43:06.600][ReplicaC] -- Update with key x, value = 1
WriteLogItem(1554846186005,A,WriteOperation(x,+,1))[2019-04-09T21:43:06.600][ReplicaC] -- Update with key x, value = 1

[2019-04-09T21:43:12.510][ReplicaC] Accept WriteLog
WriteLogItem(1554846154610,B,WriteOperation(x,+,1))[2019-04-09T21:43:12.510][ReplicaC] -- Update with key x, value = 1
WriteLogItem(1554846173360,B,WriteOperation(x,+,1))[2019-04-09T21:43:12.511][ReplicaC] -- Update with key x, value = 1
WriteLogItem(1554846192151,B,WriteOperation(x,+,1))[2019-04-09T21:43:12.511][ReplicaC] -- Update with key x, value = 1

[2019-04-09T21:43:15.568][ReplicaC] Accept WriteLog
WriteLogItem(1554846195213,B,WriteOperation(z,+,1))[2019-04-09T21:43:15.568][ReplicaC] -- Update with key z, value = 1

[2019-04-09T21:43:20.577][ReplicaC] Accept WriteLog
WriteLogItem(1554846200216,B,WriteOperation(z,+,1))[2019-04-09T21:43:20.577][ReplicaC] -- Update with key z, value = 1

[2019-04-09T21:43:23.711][ReplicaC] Accept WriteLog
WriteLogItem(1554846189764,A,WriteOperation(x,+,1))[2019-04-09T21:43:23.711][ReplicaC] -- Update with key x, value = 1
WriteLogItem(1554846198337,A,WriteOperation(x,+,1))[2019-04-09T21:43:23.712][ReplicaC] -- Update with key x, value = 1
WriteLogItem(1554846203119,A,WriteOperation(x,+,1))[2019-04-09T21:43:23.712][ReplicaC] -- Update with key x, value = 1

[2019-04-09T21:43:45.154][ReplicaC] Read key = x
[2019-04-09T21:43:47.318][ReplicaC] Read key = y
[2019-04-09T21:43:49.486][ReplicaC] Read key = z
[2019-04-09T21:44:08.801][ReplicaC] Accept WriteLog
WriteLogItem(1554846209780,B,WriteOperation(x,+,1))[2019-04-09T21:44:08.801][ReplicaC] -- Update with key x, value = 1
WriteLogItem(1554846213865,B,WriteOperation(x,+,1))[2019-04-09T21:44:08.801][ReplicaC] -- Update with key x, value = 1
WriteLogItem(1554846248201,B,WriteOperation(x,+,1))[2019-04-09T21:44:08.802][ReplicaC] -- Update with key x, value = 1

[2019-04-09T21:44:22.808][ReplicaC] Accept WriteLog
WriteLogItem(1554846262440,B,WriteOperation(z,+,1))[2019-04-09T21:44:22.808][ReplicaC] -- Update with key z, value = 1

[2019-04-09T21:44:28.311][ReplicaC] Accept WriteLog
WriteLogItem(1554846267946,B,WriteOperation(z,+,1))[2019-04-09T21:44:28.312][ReplicaC] -- Update with key z, value = 1

[2019-04-09T21:44:32.085][ReplicaC] Accept WriteLog
WriteLogItem(1554846138987,A,WriteOperation(y,+,1))[2019-04-09T21:44:32.086][ReplicaC] -- Update with key y, value = 1
WriteLogItem(1554846162196,A,WriteOperation(y,+,1))[2019-04-09T21:44:32.086][ReplicaC] -- Update with key y, value = 1
WriteLogItem(1554846182318,A,WriteOperation(y,+,1))[2019-04-09T21:44:32.086][ReplicaC] -- Update with key y, value = 1
WriteLogItem(1554846211522,A,WriteOperation(y,+,1))[2019-04-09T21:44:32.086][ReplicaC] -- Update with key y, value = 1
WriteLogItem(1554846271484,A,WriteOperation(y,+,1))[2019-04-09T21:44:32.087][ReplicaC] -- Update with key y, value = 1

[2019-04-09T21:44:36.459][ReplicaC] Accept WriteLog
WriteLogItem(1554846275613,B,WriteOperation(z,+,1))[2019-04-09T21:44:36.459][ReplicaC] -- Update with key z, value = 1

[2019-04-09T21:44:40.903][ReplicaC] Accept WriteLog
WriteLogItem(1554846052445,A,WriteOperation(z,+,1))[2019-04-09T21:44:40.903][ReplicaC] -- Update with key z, value = 1
WriteLogItem(1554846054233,A,WriteOperation(z,+,1))[2019-04-09T21:44:40.903][ReplicaC] -- Update with key z, value = 1
WriteLogItem(1554846066500,A,WriteOperation(z,+,1))[2019-04-09T21:44:40.903][ReplicaC] -- Update with key z, value = 1
WriteLogItem(1554846068079,A,WriteOperation(z,+,1))[2019-04-09T21:44:40.903][ReplicaC] -- Update with key z, value = 1
WriteLogItem(1554846091420,A,WriteOperation(z,+,1))[2019-04-09T21:44:40.903][ReplicaC] -- Update with key z, value = 1
WriteLogItem(1554846111928,A,WriteOperation(z,+,1))[2019-04-09T21:44:40.903][ReplicaC] -- Update with key z, value = 1
WriteLogItem(1554846148951,A,WriteOperation(z,+,1))[2019-04-09T21:44:40.904][ReplicaC] -- Update with key z, value = 1
WriteLogItem(1554846156679,A,WriteOperation(z,+,1))[2019-04-09T21:44:40.904][ReplicaC] -- Update with key z, value = 1
WriteLogItem(1554846160485,A,WriteOperation(z,+,1))[2019-04-09T21:44:40.904][ReplicaC] -- Update with key z, value = 1
WriteLogItem(1554846175047,A,WriteOperation(z,+,1))[2019-04-09T21:44:40.904][ReplicaC] -- Update with key z, value = 1
WriteLogItem(1554846254510,A,WriteOperation(z,+,1))[2019-04-09T21:44:40.904][ReplicaC] -- Update with key z, value = 1
WriteLogItem(1554846280532,A,WriteOperation(z,+,1))[2019-04-09T21:44:40.904][ReplicaC] -- Update with key z, value = 1

[2019-04-09T21:44:53.153][ReplicaC] Accept WriteLog
WriteLogItem(1554846266321,B,WriteOperation(x,+,1))[2019-04-09T21:44:53.154][ReplicaC] -- Update with key x, value = 1
WriteLogItem(1554846290686,B,WriteOperation(x,+,1))[2019-04-09T21:44:53.154][ReplicaC] -- Update with key x, value = 1
WriteLogItem(1554846292786,B,WriteOperation(x,+,1))[2019-04-09T21:44:53.154][ReplicaC] -- Update with key x, value = 1

[2019-04-09T21:45:00.937][ReplicaC] Accept WriteLog
WriteLogItem(1554846260124,A,WriteOperation(x,+,1))[2019-04-09T21:45:00.938][ReplicaC] -- Update with key x, value = 1
WriteLogItem(1554846296303,A,WriteOperation(x,+,1))[2019-04-09T21:45:00.939][ReplicaC] -- Update with key x, value = 1
WriteLogItem(1554846300101,A,WriteOperation(x,+,1))[2019-04-09T21:45:00.939][ReplicaC] -- Update with key x, value = 1

[2019-04-09T21:45:15.763][ReplicaC] Accept WriteLog
WriteLogItem(1554846298129,B,WriteOperation(x,+,1))[2019-04-09T21:45:15.764][ReplicaC] -- Update with key x, value = 1
WriteLogItem(1554846304146,B,WriteOperation(x,+,1))[2019-04-09T21:45:15.765][ReplicaC] -- Update with key x, value = 1
WriteLogItem(1554846315397,B,WriteOperation(x,+,1))[2019-04-09T21:45:15.766][ReplicaC] -- Update with key x, value = 1

[2019-04-09T21:45:35.265][ReplicaC] Accept WriteLog
WriteLogItem(1554846207603,B,WriteOperation(y,+,1))[2019-04-09T21:45:35.265][ReplicaC] -- Update with key y, value = 1
WriteLogItem(1554846252428,B,WriteOperation(y,+,1))[2019-04-09T21:45:35.266][ReplicaC] -- Update with key y, value = 1
WriteLogItem(1554846256296,B,WriteOperation(y,+,1))[2019-04-09T21:45:35.268][ReplicaC] -- Update with key y, value = 1
WriteLogItem(1554846258597,B,WriteOperation(y,+,1))[2019-04-09T21:45:35.268][ReplicaC] -- Update with key y, value = 1
WriteLogItem(1554846334900,B,WriteOperation(y,+,1))[2019-04-09T21:45:35.268][ReplicaC] -- Update with key y, value = 1

[2019-04-09T21:45:43.215][ReplicaC] Accept WriteLog
WriteLogItem(1554846308297,A,WriteOperation(x,+,1))[2019-04-09T21:45:43.216][ReplicaC] -- Update with key x, value = 1
WriteLogItem(1554846311833,A,WriteOperation(x,+,1))[2019-04-09T21:45:43.216][ReplicaC] -- Update with key x, value = 1
WriteLogItem(1554846342609,A,WriteOperation(x,+,1))[2019-04-09T21:45:43.216][ReplicaC] -- Update with key x, value = 1

[2019-04-09T21:45:54.591][ReplicaC] Accept WriteLog
WriteLogItem(1554846288520,B,WriteOperation(z,+,1))[2019-04-09T21:45:54.591][ReplicaC] -- Update with key z, value = 1
WriteLogItem(1554846310075,B,WriteOperation(z,+,1))[2019-04-09T21:45:54.591][ReplicaC] -- Update with key z, value = 1
WriteLogItem(1554846313413,B,WriteOperation(z,+,1))[2019-04-09T21:45:54.591][ReplicaC] -- Update with key z, value = 1
WriteLogItem(1554846318837,B,WriteOperation(z,+,1))[2019-04-09T21:45:54.591][ReplicaC] -- Update with key z, value = 1
WriteLogItem(1554846329265,B,WriteOperation(z,+,1))[2019-04-09T21:45:54.591][ReplicaC] -- Update with key z, value = 1
WriteLogItem(1554846331582,B,WriteOperation(z,+,1))[2019-04-09T21:45:54.591][ReplicaC] -- Update with key z, value = 1
WriteLogItem(1554846338448,B,WriteOperation(z,+,1))[2019-04-09T21:45:54.591][ReplicaC] -- Update with key z, value = 1
WriteLogItem(1554846340472,B,WriteOperation(z,+,1))[2019-04-09T21:45:54.592][ReplicaC] -- Update with key z, value = 1
WriteLogItem(1554846346638,B,WriteOperation(z,+,1))[2019-04-09T21:45:54.592][ReplicaC] -- Update with key z, value = 1
WriteLogItem(1554846354003,B,WriteOperation(z,+,1))[2019-04-09T21:45:54.592][ReplicaC] -- Update with key z, value = 1

[2019-04-09T21:46:00.458][ReplicaC] Accept WriteLog
WriteLogItem(1554846286794,A,WriteOperation(y,+,1))[2019-04-09T21:46:00.459][ReplicaC] -- Update with key y, value = 1
WriteLogItem(1554846321229,A,WriteOperation(y,+,1))[2019-04-09T21:46:00.459][ReplicaC] -- Update with key y, value = 1
WriteLogItem(1554846325419,A,WriteOperation(y,+,1))[2019-04-09T21:46:00.459][ReplicaC] -- Update with key y, value = 1
WriteLogItem(1554846350839,A,WriteOperation(y,+,1))[2019-04-09T21:46:00.459][ReplicaC] -- Update with key y, value = 1
WriteLogItem(1554846359866,A,WriteOperation(y,+,1))[2019-04-09T21:46:00.459][ReplicaC] -- Update with key y, value = 1

[2019-04-09T21:46:11.429][ReplicaC] Accept WriteLog
WriteLogItem(1554846348712,B,WriteOperation(y,+,1))[2019-04-09T21:46:11.429][ReplicaC] -- Update with key y, value = 1
WriteLogItem(1554846352405,B,WriteOperation(y,+,1))[2019-04-09T21:46:11.429][ReplicaC] -- Update with key y, value = 1
WriteLogItem(1554846358084,B,WriteOperation(y,+,1))[2019-04-09T21:46:11.429][ReplicaC] -- Update with key y, value = 1
WriteLogItem(1554846365348,B,WriteOperation(y,+,1))[2019-04-09T21:46:11.429][ReplicaC] -- Update with key y, value = 1
WriteLogItem(1554846370835,B,WriteOperation(y,+,1))[2019-04-09T21:46:11.429][ReplicaC] -- Update with key y, value = 1

[2019-04-09T21:46:15.283][ReplicaC] Accept WriteLog
WriteLogItem(1554846327603,B,WriteOperation(x,+,1))[2019-04-09T21:46:15.283][ReplicaC] -- Update with key x, value = 1
WriteLogItem(1554846333220,B,WriteOperation(x,+,1))[2019-04-09T21:46:15.283][ReplicaC] -- Update with key x, value = 1
WriteLogItem(1554846374463,B,WriteOperation(x,+,1))[2019-04-09T21:46:15.283][ReplicaC] -- Update with key x, value = 1

[2019-04-09T21:46:41.496][ReplicaC] Accept WriteLog
WriteLogItem(1554846382089,A,WriteOperation(x,+,1))[2019-04-09T21:46:41.496][ReplicaC] -- Update with key x, value = 1
WriteLogItem(1554846388075,A,WriteOperation(x,+,1))[2019-04-09T21:46:41.496][ReplicaC] -- Update with key x, value = 1
WriteLogItem(1554846400904,A,WriteOperation(x,+,1))[2019-04-09T21:46:41.496][ReplicaC] -- Update with key x, value = 1

[2019-04-09T21:46:53.321][ReplicaC] Accept WriteLog
WriteLogItem(1554846378427,B,WriteOperation(y,+,1))[2019-04-09T21:46:53.323][ReplicaC] -- Update with key y, value = 1
WriteLogItem(1554846385782,B,WriteOperation(y,+,1))[2019-04-09T21:46:53.323][ReplicaC] -- Update with key y, value = 1
WriteLogItem(1554846396631,B,WriteOperation(y,+,1))[2019-04-09T21:46:53.324][ReplicaC] -- Update with key y, value = 1
WriteLogItem(1554846404958,B,WriteOperation(y,+,1))[2019-04-09T21:46:53.325][ReplicaC] -- Update with key y, value = 1
WriteLogItem(1554846412729,B,WriteOperation(y,+,1))[2019-04-09T21:46:53.325][ReplicaC] -- Update with key y, value = 1

[2019-04-09T21:46:57.729][ReplicaC] Accept WriteLog
WriteLogItem(1554846408069,A,WriteOperation(x,+,1))[2019-04-09T21:46:57.730][ReplicaC] -- Update with key x, value = 1
WriteLogItem(1554846409588,A,WriteOperation(x,+,1))[2019-04-09T21:46:57.732][ReplicaC] -- Update with key x, value = 1
WriteLogItem(1554846417136,A,WriteOperation(x,+,1))[2019-04-09T21:46:57.733][ReplicaC] -- Update with key x, value = 1

[2019-04-09T21:47:16.589][ReplicaC] Read key = x
[2019-04-09T21:47:18.748][ReplicaC] Read key = y
[2019-04-09T21:47:20.896][ReplicaC] Read key = z
[2019-04-09T21:47:47.402][ReplicaC] Accept WriteLog
WriteLogItem(1554846425523,A,WriteOperation(x,+,1))[2019-04-09T21:47:47.403][ReplicaC] -- Update with key x, value = 1
WriteLogItem(1554846465050,A,WriteOperation(x,+,1))[2019-04-09T21:47:47.403][ReplicaC] -- Update with key x, value = 1
WriteLogItem(1554846466805,A,WriteOperation(x,+,1))[2019-04-09T21:47:47.403][ReplicaC] -- Update with key x, value = 1

[2019-04-09T21:47:59.082][ReplicaC] Accept WriteLog
WriteLogItem(1554846284255,A,WriteOperation(z,+,1))[2019-04-09T21:47:59.082][ReplicaC] -- Update with key z, value = 1
WriteLogItem(1554846306131,A,WriteOperation(z,+,1))[2019-04-09T21:47:59.082][ReplicaC] -- Update with key z, value = 1
WriteLogItem(1554846323136,A,WriteOperation(z,+,1))[2019-04-09T21:47:59.083][ReplicaC] -- Update with key z, value = 1
WriteLogItem(1554846363784,A,WriteOperation(z,+,1))[2019-04-09T21:47:59.083][ReplicaC] -- Update with key z, value = 1
WriteLogItem(1554846368952,A,WriteOperation(z,+,1))[2019-04-09T21:47:59.084][ReplicaC] -- Update with key z, value = 1
WriteLogItem(1554846389710,A,WriteOperation(z,+,1))[2019-04-09T21:47:59.084][ReplicaC] -- Update with key z, value = 1
WriteLogItem(1554846391737,A,WriteOperation(z,+,1))[2019-04-09T21:47:59.084][ReplicaC] -- Update with key z, value = 1
WriteLogItem(1554846421199,A,WriteOperation(z,+,1))[2019-04-09T21:47:59.085][ReplicaC] -- Update with key z, value = 1
WriteLogItem(1554846459408,A,WriteOperation(z,+,1))[2019-04-09T21:47:59.085][ReplicaC] -- Update with key z, value = 1
WriteLogItem(1554846478720,A,WriteOperation(z,+,1))[2019-04-09T21:47:59.085][ReplicaC] -- Update with key z, value = 1

[2019-04-09T21:48:02.723][ReplicaC] Accept WriteLog
WriteLogItem(1554846380163,A,WriteOperation(y,+,1))[2019-04-09T21:48:02.723][ReplicaC] -- Update with key y, value = 1
WriteLogItem(1554846398989,A,WriteOperation(y,+,1))[2019-04-09T21:48:02.723][ReplicaC] -- Update with key y, value = 1
WriteLogItem(1554846461114,A,WriteOperation(y,+,1))[2019-04-09T21:48:02.723][ReplicaC] -- Update with key y, value = 1
WriteLogItem(1554846474725,A,WriteOperation(y,+,1))[2019-04-09T21:48:02.723][ReplicaC] -- Update with key y, value = 1
WriteLogItem(1554846482361,A,WriteOperation(y,+,1))[2019-04-09T21:48:02.723][ReplicaC] -- Update with key y, value = 1

[2019-04-09T21:48:15.572][ReplicaC] Accept WriteLog
WriteLogItem(1554846384213,B,WriteOperation(x,+,1))[2019-04-09T21:48:15.572][ReplicaC] -- Update with key x, value = 1
WriteLogItem(1554846411164,B,WriteOperation(x,+,1))[2019-04-09T21:48:15.572][ReplicaC] -- Update with key x, value = 1
WriteLogItem(1554846494983,B,WriteOperation(x,+,1))[2019-04-09T21:48:15.573][ReplicaC] -- Update with key x, value = 1

[2019-04-09T21:48:34.974][ReplicaC] Accept WriteLog
WriteLogItem(1554846476847,A,WriteOperation(x,+,1))[2019-04-09T21:48:34.974][ReplicaC] -- Update with key x, value = 1
WriteLogItem(1554846506583,A,WriteOperation(x,+,1))[2019-04-09T21:48:34.975][ReplicaC] -- Update with key x, value = 1
WriteLogItem(1554846514388,A,WriteOperation(x,+,1))[2019-04-09T21:48:34.975][ReplicaC] -- Update with key x, value = 1

[2019-04-09T21:48:44.216][ReplicaC] Accept WriteLog
WriteLogItem(1554846423229,B,WriteOperation(y,+,1))[2019-04-09T21:48:44.216][ReplicaC] -- Update with key y, value = 1
WriteLogItem(1554846463281,B,WriteOperation(y,+,1))[2019-04-09T21:48:44.216][ReplicaC] -- Update with key y, value = 1
WriteLogItem(1554846505077,B,WriteOperation(y,+,1))[2019-04-09T21:48:44.216][ReplicaC] -- Update with key y, value = 1
WriteLogItem(1554846508538,B,WriteOperation(y,+,1))[2019-04-09T21:48:44.218][ReplicaC] -- Update with key y, value = 1
WriteLogItem(1554846523630,B,WriteOperation(y,+,1))[2019-04-09T21:48:44.218][ReplicaC] -- Update with key y, value = 1

[2019-04-09T21:48:52.634][ReplicaC] Accept WriteLog
WriteLogItem(1554846503483,B,WriteOperation(x,+,1))[2019-04-09T21:48:52.634][ReplicaC] -- Update with key x, value = 1
WriteLogItem(1554846518865,B,WriteOperation(x,+,1))[2019-04-09T21:48:52.634][ReplicaC] -- Update with key x, value = 1
WriteLogItem(1554846531807,B,WriteOperation(x,+,1))[2019-04-09T21:48:52.634][ReplicaC] -- Update with key x, value = 1

[2019-04-09T21:48:57.296][ReplicaC] Accept WriteLog
WriteLogItem(1554846367153,B,WriteOperation(z,+,1))[2019-04-09T21:48:57.296][ReplicaC] -- Update with key z, value = 1
WriteLogItem(1554846393342,B,WriteOperation(z,+,1))[2019-04-09T21:48:57.296][ReplicaC] -- Update with key z, value = 1
WriteLogItem(1554846395126,B,WriteOperation(z,+,1))[2019-04-09T21:48:57.297][ReplicaC] -- Update with key z, value = 1
WriteLogItem(1554846406592,B,WriteOperation(z,+,1))[2019-04-09T21:48:57.297][ReplicaC] -- Update with key z, value = 1
WriteLogItem(1554846470587,B,WriteOperation(z,+,1))[2019-04-09T21:48:57.297][ReplicaC] -- Update with key z, value = 1
WriteLogItem(1554846472927,B,WriteOperation(z,+,1))[2019-04-09T21:48:57.297][ReplicaC] -- Update with key z, value = 1
WriteLogItem(1554846485668,B,WriteOperation(z,+,1))[2019-04-09T21:48:57.297][ReplicaC] -- Update with key z, value = 1
WriteLogItem(1554846489632,B,WriteOperation(z,+,1))[2019-04-09T21:48:57.297][ReplicaC] -- Update with key z, value = 1
WriteLogItem(1554846491527,B,WriteOperation(z,+,1))[2019-04-09T21:48:57.298][ReplicaC] -- Update with key z, value = 1
WriteLogItem(1554846536937,B,WriteOperation(z,+,1))[2019-04-09T21:48:57.298][ReplicaC] -- Update with key z, value = 1

[2019-04-09T21:49:06.424][ReplicaC] Accept WriteLog
WriteLogItem(1554846487502,A,WriteOperation(y,+,1))[2019-04-09T21:49:06.425][ReplicaC] -- Update with key y, value = 1
WriteLogItem(1554846501464,A,WriteOperation(y,+,1))[2019-04-09T21:49:06.425][ReplicaC] -- Update with key y, value = 1
WriteLogItem(1554846511028,A,WriteOperation(y,+,1))[2019-04-09T21:49:06.425][ReplicaC] -- Update with key y, value = 1
WriteLogItem(1554846521112,A,WriteOperation(y,+,1))[2019-04-09T21:49:06.426][ReplicaC] -- Update with key y, value = 1
WriteLogItem(1554846545833,A,WriteOperation(y,+,1))[2019-04-09T21:49:06.426][ReplicaC] -- Update with key y, value = 1

[2019-04-09T21:49:33.343][ReplicaC] Accept WriteLog
WriteLogItem(1554846553842,A,WriteOperation(x,+,1))[2019-04-09T21:49:33.344][ReplicaC] -- Update with key x, value = 1
WriteLogItem(1554846564319,A,WriteOperation(x,+,1))[2019-04-09T21:49:33.344][ReplicaC] -- Update with key x, value = 1
WriteLogItem(1554846572514,A,WriteOperation(x,+,1))[2019-04-09T21:49:33.344][ReplicaC] -- Update with key x, value = 1

[2019-04-09T21:49:47.463][ReplicaC] Accept WriteLog
WriteLogItem(1554846493063,A,WriteOperation(z,+,1))[2019-04-09T21:49:47.463][ReplicaC] -- Update with key z, value = 1
WriteLogItem(1554846499276,A,WriteOperation(z,+,1))[2019-04-09T21:49:47.463][ReplicaC] -- Update with key z, value = 1
WriteLogItem(1554846512600,A,WriteOperation(z,+,1))[2019-04-09T21:49:47.463][ReplicaC] -- Update with key z, value = 1
WriteLogItem(1554846529986,A,WriteOperation(z,+,1))[2019-04-09T21:49:47.463][ReplicaC] -- Update with key z, value = 1
WriteLogItem(1554846541749,A,WriteOperation(z,+,1))[2019-04-09T21:49:47.464][ReplicaC] -- Update with key z, value = 1
WriteLogItem(1554846549923,A,WriteOperation(z,+,1))[2019-04-09T21:49:47.464][ReplicaC] -- Update with key z, value = 1
WriteLogItem(1554846552213,A,WriteOperation(z,+,1))[2019-04-09T21:49:47.464][ReplicaC] -- Update with key z, value = 1
WriteLogItem(1554846566493,A,WriteOperation(z,+,1))[2019-04-09T21:49:47.464][ReplicaC] -- Update with key z, value = 1
WriteLogItem(1554846568775,A,WriteOperation(z,+,1))[2019-04-09T21:49:47.464][ReplicaC] -- Update with key z, value = 1
WriteLogItem(1554846587106,A,WriteOperation(z,+,1))[2019-04-09T21:49:47.464][ReplicaC] -- Update with key z, value = 1

[2019-04-09T21:49:50.754][ReplicaC] Accept WriteLog
WriteLogItem(1554846556603,B,WriteOperation(x,+,1))[2019-04-09T21:49:50.755][ReplicaC] -- Update with key x, value = 1
WriteLogItem(1554846558721,B,WriteOperation(x,+,1))[2019-04-09T21:49:50.755][ReplicaC] -- Update with key x, value = 1
WriteLogItem(1554846590155,B,WriteOperation(x,+,1))[2019-04-09T21:49:50.755][ReplicaC] -- Update with key x, value = 1

[2019-04-09T21:49:54.143][ReplicaC] Accept WriteLog
WriteLogItem(1554846527768,B,WriteOperation(y,+,1))[2019-04-09T21:49:54.143][ReplicaC] -- Update with key y, value = 1
WriteLogItem(1554846562085,B,WriteOperation(y,+,1))[2019-04-09T21:49:54.143][ReplicaC] -- Update with key y, value = 1
WriteLogItem(1554846577011,B,WriteOperation(y,+,1))[2019-04-09T21:49:54.143][ReplicaC] -- Update with key y, value = 1
WriteLogItem(1554846580904,B,WriteOperation(y,+,1))[2019-04-09T21:49:54.143][ReplicaC] -- Update with key y, value = 1
WriteLogItem(1554846593777,B,WriteOperation(y,+,1))[2019-04-09T21:49:54.143][ReplicaC] -- Update with key y, value = 1

[2019-04-09T21:50:06.622][ReplicaC] Accept WriteLog
WriteLogItem(1554846560626,A,WriteOperation(y,+,1))[2019-04-09T21:50:06.622][ReplicaC] -- Update with key y, value = 1
WriteLogItem(1554846570590,A,WriteOperation(y,+,1))[2019-04-09T21:50:06.622][ReplicaC] -- Update with key y, value = 1
WriteLogItem(1554846578558,A,WriteOperation(y,+,1))[2019-04-09T21:50:06.623][ReplicaC] -- Update with key y, value = 1
WriteLogItem(1554846604182,A,WriteOperation(y,+,1))[2019-04-09T21:50:06.623][ReplicaC] -- Update with key y, value = 1
WriteLogItem(1554846606027,A,WriteOperation(y,+,1))[2019-04-09T21:50:06.623][ReplicaC] -- Update with key y, value = 1

[2019-04-09T21:50:10.026][ReplicaC] Accept WriteLog
WriteLogItem(1554846596678,B,WriteOperation(x,+,1))[2019-04-09T21:50:10.026][ReplicaC] -- Update with key x, value = 1
WriteLogItem(1554846600806,B,WriteOperation(x,+,1))[2019-04-09T21:50:10.026][ReplicaC] -- Update with key x, value = 1
WriteLogItem(1554846609664,B,WriteOperation(x,+,1))[2019-04-09T21:50:10.027][ReplicaC] -- Update with key x, value = 1

[2019-04-09T21:50:14.852][ReplicaC] Accept WriteLog
WriteLogItem(1554846585152,A,WriteOperation(x,+,1))[2019-04-09T21:50:14.852][ReplicaC] -- Update with key x, value = 1
WriteLogItem(1554846598887,A,WriteOperation(x,+,1))[2019-04-09T21:50:14.852][ReplicaC] -- Update with key x, value = 1
WriteLogItem(1554846614495,A,WriteOperation(x,+,1))[2019-04-09T21:50:14.853][ReplicaC] -- Update with key x, value = 1

[2019-04-09T21:50:27.032][ReplicaC] Accept WriteLog
WriteLogItem(1554846612770,B,WriteOperation(x,+,1))[2019-04-09T21:50:27.032][ReplicaC] -- Update with key x, value = 1
WriteLogItem(1554846620406,B,WriteOperation(x,+,1))[2019-04-09T21:50:27.032][ReplicaC] -- Update with key x, value = 1
WriteLogItem(1554846626200,B,WriteOperation(x,+,1))[2019-04-09T21:50:27.032][ReplicaC] -- Update with key x, value = 1

[2019-04-09T21:50:50.314][ReplicaC] Read key = x
[2019-04-09T21:50:52.514][ReplicaC] Read key = y
[2019-04-09T21:50:54.808][ReplicaC] Read key = z
[2019-04-09T21:51:20.572][ReplicaC] Accept WriteLog
WriteLogItem(1554846618115,B,WriteOperation(y,+,1))[2019-04-09T21:51:20.573][ReplicaC] -- Update with key y, value = 1
WriteLogItem(1554846673745,B,WriteOperation(y,+,1))[2019-04-09T21:51:20.573][ReplicaC] -- Update with key y, value = 1
WriteLogItem(1554846675470,B,WriteOperation(y,+,1))[2019-04-09T21:51:20.573][ReplicaC] -- Update with key y, value = 1
WriteLogItem(1554846677570,B,WriteOperation(y,+,1))[2019-04-09T21:51:20.573][ReplicaC] -- Update with key y, value = 1
WriteLogItem(1554846679983,B,WriteOperation(y,+,1))[2019-04-09T21:51:20.573][ReplicaC] -- Update with key y, value = 1

[2019-04-09T21:51:30.871][ReplicaC] Accept WriteLog
WriteLogItem(1554846635845,B,WriteOperation(x,+,1))[2019-04-09T21:51:30.871][ReplicaC] -- Update with key x, value = 1
WriteLogItem(1554846686036,B,WriteOperation(x,+,1))[2019-04-09T21:51:30.871][ReplicaC] -- Update with key x, value = 1
WriteLogItem(1554846690516,B,WriteOperation(x,+,1))[2019-04-09T21:51:30.871][ReplicaC] -- Update with key x, value = 1

[2019-04-09T21:51:58.192][ReplicaC] Accept WriteLog
WriteLogItem(1554846688068,B,WriteOperation(y,+,1))[2019-04-09T21:51:58.193][ReplicaC] -- Update with key y, value = 1
WriteLogItem(1554846707146,B,WriteOperation(y,+,1))[2019-04-09T21:51:58.194][ReplicaC] -- Update with key y, value = 1
WriteLogItem(1554846711176,B,WriteOperation(y,+,1))[2019-04-09T21:51:58.194][ReplicaC] -- Update with key y, value = 1
WriteLogItem(1554846715799,B,WriteOperation(y,+,1))[2019-04-09T21:51:58.194][ReplicaC] -- Update with key y, value = 1
WriteLogItem(1554846717604,B,WriteOperation(y,+,1))[2019-04-09T21:51:58.194][ReplicaC] -- Update with key y, value = 1

[2019-04-09T21:52:07.341][ReplicaC] Accept WriteLog
WriteLogItem(1554846623899,A,WriteOperation(x,+,1))[2019-04-09T21:52:07.341][ReplicaC] -- Update with key x, value = 1
WriteLogItem(1554846683902,A,WriteOperation(x,+,1))[2019-04-09T21:52:07.341][ReplicaC] -- Update with key x, value = 1
WriteLogItem(1554846726511,A,WriteOperation(x,+,1))[2019-04-09T21:52:07.341][ReplicaC] -- Update with key x, value = 1

[2019-04-09T21:52:20.030][ReplicaC] Accept WriteLog
WriteLogItem(1554846638116,A,WriteOperation(y,+,1))[2019-04-09T21:52:20.030][ReplicaC] -- Update with key y, value = 1
WriteLogItem(1554846694233,A,WriteOperation(y,+,1))[2019-04-09T21:52:20.036][ReplicaC] -- Update with key y, value = 1
WriteLogItem(1554846698934,A,WriteOperation(y,+,1))[2019-04-09T21:52:20.036][ReplicaC] -- Update with key y, value = 1
WriteLogItem(1554846737784,A,WriteOperation(y,+,1))[2019-04-09T21:52:20.036][ReplicaC] -- Update with key y, value = 1
WriteLogItem(1554846739671,A,WriteOperation(y,+,1))[2019-04-09T21:52:20.036][ReplicaC] -- Update with key y, value = 1

[2019-04-09T21:52:25.061][ReplicaC] Accept WriteLog
WriteLogItem(1554846730952,A,WriteOperation(x,+,1))[2019-04-09T21:52:25.062][ReplicaC] -- Update with key x, value = 1
WriteLogItem(1554846732518,A,WriteOperation(x,+,1))[2019-04-09T21:52:25.062][ReplicaC] -- Update with key x, value = 1
WriteLogItem(1554846744708,A,WriteOperation(x,+,1))[2019-04-09T21:52:25.062][ReplicaC] -- Update with key x, value = 1

[2019-04-09T21:52:29.051][ReplicaC] Accept WriteLog
WriteLogItem(1554846721220,B,WriteOperation(x,+,1))[2019-04-09T21:52:29.052][ReplicaC] -- Update with key x, value = 1
WriteLogItem(1554846723074,B,WriteOperation(x,+,1))[2019-04-09T21:52:29.052][ReplicaC] -- Update with key x, value = 1
WriteLogItem(1554846748461,B,WriteOperation(x,+,1))[2019-04-09T21:52:29.052][ReplicaC] -- Update with key x, value = 1

[2019-04-09T21:52:41.567][ReplicaC] Accept WriteLog
WriteLogItem(1554846540141,B,WriteOperation(z,+,1))[2019-04-09T21:52:41.567][ReplicaC] -- Update with key z, value = 1
WriteLogItem(1554846543559,B,WriteOperation(z,+,1))[2019-04-09T21:52:41.567][ReplicaC] -- Update with key z, value = 1
WriteLogItem(1554846583223,B,WriteOperation(z,+,1))[2019-04-09T21:52:41.567][ReplicaC] -- Update with key z, value = 1
WriteLogItem(1554846602561,B,WriteOperation(z,+,1))[2019-04-09T21:52:41.567][ReplicaC] -- Update with key z, value = 1
WriteLogItem(1554846631047,B,WriteOperation(z,+,1))[2019-04-09T21:52:41.568][ReplicaC] -- Update with key z, value = 1
WriteLogItem(1554846703339,B,WriteOperation(z,+,1))[2019-04-09T21:52:41.569][ReplicaC] -- Update with key z, value = 1
WriteLogItem(1554846704858,B,WriteOperation(z,+,1))[2019-04-09T21:52:41.569][ReplicaC] -- Update with key z, value = 1
WriteLogItem(1554846724818,B,WriteOperation(z,+,1))[2019-04-09T21:52:41.569][ReplicaC] -- Update with key z, value = 1
WriteLogItem(1554846734219,B,WriteOperation(z,+,1))[2019-04-09T21:52:41.569][ReplicaC] -- Update with key z, value = 1
WriteLogItem(1554846760746,B,WriteOperation(z,+,1))[2019-04-09T21:52:41.569][ReplicaC] -- Update with key z, value = 1

[2019-04-09T21:52:48.375][ReplicaC] Accept WriteLog
WriteLogItem(1554846622372,A,WriteOperation(z,+,1))[2019-04-09T21:52:48.375][ReplicaC] -- Update with key z, value = 1
WriteLogItem(1554846633504,A,WriteOperation(z,+,1))[2019-04-09T21:52:48.375][ReplicaC] -- Update with key z, value = 1
WriteLogItem(1554846696619,A,WriteOperation(z,+,1))[2019-04-09T21:52:48.375][ReplicaC] -- Update with key z, value = 1
WriteLogItem(1554846700956,A,WriteOperation(z,+,1))[2019-04-09T21:52:48.375][ReplicaC] -- Update with key z, value = 1
WriteLogItem(1554846709546,A,WriteOperation(z,+,1))[2019-04-09T21:52:48.375][ReplicaC] -- Update with key z, value = 1
WriteLogItem(1554846713550,A,WriteOperation(z,+,1))[2019-04-09T21:52:48.375][ReplicaC] -- Update with key z, value = 1
WriteLogItem(1554846736105,A,WriteOperation(z,+,1))[2019-04-09T21:52:48.375][ReplicaC] -- Update with key z, value = 1
WriteLogItem(1554846756845,A,WriteOperation(z,+,1))[2019-04-09T21:52:48.375][ReplicaC] -- Update with key z, value = 1
WriteLogItem(1554846759019,A,WriteOperation(z,+,1))[2019-04-09T21:52:48.375][ReplicaC] -- Update with key z, value = 1
WriteLogItem(1554846768019,A,WriteOperation(z,+,1))[2019-04-09T21:52:48.375][ReplicaC] -- Update with key z, value = 1

[2019-04-09T21:52:52.146][ReplicaC] Accept WriteLog
WriteLogItem(1554846754709,A,WriteOperation(x,+,1))[2019-04-09T21:52:52.147][ReplicaC] -- Update with key x, value = 1
WriteLogItem(1554846766027,A,WriteOperation(x,+,1))[2019-04-09T21:52:52.147][ReplicaC] -- Update with key x, value = 1
WriteLogItem(1554846771316,A,WriteOperation(x,+,1))[2019-04-09T21:52:52.147][ReplicaC] -- Update with key x, value = 1

[2019-04-09T21:53:10.172][ReplicaC] Accept WriteLog
WriteLogItem(1554846743146,A,WriteOperation(y,+,1))[2019-04-09T21:53:10.172][ReplicaC] -- Update with key y, value = 1
WriteLogItem(1554846752431,A,WriteOperation(y,+,1))[2019-04-09T21:53:10.172][ReplicaC] -- Update with key y, value = 1
WriteLogItem(1554846778417,A,WriteOperation(y,+,1))[2019-04-09T21:53:10.172][ReplicaC] -- Update with key y, value = 1
WriteLogItem(1554846780528,A,WriteOperation(y,+,1))[2019-04-09T21:53:10.172][ReplicaC] -- Update with key y, value = 1
WriteLogItem(1554846789819,A,WriteOperation(y,+,1))[2019-04-09T21:53:10.172][ReplicaC] -- Update with key y, value = 1

[2019-04-09T21:53:26.448][ReplicaC] Accept WriteLog
WriteLogItem(1554846775920,A,WriteOperation(x,+,1))[2019-04-09T21:53:26.448][ReplicaC] -- Update with key x, value = 1
WriteLogItem(1554846793069,A,WriteOperation(x,+,1))[2019-04-09T21:53:26.448][ReplicaC] -- Update with key x, value = 1
WriteLogItem(1554846806093,A,WriteOperation(x,+,1))[2019-04-09T21:53:26.448][ReplicaC] -- Update with key x, value = 1

[2019-04-09T21:53:46.522][ReplicaC] Accept WriteLog
WriteLogItem(1554846784293,B,WriteOperation(y,+,1))[2019-04-09T21:53:46.522][ReplicaC] -- Update with key y, value = 1
WriteLogItem(1554846786079,B,WriteOperation(y,+,1))[2019-04-09T21:53:46.523][ReplicaC] -- Update with key y, value = 1
WriteLogItem(1554846800036,B,WriteOperation(y,+,1))[2019-04-09T21:53:46.523][ReplicaC] -- Update with key y, value = 1
WriteLogItem(1554846804649,B,WriteOperation(y,+,1))[2019-04-09T21:53:46.523][ReplicaC] -- Update with key y, value = 1
WriteLogItem(1554846825934,B,WriteOperation(y,+,1))[2019-04-09T21:53:46.523][ReplicaC] -- Update with key y, value = 1

[2019-04-09T21:53:54.110][ReplicaC] Accept WriteLog
WriteLogItem(1554846802390,A,WriteOperation(y,+,1))[2019-04-09T21:53:54.110][ReplicaC] -- Update with key y, value = 1
WriteLogItem(1554846813076,A,WriteOperation(y,+,1))[2019-04-09T21:53:54.110][ReplicaC] -- Update with key y, value = 1
WriteLogItem(1554846815231,A,WriteOperation(y,+,1))[2019-04-09T21:53:54.110][ReplicaC] -- Update with key y, value = 1
WriteLogItem(1554846823939,A,WriteOperation(y,+,1))[2019-04-09T21:53:54.110][ReplicaC] -- Update with key y, value = 1
WriteLogItem(1554846833526,A,WriteOperation(y,+,1))[2019-04-09T21:53:54.110][ReplicaC] -- Update with key y, value = 1

[2019-04-09T21:54:17.254][ReplicaC] Read key = x
[2019-04-09T21:54:19.434][ReplicaC] Read key = y
[2019-04-09T21:54:21.595][ReplicaC] Read key = z
[2019-04-09T21:54:42.606][ReplicaC] Accept WriteLog
WriteLogItem(1554846782581,B,WriteOperation(x,+,1))[2019-04-09T21:54:42.607][ReplicaC] -- Update with key x, value = 1
WriteLogItem(1554846821538,B,WriteOperation(x,+,1))[2019-04-09T21:54:42.607][ReplicaC] -- Update with key x, value = 1
WriteLogItem(1554846882009,B,WriteOperation(x,+,1))[2019-04-09T21:54:42.607][ReplicaC] -- Update with key x, value = 1

[2019-04-09T21:55:00.398][ReplicaC] Accept WriteLog
WriteLogItem(1554846895709,B,WriteOperation(x,+,1))[2019-04-09T21:55:00.399][ReplicaC] -- Update with key x, value = 1
WriteLogItem(1554846897405,B,WriteOperation(x,+,1))[2019-04-09T21:55:00.400][ReplicaC] -- Update with key x, value = 1
WriteLogItem(1554846899578,B,WriteOperation(x,+,1))[2019-04-09T21:55:00.400][ReplicaC] -- Update with key x, value = 1

[2019-04-09T21:55:07.214][ReplicaC] Accept WriteLog
WriteLogItem(1554846843548,A,WriteOperation(y,+,1))[2019-04-09T21:55:07.214][ReplicaC] -- Update with key y, value = 1
WriteLogItem(1554846845858,A,WriteOperation(y,+,1))[2019-04-09T21:55:07.214][ReplicaC] -- Update with key y, value = 1
WriteLogItem(1554846887687,A,WriteOperation(y,+,1))[2019-04-09T21:55:07.214][ReplicaC] -- Update with key y, value = 1
WriteLogItem(1554846889480,A,WriteOperation(y,+,1))[2019-04-09T21:55:07.214][ReplicaC] -- Update with key y, value = 1
WriteLogItem(1554846906381,A,WriteOperation(y,+,1))[2019-04-09T21:55:07.215][ReplicaC] -- Update with key y, value = 1

[2019-04-09T21:55:13.541][ReplicaC] Accept WriteLog
WriteLogItem(1554846764017,B,WriteOperation(z,+,1))[2019-04-09T21:55:13.541][ReplicaC] -- Update with key z, value = 1
WriteLogItem(1554846788136,B,WriteOperation(z,+,1))[2019-04-09T21:55:13.541][ReplicaC] -- Update with key z, value = 1
WriteLogItem(1554846794681,B,WriteOperation(z,+,1))[2019-04-09T21:55:13.541][ReplicaC] -- Update with key z, value = 1
WriteLogItem(1554846796615,B,WriteOperation(z,+,1))[2019-04-09T21:55:13.541][ReplicaC] -- Update with key z, value = 1
WriteLogItem(1554846798288,B,WriteOperation(z,+,1))[2019-04-09T21:55:13.541][ReplicaC] -- Update with key z, value = 1
WriteLogItem(1554846811055,B,WriteOperation(z,+,1))[2019-04-09T21:55:13.541][ReplicaC] -- Update with key z, value = 1
WriteLogItem(1554846819262,B,WriteOperation(z,+,1))[2019-04-09T21:55:13.541][ReplicaC] -- Update with key z, value = 1
WriteLogItem(1554846841148,B,WriteOperation(z,+,1))[2019-04-09T21:55:13.541][ReplicaC] -- Update with key z, value = 1
WriteLogItem(1554846891521,B,WriteOperation(z,+,1))[2019-04-09T21:55:13.541][ReplicaC] -- Update with key z, value = 1
WriteLogItem(1554846913172,B,WriteOperation(z,+,1))[2019-04-09T21:55:13.541][ReplicaC] -- Update with key z, value = 1

[2019-04-09T21:55:26.778][ReplicaC] Accept WriteLog
WriteLogItem(1554846817671,A,WriteOperation(x,+,1))[2019-04-09T21:55:26.778][ReplicaC] -- Update with key x, value = 1
WriteLogItem(1554846885897,A,WriteOperation(x,+,1))[2019-04-09T21:55:26.778][ReplicaC] -- Update with key x, value = 1
WriteLogItem(1554846926418,A,WriteOperation(x,+,1))[2019-04-09T21:55:26.778][ReplicaC] -- Update with key x, value = 1

[2019-04-09T21:55:34.645][ReplicaC] Accept WriteLog
WriteLogItem(1554846922140,B,WriteOperation(x,+,1))[2019-04-09T21:55:34.645][ReplicaC] -- Update with key x, value = 1
WriteLogItem(1554846924021,B,WriteOperation(x,+,1))[2019-04-09T21:55:34.645][ReplicaC] -- Update with key x, value = 1
WriteLogItem(1554846934057,B,WriteOperation(x,+,1))[2019-04-09T21:55:34.645][ReplicaC] -- Update with key x, value = 1

[2019-04-09T21:55:40.059][ReplicaC] Accept WriteLog
WriteLogItem(1554846831798,B,WriteOperation(y,+,1))[2019-04-09T21:55:40.059][ReplicaC] -- Update with key y, value = 1
WriteLogItem(1554846837220,B,WriteOperation(y,+,1))[2019-04-09T21:55:40.060][ReplicaC] -- Update with key y, value = 1
WriteLogItem(1554846893785,B,WriteOperation(y,+,1))[2019-04-09T21:55:40.060][ReplicaC] -- Update with key y, value = 1
WriteLogItem(1554846904491,B,WriteOperation(y,+,1))[2019-04-09T21:55:40.060][ReplicaC] -- Update with key y, value = 1
WriteLogItem(1554846939700,B,WriteOperation(y,+,1))[2019-04-09T21:55:40.060][ReplicaC] -- Update with key y, value = 1

[2019-04-09T21:56:03.945][ReplicaC] Accept WriteLog
WriteLogItem(1554846942865,A,WriteOperation(x,+,1))[2019-04-09T21:56:03.945][ReplicaC] -- Update with key x, value = 1
WriteLogItem(1554846954670,A,WriteOperation(x,+,1))[2019-04-09T21:56:03.945][ReplicaC] -- Update with key x, value = 1
WriteLogItem(1554846963356,A,WriteOperation(x,+,1))[2019-04-09T21:56:03.945][ReplicaC] -- Update with key x, value = 1

[2019-04-09T21:56:10.533][ReplicaC] Accept WriteLog
WriteLogItem(1554846945071,B,WriteOperation(x,+,1))[2019-04-09T21:56:10.534][ReplicaC] -- Update with key x, value = 1
WriteLogItem(1554846961114,B,WriteOperation(x,+,1))[2019-04-09T21:56:10.534][ReplicaC] -- Update with key x, value = 1
WriteLogItem(1554846969704,B,WriteOperation(x,+,1))[2019-04-09T21:56:10.534][ReplicaC] -- Update with key x, value = 1

[2019-04-09T21:56:14.757][ReplicaC] Accept WriteLog
WriteLogItem(1554846809521,A,WriteOperation(z,+,1))[2019-04-09T21:56:14.758][ReplicaC] -- Update with key z, value = 1
WriteLogItem(1554846830074,A,WriteOperation(z,+,1))[2019-04-09T21:56:14.758][ReplicaC] -- Update with key z, value = 1
WriteLogItem(1554846839118,A,WriteOperation(z,+,1))[2019-04-09T21:56:14.758][ReplicaC] -- Update with key z, value = 1
WriteLogItem(1554846880415,A,WriteOperation(z,+,1))[2019-04-09T21:56:14.758][ReplicaC] -- Update with key z, value = 1
WriteLogItem(1554846918699,A,WriteOperation(z,+,1))[2019-04-09T21:56:14.758][ReplicaC] -- Update with key z, value = 1
WriteLogItem(1554846920269,A,WriteOperation(z,+,1))[2019-04-09T21:56:14.758][ReplicaC] -- Update with key z, value = 1
WriteLogItem(1554846937892,A,WriteOperation(z,+,1))[2019-04-09T21:56:14.758][ReplicaC] -- Update with key z, value = 1
WriteLogItem(1554846956915,A,WriteOperation(z,+,1))[2019-04-09T21:56:14.758][ReplicaC] -- Update with key z, value = 1
WriteLogItem(1554846959013,A,WriteOperation(z,+,1))[2019-04-09T21:56:14.758][ReplicaC] -- Update with key z, value = 1
WriteLogItem(1554846974396,A,WriteOperation(z,+,1))[2019-04-09T21:56:14.758][ReplicaC] -- Update with key z, value = 1

[2019-04-09T21:56:23.738][ReplicaC] Accept WriteLog
WriteLogItem(1554846911052,A,WriteOperation(y,+,1))[2019-04-09T21:56:23.738][ReplicaC] -- Update with key y, value = 1
WriteLogItem(1554846916340,A,WriteOperation(y,+,1))[2019-04-09T21:56:23.738][ReplicaC] -- Update with key y, value = 1
WriteLogItem(1554846951255,A,WriteOperation(y,+,1))[2019-04-09T21:56:23.738][ReplicaC] -- Update with key y, value = 1
WriteLogItem(1554846967886,A,WriteOperation(y,+,1))[2019-04-09T21:56:23.738][ReplicaC] -- Update with key y, value = 1
WriteLogItem(1554846982913,A,WriteOperation(y,+,1))[2019-04-09T21:56:23.738][ReplicaC] -- Update with key y, value = 1

[2019-04-09T21:56:39.018][ReplicaC] Accept WriteLog
WriteLogItem(1554846947489,B,WriteOperation(y,+,1))[2019-04-09T21:56:39.019][ReplicaC] -- Update with key y, value = 1
WriteLogItem(1554846949366,B,WriteOperation(y,+,1))[2019-04-09T21:56:39.019][ReplicaC] -- Update with key y, value = 1
WriteLogItem(1554846953060,B,WriteOperation(y,+,1))[2019-04-09T21:56:39.019][ReplicaC] -- Update with key y, value = 1
WriteLogItem(1554846996394,B,WriteOperation(y,+,1))[2019-04-09T21:56:39.019][ReplicaC] -- Update with key y, value = 1
WriteLogItem(1554846998666,B,WriteOperation(y,+,1))[2019-04-09T21:56:39.019][ReplicaC] -- Update with key y, value = 1

[2019-04-09T21:56:56.730][ReplicaC] Accept WriteLog
WriteLogItem(1554846990100,B,WriteOperation(x,+,1))[2019-04-09T21:56:56.731][ReplicaC] -- Update with key x, value = 1
WriteLogItem(1554847008169,B,WriteOperation(x,+,1))[2019-04-09T21:56:56.731][ReplicaC] -- Update with key x, value = 1
WriteLogItem(1554847016147,B,WriteOperation(x,+,1))[2019-04-09T21:56:56.731][ReplicaC] -- Update with key x, value = 1

[2019-04-09T21:57:07.617][ReplicaC] Accept WriteLog
WriteLogItem(1554847001778,B,WriteOperation(y,+,1))[2019-04-09T21:57:07.617][ReplicaC] -- Update with key y, value = 1
WriteLogItem(1554847006177,B,WriteOperation(y,+,1))[2019-04-09T21:57:07.617][ReplicaC] -- Update with key y, value = 1
WriteLogItem(1554847010527,B,WriteOperation(y,+,1))[2019-04-09T21:57:07.617][ReplicaC] -- Update with key y, value = 1
WriteLogItem(1554847014469,B,WriteOperation(y,+,1))[2019-04-09T21:57:07.617][ReplicaC] -- Update with key y, value = 1
WriteLogItem(1554847027253,B,WriteOperation(y,+,1))[2019-04-09T21:57:07.617][ReplicaC] -- Update with key y, value = 1

[2019-04-09T21:57:16.284][ReplicaC] Accept WriteLog
WriteLogItem(1554846978906,A,WriteOperation(x,+,1))[2019-04-09T21:57:16.284][ReplicaC] -- Update with key x, value = 1
WriteLogItem(1554846986481,A,WriteOperation(x,+,1))[2019-04-09T21:57:16.284][ReplicaC] -- Update with key x, value = 1
WriteLogItem(1554847035699,A,WriteOperation(x,+,1))[2019-04-09T21:57:16.284][ReplicaC] -- Update with key x, value = 1

[2019-04-09T21:57:33.703][ReplicaC] Accept WriteLog
WriteLogItem(1554846992596,A,WriteOperation(y,+,1))[2019-04-09T21:57:33.704][ReplicaC] -- Update with key y, value = 1
WriteLogItem(1554847003872,A,WriteOperation(y,+,1))[2019-04-09T21:57:33.704][ReplicaC] -- Update with key y, value = 1
WriteLogItem(1554847022636,A,WriteOperation(y,+,1))[2019-04-09T21:57:33.704][ReplicaC] -- Update with key y, value = 1
WriteLogItem(1554847031867,A,WriteOperation(y,+,1))[2019-04-09T21:57:33.704][ReplicaC] -- Update with key y, value = 1
WriteLogItem(1554847053120,A,WriteOperation(y,+,1))[2019-04-09T21:57:33.704][ReplicaC] -- Update with key y, value = 1

[2019-04-09T21:57:52.318][ReplicaC] Read key = x
[2019-04-09T21:57:54.525][ReplicaC] Read key = y
[2019-04-09T21:57:56.733][ReplicaC] Read key = z
/home/sven/.sdkman/candidates/scala/current/bin/scala: line 21: 20003 Killed                  "$@"
