Starting...
=> Created registry
=> Bind ECG history
RMI Registry started!
Use Crtl+C to stop the server
[2019-04-09T16:07:38.023][Master] Registered ReplicaA
[2019-04-09T16:07:38.083][Master] Registered //10.156.0.2/ReplicaA
[2019-04-09T16:07:42.630][Master] Registered ReplicaB
[2019-04-09T16:07:43.587][Master] Registered //10.156.0.2/ReplicaB
[2019-04-09T16:07:43.952][Master] Registered ReplicaC
[2019-04-09T16:07:44.413][Master] Registered //10.156.0.2/ReplicaC
[2019-04-09T16:07:53.107][Master] Write ECG writelog: WriteLogItem(1554826072747,B,WriteOperation(x,+,1))
[2019-04-09T16:07:53.338][Master] Read ECG writelog
[2019-04-09T16:07:55.447][Master] Write ECG writelog: WriteLogItem(1554826075439,A,WriteOperation(y,+,1))
[2019-04-09T16:07:55.449][Master] Read ECG writelog
[2019-04-09T16:08:00.395][Master] Write ECG writelog: WriteLogItem(1554826080230,C,WriteOperation(y,+,1))
[2019-04-09T16:08:00.502][Master] Read ECG writelog
[2019-04-09T16:08:02.156][Master] Write ECG writelog: WriteLogItem(1554826082152,A,WriteOperation(z,+,1))
[2019-04-09T16:08:02.157][Master] Read ECG writelog
[2019-04-09T16:08:04.263][Master] Write ECG writelog: WriteLogItem(1554826084256,A,WriteOperation(x,+,1))
[2019-04-09T16:08:04.265][Master] Read ECG writelog
[2019-04-09T16:08:08.265][Master] Write ECG writelog: WriteLogItem(1554826088102,C,WriteOperation(y,+,1))
[2019-04-09T16:08:08.371][Master] Read ECG writelog
[2019-04-09T16:08:13.059][Master] Write ECG writelog: WriteLogItem(1554826092900,C,WriteOperation(x,+,1))
[2019-04-09T16:08:13.166][Master] Read ECG writelog
[2019-04-09T16:08:17.168][Master] Write ECG writelog: WriteLogItem(1554826097009,C,WriteOperation(y,+,1))
[2019-04-09T16:08:17.275][Master] Read ECG writelog
[2019-04-09T16:08:19.393][Master] Write ECG writelog: WriteLogItem(1554826099389,A,WriteOperation(z,+,1))
[2019-04-09T16:08:19.394][Master] Read ECG writelog
[2019-04-09T16:08:25.927][Master] Write ECG writelog: WriteLogItem(1554826105352,B,WriteOperation(x,+,1))
[2019-04-09T16:08:26.158][Master] Read ECG writelog
[2019-04-09T16:08:28.316][Master] Write ECG writelog: WriteLogItem(1554826108313,A,WriteOperation(y,+,1))
[2019-04-09T16:08:28.320][Master] Read ECG writelog
[2019-04-09T16:08:30.201][Master] Write ECG writelog: WriteLogItem(1554826110197,A,WriteOperation(y,+,1))
[2019-04-09T16:08:30.203][Master] Read ECG writelog
[2019-04-09T16:08:31.768][Master] Write ECG writelog: WriteLogItem(1554826111764,A,WriteOperation(x,+,1))
[2019-04-09T16:08:31.775][Master] Read ECG writelog
[2019-04-09T16:08:39.860][Master] Write ECG writelog: WriteLogItem(1554826119513,B,WriteOperation(y,+,1))
[2019-04-09T16:08:40.090][Master] Read ECG writelog
[2019-04-09T16:08:50.309][Master] Write ECG writelog: WriteLogItem(1554826129963,B,WriteOperation(z,+,1))
[2019-04-09T16:08:50.539][Master] Read ECG writelog
[2019-04-09T16:08:57.390][Master] Write ECG writelog: WriteLogItem(1554826137043,B,WriteOperation(z,+,1))
[2019-04-09T16:08:57.621][Master] Read ECG writelog
[2019-04-09T16:09:02.011][Master] Write ECG writelog: WriteLogItem(1554826141743,C,WriteOperation(z,+,1))
[2019-04-09T16:09:02.121][Master] Read ECG writelog
[2019-04-09T16:09:06.093][Master] Write ECG writelog: WriteLogItem(1554826145933,C,WriteOperation(y,+,1))
[2019-04-09T16:09:06.199][Master] Read ECG writelog
[2019-04-09T16:09:10.914][Master] Write ECG writelog: WriteLogItem(1554826150755,C,WriteOperation(z,+,1))
[2019-04-09T16:09:11.022][Master] Read ECG writelog
[2019-04-09T16:09:17.880][Master] Write ECG writelog: WriteLogItem(1554826157535,B,WriteOperation(z,+,1))
[2019-04-09T16:09:18.110][Master] Read ECG writelog
[2019-04-09T16:09:20.497][Master] Write ECG writelog: WriteLogItem(1554826160493,A,WriteOperation(z,+,1))
[2019-04-09T16:09:20.499][Master] Read ECG writelog
[2019-04-09T16:09:26.990][Master] Write ECG writelog: WriteLogItem(1554826166644,B,WriteOperation(y,+,1))
[2019-04-09T16:09:27.223][Master] Read ECG writelog
[2019-04-09T16:09:31.844][Master] Write ECG writelog: WriteLogItem(1554826171842,A,WriteOperation(x,+,1))
[2019-04-09T16:09:31.846][Master] Read ECG writelog
[2019-04-09T16:09:39.693][Master] Write ECG writelog: WriteLogItem(1554826179347,B,WriteOperation(z,+,1))
[2019-04-09T16:09:39.923][Master] Read ECG writelog
[2019-04-09T16:09:46.343][Master] Write ECG writelog: WriteLogItem(1554826185997,B,WriteOperation(z,+,1))
[2019-04-09T16:09:46.573][Master] Read ECG writelog
[2019-04-09T16:09:51.501][Master] Write ECG writelog: WriteLogItem(1554826191232,C,WriteOperation(z,+,1))
[2019-04-09T16:09:51.610][Master] Read ECG writelog
[2019-04-09T16:09:55.872][Master] Write ECG writelog: WriteLogItem(1554826195713,C,WriteOperation(x,+,1))
[2019-04-09T16:09:55.978][Master] Read ECG writelog
[2019-04-09T16:10:02.740][Master] Write ECG writelog: WriteLogItem(1554826202392,B,WriteOperation(z,+,1))
[2019-04-09T16:10:02.970][Master] Read ECG writelog
[2019-04-09T16:10:09.489][Master] Write ECG writelog: WriteLogItem(1554826209144,B,WriteOperation(y,+,1))
[2019-04-09T16:10:09.720][Master] Read ECG writelog
[2019-04-09T16:10:18.410][Master] Write ECG writelog: WriteLogItem(1554826218065,B,WriteOperation(x,+,1))
[2019-04-09T16:10:18.641][Master] Read ECG writelog
[2019-04-09T16:10:24.743][Master] Write ECG writelog: WriteLogItem(1554826224479,C,WriteOperation(x,+,1))
[2019-04-09T16:10:24.851][Master] Read ECG writelog
[2019-04-09T16:10:29.072][Master] Write ECG writelog: WriteLogItem(1554826229065,A,WriteOperation(z,+,1))
[2019-04-09T16:10:29.075][Master] Read ECG writelog
[2019-04-09T16:10:34.975][Master] Write ECG writelog: WriteLogItem(1554826234629,B,WriteOperation(x,+,1))
[2019-04-09T16:10:35.205][Master] Read ECG writelog
[2019-04-09T16:10:37.008][Master] Write ECG writelog: WriteLogItem(1554826237002,A,WriteOperation(x,+,1))
[2019-04-09T16:10:37.010][Master] Read ECG writelog
[2019-04-09T16:10:43.838][Master] Write ECG writelog: WriteLogItem(1554826243492,B,WriteOperation(z,+,1))
[2019-04-09T16:10:44.068][Master] Read ECG writelog
[2019-04-09T16:10:48.608][Master] Write ECG writelog: WriteLogItem(1554826248447,C,WriteOperation(z,+,1))
[2019-04-09T16:10:48.714][Master] Read ECG writelog
[2019-04-09T16:10:56.191][Master] Write ECG writelog: WriteLogItem(1554826255844,B,WriteOperation(z,+,1))
[2019-04-09T16:10:56.422][Master] Read ECG writelog
[2019-04-09T16:11:03.026][Master] Write ECG writelog: WriteLogItem(1554826262680,B,WriteOperation(y,+,1))
[2019-04-09T16:11:03.257][Master] Read ECG writelog
[2019-04-09T16:11:12.694][Master] Write ECG writelog: WriteLogItem(1554826272348,B,WriteOperation(y,+,1))
[2019-04-09T16:11:12.924][Master] Read ECG writelog
[2019-04-09T16:11:18.926][Master] Write ECG writelog: WriteLogItem(1554826278660,C,WriteOperation(x,+,1))
[2019-04-09T16:11:19.032][Master] Read ECG writelog
[2019-04-09T16:11:20.604][Master] Write ECG writelog: WriteLogItem(1554826280597,A,WriteOperation(x,+,1))
[2019-04-09T16:11:20.605][Master] Read ECG writelog
[2019-04-09T16:11:22.598][Master] Write ECG writelog: WriteLogItem(1554826282596,A,WriteOperation(z,+,1))
[2019-04-09T16:11:22.599][Master] Read ECG writelog
[2019-04-09T16:11:24.613][Master] Write ECG writelog: WriteLogItem(1554826284611,A,WriteOperation(y,+,1))
[2019-04-09T16:11:24.615][Master] Read ECG writelog
[2019-04-09T16:11:28.994][Master] Write ECG writelog: WriteLogItem(1554826288834,C,WriteOperation(x,+,1))
[2019-04-09T16:11:29.101][Master] Read ECG writelog
[2019-04-09T16:11:37.269][Master] Write ECG writelog: WriteLogItem(1554826296922,B,WriteOperation(z,+,1))
[2019-04-09T16:11:37.499][Master] Read ECG writelog
[2019-04-09T16:11:39.826][Master] Write ECG writelog: WriteLogItem(1554826299824,A,WriteOperation(y,+,1))
[2019-04-09T16:11:39.828][Master] Read ECG writelog
[2019-04-09T16:11:47.803][Master] Write ECG writelog: WriteLogItem(1554826307458,B,WriteOperation(y,+,1))
[2019-04-09T16:11:48.033][Master] Read ECG writelog
[2019-04-09T16:11:50.736][Master] Write ECG writelog: WriteLogItem(1554826310730,A,WriteOperation(y,+,1))
[2019-04-09T16:11:50.739][Master] Read ECG writelog
[2019-04-09T16:11:57.629][Master] Write ECG writelog: WriteLogItem(1554826317283,B,WriteOperation(x,+,1))
[2019-04-09T16:11:57.859][Master] Read ECG writelog
[2019-04-09T16:12:04.111][Master] Write ECG writelog: WriteLogItem(1554826323765,B,WriteOperation(y,+,1))
[2019-04-09T16:12:04.343][Master] Read ECG writelog
[2019-04-09T16:12:10.638][Master] Write ECG writelog: WriteLogItem(1554826330292,B,WriteOperation(z,+,1))
[2019-04-09T16:12:10.868][Master] Read ECG writelog
[2019-04-09T16:12:18.056][Master] Write ECG writelog: WriteLogItem(1554826337789,C,WriteOperation(x,+,1))
[2019-04-09T16:12:18.163][Master] Read ECG writelog
[2019-04-09T16:12:24.453][Master] Write ECG writelog: WriteLogItem(1554826344292,C,WriteOperation(z,+,1))
[2019-04-09T16:12:24.560][Master] Read ECG writelog
[2019-04-09T16:12:26.975][Master] Write ECG writelog: WriteLogItem(1554826346970,A,WriteOperation(y,+,1))
[2019-04-09T16:12:26.981][Master] Read ECG writelog
[2019-04-09T16:12:34.647][Master] Write ECG writelog: WriteLogItem(1554826354066,B,WriteOperation(z,+,1))
[2019-04-09T16:12:34.877][Master] Read ECG writelog
[2019-04-09T16:12:36.991][Master] Write ECG writelog: WriteLogItem(1554826356988,A,WriteOperation(y,+,1))
[2019-04-09T16:12:36.993][Master] Read ECG writelog
[2019-04-09T16:12:44.111][Master] Write ECG writelog: WriteLogItem(1554826363759,B,WriteOperation(x,+,1))
[2019-04-09T16:12:44.341][Master] Read ECG writelog
[2019-04-09T16:12:52.208][Master] Write ECG writelog: WriteLogItem(1554826372047,C,WriteOperation(x,+,1))
[2019-04-09T16:12:52.314][Master] Read ECG writelog
[2019-04-09T16:12:53.976][Master] Write ECG writelog: WriteLogItem(1554826373973,A,WriteOperation(z,+,1))
[2019-04-09T16:12:53.980][Master] Read ECG writelog
[2019-04-09T16:12:58.356][Master] Write ECG writelog: WriteLogItem(1554826378194,C,WriteOperation(x,+,1))
[2019-04-09T16:12:58.463][Master] Read ECG writelog
[2019-04-09T16:13:02.860][Master] Write ECG writelog: WriteLogItem(1554826382700,C,WriteOperation(x,+,1))
[2019-04-09T16:13:02.967][Master] Read ECG writelog
[2019-04-09T16:13:09.088][Master] Write ECG writelog: WriteLogItem(1554826388927,C,WriteOperation(x,+,1))
[2019-04-09T16:13:09.194][Master] Read ECG writelog
[2019-04-09T16:13:16.015][Master] Write ECG writelog: WriteLogItem(1554826395441,B,WriteOperation(z,+,1))
[2019-04-09T16:13:16.246][Master] Read ECG writelog
[2019-04-09T16:13:20.276][Master] Write ECG writelog: WriteLogItem(1554826400115,C,WriteOperation(z,+,1))
[2019-04-09T16:13:20.383][Master] Read ECG writelog
[2019-04-09T16:13:24.378][Master] Write ECG writelog: WriteLogItem(1554826404218,C,WriteOperation(x,+,1))
[2019-04-09T16:13:24.484][Master] Read ECG writelog
[2019-04-09T16:13:31.647][Master] Write ECG writelog: WriteLogItem(1554826411301,B,WriteOperation(x,+,1))
[2019-04-09T16:13:31.878][Master] Read ECG writelog
[2019-04-09T16:13:36.209][Master] Write ECG writelog: WriteLogItem(1554826416206,A,WriteOperation(y,+,1))
[2019-04-09T16:13:36.211][Master] Read ECG writelog
[2019-04-09T16:13:39.293][Master] Write ECG writelog: WriteLogItem(1554826419282,A,WriteOperation(z,+,1))
[2019-04-09T16:13:39.297][Master] Read ECG writelog
[2019-04-09T16:13:43.684][Master] Write ECG writelog: WriteLogItem(1554826423524,C,WriteOperation(z,+,1))
[2019-04-09T16:13:43.791][Master] Read ECG writelog
[2019-04-09T16:13:48.120][Master] Write ECG writelog: WriteLogItem(1554826427960,C,WriteOperation(z,+,1))
[2019-04-09T16:13:48.227][Master] Read ECG writelog
[2019-04-09T16:13:55.214][Master] Write ECG writelog: WriteLogItem(1554826434868,B,WriteOperation(z,+,1))
[2019-04-09T16:13:55.444][Master] Read ECG writelog
[2019-04-09T16:13:59.941][Master] Write ECG writelog: WriteLogItem(1554826439938,A,WriteOperation(y,+,1))
[2019-04-09T16:13:59.942][Master] Read ECG writelog
[2019-04-09T16:14:07.381][Master] Write ECG writelog: WriteLogItem(1554826447027,B,WriteOperation(z,+,1))
[2019-04-09T16:14:07.611][Master] Read ECG writelog
[2019-04-09T16:14:16.462][Master] Write ECG writelog: WriteLogItem(1554826456116,B,WriteOperation(z,+,1))
[2019-04-09T16:14:16.693][Master] Read ECG writelog
[2019-04-09T16:14:25.419][Master] Write ECG writelog: WriteLogItem(1554826465069,B,WriteOperation(z,+,1))
[2019-04-09T16:14:25.649][Master] Read ECG writelog
[2019-04-09T16:14:47.326][Master] Write ECG writelog: WriteLogItem(1554826487322,A,WriteOperation(y,+,1))
[2019-04-09T16:14:47.328][Master] Read ECG writelog
[2019-04-09T16:14:54.491][Master] Write ECG writelog: WriteLogItem(1554826493914,B,WriteOperation(y,+,1))
[2019-04-09T16:14:54.722][Master] Read ECG writelog
[2019-04-09T16:15:01.738][Master] Write ECG writelog: WriteLogItem(1554826501392,B,WriteOperation(z,+,1))
[2019-04-09T16:15:01.969][Master] Read ECG writelog
[2019-04-09T16:15:10.606][Master] Write ECG writelog: WriteLogItem(1554826510260,B,WriteOperation(z,+,1))
[2019-04-09T16:15:10.843][Master] Read ECG writelog
[2019-04-09T16:15:17.657][Master] Write ECG writelog: WriteLogItem(1554826517391,C,WriteOperation(y,+,1))
[2019-04-09T16:15:17.763][Master] Read ECG writelog
[2019-04-09T16:15:26.301][Master] Write ECG writelog: WriteLogItem(1554826525954,B,WriteOperation(y,+,1))
[2019-04-09T16:15:26.532][Master] Read ECG writelog
[2019-04-09T16:15:30.812][Master] Write ECG writelog: WriteLogItem(1554826530652,C,WriteOperation(y,+,1))
[2019-04-09T16:15:30.918][Master] Read ECG writelog
[2019-04-09T16:15:37.337][Master] Write ECG writelog: WriteLogItem(1554826536991,B,WriteOperation(x,+,1))
[2019-04-09T16:15:37.567][Master] Read ECG writelog
[2019-04-09T16:15:44.526][Master] Write ECG writelog: WriteLogItem(1554826544366,C,WriteOperation(y,+,1))
[2019-04-09T16:15:44.632][Master] Read ECG writelog
[2019-04-09T16:15:47.111][Master] Write ECG writelog: WriteLogItem(1554826547107,A,WriteOperation(z,+,1))
[2019-04-09T16:15:47.115][Master] Read ECG writelog
[2019-04-09T16:15:51.598][Master] Write ECG writelog: WriteLogItem(1554826551438,C,WriteOperation(z,+,1))
[2019-04-09T16:15:51.704][Master] Read ECG writelog
[2019-04-09T16:15:58.530][Master] Write ECG writelog: WriteLogItem(1554826557955,B,WriteOperation(x,+,1))
[2019-04-09T16:15:58.764][Master] Read ECG writelog
[2019-04-09T16:16:05.549][Master] Write ECG writelog: WriteLogItem(1554826565390,C,WriteOperation(x,+,1))
[2019-04-09T16:16:05.656][Master] Read ECG writelog
[2019-04-09T16:16:11.585][Master] Write ECG writelog: WriteLogItem(1554826571425,C,WriteOperation(y,+,1))
[2019-04-09T16:16:11.691][Master] Read ECG writelog
[2019-04-09T16:16:13.649][Master] Write ECG writelog: WriteLogItem(1554826573646,A,WriteOperation(y,+,1))
[2019-04-09T16:16:13.650][Master] Read ECG writelog
[2019-04-09T16:16:16.709][Master] Write ECG writelog: WriteLogItem(1554826576705,A,WriteOperation(x,+,1))
[2019-04-09T16:16:16.712][Master] Read ECG writelog
[2019-04-09T16:16:21.545][Master] Write ECG writelog: WriteLogItem(1554826581385,C,WriteOperation(y,+,1))
[2019-04-09T16:16:21.652][Master] Read ECG writelog
[2019-04-09T16:16:26.162][Master] Write ECG writelog: WriteLogItem(1554826586003,C,WriteOperation(y,+,1))
[2019-04-09T16:16:26.268][Master] Read ECG writelog
[2019-04-09T16:16:32.478][Master] Write ECG writelog: WriteLogItem(1554826592318,C,WriteOperation(x,+,1))
[2019-04-09T16:16:32.584][Master] Read ECG writelog
[2019-04-09T16:16:37.369][Master] Write ECG writelog: WriteLogItem(1554826597211,C,WriteOperation(x,+,1))
[2019-04-09T16:16:37.475][Master] Read ECG writelog
[2019-04-09T16:16:43.963][Master] Write ECG writelog: WriteLogItem(1554826603377,B,WriteOperation(x,+,1))
[2019-04-09T16:16:44.198][Master] Read ECG writelog
[2019-04-09T16:16:51.205][Master] Write ECG writelog: WriteLogItem(1554826610854,B,WriteOperation(z,+,1))
[2019-04-09T16:16:51.440][Master] Read ECG writelog
[2019-04-09T16:16:58.069][Master] Write ECG writelog: WriteLogItem(1554826617909,C,WriteOperation(y,+,1))
[2019-04-09T16:16:58.175][Master] Read ECG writelog
[2019-04-09T16:17:04.823][Master] Write ECG writelog: WriteLogItem(1554826624470,B,WriteOperation(x,+,1))
[2019-04-09T16:17:05.057][Master] Read ECG writelog
[2019-04-09T16:17:11.157][Master] Write ECG writelog: WriteLogItem(1554826630804,B,WriteOperation(x,+,1))
[2019-04-09T16:17:11.391][Master] Read ECG writelog
[2019-04-09T16:17:17.835][Master] Write ECG writelog: WriteLogItem(1554826637675,C,WriteOperation(x,+,1))
[2019-04-09T16:17:17.942][Master] Read ECG writelog
[2019-04-09T16:17:23.992][Master] Write ECG writelog: WriteLogItem(1554826643832,C,WriteOperation(z,+,1))
[2019-04-09T16:17:24.098][Master] Read ECG writelog
[2019-04-09T16:17:26.240][Master] Write ECG writelog: WriteLogItem(1554826646238,A,WriteOperation(x,+,1))
[2019-04-09T16:17:26.245][Master] Read ECG writelog
[2019-04-09T16:17:32.931][Master] Write ECG writelog: WriteLogItem(1554826652357,B,WriteOperation(x,+,1))
[2019-04-09T16:17:33.161][Master] Read ECG writelog
[2019-04-09T16:17:35.699][Master] Write ECG writelog: WriteLogItem(1554826655697,A,WriteOperation(x,+,1))
[2019-04-09T16:17:35.705][Master] Read ECG writelog
[2019-04-09T16:17:40.089][Master] Write ECG writelog: WriteLogItem(1554826659928,C,WriteOperation(z,+,1))
[2019-04-09T16:17:40.196][Master] Read ECG writelog
[2019-04-09T16:17:42.350][Master] Write ECG writelog: WriteLogItem(1554826662348,A,WriteOperation(y,+,1))
[2019-04-09T16:17:42.351][Master] Read ECG writelog
[2019-04-09T16:17:47.465][Master] Write ECG writelog: WriteLogItem(1554826667306,C,WriteOperation(z,+,1))
[2019-04-09T16:17:47.572][Master] Read ECG writelog
[2019-04-09T16:17:52.338][Master] Write ECG writelog: WriteLogItem(1554826672179,C,WriteOperation(z,+,1))
[2019-04-09T16:17:52.444][Master] Read ECG writelog
[2019-04-09T16:17:54.768][Master] Write ECG writelog: WriteLogItem(1554826674765,A,WriteOperation(y,+,1))
[2019-04-09T16:17:54.769][Master] Read ECG writelog
[2019-04-09T16:17:56.879][Master] Write ECG writelog: WriteLogItem(1554826676877,A,WriteOperation(y,+,1))
[2019-04-09T16:17:56.880][Master] Read ECG writelog
[2019-04-09T16:18:04.477][Master] Write ECG writelog: WriteLogItem(1554826683902,B,WriteOperation(x,+,1))
[2019-04-09T16:18:04.707][Master] Read ECG writelog
[2019-04-09T16:18:09.066][Master] Write ECG writelog: WriteLogItem(1554826688907,C,WriteOperation(z,+,1))
[2019-04-09T16:18:09.172][Master] Read ECG writelog
[2019-04-09T16:18:17.354][Master] Write ECG writelog: WriteLogItem(1554826697007,B,WriteOperation(x,+,1))
[2019-04-09T16:18:17.584][Master] Read ECG writelog
[2019-04-09T16:18:24.513][Master] Write ECG writelog: WriteLogItem(1554826704353,C,WriteOperation(z,+,1))
[2019-04-09T16:18:24.619][Master] Read ECG writelog
[2019-04-09T16:18:31.051][Master] Write ECG writelog: WriteLogItem(1554826710705,B,WriteOperation(z,+,1))
[2019-04-09T16:18:31.283][Master] Read ECG writelog
[2019-04-09T16:18:35.660][Master] Write ECG writelog: WriteLogItem(1554826715501,C,WriteOperation(x,+,1))
[2019-04-09T16:18:35.767][Master] Read ECG writelog
[2019-04-09T16:18:37.394][Master] Write ECG writelog: WriteLogItem(1554826717391,A,WriteOperation(z,+,1))
[2019-04-09T16:18:37.397][Master] Read ECG writelog
[2019-04-09T16:18:39.587][Master] Write ECG writelog: WriteLogItem(1554826719585,A,WriteOperation(y,+,1))
[2019-04-09T16:18:39.591][Master] Read ECG writelog
[2019-04-09T16:18:44.684][Master] Write ECG writelog: WriteLogItem(1554826724525,C,WriteOperation(x,+,1))
[2019-04-09T16:18:44.790][Master] Read ECG writelog
[2019-04-09T16:18:51.601][Master] Write ECG writelog: WriteLogItem(1554826731025,B,WriteOperation(z,+,1))
[2019-04-09T16:18:51.831][Master] Read ECG writelog
[2019-04-09T16:18:57.040][Master] Write ECG writelog: WriteLogItem(1554826737038,A,WriteOperation(z,+,1))
[2019-04-09T16:18:57.041][Master] Read ECG writelog
[2019-04-09T16:18:58.840][Master] Write ECG writelog: WriteLogItem(1554826738837,A,WriteOperation(z,+,1))
[2019-04-09T16:18:58.844][Master] Read ECG writelog
[2019-04-09T16:19:03.179][Master] Write ECG writelog: WriteLogItem(1554826742911,C,WriteOperation(y,+,1))
[2019-04-09T16:19:03.290][Master] Read ECG writelog
[2019-04-09T16:19:07.573][Master] Write ECG writelog: WriteLogItem(1554826747414,C,WriteOperation(x,+,1))
[2019-04-09T16:19:07.679][Master] Read ECG writelog
[2019-04-09T16:19:13.748][Master] Write ECG writelog: WriteLogItem(1554826753589,C,WriteOperation(y,+,1))
[2019-04-09T16:19:13.854][Master] Read ECG writelog
[2019-04-09T16:19:17.932][Master] Write ECG writelog: WriteLogItem(1554826757773,C,WriteOperation(x,+,1))
[2019-04-09T16:19:18.038][Master] Read ECG writelog
[2019-04-09T16:19:20.578][Master] Write ECG writelog: WriteLogItem(1554826760576,A,WriteOperation(y,+,1))
[2019-04-09T16:19:20.580][Master] Read ECG writelog
[2019-04-09T16:19:25.238][Master] Write ECG writelog: WriteLogItem(1554826765078,C,WriteOperation(x,+,1))
[2019-04-09T16:19:25.344][Master] Read ECG writelog
[2019-04-09T16:19:32.222][Master] Write ECG writelog: WriteLogItem(1554826771645,B,WriteOperation(y,+,1))
[2019-04-09T16:19:32.452][Master] Read ECG writelog
[2019-04-09T16:19:41.274][Master] Write ECG writelog: WriteLogItem(1554826780929,B,WriteOperation(x,+,1))
[2019-04-09T16:19:41.503][Master] Read ECG writelog
[2019-04-09T16:19:48.240][Master] Write ECG writelog: WriteLogItem(1554826788081,C,WriteOperation(y,+,1))
[2019-04-09T16:19:48.346][Master] Read ECG writelog
[2019-04-09T16:19:52.966][Master] Write ECG writelog: WriteLogItem(1554826792808,C,WriteOperation(x,+,1))
[2019-04-09T16:19:53.072][Master] Read ECG writelog
[2019-04-09T16:20:01.518][Master] Write ECG writelog: WriteLogItem(1554826801173,B,WriteOperation(x,+,1))
[2019-04-09T16:20:01.748][Master] Read ECG writelog
[2019-04-09T16:20:05.956][Master] Write ECG writelog: WriteLogItem(1554826805797,C,WriteOperation(y,+,1))
[2019-04-09T16:20:06.062][Master] Read ECG writelog
[2019-04-09T16:20:11.453][Master] Write ECG writelog: WriteLogItem(1554826811295,C,WriteOperation(y,+,1))
[2019-04-09T16:20:11.559][Master] Read ECG writelog
[2019-04-09T16:20:16.102][Master] Write ECG writelog: WriteLogItem(1554826815943,C,WriteOperation(x,+,1))
[2019-04-09T16:20:16.208][Master] Read ECG writelog
[2019-04-09T16:20:21.050][Master] Write ECG writelog: WriteLogItem(1554826820892,C,WriteOperation(y,+,1))
[2019-04-09T16:20:21.156][Master] Read ECG writelog
[2019-04-09T16:20:23.294][Master] Write ECG writelog: WriteLogItem(1554826823291,A,WriteOperation(y,+,1))
[2019-04-09T16:20:23.298][Master] Read ECG writelog
[2019-04-09T16:20:30.281][Master] Write ECG writelog: WriteLogItem(1554826829701,B,WriteOperation(x,+,1))
[2019-04-09T16:20:30.513][Master] Read ECG writelog
[2019-04-09T16:20:36.766][Master] Write ECG writelog: WriteLogItem(1554826836418,B,WriteOperation(z,+,1))
[2019-04-09T16:20:36.998][Master] Read ECG writelog
[2019-04-09T16:20:44.399][Master] Write ECG writelog: WriteLogItem(1554826844240,C,WriteOperation(z,+,1))
[2019-04-09T16:20:44.505][Master] Read ECG writelog
[2019-04-09T16:20:50.617][Master] Write ECG writelog: WriteLogItem(1554826850457,C,WriteOperation(x,+,1))
[2019-04-09T16:20:50.722][Master] Read ECG writelog
[2019-04-09T16:20:55.955][Master] Write ECG writelog: WriteLogItem(1554826855797,C,WriteOperation(x,+,1))
[2019-04-09T16:20:56.061][Master] Read ECG writelog
[2019-04-09T16:21:04.103][Master] Write ECG writelog: WriteLogItem(1554826863529,B,WriteOperation(z,+,1))
[2019-04-09T16:21:04.334][Master] Read ECG writelog
[2019-04-09T16:21:13.191][Master] Write ECG writelog: WriteLogItem(1554826872845,B,WriteOperation(z,+,1))
[2019-04-09T16:21:13.422][Master] Read ECG writelog
[2019-04-09T16:21:17.322][Master] Write ECG writelog: WriteLogItem(1554826877319,A,WriteOperation(y,+,1))
[2019-04-09T16:21:17.323][Master] Read ECG writelog
[2019-04-09T16:21:21.959][Master] Write ECG writelog: WriteLogItem(1554826881692,C,WriteOperation(z,+,1))
[2019-04-09T16:21:22.065][Master] Read ECG writelog
[2019-04-09T16:21:25.249][Master] Write ECG writelog: WriteLogItem(1554826885247,A,WriteOperation(z,+,1))
[2019-04-09T16:21:25.250][Master] Read ECG writelog
[2019-04-09T16:21:28.194][Master] Write ECG writelog: WriteLogItem(1554826888192,A,WriteOperation(z,+,1))
[2019-04-09T16:21:28.195][Master] Read ECG writelog
[2019-04-09T16:21:51.970][Master] Write ECG writelog: WriteLogItem(1554826911394,B,WriteOperation(y,+,1))
[2019-04-09T16:21:52.200][Master] Read ECG writelog
[2019-04-09T16:21:56.818][Master] Write ECG writelog: WriteLogItem(1554826916553,C,WriteOperation(y,+,1))
[2019-04-09T16:21:56.926][Master] Read ECG writelog
[2019-04-09T16:21:58.436][Master] Write ECG writelog: WriteLogItem(1554826918433,A,WriteOperation(x,+,1))
[2019-04-09T16:21:58.437][Master] Read ECG writelog
[2019-04-09T16:22:01.874][Master] Write ECG writelog: WriteLogItem(1554826921872,A,WriteOperation(x,+,1))
[2019-04-09T16:22:01.875][Master] Read ECG writelog
[2019-04-09T16:22:04.275][Master] Write ECG writelog: WriteLogItem(1554826924274,A,WriteOperation(z,+,1))
[2019-04-09T16:22:04.279][Master] Read ECG writelog
[2019-04-09T16:22:08.265][Master] Write ECG writelog: WriteLogItem(1554826928105,C,WriteOperation(y,+,1))
[2019-04-09T16:22:08.373][Master] Read ECG writelog
[2019-04-09T16:22:10.701][Master] Write ECG writelog: WriteLogItem(1554826930699,A,WriteOperation(y,+,1))
[2019-04-09T16:22:10.703][Master] Read ECG writelog
[2019-04-09T16:22:16.252][Master] Write ECG writelog: WriteLogItem(1554826936092,C,WriteOperation(y,+,1))
[2019-04-09T16:22:16.360][Master] Read ECG writelog
[2019-04-09T16:22:24.819][Master] Write ECG writelog: WriteLogItem(1554826944245,B,WriteOperation(x,+,1))
[2019-04-09T16:22:25.049][Master] Read ECG writelog
[2019-04-09T16:22:29.660][Master] Write ECG writelog: WriteLogItem(1554826949657,A,WriteOperation(x,+,1))
[2019-04-09T16:22:29.663][Master] Read ECG writelog
[2019-04-09T16:22:31.819][Master] Write ECG writelog: WriteLogItem(1554826951817,A,WriteOperation(z,+,1))
[2019-04-09T16:22:31.820][Master] Read ECG writelog
[2019-04-09T16:22:33.753][Master] Write ECG writelog: WriteLogItem(1554826953751,A,WriteOperation(x,+,1))
[2019-04-09T16:22:33.753][Master] Read ECG writelog
[2019-04-09T16:22:39.063][Master] Write ECG writelog: WriteLogItem(1554826958904,C,WriteOperation(x,+,1))
[2019-04-09T16:22:39.169][Master] Read ECG writelog
[2019-04-09T16:22:43.650][Master] Write ECG writelog: WriteLogItem(1554826963596,C,WriteOperation(z,+,1))
[2019-04-09T16:22:43.756][Master] Read ECG writelog
[2019-04-09T16:22:48.409][Master] Write ECG writelog: WriteLogItem(1554826968250,C,WriteOperation(z,+,1))
[2019-04-09T16:22:48.515][Master] Read ECG writelog
[2019-04-09T16:22:55.664][Master] Write ECG writelog: WriteLogItem(1554826975318,B,WriteOperation(z,+,1))
[2019-04-09T16:22:55.894][Master] Read ECG writelog
[2019-04-09T16:23:02.289][Master] Write ECG writelog: WriteLogItem(1554826981944,B,WriteOperation(x,+,1))
[2019-04-09T16:23:02.519][Master] Read ECG writelog
[2019-04-09T16:23:07.137][Master] Write ECG writelog: WriteLogItem(1554826986977,C,WriteOperation(x,+,1))
[2019-04-09T16:23:07.243][Master] Read ECG writelog
[2019-04-09T16:23:09.495][Master] Write ECG writelog: WriteLogItem(1554826989492,A,WriteOperation(x,+,1))
[2019-04-09T16:23:09.496][Master] Read ECG writelog
[2019-04-09T16:23:14.922][Master] Write ECG writelog: WriteLogItem(1554826994763,C,WriteOperation(z,+,1))
[2019-04-09T16:23:15.028][Master] Read ECG writelog
[2019-04-09T16:23:17.359][Master] Write ECG writelog: WriteLogItem(1554826997356,A,WriteOperation(z,+,1))
[2019-04-09T16:23:17.361][Master] Read ECG writelog
[2019-04-09T16:23:23.874][Master] Write ECG writelog: WriteLogItem(1554827003529,B,WriteOperation(y,+,1))
[2019-04-09T16:23:24.104][Master] Read ECG writelog
[2019-04-09T16:23:28.947][Master] Write ECG writelog: WriteLogItem(1554827008787,C,WriteOperation(y,+,1))
[2019-04-09T16:23:29.053][Master] Read ECG writelog
[2019-04-09T16:23:35.763][Master] Write ECG writelog: WriteLogItem(1554827015418,B,WriteOperation(x,+,1))
[2019-04-09T16:23:35.993][Master] Read ECG writelog
[2019-04-09T16:23:40.999][Master] Write ECG writelog: WriteLogItem(1554827020839,C,WriteOperation(x,+,1))
[2019-04-09T16:23:41.106][Master] Read ECG writelog
[2019-04-09T16:23:46.639][Master] Write ECG writelog: WriteLogItem(1554827026479,C,WriteOperation(x,+,1))
[2019-04-09T16:23:46.745][Master] Read ECG writelog
[2019-04-09T16:23:49.211][Master] Write ECG writelog: WriteLogItem(1554827029208,A,WriteOperation(x,+,1))
[2019-04-09T16:23:49.212][Master] Read ECG writelog
[2019-04-09T16:23:57.305][Master] Write ECG writelog: WriteLogItem(1554827036730,B,WriteOperation(y,+,1))
[2019-04-09T16:23:57.535][Master] Read ECG writelog
[2019-04-09T16:23:59.714][Master] Write ECG writelog: WriteLogItem(1554827039712,A,WriteOperation(x,+,1))
[2019-04-09T16:23:59.715][Master] Read ECG writelog
[2019-04-09T16:24:04.763][Master] Write ECG writelog: WriteLogItem(1554827044603,C,WriteOperation(z,+,1))
[2019-04-09T16:24:04.870][Master] Read ECG writelog
[2019-04-09T16:24:08.776][Master] Write ECG writelog: WriteLogItem(1554827048617,C,WriteOperation(z,+,1))
[2019-04-09T16:24:08.882][Master] Read ECG writelog
[2019-04-09T16:24:10.973][Master] Write ECG writelog: WriteLogItem(1554827050972,A,WriteOperation(z,+,1))
[2019-04-09T16:24:10.974][Master] Read ECG writelog
[2019-04-09T16:24:17.831][Master] Write ECG writelog: WriteLogItem(1554827057485,B,WriteOperation(x,+,1))
[2019-04-09T16:24:18.062][Master] Read ECG writelog
[2019-04-09T16:24:26.823][Master] Write ECG writelog: WriteLogItem(1554827066477,B,WriteOperation(z,+,1))
[2019-04-09T16:24:27.054][Master] Read ECG writelog
[2019-04-09T16:24:33.200][Master] Write ECG writelog: WriteLogItem(1554827072935,C,WriteOperation(x,+,1))
[2019-04-09T16:24:33.307][Master] Read ECG writelog
[2019-04-09T16:24:37.633][Master] Write ECG writelog: WriteLogItem(1554827077474,C,WriteOperation(z,+,1))
[2019-04-09T16:24:37.739][Master] Read ECG writelog
[2019-04-09T16:24:42.583][Master] Write ECG writelog: WriteLogItem(1554827082424,C,WriteOperation(y,+,1))
[2019-04-09T16:24:42.689][Master] Read ECG writelog
[2019-04-09T16:24:45.322][Master] Write ECG writelog: WriteLogItem(1554827085319,A,WriteOperation(z,+,1))
[2019-04-09T16:24:45.324][Master] Read ECG writelog
[2019-04-09T16:24:51.686][Master] Write ECG writelog: WriteLogItem(1554827091110,B,WriteOperation(z,+,1))
[2019-04-09T16:24:51.916][Master] Read ECG writelog
[2019-04-09T16:25:01.387][Master] Write ECG writelog: WriteLogItem(1554827101041,B,WriteOperation(y,+,1))
[2019-04-09T16:25:01.617][Master] Read ECG writelog
[2019-04-09T16:25:08.559][Master] Write ECG writelog: WriteLogItem(1554827108214,B,WriteOperation(z,+,1))
[2019-04-09T16:25:08.790][Master] Read ECG writelog
[2019-04-09T16:25:18.458][Master] Write ECG writelog: WriteLogItem(1554827118113,B,WriteOperation(z,+,1))
[2019-04-09T16:25:18.688][Master] Read ECG writelog
[2019-04-09T16:25:25.677][Master] Write ECG writelog: WriteLogItem(1554827125412,C,WriteOperation(z,+,1))
[2019-04-09T16:25:25.784][Master] Read ECG writelog
[2019-04-09T16:25:31.883][Master] Write ECG writelog: WriteLogItem(1554827131537,B,WriteOperation(z,+,1))
[2019-04-09T16:25:32.114][Master] Read ECG writelog
[2019-04-09T16:25:36.261][Master] Write ECG writelog: WriteLogItem(1554827136257,A,WriteOperation(z,+,1))
[2019-04-09T16:25:36.263][Master] Read ECG writelog
[2019-04-09T16:25:38.679][Master] Write ECG writelog: WriteLogItem(1554827138678,A,WriteOperation(x,+,1))
[2019-04-09T16:25:38.681][Master] Read ECG writelog
[2019-04-09T16:25:44.595][Master] Write ECG writelog: WriteLogItem(1554827144249,B,WriteOperation(x,+,1))
[2019-04-09T16:25:44.825][Master] Read ECG writelog
[2019-04-09T16:25:51.107][Master] Write ECG writelog: WriteLogItem(1554827150948,C,WriteOperation(x,+,1))
[2019-04-09T16:25:51.213][Master] Read ECG writelog
[2019-04-09T16:25:55.323][Master] Write ECG writelog: WriteLogItem(1554827155321,A,WriteOperation(x,+,1))
[2019-04-09T16:25:55.324][Master] Read ECG writelog
[2019-04-09T16:26:01.885][Master] Write ECG writelog: WriteLogItem(1554827161539,B,WriteOperation(x,+,1))
[2019-04-09T16:26:02.115][Master] Read ECG writelog
[2019-04-09T16:26:04.279][Master] Write ECG writelog: WriteLogItem(1554827164277,A,WriteOperation(y,+,1))
[2019-04-09T16:26:04.280][Master] Read ECG writelog
[2019-04-09T16:26:09.643][Master] Write ECG writelog: WriteLogItem(1554827169484,C,WriteOperation(x,+,1))
[2019-04-09T16:26:09.749][Master] Read ECG writelog
[2019-04-09T16:26:15.097][Master] Write ECG writelog: WriteLogItem(1554827174939,C,WriteOperation(x,+,1))
[2019-04-09T16:26:15.203][Master] Read ECG writelog
[2019-04-09T16:26:17.896][Master] Write ECG writelog: WriteLogItem(1554827177895,A,WriteOperation(z,+,1))
[2019-04-09T16:26:17.899][Master] Read ECG writelog
[2019-04-09T16:26:19.766][Master] Write ECG writelog: WriteLogItem(1554827179765,A,WriteOperation(z,+,1))
[2019-04-09T16:26:19.767][Master] Read ECG writelog
[2019-04-09T16:26:23.563][Master] Write ECG writelog: WriteLogItem(1554827183404,C,WriteOperation(x,+,1))
[2019-04-09T16:26:23.669][Master] Read ECG writelog
[2019-04-09T16:26:31.415][Master] Write ECG writelog: WriteLogItem(1554827190840,B,WriteOperation(z,+,1))
[2019-04-09T16:26:31.645][Master] Read ECG writelog
[2019-04-09T16:26:38.984][Master] Write ECG writelog: WriteLogItem(1554827198825,C,WriteOperation(x,+,1))
[2019-04-09T16:26:39.090][Master] Read ECG writelog
[2019-04-09T16:26:46.252][Master] Write ECG writelog: WriteLogItem(1554827205906,B,WriteOperation(z,+,1))
[2019-04-09T16:26:46.481][Master] Read ECG writelog
[2019-04-09T16:26:55.158][Master] Write ECG writelog: WriteLogItem(1554827214812,B,WriteOperation(y,+,1))
[2019-04-09T16:26:55.389][Master] Read ECG writelog
[2019-04-09T16:27:04.121][Master] Write ECG writelog: WriteLogItem(1554827223775,B,WriteOperation(z,+,1))
[2019-04-09T16:27:04.351][Master] Read ECG writelog
[2019-04-09T16:27:08.340][Master] Write ECG writelog: WriteLogItem(1554827228338,A,WriteOperation(x,+,1))
[2019-04-09T16:27:08.341][Master] Read ECG writelog
[2019-04-09T16:27:14.165][Master] Write ECG writelog: WriteLogItem(1554827233900,C,WriteOperation(y,+,1))
[2019-04-09T16:27:14.272][Master] Read ECG writelog
[2019-04-09T16:27:21.172][Master] Write ECG writelog: WriteLogItem(1554827240826,B,WriteOperation(y,+,1))
[2019-04-09T16:27:21.402][Master] Read ECG writelog
[2019-04-09T16:27:25.923][Master] Write ECG writelog: WriteLogItem(1554827245763,C,WriteOperation(x,+,1))
[2019-04-09T16:27:26.029][Master] Read ECG writelog
[2019-04-09T16:27:32.581][Master] Write ECG writelog: WriteLogItem(1554827252235,B,WriteOperation(x,+,1))
[2019-04-09T16:27:32.811][Master] Read ECG writelog
[2019-04-09T16:27:37.209][Master] Write ECG writelog: WriteLogItem(1554827257048,C,WriteOperation(z,+,1))
[2019-04-09T16:27:37.315][Master] Read ECG writelog
[2019-04-09T16:27:39.214][Master] Write ECG writelog: WriteLogItem(1554827259213,A,WriteOperation(z,+,1))
[2019-04-09T16:27:39.215][Master] Read ECG writelog
[2019-04-09T16:27:46.504][Master] Write ECG writelog: WriteLogItem(1554827266160,B,WriteOperation(x,+,1))
[2019-04-09T16:27:46.735][Master] Read ECG writelog
[2019-04-09T16:27:51.463][Master] Write ECG writelog: WriteLogItem(1554827271462,A,WriteOperation(y,+,1))
[2019-04-09T16:27:51.465][Master] Read ECG writelog
[2019-04-09T16:27:53.843][Master] Write ECG writelog: WriteLogItem(1554827273840,A,WriteOperation(y,+,1))
[2019-04-09T16:27:53.844][Master] Read ECG writelog
[2019-04-09T16:27:58.211][Master] Write ECG writelog: WriteLogItem(1554827278051,C,WriteOperation(z,+,1))
[2019-04-09T16:27:58.320][Master] Read ECG writelog
[2019-04-09T16:28:02.516][Master] Write ECG writelog: WriteLogItem(1554827282357,C,WriteOperation(z,+,1))
[2019-04-09T16:28:02.622][Master] Read ECG writelog
[2019-04-09T16:28:06.067][Master] Write ECG writelog: WriteLogItem(1554827286065,A,WriteOperation(x,+,1))
[2019-04-09T16:28:06.069][Master] Read ECG writelog
[2019-04-09T16:28:10.788][Master] Write ECG writelog: WriteLogItem(1554827290627,C,WriteOperation(z,+,1))
[2019-04-09T16:28:10.894][Master] Read ECG writelog
[2019-04-09T16:28:32.818][Master] Write ECG writelog: WriteLogItem(1554827312553,C,WriteOperation(z,+,1))
[2019-04-09T16:28:32.924][Master] Read ECG writelog
[2019-04-09T16:28:39.729][Master] Write ECG writelog: WriteLogItem(1554827319151,B,WriteOperation(z,+,1))
[2019-04-09T16:28:39.959][Master] Read ECG writelog
[2019-04-09T16:28:46.452][Master] Write ECG writelog: WriteLogItem(1554827326107,B,WriteOperation(z,+,1))
[2019-04-09T16:28:46.683][Master] Read ECG writelog
[2019-04-09T16:28:49.419][Master] Write ECG writelog: WriteLogItem(1554827329415,A,WriteOperation(y,+,1))
[2019-04-09T16:28:49.422][Master] Read ECG writelog
[2019-04-09T16:28:53.490][Master] Write ECG writelog: WriteLogItem(1554827333328,C,WriteOperation(z,+,1))
[2019-04-09T16:28:53.596][Master] Read ECG writelog
[2019-04-09T16:28:58.273][Master] Write ECG writelog: WriteLogItem(1554827338114,C,WriteOperation(x,+,1))
[2019-04-09T16:28:58.379][Master] Read ECG writelog
[2019-04-09T16:29:04.996][Master] Write ECG writelog: WriteLogItem(1554827344650,B,WriteOperation(x,+,1))
[2019-04-09T16:29:05.226][Master] Read ECG writelog
[2019-04-09T16:29:12.143][Master] Write ECG writelog: WriteLogItem(1554827351982,C,WriteOperation(y,+,1))
[2019-04-09T16:29:12.249][Master] Read ECG writelog
[2019-04-09T16:29:19.019][Master] Write ECG writelog: WriteLogItem(1554827358673,B,WriteOperation(y,+,1))
[2019-04-09T16:29:19.250][Master] Read ECG writelog
[2019-04-09T16:29:23.759][Master] Write ECG writelog: WriteLogItem(1554827363756,A,WriteOperation(y,+,1))
[2019-04-09T16:29:23.760][Master] Read ECG writelog
[2019-04-09T16:29:28.387][Master] Write ECG writelog: WriteLogItem(1554827368226,C,WriteOperation(z,+,1))
[2019-04-09T16:29:28.493][Master] Read ECG writelog
[2019-04-09T16:29:30.954][Master] Write ECG writelog: WriteLogItem(1554827370952,A,WriteOperation(z,+,1))
[2019-04-09T16:29:30.954][Master] Read ECG writelog
[2019-04-09T16:29:37.544][Master] Write ECG writelog: WriteLogItem(1554827377198,B,WriteOperation(y,+,1))
[2019-04-09T16:29:37.773][Master] Read ECG writelog
[2019-04-09T16:29:42.305][Master] Write ECG writelog: WriteLogItem(1554827382303,A,WriteOperation(x,+,1))
[2019-04-09T16:29:42.306][Master] Read ECG writelog
[2019-04-09T16:29:44.685][Master] Write ECG writelog: WriteLogItem(1554827384684,A,WriteOperation(x,+,1))
[2019-04-09T16:29:44.686][Master] Read ECG writelog
[2019-04-09T16:29:47.617][Master] Write ECG writelog: WriteLogItem(1554827387616,A,WriteOperation(z,+,1))
[2019-04-09T16:29:47.618][Master] Read ECG writelog
[2019-04-09T16:29:51.806][Master] Write ECG writelog: WriteLogItem(1554827391542,C,WriteOperation(x,+,1))
[2019-04-09T16:29:51.912][Master] Read ECG writelog
[2019-04-09T16:29:54.758][Master] Write ECG writelog: WriteLogItem(1554827394756,A,WriteOperation(z,+,1))
[2019-04-09T16:29:54.758][Master] Read ECG writelog
[2019-04-09T16:29:59.380][Master] Write ECG writelog: WriteLogItem(1554827399220,C,WriteOperation(x,+,1))
[2019-04-09T16:29:59.486][Master] Read ECG writelog
[2019-04-09T16:30:02.012][Master] Write ECG writelog: WriteLogItem(1554827402009,A,WriteOperation(z,+,1))
[2019-04-09T16:30:02.013][Master] Read ECG writelog
[2019-04-09T16:30:08.712][Master] Write ECG writelog: WriteLogItem(1554827408138,B,WriteOperation(y,+,1))
[2019-04-09T16:30:08.943][Master] Read ECG writelog
[2019-04-09T16:30:13.507][Master] Write ECG writelog: WriteLogItem(1554827413505,A,WriteOperation(x,+,1))
[2019-04-09T16:30:13.508][Master] Read ECG writelog
[2019-04-09T16:30:19.657][Master] Write ECG writelog: WriteLogItem(1554827419309,B,WriteOperation(x,+,1))
[2019-04-09T16:30:19.887][Master] Read ECG writelog
[2019-04-09T16:30:25.005][Master] Write ECG writelog: WriteLogItem(1554827424740,C,WriteOperation(y,+,1))
[2019-04-09T16:30:25.111][Master] Read ECG writelog
[2019-04-09T16:30:33.640][Master] Write ECG writelog: WriteLogItem(1554827433294,B,WriteOperation(y,+,1))
[2019-04-09T16:30:33.870][Master] Read ECG writelog
[2019-04-09T16:30:40.829][Master] Write ECG writelog: WriteLogItem(1554827440482,B,WriteOperation(y,+,1))
[2019-04-09T16:30:41.059][Master] Read ECG writelog
[2019-04-09T16:30:47.824][Master] Write ECG writelog: WriteLogItem(1554827447478,B,WriteOperation(x,+,1))
[2019-04-09T16:30:48.054][Master] Read ECG writelog
[2019-04-09T16:30:50.028][Master] Write ECG writelog: WriteLogItem(1554827450025,A,WriteOperation(y,+,1))
[2019-04-09T16:30:50.029][Master] Read ECG writelog
[2019-04-09T16:30:55.954][Master] Write ECG writelog: WriteLogItem(1554827455691,C,WriteOperation(z,+,1))
[2019-04-09T16:30:56.060][Master] Read ECG writelog
[2019-04-09T16:30:57.892][Master] Write ECG writelog: WriteLogItem(1554827457889,A,WriteOperation(y,+,1))
[2019-04-09T16:30:57.895][Master] Read ECG writelog
[2019-04-09T16:31:02.616][Master] Write ECG writelog: WriteLogItem(1554827462456,C,WriteOperation(x,+,1))
[2019-04-09T16:31:02.722][Master] Read ECG writelog
[2019-04-09T16:31:09.077][Master] Write ECG writelog: WriteLogItem(1554827468918,C,WriteOperation(z,+,1))
[2019-04-09T16:31:09.183][Master] Read ECG writelog
[2019-04-09T16:31:16.087][Master] Write ECG writelog: WriteLogItem(1554827475512,B,WriteOperation(x,+,1))
[2019-04-09T16:31:16.317][Master] Read ECG writelog
[2019-04-09T16:31:24.310][Master] Write ECG writelog: WriteLogItem(1554827484151,C,WriteOperation(z,+,1))
[2019-04-09T16:31:24.416][Master] Read ECG writelog
[2019-04-09T16:31:26.948][Master] Write ECG writelog: WriteLogItem(1554827486946,A,WriteOperation(x,+,1))
[2019-04-09T16:31:26.949][Master] Read ECG writelog
[2019-04-09T16:31:29.253][Master] Write ECG writelog: WriteLogItem(1554827489252,A,WriteOperation(x,+,1))
[2019-04-09T16:31:29.254][Master] Read ECG writelog
[2019-04-09T16:31:36.156][Master] Write ECG writelog: WriteLogItem(1554827495810,B,WriteOperation(z,+,1))
[2019-04-09T16:31:36.386][Master] Read ECG writelog
[2019-04-09T16:31:40.664][Master] Write ECG writelog: WriteLogItem(1554827500662,A,WriteOperation(y,+,1))
[2019-04-09T16:31:40.664][Master] Read ECG writelog
[2019-04-09T16:31:44.790][Master] Write ECG writelog: WriteLogItem(1554827504527,C,WriteOperation(z,+,1))
[2019-04-09T16:31:44.896][Master] Read ECG writelog
[2019-04-09T16:31:49.115][Master] Write ECG writelog: WriteLogItem(1554827508957,C,WriteOperation(x,+,1))
[2019-04-09T16:31:49.221][Master] Read ECG writelog
[2019-04-09T16:31:53.611][Master] Write ECG writelog: WriteLogItem(1554827513452,C,WriteOperation(y,+,1))
[2019-04-09T16:31:53.716][Master] Read ECG writelog
[2019-04-09T16:31:55.485][Master] Write ECG writelog: WriteLogItem(1554827515484,A,WriteOperation(z,+,1))
[2019-04-09T16:31:55.487][Master] Read ECG writelog
[2019-04-09T16:32:01.520][Master] Write ECG writelog: WriteLogItem(1554827521174,B,WriteOperation(x,+,1))
[2019-04-09T16:32:01.753][Master] Read ECG writelog
[2019-04-09T16:32:03.448][Master] Write ECG writelog: WriteLogItem(1554827523445,A,WriteOperation(x,+,1))
[2019-04-09T16:32:03.449][Master] Read ECG writelog
[2019-04-09T16:32:07.571][Master] Write ECG writelog: WriteLogItem(1554827527412,C,WriteOperation(y,+,1))
[2019-04-09T16:32:07.677][Master] Read ECG writelog
[2019-04-09T16:32:12.337][Master] Write ECG writelog: WriteLogItem(1554827532179,C,WriteOperation(z,+,1))
[2019-04-09T16:32:12.443][Master] Read ECG writelog
[2019-04-09T16:32:14.228][Master] Write ECG writelog: WriteLogItem(1554827534227,A,WriteOperation(z,+,1))
[2019-04-09T16:32:14.230][Master] Read ECG writelog
[2019-04-09T16:32:20.890][Master] Write ECG writelog: WriteLogItem(1554827540544,B,WriteOperation(z,+,1))
[2019-04-09T16:32:21.120][Master] Read ECG writelog
[2019-04-09T16:32:29.894][Master] Write ECG writelog: WriteLogItem(1554827549549,B,WriteOperation(z,+,1))
[2019-04-09T16:32:30.124][Master] Read ECG writelog
[2019-04-09T16:32:37.028][Master] Write ECG writelog: WriteLogItem(1554827556762,C,WriteOperation(y,+,1))
[2019-04-09T16:32:37.134][Master] Read ECG writelog
[2019-04-09T16:32:38.775][Master] Write ECG writelog: WriteLogItem(1554827558771,A,WriteOperation(y,+,1))
[2019-04-09T16:32:38.780][Master] Read ECG writelog
[2019-04-09T16:32:42.531][Master] Write ECG writelog: WriteLogItem(1554827562530,A,WriteOperation(y,+,1))
[2019-04-09T16:32:42.532][Master] Read ECG writelog
[2019-04-09T16:32:45.148][Master] Write ECG writelog: WriteLogItem(1554827565140,A,WriteOperation(z,+,1))
[2019-04-09T16:32:45.149][Master] Read ECG writelog
[2019-04-09T16:32:51.316][Master] Write ECG writelog: WriteLogItem(1554827570970,B,WriteOperation(z,+,1))
[2019-04-09T16:32:51.546][Master] Read ECG writelog
[2019-04-09T16:32:58.240][Master] Write ECG writelog: WriteLogItem(1554827578080,C,WriteOperation(z,+,1))
[2019-04-09T16:32:58.346][Master] Read ECG writelog
[2019-04-09T16:33:06.137][Master] Write ECG writelog: WriteLogItem(1554827585791,B,WriteOperation(z,+,1))
[2019-04-09T16:33:06.367][Master] Read ECG writelog
[2019-04-09T16:33:13.400][Master] Write ECG writelog: WriteLogItem(1554827593054,B,WriteOperation(z,+,1))
[2019-04-09T16:33:13.630][Master] Read ECG writelog
[2019-04-09T16:33:16.576][Master] Write ECG writelog: WriteLogItem(1554827596574,A,WriteOperation(y,+,1))
[2019-04-09T16:33:16.577][Master] Read ECG writelog
[2019-04-09T16:33:21.801][Master] Write ECG writelog: WriteLogItem(1554827601640,C,WriteOperation(x,+,1))
[2019-04-09T16:33:21.907][Master] Read ECG writelog
[2019-04-09T16:33:28.768][Master] Write ECG writelog: WriteLogItem(1554827608423,B,WriteOperation(z,+,1))
[2019-04-09T16:33:28.999][Master] Read ECG writelog
[2019-04-09T16:33:31.403][Master] Write ECG writelog: WriteLogItem(1554827611402,A,WriteOperation(z,+,1))
[2019-04-09T16:33:31.404][Master] Read ECG writelog
[2019-04-09T16:33:38.350][Master] Write ECG writelog: WriteLogItem(1554827618004,B,WriteOperation(z,+,1))
[2019-04-09T16:33:38.580][Master] Read ECG writelog
[2019-04-09T16:33:43.628][Master] Write ECG writelog: WriteLogItem(1554827623364,C,WriteOperation(z,+,1))
[2019-04-09T16:33:43.734][Master] Read ECG writelog
[2019-04-09T16:33:46.940][Master] Write ECG writelog: WriteLogItem(1554827626937,A,WriteOperation(y,+,1))
[2019-04-09T16:33:46.944][Master] Read ECG writelog
[2019-04-09T16:33:54.003][Master] Write ECG writelog: WriteLogItem(1554827633657,B,WriteOperation(z,+,1))
[2019-04-09T16:33:54.233][Master] Read ECG writelog
[2019-04-09T16:33:59.135][Master] Write ECG writelog: WriteLogItem(1554827638975,C,WriteOperation(z,+,1))
[2019-04-09T16:33:59.240][Master] Read ECG writelog
[2019-04-09T16:34:05.281][Master] Write ECG writelog: WriteLogItem(1554827645122,C,WriteOperation(y,+,1))
[2019-04-09T16:34:05.387][Master] Read ECG writelog
[2019-04-09T16:34:07.419][Master] Write ECG writelog: WriteLogItem(1554827647417,A,WriteOperation(x,+,1))
[2019-04-09T16:34:07.420][Master] Read ECG writelog
[2019-04-09T16:34:12.542][Master] Write ECG writelog: WriteLogItem(1554827652383,C,WriteOperation(z,+,1))
[2019-04-09T16:34:12.648][Master] Read ECG writelog
[2019-04-09T16:34:15.981][Master] Write ECG writelog: WriteLogItem(1554827655978,A,WriteOperation(x,+,1))
[2019-04-09T16:34:15.982][Master] Read ECG writelog
[2019-04-09T16:34:20.650][Master] Write ECG writelog: WriteLogItem(1554827660491,C,WriteOperation(y,+,1))
[2019-04-09T16:34:20.756][Master] Read ECG writelog
[2019-04-09T16:34:26.518][Master] Write ECG writelog: WriteLogItem(1554827666359,C,WriteOperation(z,+,1))
[2019-04-09T16:34:26.623][Master] Read ECG writelog
[2019-04-09T16:34:31.066][Master] Write ECG writelog: WriteLogItem(1554827671063,A,WriteOperation(y,+,1))
[2019-04-09T16:34:31.072][Master] Read ECG writelog
[2019-04-09T16:34:32.912][Master] Write ECG writelog: WriteLogItem(1554827672911,A,WriteOperation(x,+,1))
[2019-04-09T16:34:32.913][Master] Read ECG writelog
[2019-04-09T16:34:37.589][Master] Write ECG writelog: WriteLogItem(1554827677430,C,WriteOperation(x,+,1))
[2019-04-09T16:34:37.694][Master] Read ECG writelog
[2019-04-09T16:35:02.400][Master] Write ECG writelog: WriteLogItem(1554827701824,B,WriteOperation(z,+,1))
[2019-04-09T16:35:02.630][Master] Read ECG writelog
[2019-04-09T16:35:05.158][Master] Write ECG writelog: WriteLogItem(1554827705156,A,WriteOperation(z,+,1))
[2019-04-09T16:35:05.159][Master] Read ECG writelog
[2019-04-09T16:35:11.708][Master] Write ECG writelog: WriteLogItem(1554827711362,B,WriteOperation(y,+,1))
[2019-04-09T16:35:11.938][Master] Read ECG writelog
[2019-04-09T16:35:16.361][Master] Write ECG writelog: WriteLogItem(1554827716096,C,WriteOperation(y,+,1))
[2019-04-09T16:35:16.467][Master] Read ECG writelog
[2019-04-09T16:35:21.439][Master] Write ECG writelog: WriteLogItem(1554827721281,C,WriteOperation(z,+,1))
[2019-04-09T16:35:21.545][Master] Read ECG writelog
[2019-04-09T16:35:27.005][Master] Write ECG writelog: WriteLogItem(1554827726846,C,WriteOperation(y,+,1))
[2019-04-09T16:35:27.111][Master] Read ECG writelog
[2019-04-09T16:35:29.563][Master] Write ECG writelog: WriteLogItem(1554827729561,A,WriteOperation(y,+,1))
[2019-04-09T16:35:29.567][Master] Read ECG writelog
[2019-04-09T16:35:32.503][Master] Write ECG writelog: WriteLogItem(1554827732502,A,WriteOperation(z,+,1))
[2019-04-09T16:35:32.504][Master] Read ECG writelog
[2019-04-09T16:35:37.223][Master] Write ECG writelog: WriteLogItem(1554827737063,C,WriteOperation(z,+,1))
[2019-04-09T16:35:37.329][Master] Read ECG writelog
[2019-04-09T16:35:39.800][Master] Write ECG writelog: WriteLogItem(1554827739799,A,WriteOperation(y,+,1))
[2019-04-09T16:35:39.801][Master] Read ECG writelog
[2019-04-09T16:35:47.484][Master] Write ECG writelog: WriteLogItem(1554827746908,B,WriteOperation(y,+,1))
[2019-04-09T16:35:47.715][Master] Read ECG writelog
[2019-04-09T16:35:52.170][Master] Write ECG writelog: WriteLogItem(1554827752011,C,WriteOperation(y,+,1))
[2019-04-09T16:35:52.276][Master] Read ECG writelog
[2019-04-09T16:35:58.385][Master] Write ECG writelog: WriteLogItem(1554827758039,B,WriteOperation(x,+,1))
[2019-04-09T16:35:58.615][Master] Read ECG writelog
[2019-04-09T16:36:00.622][Master] Write ECG writelog: WriteLogItem(1554827760621,A,WriteOperation(z,+,1))
[2019-04-09T16:36:00.623][Master] Read ECG writelog
[2019-04-09T16:36:05.289][Master] Write ECG writelog: WriteLogItem(1554827765092,C,WriteOperation(z,+,1))
[2019-04-09T16:36:05.395][Master] Read ECG writelog
[2019-04-09T16:36:07.457][Master] Write ECG writelog: WriteLogItem(1554827767454,A,WriteOperation(y,+,1))
[2019-04-09T16:36:07.458][Master] Read ECG writelog
[2019-04-09T16:36:10.928][Master] Write ECG writelog: WriteLogItem(1554827770926,A,WriteOperation(x,+,1))
[2019-04-09T16:36:10.928][Master] Read ECG writelog
[2019-04-09T16:36:12.727][Master] Write ECG writelog: WriteLogItem(1554827772725,A,WriteOperation(z,+,1))
[2019-04-09T16:36:12.727][Master] Read ECG writelog
[2019-04-09T16:36:17.040][Master] Write ECG writelog: WriteLogItem(1554827776881,C,WriteOperation(y,+,1))
[2019-04-09T16:36:17.146][Master] Read ECG writelog
[2019-04-09T16:36:24.212][Master] Write ECG writelog: WriteLogItem(1554827783630,B,WriteOperation(x,+,1))
[2019-04-09T16:36:24.444][Master] Read ECG writelog
[2019-04-09T16:36:34.736][Master] Write ECG writelog: WriteLogItem(1554827794386,B,WriteOperation(y,+,1))
[2019-04-09T16:36:34.968][Master] Read ECG writelog
[2019-04-09T16:36:39.010][Master] Write ECG writelog: WriteLogItem(1554827799008,A,WriteOperation(x,+,1))
[2019-04-09T16:36:39.011][Master] Read ECG writelog
[2019-04-09T16:36:45.200][Master] Write ECG writelog: WriteLogItem(1554827804850,B,WriteOperation(z,+,1))
[2019-04-09T16:36:45.432][Master] Read ECG writelog
[2019-04-09T16:36:52.691][Master] Write ECG writelog: WriteLogItem(1554827812340,B,WriteOperation(z,+,1))
[2019-04-09T16:36:52.923][Master] Read ECG writelog
[2019-04-09T16:36:59.203][Master] Write ECG writelog: WriteLogItem(1554827818852,B,WriteOperation(y,+,1))
[2019-04-09T16:36:59.435][Master] Read ECG writelog
[2019-04-09T16:37:06.594][Master] Write ECG writelog: WriteLogItem(1554827826244,B,WriteOperation(z,+,1))
[2019-04-09T16:37:06.826][Master] Read ECG writelog
[2019-04-09T16:37:13.941][Master] Write ECG writelog: WriteLogItem(1554827833591,B,WriteOperation(z,+,1))
[2019-04-09T16:37:14.173][Master] Read ECG writelog
[2019-04-09T16:37:23.723][Master] Write ECG writelog: WriteLogItem(1554827843373,B,WriteOperation(y,+,1))
[2019-04-09T16:37:23.955][Master] Read ECG writelog
[2019-04-09T16:37:26.782][Master] Write ECG writelog: WriteLogItem(1554827846780,A,WriteOperation(x,+,1))
[2019-04-09T16:37:26.783][Master] Read ECG writelog
[2019-04-09T16:37:32.758][Master] Write ECG writelog: WriteLogItem(1554827852493,C,WriteOperation(y,+,1))
[2019-04-09T16:37:32.864][Master] Read ECG writelog
[2019-04-09T16:37:36.003][Master] Write ECG writelog: WriteLogItem(1554827856001,A,WriteOperation(x,+,1))
[2019-04-09T16:37:36.003][Master] Read ECG writelog
[2019-04-09T16:37:39.825][Master] Write ECG writelog: WriteLogItem(1554827859666,C,WriteOperation(y,+,1))
[2019-04-09T16:37:39.931][Master] Read ECG writelog
[2019-04-09T16:37:42.346][Master] Write ECG writelog: WriteLogItem(1554827862345,A,WriteOperation(x,+,1))
[2019-04-09T16:37:42.347][Master] Read ECG writelog
[2019-04-09T16:37:46.920][Master] Write ECG writelog: WriteLogItem(1554827866762,C,WriteOperation(y,+,1))
[2019-04-09T16:37:47.026][Master] Read ECG writelog
[2019-04-09T16:37:51.938][Master] Write ECG writelog: WriteLogItem(1554827871780,C,WriteOperation(y,+,1))
[2019-04-09T16:37:52.044][Master] Read ECG writelog
[2019-04-09T16:37:54.404][Master] Write ECG writelog: WriteLogItem(1554827874403,A,WriteOperation(x,+,1))
[2019-04-09T16:37:54.405][Master] Read ECG writelog
[2019-04-09T16:37:57.538][Master] Write ECG writelog: WriteLogItem(1554827877537,A,WriteOperation(z,+,1))
[2019-04-09T16:37:57.539][Master] Read ECG writelog
[2019-04-09T16:38:04.209][Master] Write ECG writelog: WriteLogItem(1554827883634,B,WriteOperation(z,+,1))
[2019-04-09T16:38:04.439][Master] Read ECG writelog
[2019-04-09T16:38:11.816][Master] Write ECG writelog: WriteLogItem(1554827891470,B,WriteOperation(y,+,1))
[2019-04-09T16:38:12.045][Master] Read ECG writelog
[2019-04-09T16:38:17.270][Master] Write ECG writelog: WriteLogItem(1554827897111,C,WriteOperation(y,+,1))
[2019-04-09T16:38:17.375][Master] Read ECG writelog
[2019-04-09T16:38:23.793][Master] Write ECG writelog: WriteLogItem(1554827903444,B,WriteOperation(y,+,1))
[2019-04-09T16:38:24.023][Master] Read ECG writelog
[2019-04-09T16:38:28.839][Master] Write ECG writelog: WriteLogItem(1554827908678,C,WriteOperation(x,+,1))
[2019-04-09T16:38:28.945][Master] Read ECG writelog
[2019-04-09T16:38:33.565][Master] Write ECG writelog: WriteLogItem(1554827913406,C,WriteOperation(z,+,1))
[2019-04-09T16:38:33.671][Master] Read ECG writelog
[2019-04-09T16:38:36.434][Master] Write ECG writelog: WriteLogItem(1554827916431,A,WriteOperation(x,+,1))
[2019-04-09T16:38:36.435][Master] Read ECG writelog
[2019-04-09T16:38:37.845][Master] Write ECG writelog: WriteLogItem(1554827917843,A,WriteOperation(y,+,1))
[2019-04-09T16:38:37.845][Master] Read ECG writelog
[2019-04-09T16:38:45.109][Master] Write ECG writelog: WriteLogItem(1554827924764,B,WriteOperation(x,+,1))
[2019-04-09T16:38:45.339][Master] Read ECG writelog
[2019-04-09T16:38:52.261][Master] Write ECG writelog: WriteLogItem(1554827931916,B,WriteOperation(x,+,1))
[2019-04-09T16:38:52.491][Master] Read ECG writelog
[2019-04-09T16:38:54.460][Master] Write ECG writelog: WriteLogItem(1554827934458,A,WriteOperation(y,+,1))
[2019-04-09T16:38:54.461][Master] Read ECG writelog
[2019-04-09T16:38:57.328][Master] Write ECG writelog: WriteLogItem(1554827937327,A,WriteOperation(y,+,1))
[2019-04-09T16:38:57.329][Master] Read ECG writelog
[2019-04-09T16:39:01.912][Master] Write ECG writelog: WriteLogItem(1554827941753,C,WriteOperation(y,+,1))
[2019-04-09T16:39:02.018][Master] Read ECG writelog
[2019-04-09T16:39:09.798][Master] Write ECG writelog: WriteLogItem(1554827949452,B,WriteOperation(x,+,1))
[2019-04-09T16:39:10.028][Master] Read ECG writelog
[2019-04-09T16:39:14.579][Master] Write ECG writelog: WriteLogItem(1554827954573,A,WriteOperation(z,+,1))
[2019-04-09T16:39:14.580][Master] Read ECG writelog
[2019-04-09T16:39:18.286][Master] Write ECG writelog: WriteLogItem(1554827958023,C,WriteOperation(y,+,1))
[2019-04-09T16:39:18.392][Master] Read ECG writelog
[2019-04-09T16:39:24.610][Master] Write ECG writelog: WriteLogItem(1554827964265,B,WriteOperation(x,+,1))
[2019-04-09T16:39:24.839][Master] Read ECG writelog
[2019-04-09T16:39:29.038][Master] Write ECG writelog: WriteLogItem(1554827968879,C,WriteOperation(z,+,1))
[2019-04-09T16:39:29.145][Master] Read ECG writelog
[2019-04-09T16:39:36.032][Master] Write ECG writelog: WriteLogItem(1554827975686,B,WriteOperation(y,+,1))
[2019-04-09T16:39:36.262][Master] Read ECG writelog
[2019-04-09T16:39:41.330][Master] Write ECG writelog: WriteLogItem(1554827981328,A,WriteOperation(z,+,1))
[2019-04-09T16:39:41.331][Master] Read ECG writelog
[2019-04-09T16:39:47.637][Master] Write ECG writelog: WriteLogItem(1554827987291,B,WriteOperation(z,+,1))
[2019-04-09T16:39:47.866][Master] Read ECG writelog
[2019-04-09T16:39:50.247][Master] Write ECG writelog: WriteLogItem(1554827990245,A,WriteOperation(x,+,1))
[2019-04-09T16:39:50.250][Master] Read ECG writelog
[2019-04-09T16:39:54.877][Master] Write ECG writelog: WriteLogItem(1554827994613,C,WriteOperation(y,+,1))
[2019-04-09T16:39:54.983][Master] Read ECG writelog
[2019-04-09T16:40:01.840][Master] Write ECG writelog: WriteLogItem(1554828001495,B,WriteOperation(x,+,1))
[2019-04-09T16:40:02.069][Master] Read ECG writelog
[2019-04-09T16:40:07.946][Master] Write ECG writelog: WriteLogItem(1554828007945,A,WriteOperation(x,+,1))
[2019-04-09T16:40:07.947][Master] Read ECG writelog
[2019-04-09T16:40:15.505][Master] Write ECG writelog: WriteLogItem(1554828015160,B,WriteOperation(z,+,1))
[2019-04-09T16:40:15.735][Master] Read ECG writelog
[2019-04-09T16:40:17.887][Master] Write ECG writelog: WriteLogItem(1554828017886,A,WriteOperation(x,+,1))
[2019-04-09T16:40:17.888][Master] Read ECG writelog
[2019-04-09T16:40:24.314][Master] Write ECG writelog: WriteLogItem(1554828023969,B,WriteOperation(y,+,1))
[2019-04-09T16:40:24.544][Master] Read ECG writelog
[2019-04-09T16:40:26.592][Master] Write ECG writelog: WriteLogItem(1554828026590,A,WriteOperation(z,+,1))
[2019-04-09T16:40:26.593][Master] Read ECG writelog
[2019-04-09T16:40:31.220][Master] Write ECG writelog: WriteLogItem(1554828030956,C,WriteOperation(x,+,1))
[2019-04-09T16:40:31.325][Master] Read ECG writelog
[2019-04-09T16:40:36.479][Master] Write ECG writelog: WriteLogItem(1554828036321,C,WriteOperation(x,+,1))
[2019-04-09T16:40:36.585][Master] Read ECG writelog
[2019-04-09T16:40:40.474][Master] Write ECG writelog: WriteLogItem(1554828040472,A,WriteOperation(z,+,1))
[2019-04-09T16:40:40.474][Master] Read ECG writelog
[2019-04-09T16:40:43.019][Master] Write ECG writelog: WriteLogItem(1554828043018,A,WriteOperation(x,+,1))
[2019-04-09T16:40:43.020][Master] Read ECG writelog
[2019-04-09T16:40:49.993][Master] Write ECG writelog: WriteLogItem(1554828049411,B,WriteOperation(z,+,1))
[2019-04-09T16:40:50.225][Master] Read ECG writelog
[2019-04-09T16:40:58.094][Master] Write ECG writelog: WriteLogItem(1554828057934,C,WriteOperation(x,+,1))
[2019-04-09T16:40:58.199][Master] Read ECG writelog
[2019-04-09T16:41:00.312][Master] Write ECG writelog: WriteLogItem(1554828060310,A,WriteOperation(y,+,1))
[2019-04-09T16:41:00.313][Master] Read ECG writelog
[2019-04-09T16:41:02.457][Master] Write ECG writelog: WriteLogItem(1554828062456,A,WriteOperation(y,+,1))
[2019-04-09T16:41:02.458][Master] Read ECG writelog
[2019-04-09T16:41:06.586][Master] Write ECG writelog: WriteLogItem(1554828066427,C,WriteOperation(x,+,1))
[2019-04-09T16:41:06.692][Master] Read ECG writelog
/home/sven/.sdkman/candidates/scala/current/bin/scala: line 21:  7363 Killed                  "$@"
